----------------------------------------
Timestamp: 02/02/2022 20:55:38
Message: La référence d'objet n'est pas définie à une instance d'un objet.
Category: Exception
Priority: 1
EventId: 1
Severity: Information
Title:
Machine: DESKTOP-01CRVTM
Application Domain: a75608c5-f738-418c-bc46-9667c34b3412
Process Id: 1928
Process Name: C:\Program Files\Mastercam 2020\Mastercam\Mastercam.exe
Win32 Thread Id: 15468
Thread Name: 
Extended Properties: 
----------------------------------------
----------------------------------------
Timestamp: 07/02/2022 22:03:50
Message: La référence d'objet n'est pas définie à une instance d'un objet.
Category: Exception
Priority: 1
EventId: 1
Severity: Information
Title:
Machine: DESKTOP-01CRVTM
Application Domain: abb834f2-c6b5-48a2-a437-d5923099ce00
Process Id: 20304
Process Name: C:\Program Files\Mastercam 2020\Mastercam\Mastercam.exe
Win32 Thread Id: 2320
Thread Name: 
Extended Properties: 
----------------------------------------
----------------------------------------
Timestamp: 08/02/2022 23:24:03
Message: La référence d'objet n'est pas définie à une instance d'un objet.
Category: Exception
Priority: 1
EventId: 1
Severity: Information
Title:
Machine: DESKTOP-01CRVTM
Application Domain: 7af72d4a-d439-4a79-b32f-4ba1641359e5
Process Id: 23788
Process Name: C:\Program Files\Mastercam 2020\Mastercam\Mastercam.exe
Win32 Thread Id: 21804
Thread Name: 
Extended Properties: 
----------------------------------------
----------------------------------------
Timestamp: 08/02/2022 23:24:06
Message: La référence d'objet n'est pas définie à une instance d'un objet.
Category: Exception
Priority: 1
EventId: 1
Severity: Information
Title:
Machine: DESKTOP-01CRVTM
Application Domain: d1c461d4-efca-4222-90db-c8ceac3496de
Process Id: 18596
Process Name: C:\Program Files\Mastercam 2020\Mastercam\Mastercam.exe
Win32 Thread Id: 13288
Thread Name: 
Extended Properties: 
----------------------------------------
----------------------------------------
Timestamp: 09/02/2022 12:54:30
Message: La référence d'objet n'est pas définie à une instance d'un objet.
Category: Exception
Priority: 1
EventId: 1
Severity: Information
Title:
Machine: DESKTOP-01CRVTM
Application Domain: 9dadd46f-da78-4e30-828d-4e10bf5bc0eb
Process Id: 20364
Process Name: C:\Program Files\Mastercam 2020\Mastercam\Mastercam.exe
Win32 Thread Id: 9656
Thread Name: 
Extended Properties: 
----------------------------------------
----------------------------------------
Timestamp: 10/02/2022 17:28:56
Message: La référence d'objet n'est pas définie à une instance d'un objet.
Category: Exception
Priority: 1
EventId: 1
Severity: Information
Title:
Machine: DESKTOP-01CRVTM
Application Domain: 5297da84-456b-4ee5-8268-9a47fe27178a
Process Id: 17404
Process Name: C:\Program Files\Mastercam 2020\Mastercam\Mastercam.exe
Win32 Thread Id: 22448
Thread Name: 
Extended Properties: 
----------------------------------------
----------------------------------------
Timestamp: 10/02/2022 21:37:37
Message: La référence d'objet n'est pas définie à une instance d'un objet.
Category: Exception
Priority: 1
EventId: 1
Severity: Information
Title:
Machine: DESKTOP-01CRVTM
Application Domain: 1ccfa5af-026f-4bb0-9c73-2d76917b57e0
Process Id: 11436
Process Name: C:\Program Files\Mastercam 2020\Mastercam\Mastercam.exe
Win32 Thread Id: 1444
Thread Name: 
Extended Properties: 
----------------------------------------
----------------------------------------
Timestamp: 15/03/2022 11:23:50
Message: La référence d'objet n'est pas définie à une instance d'un objet.
Category: Exception
Priority: 1
EventId: 1
Severity: Information
Title:
Machine: DESKTOP-01CRVTM
Application Domain: 0138aa65-292d-4999-80bc-35a731077a53
Process Id: 4628
Process Name: C:\Program Files\Mastercam 2020\Mastercam\Mastercam.exe
Win32 Thread Id: 12064
Thread Name: 
Extended Properties: 
----------------------------------------
----------------------------------------
Timestamp: 15/03/2022 11:30:10
Message: La référence d'objet n'est pas définie à une instance d'un objet.
Category: Exception
Priority: 1
EventId: 1
Severity: Information
Title:
Machine: DESKTOP-01CRVTM
Application Domain: c8f56688-f1ee-4a85-ae24-3f8af899d702
Process Id: 1464
Process Name: C:\Program Files\Mastercam 2020\Mastercam\Mastercam.exe
Win32 Thread Id: 13436
Thread Name: 
Extended Properties: 
----------------------------------------
----------------------------------------
Timestamp: 23/03/2022 12:20:48
Message: La référence d'objet n'est pas définie à une instance d'un objet.
Category: Exception
Priority: 1
EventId: 1
Severity: Information
Title:
Machine: DESKTOP-01CRVTM
Application Domain: 95aaf0da-3199-4b6d-b680-ff83d1d9a7d2
Process Id: 17176
Process Name: C:\Program Files\Mastercam 2020\Mastercam\Mastercam.exe
Win32 Thread Id: 9608
Thread Name: 
Extended Properties: 
----------------------------------------
----------------------------------------
Timestamp: 04/05/2022 08:02:26
Message: La référence d'objet n'est pas définie à une instance d'un objet.
Category: Exception
Priority: 1
EventId: 1
Severity: Information
Title:
Machine: DESKTOP-01CRVTM
Application Domain: db8972d3-b5c1-4f88-b7ab-109e081514a5
Process Id: 13352
Process Name: C:\Program Files\Mastercam 2020\Mastercam\Mastercam.exe
Win32 Thread Id: 13100
Thread Name: 
Extended Properties: 
----------------------------------------
----------------------------------------
Timestamp: 25/05/2022 10:05:26
Message: La référence d'objet n'est pas définie à une instance d'un objet.
Category: Exception
Priority: 1
EventId: 1
Severity: Information
Title:
Machine: DESKTOP-01CRVTM
Application Domain: 8b4b588c-0f4a-4e80-83c8-5594059cad03
Process Id: 7412
Process Name: C:\Program Files\Mastercam 2020\Mastercam\Mastercam.exe
Win32 Thread Id: 18596
Thread Name: 
Extended Properties: 
----------------------------------------
----------------------------------------
Timestamp: 31/05/2022 15:44:51
Message: System.ObjectDisposedException: L'instance ObjectContext a été supprimée et ne peut plus être utilisée pour les opérations qui requièrent une connexion.
   à System.Data.Objects.ObjectContext.ReleaseConnection()
   à System.Data.Objects.ObjectQuery`1.GetResults(Nullable`1 forMergeOption)
   à System.Data.Objects.ObjectQuery`1.System.Collections.Generic.IEnumerable<T>.GetEnumerator()
   à System.Collections.Generic.List`1.InsertRange(Int32 index, IEnumerable`1 collection)
   à ToolManager.Database.Services.DatabaseConnectionManagement.ReadableDatabaseConnection.<>c__DisplayClass1_0.<GetTools>b__0(IDatabaseContext context)
   à ToolManager.Database.Services.DatabaseConnectionManagement.DatabaseConnectionBase.ExecuteDatabaseAction(Action`1 databaseAction, DatabaseErrorCategory category, Int32 errorCodeBase, Boolean reload)
   à ToolManager.Database.Services.DatabaseConnectionManagement.ReadableDatabaseConnection.GetTools(Boolean reload)
   à ToolManager.Database.Services.ToolDatabase.GetTools(Boolean reload, Boolean inThread)
   à ToolManager.Database.Services.ToolDatabase.LoadDocuments(Boolean reload)
   à ToolManager.Database.Services.ToolDatabase.LoadDatabase()
   à System.Threading.ExecutionContext.RunInternal(ExecutionContext executionContext, ContextCallback callback, Object state, Boolean preserveSyncCtx)
   à System.Threading.ExecutionContext.Run(ExecutionContext executionContext, ContextCallback callback, Object state, Boolean preserveSyncCtx)
   à System.Threading.ExecutionContext.Run(ExecutionContext executionContext, ContextCallback callback, Object state)
   à System.Threading.ThreadHelper.ThreadStart()
Category: Exception
Priority: 1
EventId: 1
Severity: Information
Title:
Machine: DESKTOP-01CRVTM
Application Domain: ToolManager.exe
Process Id: 16288
Process Name: C:\Program Files\Mastercam 2022\Mastercam\Extensions\ToolManager.exe
Win32 Thread Id: 9840
Thread Name: ToolDB Load
Extended Properties: 
----------------------------------------
