I> [01/02/2011 05:47:38] Port activé avec succès.
I> [01/02/2011 13:18:52] Appel depuis la CN de: 11270-01-01
I> [01/02/2011 13:18:57] Le programme appelé depuis la CN est trouvé: C:\machines\T32 Bis\Programmes\LA CALHENE\11270-01-01.MZK
I> [01/02/2011 13:18:57] Programmes dans les fichiers demandés: Programme 1004 (11270-01-01), Programme 1005 (11270-01-01)
I> [01/02/2011 13:19:13] Appel depuis la CN de: 11270-01-01
I> [01/02/2011 13:19:18] Le programme appelé depuis la CN est trouvé: C:\machines\T32 Bis\Programmes\LA CALHENE\11270-01-01.MZK
I> [01/02/2011 13:19:18] Programmes dans les fichiers demandés: Programme 1004 (11270-01-01), Programme 1005 (11270-01-01)
I> [01/02/2011 13:19:24] Emission de programme: Programme 1004 (11270-01-01)
I> [01/02/2011 13:21:01] Emission de programme: Programme 1005 (11270-01-01)
I> [01/02/2011 14:35:01] Appel depuis la CN de: 012007152B
I> [01/02/2011 14:35:06] Le programme appelé depuis la CN est trouvé: C:\machines\T32 Bis\Programmes\ERCA FORMSEAL\012007152B.MZK
I> [01/02/2011 14:35:06] Programmes dans les fichiers demandés: Programme 402 (012007152B), Programme 403 (012007152B), Programme 404 (012007152B)
I> [01/02/2011 14:35:28] Emission de programme: Programme 402 (012007152B)
I> [01/02/2011 14:36:17] Emission de programme: Programme 402 (012007152B)
I> [01/02/2011 14:36:36] Emission de programme: Programme 403 (012007152B)
I> [01/02/2011 14:36:51] Emission de programme: Programme 404 (012007152B)
I> [01/02/2011 15:31:19] Appel depuis la CN de: 012007150A
I> [01/02/2011 15:31:26] Le programme appelé depuis la CN est trouvé: C:\machines\T32 Bis\Programmes\012007150A.MZK
I> [01/02/2011 15:31:27] Programmes dans les fichiers demandés: Programme 4801 (012007150A), Programme 4802 (012007150A), Programme 4803 (012007150A)
I> [01/02/2011 15:31:32] Emission de programme: Programme 4801 (012007150A)
I> [01/02/2011 15:32:00] Emission de programme: Programme 4802 (012007150A)
E> [01/02/2011 15:35:37] Transmission avortée. [Délai de réponse dépassé, interruption de la transmission]
I> [01/02/2011 20:19:58] Appel depuis la CN de: 012007150A
I> [01/02/2011 20:20:03] Le programme appelé depuis la CN est trouvé: C:\machines\T32 Bis\Programmes\012007150A.MZK
I> [01/02/2011 20:20:03] Programmes dans les fichiers demandés: Programme 4801 (012007150A), Programme 4802 (012007150A), Programme 4803 (012007150A)
I> [01/02/2011 20:20:14] Emission de programme: Programme 4802 (012007150A)
I> [01/02/2011 20:20:36] Emission de programme: Programme 4803 (012007150A)
