I> [01/04/2011 05:30:52] Port activé avec succès.
I> [01/04/2011 10:08:42] Réception: programme 1062 (3972949-3B)
I> [01/04/2011 10:09:13] Réception: programme 1063 (3972949-3B)
I> [01/04/2011 10:09:29] Réception: programme 1064 (3972949-3B)
I> [01/04/2011 10:09:39] Fichier reçu: C:\machines\T32 Bis\Programmes\3972949-3B.MZK
I> [01/04/2011 10:09:39] Programmes dans les fichiers demandés: Programme 1062 (3972949-3B), Programme 1063 (3972949-3B), Programme 1064 (3972949-3B)
I> [01/04/2011 10:29:54] Appel depuis la CN de: 3980148E
I> [01/04/2011 10:29:59] Le programme appelé depuis la CN est trouvé: C:\machines\T32 Bis\Programmes\3980148E.MZK
I> [01/04/2011 10:29:59] Programmes dans les fichiers demandés: Programme 5071 (3980148E), Programme 5072 (3980148E)
I> [01/04/2011 10:30:07] Emission de programme: Programme 5071 (3980148E)
I> [01/04/2011 10:30:27] Emission de programme: Programme 5072 (3980148E)
I> [01/04/2011 10:37:29] Appel depuis la CN de: 3980148E
I> [01/04/2011 10:37:33] Le programme appelé depuis la CN est trouvé: C:\machines\T32 Bis\Programmes\3980148E.MZK
I> [01/04/2011 10:37:33] Programmes dans les fichiers demandés: Programme 10, Données d'outil, Programme 22, Données d'outil, Programme 22, Données d'outil
I> [01/04/2011 10:38:56] Emission de programme: Programme 10
I> [01/04/2011 10:38:58] Emission de programme: Données d'outil
I> [01/04/2011 10:38:59] Emission de programme: Programme 22
I> [01/04/2011 10:39:04] Emission de programme: Données d'outil
I> [01/04/2011 10:39:06] Emission de programme: Programme 22
I> [01/04/2011 10:39:10] Emission de programme: Données d'outil
I> [01/04/2011 14:18:09] Appel depuis la CN de: A-4801947B
I> [01/04/2011 14:18:14] Le programme appelé depuis la CN est trouvé: C:\machines\T32 Bis\Programmes\A-4801947B.MZK
I> [01/04/2011 14:18:14] Programmes dans les fichiers demandés: Programme 31, Données d'outil, Programme 28, Données d'outil
I> [01/04/2011 14:20:12] Emission de programme: Programme 31
I> [01/04/2011 14:20:19] Emission de programme: Données d'outil
I> [01/04/2011 14:20:20] Emission de programme: Programme 28
I> [01/04/2011 14:20:26] Emission de programme: Données d'outil
I> [01/04/2011 15:09:07] Appel depuis la CN de: A-4801944
I> [01/04/2011 15:09:11] Le programme appelé depuis la CN est trouvé: C:\machines\T32 Bis\Programmes\A-4801944.MZK
I> [01/04/2011 15:09:11] Programmes dans les fichiers demandés: Programme 41, Données d'outil, Programme 30, Données d'outil
I> [01/04/2011 15:09:28] Emission de programme: Programme 30
I> [01/04/2011 15:09:35] Emission de programme: Données d'outil
