I> [01/02/2010 07:34:03] Port activé avec succès.
I> [01/02/2010 11:36:09] Réception: programme 771 (149510310)
I> [01/02/2010 11:36:37] Réception: programme 772 (149510310)
I> [01/02/2010 11:37:12] Fichier reçu: C:\machines\T32 Bis\Programmes\149510310.MZK
I> [01/02/2010 11:37:12] Programmes dans les fichiers demandés: Programme 771 (149510310), Programme 772 (149510310)
I> [01/02/2010 12:06:50] Appel depuis la CN de: 151312-06
I> [01/02/2010 12:06:55] Le programme appelé depuis la CN est trouvé: C:\machines\T32 Bis\Programmes\ARO\151312-06.MZK
I> [01/02/2010 12:06:55] Programmes dans les fichiers demandés: Programme 766 (151312-06)
I> [01/02/2010 12:07:01] Emission de programme: Programme 766 (151312-06)
I> [01/02/2010 15:17:24] Appel depuis la CN de: 30105510101
I> [01/02/2010 15:17:29] Le programme appelé depuis la CN est trouvé: C:\machines\T32 Bis\Programmes\LA CALHENE\30105510101.MZK
I> [01/02/2010 15:17:29] Programmes dans les fichiers demandés: Programme 577 (30105510101), Programme 578 (30105510101), Programme 579 (30105510101), Programme 580 (30105510101)
I> [01/02/2010 15:17:38] Emission de programme: Programme 577 (30105510101)
I> [01/02/2010 15:17:54] Emission de programme: Programme 578 (30105510101)
I> [01/02/2010 15:18:14] Emission de programme: Programme 579 (30105510101)
I> [01/02/2010 15:18:34] Emission de programme: Programme 580 (30105510101)
I> [01/02/2010 15:21:27] Appel depuis la CN de: 30105510101
I> [01/02/2010 15:21:32] Le programme appelé depuis la CN est trouvé: C:\machines\T32 Bis\Programmes\30105510101.MZK
I> [01/02/2010 15:21:32] Programmes dans les fichiers demandés: Programme 4773 (30105510101), Programme 4774 (30105510101), Programme 4775 (30105510101), Programme 4776 (30105510101)
I> [01/02/2010 15:21:42] Emission de programme: Programme 4773 (30105510101)
I> [01/02/2010 15:21:58] Emission de programme: Programme 4774 (30105510101)
I> [01/02/2010 15:22:18] Emission de programme: Programme 4775 (30105510101)
I> [01/02/2010 15:22:38] Emission de programme: Programme 4776 (30105510101)
