I> [01/07/2015 05:00:51] Port activé avec succès.
I> [01/07/2015 09:36:15] Appel depuis la CN de: 60500101N
I> [01/07/2015 09:36:19] Le programme appelé depuis la CN est trouvé: C:\machines\T32 Bis\Programmes\LA CALHENE\60500101N.MZK
I> [01/07/2015 09:36:19] Programmes dans les fichiers demandés: Programme 1023 (60500101N), Programme 1024 (60500101N), Programme 1026 (60500101N), Programme 1028 (60500101N)
I> [01/07/2015 09:36:44] Emission de programme: Programme 1026 (60500101N)
I> [01/07/2015 09:36:54] Emission de programme: Programme 1028 (60500101N)
I> [01/07/2015 12:31:09] Emission de programme: Programme 1026 (60500101N)
I> [01/07/2015 12:31:20] Emission de programme: Programme 1028 (60500101N)
I> [01/07/2015 12:32:22] Appel depuis la CN de: 11190801J
E> [01/07/2015 12:32:26] N'a pu trouver le programme appelé depuis la CN: 11190801J.MZK [Premier répertoire recherché : C:\machines\T32 Bis\Programmes]
E> [01/07/2015 12:32:32] N'a pu émettre le fichier. [Previous remote request failed.]
I> [01/07/2015 12:32:48] Appel depuis la CN de: 11190801J
E> [01/07/2015 12:32:53] N'a pu trouver le programme appelé depuis la CN: 11190801J.MZK [Premier répertoire recherché : C:\machines\T32 Bis\Programmes]
E> [01/07/2015 12:32:53] N'a pu émettre le fichier. [Previous remote request failed.]
I> [01/07/2015 12:34:17] Appel depuis la CN de: 11190081J
E> [01/07/2015 12:34:22] N'a pu trouver le programme appelé depuis la CN: 11190081J.MZK [Premier répertoire recherché : C:\machines\T32 Bis\Programmes]
E> [01/07/2015 12:34:23] N'a pu émettre le fichier. [Previous remote request failed.]
I> [01/07/2015 12:35:06] Appel depuis la CN de: 111900801J
I> [01/07/2015 12:35:11] Le programme appelé depuis la CN est trouvé: C:\machines\T32 Bis\Programmes\LA CALHENE\111900801J.MZK
I> [01/07/2015 12:35:11] Programmes dans les fichiers demandés: Programme 1450 (111900801J), Programme 1451 (111900801J), Programme 1452 (111900801J), Programme 1379 (111900801J)
I> [01/07/2015 12:38:30] Emission de programme: Programme 1450 (111900801J)
I> [01/07/2015 12:38:52] Emission de programme: Programme 1451 (111900801J)
I> [01/07/2015 12:41:42] Emission de programme: Programme 1451 (111900801J)
I> [01/07/2015 12:42:11] Emission de programme: Programme 1452 (111900801J)
I> [01/07/2015 13:08:09] Appel depuis la CN de: 4340-02-09
I> [01/07/2015 13:08:24] Appel depuis la CN de: 4340-02-09
I> [01/07/2015 13:08:31] Le programme appelé depuis la CN est trouvé: C:\machines\T32 Bis\Programmes\LA CALHENE\4340-02-09.MZK
I> [01/07/2015 13:08:31] Programmes dans les fichiers demandés: Programme 998 (4340-02-09), Programme 999 (4340-02-09), Programme 1537 (4340-02-09)
I> [01/07/2015 13:08:39] Emission de programme: Programme 998 (4340-02-09)
I> [01/07/2015 13:10:06] Réception: programme 998 (4340-02-09)
I> [01/07/2015 13:11:11] Réception: programme 999 (4340-02-09)
I> [01/07/2015 13:11:23] Réception: programme 1537 (4340-02-09)
I> [01/07/2015 13:11:46] Fichier reçu: C:\machines\T32 Bis\Programmes\4340-02-09.MZK
I> [01/07/2015 13:11:46] Programmes dans les fichiers demandés: Programme 998 (4340-02-09), Programme 999 (4340-02-09), Programme 1537 (4340-02-09)
I> [01/07/2015 13:13:37] Appel depuis la CN de: 112705501
I> [01/07/2015 13:13:42] Le programme appelé depuis la CN est trouvé: C:\machines\T32 Bis\Programmes\LA CALHENE\112705501.MZK
I> [01/07/2015 13:13:42] Programmes dans les fichiers demandés: Programme 1534 (112705501), Programme 1439 (112705501), Programme 1440 (112705501), Programme 1441 (112705501)
I> [01/07/2015 13:13:58] Emission de programme: Programme 1440 (112705501)
I> [01/07/2015 13:14:21] Emission de programme: Programme 1441 (112705501)
I> [01/07/2015 13:15:44] Réception: programme 1534 (112705501)
I> [01/07/2015 13:17:03] Réception: programme 1439 (112705501)
I> [01/07/2015 13:17:16] Réception: programme 1440 (112705501)
I> [01/07/2015 13:17:39] Réception: programme 1441 (112705501)
I> [01/07/2015 13:18:11] Fichier reçu: C:\machines\T32 Bis\Programmes\112705501.MZK
I> [01/07/2015 13:18:11] Programmes dans les fichiers demandés: Programme 1534 (112705501), Programme 1439 (112705501), Programme 1440 (112705501), Programme 1441 (112705501)
I> [01/07/2015 13:19:55] Appel depuis la CN de: 111900801J
I> [01/07/2015 13:19:59] Le programme appelé depuis la CN est trouvé: C:\machines\T32 Bis\Programmes\LA CALHENE\111900801J.MZK
I> [01/07/2015 13:19:59] Programmes dans les fichiers demandés: Programme 1450 (111900801J), Programme 1451 (111900801J), Programme 1452 (111900801J), Programme 1379 (111900801J)
I> [01/07/2015 13:20:07] Emission de programme: Programme 1450 (111900801J)
I> [01/07/2015 13:20:30] Emission de programme: Programme 1451 (111900801J)
I> [01/07/2015 13:21:00] Emission de programme: Programme 1452 (111900801J)
I> [01/07/2015 13:21:14] Emission de programme: Programme 1379 (111900801J)
I> [01/07/2015 20:13:10] Emission de programme: Programme 1450 (111900801J)
I> [01/07/2015 20:13:33] Emission de programme: Programme 1451 (111900801J)
I> [01/07/2015 20:14:03] Emission de programme: Programme 1452 (111900801J)
I> [01/07/2015 20:14:17] Emission de programme: Programme 1379 (111900801J)
I> [01/07/2015 20:21:33] Réception: programme 1450 (111900801J)
I> [01/07/2015 20:21:56] Réception: programme 1451 (111900801J)
I> [01/07/2015 20:22:26] Réception: programme 1452 (111900801J)
I> [01/07/2015 20:22:40] Réception: programme 1379 (111900801J)
I> [01/07/2015 20:23:02] Fichier reçu: C:\machines\T32 Bis\Programmes\111900801J.MZK
I> [01/07/2015 20:23:02] Programmes dans les fichiers demandés: Programme 1450 (111900801J), Programme 1451 (111900801J), Programme 1452 (111900801J), Programme 1379 (111900801J)
