I> [01/03/2012 05:01:28] Port activé avec succès.
I> [01/03/2012 06:34:04] Appel depuis la CN de: 43000042203
I> [01/03/2012 06:34:09] Le programme appelé depuis la CN est trouvé: C:\machines\T32 Bis\Programmes\ERCA FORMSEAL\43000042203.MZK
I> [01/03/2012 06:34:09] Programmes dans les fichiers demandés: Programme 724 (43000042203), Programme 725 (43000042203), Programme 730 (43000042203), Programme 731 (43000042203), Programme 735 (43000042203), Programme 736 (43000042203), Programme 737 (43000042203)
I> [01/03/2012 06:34:45] Emission de programme: Programme 724 (43000042203)
I> [01/03/2012 06:34:56] Emission de programme: Programme 725 (43000042203)
I> [01/03/2012 06:35:10] Emission de programme: Programme 730 (43000042203)
I> [01/03/2012 06:35:19] Emission de programme: Programme 731 (43000042203)
E> [01/03/2012 06:39:01] Transmission avortée. [Délai de réponse dépassé, interruption de la transmission]
I> [01/03/2012 06:40:29] Emission de programme: Programme 731 (43000042203)
I> [01/03/2012 06:40:42] Emission de programme: Programme 735 (43000042203)
I> [01/03/2012 06:40:55] Emission de programme: Programme 736 (43000042203)
I> [01/03/2012 06:41:05] Emission de programme: Programme 737 (43000042203)
I> [01/03/2012 14:05:40] Appel depuis la CN de: 43000041006
I> [01/03/2012 14:05:58] Appel depuis la CN de: 43000041006
I> [01/03/2012 14:06:03] Le programme appelé depuis la CN est trouvé: C:\machines\T32 Bis\Programmes\ERCA FORMSEAL\43000041006.MZK
I> [01/03/2012 14:06:03] Programmes dans les fichiers demandés: Programme 726 (43000041006), Programme 727 (43000041006), Programme 728 (43000041006), Programme 729 (43000041006), Programme 732 (43000041006), Programme 733 (43000041006), Programme 734 (43000041006)
I> [01/03/2012 14:06:16] Emission de programme: Programme 726 (43000041006)
I> [01/03/2012 14:06:26] Emission de programme: Programme 727 (43000041006)
I> [01/03/2012 14:06:39] Emission de programme: Programme 728 (43000041006)
I> [01/03/2012 14:06:48] Emission de programme: Programme 729 (43000041006)
I> [01/03/2012 14:07:00] Emission de programme: Programme 732 (43000041006)
I> [01/03/2012 14:07:13] Emission de programme: Programme 733 (43000041006)
I> [01/03/2012 14:07:24] Emission de programme: Programme 734 (43000041006)
