I> [01/03/2016 04:55:21] Port activé avec succès.
I> [01/03/2016 05:19:31] Appel depuis la CN de: 4985225C
I> [01/03/2016 05:19:36] Le programme appelé depuis la CN est trouvé: C:\machines\T32 Bis\Programmes\4985225C.MZK
I> [01/03/2016 05:19:36] Programmes dans les fichiers demandés: Programme 1261 (4985225C), Programme 1262 (4985225C), Programme 1274 (4985225C)
I> [01/03/2016 05:19:45] Emission de programme: Programme 1261 (4985225C)
I> [01/03/2016 05:20:07] Emission de programme: Programme 1262 (4985225C)
I> [01/03/2016 05:20:32] Emission de programme: Programme 1274 (4985225C)
I> [01/03/2016 12:25:19] Appel depuis la CN de: 3980198D
I> [01/03/2016 12:25:24] Le programme appelé depuis la CN est trouvé: C:\machines\T32 Bis\Programmes\3980198D.MZK
I> [01/03/2016 12:25:24] Programmes dans les fichiers demandés: Programme 18, Données d'outil, Programme 17, Données d'outil, Programme 19, Données d'outil, Programme 32, Données d'outil
I> [01/03/2016 12:25:33] Emission de programme: Programme 18
I> [01/03/2016 12:25:37] Emission de programme: Données d'outil
I> [01/03/2016 12:25:38] Emission de programme: Programme 17
I> [01/03/2016 12:25:43] Emission de programme: Données d'outil
I> [01/03/2016 12:25:44] Emission de programme: Programme 19
I> [01/03/2016 12:25:48] Emission de programme: Données d'outil
I> [01/03/2016 12:25:49] Emission de programme: Programme 32
I> [01/03/2016 12:25:56] Emission de programme: Données d'outil
I> [01/03/2016 15:36:41] Appel depuis la CN de: 11190081J
E> [01/03/2016 15:36:46] N'a pu trouver le programme appelé depuis la CN: 11190081J.MZK [Premier répertoire recherché : C:\machines\T32 Bis\Programmes]
E> [01/03/2016 15:36:49] N'a pu émettre le fichier. [Previous remote request failed.]
I> [01/03/2016 15:38:20] Appel depuis la CN de: 111900801J
E> [01/03/2016 15:38:25] N'a pu émettre le fichier. [Previous remote request failed.]
I> [01/03/2016 15:38:25] Le programme appelé depuis la CN est trouvé: C:\machines\T32 Bis\Programmes\LA CALHENE\111900801J.MZK
I> [01/03/2016 15:38:25] Programmes dans les fichiers demandés: Programme 1450 (111900801J), Programme 1451 (111900801J), Programme 1452 (111900801J), Programme 1379 (111900801J)
I> [01/03/2016 15:38:33] Emission de programme: Programme 1450 (111900801J)
I> [01/03/2016 15:38:55] Emission de programme: Programme 1451 (111900801J)
I> [01/03/2016 15:39:25] Emission de programme: Programme 1452 (111900801J)
I> [01/03/2016 15:39:39] Emission de programme: Programme 1379 (111900801J)
I> [01/03/2016 15:41:40] Appel depuis la CN de: 111901601G
I> [01/03/2016 15:41:45] Le programme appelé depuis la CN est trouvé: C:\machines\T32 Bis\Programmes\LA CALHENE\111901601G.MZK
I> [01/03/2016 15:41:45] Programmes dans les fichiers demandés: Programme 469 (111901601G), Programme 470 (111901601G), Programme 471 (111901601G), Programme 472 (111901601G)
I> [01/03/2016 15:42:00] Emission de programme: Programme 469 (111901601G)
I> [01/03/2016 15:42:15] Emission de programme: Programme 470 (111901601G)
I> [01/03/2016 15:42:20] Emission de programme: Programme 471 (111901601G)
I> [01/03/2016 15:42:35] Emission de programme: Programme 472 (111901601G)
I> [01/03/2016 15:46:42] Appel depuis la CN de: 11190 16 01
I> [01/03/2016 15:46:47] Le programme appelé depuis la CN est trouvé: C:\machines\T32 Bis\Programmes\LA CALHENE\11190 16 01.MZK
I> [01/03/2016 15:46:47] Programmes dans les fichiers demandés: Programme 1211 (11190 16 01), Programme 988 (11190 16 01), Programme 989 (11190 16 01), Programme 990 (11190 16 01), Programme 991 (11190 16 01)
I> [01/03/2016 15:46:59] Emission de programme: Programme 1211 (11190 16 01)
I> [01/03/2016 15:47:22] Emission de programme: Programme 988 (11190 16 01)
I> [01/03/2016 15:47:51] Emission de programme: Programme 989 (11190 16 01)
I> [01/03/2016 15:48:05] Emission de programme: Programme 990 (11190 16 01)
I> [01/03/2016 15:48:23] Emission de programme: Programme 991 (11190 16 01)
I> [01/03/2016 15:51:13] Emission de programme: Programme 991 (11190 16 01)
