I> [01/07/2011 05:15:03] Port activé avec succès.
I> [01/07/2011 08:50:52] Réception: programme 1115 (1148246901B)
I> [01/07/2011 08:51:03] Réception: programme 1116 (1148246901B)
I> [01/07/2011 08:51:15] Réception: programme 1119 (1148246901B)
I> [01/07/2011 08:51:24] Fichier reçu: C:\machines\T32 Bis\Programmes\1148246901B.MZK
I> [01/07/2011 08:51:24] Programmes dans les fichiers demandés: Programme 1115 (1148246901B), Programme 1116 (1148246901B), Programme 1119 (1148246901B)
I> [01/07/2011 08:54:00] Appel depuis la CN de: 1126805205A
I> [01/07/2011 08:54:05] Le programme appelé depuis la CN est trouvé: C:\machines\T32 Bis\Programmes\1126805205A.MZK
I> [01/07/2011 08:54:05] Programmes dans les fichiers demandés: Programme 11, Données d'outil, Programme 11, Données d'outil, Programme 6, Données d'outil, Programme 21, Données d'outil, Programme 15, Données d'outil, Programme 33, Données d'outil, Programme 38, Données d'outil, Programme 10, Données d'outil, Programme 6, Données d'outil
I> [01/07/2011 08:54:38] Appel depuis la CN de: 1148246901B
I> [01/07/2011 08:54:43] Le programme appelé depuis la CN est trouvé: C:\machines\T32 Bis\Programmes\MEUNIER\1148246901B.MZK
I> [01/07/2011 08:54:44] Programmes dans les fichiers demandés: Programme 1115 (1148246901B), Programme 1116 (1148246901B), Programme 1119 (1148246901B)
I> [01/07/2011 09:04:11] Appel depuis la CN de: 132912920
I> [01/07/2011 09:04:18] Le programme appelé depuis la CN est trouvé: C:\machines\T32 Bis\Programmes\132912920.MZK
I> [01/07/2011 09:04:18] Programmes dans les fichiers demandés: Programme 16, Données d'outil
I> [01/07/2011 09:04:40] Appel depuis la CN de: 132912920
I> [01/07/2011 09:04:45] Le programme appelé depuis la CN est trouvé: C:\machines\T32 Bis\Programmes\132912920.MZK
I> [01/07/2011 09:04:45] Programmes dans les fichiers demandés: Programme 16, Données d'outil
I> [01/07/2011 09:04:54] Emission de programme: Programme 16
I> [01/07/2011 09:04:58] Emission de programme: Données d'outil
I> [01/07/2011 13:52:41] Appel depuis la CN de: 241003564
E> [01/07/2011 13:52:45] N'a pu émettre le fichier: C:\machines\T32 Bis\Programmes\132912920.MZK [Le système ne peut pas lire le périphérique indiqué]
I> [01/07/2011 13:52:46] Le programme appelé depuis la CN est trouvé: C:\machines\T32 Bis\Programmes\241003564.MZK
I> [01/07/2011 13:52:46] Programmes dans les fichiers demandés: Programme 40, Données d'outil, Programme 40, Données d'outil, Programme 47, Données d'outil
I> [01/07/2011 13:52:51] Emission de programme: Programme 40
I> [01/07/2011 13:53:00] Emission de programme: Programme 40
I> [01/07/2011 13:53:09] Emission de programme: Programme 47
I> [01/07/2011 13:53:18] Emission de programme: Données d'outil
