I> [01/07/2010 05:00:18] Port activé avec succès.
I> [01/07/2010 05:00:51] Appel depuis la CN de: MC99494DA
I> [01/07/2010 05:00:56] Le programme appelé depuis la CN est trouvé: C:\machines\T32 Bis\Programmes\FLOWSERVE\MC99494DA.MZK
I> [01/07/2010 05:00:56] Programmes dans les fichiers demandés: Programme 892 (MC99494DA), Programme 894 (MC99494DA)
I> [01/07/2010 05:01:17] Emission de programme: Programme 892 (MC99494DA)
I> [01/07/2010 05:01:41] Emission de programme: Programme 894 (MC99494DA)
I> [01/07/2010 11:35:29] Appel depuis la CN de: 206195
I> [01/07/2010 11:35:37] Le programme appelé depuis la CN est trouvé: C:\machines\T32 Bis\Programmes\FLOWSERVE\206195.MZK
I> [01/07/2010 11:35:37] Programmes dans les fichiers demandés: Programme 891 (206195), Programme 893 (206195)
I> [01/07/2010 11:37:01] Appel depuis la CN de: 206195
I> [01/07/2010 11:37:06] Le programme appelé depuis la CN est trouvé: C:\machines\T32 Bis\Programmes\FLOWSERVE\206195.MZK
I> [01/07/2010 11:37:06] Programmes dans les fichiers demandés: Programme 891 (206195), Programme 893 (206195)
I> [01/07/2010 11:37:14] Emission de programme: Programme 891 (206195)
I> [01/07/2010 11:37:39] Emission de programme: Programme 893 (206195)
I> [01/07/2010 11:42:53] Réception: programme 895 (111939A)
I> [01/07/2010 11:43:04] Réception: programme 896 (111939A)
I> [01/07/2010 11:43:14] Réception: programme 897 (111939A)
I> [01/07/2010 11:43:24] Fichier reçu: C:\machines\T32 Bis\Programmes\111939A.MZK
I> [01/07/2010 11:43:24] Programmes dans les fichiers demandés: Programme 895 (111939A), Programme 896 (111939A), Programme 897 (111939A)
I> [01/07/2010 11:44:27] Appel depuis la CN de: 111939A
I> [01/07/2010 11:44:33] Le programme appelé depuis la CN est trouvé: C:\machines\T32 Bis\Programmes\FLOWSERVE\111939A.MZK
I> [01/07/2010 11:44:33] Programmes dans les fichiers demandés: Programme 895 (111939A), Programme 896 (111939A), Programme 897 (111939A)
I> [01/07/2010 15:57:52] Réception: programme 891 (206195)
I> [01/07/2010 15:58:16] Réception: programme 893 (206195)
I> [01/07/2010 15:58:40] Fichier reçu: C:\machines\T32 Bis\Programmes\206195.MZK
I> [01/07/2010 15:58:40] Programmes dans les fichiers demandés: Programme 891 (206195), Programme 893 (206195)
