I> [01/04/2008 08:42:07] Réception: programme 181 (POULIE-280)
I> [01/04/2008 08:42:14] Réception: programme 182 (POULIE-280)
I> [01/04/2008 08:42:26] Fichier reçu: C:\machines\T32 Bis\Programmes\POULIE-280.MZK
I> [01/04/2008 08:42:26] Programmes dans les fichiers demandés: Programme 181 (POULIE-280), Programme 182 (POULIE-280)
I> [01/04/2008 15:22:13] Réception: programme 183 (3985176A)
I> [01/04/2008 15:22:22] Réception: programme 184 (3985176A)
I> [01/04/2008 15:22:43] Fichier reçu: C:\machines\T32 Bis\Programmes\3985176A.MZK
I> [01/04/2008 15:22:43] Programmes dans les fichiers demandés: Programme 183 (3985176A), Programme 184 (3985176A)
I> [01/04/2008 17:49:48] Réception: programme 185 (3985177A)
I> [01/04/2008 17:50:10] Fichier reçu: C:\machines\T32 Bis\Programmes\3985177A.MZK
I> [01/04/2008 17:50:10] Programmes dans les fichiers demandés: Programme 185 (3985177A)
I> [01/04/2008 18:51:19] Appel depuis la CN de: 4803228A
E> [01/04/2008 18:51:23] N'a pu émettre le fichier: C:\machines\T32 Bis\Programmes\3985177A.MZK [Le système ne peut pas lire le périphérique indiqué]
I> [01/04/2008 18:51:24] Le programme appelé depuis la CN est trouvé: C:\machines\T32 Bis\Programmes\DRESSER\4803228A.MZK
I> [01/04/2008 18:51:24] Programmes dans les fichiers demandés: Programme 173 (4803228A), Programme 174 (4803228A), Programme 175 (4803228A)
I> [01/04/2008 18:51:31] Appel depuis la CN de: 4803228A
I> [01/04/2008 18:51:39] Le programme appelé depuis la CN est trouvé: C:\machines\T32 Bis\Programmes\DRESSER\4803228A.MZK
I> [01/04/2008 18:51:39] Programmes dans les fichiers demandés: Programme 173 (4803228A), Programme 174 (4803228A), Programme 175 (4803228A)
I> [01/04/2008 18:51:46] Emission de programme: Programme 173 (4803228A)
I> [01/04/2008 18:51:50] Emission de programme: Programme 174 (4803228A)
I> [01/04/2008 18:51:56] Emission de programme: Programme 175 (4803228A)
