I> [01/12/2010 05:23:03] Port activé avec succès.
I> [01/12/2010 08:48:46] Réception: programme 611 (2977738B)
I> [01/12/2010 08:49:24] Réception: programme 612 (2977738B)
I> [01/12/2010 08:49:53] Fichier reçu: C:\machines\T32 Bis\Programmes\2977738B.MZK
I> [01/12/2010 08:49:53] Programmes dans les fichiers demandés: Programme 611 (2977738B), Programme 612 (2977738B)
I> [01/12/2010 08:53:50] Appel depuis la CN de: 2976443D 1
I> [01/12/2010 08:53:55] Le programme appelé depuis la CN est trouvé: C:\machines\T32 Bis\Programmes\FLOWSERVE\2976443D 1.MZK
I> [01/12/2010 08:53:55] Programmes dans les fichiers demandés: Programme 527 (2976443D 1), Programme 528 (2976443D 1), Programme 529 (2976443D 1)
I> [01/12/2010 08:54:30] Emission de programme: Programme 527 (2976443D 1)
I> [01/12/2010 08:54:40] Emission de programme: Programme 528 (2976443D 1)
E> [01/12/2010 08:58:29] Transmission avortée. [Délai de réponse dépassé, interruption de la transmission]
I> [01/12/2010 08:59:07] Appel depuis la CN de: 2976443D 1
I> [01/12/2010 08:59:12] Le programme appelé depuis la CN est trouvé: C:\machines\T32 Bis\Programmes\FLOWSERVE\2976443D 1.MZK
I> [01/12/2010 08:59:12] Programmes dans les fichiers demandés: Programme 527 (2976443D 1), Programme 528 (2976443D 1), Programme 529 (2976443D 1)
I> [01/12/2010 08:59:19] Emission de programme: Programme 528 (2976443D 1)
I> [01/12/2010 08:59:54] Emission de programme: Programme 529 (2976443D 1)
I> [01/12/2010 09:01:07] Appel depuis la CN de: 2976442D
I> [01/12/2010 09:01:12] Le programme appelé depuis la CN est trouvé: C:\machines\T32 Bis\Programmes\FLOWSERVE\2976442D.MZK
I> [01/12/2010 09:01:12] Programmes dans les fichiers demandés: Programme 526 (2976442D), Programme 530 (2976442D)
I> [01/12/2010 09:01:17] Emission de programme: Programme 526 (2976442D)
I> [01/12/2010 09:04:10] Emission de programme: Programme 526 (2976442D)
I> [01/12/2010 09:04:47] Emission de programme: Programme 530 (2976442D)
I> [01/12/2010 18:20:08] Appel depuis la CN de: 2976626 B
E> [01/12/2010 18:20:13] N'a pu trouver le programme appelé depuis la CN: 2976626 B.MZK [Premier répertoire recherché : C:\machines\T32 Bis\Programmes]
E> [01/12/2010 18:20:14] N'a pu émettre le fichier. [Previous remote request failed.]
I> [01/12/2010 18:20:38] Appel depuis la CN de: 2976626B
I> [01/12/2010 18:20:42] Le programme appelé depuis la CN est trouvé: C:\machines\T32 Bis\Programmes\FLOWSERVE\2976626B.MZK
I> [01/12/2010 18:20:43] Programmes dans les fichiers demandés: Programme 3669 (2976626B), Programme 3670 (2976626B)
I> [01/12/2010 18:21:05] Emission de programme: Programme 3669 (2976626B)
I> [01/12/2010 18:21:41] Emission de programme: Programme 3670 (2976626B)
