I> [01/12/2011 07:38:13] Port activé avec succès.
I> [01/12/2011 13:21:23] Appel depuis la CN de: 430000422B
I> [01/12/2011 13:21:28] Le programme appelé depuis la CN est trouvé: C:\machines\T32 Bis\Programmes\ERCA FORMSEAL\430000422B.MZK
I> [01/12/2011 13:21:28] Programmes dans les fichiers demandés: Programme 724 (430000422B), Programme 725 (430000422B), Programme 730 (430000422B), Programme 731 (430000422B), Programme 735 (430000422B), Programme 736 (430000422B), Programme 737 (430000422B)
I> [01/12/2011 13:21:33] Emission de programme: Programme 724 (430000422B)
I> [01/12/2011 13:21:44] Emission de programme: Programme 725 (430000422B)
I> [01/12/2011 13:21:57] Emission de programme: Programme 730 (430000422B)
I> [01/12/2011 13:22:07] Emission de programme: Programme 731 (430000422B)
I> [01/12/2011 13:22:19] Emission de programme: Programme 735 (430000422B)
I> [01/12/2011 13:22:33] Emission de programme: Programme 736 (430000422B)
I> [01/12/2011 13:22:43] Emission de programme: Programme 737 (430000422B)
I> [01/12/2011 13:24:30] Appel depuis la CN de: 430000410E
I> [01/12/2011 13:24:42] Le programme appelé depuis la CN est trouvé: C:\machines\T32 Bis\Programmes\ERCA FORMSEAL\430000410E.MZK
I> [01/12/2011 13:24:42] Programmes dans les fichiers demandés: Programme 726 (430000410E), Programme 727 (430000410E), Programme 728 (430000410E), Programme 729 (430000410E), Programme 732 (430000410E), Programme 733 (430000410E), Programme 734 (430000410E)
I> [01/12/2011 13:24:47] Emission de programme: Programme 726 (430000410E)
I> [01/12/2011 13:24:57] Emission de programme: Programme 727 (430000410E)
I> [01/12/2011 13:25:10] Emission de programme: Programme 728 (430000410E)
I> [01/12/2011 13:25:19] Emission de programme: Programme 729 (430000410E)
I> [01/12/2011 13:25:31] Emission de programme: Programme 732 (430000410E)
I> [01/12/2011 13:25:45] Emission de programme: Programme 733 (430000410E)
I> [01/12/2011 13:25:55] Emission de programme: Programme 734 (430000410E)
I> [01/12/2011 13:29:31] Réception: programme 726 (43000041006)
I> [01/12/2011 13:29:41] Réception: programme 727 (43000041006)
I> [01/12/2011 13:29:55] Réception: programme 728 (43000041006)
I> [01/12/2011 13:30:03] Réception: programme 729 (43000041006)
I> [01/12/2011 13:30:16] Réception: programme 732 (43000041006)
I> [01/12/2011 13:30:29] Réception: programme 733 (43000041006)
I> [01/12/2011 13:30:40] Réception: programme 734 (43000041006)
I> [01/12/2011 13:30:54] Fichier reçu: C:\machines\T32 Bis\Programmes\43000041006.MZK
I> [01/12/2011 13:30:54] Programmes dans les fichiers demandés: Programme 726 (43000041006), Programme 727 (43000041006), Programme 728 (43000041006), Programme 729 (43000041006), Programme 732 (43000041006), Programme 733 (43000041006), Programme 734 (43000041006)
I> [01/12/2011 13:32:05] Réception: programme 724 (43000042203)
I> [01/12/2011 13:32:16] Réception: programme 725 (43000042203)
I> [01/12/2011 13:32:30] Réception: programme 730 (43000042203)
I> [01/12/2011 13:32:39] Réception: programme 731 (43000042203)
I> [01/12/2011 13:32:52] Réception: programme 735 (43000042203)
I> [01/12/2011 13:33:05] Réception: programme 736 (43000042203)
I> [01/12/2011 13:33:16] Réception: programme 737 (43000042203)
I> [01/12/2011 13:33:30] Fichier reçu: C:\machines\T32 Bis\Programmes\43000042203.MZK
I> [01/12/2011 13:33:30] Programmes dans les fichiers demandés: Programme 724 (43000042203), Programme 725 (43000042203), Programme 730 (43000042203), Programme 731 (43000042203), Programme 735 (43000042203), Programme 736 (43000042203), Programme 737 (43000042203)
