I> [01/10/2009 05:11:54] Port activé avec succès.
I> [01/10/2009 05:12:38] Appel depuis la CN de: 355309
E> [01/10/2009 05:12:44] N'a pu trouver le programme appelé depuis la CN: 355309.MZK [Premier répertoire recherché : C:\machines\T32 Bis\Programmes]
E> [01/10/2009 05:12:44] N'a pu émettre le fichier. [Previous remote request failed.]
I> [01/10/2009 05:12:52] Appel depuis la CN de: 355309
E> [01/10/2009 05:12:57] N'a pu trouver le programme appelé depuis la CN: 355309.MZK [Premier répertoire recherché : C:\machines\T32 Bis\Programmes]
E> [01/10/2009 05:12:58] N'a pu émettre le fichier. [Previous remote request failed.]
I> [01/10/2009 05:14:18] Appel depuis la CN de: 355309
E> [01/10/2009 05:14:22] N'a pu émettre le fichier. [Previous remote request failed.]
I> [01/10/2009 05:14:23] Le programme appelé depuis la CN est trouvé: C:\machines\T32 Bis\Programmes\TOKHEIM\355309.MZK
I> [01/10/2009 05:14:23] Programmes dans les fichiers demandés: Programme 4725 (355309), Programme 4726 (355309), Programme 4804 (355309)
I> [01/10/2009 05:14:31] Appel depuis la CN de: 355309
I> [01/10/2009 05:14:36] Le programme appelé depuis la CN est trouvé: C:\machines\T32 Bis\Programmes\TOKHEIM\355309.MZK
I> [01/10/2009 05:14:36] Programmes dans les fichiers demandés: Programme 4725 (355309), Programme 4726 (355309), Programme 4804 (355309)
I> [01/10/2009 05:14:42] Emission de programme: Programme 4725 (355309)
I> [01/10/2009 05:15:02] Emission de programme: Programme 4726 (355309)
I> [01/10/2009 05:15:20] Emission de programme: Programme 4804 (355309)
I> [01/10/2009 14:14:59] Réception: programme 684 (355309)
I> [01/10/2009 14:15:09] Réception: programme 685 (355309)
I> [01/10/2009 14:15:29] Réception: programme 686 (355309)
I> [01/10/2009 14:15:49] Fichier reçu: C:\machines\T32 Bis\Programmes\355309.MZK
I> [01/10/2009 14:15:49] Programmes dans les fichiers demandés: Programme 684 (355309), Programme 685 (355309), Programme 686 (355309)
I> [01/10/2009 14:22:51] Appel depuis la CN de: 2976325C
I> [01/10/2009 14:22:56] Le programme appelé depuis la CN est trouvé: C:\machines\T32 Bis\Programmes\FLOWSERVE\2976325C.MZK
I> [01/10/2009 14:22:56] Programmes dans les fichiers demandés: Programme 128 (2976325C), Programme 131 (2976325C)
I> [01/10/2009 14:24:55] Emission de programme: Programme 128 (2976325C)
I> [01/10/2009 14:25:09] Emission de programme: Programme 131 (2976325C)
I> [01/10/2009 14:26:10] Appel depuis la CN de: 2976327D
I> [01/10/2009 14:26:15] Le programme appelé depuis la CN est trouvé: C:\machines\T32 Bis\Programmes\FLOWSERVE\2976327D.MZK
I> [01/10/2009 14:26:15] Programmes dans les fichiers demandés: Programme 127 (2976327D), Programme 130 (2976327D)
I> [01/10/2009 14:26:33] Emission de programme: Programme 127 (2976327D)
I> [01/10/2009 14:26:46] Emission de programme: Programme 130 (2976327D)
