I> [01/12/05 05:45:04] Réception: programme 4063 (11270-01-01)
I> [01/12/05 05:45:31] Réception: programme 4065 (11270-01-01)
I> [01/12/05 05:45:44] Réception: programme 4067 (11270-01-01)
I> [01/12/05 05:46:20] Réception: programme 4070 (11270-01-01)
I> [01/12/05 05:46:39] Fichier reçu: C:\machines\T32\Programmes\11270-01-01.MZK
I> [01/12/05 05:46:39] Programmes dans les fichiers demandés: Programme 4063 (11270-01-01), Programme 4065 (11270-01-01), Programme 4067 (11270-01-01), Programme 4070 (11270-01-01)
I> [01/12/05 05:49:43] Réception: programme 4064 (11270-55-01)
I> [01/12/05 05:50:13] Réception: programme 4066 (11270-55-01)
I> [01/12/05 05:50:27] Réception: programme 4068 (11270-55-01)
I> [01/12/05 05:50:54] Réception: programme 4070 (11270-55-01)
I> [01/12/05 05:51:12] Fichier reçu: C:\machines\T32\Programmes\11270-55-01.MZK
I> [01/12/05 05:51:13] Programmes dans les fichiers demandés: Programme 4064 (11270-55-01), Programme 4066 (11270-55-01), Programme 4068 (11270-55-01), Programme 4070 (11270-55-01)
I> [01/12/05 11:54:27] Appel depuis la CN de: 1974630 7 1
I> [01/12/05 11:54:33] Le programme appelé depuis la CN est trouvé: C:\machines\T32\Programmes\DRESSER\1974630 7 1.MZK
I> [01/12/05 11:54:34] Programmes dans les fichiers demandés: Programme 3260 (1974630 7 1), Programme 3264 (1974630 7 1)
I> [01/12/05 11:54:43] Emission de programme: Programme 3260 (1974630 7 1)
I> [01/12/05 11:55:06] Emission de programme: Programme 3264 (1974630 7 1)
I> [01/12/05 11:56:28] Appel depuis la CN de: 1974630 7 1
I> [01/12/05 11:56:34] Le programme appelé depuis la CN est trouvé: C:\machines\T32\Programmes\DRESSER\1974630 7 1.MZK
I> [01/12/05 11:56:34] Programmes dans les fichiers demandés: Programme 3260 (1974630 7 1), Programme 3264 (1974630 7 1)
I> [01/12/05 11:56:44] Emission de programme: Programme 3260 (1974630 7 1)
I> [01/12/05 11:57:06] Emission de programme: Programme 3264 (1974630 7 1)
