I> [02/06/2009 05:05:47] Port activé avec succès.
I> [02/06/2009 09:10:26] Réception: programme 577 (30105510101)
I> [02/06/2009 09:10:42] Réception: programme 578 (30105510101)
I> [02/06/2009 09:11:02] Réception: programme 579 (30105510101)
I> [02/06/2009 09:11:22] Réception: programme 580 (30105510101)
I> [02/06/2009 09:12:23] Fichier existant sauvegardé: C:\MACHINES\T32 BIS\SAUVEGARDES\30105510101_01.MZK
I> [02/06/2009 09:12:23] Fichier reçu: C:\machines\T32 Bis\Programmes\30105510101.MZK
I> [02/06/2009 09:12:23] Programmes dans les fichiers demandés: Programme 577 (30105510101), Programme 578 (30105510101), Programme 579 (30105510101), Programme 580 (30105510101)
I> [02/06/2009 09:20:47] Appel depuis la CN de: 4802258A
I> [02/06/2009 09:20:53] Le programme appelé depuis la CN est trouvé: C:\machines\T32 Bis\Programmes\4802258A.MZK
I> [02/06/2009 09:20:53] Programmes dans les fichiers demandés: Programme 4557 (4802258A), Programme 4558 (4802258A), Programme 4559 (4802258A)
I> [02/06/2009 09:21:00] Emission de programme: Programme 4557 (4802258A)
I> [02/06/2009 09:21:12] Emission de programme: Programme 4558 (4802258A)
I> [02/06/2009 09:21:24] Emission de programme: Programme 4559 (4802258A)
I> [02/06/2009 16:35:17] Appel depuis la CN de: U052100
I> [02/06/2009 16:35:23] Le programme appelé depuis la CN est trouvé: C:\machines\T32 Bis\Programmes\SECMAIR\U052100.MZK
I> [02/06/2009 16:35:23] Programmes dans les fichiers demandés: Programme 358 (U052100)
I> [02/06/2009 16:35:37] Emission de programme: Programme 358 (U052100)
I> [02/06/2009 19:01:00] Réception: programme 581 (REP05)
I> [02/06/2009 19:01:10] Réception: programme 582 (REP05)
I> [02/06/2009 19:01:20] Fichier reçu: C:\machines\T32 Bis\Programmes\REP05.MZK
I> [02/06/2009 19:01:20] Programmes dans les fichiers demandés: Programme 581 (REP05), Programme 582 (REP05)
I> [02/06/2009 19:35:03] Appel depuis la CN de: 4987696A 4
I> [02/06/2009 19:35:09] Le programme appelé depuis la CN est trouvé: C:\machines\T32 Bis\Programmes\FLOWSERVE\4987696A 4.MZK
I> [02/06/2009 19:35:09] Programmes dans les fichiers demandés: Programme 3166 (4987696A 4), Programme 3167 (4987696A 4), Programme 3168 (4987696A 4)
I> [02/06/2009 19:35:33] Emission de programme: Programme 3166 (4987696A 4)
I> [02/06/2009 19:35:39] Emission de programme: Programme 3167 (4987696A 4)
I> [02/06/2009 19:35:52] Emission de programme: Programme 3168 (4987696A 4)
