I> [02/08/2010 08:26:35] Port activé avec succès.
I> [02/08/2010 08:28:45] Appel depuis la CN de: 41890203C
I> [02/08/2010 08:28:50] Le programme appelé depuis la CN est trouvé: C:\machines\T32 Bis\Programmes\LA CALHENE\41890203C.MZK
I> [02/08/2010 08:28:51] Programmes dans les fichiers demandés: Programme 913 (41890203C), Programme 916 (41890203C), Programme 937 (41890203C), Programme 940 (41890203C)
I> [02/08/2010 08:32:16] Appel depuis la CN de: 41890202C
I> [02/08/2010 08:32:21] Le programme appelé depuis la CN est trouvé: C:\machines\T32 Bis\Programmes\LA CALHENE\41890202C.MZK
I> [02/08/2010 08:32:21] Programmes dans les fichiers demandés: Programme 914 (41890202C), Programme 915 (41890202C), Programme 938 (41890202C), Programme 939 (41890202C)
I> [02/08/2010 08:32:39] Emission de programme: Programme 914 (41890202C)
I> [02/08/2010 08:32:54] Emission de programme: Programme 915 (41890202C)
I> [02/08/2010 08:34:28] Réception: programme 914 (41890202C)
I> [02/08/2010 08:34:43] Réception: programme 915 (41890202C)
I> [02/08/2010 08:35:00] Réception: programme 938 (41890202C)
I> [02/08/2010 08:35:20] Réception: programme 941 (41890202C)
I> [02/08/2010 08:35:35] Fichier reçu: C:\machines\T32 Bis\Programmes\41890202C.MZK
I> [02/08/2010 08:35:35] Programmes dans les fichiers demandés: Programme 914 (41890202C), Programme 915 (41890202C), Programme 938 (41890202C), Programme 941 (41890202C)
I> [02/08/2010 08:37:00] Appel depuis la CN de: 41890202C
I> [02/08/2010 08:37:04] Le programme appelé depuis la CN est trouvé: C:\machines\T32 Bis\Programmes\LA CALHENE\41890202C.MZK
I> [02/08/2010 08:37:04] Programmes dans les fichiers demandés: Programme 914 (41890202C), Programme 915 (41890202C), Programme 938 (41890202C), Programme 941 (41890202C)
I> [02/08/2010 14:53:29] Appel depuis la CN de: 5998155A
I> [02/08/2010 14:53:34] Le programme appelé depuis la CN est trouvé: C:\machines\T32 Bis\Programmes\FLOWSERVE\5998155A.MZK
I> [02/08/2010 14:53:34] Programmes dans les fichiers demandés: Programme 882 (5998155A), Programme 883 (5998155A), Programme 884 (5998155A)
I> [02/08/2010 14:53:39] Emission de programme: Programme 882 (5998155A)
I> [02/08/2010 14:53:47] Emission de programme: Programme 883 (5998155A)
I> [02/08/2010 14:53:53] Emission de programme: Programme 884 (5998155A)
