I> [02/01/2007 07:29:20] Port activé avec succès.
I> [02/01/2007 15:17:45] Réception: programme 4328 (312404C)
I> [02/01/2007 15:17:58] Réception: programme 4329 (312404C)
I> [02/01/2007 15:18:24] Réception: programme 4330 (312404C)
I> [02/01/2007 15:18:40] Réception: programme 4331 (312404C)
I> [02/01/2007 15:18:59] Fichier reçu: C:\machines\T32\Programmes\312404C.MZK
I> [02/01/2007 15:19:00] Programmes dans les fichiers demandés: Programme 4328 (312404C), Programme 4329 (312404C), Programme 4330 (312404C), Programme 4331 (312404C)
I> [02/01/2007 15:32:41] Appel depuis la CN de: 30270300101
I> [02/01/2007 15:32:48] Le programme appelé depuis la CN est trouvé: C:\machines\T32\Programmes\LA CALHENE\30270300101.MZK
I> [02/01/2007 15:32:48] Programmes dans les fichiers demandés: Programme 3561 (30270300101), Programme 4084 (30270300101), Programme 4087 (30270300101), Programme 4088 (30270300101)
I> [02/01/2007 15:33:05] Emission de programme: Programme 3561 (30270300101)
I> [02/01/2007 15:33:16] Emission de programme: Programme 4084 (30270300101)
I> [02/01/2007 15:33:35] Emission de programme: Programme 4087 (30270300101)
I> [02/01/2007 15:33:58] Emission de programme: Programme 4088 (30270300101)
I> [02/01/2007 18:48:56] Réception: programme 4332 (10270090101)
I> [02/01/2007 18:49:07] Fichier reçu: C:\machines\T32\Programmes\10270090101.MZK
I> [02/01/2007 18:49:07] Programmes dans les fichiers demandés: Programme 4332 (10270090101)
I> [02/01/2007 19:10:52] Appel depuis la CN de: 3973286A
I> [02/01/2007 19:10:58] Le programme appelé depuis la CN est trouvé: C:\machines\T32\Programmes\DRESSER\3973286A.MZK
I> [02/01/2007 19:10:58] Programmes dans les fichiers demandés: Programme 4045 (3973286A), Programme 4046 (3973286A)
I> [02/01/2007 19:11:13] Emission de programme: Programme 4045 (3973286A)
I> [02/01/2007 19:11:25] Emission de programme: Programme 4046 (3973286A)
