I> [02/07/2018 04:56:56] Port activé avec succès.
I> [02/07/2018 09:38:10] Appel depuis la CN de: 5992739B
I> [02/07/2018 09:38:15] Le programme appelé depuis la CN est trouvé: C:\machines\T32 Bis\Programmes\FLOWSERVE\5992739B.MZK
I> [02/07/2018 09:38:15] Programmes dans les fichiers demandés: Programme 1354 (5992739B), Programme 1355 (5992739B), Programme 1356 (5992739B), Programme 1357 (5992739B), Programme 1358 (5992739B)
I> [02/07/2018 09:38:33] Emission de programme: Programme 1354 (5992739B)
I> [02/07/2018 09:38:40] Emission de programme: Programme 1355 (5992739B)
I> [02/07/2018 09:38:46] Emission de programme: Programme 1356 (5992739B)
I> [02/07/2018 09:38:52] Emission de programme: Programme 1357 (5992739B)
I> [02/07/2018 09:39:02] Emission de programme: Programme 1358 (5992739B)
I> [02/07/2018 12:08:01] Réception: programme 1624 (6683642A)
I> [02/07/2018 12:08:11] Réception: programme 1625 (6683642A)
I> [02/07/2018 12:08:23] Fichier reçu: C:\machines\T32 Bis\Programmes\6683642A.MZK
I> [02/07/2018 12:08:23] Programmes dans les fichiers demandés: Programme 1624 (6683642A), Programme 1625 (6683642A)
I> [02/07/2018 12:51:33] Appel depuis la CN de: 111900801J
I> [02/07/2018 12:51:38] Le programme appelé depuis la CN est trouvé: C:\machines\T32 Bis\Programmes\LA CALHENE\111900801J.MZK
I> [02/07/2018 12:51:38] Programmes dans les fichiers demandés: Programme 1450 (111900801J), Programme 1451 (111900801J), Programme 1452 (111900801J), Programme 1379 (111900801J)
I> [02/07/2018 12:52:43] Appel depuis la CN de: 111900801J
I> [02/07/2018 12:52:48] Le programme appelé depuis la CN est trouvé: C:\machines\T32 Bis\Programmes\LA CALHENE\111900801J.MZK
I> [02/07/2018 12:52:48] Programmes dans les fichiers demandés: Programme 1450 (111900801J), Programme 1451 (111900801J), Programme 1452 (111900801J), Programme 1379 (111900801J)
I> [02/07/2018 12:52:59] Emission de programme: Programme 1450 (111900801J)
I> [02/07/2018 12:53:22] Emission de programme: Programme 1451 (111900801J)
E> [02/07/2018 12:56:57] Transmission avortée. [Délai de réponse dépassé, interruption de la transmission]
I> [02/07/2018 12:58:57] Emission de programme: Programme 1451 (111900801J)
I> [02/07/2018 12:59:27] Emission de programme: Programme 1452 (111900801J)
I> [02/07/2018 12:59:41] Emission de programme: Programme 1379 (111900801J)
I> [02/07/2018 20:56:46] Port activé avec succès.
