I> [02/08/2013 05:09:05] Port activé avec succès.
I> [02/08/2013 05:39:54] Port arrêté.
I> [02/08/2013 05:40:52] Port activé avec succès.
I> [02/08/2013 15:33:05] Réception: programme 1493 (3971399)
I> [02/08/2013 15:33:15] Réception: programme 1494 (3971399)
I> [02/08/2013 15:33:27] Réception: programme 1495 (3971399)
I> [02/08/2013 15:33:31] Réception: programme 1496 (3971399)
I> [02/08/2013 15:33:38] Réception: programme 1497 (3971399)
I> [02/08/2013 15:33:47] Fichier reçu: C:\machines\T32 Bis\Programmes\3971399.MZK
I> [02/08/2013 15:33:47] Programmes dans les fichiers demandés: Programme 1493 (3971399), Programme 1494 (3971399), Programme 1495 (3971399), Programme 1496 (3971399), Programme 1497 (3971399)
I> [02/08/2013 15:35:13] Appel depuis la CN de: 36273320
E> [02/08/2013 15:35:18] N'a pu trouver le programme appelé depuis la CN: 36273320.MZK [Premier répertoire recherché : C:\machines\T32 Bis\Programmes]
I> [02/08/2013 15:35:38] Appel depuis la CN de: 30270300101
I> [02/08/2013 15:35:43] Le programme appelé depuis la CN est trouvé: C:\machines\T32 Bis\Programmes\LA CALHENE\30270300101.MZK
I> [02/08/2013 15:35:43] Programmes dans les fichiers demandés: Programme 67 (30270300101), Programme 68 (30270300101), Programme 70 (30270300101), Programme 71 (30270300101), Programme 261 (30270300101), Programme 827 (30270300101), Programme 828 (30270300101)
I> [02/08/2013 15:38:07] Emission de programme: Programme 67 (30270300101)
I> [02/08/2013 16:09:36] Appel depuis la CN de: 30270300101
I> [02/08/2013 16:09:41] Le programme appelé depuis la CN est trouvé: C:\machines\T32 Bis\Programmes\30270300101.MZK
I> [02/08/2013 16:09:41] Programmes dans les fichiers demandés: Programme 3561 (30270300101), Programme 4084 (30270300101), Programme 4087 (30270300101), Programme 4088 (30270300101)
I> [02/08/2013 16:10:50] Emission de programme: Programme 3561 (30270300101)
