I> [02/08/2011 05:10:19] Port activé avec succès.
I> [02/08/2011 05:17:09] Appel depuis la CN de: 81A0005E
E> [02/08/2011 05:17:13] N'a pu émettre le fichier: C:\machines\T32 Bis\Programmes\2976518A.MZK [Le système ne peut pas lire le périphérique indiqué]
E> [02/08/2011 05:17:14] N'a pu trouver le programme appelé depuis la CN: 81A0005E.MZK [Premier répertoire recherché : C:\machines\T32 Bis\Programmes]
E> [02/08/2011 05:17:14] N'a pu émettre le fichier. [Previous remote request failed.]
E> [02/08/2011 05:17:15] N'a pu émettre le fichier. [Previous remote request failed.]
E> [02/08/2011 05:17:16] N'a pu émettre le fichier. [Previous remote request failed.]
I> [02/08/2011 05:19:12] Appel depuis la CN de: 81A0005E
E> [02/08/2011 05:19:17] N'a pu émettre le fichier. [Previous remote request failed.]
I> [02/08/2011 05:19:17] Le programme appelé depuis la CN est trouvé: C:\machines\T32 Bis\Programmes\81A0005E.MZK
I> [02/08/2011 05:19:17] Programmes dans les fichiers demandés: Programme 112, Données d'outil, Programme 44, Données d'outil, Programme 15, Données d'outil
I> [02/08/2011 05:19:20] Emission de programme: Programme 112
I> [02/08/2011 05:19:41] Emission de programme: Données d'outil
I> [02/08/2011 05:19:43] Emission de programme: Programme 44
I> [02/08/2011 05:19:51] Emission de programme: Données d'outil
I> [02/08/2011 05:19:53] Emission de programme: Programme 15
I> [02/08/2011 05:19:56] Emission de programme: Données d'outil
I> [02/08/2011 06:43:21] Appel depuis la CN de: 2976325C
E> [02/08/2011 06:43:26] N'a pu émettre le fichier: C:\machines\T32 Bis\Programmes\81A0005E.MZK [Le système ne peut pas lire le périphérique indiqué]
I> [02/08/2011 06:43:26] Le programme appelé depuis la CN est trouvé: C:\machines\T32 Bis\Programmes\FLOWSERVE\2976325C.MZK
I> [02/08/2011 06:43:26] Programmes dans les fichiers demandés: Programme 128 (2976325C), Programme 131 (2976325C)
I> [02/08/2011 06:43:30] Emission de programme: Programme 128 (2976325C)
I> [02/08/2011 06:43:44] Emission de programme: Programme 131 (2976325C)
I> [02/08/2011 06:44:26] Appel depuis la CN de: 2976326D
I> [02/08/2011 06:44:32] Le programme appelé depuis la CN est trouvé: C:\machines\T32 Bis\Programmes\FLOWSERVE\2976326D.MZK
I> [02/08/2011 06:44:32] Programmes dans les fichiers demandés: Programme 633 (2976326D), Programme 634 (2976326D)
I> [02/08/2011 06:44:38] Emission de programme: Programme 633 (2976326D)
I> [02/08/2011 06:44:53] Emission de programme: Programme 634 (2976326D)
