I> [02/03/2009 07:40:26] Port activé avec succès.
I> [02/03/2009 10:32:42] Réception: programme 490 (2975047E 2)
I> [02/03/2009 10:33:06] Réception: programme 491 (2975047E 2)
I> [02/03/2009 10:33:26] Fichier reçu: C:\machines\T32 Bis\Programmes\2975047E 2.MZK
I> [02/03/2009 10:33:26] Programmes dans les fichiers demandés: Programme 490 (2975047E 2), Programme 491 (2975047E 2)
I> [02/03/2009 10:44:17] Appel depuis la CN de: 2976325C
I> [02/03/2009 10:44:23] Le programme appelé depuis la CN est trouvé: C:\machines\T32 Bis\Programmes\FLOWSERVE\2976325C.MZK
I> [02/03/2009 10:44:23] Programmes dans les fichiers demandés: Programme 128 (2976325C), Programme 131 (2976325C)
I> [02/03/2009 10:44:37] Emission de programme: Programme 128 (2976325C)
I> [02/03/2009 10:44:50] Emission de programme: Programme 131 (2976325C)
I> [02/03/2009 16:27:57] Appel depuis la CN de: 2973968B 3
I> [02/03/2009 16:28:06] Le programme appelé depuis la CN est trouvé: C:\machines\T32 Bis\Programmes\FLOWSERVE\2973968B 3.MZK
I> [02/03/2009 16:28:06] Programmes dans les fichiers demandés: Programme 165 (2973968B 3), Programme 168 (2973968B 3)
I> [02/03/2009 16:28:10] Appel depuis la CN de: 2973968B 3
I> [02/03/2009 16:28:16] Le programme appelé depuis la CN est trouvé: C:\machines\T32 Bis\Programmes\FLOWSERVE\2973968B 3.MZK
I> [02/03/2009 16:28:16] Programmes dans les fichiers demandés: Programme 165 (2973968B 3), Programme 168 (2973968B 3)
I> [02/03/2009 16:28:21] Emission de programme: Programme 165 (2973968B 3)
I> [02/03/2009 16:28:43] Emission de programme: Programme 168 (2973968B 3)
I> [02/03/2009 16:32:33] Emission de programme: Programme 165 (2973968B 3)
I> [02/03/2009 16:32:55] Emission de programme: Programme 168 (2973968B 3)
I> [02/03/2009 16:33:45] Appel depuis la CN de: 3984608A 3
I> [02/03/2009 16:33:57] Le programme appelé depuis la CN est trouvé: C:\machines\T32 Bis\Programmes\FLOWSERVE\3984608A 3.MZK
I> [02/03/2009 16:33:57] Programmes dans les fichiers demandés: Programme 4266 (3984608A 3), Programme 4267 (3984608A 3)
I> [02/03/2009 16:34:02] Appel depuis la CN de: 3984608A 3
I> [02/03/2009 16:34:11] Le programme appelé depuis la CN est trouvé: C:\machines\T32 Bis\Programmes\FLOWSERVE\3984608A 3.MZK
I> [02/03/2009 16:34:11] Programmes dans les fichiers demandés: Programme 4266 (3984608A 3), Programme 4267 (3984608A 3)
I> [02/03/2009 16:35:04] Emission de programme: Programme 4266 (3984608A 3)
I> [02/03/2009 16:35:24] Emission de programme: Programme 4267 (3984608A 3)
