I> [02/06/2017 04:58:13] Port activé avec succès.
I> [02/06/2017 11:25:31] Réception: programme 1594 (246677002B)
I> [02/06/2017 11:25:39] Réception: programme 1597 (246677002B)
I> [02/06/2017 11:25:48] Fichier reçu: C:\machines\T32 Bis\Programmes\246677002B.MZK
I> [02/06/2017 11:25:48] Programmes dans les fichiers demandés: Programme 1594 (246677002B), Programme 1597 (246677002B)
I> [02/06/2017 11:28:13] Réception: programme 1595 (246677001B)
I> [02/06/2017 11:28:21] Réception: programme 1596 (246677001B)
I> [02/06/2017 11:28:29] Fichier reçu: C:\machines\T32 Bis\Programmes\246677001B.MZK
I> [02/06/2017 11:28:29] Programmes dans les fichiers demandés: Programme 1595 (246677001B), Programme 1596 (246677001B)
E> [02/06/2017 15:42:29] N'a pu émettre le fichier: C:\machines\T32 Bis\Programmes\246677001B.MZK [Le système ne peut pas lire le périphérique indiqué]
I> [02/06/2017 15:43:03] Appel depuis la CN de: 212700501K
E> [02/06/2017 15:43:08] N'a pu trouver le programme appelé depuis la CN: 212700501K.MZK [Premier répertoire recherché : C:\machines\T32 Bis\Programmes]
E> [02/06/2017 15:43:15] N'a pu émettre le fichier. [Previous remote request failed.]
I> [02/06/2017 15:43:29] Appel depuis la CN de: 212700501K
E> [02/06/2017 15:43:34] N'a pu trouver le programme appelé depuis la CN: 212700501K.MZK [Premier répertoire recherché : C:\machines\T32 Bis\Programmes]
E> [02/06/2017 15:43:35] N'a pu émettre le fichier. [Previous remote request failed.]
E> [02/06/2017 15:43:42] N'a pu émettre le fichier. [Previous remote request failed.]
I> [02/06/2017 15:44:29] Appel depuis la CN de: 21270 0501K
E> [02/06/2017 15:44:33] N'a pu trouver le programme appelé depuis la CN: 21270 0501K.MZK [Premier répertoire recherché : C:\machines\T32 Bis\Programmes]
E> [02/06/2017 15:44:40] N'a pu émettre le fichier. [Previous remote request failed.]
I> [02/06/2017 15:45:27] Appel depuis la CN de: 21270 0501K
E> [02/06/2017 15:45:32] N'a pu trouver le programme appelé depuis la CN: 21270 0501K.MZK [Premier répertoire recherché : C:\machines\T32 Bis\Programmes]
E> [02/06/2017 15:45:39] N'a pu émettre le fichier. [Previous remote request failed.]
E> [02/06/2017 15:46:04] N'a pu émettre le fichier. [Previous remote request failed.]
I> [02/06/2017 15:47:04] Appel depuis la CN de: 21270 0501K
E> [02/06/2017 15:47:09] N'a pu trouver le programme appelé depuis la CN: 21270 0501K.MZK [Premier répertoire recherché : C:\machines\T32 Bis\Programmes]
E> [02/06/2017 15:47:17] N'a pu émettre le fichier. [Previous remote request failed.]
I> [02/06/2017 15:48:59] Appel depuis la CN de: 212700501
I> [02/06/2017 15:49:04] Le programme appelé depuis la CN est trouvé: C:\machines\T32 Bis\Programmes\LA CALHENE\212700501.MZK
I> [02/06/2017 15:49:04] Programmes dans les fichiers demandés: Programme 1463 (212700501), Programme 1464 (212700501), Programme 1465 (212700501), Programme 1466 (212700501), Programme 1467 (212700501)
I> [02/06/2017 15:55:39] Emission de programme: Programme 1463 (212700501)
I> [02/06/2017 15:56:12] Emission de programme: Programme 1464 (212700501)
I> [02/06/2017 15:56:40] Emission de programme: Programme 1465 (212700501)
I> [02/06/2017 15:57:31] Emission de programme: Programme 1466 (212700501)
I> [02/06/2017 15:58:01] Emission de programme: Programme 1467 (212700501)
