I> [02/03/2011 06:55:26] Port activé avec succès.
I> [02/03/2011 07:14:22] Réception: programme 1052 (81D0009F)
I> [02/03/2011 07:14:31] Réception: programme 1053 (81D0009F)
I> [02/03/2011 07:14:40] Fichier reçu: C:\machines\T32 Bis\Programmes\81D0009F.MZK
I> [02/03/2011 07:14:40] Programmes dans les fichiers demandés: Programme 1052 (81D0009F), Programme 1053 (81D0009F)
I> [02/03/2011 07:23:53] Appel depuis la CN de: 11270-01-01
I> [02/03/2011 07:23:58] Le programme appelé depuis la CN est trouvé: C:\machines\T32 Bis\Programmes\LA CALHENE\11270-01-01.MZK
I> [02/03/2011 07:23:58] Programmes dans les fichiers demandés: Programme 1004 (11270-01-01), Programme 1005 (11270-01-01)
I> [02/03/2011 07:24:05] Emission de programme: Programme 1004 (11270-01-01)
I> [02/03/2011 07:25:43] Emission de programme: Programme 1005 (11270-01-01)
I> [02/03/2011 07:27:33] Appel depuis la CN de: 11270-0101
I> [02/03/2011 07:27:37] Le programme appelé depuis la CN est trouvé: C:\machines\T32 Bis\Programmes\LA CALHENE\11270-0101.MZK
I> [02/03/2011 07:27:38] Programmes dans les fichiers demandés: Programme 468 (11270-0101), Programme 738 (11270-0101), Programme 739 (11270-0101)
I> [02/03/2011 07:27:44] Emission de programme: Programme 468 (11270-0101)
I> [02/03/2011 07:28:26] Emission de programme: Programme 738 (11270-0101)
I> [02/03/2011 07:28:39] Emission de programme: Programme 739 (11270-0101)
I> [02/03/2011 13:15:39] Appel depuis la CN de: 11190 16 01
I> [02/03/2011 13:15:43] Le programme appelé depuis la CN est trouvé: C:\machines\T32 Bis\Programmes\LA CALHENE\11190 16 01.MZK
I> [02/03/2011 13:15:44] Programmes dans les fichiers demandés: Programme 988 (11190 16 01), Programme 989 (11190 16 01), Programme 990 (11190 16 01), Programme 991 (11190 16 01)
I> [02/03/2011 13:24:59] Emission de programme: Programme 988 (11190 16 01)
I> [02/03/2011 13:25:37] Emission de programme: Programme 989 (11190 16 01)
E> [02/03/2011 13:29:10] Transmission avortée. [Délai de réponse dépassé, interruption de la transmission]
I> [02/03/2011 13:30:55] Emission de programme: Programme 989 (11190 16 01)
E> [02/03/2011 13:34:28] Transmission avortée. [Délai de réponse dépassé, interruption de la transmission]
I> [02/03/2011 13:34:46] Emission de programme: Programme 989 (11190 16 01)
I> [02/03/2011 13:35:00] Emission de programme: Programme 990 (11190 16 01)
I> [02/03/2011 13:35:08] Emission de programme: Programme 991 (11190 16 01)
