I> [02/09/2014 05:03:39] Port activé avec succès.
I> [02/09/2014 11:36:48] Appel depuis la CN de: 301900201
E> [02/09/2014 11:36:56] N'a pu trouver le programme appelé depuis la CN: 301900201.MZK [Premier répertoire recherché : C:\machines\T32 Bis\Programmes]
E> [02/09/2014 11:37:02] N'a pu émettre le fichier. [Previous remote request failed.]
E> [02/09/2014 11:37:03] N'a pu émettre le fichier. [Previous remote request failed.]
I> [02/09/2014 11:37:17] Appel depuis la CN de: 301900201
E> [02/09/2014 11:37:22] N'a pu trouver le programme appelé depuis la CN: 301900201.MZK [Premier répertoire recherché : C:\machines\T32 Bis\Programmes]
E> [02/09/2014 11:37:23] N'a pu émettre le fichier. [Previous remote request failed.]
E> [02/09/2014 11:37:23] N'a pu émettre le fichier. [Previous remote request failed.]
E> [02/09/2014 11:37:24] N'a pu émettre le fichier. [Previous remote request failed.]
I> [02/09/2014 11:41:46] Appel depuis la CN de: 30190300201
I> [02/09/2014 11:41:51] Le programme appelé depuis la CN est trouvé: C:\machines\T32 Bis\Programmes\LA CALHENE\30190300201.MZK
I> [02/09/2014 11:41:51] Programmes dans les fichiers demandés: Programme 1388 (30190300201), Programme 1391 (30190300201), Programme 1392 (30190300201), Programme 1395 (30190300201)
I> [02/09/2014 11:42:00] Emission de programme: Programme 1388 (30190300201)
I> [02/09/2014 11:42:05] Emission de programme: Programme 1391 (30190300201)
I> [02/09/2014 11:42:14] Emission de programme: Programme 1392 (30190300201)
I> [02/09/2014 11:42:26] Emission de programme: Programme 1395 (30190300201)
I> [02/09/2014 13:03:03] Appel depuis la CN de: 30270300201
I> [02/09/2014 13:03:08] Le programme appelé depuis la CN est trouvé: C:\machines\T32 Bis\Programmes\LA CALHENE\30270300201.MZK
I> [02/09/2014 13:03:08] Programmes dans les fichiers demandés: Programme 1389 (30270300201), Programme 1390 (30270300201), Programme 1393 (30270300201), Programme 1394 (30270300201)
I> [02/09/2014 13:03:27] Emission de programme: Programme 1389 (30270300201)
I> [02/09/2014 16:34:39] Appel depuis la CN de: 30270300201
I> [02/09/2014 16:34:46] Le programme appelé depuis la CN est trouvé: C:\machines\T32 Bis\Programmes\LA CALHENE\30270300201.MZK
I> [02/09/2014 16:34:46] Programmes dans les fichiers demandés: Programme 1389 (30270300201), Programme 1390 (30270300201), Programme 1393 (30270300201), Programme 1394 (30270300201)
I> [02/09/2014 16:34:49] Emission de programme: Programme 1390 (30270300201)
I> [02/09/2014 16:35:01] Emission de programme: Programme 1393 (30270300201)
I> [02/09/2014 16:35:13] Emission de programme: Programme 1394 (30270300201)
