I> [02/02/2017 05:01:01] Port activé avec succès.
I> [02/02/2017 05:17:42] Appel depuis la CN de: 122704202A
I> [02/02/2017 05:17:47] Le programme appelé depuis la CN est trouvé: C:\machines\T32 Bis\Programmes\LA CALHENE\122704202A.MZK
I> [02/02/2017 05:17:47] Programmes dans les fichiers demandés: Programme 25 (122704202A), Programme 26 (122704202A), Programme 619 (122704202A), Programme 620 (122704202A), Programme 621 (122704202A), Programme 622 (122704202A), Programme 1536 (122704202A), Programme 4443 (122704202A)
I> [02/02/2017 05:20:40] Emission de programme: Programme 25 (122704202A)
I> [02/02/2017 05:20:52] Emission de programme: Programme 26 (122704202A)
I> [02/02/2017 05:21:06] Emission de programme: Programme 619 (122704202A)
I> [02/02/2017 05:21:16] Emission de programme: Programme 620 (122704202A)
I> [02/02/2017 05:21:25] Emission de programme: Programme 621 (122704202A)
I> [02/02/2017 05:21:48] Emission de programme: Programme 622 (122704202A)
I> [02/02/2017 05:22:38] Emission de programme: Programme 1536 (122704202A)
I> [02/02/2017 05:22:44] Emission de programme: Programme 4443 (122704202A)
I> [02/02/2017 05:23:48] Appel depuis la CN de: 122703801A
I> [02/02/2017 05:23:53] Le programme appelé depuis la CN est trouvé: C:\machines\T32 Bis\Programmes\122703801A.MZK
I> [02/02/2017 05:23:53] Programmes dans les fichiers demandés: Programme 4821 (122703801A), Programme 4822 (122703801A), Programme 4410 (122703801A), Programme 4411 (122703801A), Programme 4412 (122703801A), Programme 4413 (122703801A), Programme 4441 (122703801A), Programme 4443 (122703801A)
I> [02/02/2017 05:24:00] Emission de programme: Programme 4821 (122703801A)
I> [02/02/2017 05:24:10] Emission de programme: Programme 4822 (122703801A)
I> [02/02/2017 05:24:20] Emission de programme: Programme 4410 (122703801A)
I> [02/02/2017 05:24:31] Emission de programme: Programme 4411 (122703801A)
I> [02/02/2017 05:24:43] Emission de programme: Programme 4412 (122703801A)
I> [02/02/2017 05:25:33] Emission de programme: Programme 4413 (122703801A)
E> [02/02/2017 05:29:19] Transmission avortée. [Délai de réponse dépassé, interruption de la transmission]
I> [02/02/2017 05:30:58] Appel depuis la CN de: 122703801A
I> [02/02/2017 05:31:03] Le programme appelé depuis la CN est trouvé: C:\machines\T32 Bis\Programmes\122703801A.MZK
I> [02/02/2017 05:31:03] Programmes dans les fichiers demandés: Programme 4821 (122703801A), Programme 4822 (122703801A), Programme 4410 (122703801A), Programme 4411 (122703801A), Programme 4412 (122703801A), Programme 4413 (122703801A), Programme 4441 (122703801A), Programme 4443 (122703801A)
I> [02/02/2017 05:31:12] Emission de programme: Programme 4821 (122703801A)
I> [02/02/2017 05:31:22] Emission de programme: Programme 4822 (122703801A)
I> [02/02/2017 05:31:31] Emission de programme: Programme 4410 (122703801A)
I> [02/02/2017 05:31:43] Emission de programme: Programme 4411 (122703801A)
I> [02/02/2017 05:31:55] Emission de programme: Programme 4412 (122703801A)
I> [02/02/2017 05:32:45] Emission de programme: Programme 4413 (122703801A)
I> [02/02/2017 05:33:08] Emission de programme: Programme 4441 (122703801A)
I> [02/02/2017 05:33:14] Emission de programme: Programme 4443 (122703801A)
