I> [02/05/2011 04:55:23] Port activé avec succès.
I> [02/05/2011 09:07:11] Appel depuis la CN de: 2979992A
I> [02/05/2011 09:07:15] Le programme appelé depuis la CN est trouvé: C:\machines\T32 Bis\Programmes\FLOWSERVE\2979992A.MZK
I> [02/05/2011 09:07:15] Programmes dans les fichiers demandés: Programme 5067 (2979992A), Programme 5068 (2979992A)
I> [02/05/2011 09:07:26] Emission de programme: Programme 5067 (2979992A)
I> [02/05/2011 09:07:43] Emission de programme: Programme 5068 (2979992A)
I> [02/05/2011 11:46:20] Appel depuis la CN de: 5801051A 14
I> [02/05/2011 11:46:27] Le programme appelé depuis la CN est trouvé: C:\machines\T32 Bis\Programmes\FLOWSERVE\5801051A 14.MZK
I> [02/05/2011 11:46:27] Programmes dans les fichiers demandés: Programme 687 (5801051A 14), Programme 690 (5801051A 14), Programme 691 (5801051A 14)
I> [02/05/2011 11:46:31] Emission de programme: Programme 687 (5801051A 14)
I> [02/05/2011 11:46:41] Emission de programme: Programme 690 (5801051A 14)
I> [02/05/2011 11:46:48] Emission de programme: Programme 691 (5801051A 14)
I> [02/05/2011 13:36:02] Appel depuis la CN de: 223104B
I> [02/05/2011 13:36:07] Le programme appelé depuis la CN est trouvé: C:\machines\T32 Bis\Programmes\FLOWSERVE\223104B.MZK
I> [02/05/2011 13:36:07] Programmes dans les fichiers demandés: Programme 381 (223104B), Programme 386 (223104B), Programme 390 (223104B)
I> [02/05/2011 13:36:22] Emission de programme: Programme 381 (223104B)
I> [02/05/2011 13:36:29] Emission de programme: Programme 386 (223104B)
I> [02/05/2011 13:36:38] Emission de programme: Programme 390 (223104B)
I> [02/05/2011 19:20:18] Appel depuis la CN de: 2976325C
I> [02/05/2011 19:20:23] Le programme appelé depuis la CN est trouvé: C:\machines\T32 Bis\Programmes\2976325C.MZK
I> [02/05/2011 19:20:23] Programmes dans les fichiers demandés: Programme 4667 (2976325C), Programme 4669 (2976325C)
I> [02/05/2011 19:24:49] Emission de programme: Programme 4667 (2976325C)
I> [02/05/2011 19:25:03] Emission de programme: Programme 4669 (2976325C)
