I> [02/02/2007 11:44:58] Réception: programme 4365 (T2265D)
I> [02/02/2007 11:45:17] Réception: programme 4366 (T2265D)
I> [02/02/2007 11:45:36] Fichier reçu: C:\machines\T32\Programmes\T2265D.MZK
I> [02/02/2007 11:45:36] Programmes dans les fichiers demandés: Programme 4365 (T2265D), Programme 4366 (T2265D)
I> [02/02/2007 12:17:19] Appel depuis la CN de: 30190300101
I> [02/02/2007 12:17:25] Le programme appelé depuis la CN est trouvé: C:\machines\T32\Programmes\LA CALHENE\30190300101.MZK
I> [02/02/2007 12:17:26] Programmes dans les fichiers demandés: Programme 4083 (30190300101), Programme 4090 (30190300101), Programme 4103 (30190300101), Programme 4104 (30190300101)
I> [02/02/2007 12:17:36] Emission de programme: Programme 4083 (30190300101)
I> [02/02/2007 12:17:47] Emission de programme: Programme 4090 (30190300101)
I> [02/02/2007 12:18:40] Emission de programme: Programme 4103 (30190300101)
I> [02/02/2007 12:18:56] Emission de programme: Programme 4104 (30190300101)
I> [02/02/2007 12:20:32] Appel depuis la CN de: 30350300101
I> [02/02/2007 12:20:40] Le programme appelé depuis la CN est trouvé: C:\machines\T32\Programmes\LA CALHENE\30350300101.MZK
I> [02/02/2007 12:20:40] Programmes dans les fichiers demandés: Programme 3539 (30350300101), Programme 4085 (30350300101), Programme 4086 (30350300101), Programme 4089 (30350300101)
I> [02/02/2007 12:20:53] Appel depuis la CN de: 30350300101
I> [02/02/2007 12:21:01] Le programme appelé depuis la CN est trouvé: C:\machines\T32\Programmes\LA CALHENE\30350300101.MZK
I> [02/02/2007 12:21:01] Programmes dans les fichiers demandés: Programme 3539 (30350300101), Programme 4085 (30350300101), Programme 4086 (30350300101), Programme 4089 (30350300101)
I> [02/02/2007 12:21:05] Emission de programme: Programme 3539 (30350300101)
I> [02/02/2007 12:21:17] Emission de programme: Programme 4085 (30350300101)
I> [02/02/2007 12:21:38] Emission de programme: Programme 4086 (30350300101)
I> [02/02/2007 12:22:01] Emission de programme: Programme 4089 (30350300101)
