I> [02/09/2009 05:17:35] Port activé avec succès.
I> [02/09/2009 07:32:30] Réception: programme 643 (5992693A)
I> [02/09/2009 07:32:36] Réception: programme 644 (5992693A)
I> [02/09/2009 07:32:46] Réception: programme 660 (5992693A)
I> [02/09/2009 07:33:01] Réception: programme 661 (5992693A)
I> [02/09/2009 07:33:09] Fichier reçu: C:\machines\T32 Bis\Programmes\5992693A.MZK
I> [02/09/2009 07:33:09] Programmes dans les fichiers demandés: Programme 643 (5992693A), Programme 644 (5992693A), Programme 660 (5992693A), Programme 661 (5992693A)
I> [02/09/2009 07:33:29] Réception: programme 645 (5993020B)
I> [02/09/2009 07:33:36] Réception: programme 646 (5993020B)
I> [02/09/2009 07:33:45] Réception: programme 659 (5993020B)
I> [02/09/2009 07:34:00] Réception: programme 662 (5993020B)
I> [02/09/2009 07:34:08] Fichier reçu: C:\machines\T32 Bis\Programmes\5993020B.MZK
I> [02/09/2009 07:34:08] Programmes dans les fichiers demandés: Programme 645 (5993020B), Programme 646 (5993020B), Programme 659 (5993020B), Programme 662 (5993020B)
I> [02/09/2009 07:41:42] Appel depuis la CN de: 30190300101
I> [02/09/2009 07:41:47] Le programme appelé depuis la CN est trouvé: C:\machines\T32 Bis\Programmes\LA CALHENE\30190300101.MZK
I> [02/09/2009 07:41:47] Programmes dans les fichiers demandés: Programme 65 (30190300101), Programme 66 (30190300101), Programme 69 (30190300101), Programme 75 (30190300101)
I> [02/09/2009 07:41:55] Emission de programme: Programme 65 (30190300101)
I> [02/09/2009 07:42:07] Emission de programme: Programme 66 (30190300101)
I> [02/09/2009 07:42:22] Emission de programme: Programme 69 (30190300101)
I> [02/09/2009 07:42:45] Emission de programme: Programme 75 (30190300101)
