I> [02/11/2017 06:34:20] Port activé avec succès.
I> [02/11/2017 12:47:17] Appel depuis la CN de: 111901601
E> [02/11/2017 12:47:22] N'a pu trouver le programme appelé depuis la CN: 111901601.MZK [Premier répertoire recherché : C:\machines\T32 Bis\Programmes]
E> [02/11/2017 12:47:25] N'a pu émettre le fichier. [Previous remote request failed.]
I> [02/11/2017 12:48:58] Appel depuis la CN de: 11190 16 01
I> [02/11/2017 12:49:03] Le programme appelé depuis la CN est trouvé: C:\machines\T32 Bis\Programmes\LA CALHENE\11190 16 01.MZK
I> [02/11/2017 12:49:03] Programmes dans les fichiers demandés: Programme 1211 (11190 16 01), Programme 988 (11190 16 01), Programme 989 (11190 16 01), Programme 990 (11190 16 01), Programme 991 (11190 16 01)
I> [02/11/2017 12:49:36] Emission de programme: Programme 990 (11190 16 01)
I> [02/11/2017 12:49:54] Emission de programme: Programme 991 (11190 16 01)
I> [02/11/2017 20:44:53] Appel depuis la CN de: 1161934302A
I> [02/11/2017 20:45:03] Le programme appelé depuis la CN est trouvé: C:\machines\T32 Bis\Programmes\1161934302A.MZK
I> [02/11/2017 20:45:03] Programmes dans les fichiers demandés: Programme 15, Données d'outil, Programme 15, Données d'outil, Programme 16, Données d'outil, Programme 5, Données d'outil, Programme 18, Données d'outil
I> [02/11/2017 20:45:11] Appel depuis la CN de: 1161934302A
I> [02/11/2017 20:45:18] Le programme appelé depuis la CN est trouvé: C:\machines\T32 Bis\Programmes\1161934302A.MZK
I> [02/11/2017 20:45:18] Programmes dans les fichiers demandés: Programme 15, Données d'outil, Programme 15, Données d'outil, Programme 16, Données d'outil, Programme 5, Données d'outil, Programme 18, Données d'outil
I> [02/11/2017 20:46:48] Emission de programme: Programme 18
I> [02/11/2017 20:46:52] Emission de programme: Données d'outil
I> [02/11/2017 20:47:59] Appel depuis la CN de: 1161934302A
E> [02/11/2017 20:48:03] N'a pu émettre le fichier: C:\machines\T32 Bis\Programmes\1161934302A.MZK [Le système ne peut pas lire le périphérique indiqué]
I> [02/11/2017 20:48:04] Le programme appelé depuis la CN est trouvé: C:\machines\T32 Bis\Programmes\MEUNIER\1161934302A.MZK
I> [02/11/2017 20:48:04] Programmes dans les fichiers demandés: Programme 1606 (1161934302A), Programme 1607 (1161934302A), Programme 1608 (1161934302A), Programme 1609 (1161934302A)
I> [02/11/2017 20:48:08] Emission de programme: Programme 1606 (1161934302A)
I> [02/11/2017 20:48:13] Emission de programme: Programme 1607 (1161934302A)
I> [02/11/2017 20:48:22] Emission de programme: Programme 1608 (1161934302A)
I> [02/11/2017 20:48:29] Emission de programme: Programme 1609 (1161934302A)
