I> [02/11/2011 04:58:31] Port activé avec succès.
I> [02/11/2011 05:03:54] Appel depuis la CN de: 205009128
I> [02/11/2011 05:03:59] Le programme appelé depuis la CN est trouvé: C:\machines\T32 Bis\Programmes\205009128.MZK
I> [02/11/2011 05:03:59] Programmes dans les fichiers demandés: Programme 5085 (205009128), Programme 5088 (205009128)
I> [02/11/2011 05:04:05] Emission de programme: Programme 5085 (205009128)
I> [02/11/2011 05:04:18] Emission de programme: Programme 5088 (205009128)
I> [02/11/2011 12:13:55] Appel depuis la CN de: 61461974003
I> [02/11/2011 12:14:00] Le programme appelé depuis la CN est trouvé: C:\machines\T32 Bis\Programmes\MEUNIER\61461974003.MZK
I> [02/11/2011 12:14:00] Programmes dans les fichiers demandés: Programme 1029 (61461974003)
I> [02/11/2011 12:14:08] Emission de programme: Programme 1029 (61461974003)
I> [02/11/2011 12:38:49] Appel depuis la CN de: 151396-08
I> [02/11/2011 12:38:56] Le programme appelé depuis la CN est trouvé: C:\machines\T32 Bis\Programmes\151396-08.MZK
I> [02/11/2011 12:38:56] Programmes dans les fichiers demandés: Programme 5467 (151396-08), Programme 5468 (151396-08), Programme 5501 (151396-08), Programme 5511 (151396-08)
I> [02/11/2011 12:39:06] Appel depuis la CN de: 151396-08
I> [02/11/2011 12:39:13] Le programme appelé depuis la CN est trouvé: C:\machines\T32 Bis\Programmes\151396-08.MZK
I> [02/11/2011 12:39:13] Programmes dans les fichiers demandés: Programme 5467 (151396-08), Programme 5468 (151396-08), Programme 5501 (151396-08), Programme 5511 (151396-08)
I> [02/11/2011 12:39:19] Emission de programme: Programme 5467 (151396-08)
I> [02/11/2011 12:39:32] Emission de programme: Programme 5468 (151396-08)
I> [02/11/2011 12:39:47] Emission de programme: Programme 5501 (151396-08)
I> [02/11/2011 12:39:57] Emission de programme: Programme 5511 (151396-08)
I> [02/11/2011 15:41:12] Appel depuis la CN de: DN40811103E
I> [02/11/2011 15:41:17] Le programme appelé depuis la CN est trouvé: C:\machines\T32 Bis\Programmes\DN40811103E.MZK
I> [02/11/2011 15:41:17] Programmes dans les fichiers demandés: Programme 5554 (DN40811103E), Programme 5555 (DN40811103E), Programme 5556 (DN40811103E)
I> [02/11/2011 15:41:49] Emission de programme: Programme 5554 (DN40811103E)
I> [02/11/2011 15:41:55] Emission de programme: Programme 5555 (DN40811103E)
I> [02/11/2011 15:42:02] Emission de programme: Programme 5556 (DN40811103E)
