I> [02/12/2008 05:15:27] Port activé avec succès.
I> [02/12/2008 05:17:15] Appel depuis la CN de: 2976835D
I> [02/12/2008 05:17:20] Le programme appelé depuis la CN est trouvé: C:\machines\T32 Bis\Programmes\FLOWSERVE\2976835D.MZK
I> [02/12/2008 05:17:20] Programmes dans les fichiers demandés: Programme 50 (2976835D), Programme 51 (2976835D)
I> [02/12/2008 05:17:36] Emission de programme: Programme 50 (2976835D)
I> [02/12/2008 05:17:48] Emission de programme: Programme 51 (2976835D)
I> [02/12/2008 05:19:53] Appel depuis la CN de: 2976841D
I> [02/12/2008 05:19:57] Le programme appelé depuis la CN est trouvé: C:\machines\T32 Bis\Programmes\FLOWSERVE\2976841D.MZK
I> [02/12/2008 05:19:57] Programmes dans les fichiers demandés: Programme 126 (2976841D), Programme 163 (2976841D)
I> [02/12/2008 05:20:03] Emission de programme: Programme 126 (2976841D)
I> [02/12/2008 05:20:16] Emission de programme: Programme 163 (2976841D)
I> [02/12/2008 14:58:24] Appel depuis la CN de: 2976841D
I> [02/12/2008 14:59:04] Appel depuis la CN de: 2976841D
I> [02/12/2008 14:59:08] Le programme appelé depuis la CN est trouvé: C:\machines\T32 Bis\Programmes\FLOWSERVE\2976841D.MZK
I> [02/12/2008 14:59:08] Programmes dans les fichiers demandés: Programme 126 (2976841D), Programme 163 (2976841D)
I> [02/12/2008 14:59:22] Emission de programme: Programme 126 (2976841D)
I> [02/12/2008 15:13:04] Emission de programme: Programme 126 (2976841D)
I> [02/12/2008 15:18:02] Emission de programme: Programme 126 (2976841D)
I> [02/12/2008 20:21:59] Réception: programme 427 (361903D)
I> [02/12/2008 20:22:08] Fichier reçu: C:\machines\T32 Bis\Programmes\361903D.MZK
I> [02/12/2008 20:22:08] Programmes dans les fichiers demandés: Programme 427 (361903D)
I> [02/12/2008 20:23:28] Appel depuis la CN de: 2976327D
I> [02/12/2008 20:23:35] Le programme appelé depuis la CN est trouvé: C:\machines\T32 Bis\Programmes\FLOWSERVE\2976327D.MZK
I> [02/12/2008 20:23:35] Programmes dans les fichiers demandés: Programme 127 (2976327D), Programme 130 (2976327D)
I> [02/12/2008 20:23:39] Appel depuis la CN de: 2976327D
I> [02/12/2008 20:23:47] Le programme appelé depuis la CN est trouvé: C:\machines\T32 Bis\Programmes\FLOWSERVE\2976327D.MZK
I> [02/12/2008 20:23:47] Programmes dans les fichiers demandés: Programme 127 (2976327D), Programme 130 (2976327D)
I> [02/12/2008 20:23:48] Emission de programme: Programme 127 (2976327D)
I> [02/12/2008 20:24:02] Emission de programme: Programme 130 (2976327D)
I> [02/12/2008 20:29:09] Appel depuis la CN de: 2976325C
I> [02/12/2008 20:29:14] Le programme appelé depuis la CN est trouvé: C:\machines\T32 Bis\Programmes\FLOWSERVE\2976325C.MZK
I> [02/12/2008 20:29:14] Programmes dans les fichiers demandés: Programme 128 (2976325C), Programme 131 (2976325C)
I> [02/12/2008 20:29:19] Emission de programme: Programme 128 (2976325C)
I> [02/12/2008 20:29:33] Emission de programme: Programme 131 (2976325C)
