I> [02/12/2009 05:04:07] Port activé avec succès.
I> [02/12/2009 05:11:31] Appel depuis la CN de: 11270-01-01
E> [02/12/2009 05:11:37] N'a pu émettre le fichier: C:\machines\T32 Bis\Programmes\4340 02 09A.MZK [Le système ne peut pas lire le périphérique indiqué]
I> [02/12/2009 05:11:38] Le programme appelé depuis la CN est trouvé: C:\machines\T32 Bis\Programmes\11270-01-01.MZK
I> [02/12/2009 05:11:38] Programmes dans les fichiers demandés: Programme 4063 (11270-01-01), Programme 4065 (11270-01-01), Programme 4100 (11270-01-01), Programme 4101 (11270-01-01)
I> [02/12/2009 05:11:45] Appel depuis la CN de: 11270-01-01
I> [02/12/2009 05:11:54] Le programme appelé depuis la CN est trouvé: C:\machines\T32 Bis\Programmes\11270-01-01.MZK
I> [02/12/2009 05:11:54] Programmes dans les fichiers demandés: Programme 4063 (11270-01-01), Programme 4065 (11270-01-01), Programme 4100 (11270-01-01), Programme 4101 (11270-01-01)
I> [02/12/2009 05:12:10] Emission de programme: Programme 4065 (11270-01-01)
I> [02/12/2009 09:58:51] Appel depuis la CN de: 11270-01-01
I> [02/12/2009 09:59:01] Le programme appelé depuis la CN est trouvé: C:\machines\T32 Bis\Programmes\11270-01-01.MZK
I> [02/12/2009 09:59:01] Programmes dans les fichiers demandés: Programme 4063 (11270-01-01), Programme 4065 (11270-01-01), Programme 4100 (11270-01-01), Programme 4101 (11270-01-01)
I> [02/12/2009 09:59:08] Emission de programme: Programme 4100 (11270-01-01)
I> [02/12/2009 09:59:35] Emission de programme: Programme 4101 (11270-01-01)
I> [02/12/2009 10:00:48] Appel depuis la CN de: 11270-01-01
E> [02/12/2009 10:00:54] N'a pu émettre le fichier: C:\machines\T32 Bis\Programmes\11270-01-01.MZK [Le système ne peut pas lire le périphérique indiqué]
I> [02/12/2009 10:00:55] Le programme appelé depuis la CN est trouvé: C:\machines\T32 Bis\Programmes\LA CALHENE\11270-01-01.MZK
I> [02/12/2009 10:00:55] Programmes dans les fichiers demandés: Programme 4063 (11270-01-01), Programme 4065 (11270-01-01), Programme 4100 (11270-01-01), Programme 4101 (11270-01-01)
I> [02/12/2009 10:01:02] Appel depuis la CN de: 11270-01-01
I> [02/12/2009 10:01:09] Le programme appelé depuis la CN est trouvé: C:\machines\T32 Bis\Programmes\LA CALHENE\11270-01-01.MZK
I> [02/12/2009 10:01:09] Programmes dans les fichiers demandés: Programme 4063 (11270-01-01), Programme 4065 (11270-01-01), Programme 4100 (11270-01-01), Programme 4101 (11270-01-01)
I> [02/12/2009 10:02:10] Appel depuis la CN de: 11270-0101
I> [02/12/2009 10:02:17] Le programme appelé depuis la CN est trouvé: C:\machines\T32 Bis\Programmes\LA CALHENE\11270-0101.MZK
I> [02/12/2009 10:02:17] Programmes dans les fichiers demandés: Programme 468 (11270-01-01)
I> [02/12/2009 10:02:24] Emission de programme: Programme 468 (11270-01-01)
