I> [02/11/2009 05:20:08] Port activé avec succès.
I> [02/11/2009 12:53:37] Réception: programme 718 (5995343AFOR)
I> [02/11/2009 12:53:45] Réception: programme 720 (5995343AFOR)
I> [02/11/2009 12:54:04] Fichier reçu: C:\machines\T32 Bis\Programmes\5995343AFOR.MZK
I> [02/11/2009 12:54:04] Programmes dans les fichiers demandés: Programme 718 (5995343AFOR), Programme 720 (5995343AFOR)
I> [02/11/2009 12:56:32] Réception: programme 719 (5995231BFOR)
I> [02/11/2009 12:56:40] Réception: programme 721 (5995231BFOR)
I> [02/11/2009 12:56:59] Fichier reçu: C:\machines\T32 Bis\Programmes\5995231BFOR.MZK
I> [02/11/2009 12:56:59] Programmes dans les fichiers demandés: Programme 719 (5995231BFOR), Programme 721 (5995231BFOR)
I> [02/11/2009 13:29:53] Appel depuis la CN de: 113500103K1
I> [02/11/2009 13:30:00] Le programme appelé depuis la CN est trouvé: C:\machines\T32 Bis\Programmes\LA CALHENE\113500103K1.MZK
I> [02/11/2009 13:30:00] Programmes dans les fichiers demandés: Programme 326 (113500103K1), Programme 327 (113500103K1), Programme 328 (113500103K1), Programme 329 (113500103K1)
I> [02/11/2009 13:30:12] Emission de programme: Programme 326 (113500103K1)
I> [02/11/2009 13:30:17] Emission de programme: Programme 327 (113500103K1)
I> [02/11/2009 13:30:44] Emission de programme: Programme 328 (113500103K1)
I> [02/11/2009 13:30:57] Emission de programme: Programme 329 (113500103K1)
I> [02/11/2009 13:34:48] Appel depuis la CN de: 113500103K
I> [02/11/2009 13:34:55] Le programme appelé depuis la CN est trouvé: C:\machines\T32 Bis\Programmes\LA CALHENE\113500103K.MZK
I> [02/11/2009 13:34:55] Programmes dans les fichiers demandés: Programme 4415 (113500103K), Programme 4416 (113500103K), Programme 4417 (113500103K), Programme 4418 (113500103K)
I> [02/11/2009 13:35:04] Emission de programme: Programme 4415 (113500103K)
I> [02/11/2009 13:35:12] Emission de programme: Programme 4416 (113500103K)
I> [02/11/2009 13:35:36] Emission de programme: Programme 4417 (113500103K)
I> [02/11/2009 13:35:49] Emission de programme: Programme 4418 (113500103K)
