I> [02/12/2014 04:50:20] Port activé avec succès.
I> [02/12/2014 15:13:25] Appel depuis la CN de: 10270090201
I> [02/12/2014 15:13:38] Le programme appelé depuis la CN est trouvé: C:\machines\T32 Bis\Programmes\LA CALHENE\10270090201.MZK
I> [02/12/2014 15:13:38] Programmes dans les fichiers demandés: Programme 302 (10270090201), Programme 303 (10270090201), Programme 304 (10270090201), Programme 336 (10270090201)
I> [02/12/2014 15:13:49] Appel depuis la CN de: 10270090201
I> [02/12/2014 15:13:56] Le programme appelé depuis la CN est trouvé: C:\machines\T32 Bis\Programmes\LA CALHENE\10270090201.MZK
I> [02/12/2014 15:13:56] Programmes dans les fichiers demandés: Programme 302 (10270090201), Programme 303 (10270090201), Programme 304 (10270090201), Programme 336 (10270090201)
I> [02/12/2014 15:13:57] Emission de programme: Programme 302 (10270090201)
I> [02/12/2014 15:14:06] Emission de programme: Programme 303 (10270090201)
I> [02/12/2014 15:14:22] Emission de programme: Programme 304 (10270090201)
I> [02/12/2014 15:14:46] Emission de programme: Programme 336 (10270090201)
I> [02/12/2014 17:50:50] Appel depuis la CN de: 113500103L
I> [02/12/2014 17:50:55] Le programme appelé depuis la CN est trouvé: C:\machines\T32 Bis\Programmes\LA CALHENE\113500103L.MZK
I> [02/12/2014 17:50:55] Programmes dans les fichiers demandés: Programme 1000 (113500103L), Programme 1435 (113500103L), Programme 1001 (113500103L), Programme 1002 (113500103L), Programme 1003 (113500103L)
I> [02/12/2014 17:51:04] Emission de programme: Programme 1000 (113500103L)
I> [02/12/2014 17:51:18] Emission de programme: Programme 1435 (113500103L)
I> [02/12/2014 17:51:24] Emission de programme: Programme 1001 (113500103L)
I> [02/12/2014 17:52:38] Emission de programme: Programme 1002 (113500103L)
I> [02/12/2014 17:53:50] Réception: programme 1000 (113500103L)
I> [02/12/2014 17:54:05] Réception: programme 1435 (113500103L)
I> [02/12/2014 17:54:11] Réception: programme 1001 (113500103L)
I> [02/12/2014 17:55:24] Réception: programme 1002 (113500103L)
I> [02/12/2014 17:55:48] Réception: programme 1003 (113500103L)
I> [02/12/2014 17:56:20] Fichier reçu: C:\machines\T32 Bis\Programmes\113500103L.MZK
I> [02/12/2014 17:56:20] Programmes dans les fichiers demandés: Programme 1000 (113500103L), Programme 1435 (113500103L), Programme 1001 (113500103L), Programme 1002 (113500103L), Programme 1003 (113500103L)
I> [02/12/2014 17:59:18] Appel depuis la CN de: 10350090201
E> [02/12/2014 17:59:23] N'a pu émettre le fichier: C:\machines\T32 Bis\Programmes\113500103L.MZK [Le système ne peut pas lire le périphérique indiqué]
I> [02/12/2014 17:59:24] Le programme appelé depuis la CN est trouvé: C:\machines\T32 Bis\Programmes\LA CALHENE\10350090201.MZK
I> [02/12/2014 17:59:24] Programmes dans les fichiers demandés: Programme 1442 (10350090201), Programme 1443 (10350090201), Programme 1444 (10350090201), Programme 1445 (10350090201), Programme 1446 (10350090201)
I> [02/12/2014 17:59:29] Emission de programme: Programme 1442 (10350090201)
I> [02/12/2014 17:59:38] Emission de programme: Programme 1443 (10350090201)
I> [02/12/2014 17:59:44] Emission de programme: Programme 1444 (10350090201)
I> [02/12/2014 18:00:00] Emission de programme: Programme 1445 (10350090201)
I> [02/12/2014 18:00:10] Emission de programme: Programme 1446 (10350090201)
I> [02/12/2014 20:00:17] Emission de programme: Programme 1442 (10350090201)
