I> [02/10/2008 07:44:37] Port activé avec succès.
I> [02/10/2008 07:48:12] Appel depuis la CN de: 4340-02-09A
I> [02/10/2008 07:48:17] Le programme appelé depuis la CN est trouvé: C:\machines\T32 Bis\Programmes\4340-02-09A.MZK
I> [02/10/2008 07:48:17] Programmes dans les fichiers demandés: Programme 4625 (4340-02-09A), Programme 4626 (4340-02-09A)
I> [02/10/2008 07:48:24] Emission de programme: Programme 4625 (4340-02-09A)
I> [02/10/2008 07:49:03] Emission de programme: Programme 4626 (4340-02-09A)
I> [02/10/2008 08:38:03] Appel depuis la CN de: 1179900604
I> [02/10/2008 08:38:08] Le programme appelé depuis la CN est trouvé: C:\machines\T32 Bis\Programmes\MEUNIER\1179900604.MZK
I> [02/10/2008 08:38:08] Programmes dans les fichiers demandés: Programme 4184 (1179900604), Programme 4185 (1179900604), Programme 4186 (1179900604)
I> [02/10/2008 08:38:30] Emission de programme: Programme 4184 (1179900604)
I> [02/10/2008 08:38:43] Emission de programme: Programme 4185 (1179900604)
I> [02/10/2008 08:38:52] Emission de programme: Programme 4186 (1179900604)
I> [02/10/2008 10:22:10] Port arrêté.
I> [02/10/2008 10:40:17] Port activé avec succès.
I> [02/10/2008 17:34:03] Appel depuis la CN de: 1179900616
I> [02/10/2008 17:34:10] Le programme appelé depuis la CN est trouvé: C:\machines\T32 Bis\Programmes\1179900616.MZK
I> [02/10/2008 17:34:10] Programmes dans les fichiers demandés: Programme 4178 (1179900616), Programme 4179 (1179900616)
I> [02/10/2008 17:34:20] Appel depuis la CN de: 1179900616
I> [02/10/2008 17:34:27] Le programme appelé depuis la CN est trouvé: C:\machines\T32 Bis\Programmes\1179900616.MZK
I> [02/10/2008 17:34:27] Programmes dans les fichiers demandés: Programme 4178 (1179900616), Programme 4179 (1179900616)
I> [02/10/2008 17:34:31] Emission de programme: Programme 4179 (1179900616)
