I> [03/06/2010 08:08:17] Port activé avec succès.
I> [03/06/2010 15:25:27] Appel depuis la CN de: 430000422C
E> [03/06/2010 15:25:34] N'a pu trouver le programme appelé depuis la CN: 430000422C.MZK [Premier répertoire recherché : C:\machines\T32 Bis\Programmes]
E> [03/06/2010 15:25:36] N'a pu émettre le fichier. [Previous remote request failed.]
I> [03/06/2010 15:43:58] Appel depuis la CN de: 430000422B
I> [03/06/2010 15:44:04] Le programme appelé depuis la CN est trouvé: C:\machines\T32 Bis\Programmes\ERCA FORMSEAL\430000422B.MZK
I> [03/06/2010 15:44:05] Programmes dans les fichiers demandés: Programme 724 (430000422B), Programme 725 (430000422B), Programme 730 (430000422B), Programme 731 (430000422B), Programme 735 (430000422B), Programme 736 (430000422B), Programme 737 (430000422B)
I> [03/06/2010 15:44:14] Emission de programme: Programme 724 (430000422B)
I> [03/06/2010 15:44:24] Emission de programme: Programme 725 (430000422B)
I> [03/06/2010 15:44:38] Emission de programme: Programme 730 (430000422B)
I> [03/06/2010 15:44:47] Emission de programme: Programme 731 (430000422B)
I> [03/06/2010 15:45:00] Emission de programme: Programme 735 (430000422B)
I> [03/06/2010 15:45:13] Emission de programme: Programme 736 (430000422B)
I> [03/06/2010 15:45:23] Emission de programme: Programme 737 (430000422B)
I> [03/06/2010 16:16:34] Appel depuis la CN de: 430000410E
I> [03/06/2010 16:16:41] Le programme appelé depuis la CN est trouvé: C:\machines\T32 Bis\Programmes\ERCA FORMSEAL\430000410E.MZK
I> [03/06/2010 16:16:41] Programmes dans les fichiers demandés: Programme 726 (430000410E), Programme 727 (430000410E), Programme 728 (430000410E), Programme 729 (430000410E), Programme 732 (430000410E), Programme 733 (430000410E), Programme 734 (430000410E)
I> [03/06/2010 16:16:49] Emission de programme: Programme 726 (430000410E)
I> [03/06/2010 16:16:58] Emission de programme: Programme 727 (430000410E)
I> [03/06/2010 16:17:12] Emission de programme: Programme 728 (430000410E)
I> [03/06/2010 16:17:20] Emission de programme: Programme 729 (430000410E)
I> [03/06/2010 16:17:32] Emission de programme: Programme 732 (430000410E)
I> [03/06/2010 16:17:45] Emission de programme: Programme 733 (430000410E)
I> [03/06/2010 16:17:56] Emission de programme: Programme 734 (430000410E)
I> [03/06/2010 16:35:09] Appel depuis la CN de: 652000F
I> [03/06/2010 16:35:18] Le programme appelé depuis la CN est trouvé: C:\machines\T32 Bis\Programmes\LA CALHENE\652000F.MZK
I> [03/06/2010 16:35:18] Programmes dans les fichiers demandés: Programme 262 (652000F), Programme 263 (652000F), Programme 264 (652000F), Programme 265 (652000F), Programme 273 (652000F)
I> [03/06/2010 16:35:39] Appel depuis la CN de: 652000F
I> [03/06/2010 16:35:48] Le programme appelé depuis la CN est trouvé: C:\machines\T32 Bis\Programmes\LA CALHENE\652000F.MZK
I> [03/06/2010 16:35:48] Programmes dans les fichiers demandés: Programme 262 (652000F), Programme 263 (652000F), Programme 264 (652000F), Programme 265 (652000F), Programme 273 (652000F)
I> [03/06/2010 16:36:46] Emission de programme: Programme 262 (652000F)
I> [03/06/2010 16:36:52] Emission de programme: Programme 263 (652000F)
I> [03/06/2010 16:37:00] Emission de programme: Programme 265 (652000F)
I> [03/06/2010 16:37:07] Emission de programme: Programme 273 (652000F)
I> [03/06/2010 16:38:00] Réception: programme 262 (652000F)
I> [03/06/2010 16:38:06] Réception: programme 263 (652000F)
I> [03/06/2010 16:38:14] Réception: programme 264 (652000F)
I> [03/06/2010 16:38:42] Réception: programme 265 (652000F)
I> [03/06/2010 16:38:49] Réception: programme 273 (652000F)
I> [03/06/2010 16:38:59] Fichier reçu: C:\machines\T32 Bis\Programmes\652000F.MZK
I> [03/06/2010 16:39:00] Programmes dans les fichiers demandés: Programme 262 (652000F), Programme 263 (652000F), Programme 264 (652000F), Programme 265 (652000F), Programme 273 (652000F)
