I> [03/03/2010 05:14:07] Port activé avec succès.
I> [03/03/2010 10:28:59] Réception: programme 794 (3988011A)
I> [03/03/2010 10:29:13] Réception: programme 795 (3988011A)
I> [03/03/2010 10:29:23] Fichier reçu: C:\machines\T32 Bis\Programmes\3988011A.MZK
I> [03/03/2010 10:29:23] Programmes dans les fichiers demandés: Programme 794 (3988011A), Programme 795 (3988011A)
I> [03/03/2010 11:11:05] Port activé avec succès.
I> [03/03/2010 11:16:46] Appel depuis la CN de: 4801944A
I> [03/03/2010 11:16:51] Le programme appelé depuis la CN est trouvé: C:\machines\T32 Bis\Programmes\4801944A.MZK
I> [03/03/2010 11:16:51] Programmes dans les fichiers demandés: Programme 4264 (4801944A), Programme 4265 (4801944A)
I> [03/03/2010 11:16:58] Emission de programme: Programme 4264 (4801944A)
I> [03/03/2010 11:17:17] Emission de programme: Programme 4265 (4801944A)
I> [03/03/2010 14:35:39] Appel depuis la CN de: 3980148E
I> [03/03/2010 14:35:45] Le programme appelé depuis la CN est trouvé: C:\machines\T32 Bis\Programmes\3980148E.MZK
I> [03/03/2010 14:35:45] Programmes dans les fichiers demandés: Programme 5071 (3980148E), Programme 5072 (3980148E)
I> [03/03/2010 14:35:50] Emission de programme: Programme 5071 (3980148E)
I> [03/03/2010 14:36:10] Emission de programme: Programme 5072 (3980148E)
I> [03/03/2010 17:15:43] Appel depuis la CN de: A-4801947B
E> [03/03/2010 17:15:48] N'a pu émettre le fichier: C:\machines\T32 Bis\Programmes\3980148E.MZK [Le système ne peut pas lire le périphérique indiqué]
I> [03/03/2010 17:15:49] Le programme appelé depuis la CN est trouvé: C:\machines\T32 Bis\Programmes\A-4801947B.MZK
I> [03/03/2010 17:15:49] Programmes dans les fichiers demandés: Programme 31, Données d'outil, Programme 28, Données d'outil
I> [03/03/2010 17:15:56] Appel depuis la CN de: A-4801947B
I> [03/03/2010 17:16:02] Le programme appelé depuis la CN est trouvé: C:\machines\T32 Bis\Programmes\A-4801947B.MZK
I> [03/03/2010 17:16:02] Programmes dans les fichiers demandés: Programme 31, Données d'outil, Programme 28, Données d'outil
I> [03/03/2010 17:16:04] Emission de programme: Programme 31
I> [03/03/2010 17:16:10] Emission de programme: Données d'outil
I> [03/03/2010 17:16:11] Emission de programme: Programme 28
I> [03/03/2010 17:16:17] Emission de programme: Données d'outil
I> [03/03/2010 17:17:38] Appel depuis la CN de: 3980181E
E> [03/03/2010 17:17:43] N'a pu trouver le programme appelé depuis la CN: 3980181E.MZK [Premier répertoire recherché : C:\machines\T32 Bis\Programmes]
E> [03/03/2010 17:17:44] N'a pu émettre le fichier. [Previous remote request failed.]
I> [03/03/2010 17:17:50] Appel depuis la CN de: 3980181E
E> [03/03/2010 17:17:55] N'a pu émettre le fichier. [Previous remote request failed.]
E> [03/03/2010 17:17:55] N'a pu trouver le programme appelé depuis la CN: 3980181E.MZK [Premier répertoire recherché : C:\machines\T32 Bis\Programmes]
I> [03/03/2010 17:18:36] Appel depuis la CN de: 3980181E
E> [03/03/2010 17:18:41] N'a pu émettre le fichier. [Previous remote request failed.]
E> [03/03/2010 17:18:41] N'a pu trouver le programme appelé depuis la CN: 3980181E.MZK [Premier répertoire recherché : C:\machines\T32 Bis\Programmes]
I> [03/03/2010 17:18:58] Appel depuis la CN de: 3980181E
E> [03/03/2010 17:19:03] N'a pu trouver le programme appelé depuis la CN: 3980181E.MZK [Premier répertoire recherché : C:\machines\T32 Bis\Programmes]
E> [03/03/2010 17:19:04] N'a pu émettre le fichier. [Previous remote request failed.]
I> [03/03/2010 17:27:33] Appel depuis la CN de: 3980181E
E> [03/03/2010 17:27:38] N'a pu émettre le fichier. [Previous remote request failed.]
I> [03/03/2010 17:27:38] Le programme appelé depuis la CN est trouvé: C:\machines\T32 Bis\Programmes\3980181E.MZK
I> [03/03/2010 17:27:38] Programmes dans les fichiers demandés: Programme 9, Données d'outil, Programme 34, Données d'outil, Programme 24, Données d'outil
I> [03/03/2010 17:27:43] Appel depuis la CN de: 3980181E
I> [03/03/2010 17:27:51] Le programme appelé depuis la CN est trouvé: C:\machines\T32 Bis\Programmes\3980181E.MZK
I> [03/03/2010 17:27:51] Programmes dans les fichiers demandés: Programme 9, Données d'outil, Programme 34, Données d'outil, Programme 24, Données d'outil
I> [03/03/2010 17:30:38] Emission de programme: Programme 9
I> [03/03/2010 17:30:41] Emission de programme: Données d'outil
I> [03/03/2010 17:30:42] Emission de programme: Programme 34
I> [03/03/2010 17:30:49] Emission de programme: Données d'outil
I> [03/03/2010 17:30:50] Emission de programme: Programme 24
I> [03/03/2010 17:30:55] Emission de programme: Données d'outil
