I> [03/02/2009 09:47:03] Port activé avec succès.
I> [03/02/2009 10:35:58] Réception: programme 466 (3972363A)
I> [03/02/2009 10:36:26] Réception: programme 467 (3972363A)
I> [03/02/2009 10:36:51] Fichier reçu: C:\machines\T32 Bis\Programmes\3972363A.MZK
I> [03/02/2009 10:36:51] Programmes dans les fichiers demandés: Programme 466 (3972363A), Programme 467 (3972363A)
I> [03/02/2009 10:46:38] Appel depuis la CN de: BA 303
I> [03/02/2009 10:46:44] Le programme appelé depuis la CN est trouvé: C:\machines\T32 Bis\Programmes\MECAMARC\BA 303.MZK
I> [03/02/2009 10:46:44] Programmes dans les fichiers demandés: Programme 222 (BA 303), Programme 223 (BA 303), Programme 224 (BA 303), Programme 225 (BA 303), Programme 226 (BA 303), Programme 371 (BA 303), Programme 372 (BA 303), Programme 373 (BA 303)
I> [03/02/2009 10:46:59] Emission de programme: Programme 222 (BA 303)
I> [03/02/2009 10:47:07] Emission de programme: Programme 223 (BA 303)
I> [03/02/2009 10:47:14] Emission de programme: Programme 224 (BA 303)
I> [03/02/2009 10:47:22] Emission de programme: Programme 225 (BA 303)
I> [03/02/2009 10:47:33] Emission de programme: Programme 226 (BA 303)
I> [03/02/2009 10:47:44] Emission de programme: Programme 371 (BA 303)
I> [03/02/2009 10:48:04] Emission de programme: Programme 372 (BA 303)
I> [03/02/2009 10:48:30] Emission de programme: Programme 373 (BA 303)
I> [03/02/2009 14:58:59] Appel depuis la CN de: 11270-01-01
I> [03/02/2009 14:59:06] Le programme appelé depuis la CN est trouvé: C:\machines\T32 Bis\Programmes\LA CALHENE\11270-01-01.MZK
I> [03/02/2009 14:59:06] Programmes dans les fichiers demandés: Programme 4063 (11270-01-01), Programme 4065 (11270-01-01), Programme 4100 (11270-01-01), Programme 4101 (11270-01-01)
I> [03/02/2009 15:00:18] Appel depuis la CN de: 11270-01-01
I> [03/02/2009 15:00:27] Le programme appelé depuis la CN est trouvé: C:\machines\T32 Bis\Programmes\LA CALHENE\11270-01-01.MZK
I> [03/02/2009 15:00:27] Programmes dans les fichiers demandés: Programme 4063 (11270-01-01), Programme 4065 (11270-01-01), Programme 4100 (11270-01-01), Programme 4101 (11270-01-01)
I> [03/02/2009 15:02:17] Emission de programme: Programme 4063 (11270-01-01)
I> [03/02/2009 15:02:49] Emission de programme: Programme 4065 (11270-01-01)
I> [03/02/2009 15:03:02] Emission de programme: Programme 4100 (11270-01-01)
I> [03/02/2009 15:03:31] Emission de programme: Programme 4101 (11270-01-01)
I> [03/02/2009 18:18:24] Appel depuis la CN de: 11270-01-01
I> [03/02/2009 18:18:30] Le programme appelé depuis la CN est trouvé: C:\machines\T32 Bis\Programmes\11270-01-01.MZK
I> [03/02/2009 18:18:30] Programmes dans les fichiers demandés: Programme 4063 (11270-01-01), Programme 4065 (11270-01-01), Programme 4100 (11270-01-01), Programme 4101 (11270-01-01)
I> [03/02/2009 18:20:05] Appel depuis la CN de: 11270-55-01
I> [03/02/2009 18:20:11] Le programme appelé depuis la CN est trouvé: C:\machines\T32 Bis\Programmes\LA CALHENE\11270-55-01.MZK
I> [03/02/2009 18:20:11] Programmes dans les fichiers demandés: Programme 4064 (11270-55-01), Programme 4066 (11270-55-01), Programme 4099 (11270-55-01), Programme 4101 (11270-55-01)
I> [03/02/2009 18:21:01] Emission de programme: Programme 4064 (11270-55-01)
I> [03/02/2009 18:21:33] Emission de programme: Programme 4066 (11270-55-01)
I> [03/02/2009 18:21:46] Emission de programme: Programme 4099 (11270-55-01)
I> [03/02/2009 18:22:10] Emission de programme: Programme 4101 (11270-55-01)
