I> [03/09/2009 07:42:51] Port activé avec succès.
I> [03/09/2009 15:33:04] Appel depuis la CN de: 30190300101
I> [03/09/2009 15:33:09] Le programme appelé depuis la CN est trouvé: C:\machines\T32 Bis\Programmes\LA CALHENE\30190300101.MZK
I> [03/09/2009 15:33:09] Programmes dans les fichiers demandés: Programme 65 (30190300101), Programme 66 (30190300101), Programme 69 (30190300101), Programme 75 (30190300101)
I> [03/09/2009 15:33:18] Emission de programme: Programme 65 (30190300101)
I> [03/09/2009 15:33:29] Emission de programme: Programme 66 (30190300101)
I> [03/09/2009 15:33:45] Emission de programme: Programme 69 (30190300101)
I> [03/09/2009 16:05:34] Réception: programme 65 (30190300101)
I> [03/09/2009 16:05:45] Réception: programme 66 (30190300101)
I> [03/09/2009 16:06:01] Réception: programme 69 (30190300101)
I> [03/09/2009 16:06:23] Réception: programme 75 (30190300101)
I> [03/09/2009 16:07:17] Fichier reçu: C:\machines\T32 Bis\Programmes\30190300101.MZK
I> [03/09/2009 16:07:17] Programmes dans les fichiers demandés: Programme 65 (30190300101), Programme 66 (30190300101), Programme 69 (30190300101), Programme 75 (30190300101)
I> [03/09/2009 16:19:07] Appel depuis la CN de: 30190300101
E> [03/09/2009 16:19:12] N'a pu émettre le fichier: C:\machines\T32 Bis\Programmes\30190300101.MZK [Le système ne peut pas lire le périphérique indiqué]
I> [03/09/2009 16:19:12] Le programme appelé depuis la CN est trouvé: C:\machines\T32 Bis\Programmes\LA CALHENE\30190300101.MZK
I> [03/09/2009 16:19:12] Programmes dans les fichiers demandés: Programme 65 (30190300101), Programme 66 (30190300101), Programme 69 (30190300101), Programme 75 (30190300101)
I> [03/09/2009 16:19:19] Appel depuis la CN de: 30190300101
I> [03/09/2009 16:19:24] Le programme appelé depuis la CN est trouvé: C:\machines\T32 Bis\Programmes\LA CALHENE\30190300101.MZK
I> [03/09/2009 16:19:24] Programmes dans les fichiers demandés: Programme 65 (30190300101), Programme 66 (30190300101), Programme 69 (30190300101), Programme 75 (30190300101)
