I> [03/07/2007 00:04:31] Appel depuis la CN de: 121900401G
I> [03/07/2007 00:04:41] Le programme appelé depuis la CN est trouvé: C:\machines\T32\Programmes\LA CALHENE\121900401G.MZK
I> [03/07/2007 00:04:41] Programmes dans les fichiers demandés: Programme 4424 (121900401G), Programme 4425 (121900401G), Programme 4426 (121900401G), Programme 4427 (121900401G), Programme 4430 (121900401G), Programme 4442 (121900401G)
I> [03/07/2007 00:05:26] Emission de programme: Programme 4424 (121900401G)
I> [03/07/2007 00:05:39] Emission de programme: Programme 4425 (121900401G)
I> [03/07/2007 00:05:53] Emission de programme: Programme 4426 (121900401G)
I> [03/07/2007 00:06:22] Emission de programme: Programme 4427 (121900401G)
I> [03/07/2007 00:06:45] Emission de programme: Programme 4430 (121900401G)
I> [03/07/2007 00:07:00] Emission de programme: Programme 4442 (121900401G)
I> [03/07/2007 02:40:45] Réception: programme 4424 (121900401G)
I> [03/07/2007 02:40:58] Réception: programme 4425 (121900401G)
I> [03/07/2007 02:41:12] Réception: programme 4426 (121900401G)
I> [03/07/2007 02:41:41] Réception: programme 4427 (121900401G)
I> [03/07/2007 02:42:05] Réception: programme 4430 (121900401G)
I> [03/07/2007 02:42:20] Réception: programme 4442 (121900401G)
I> [03/07/2007 02:42:26] Réception: programme 4452 (121900401G)
I> [03/07/2007 02:42:32] Fichier reçu: C:\machines\T32\Programmes\121900401G.MZK
I> [03/07/2007 02:42:32] Programmes dans les fichiers demandés: Programme 4424 (121900401G), Programme 4425 (121900401G), Programme 4426 (121900401G), Programme 4427 (121900401G), Programme 4430 (121900401G), Programme 4442 (121900401G), Programme 4452 (121900401G)
I> [03/07/2007 02:46:49] Appel depuis la CN de: 121900401G
E> [03/07/2007 02:46:59] N'a pu émettre le fichier: C:\machines\T32\Programmes\121900401G.MZK [Le système ne peut pas lire le périphérique indiqué]
I> [03/07/2007 02:47:00] Le programme appelé depuis la CN est trouvé: C:\machines\T32\Programmes\LA CALHENE\121900401G.MZK
I> [03/07/2007 02:47:00] Programmes dans les fichiers demandés: Programme 4424 (121900401G), Programme 4425 (121900401G), Programme 4426 (121900401G), Programme 4427 (121900401G), Programme 4430 (121900401G), Programme 4442 (121900401G), Programme 4452 (121900401G)
I> [03/07/2007 02:47:12] Appel depuis la CN de: 121900401G
I> [03/07/2007 02:47:25] Le programme appelé depuis la CN est trouvé: C:\machines\T32\Programmes\LA CALHENE\121900401G.MZK
I> [03/07/2007 02:47:26] Programmes dans les fichiers demandés: Programme 4424 (121900401G), Programme 4425 (121900401G), Programme 4426 (121900401G), Programme 4427 (121900401G), Programme 4430 (121900401G), Programme 4442 (121900401G), Programme 4452 (121900401G)
I> [03/07/2007 02:55:38] Appel depuis la CN de: 30190300101
I> [03/07/2007 02:55:48] Le programme appelé depuis la CN est trouvé: C:\machines\T32\Programmes\LA CALHENE\30190300101.MZK
I> [03/07/2007 02:55:48] Programmes dans les fichiers demandés: Programme 4083 (30190300101), Programme 4090 (30190300101), Programme 4103 (30190300101), Programme 4104 (30190300101)
I> [03/07/2007 02:55:53] Emission de programme: Programme 4083 (30190300101)
I> [03/07/2007 02:56:05] Emission de programme: Programme 4090 (30190300101)
I> [03/07/2007 02:56:57] Emission de programme: Programme 4103 (30190300101)
I> [03/07/2007 02:57:13] Emission de programme: Programme 4104 (30190300101)
