I> [03/06/2009 06:07:48] Port activé avec succès.
I> [03/06/2009 11:18:03] Réception: programme 583 (4987696A)
I> [03/06/2009 11:18:10] Réception: programme 584 (4987696A)
I> [03/06/2009 11:18:22] Réception: programme 585 (4987696A)
I> [03/06/2009 11:18:34] Fichier reçu: C:\machines\T32 Bis\Programmes\4987696A.MZK
I> [03/06/2009 11:18:34] Programmes dans les fichiers demandés: Programme 583 (4987696A), Programme 584 (4987696A), Programme 585 (4987696A)
I> [03/06/2009 11:22:31] Appel depuis la CN de: POULIE 250
I> [03/06/2009 11:22:37] Le programme appelé depuis la CN est trouvé: C:\machines\T32 Bis\Programmes\CRD\POULIE 250.MZK
I> [03/06/2009 11:22:37] Programmes dans les fichiers demandés: Programme 4093 (POULIE 250)
I> [03/06/2009 11:25:09] Emission de programme: Programme 4093 (POULIE 250)
I> [03/06/2009 11:35:52] Appel depuis la CN de: BAGUE BRONZ
I> [03/06/2009 11:36:00] Le programme appelé depuis la CN est trouvé: C:\machines\T32 Bis\Programmes\BAGUE BRONZ.MZK
I> [03/06/2009 11:36:00] Programmes dans les fichiers demandés: Programme 31, Données d'outil
I> [03/06/2009 11:36:54] Appel depuis la CN de: BAGUE BRONZ
I> [03/06/2009 11:37:01] Le programme appelé depuis la CN est trouvé: C:\machines\T32 Bis\Programmes\BAGUE BRONZ.MZK
I> [03/06/2009 11:37:01] Programmes dans les fichiers demandés: Programme 31, Données d'outil
I> [03/06/2009 11:37:08] Emission de programme: Programme 31
I> [03/06/2009 11:37:14] Emission de programme: Données d'outil
I> [03/06/2009 17:12:16] Réception: programme 586 (BAGUE BRONZ)
I> [03/06/2009 17:12:34] Fichier reçu: C:\machines\T32 Bis\Programmes\BAGUE BRONZ.MZK
I> [03/06/2009 17:12:34] Programmes dans les fichiers demandés: Programme 586 (BAGUE BRONZ)
I> [03/06/2009 17:27:24] Appel depuis la CN de: REP 02
I> [03/06/2009 17:27:31] Le programme appelé depuis la CN est trouvé: C:\machines\T32 Bis\Programmes\REP 02.MZK
I> [03/06/2009 17:27:31] Programmes dans les fichiers demandés: Programme 18, Données d'outil, Programme 20, Données d'outil, Programme 14, Données d'outil
I> [03/06/2009 17:27:54] Emission de programme: Programme 18
I> [03/06/2009 17:27:59] Emission de programme: Données d'outil
I> [03/06/2009 17:28:00] Emission de programme: Programme 20
I> [03/06/2009 17:28:04] Emission de programme: Données d'outil
I> [03/06/2009 17:28:06] Emission de programme: Programme 14
I> [03/06/2009 17:28:09] Emission de programme: Données d'outil
I> [03/06/2009 20:22:42] Réception: programme 587 (REP 02)
I> [03/06/2009 20:22:50] Réception: programme 589 (REP 02)
I> [03/06/2009 20:23:00] Réception: programme 590 (REP 02)
I> [03/06/2009 20:23:09] Fichier existant sauvegardé: C:\MACHINES\T32 BIS\SAUVEGARDES\REP 02_01.MZK
I> [03/06/2009 20:23:09] Fichier reçu: C:\machines\T32 Bis\Programmes\REP 02.MZK
I> [03/06/2009 20:23:09] Programmes dans les fichiers demandés: Programme 587 (REP 02), Programme 589 (REP 02), Programme 590 (REP 02)
