I> [03/09/2010 07:46:10] Port activé avec succès.
I> [03/09/2010 10:29:18] Port activé avec succès.
I> [03/09/2010 11:09:41] Réception: programme 967 (310931-1F)
I> [03/09/2010 11:09:48] Réception: programme 968 (310931-1F)
I> [03/09/2010 11:10:08] Réception: programme 969 (310931-1F)
I> [03/09/2010 11:10:20] Réception: programme 970 (310931-1F)
I> [03/09/2010 11:10:35] Réception: programme 971 (310931-1F)
I> [03/09/2010 11:11:09] Fichier reçu: C:\machines\T32 Bis\Programmes\310931-1F.MZK
I> [03/09/2010 11:11:09] Programmes dans les fichiers demandés: Programme 967 (310931-1F), Programme 968 (310931-1F), Programme 969 (310931-1F), Programme 970 (310931-1F), Programme 971 (310931-1F)
I> [03/09/2010 11:27:43] Appel depuis la CN de: 2971773D 2
E> [03/09/2010 11:27:47] N'a pu émettre le fichier: C:\machines\T32 Bis\Programmes\310931-1F.MZK [Le système ne peut pas lire le périphérique indiqué]
I> [03/09/2010 11:27:48] Le programme appelé depuis la CN est trouvé: C:\machines\T32 Bis\Programmes\FLOWSERVE\2971773D 2.MZK
I> [03/09/2010 11:27:48] Programmes dans les fichiers demandés: Programme 2993 (2971773D 2), Programme 3004 (2971773D 2), Programme 3005 (2971773D 2)
I> [03/09/2010 11:27:53] Emission de programme: Programme 2993 (2971773D 2)
I> [03/09/2010 11:28:05] Emission de programme: Programme 3004 (2971773D 2)
I> [03/09/2010 11:28:24] Emission de programme: Programme 3005 (2971773D 2)
I> [03/09/2010 20:50:42] Appel depuis la CN de: 07303007FIN
I> [03/09/2010 20:50:46] Le programme appelé depuis la CN est trouvé: C:\machines\T32 Bis\Programmes\07303007FIN.MZK
I> [03/09/2010 20:50:46] Programmes dans les fichiers demandés: Programme 286, Données d'outil
I> [03/09/2010 20:50:53] Emission de programme: Programme 286
I> [03/09/2010 20:50:59] Emission de programme: Données d'outil
