I> [03/06/05 10:26:42] Port activé avec succès.
I> [03/06/05 10:29:29] Appel depuis la CN de: GI 141
I> [03/06/05 10:29:34] Le programme appelé depuis la CN est trouvé: C:\machines\T32\Programes\MECAMARC\GI 141.MZK
I> [03/06/05 10:29:35] Programmes dans les fichiers demandés: Programme 3619 (GI 141), Programme 3620 (GI 141)
I> [03/06/05 10:29:45] Emission de programme: Programme 3619 (GI 141)
I> [03/06/05 10:30:06] Emission de programme: Programme 3620 (GI 141)
I> [03/06/05 13:14:05] Port activé avec succès.
I> [03/06/05 15:53:01] Réception: programme 3970 (4800318A)
I> [03/06/05 15:53:14] Réception: programme 3971 (4800318A)
I> [03/06/05 15:53:24] Fichier reçu: C:\machines\T32\Programes\4800318A.MZK
I> [03/06/05 15:53:25] Programmes dans les fichiers demandés: Programme 3970 (4800318A), Programme 3971 (4800318A)
I> [03/06/05 15:55:42] Appel depuis la CN de: 4800318A
I> [03/06/05 15:55:47] Le programme appelé depuis la CN est trouvé: C:\machines\T32\Programes\4800318A.MZK
I> [03/06/05 15:55:47] Programmes dans les fichiers demandés: Programme 3970 (4800318A), Programme 3971 (4800318A)
I> [03/06/05 15:56:03] Emission de programme: Programme 3970 (4800318A)
I> [03/06/05 15:56:16] Emission de programme: Programme 3971 (4800318A)
I> [03/06/05 15:59:44] Appel depuis la CN de: 4800318A
I> [03/06/05 15:59:49] Le programme appelé depuis la CN est trouvé: C:\machines\T32\Programes\Dresser\4800318A.MZK
I> [03/06/05 15:59:49] Programmes dans les fichiers demandés: Programme 3970 (4800318A), Programme 3971 (4800318A)
I> [03/06/05 15:59:57] Emission de programme: Programme 3970 (4800318A)
I> [03/06/05 16:00:11] Emission de programme: Programme 3971 (4800318A)
I> [03/06/05 16:01:36] Appel depuis la CN de: 4800318A
I> [03/06/05 16:01:41] Le programme appelé depuis la CN est trouvé: C:\machines\T32\Programes\4800318A.MZK
I> [03/06/05 16:01:41] Programmes dans les fichiers demandés: Programme 3970 (4800318A), Programme 3971 (4800318A)
I> [03/06/05 16:01:50] Emission de programme: Programme 3970 (4800318A)
I> [03/06/05 16:02:04] Emission de programme: Programme 3971 (4800318A)
I> [03/06/05 16:18:38] Port arrêté.
I> [03/06/05 16:19:52] Port activé avec succès.
I> [03/06/05 16:22:32] Port arrêté.
I> [03/06/05 16:24:56] Port activé avec succès.
I> [03/06/05 16:25:52] Port arrêté.
I> [03/06/05 16:31:31] Port activé avec succès.
I> [03/06/05 17:07:29] Port activé avec succès.
I> [03/06/05 17:15:04] Port arrêté.
I> [03/06/05 17:15:06] Port activé avec succès.
I> [03/06/05 17:20:02] Port arrêté.
I> [03/06/05 17:20:14] Port activé avec succès.
I> [03/06/05 17:47:17] Port activé avec succès.
