I> [03/01/2013 05:21:31] Port activé avec succès.
I> [03/01/2013 08:30:56] Appel depuis la CN de: 10270090201
I> [03/01/2013 08:31:01] Le programme appelé depuis la CN est trouvé: C:\machines\T32 Bis\Programmes\LA CALHENE\10270090201.MZK
I> [03/01/2013 08:31:01] Programmes dans les fichiers demandés: Programme 302 (10270090201), Programme 303 (10270090201), Programme 304 (10270090201), Programme 336 (10270090201)
I> [03/01/2013 08:31:18] Emission de programme: Programme 304 (10270090201)
I> [03/01/2013 17:50:06] Réception: programme 302 (10270090201)
I> [03/01/2013 17:50:14] Réception: programme 303 (10270090201)
I> [03/01/2013 17:50:31] Réception: programme 304 (10270090201)
I> [03/01/2013 17:50:54] Réception: programme 336 (10270090201)
I> [03/01/2013 17:51:08] Fichier reçu: C:\machines\T32 Bis\Programmes\10270090201.MZK
I> [03/01/2013 17:51:08] Programmes dans les fichiers demandés: Programme 302 (10270090201), Programme 303 (10270090201), Programme 304 (10270090201), Programme 336 (10270090201)
I> [03/01/2013 18:00:40] Appel depuis la CN de: 11270-55-01
I> [03/01/2013 18:00:45] Le programme appelé depuis la CN est trouvé: C:\machines\T32 Bis\Programmes\LA CALHENE\11270-55-01.MZK
I> [03/01/2013 18:00:45] Programmes dans les fichiers demandés: Programme 4064 (11270-55-01), Programme 4066 (11270-55-01), Programme 4099 (11270-55-01), Programme 4101 (11270-55-01)
I> [03/01/2013 18:25:26] Appel depuis la CN de: 11270-55-01
I> [03/01/2013 18:25:31] Le programme appelé depuis la CN est trouvé: C:\machines\T32 Bis\Programmes\LA CALHENE\11270-55-01.MZK
I> [03/01/2013 18:25:31] Programmes dans les fichiers demandés: Programme 4064 (11270-55-01), Programme 4066 (11270-55-01), Programme 4099 (11270-55-01), Programme 4101 (11270-55-01)
I> [03/01/2013 18:26:02] Appel depuis la CN de: 11270-55-01
I> [03/01/2013 18:26:06] Le programme appelé depuis la CN est trouvé: C:\machines\T32 Bis\Programmes\LA CALHENE\11270-55-01.MZK
I> [03/01/2013 18:26:06] Programmes dans les fichiers demandés: Programme 4064 (11270-55-01), Programme 4066 (11270-55-01), Programme 4099 (11270-55-01), Programme 4101 (11270-55-01)
I> [03/01/2013 19:01:04] Appel depuis la CN de: 11190 16 01
I> [03/01/2013 19:01:09] Le programme appelé depuis la CN est trouvé: C:\machines\T32 Bis\Programmes\LA CALHENE\11190 16 01.MZK
I> [03/01/2013 19:01:09] Programmes dans les fichiers demandés: Programme 1211 (11190 16 01), Programme 988 (11190 16 01), Programme 989 (11190 16 01), Programme 990 (11190 16 01), Programme 991 (11190 16 01)
I> [03/01/2013 19:02:00] Emission de programme: Programme 1211 (11190 16 01)
I> [03/01/2013 19:02:23] Emission de programme: Programme 988 (11190 16 01)
I> [03/01/2013 19:02:53] Emission de programme: Programme 989 (11190 16 01)
I> [03/01/2013 19:03:07] Emission de programme: Programme 990 (11190 16 01)
I> [03/01/2013 19:03:17] Emission de programme: Programme 991 (11190 16 01)
