I> [03/02/2010 06:22:16] Port activé avec succès.
I> [03/02/2010 06:22:32] Appel depuis la CN de: 30105510101
E> [03/02/2010 06:22:37] N'a pu émettre le fichier: C:\machines\T32 Bis\Programmes\D70-D60-D50.MZK [Le système ne peut pas lire le périphérique indiqué]
I> [03/02/2010 06:22:37] Le programme appelé depuis la CN est trouvé: C:\machines\T32 Bis\Programmes\LA CALHENE\30105510101.MZK
I> [03/02/2010 06:22:37] Programmes dans les fichiers demandés: Programme 577 (30105510101), Programme 578 (30105510101), Programme 579 (30105510101), Programme 580 (30105510101)
I> [03/02/2010 06:22:47] Appel depuis la CN de: 30105510101
I> [03/02/2010 06:22:56] Emission de programme: Programme 577 (30105510101)
I> [03/02/2010 06:23:11] Emission de programme: Programme 578 (30105510101)
I> [03/02/2010 06:23:31] Emission de programme: Programme 579 (30105510101)
I> [03/02/2010 06:23:50] Emission de programme: Programme 580 (30105510101)
I> [03/02/2010 06:24:48] Le programme appelé depuis la CN est trouvé: C:\machines\T32 Bis\Programmes\LA CALHENE\30105510101.MZK
I> [03/02/2010 06:24:48] Programmes dans les fichiers demandés: Programme 577 (30105510101), Programme 578 (30105510101), Programme 579 (30105510101), Programme 580 (30105510101)
I> [03/02/2010 08:13:25] Réception: programme 577 (30105510101)
I> [03/02/2010 08:13:41] Réception: programme 578 (30105510101)
I> [03/02/2010 08:14:01] Réception: programme 579 (30105510101)
I> [03/02/2010 08:14:21] Réception: programme 580 (30105510101)
I> [03/02/2010 08:15:19] Réception: programme 773 (30105510101)
I> [03/02/2010 08:15:39] Fichier reçu: C:\machines\T32 Bis\Programmes\30105510101.MZK
I> [03/02/2010 08:15:39] Programmes dans les fichiers demandés: Programme 577 (30105510101), Programme 578 (30105510101), Programme 579 (30105510101), Programme 580 (30105510101), Programme 773 (30105510101)
I> [03/02/2010 08:23:59] Appel depuis la CN de: 4996645A
E> [03/02/2010 08:24:05] N'a pu trouver le programme appelé depuis la CN: 4996645A.MZK [Premier répertoire recherché : C:\machines\T32 Bis\Programmes]
E> [03/02/2010 08:24:08] N'a pu émettre le fichier. [Previous remote request failed.]
I> [03/02/2010 08:24:14] Appel depuis la CN de: 4996645A
E> [03/02/2010 08:24:18] N'a pu émettre le fichier. [Previous remote request failed.]
E> [03/02/2010 08:24:19] N'a pu trouver le programme appelé depuis la CN: 4996645A.MZK [Premier répertoire recherché : C:\machines\T32 Bis\Programmes]
I> [03/02/2010 08:25:25] Appel depuis la CN de: 4996645A
I> [03/02/2010 08:25:30] Le programme appelé depuis la CN est trouvé: C:\machines\T32 Bis\Programmes\4996645A.MZK
I> [03/02/2010 08:25:30] Programmes dans les fichiers demandés: Programme 2811 (4996645A), Programme 2812 (4996645A), Programme 2813 (4996645A)
I> [03/02/2010 08:25:44] Emission de programme: Programme 2811 (4996645A)
I> [03/02/2010 08:26:07] Emission de programme: Programme 2812 (4996645A)
I> [03/02/2010 08:26:32] Emission de programme: Programme 2813 (4996645A)
I> [03/02/2010 12:18:30] Réception: programme 774 (4996645A)
I> [03/02/2010 12:18:53] Réception: programme 775 (4996645A)
I> [03/02/2010 12:19:20] Réception: programme 2813 (4996645A)
I> [03/02/2010 12:19:26] Fichier existant sauvegardé: C:\MACHINES\T32 BIS\SAUVEGARDES\4996645A_01.MZK
I> [03/02/2010 12:19:26] Fichier reçu: C:\machines\T32 Bis\Programmes\4996645A.MZK
I> [03/02/2010 12:19:27] Programmes dans les fichiers demandés: Programme 774 (4996645A), Programme 775 (4996645A), Programme 2813 (4996645A)
I> [03/02/2010 12:41:20] Appel depuis la CN de: 30190300101
I> [03/02/2010 12:41:25] Le programme appelé depuis la CN est trouvé: C:\machines\T32 Bis\Programmes\LA CALHENE\30190300101.MZK
I> [03/02/2010 12:41:25] Programmes dans les fichiers demandés: Programme 65 (30190300101), Programme 66 (30190300101), Programme 69 (30190300101), Programme 75 (30190300101)
I> [03/02/2010 12:41:29] Emission de programme: Programme 65 (30190300101)
I> [03/02/2010 12:41:41] Emission de programme: Programme 66 (30190300101)
I> [03/02/2010 12:41:57] Emission de programme: Programme 69 (30190300101)
I> [03/02/2010 12:42:19] Emission de programme: Programme 75 (30190300101)
I> [03/02/2010 14:02:26] Appel depuis la CN de: 122700301E
I> [03/02/2010 14:02:31] Le programme appelé depuis la CN est trouvé: C:\machines\T32 Bis\Programmes\LA CALHENE\122700301E.MZK
I> [03/02/2010 14:02:31] Programmes dans les fichiers demandés: Programme 4410 (122700301E), Programme 4411 (122700301E), Programme 4412 (122700301E), Programme 4413 (122700301E), Programme 4414 (122700301E), Programme 4441 (122700301E), Programme 4443 (122700301E)
I> [03/02/2010 14:03:31] Appel depuis la CN de: 122700301E
I> [03/02/2010 14:03:36] Le programme appelé depuis la CN est trouvé: C:\machines\T32 Bis\Programmes\122700301E.MZK
I> [03/02/2010 14:03:36] Programmes dans les fichiers demandés: Programme 4821 (122700301E), Programme 4822 (122700301E), Programme 4410 (122700301E), Programme 4411 (122700301E), Programme 4412 (122700301E), Programme 4413 (122700301E), Programme 4441 (122700301E), Programme 4443 (122700301E)
I> [03/02/2010 14:03:48] Emission de programme: Programme 4821 (122700301E)
I> [03/02/2010 14:03:58] Emission de programme: Programme 4822 (122700301E)
I> [03/02/2010 19:45:17] Réception: programme 776 (30190300101)
I> [03/02/2010 19:45:30] Réception: programme 777 (30190300101)
I> [03/02/2010 19:45:43] Réception: programme 65 (30190300101)
I> [03/02/2010 19:45:55] Réception: programme 66 (30190300101)
I> [03/02/2010 19:46:10] Réception: programme 69 (30190300101)
I> [03/02/2010 19:46:33] Réception: programme 75 (30190300101)
I> [03/02/2010 19:47:26] Fichier reçu: C:\machines\T32 Bis\Programmes\30190300101.MZK
I> [03/02/2010 19:47:26] Programmes dans les fichiers demandés: Programme 776 (30190300101), Programme 777 (30190300101), Programme 65 (30190300101), Programme 66 (30190300101), Programme 69 (30190300101), Programme 75 (30190300101)
I> [03/02/2010 19:48:28] Appel depuis la CN de: 30190300101
E> [03/02/2010 19:48:33] N'a pu émettre le fichier: C:\machines\T32 Bis\Programmes\30190300101.MZK [Le système ne peut pas lire le périphérique indiqué]
I> [03/02/2010 19:48:34] Le programme appelé depuis la CN est trouvé: C:\machines\T32 Bis\Programmes\LA CALHENE\30190300101.MZK
I> [03/02/2010 19:48:34] Programmes dans les fichiers demandés: Programme 776 (30190300101), Programme 777 (30190300101), Programme 65 (30190300101), Programme 66 (30190300101), Programme 69 (30190300101), Programme 75 (30190300101)
I> [03/02/2010 19:48:39] Appel depuis la CN de: 30190300101
I> [03/02/2010 19:48:47] Le programme appelé depuis la CN est trouvé: C:\machines\T32 Bis\Programmes\LA CALHENE\30190300101.MZK
I> [03/02/2010 19:48:47] Programmes dans les fichiers demandés: Programme 776 (30190300101), Programme 777 (30190300101), Programme 65 (30190300101), Programme 66 (30190300101), Programme 69 (30190300101), Programme 75 (30190300101)
