I> [03/08/2010 08:15:47] Port activé avec succès.
I> [03/08/2010 10:10:14] Appel depuis la CN de: 5998308A
I> [03/08/2010 10:10:19] Le programme appelé depuis la CN est trouvé: C:\machines\T32 Bis\Programmes\5998308A.MZK
I> [03/08/2010 10:10:19] Programmes dans les fichiers demandés: Programme 5264 (5998308A), Programme 5267 (5998308A), Programme 5274 (5998308A)
I> [03/08/2010 10:10:25] Emission de programme: Programme 5274 (5998308A)
I> [03/08/2010 14:49:55] Réception: programme 944 (4984116-13C)
I> [03/08/2010 14:50:02] Réception: programme 945 (4984116-13C)
I> [03/08/2010 14:50:09] Réception: programme 951 (4984116-13C)
I> [03/08/2010 14:50:14] Réception: programme 952 (4984116-13C)
I> [03/08/2010 14:50:30] Fichier reçu: C:\machines\T32 Bis\Programmes\4984116-13C.MZK
I> [03/08/2010 14:50:30] Programmes dans les fichiers demandés: Programme 944 (4984116-13C), Programme 945 (4984116-13C), Programme 951 (4984116-13C), Programme 952 (4984116-13C)
I> [03/08/2010 14:53:23] Appel depuis la CN de: 4984116-13C
I> [03/08/2010 14:53:28] Le programme appelé depuis la CN est trouvé: C:\machines\T32 Bis\Programmes\FLOWSERVE\4984116-13C.MZK
I> [03/08/2010 14:53:28] Programmes dans les fichiers demandés: Programme 944 (4984116-13C), Programme 945 (4984116-13C), Programme 951 (4984116-13C), Programme 952 (4984116-13C)
I> [03/08/2010 16:24:49] Réception: programme 946 (4984116-16C)
I> [03/08/2010 16:24:56] Réception: programme 947 (4984116-16C)
I> [03/08/2010 16:25:03] Réception: programme 953 (4984116-16C)
I> [03/08/2010 16:25:20] Fichier reçu: C:\machines\T32 Bis\Programmes\4984116-16C.MZK
I> [03/08/2010 16:25:20] Programmes dans les fichiers demandés: Programme 946 (4984116-16C), Programme 947 (4984116-16C), Programme 953 (4984116-16C)
I> [03/08/2010 16:26:39] Appel depuis la CN de: 4984116-16C
I> [03/08/2010 16:26:44] Le programme appelé depuis la CN est trouvé: C:\machines\T32 Bis\Programmes\FLOWSERVE\4984116-16C.MZK
I> [03/08/2010 16:26:44] Programmes dans les fichiers demandés: Programme 946 (4984116-16C), Programme 947 (4984116-16C), Programme 953 (4984116-16C)
