I> [03/12/2013 05:11:26] Port activé avec succès.
I> [03/12/2013 15:25:28] Appel depuis la CN de: 11270-55-01
I> [03/12/2013 15:25:33] Le programme appelé depuis la CN est trouvé: C:\machines\T32 Bis\Programmes\LA CALHENE\11270-55-01.MZK
I> [03/12/2013 15:25:33] Programmes dans les fichiers demandés: Programme 1438 (11270-55-01), Programme 1439 (11270-55-01), Programme 1440 (11270-55-01), Programme 1441 (11270-55-01)
I> [03/12/2013 15:26:10] Appel depuis la CN de: 111900801G
I> [03/12/2013 15:26:14] Le programme appelé depuis la CN est trouvé: C:\machines\T32 Bis\Programmes\LA CALHENE\111900801G.MZK
I> [03/12/2013 15:26:15] Programmes dans les fichiers demandés: Programme 4458 (111900801G), Programme 4460 (111900801G), Programme 1379 (111900801G)
I> [03/12/2013 15:26:22] Emission de programme: Programme 4458 (111900801G)
I> [03/12/2013 15:26:37] Emission de programme: Programme 4460 (111900801G)
I> [03/12/2013 15:26:52] Emission de programme: Programme 1379 (111900801G)
I> [03/12/2013 15:27:57] Réception: programme 4458 (111900801G)
I> [03/12/2013 15:28:12] Réception: programme 4460 (111900801G)
I> [03/12/2013 15:28:26] Réception: programme 1379 (111900801G)
I> [03/12/2013 15:28:48] Fichier reçu: C:\machines\T32 Bis\Programmes\111900801G.MZK
I> [03/12/2013 15:28:48] Programmes dans les fichiers demandés: Programme 4458 (111900801G), Programme 4460 (111900801G), Programme 1379 (111900801G)
I> [03/12/2013 15:31:24] Appel depuis la CN de: 21270050101
I> [03/12/2013 15:31:28] Le programme appelé depuis la CN est trouvé: C:\machines\T32 Bis\Programmes\LA CALHENE\21270050101.MZK
I> [03/12/2013 15:31:29] Programmes dans les fichiers demandés: Programme 1006 (21270050101), Programme 1007 (21270050101), Programme 1008 (21270050101), Programme 1009 (21270050101)
I> [03/12/2013 15:31:40] Emission de programme: Programme 1006 (21270050101)
I> [03/12/2013 15:32:04] Emission de programme: Programme 1007 (21270050101)
I> [03/12/2013 15:33:18] Emission de programme: Programme 1008 (21270050101)
I> [03/12/2013 15:33:50] Emission de programme: Programme 1009 (21270050101)
I> [03/12/2013 16:02:50] Appel depuis la CN de: 2212700501
E> [03/12/2013 16:02:58] N'a pu trouver le programme appelé depuis la CN: 2212700501.MZK [Premier répertoire recherché : C:\machines\T32 Bis\Programmes]
E> [03/12/2013 16:02:58] N'a pu émettre le fichier. [Previous remote request failed.]
E> [03/12/2013 16:03:00] N'a pu émettre le fichier. [Previous remote request failed.]
I> [03/12/2013 16:03:12] Appel depuis la CN de: 2212700501
E> [03/12/2013 16:03:17] N'a pu trouver le programme appelé depuis la CN: 2212700501.MZK [Premier répertoire recherché : C:\machines\T32 Bis\Programmes]
I> [03/12/2013 16:04:07] Appel depuis la CN de: 212700501
E> [03/12/2013 16:04:12] N'a pu émettre le fichier. [Previous remote request failed.]
I> [03/12/2013 16:04:13] Le programme appelé depuis la CN est trouvé: C:\machines\T32 Bis\Programmes\LA CALHENE\212700501.MZK
I> [03/12/2013 16:04:13] Programmes dans les fichiers demandés: Programme 1463 (212700501), Programme 1464 (212700501), Programme 1465 (212700501), Programme 1466 (212700501), Programme 1467 (212700501)
I> [03/12/2013 16:04:25] Emission de programme: Programme 1463 (212700501)
I> [03/12/2013 16:05:29] Emission de programme: Programme 1463 (212700501)
I> [03/12/2013 16:06:02] Emission de programme: Programme 1464 (212700501)
I> [03/12/2013 16:06:30] Emission de programme: Programme 1465 (212700501)
I> [03/12/2013 16:07:21] Emission de programme: Programme 1466 (212700501)
I> [03/12/2013 16:07:50] Emission de programme: Programme 1467 (212700501)
