I> [03/11/2010 08:31:09] Appel depuis la CN de: 11270-01-01
I> [03/11/2010 08:31:16] Le programme appelé depuis la CN est trouvé: C:\machines\T32 Bis\Programmes\LA CALHENE\11270-01-01.MZK
I> [03/11/2010 08:31:16] Programmes dans les fichiers demandés: Programme 1004 (11270-01-01), Programme 1005 (11270-01-01)
I> [03/11/2010 08:31:28] Appel depuis la CN de: 11270-01-01
I> [03/11/2010 08:31:32] Le programme appelé depuis la CN est trouvé: C:\machines\T32 Bis\Programmes\LA CALHENE\11270-01-01.MZK
I> [03/11/2010 08:31:32] Programmes dans les fichiers demandés: Programme 1004 (11270-01-01), Programme 1005 (11270-01-01)
I> [03/11/2010 08:31:38] Emission de programme: Programme 1004 (11270-01-01)
I> [03/11/2010 08:34:38] Emission de programme: Programme 1004 (11270-01-01)
I> [03/11/2010 08:37:10] Emission de programme: Programme 1004 (11270-01-01)
I> [03/11/2010 08:41:16] Réception: programme 1006 (21270050101)
I> [03/11/2010 08:41:39] Réception: programme 1007 (21270050101)
I> [03/11/2010 08:42:54] Réception: programme 1008 (21270050101)
I> [03/11/2010 08:43:23] Fichier existant sauvegardé: C:\MACHINES\T32 BIS\SAUVEGARDES\21270050101_01.MZK
I> [03/11/2010 08:43:23] Fichier reçu: C:\machines\T32 Bis\Programmes\21270050101.MZK
I> [03/11/2010 08:43:23] Programmes dans les fichiers demandés: Programme 1006 (21270050101), Programme 1007 (21270050101), Programme 1008 (21270050101)
I> [03/11/2010 08:44:43] Appel depuis la CN de: 11270-01-01
I> [03/11/2010 08:44:47] Le programme appelé depuis la CN est trouvé: C:\machines\T32 Bis\Programmes\LA CALHENE\11270-01-01.MZK
I> [03/11/2010 08:44:48] Programmes dans les fichiers demandés: Programme 1004 (11270-01-01), Programme 1005 (11270-01-01)
I> [03/11/2010 08:45:15] Appel depuis la CN de: 21270050101
I> [03/11/2010 08:45:20] Le programme appelé depuis la CN est trouvé: C:\machines\T32 Bis\Programmes\LA CALHENE\21270050101.MZK
I> [03/11/2010 08:45:20] Programmes dans les fichiers demandés: Programme 1006 (21270050101), Programme 1007 (21270050101), Programme 1008 (21270050101)
I> [03/11/2010 08:45:46] Appel depuis la CN de: 11270-01-01
I> [03/11/2010 08:45:50] Le programme appelé depuis la CN est trouvé: C:\machines\T32 Bis\Programmes\LA CALHENE\11270-01-01.MZK
I> [03/11/2010 08:45:51] Programmes dans les fichiers demandés: Programme 1004 (11270-01-01), Programme 1005 (11270-01-01)
I> [03/11/2010 08:45:57] Emission de programme: Programme 1004 (11270-01-01)
I> [03/11/2010 08:47:36] Emission de programme: Programme 1005 (11270-01-01)
I> [03/11/2010 12:23:53] Appel depuis la CN de: 21270050101
I> [03/11/2010 12:23:57] Le programme appelé depuis la CN est trouvé: C:\machines\T32 Bis\Programmes\LA CALHENE\21270050101.MZK
I> [03/11/2010 12:23:58] Programmes dans les fichiers demandés: Programme 1006 (21270050101), Programme 1007 (21270050101), Programme 1008 (21270050101)
I> [03/11/2010 12:24:10] Emission de programme: Programme 1006 (21270050101)
I> [03/11/2010 12:24:33] Emission de programme: Programme 1007 (21270050101)
I> [03/11/2010 12:25:47] Emission de programme: Programme 1008 (21270050101)
I> [03/11/2010 15:18:53] Appel depuis la CN de: 113500103L
I> [03/11/2010 15:18:57] Le programme appelé depuis la CN est trouvé: C:\machines\T32 Bis\Programmes\LA CALHENE\113500103L.MZK
I> [03/11/2010 15:18:58] Programmes dans les fichiers demandés: Programme 1000 (113500103L), Programme 1001 (113500103L), Programme 1002 (113500103L), Programme 1003 (113500103L)
I> [03/11/2010 15:19:10] Emission de programme: Programme 1002 (113500103L)
