I> [03/10/2013 07:33:08] Port activé avec succès.
I> [03/10/2013 07:44:48] Appel depuis la CN de: 113500103L
I> [03/10/2013 07:44:53] Le programme appelé depuis la CN est trouvé: C:\machines\T32 Bis\Programmes\LA CALHENE\113500103L.MZK
I> [03/10/2013 07:44:53] Programmes dans les fichiers demandés: Programme 1435 (113500103L), Programme 1001 (113500103L), Programme 1002 (113500103L), Programme 1003 (113500103L)
I> [03/10/2013 07:45:38] Emission de programme: Programme 1435 (113500103L)
I> [03/10/2013 07:45:43] Emission de programme: Programme 1001 (113500103L)
I> [03/10/2013 07:46:55] Emission de programme: Programme 1002 (113500103L)
I> [03/10/2013 07:47:18] Emission de programme: Programme 1003 (113500103L)
I> [03/10/2013 07:49:19] Emission de programme: Programme 1003 (113500103L)
I> [03/10/2013 08:26:33] Appel depuis la CN de: 113500103L
I> [03/10/2013 08:26:40] Le programme appelé depuis la CN est trouvé: C:\machines\T32 Bis\Programmes\113500103L.MZK
I> [03/10/2013 08:26:40] Programmes dans les fichiers demandés: Programme 1000 (113500103L), Programme 1435 (113500103L), Programme 1001 (113500103L), Programme 1002 (113500103L), Programme 1003 (113500103L)
I> [03/10/2013 08:26:51] Emission de programme: Programme 1000 (113500103L)
I> [03/10/2013 08:27:58] Réception: programme 1000 (113500103L)
I> [03/10/2013 08:28:13] Réception: programme 1435 (113500103L)
I> [03/10/2013 08:28:19] Réception: programme 1001 (113500103L)
I> [03/10/2013 08:29:33] Réception: programme 1002 (113500103L)
I> [03/10/2013 08:29:57] Réception: programme 1003 (113500103L)
I> [03/10/2013 08:30:26] Fichier reçu: C:\machines\T32 Bis\Programmes\113500103L.MZK
I> [03/10/2013 08:30:26] Programmes dans les fichiers demandés: Programme 1000 (113500103L), Programme 1435 (113500103L), Programme 1001 (113500103L), Programme 1002 (113500103L), Programme 1003 (113500103L)
I> [03/10/2013 08:30:40] Réception: programme 1000 (113500103L)
I> [03/10/2013 08:30:55] Réception: programme 1435 (113500103L)
I> [03/10/2013 08:31:01] Réception: programme 1001 (113500103L)
E> [03/10/2013 08:34:45] Transmission avortée. [Délai de réponse dépassé, interruption de la transmission]
E> [03/10/2013 17:56:40] N'a pu émettre le fichier: C:\machines\T32 Bis\Programmes\113500103L.MZK [Le système ne peut pas lire le périphérique indiqué]
E> [03/10/2013 17:56:46] N'a pu émettre le fichier: C:\machines\T32 Bis\Programmes\113500103L.MZK [Le système ne peut pas lire le périphérique indiqué]
I> [03/10/2013 18:13:23] Appel depuis la CN de: 113500103L
I> [03/10/2013 18:13:28] Le programme appelé depuis la CN est trouvé: C:\machines\T32 Bis\Programmes\LA CALHENE\113500103L.MZK
I> [03/10/2013 18:13:28] Programmes dans les fichiers demandés: Programme 1000 (113500103L), Programme 1435 (113500103L), Programme 1001 (113500103L), Programme 1002 (113500103L), Programme 1003 (113500103L)
I> [03/10/2013 18:14:03] Emission de programme: Programme 1001 (113500103L)
