I> [03/12/2009 07:29:46] Port activé avec succès.
I> [03/12/2009 07:30:15] Réception: programme 468 (11270-0101)
I> [03/12/2009 07:30:56] Réception: programme 738 (11270-0101)
I> [03/12/2009 07:31:09] Réception: programme 739 (11270-0101)
I> [03/12/2009 07:31:38] Fichier reçu: C:\machines\T32 Bis\Programmes\11270-0101.MZK
I> [03/12/2009 07:31:38] Programmes dans les fichiers demandés: Programme 468 (11270-0101), Programme 738 (11270-0101), Programme 739 (11270-0101)
I> [03/12/2009 07:32:34] Appel depuis la CN de: 11270-0101
E> [03/12/2009 07:32:40] N'a pu émettre le fichier: C:\machines\T32 Bis\Programmes\11270-0101.MZK [Le système ne peut pas lire le périphérique indiqué]
I> [03/12/2009 07:32:41] Le programme appelé depuis la CN est trouvé: C:\machines\T32 Bis\Programmes\LA CALHENE\11270-0101.MZK
I> [03/12/2009 07:32:41] Programmes dans les fichiers demandés: Programme 468 (11270-0101), Programme 738 (11270-0101), Programme 739 (11270-0101)
I> [03/12/2009 07:32:47] Appel depuis la CN de: 11270-0101
I> [03/12/2009 07:32:56] Le programme appelé depuis la CN est trouvé: C:\machines\T32 Bis\Programmes\LA CALHENE\11270-0101.MZK
I> [03/12/2009 07:32:56] Programmes dans les fichiers demandés: Programme 468 (11270-0101), Programme 738 (11270-0101), Programme 739 (11270-0101)
I> [03/12/2009 07:50:10] Appel depuis la CN de: 122700301E
I> [03/12/2009 07:50:19] Le programme appelé depuis la CN est trouvé: C:\machines\T32 Bis\Programmes\LA CALHENE\122700301E.MZK
I> [03/12/2009 07:50:19] Programmes dans les fichiers demandés: Programme 4410 (122700301E), Programme 4411 (122700301E), Programme 4412 (122700301E), Programme 4413 (122700301E), Programme 4414 (122700301E), Programme 4441 (122700301E), Programme 4443 (122700301E)
I> [03/12/2009 07:50:25] Appel depuis la CN de: 122700301E
I> [03/12/2009 07:50:34] Le programme appelé depuis la CN est trouvé: C:\machines\T32 Bis\Programmes\LA CALHENE\122700301E.MZK
I> [03/12/2009 07:50:34] Programmes dans les fichiers demandés: Programme 4410 (122700301E), Programme 4411 (122700301E), Programme 4412 (122700301E), Programme 4413 (122700301E), Programme 4414 (122700301E), Programme 4441 (122700301E), Programme 4443 (122700301E)
I> [03/12/2009 07:52:10] Emission de programme: Programme 4410 (122700301E)
I> [03/12/2009 07:52:21] Emission de programme: Programme 4411 (122700301E)
I> [03/12/2009 07:52:33] Emission de programme: Programme 4412 (122700301E)
I> [03/12/2009 07:53:03] Emission de programme: Programme 4413 (122700301E)
I> [03/12/2009 07:53:27] Emission de programme: Programme 4414 (122700301E)
I> [03/12/2009 07:53:42] Emission de programme: Programme 4441 (122700301E)
I> [03/12/2009 07:53:48] Emission de programme: Programme 4443 (122700301E)
I> [03/12/2009 19:48:23] Appel depuis la CN de: 122704202A
I> [03/12/2009 19:48:30] Le programme appelé depuis la CN est trouvé: C:\machines\T32 Bis\Programmes\LA CALHENE\122704202A.MZK
I> [03/12/2009 19:48:30] Programmes dans les fichiers demandés: Programme 25 (122704202A), Programme 26 (122704202A), Programme 619 (122704202A), Programme 620 (122704202A), Programme 621 (122704202A), Programme 622 (122704202A), Programme 4441 (122704202A), Programme 4443 (122704202A)
I> [03/12/2009 19:48:56] Emission de programme: Programme 622 (122704202A)
