I> [03/12/2012 05:07:16] Port activé avec succès.
I> [03/12/2012 05:11:54] Appel depuis la CN de: 113500103K1
I> [03/12/2012 05:11:59] Le programme appelé depuis la CN est trouvé: C:\machines\T32 Bis\Programmes\LA CALHENE\113500103K1.MZK
I> [03/12/2012 05:11:59] Programmes dans les fichiers demandés: Programme 326 (113500103K1), Programme 327 (113500103K1), Programme 328 (113500103K1), Programme 329 (113500103K1)
I> [03/12/2012 05:12:06] Emission de programme: Programme 326 (113500103K1)
I> [03/12/2012 05:12:12] Emission de programme: Programme 327 (113500103K1)
I> [03/12/2012 05:12:38] Emission de programme: Programme 328 (113500103K1)
I> [03/12/2012 05:12:51] Emission de programme: Programme 329 (113500103K1)
I> [03/12/2012 05:19:19] Appel depuis la CN de: 9001 47 02
I> [03/12/2012 05:19:24] Le programme appelé depuis la CN est trouvé: C:\machines\T32 Bis\Programmes\LA CALHENE\9001 47 02.MZK
I> [03/12/2012 05:19:24] Programmes dans les fichiers demandés: Programme 305 (9001 47 02), Programme 306 (9001 47 02), Programme 307 (9001 47 02), Programme 314 (9001 47 02), Programme 315 (9001 47 02)
I> [03/12/2012 05:19:38] Emission de programme: Programme 305 (9001 47 02)
I> [03/12/2012 10:28:48] Réception: programme 1429 (113500103K1)
I> [03/12/2012 10:28:57] Réception: programme 326 (113500103K1)
I> [03/12/2012 10:29:03] Réception: programme 327 (113500103K1)
I> [03/12/2012 10:29:30] Réception: programme 328 (113500103K1)
I> [03/12/2012 10:29:43] Réception: programme 329 (113500103K1)
I> [03/12/2012 10:30:13] Fichier reçu: C:\machines\T32 Bis\Programmes\113500103K1.MZK
I> [03/12/2012 10:30:13] Programmes dans les fichiers demandés: Programme 1429 (113500103K1), Programme 326 (113500103K1), Programme 327 (113500103K1), Programme 328 (113500103K1), Programme 329 (113500103K1)
I> [03/12/2012 10:39:16] Appel depuis la CN de: 30270300201
I> [03/12/2012 10:39:20] Le programme appelé depuis la CN est trouvé: C:\machines\T32 Bis\Programmes\LA CALHENE\30270300201.MZK
I> [03/12/2012 10:39:21] Programmes dans les fichiers demandés: Programme 1389 (30270300201), Programme 1390 (30270300201), Programme 1393 (30270300201), Programme 1394 (30270300201)
I> [03/12/2012 10:39:39] Emission de programme: Programme 1389 (30270300201)
I> [03/12/2012 10:39:44] Emission de programme: Programme 1390 (30270300201)
I> [03/12/2012 10:39:57] Emission de programme: Programme 1393 (30270300201)
I> [03/12/2012 10:40:10] Emission de programme: Programme 1394 (30270300201)
I> [03/12/2012 10:59:37] Appel depuis la CN de: 30270300201
I> [03/12/2012 10:59:44] Le programme appelé depuis la CN est trouvé: C:\machines\T32 Bis\Programmes\LA CALHENE\30270300201.MZK
I> [03/12/2012 10:59:44] Programmes dans les fichiers demandés: Programme 1389 (30270300201), Programme 1390 (30270300201), Programme 1393 (30270300201), Programme 1394 (30270300201)
I> [03/12/2012 10:59:50] Emission de programme: Programme 1390 (30270300201)
