I> [04/01/2016 04:57:15] Port activé avec succès.
I> [04/01/2016 05:04:57] Appel depuis la CN de: 11190 16 01
E> [04/01/2016 05:05:01] N'a pu émettre le fichier: C:\machines\T32 Bis\Programmes\21270080201.MZK [Le système ne peut pas lire le périphérique indiqué]
I> [04/01/2016 05:05:02] Le programme appelé depuis la CN est trouvé: C:\machines\T32 Bis\Programmes\LA CALHENE\11190 16 01.MZK
I> [04/01/2016 05:05:02] Programmes dans les fichiers demandés: Programme 1211 (11190 16 01), Programme 988 (11190 16 01), Programme 989 (11190 16 01), Programme 990 (11190 16 01), Programme 991 (11190 16 01)
I> [04/01/2016 05:05:22] Emission de programme: Programme 1211 (11190 16 01)
I> [04/01/2016 05:05:45] Emission de programme: Programme 988 (11190 16 01)
I> [04/01/2016 05:06:15] Emission de programme: Programme 989 (11190 16 01)
I> [04/01/2016 05:06:29] Emission de programme: Programme 991 (11190 16 01)
I> [04/01/2016 05:07:15] Réception: programme 1211 (11190 16 01)
I> [04/01/2016 05:07:38] Réception: programme 988 (11190 16 01)
I> [04/01/2016 05:08:07] Réception: programme 989 (11190 16 01)
I> [04/01/2016 05:08:21] Réception: programme 990 (11190 16 01)
I> [04/01/2016 05:08:39] Réception: programme 991 (11190 16 01)
I> [04/01/2016 05:09:10] Fichier reçu: C:\machines\T32 Bis\Programmes\11190 16 01.MZK
I> [04/01/2016 05:09:10] Programmes dans les fichiers demandés: Programme 1211 (11190 16 01), Programme 988 (11190 16 01), Programme 989 (11190 16 01), Programme 990 (11190 16 01), Programme 991 (11190 16 01)
I> [04/01/2016 05:16:24] Appel depuis la CN de: 1158330702C
I> [04/01/2016 05:16:29] Le programme appelé depuis la CN est trouvé: C:\machines\T32 Bis\Programmes\1158330702C.MZK
I> [04/01/2016 05:16:29] Programmes dans les fichiers demandés: Programme 36, Données d'outil, Programme 20, Données d'outil
I> [04/01/2016 05:18:24] Emission de programme: Programme 36
I> [04/01/2016 05:18:32] Emission de programme: Données d'outil
I> [04/01/2016 05:18:33] Emission de programme: Programme 20
I> [04/01/2016 05:18:38] Emission de programme: Données d'outil
I> [04/01/2016 10:08:37] Appel depuis la CN de: 1158330702C
I> [04/01/2016 10:08:41] Le programme appelé depuis la CN est trouvé: C:\machines\T32 Bis\Programmes\1158330702C.MZK
I> [04/01/2016 10:08:41] Programmes dans les fichiers demandés: Programme 1320 (1158330702C)
I> [04/01/2016 10:09:34] Emission de programme: Programme 1320 (1158330702C)
