I> [04/06/2009 05:42:42] Port activé avec succès.
I> [04/06/2009 07:46:44] Réception: programme 588 (REP 03)
I> [04/06/2009 07:46:53] Réception: programme 591 (REP 03)
I> [04/06/2009 07:47:02] Réception: programme 592 (REP 03)
I> [04/06/2009 07:47:11] Fichier reçu: C:\machines\T32 Bis\Programmes\REP 03.MZK
I> [04/06/2009 07:47:11] Programmes dans les fichiers demandés: Programme 588 (REP 03), Programme 591 (REP 03), Programme 592 (REP 03)
I> [04/06/2009 07:49:12] Appel depuis la CN de: REP 02
I> [04/06/2009 07:49:18] Le programme appelé depuis la CN est trouvé: C:\machines\T32 Bis\Programmes\SECMAIR\REP 02.MZK
I> [04/06/2009 07:49:18] Programmes dans les fichiers demandés: Programme 587 (REP 02), Programme 589 (REP 02), Programme 590 (REP 02)
I> [04/06/2009 07:49:27] Emission de programme: Programme 587 (REP 02)
I> [04/06/2009 07:49:35] Emission de programme: Programme 589 (REP 02)
I> [04/06/2009 07:49:45] Emission de programme: Programme 590 (REP 02)
I> [04/06/2009 07:51:51] Réception: programme 587 (REP 02)
I> [04/06/2009 07:52:00] Réception: programme 589 (REP 02)
I> [04/06/2009 07:52:09] Réception: programme 590 (REP 02)
I> [04/06/2009 07:52:18] Fichier reçu: C:\machines\T32 Bis\Programmes\REP 02.MZK
I> [04/06/2009 07:52:18] Programmes dans les fichiers demandés: Programme 587 (REP 02), Programme 589 (REP 02), Programme 590 (REP 02)
I> [04/06/2009 08:03:27] Appel depuis la CN de: P362754G
I> [04/06/2009 08:03:33] Le programme appelé depuis la CN est trouvé: C:\machines\T32 Bis\Programmes\P362754G.MZK
I> [04/06/2009 08:03:33] Programmes dans les fichiers demandés: Programme 36, Données d'outil
I> [04/06/2009 08:03:39] Emission de programme: Programme 36
I> [04/06/2009 08:03:46] Emission de programme: Données d'outil
I> [04/06/2009 14:24:21] Appel depuis la CN de: 151312-07
I> [04/06/2009 14:24:27] Le programme appelé depuis la CN est trouvé: C:\machines\T32 Bis\Programmes\151312-07.MZK
I> [04/06/2009 14:24:27] Programmes dans les fichiers demandés: Programme 3945 (151312-07), Programme 3946 (151312-07)
I> [04/06/2009 14:24:38] Emission de programme: Programme 3945 (151312-07)
I> [04/06/2009 14:24:49] Emission de programme: Programme 3946 (151312-07)
I> [04/06/2009 19:54:19] Réception: programme 593 (151451-06)
I> [04/06/2009 19:54:31] Réception: programme 594 (151451-06)
I> [04/06/2009 19:54:53] Fichier reçu: C:\machines\T32 Bis\Programmes\151451-06.MZK
I> [04/06/2009 19:54:53] Programmes dans les fichiers demandés: Programme 593 (151451-06), Programme 594 (151451-06)
I> [04/06/2009 20:20:17] Appel depuis la CN de: 9001 61 01
I> [04/06/2009 20:20:23] Le programme appelé depuis la CN est trouvé: C:\machines\T32 Bis\Programmes\LA CALHENE\9001 61 01.MZK
I> [04/06/2009 20:20:23] Programmes dans les fichiers demandés: Programme 418 (9001 61 01), Programme 420 (9001 61 01), Programme 421 (9001 61 01), Programme 424 (9001 61 01)
I> [04/06/2009 20:20:36] Emission de programme: Programme 418 (9001 61 01)
I> [04/06/2009 20:20:42] Emission de programme: Programme 420 (9001 61 01)
I> [04/06/2009 20:21:03] Emission de programme: Programme 421 (9001 61 01)
I> [04/06/2009 20:21:08] Emission de programme: Programme 424 (9001 61 01)
I> [04/06/2009 20:26:38] Appel depuis la CN de: 9001 47 02B
I> [04/06/2009 20:26:45] Le programme appelé depuis la CN est trouvé: C:\machines\T32 Bis\Programmes\LA CALHENE\9001 47 02B.MZK
I> [04/06/2009 20:26:45] Programmes dans les fichiers demandés: Programme 419 (9001 47 02B), Programme 422 (9001 47 02B), Programme 423 (9001 47 02B)
I> [04/06/2009 20:26:52] Emission de programme: Programme 419 (9001 47 02B)
I> [04/06/2009 20:26:57] Emission de programme: Programme 422 (9001 47 02B)
I> [04/06/2009 20:27:11] Emission de programme: Programme 423 (9001 47 02B)
