I> [04/07/2011 07:31:04] Port activé avec succès.
I> [04/07/2011 10:44:00] Port arrêté.
I> [04/07/2011 10:44:04] Port activé avec succès.
I> [04/07/2011 14:01:59] Réception: programme 1120 (241003564)
I> [04/07/2011 14:02:14] Réception: programme 1121 (241003564)
I> [04/07/2011 14:02:29] Réception: programme 1122 (241003564)
I> [04/07/2011 14:02:47] Fichier existant sauvegardé: C:\MACHINES\T32 BIS\SAUVEGARDES\241003564_01.MZK
I> [04/07/2011 14:02:47] Fichier reçu: C:\machines\T32 Bis\Programmes\241003564.MZK
I> [04/07/2011 14:02:47] Programmes dans les fichiers demandés: Programme 1120 (241003564), Programme 1121 (241003564), Programme 1122 (241003564)
I> [04/07/2011 14:05:42] Appel depuis la CN de: 241003564
I> [04/07/2011 14:05:47] Le programme appelé depuis la CN est trouvé: C:\machines\T32 Bis\Programmes\ERCA FORMSEAL\241003564.MZK
I> [04/07/2011 14:05:47] Programmes dans les fichiers demandés: Programme 1120 (241003564), Programme 1121 (241003564), Programme 1122 (241003564)
I> [04/07/2011 14:19:21] Appel depuis la CN de: GI 310
I> [04/07/2011 14:19:26] Le programme appelé depuis la CN est trouvé: C:\machines\T32 Bis\Programmes\MECAMARC\GI 310.MZK
I> [04/07/2011 14:19:26] Programmes dans les fichiers demandés: Programme 1117 (GI 310), Programme 1118 (GI 310)
I> [04/07/2011 14:19:30] Emission de programme: Programme 1117 (GI 310)
I> [04/07/2011 14:19:45] Emission de programme: Programme 1118 (GI 310)
I> [04/07/2011 18:24:56] Réception: programme 1123 (PBM043B)
I> [04/07/2011 18:25:12] Réception: programme 1124 (PBM043B)
I> [04/07/2011 18:25:30] Fichier reçu: C:\machines\T32 Bis\Programmes\PBM043B.MZK
I> [04/07/2011 18:25:30] Programmes dans les fichiers demandés: Programme 1123 (PBM043B), Programme 1124 (PBM043B)
I> [04/07/2011 18:28:55] Appel depuis la CN de: PBM043B
I> [04/07/2011 18:29:00] Le programme appelé depuis la CN est trouvé: C:\machines\T32 Bis\Programmes\MECAMARC\PBM043B.MZK
I> [04/07/2011 18:29:00] Programmes dans les fichiers demandés: Programme 1123 (PBM043B), Programme 1124 (PBM043B)
I> [04/07/2011 18:37:54] Appel depuis la CN de: PBM043B
I> [04/07/2011 18:37:58] Le programme appelé depuis la CN est trouvé: C:\machines\T32 Bis\Programmes\MECAMARC\PBM043B.MZK
I> [04/07/2011 18:37:58] Programmes dans les fichiers demandés: Programme 1123 (PBM043B), Programme 1124 (PBM043B)
