I> [04/04/2011 05:19:11] Port activé avec succès.
I> [04/04/2011 11:52:19] Appel depuis la CN de: MA7672 2
E> [04/04/2011 11:52:24] N'a pu émettre le fichier: C:\machines\T32 Bis\Programmes\2976518A.MZK [Le système ne peut pas lire le périphérique indiqué]
I> [04/04/2011 11:52:24] Le programme appelé depuis la CN est trouvé: C:\machines\T32 Bis\Programmes\MA7672 2.MZK
I> [04/04/2011 11:52:24] Programmes dans les fichiers demandés: Programme 5347 (MA7672 2)
I> [04/04/2011 11:52:29] Emission de programme: Programme 5347 (MA7672 2)
I> [04/04/2011 11:59:24] Appel depuis la CN de: MA17546L01
I> [04/04/2011 11:59:29] Le programme appelé depuis la CN est trouvé: C:\machines\T32 Bis\Programmes\MA17546L01.MZK
I> [04/04/2011 11:59:29] Programmes dans les fichiers demandés: Programme 5569 (MA17546L01), Programme 5570 (MA17546L01), Programme 5571 (MA17546L01), Programme 5572 (MA17546L01)
I> [04/04/2011 11:59:33] Emission de programme: Programme 5569 (MA17546L01)
I> [04/04/2011 11:59:41] Emission de programme: Programme 5570 (MA17546L01)
I> [04/04/2011 11:59:55] Emission de programme: Programme 5571 (MA17546L01)
I> [04/04/2011 12:00:10] Emission de programme: Programme 5572 (MA17546L01)
I> [04/04/2011 13:44:00] Port activé avec succès.
I> [04/04/2011 17:32:18] Réception: programme 1065 (MA17546L01)
I> [04/04/2011 17:32:32] Réception: programme 1066 (MA17546L01)
I> [04/04/2011 17:32:42] Fichier existant sauvegardé: C:\MACHINES\T32 BIS\SAUVEGARDES\MA17546L01_01.MZK
I> [04/04/2011 17:32:42] Fichier reçu: C:\machines\T32 Bis\Programmes\MA17546L01.MZK
I> [04/04/2011 17:32:42] Programmes dans les fichiers demandés: Programme 1065 (MA17546L01), Programme 1066 (MA17546L01)
I> [04/04/2011 18:01:38] Appel depuis la CN de: Q
I> [04/04/2011 18:01:43] Le programme appelé depuis la CN est trouvé: C:\machines\T32 Bis\Programmes\Q.MZK
I> [04/04/2011 18:01:43] Programmes dans les fichiers demandés: Programme 5199 (121900101Q), Programme 5217 (121900101Q), Programme 5227 (121900101Q), Programme 5228 (121900101Q), Programme 5229 (121900101Q), Programme 5230 (121900101Q), Programme 5231 (121900101Q), Programme 5232 (121900101Q), Programme 5440 (121900101Q), Programme 5441 (121900101Q)
I> [04/04/2011 18:01:50] Emission de programme: Programme 5199 (121900101Q)
I> [04/04/2011 18:01:56] Emission de programme: Programme 5217 (121900101Q)
I> [04/04/2011 18:02:01] Emission de programme: Programme 5227 (121900101Q)
I> [04/04/2011 18:02:09] Emission de programme: Programme 5228 (121900101Q)
I> [04/04/2011 18:02:15] Emission de programme: Programme 5229 (121900101Q)
I> [04/04/2011 18:02:33] Emission de programme: Programme 5230 (121900101Q)
I> [04/04/2011 18:02:47] Emission de programme: Programme 5231 (121900101Q)
I> [04/04/2011 18:03:14] Emission de programme: Programme 5232 (121900101Q)
I> [04/04/2011 18:03:57] Emission de programme: Programme 5440 (121900101Q)
I> [04/04/2011 18:04:06] Emission de programme: Programme 5441 (121900101Q)
