I> [04/08/2010 09:02:27] Port activé avec succès.
I> [04/08/2010 09:04:55] Réception: programme 948 (4984116-20C)
I> [04/08/2010 09:05:02] Réception: programme 949 (4984116-20C)
I> [04/08/2010 09:05:08] Réception: programme 950 (4984116-20C)
I> [04/08/2010 09:05:13] Réception: programme 954 (4984116-20C)
I> [04/08/2010 09:05:30] Fichier reçu: C:\machines\T32 Bis\Programmes\4984116-20C.MZK
I> [04/08/2010 09:05:30] Programmes dans les fichiers demandés: Programme 948 (4984116-20C), Programme 949 (4984116-20C), Programme 950 (4984116-20C), Programme 954 (4984116-20C)
I> [04/08/2010 09:06:34] Appel depuis la CN de: 4984116-20C
I> [04/08/2010 09:06:39] Le programme appelé depuis la CN est trouvé: C:\machines\T32 Bis\Programmes\FLOWSERVE\4984116-20C.MZK
I> [04/08/2010 09:06:39] Programmes dans les fichiers demandés: Programme 948 (4984116-20C), Programme 949 (4984116-20C), Programme 950 (4984116-20C), Programme 954 (4984116-20C)
I> [04/08/2010 09:07:48] Appel depuis la CN de: 4984116-13C
I> [04/08/2010 09:07:53] Le programme appelé depuis la CN est trouvé: C:\machines\T32 Bis\Programmes\FLOWSERVE\4984116-13C.MZK
I> [04/08/2010 09:07:53] Programmes dans les fichiers demandés: Programme 944 (4984116-13C), Programme 945 (4984116-13C), Programme 951 (4984116-13C), Programme 952 (4984116-13C)
I> [04/08/2010 09:08:14] Emission de programme: Programme 944 (4984116-13C)
I> [04/08/2010 09:08:20] Emission de programme: Programme 945 (4984116-13C)
I> [04/08/2010 09:08:27] Emission de programme: Programme 951 (4984116-13C)
I> [04/08/2010 09:08:32] Emission de programme: Programme 952 (4984116-13C)
I> [04/08/2010 09:10:49] Réception: programme 944 (4984116-13C)
I> [04/08/2010 09:10:56] Réception: programme 945 (4984116-13C)
I> [04/08/2010 09:11:02] Réception: programme 951 (4984116-13C)
I> [04/08/2010 09:11:07] Réception: programme 952 (4984116-13C)
I> [04/08/2010 09:11:24] Fichier reçu: C:\machines\T32 Bis\Programmes\4984116-13C.MZK
I> [04/08/2010 09:11:24] Programmes dans les fichiers demandés: Programme 944 (4984116-13C), Programme 945 (4984116-13C), Programme 951 (4984116-13C), Programme 952 (4984116-13C)
I> [04/08/2010 09:12:28] Appel depuis la CN de: 4984116-13C
I> [04/08/2010 09:12:32] Le programme appelé depuis la CN est trouvé: C:\machines\T32 Bis\Programmes\FLOWSERVE\4984116-13C.MZK
I> [04/08/2010 09:12:32] Programmes dans les fichiers demandés: Programme 944 (4984116-13C), Programme 945 (4984116-13C), Programme 951 (4984116-13C), Programme 952 (4984116-13C)
I> [04/08/2010 09:13:02] Appel depuis la CN de: 4984116-16C
I> [04/08/2010 09:13:07] Le programme appelé depuis la CN est trouvé: C:\machines\T32 Bis\Programmes\FLOWSERVE\4984116-16C.MZK
I> [04/08/2010 09:13:07] Programmes dans les fichiers demandés: Programme 946 (4984116-16C), Programme 947 (4984116-16C), Programme 953 (4984116-16C)
I> [04/08/2010 09:13:14] Emission de programme: Programme 946 (4984116-16C)
I> [04/08/2010 09:13:20] Emission de programme: Programme 947 (4984116-16C)
I> [04/08/2010 09:13:28] Emission de programme: Programme 953 (4984116-16C)
I> [04/08/2010 09:20:59] Réception: programme 946 (4984116-16C)
I> [04/08/2010 09:21:06] Réception: programme 947 (4984116-16C)
I> [04/08/2010 09:21:14] Réception: programme 953 (4984116-16C)
I> [04/08/2010 09:21:30] Fichier reçu: C:\machines\T32 Bis\Programmes\4984116-16C.MZK
I> [04/08/2010 09:21:30] Programmes dans les fichiers demandés: Programme 946 (4984116-16C), Programme 947 (4984116-16C), Programme 953 (4984116-16C)
I> [04/08/2010 09:21:58] Appel depuis la CN de: 4984116-16C
I> [04/08/2010 09:22:03] Le programme appelé depuis la CN est trouvé: C:\machines\T32 Bis\Programmes\FLOWSERVE\4984116-16C.MZK
I> [04/08/2010 09:22:03] Programmes dans les fichiers demandés: Programme 946 (4984116-16C), Programme 947 (4984116-16C), Programme 953 (4984116-16C)
