I> [04/03/2013 05:00:05] Port activé avec succès.
I> [04/03/2013 09:14:30] Appel depuis la CN de: 81C3005J 1
E> [04/03/2013 09:14:38] N'a pu émettre le fichier. [Previous remote request failed.]
I> [04/03/2013 09:14:39] Le programme appelé depuis la CN est trouvé: C:\machines\T32 Bis\Programmes\81C3005J 1.MZK
I> [04/03/2013 09:14:39] Programmes dans les fichiers demandés: Programme 229 (81C3005J 1), Programme 235 (81C3005J 1), Programme 236 (81C3005J 1), Programme 237 (81C3005J 1), Programme 238 (81C3005J 1)
I> [04/03/2013 09:15:19] Appel depuis la CN de: 81C3005J
I> [04/03/2013 09:15:30] Le programme appelé depuis la CN est trouvé: C:\machines\T32 Bis\Programmes\81C3005J.MZK
I> [04/03/2013 09:15:30] Programmes dans les fichiers demandés: Programme 714 (81C3005J), Programme 715 (81C3005J), Programme 716 (81C3005J), Programme 720 (81C3005J), Programme 721 (81C3005J), Programme 722 (81C3005J), Programme 723 (81C3005J)
I> [04/03/2013 09:20:47] Emission de programme: Programme 714 (81C3005J)
I> [04/03/2013 09:20:51] Emission de programme: Programme 715 (81C3005J)
I> [04/03/2013 09:20:59] Emission de programme: Programme 716 (81C3005J)
I> [04/03/2013 09:21:07] Emission de programme: Programme 720 (81C3005J)
I> [04/03/2013 09:21:11] Emission de programme: Programme 721 (81C3005J)
I> [04/03/2013 09:21:32] Emission de programme: Programme 722 (81C3005J)
I> [04/03/2013 09:21:44] Emission de programme: Programme 723 (81C3005J)
I> [04/03/2013 09:33:07] Appel depuis la CN de: 81C3005J FN
E> [04/03/2013 09:33:15] N'a pu émettre le fichier: C:\machines\T32 Bis\Programmes\81C3005J.MZK [Le système ne peut pas lire le périphérique indiqué]
I> [04/03/2013 09:33:16] Le programme appelé depuis la CN est trouvé: C:\machines\T32 Bis\Programmes\81C3005J FN.MZK
I> [04/03/2013 09:33:16] Programmes dans les fichiers demandés: Programme 5, Données d'outil, Programme 13, Données d'outil, Programme 9, Données d'outil, Programme 7, Données d'outil, Programme 12, Données d'outil, Programme 69, Données d'outil, Programme 24, Données d'outil, Programme 5, Données d'outil
I> [04/03/2013 09:33:22] Emission de programme: Programme 5
I> [04/03/2013 09:33:24] Emission de programme: Données d'outil
I> [04/03/2013 09:33:25] Emission de programme: Programme 13
I> [04/03/2013 09:33:28] Emission de programme: Données d'outil
I> [04/03/2013 09:33:29] Emission de programme: Programme 9
I> [04/03/2013 09:33:31] Emission de programme: Données d'outil
I> [04/03/2013 09:33:32] Emission de programme: Programme 7
I> [04/03/2013 09:33:34] Emission de programme: Données d'outil
I> [04/03/2013 09:33:36] Emission de programme: Programme 12
I> [04/03/2013 09:33:39] Emission de programme: Données d'outil
I> [04/03/2013 09:33:40] Emission de programme: Programme 69
I> [04/03/2013 09:33:53] Emission de programme: Données d'outil
I> [04/03/2013 09:33:54] Emission de programme: Programme 24
I> [04/03/2013 09:33:59] Emission de programme: Données d'outil
I> [04/03/2013 09:34:01] Emission de programme: Programme 5
I> [04/03/2013 09:34:02] Emission de programme: Données d'outil
