I> [04/05/2007 16:17:41] Appel depuis la CN de: 122700301E
I> [04/05/2007 16:17:48] Le programme appelé depuis la CN est trouvé: C:\machines\T32\Programmes\LA CALHENE\122700301E.MZK
I> [04/05/2007 16:17:48] Programmes dans les fichiers demandés: Programme 4410 (122700301E), Programme 4411 (122700301E), Programme 4412 (122700301E), Programme 4413 (122700301E), Programme 4414 (122700301E)
I> [04/05/2007 16:17:59] Emission de programme: Programme 4410 (122700301E)
I> [04/05/2007 16:18:11] Emission de programme: Programme 4411 (122700301E)
I> [04/05/2007 16:18:23] Emission de programme: Programme 4412 (122700301E)
I> [04/05/2007 16:18:53] Emission de programme: Programme 4413 (122700301E)
I> [04/05/2007 16:20:37] Réception: programme 4410 (122700301E)
I> [04/05/2007 16:20:48] Réception: programme 4411 (122700301E)
I> [04/05/2007 16:21:01] Réception: programme 4412 (122700301E)
I> [04/05/2007 16:21:30] Réception: programme 4413 (122700301E)
I> [04/05/2007 16:21:55] Réception: programme 4414 (122700301E)
I> [04/05/2007 16:22:10] Fichier reçu: C:\machines\T32\Programmes\122700301E.MZK
I> [04/05/2007 16:22:10] Programmes dans les fichiers demandés: Programme 4410 (122700301E), Programme 4411 (122700301E), Programme 4412 (122700301E), Programme 4413 (122700301E), Programme 4414 (122700301E)
I> [04/05/2007 16:23:26] Appel depuis la CN de: 122700301E
E> [04/05/2007 16:23:32] N'a pu émettre le fichier: C:\machines\T32\Programmes\122700301E.MZK [Le système ne peut pas lire le périphérique indiqué]
I> [04/05/2007 16:23:33] Le programme appelé depuis la CN est trouvé: C:\machines\T32\Programmes\LA CALHENE\122700301E.MZK
I> [04/05/2007 16:23:33] Programmes dans les fichiers demandés: Programme 4410 (122700301E), Programme 4411 (122700301E), Programme 4412 (122700301E), Programme 4413 (122700301E), Programme 4414 (122700301E)
I> [04/05/2007 16:23:47] Appel depuis la CN de: 122700301E
I> [04/05/2007 16:23:54] Le programme appelé depuis la CN est trouvé: C:\machines\T32\Programmes\LA CALHENE\122700301E.MZK
I> [04/05/2007 16:23:54] Programmes dans les fichiers demandés: Programme 4410 (122700301E), Programme 4411 (122700301E), Programme 4412 (122700301E), Programme 4413 (122700301E), Programme 4414 (122700301E)
I> [04/05/2007 16:54:24] Appel depuis la CN de: 30350300101
I> [04/05/2007 16:54:41] Appel depuis la CN de: 30350300101
I> [04/05/2007 16:54:48] Le programme appelé depuis la CN est trouvé: C:\machines\T32\Programmes\LA CALHENE\30350300101.MZK
I> [04/05/2007 16:54:48] Programmes dans les fichiers demandés: Programme 3539 (30350300101), Programme 4085 (30350300101), Programme 4086 (30350300101), Programme 4089 (30350300101)
I> [04/05/2007 16:55:03] Emission de programme: Programme 3539 (30350300101)
I> [04/05/2007 16:55:14] Emission de programme: Programme 4085 (30350300101)
I> [04/05/2007 16:55:36] Emission de programme: Programme 4086 (30350300101)
I> [04/05/2007 16:55:59] Emission de programme: Programme 4089 (30350300101)
I> [04/05/2007 19:54:55] Port activé avec succès.
