I> [04/06/2012 05:01:20] Port activé avec succès.
I> [04/06/2012 11:31:14] Appel depuis la CN de: 11270-55-01
I> [04/06/2012 11:31:18] Le programme appelé depuis la CN est trouvé: C:\machines\T32 Bis\Programmes\11270-55-01.MZK
I> [04/06/2012 11:31:19] Programmes dans les fichiers demandés: Programme 4064 (11270-55-01), Programme 4066 (11270-55-01), Programme 4099 (11270-55-01), Programme 4101 (11270-55-01)
I> [04/06/2012 11:31:27] Emission de programme: Programme 4064 (11270-55-01)
I> [04/06/2012 11:32:04] Emission de programme: Programme 4066 (11270-55-01)
I> [04/06/2012 11:32:17] Emission de programme: Programme 4099 (11270-55-01)
I> [04/06/2012 11:34:01] Réception: programme 4064 (11270-55-01)
I> [04/06/2012 11:34:37] Réception: programme 4066 (11270-55-01)
I> [04/06/2012 11:34:50] Réception: programme 4099 (11270-55-01)
I> [04/06/2012 11:35:12] Réception: programme 4101 (11270-55-01)
I> [04/06/2012 11:35:40] Fichier reçu: C:\machines\T32 Bis\Programmes\11270-55-01.MZK
I> [04/06/2012 11:35:40] Programmes dans les fichiers demandés: Programme 4064 (11270-55-01), Programme 4066 (11270-55-01), Programme 4099 (11270-55-01), Programme 4101 (11270-55-01)
I> [04/06/2012 12:25:08] Appel depuis la CN de: 012007152 B
E> [04/06/2012 12:25:13] N'a pu trouver le programme appelé depuis la CN: 012007152 B.MZK [Premier répertoire recherché : C:\machines\T32 Bis\Programmes]
E> [04/06/2012 12:25:16] N'a pu émettre le fichier. [Previous remote request failed.]
E> [04/06/2012 12:25:17] N'a pu émettre le fichier. [Previous remote request failed.]
E> [04/06/2012 12:25:18] N'a pu émettre le fichier. [Previous remote request failed.]
I> [04/06/2012 12:25:44] Appel depuis la CN de: 012007152B
I> [04/06/2012 12:25:49] Le programme appelé depuis la CN est trouvé: C:\machines\T32 Bis\Programmes\ERCA FORMSEAL\012007152B.MZK
I> [04/06/2012 12:25:49] Programmes dans les fichiers demandés: Programme 402 (012007152B), Programme 403 (012007152B), Programme 404 (012007152B)
I> [04/06/2012 12:25:54] Emission de programme: Programme 402 (012007152B)
I> [04/06/2012 12:26:13] Emission de programme: Programme 403 (012007152B)
I> [04/06/2012 12:26:28] Emission de programme: Programme 404 (012007152B)
