I> [04/06/2008 10:18:01] Réception: programme 281 (81D3020D)
I> [04/06/2008 10:18:18] Réception: programme 282 (81D3020D)
I> [04/06/2008 10:18:26] Réception: programme 283 (81D3020D)
I> [04/06/2008 10:18:39] Réception: programme 284 (81D3020D)
I> [04/06/2008 10:19:00] Fichier reçu: C:\machines\T32 Bis\Programmes\81D3020D.MZK
I> [04/06/2008 10:19:01] Programmes dans les fichiers demandés: Programme 281 (81D3020D), Programme 282 (81D3020D), Programme 283 (81D3020D), Programme 284 (81D3020D)
I> [04/06/2008 10:26:51] Appel depuis la CN de: 4994484A
I> [04/06/2008 10:26:57] Le programme appelé depuis la CN est trouvé: C:\machines\T32 Bis\Programmes\DRESSER\4994484A.MZK
I> [04/06/2008 10:26:57] Programmes dans les fichiers demandés: Programme 4276 (4994484A), Programme 4278 (4994484A), Programme 4279 (4997784A), Programme 4287 (4994484A), Programme 4288 (4994484A)
I> [04/06/2008 10:30:32] Appel depuis la CN de: 5992736A
I> [04/06/2008 10:30:38] Le programme appelé depuis la CN est trouvé: C:\machines\T32 Bis\Programmes\DRESSER\5992736A.MZK
I> [04/06/2008 10:30:38] Programmes dans les fichiers demandés: Programme 4277 (5992736A), Programme 4280 (5992736A), Programme 4281 (5992736A), Programme 4289 (5992736A), Programme 4290 (5992736A)
I> [04/06/2008 10:30:58] Emission de programme: Programme 4277 (5992736A)
I> [04/06/2008 10:31:04] Emission de programme: Programme 4280 (5992736A)
I> [04/06/2008 10:31:15] Emission de programme: Programme 4281 (5992736A)
I> [04/06/2008 10:31:24] Emission de programme: Programme 4289 (5992736A)
I> [04/06/2008 10:31:33] Emission de programme: Programme 4290 (5992736A)
I> [04/06/2008 11:49:01] Appel depuis la CN de: 4994484A
I> [04/06/2008 11:49:06] Le programme appelé depuis la CN est trouvé: C:\machines\T32 Bis\Programmes\DRESSER\4994484A.MZK
I> [04/06/2008 11:49:06] Programmes dans les fichiers demandés: Programme 4276 (4994484A), Programme 4278 (4994484A), Programme 4279 (4997784A), Programme 4287 (4994484A), Programme 4288 (4994484A)
I> [04/06/2008 11:49:23] Emission de programme: Programme 4276 (4994484A)
I> [04/06/2008 11:49:29] Emission de programme: Programme 4278 (4994484A)
I> [04/06/2008 11:49:41] Emission de programme: Programme 4279 (4997784A)
I> [04/06/2008 11:49:51] Emission de programme: Programme 4287 (4994484A)
I> [04/06/2008 11:50:04] Emission de programme: Programme 4288 (4994484A)
