I> [04/06/2007 07:34:25] Port activé avec succès.
I> [04/06/2007 10:28:17] Réception: programme 4435 (MB14595-1)
I> [04/06/2007 10:28:30] Réception: programme 4436 (MB14595-1)
I> [04/06/2007 10:28:52] Fichier reçu: C:\machines\T32\Programmes\MB14595-1.MZK
I> [04/06/2007 10:28:52] Programmes dans les fichiers demandés: Programme 4435 (MB14595-1), Programme 4436 (MB14595-1)
I> [04/06/2007 20:36:59] Réception: programme 4437 (138941L0C00)
I> [04/06/2007 20:37:14] Fichier reçu: C:\machines\T32\Programmes\138941L0C00.MZK
I> [04/06/2007 20:37:14] Programmes dans les fichiers demandés: Programme 4437 (138941L0C00)
I> [04/06/2007 20:37:21] Réception: programme 4438 (138942L01C0)
I> [04/06/2007 20:37:36] Fichier reçu: C:\machines\T32\Programmes\138942L01C0.MZK
I> [04/06/2007 20:37:36] Programmes dans les fichiers demandés: Programme 4438 (138942L01C0)
I> [04/06/2007 20:40:57] Appel depuis la CN de: U5874-0
I> [04/06/2007 20:41:04] Le programme appelé depuis la CN est trouvé: C:\machines\T32\Programmes\SECMAIR\U5874-0.MZK
I> [04/06/2007 20:41:04] Programmes dans les fichiers demandés: Programme 439 (U5874-0), Programme 440 (U5874-0), Programme 442 (U5874-0)
I> [04/06/2007 20:41:16] Emission de programme: Programme 439 (U5874-0)
I> [04/06/2007 20:41:26] Emission de programme: Programme 440 (U5874-0)
I> [04/06/2007 20:41:36] Emission de programme: Programme 442 (U5874-0)
I> [04/06/2007 20:42:42] Appel depuis la CN de: U5873-0
I> [04/06/2007 20:42:49] Le programme appelé depuis la CN est trouvé: C:\machines\T32\Programmes\SECMAIR\U5873-0.MZK
I> [04/06/2007 20:42:49] Programmes dans les fichiers demandés: Programme 435 (U5873-0), Programme 436 (U5873-0)
I> [04/06/2007 20:43:03] Emission de programme: Programme 435 (U5873-0)
I> [04/06/2007 20:43:10] Emission de programme: Programme 436 (U5873-0)
I> [04/06/2007 20:56:36] Appel depuis la CN de: U5881-0
I> [04/06/2007 20:56:43] Le programme appelé depuis la CN est trouvé: C:\machines\T32\Programmes\SECMAIR\U5881-0.MZK
I> [04/06/2007 20:56:43] Programmes dans les fichiers demandés: Programme 437 (U5881-0), Programme 438 (U5881-0), Programme 441 (U5881-0)
I> [04/06/2007 20:56:50] Emission de programme: Programme 437 (U5881-0)
I> [04/06/2007 20:56:58] Emission de programme: Programme 438 (U5881-0)
I> [04/06/2007 20:57:07] Emission de programme: Programme 441 (U5881-0)
