I> [04/03/2010 09:39:56] Port activé avec succès.
I> [04/03/2010 15:40:20] Appel depuis la CN de: A-4801947B
E> [04/03/2010 15:40:25] N'a pu émettre le fichier: C:\machines\T32 Bis\Programmes\D70-D60-D50.MZK [Le système ne peut pas lire le périphérique indiqué]
I> [04/03/2010 15:40:25] Le programme appelé depuis la CN est trouvé: C:\machines\T32 Bis\Programmes\A-4801947B.MZK
I> [04/03/2010 15:40:25] Programmes dans les fichiers demandés: Programme 31, Données d'outil, Programme 28, Données d'outil
I> [04/03/2010 15:40:31] Appel depuis la CN de: A-4801947B
I> [04/03/2010 15:40:38] Le programme appelé depuis la CN est trouvé: C:\machines\T32 Bis\Programmes\A-4801947B.MZK
I> [04/03/2010 15:40:38] Programmes dans les fichiers demandés: Programme 31, Données d'outil, Programme 28, Données d'outil
I> [04/03/2010 15:40:47] Emission de programme: Programme 31
I> [04/03/2010 15:40:53] Emission de programme: Données d'outil
I> [04/03/2010 17:21:52] Appel depuis la CN de: A-4801957B
E> [04/03/2010 17:21:57] N'a pu émettre le fichier: C:\machines\T32 Bis\Programmes\A-4801947B.MZK [Le système ne peut pas lire le périphérique indiqué]
I> [04/03/2010 17:21:58] Le programme appelé depuis la CN est trouvé: C:\machines\T32 Bis\Programmes\A-4801957B.MZK
I> [04/03/2010 17:21:58] Programmes dans les fichiers demandés: Programme 30, Données d'outil, Programme 28, Données d'outil
I> [04/03/2010 17:22:03] Appel depuis la CN de: A-4801957B
I> [04/03/2010 17:22:10] Le programme appelé depuis la CN est trouvé: C:\machines\T32 Bis\Programmes\A-4801957B.MZK
I> [04/03/2010 17:22:10] Programmes dans les fichiers demandés: Programme 30, Données d'outil, Programme 28, Données d'outil
I> [04/03/2010 17:24:24] Emission de programme: Programme 30
I> [04/03/2010 17:24:30] Emission de programme: Données d'outil
I> [04/03/2010 17:24:32] Emission de programme: Programme 28
I> [04/03/2010 17:24:37] Emission de programme: Données d'outil
I> [04/03/2010 19:54:55] Appel depuis la CN de: 3980148E
I> [04/03/2010 19:55:01] Le programme appelé depuis la CN est trouvé: C:\machines\T32 Bis\Programmes\3980148E.MZK
I> [04/03/2010 19:55:01] Programmes dans les fichiers demandés: Programme 5071 (3980148E), Programme 5072 (3980148E)
I> [04/03/2010 19:55:08] Emission de programme: Programme 5071 (3980148E)
