I> [04/11/2013 07:28:00] Port activé avec succès.
I> [04/11/2013 10:21:58] Port activé avec succès.
I> [04/11/2013 12:00:29] Appel depuis la CN de: 1019001K1K3
I> [04/11/2013 12:00:34] Le programme appelé depuis la CN est trouvé: C:\machines\T32 Bis\Programmes\1019001K1K3.MZK
I> [04/11/2013 12:00:34] Programmes dans les fichiers demandés: Programme 989 (1019001K1K3), Programme 990 (1019001K1K3), Programme 991 (1019001K1K3), Programme 992 (1019001K1K3)
I> [04/11/2013 12:00:51] Emission de programme: Programme 989 (1019001K1K3)
I> [04/11/2013 12:00:56] Emission de programme: Programme 990 (1019001K1K3)
I> [04/11/2013 12:01:02] Emission de programme: Programme 991 (1019001K1K3)
I> [04/11/2013 12:01:11] Emission de programme: Programme 992 (1019001K1K3)
I> [04/11/2013 14:14:25] Appel depuis la CN de: 1019001K1K3
I> [04/11/2013 14:14:30] Le programme appelé depuis la CN est trouvé: C:\machines\T32 Bis\Programmes\1019001K1K3.MZK
I> [04/11/2013 14:14:30] Programmes dans les fichiers demandés: Programme 989 (1019001K1K3), Programme 990 (1019001K1K3), Programme 991 (1019001K1K3), Programme 992 (1019001K1K3)
I> [04/11/2013 14:15:07] Appel depuis la CN de: 1019001K1K4
E> [04/11/2013 14:15:12] N'a pu trouver le programme appelé depuis la CN: 1019001K1K4.MZK [Premier répertoire recherché : C:\machines\T32 Bis\Programmes]
E> [04/11/2013 14:15:14] N'a pu émettre le fichier. [Previous remote request failed.]
I> [04/11/2013 15:23:44] Appel depuis la CN de: 1019001K1K3
I> [04/11/2013 15:23:48] Le programme appelé depuis la CN est trouvé: C:\machines\T32 Bis\Programmes\1019001K1K3.MZK
I> [04/11/2013 15:23:48] Programmes dans les fichiers demandés: Programme 6216 (1019001K1K3), Programme 6217 (1019001K1K3)
I> [04/11/2013 15:23:57] Emission de programme: Programme 6216 (1019001K1K3)
I> [04/11/2013 15:24:11] Emission de programme: Programme 6217 (1019001K1K3)
