I> [04/11/2008 05:26:42] Appel depuis la CN de: 3983781C
I> [04/11/2008 05:26:49] Le programme appelé depuis la CN est trouvé: C:\machines\T32 Bis\Programmes\FLOWSERVE\3983781C.MZK
I> [04/11/2008 05:26:49] Programmes dans les fichiers demandés: Programme 379 (3983781C)
I> [04/11/2008 05:27:04] Appel depuis la CN de: 3983781C
I> [04/11/2008 05:27:11] Le programme appelé depuis la CN est trouvé: C:\machines\T32 Bis\Programmes\FLOWSERVE\3983781C.MZK
I> [04/11/2008 05:27:11] Programmes dans les fichiers demandés: Programme 379 (3983781C)
I> [04/11/2008 05:27:33] Emission de programme: Programme 379 (3983781C)
I> [04/11/2008 07:10:40] Réception: programme 411 (83648E)
I> [04/11/2008 07:10:54] Réception: programme 412 (83648E)
I> [04/11/2008 07:11:11] Fichier reçu: C:\machines\T32 Bis\Programmes\83648E.MZK
I> [04/11/2008 07:11:11] Programmes dans les fichiers demandés: Programme 411 (83648E), Programme 412 (83648E)
I> [04/11/2008 07:14:04] Appel depuis la CN de: 83648E
E> [04/11/2008 07:14:09] N'a pu émettre le fichier: C:\machines\T32 Bis\Programmes\83648E.MZK [Le système ne peut pas lire le périphérique indiqué]
I> [04/11/2008 07:14:09] Le programme appelé depuis la CN est trouvé: C:\machines\T32 Bis\Programmes\SMTA\83648E.MZK
I> [04/11/2008 07:14:09] Programmes dans les fichiers demandés: Programme 411 (83648E), Programme 412 (83648E)
I> [04/11/2008 07:14:14] Appel depuis la CN de: 83648E
I> [04/11/2008 07:14:19] Le programme appelé depuis la CN est trouvé: C:\machines\T32 Bis\Programmes\SMTA\83648E.MZK
I> [04/11/2008 07:14:19] Programmes dans les fichiers demandés: Programme 411 (83648E), Programme 412 (83648E)
I> [04/11/2008 11:31:54] Appel depuis la CN de: 2976 442D
I> [04/11/2008 11:31:59] Le programme appelé depuis la CN est trouvé: C:\machines\T32 Bis\Programmes\FLOWSERVE\2976 442D.MZK
I> [04/11/2008 11:31:59] Programmes dans les fichiers demandés: Programme 1114 (2976 442D), Programme 3668 (2976 442D)
I> [04/11/2008 11:34:06] Emission de programme: Programme 1114 (2976 442D)
I> [04/11/2008 11:34:33] Emission de programme: Programme 3668 (2976 442D)
