I> [04/11/2014 05:00:00] Port activé avec succès.
I> [04/11/2014 05:19:48] Appel depuis la CN de: BAGUED70L45
I> [04/11/2014 05:19:52] Le programme appelé depuis la CN est trouvé: C:\machines\T32 Bis\Programmes\BAGUED70L45.MZK
I> [04/11/2014 05:19:53] Programmes dans les fichiers demandés: Programme 15, Données d'outil, Programme 19, Données d'outil
I> [04/11/2014 05:19:57] Emission de programme: Programme 15
I> [04/11/2014 05:20:00] Emission de programme: Données d'outil
I> [04/11/2014 05:20:02] Emission de programme: Programme 19
I> [04/11/2014 05:20:06] Emission de programme: Données d'outil
I> [04/11/2014 05:21:25] Appel depuis la CN de: BAGUE 280
E> [04/11/2014 05:21:30] N'a pu trouver le programme appelé depuis la CN: BAGUE 280.MZK [Premier répertoire recherché : C:\machines\T32 Bis\Programmes]
E> [04/11/2014 05:21:32] N'a pu émettre le fichier. [Previous remote request failed.]
I> [04/11/2014 05:21:42] Appel depuis la CN de: BAGUE 280
E> [04/11/2014 05:21:47] N'a pu émettre le fichier. [Previous remote request failed.]
E> [04/11/2014 05:21:47] N'a pu trouver le programme appelé depuis la CN: BAGUE 280.MZK [Premier répertoire recherché : C:\machines\T32 Bis\Programmes]
I> [04/11/2014 05:22:11] Appel depuis la CN de: BAGUE280
E> [04/11/2014 05:22:15] N'a pu émettre le fichier. [Previous remote request failed.]
I> [04/11/2014 05:22:16] Le programme appelé depuis la CN est trouvé: C:\machines\T32 Bis\Programmes\BAGUE280.MZK
I> [04/11/2014 05:22:16] Programmes dans les fichiers demandés: Programme 19, Données d'outil, Programme 25, Données d'outil
I> [04/11/2014 05:22:21] Emission de programme: Programme 19
I> [04/11/2014 05:22:25] Emission de programme: Données d'outil
I> [04/11/2014 05:22:26] Emission de programme: Programme 25
I> [04/11/2014 05:22:32] Emission de programme: Données d'outil
I> [04/11/2014 09:31:13] Appel depuis la CN de: D70-D60-D50
I> [04/11/2014 09:31:18] Le programme appelé depuis la CN est trouvé: C:\machines\T32 Bis\Programmes\CRD\D70-D60-D50.MZK
I> [04/11/2014 09:31:18] Programmes dans les fichiers demandés: Programme 742 (D70-D60-D50), Programme 743 (D70-D60-D50)
I> [04/11/2014 09:48:37] Appel depuis la CN de: 70-60-50L30
I> [04/11/2014 09:48:47] Le programme appelé depuis la CN est trouvé: C:\machines\T32 Bis\Programmes\70-60-50L30.MZK
I> [04/11/2014 09:48:47] Programmes dans les fichiers demandés: Programme 19, Données d'outil, Programme 23, Données d'outil, Programme 5, Données d'outil
I> [04/11/2014 09:48:54] Appel depuis la CN de: 70-60-50L30
I> [04/11/2014 09:49:01] Le programme appelé depuis la CN est trouvé: C:\machines\T32 Bis\Programmes\70-60-50L30.MZK
I> [04/11/2014 09:49:01] Programmes dans les fichiers demandés: Programme 19, Données d'outil, Programme 23, Données d'outil, Programme 5, Données d'outil
I> [04/11/2014 09:51:35] Emission de programme: Programme 19
I> [04/11/2014 09:51:39] Emission de programme: Données d'outil
I> [04/11/2014 09:51:41] Emission de programme: Programme 23
I> [04/11/2014 09:51:46] Emission de programme: Données d'outil
I> [04/11/2014 09:51:47] Emission de programme: Programme 5
I> [04/11/2014 09:51:49] Emission de programme: Données d'outil
I> [04/11/2014 12:37:25] Réception: programme 1531 (70-60-50L30)
I> [04/11/2014 12:37:37] Fichier reçu: C:\machines\T32 Bis\Programmes\70-60-50L30.MZK
I> [04/11/2014 12:37:37] Programmes dans les fichiers demandés: Programme 1531 (70-60-50L30)
I> [04/11/2014 12:38:15] Appel depuis la CN de: 212700501
I> [04/11/2014 12:38:29] Le programme appelé depuis la CN est trouvé: C:\machines\T32 Bis\Programmes\LA CALHENE\212700501.MZK
I> [04/11/2014 12:38:29] Programmes dans les fichiers demandés: Programme 1463 (212700501), Programme 1464 (212700501), Programme 1465 (212700501), Programme 1466 (212700501), Programme 1467 (212700501)
I> [04/11/2014 12:38:35] Appel depuis la CN de: 212700501
I> [04/11/2014 12:38:43] Emission de programme: Programme 1463 (212700501)
I> [04/11/2014 12:39:16] Emission de programme: Programme 1464 (212700501)
I> [04/11/2014 12:39:44] Emission de programme: Programme 1465 (212700501)
I> [04/11/2014 12:40:35] Emission de programme: Programme 1466 (212700501)
I> [04/11/2014 12:41:05] Emission de programme: Programme 1467 (212700501)
I> [04/11/2014 12:41:35] Le programme appelé depuis la CN est trouvé: C:\machines\T32 Bis\Programmes\LA CALHENE\212700501.MZK
I> [04/11/2014 12:41:36] Programmes dans les fichiers demandés: Programme 1463 (212700501), Programme 1464 (212700501), Programme 1465 (212700501), Programme 1466 (212700501), Programme 1467 (212700501)
