I> [04/12/2017 05:34:24] Port activé avec succès.
I> [04/12/2017 14:24:34] Appel depuis la CN de: 1127305004B
I> [04/12/2017 14:24:39] Le programme appelé depuis la CN est trouvé: C:\machines\T32 Bis\Programmes\MEUNIER\1127305004B.MZK
I> [04/12/2017 14:24:40] Programmes dans les fichiers demandés: Programme 1515 (1127305004B), Programme 1516 (1127305004B)
I> [04/12/2017 14:25:31] Emission de programme: Programme 1515 (1127305004B)
I> [04/12/2017 14:25:38] Emission de programme: Programme 1516 (1127305004B)
I> [04/12/2017 14:35:11] Appel depuis la CN de: 1127305004B
I> [04/12/2017 14:35:16] Le programme appelé depuis la CN est trouvé: C:\machines\T32 Bis\Programmes\1127305004B.MZK
I> [04/12/2017 14:35:16] Programmes dans les fichiers demandés: Programme 6, Données d'outil, Programme 21, Données d'outil, Programme 15, Données d'outil, Programme 10, Données d'outil, Programme 11, Données d'outil, Programme 11, Données d'outil, Programme 46, Données d'outil, Programme 27, Données d'outil
I> [04/12/2017 14:35:23] Emission de programme: Programme 6
I> [04/12/2017 14:35:26] Emission de programme: Données d'outil
I> [04/12/2017 14:35:27] Emission de programme: Programme 21
I> [04/12/2017 14:35:31] Emission de programme: Données d'outil
I> [04/12/2017 14:35:33] Emission de programme: Programme 15
I> [04/12/2017 14:35:36] Emission de programme: Données d'outil
I> [04/12/2017 14:35:37] Emission de programme: Programme 10
I> [04/12/2017 14:35:40] Emission de programme: Données d'outil
I> [04/12/2017 14:35:41] Emission de programme: Programme 11
I> [04/12/2017 14:35:44] Emission de programme: Données d'outil
I> [04/12/2017 14:35:45] Emission de programme: Programme 11
I> [04/12/2017 14:35:47] Emission de programme: Données d'outil
I> [04/12/2017 14:35:48] Emission de programme: Programme 46
I> [04/12/2017 14:35:58] Emission de programme: Données d'outil
I> [04/12/2017 14:35:59] Emission de programme: Programme 27
I> [04/12/2017 14:36:05] Emission de programme: Données d'outil
