I> [05/01/2015 05:02:07] Port activé avec succès.
I> [05/01/2015 12:25:47] Appel depuis la CN de: 0361550
E> [05/01/2015 12:25:52] N'a pu trouver le programme appelé depuis la CN: 361550.MZK [Premier répertoire recherché : C:\machines\T32 Bis\Programmes]
E> [05/01/2015 12:25:53] N'a pu émettre le fichier. [Previous remote request failed.]
E> [05/01/2015 12:25:55] N'a pu émettre le fichier. [Previous remote request failed.]
E> [05/01/2015 12:25:56] N'a pu émettre le fichier. [Previous remote request failed.]
I> [05/01/2015 12:26:20] Appel depuis la CN de: 0361550
E> [05/01/2015 12:26:25] N'a pu trouver le programme appelé depuis la CN: 361550.MZK [Premier répertoire recherché : C:\machines\T32 Bis\Programmes]
E> [05/01/2015 12:26:26] N'a pu émettre le fichier. [Previous remote request failed.]
E> [05/01/2015 12:26:27] N'a pu émettre le fichier. [Previous remote request failed.]
E> [05/01/2015 12:26:28] N'a pu émettre le fichier. [Previous remote request failed.]
E> [05/01/2015 12:26:43] N'a pu émettre le fichier. [Previous remote request failed.]
I> [05/01/2015 12:28:30] Appel depuis la CN de: 0361550
E> [05/01/2015 12:28:34] N'a pu trouver le programme appelé depuis la CN: 361550.MZK [Premier répertoire recherché : C:\machines\T32 Bis\Programmes]
E> [05/01/2015 12:28:34] N'a pu émettre le fichier. [Previous remote request failed.]
E> [05/01/2015 12:28:36] N'a pu émettre le fichier. [Previous remote request failed.]
E> [05/01/2015 12:28:38] N'a pu émettre le fichier. [Previous remote request failed.]
E> [05/01/2015 12:28:39] N'a pu émettre le fichier. [Previous remote request failed.]
E> [05/01/2015 12:28:40] N'a pu émettre le fichier. [Previous remote request failed.]
E> [05/01/2015 12:29:09] N'a pu émettre le fichier. [Previous remote request failed.]
E> [05/01/2015 12:29:11] N'a pu émettre le fichier. [Previous remote request failed.]
I> [05/01/2015 12:29:35] Appel depuis la CN de: 0361550
E> [05/01/2015 12:29:40] N'a pu émettre le fichier. [Previous remote request failed.]
E> [05/01/2015 12:29:40] N'a pu trouver le programme appelé depuis la CN: 361550.MZK [Premier répertoire recherché : C:\machines\T32 Bis\Programmes]
E> [05/01/2015 12:29:41] N'a pu émettre le fichier. [Previous remote request failed.]
E> [05/01/2015 12:29:47] N'a pu émettre le fichier. [Previous remote request failed.]
I> [05/01/2015 12:30:55] Appel depuis la CN de: 0361550
E> [05/01/2015 12:30:59] N'a pu émettre le fichier. [Previous remote request failed.]
E> [05/01/2015 12:30:59] N'a pu trouver le programme appelé depuis la CN: 361550.MZK [Premier répertoire recherché : C:\machines\T32 Bis\Programmes]
E> [05/01/2015 12:31:01] N'a pu émettre le fichier. [Previous remote request failed.]
E> [05/01/2015 12:31:02] N'a pu émettre le fichier. [Previous remote request failed.]
E> [05/01/2015 12:31:03] N'a pu émettre le fichier. [Previous remote request failed.]
I> [05/01/2015 12:34:12] Appel depuis la CN de: 0361550A
E> [05/01/2015 12:34:17] N'a pu émettre le fichier. [Previous remote request failed.]
I> [05/01/2015 12:34:17] Le programme appelé depuis la CN est trouvé: C:\machines\T32 Bis\Programmes\0361550A.MZK
I> [05/01/2015 12:34:17] Programmes dans les fichiers demandés: Programme 1066 (0361550), Programme 1067 (0361550)
I> [05/01/2015 12:34:40] Emission de programme: Programme 1066 (0361550)
