I> [05/06/2012 05:23:52] Port activé avec succès.
I> [05/06/2012 10:50:21] Appel depuis la CN de: 012000681
E> [05/06/2012 10:50:26] N'a pu émettre le fichier: C:\machines\T32 Bis\Programmes\81B0004 E.MZK [Le système ne peut pas lire le périphérique indiqué]
I> [05/06/2012 10:50:26] Le programme appelé depuis la CN est trouvé: C:\machines\T32 Bis\Programmes\ERCA FORMSEAL\012000681.MZK
I> [05/06/2012 10:50:26] Programmes dans les fichiers demandés: Programme 1156 (012000681), Programme 1157 (012000681), Programme 1158 (012000681)
I> [05/06/2012 10:50:31] Emission de programme: Programme 1156 (012000681)
I> [05/06/2012 10:50:52] Emission de programme: Programme 1157 (012000681)
I> [05/06/2012 10:51:12] Emission de programme: Programme 1158 (012000681)
I> [05/06/2012 10:51:57] Appel depuis la CN de: 012000913
I> [05/06/2012 10:52:02] Le programme appelé depuis la CN est trouvé: C:\machines\T32 Bis\Programmes\ERCA FORMSEAL\012000913.MZK
I> [05/06/2012 10:52:02] Programmes dans les fichiers demandés: Programme 1096 (012000913), Programme 1097 (012000913), Programme 1098 (012000913)
I> [05/06/2012 10:52:23] Emission de programme: Programme 1096 (012000913)
I> [05/06/2012 10:52:44] Emission de programme: Programme 1097 (012000913)
I> [05/06/2012 10:53:05] Emission de programme: Programme 1098 (012000913)
I> [05/06/2012 11:06:48] Appel depuis la CN de: 012000683
I> [05/06/2012 11:06:53] Le programme appelé depuis la CN est trouvé: C:\machines\T32 Bis\Programmes\ERCA FORMSEAL\012000683.MZK
I> [05/06/2012 11:06:53] Programmes dans les fichiers demandés: Programme 1155 (012000683), Programme 1157 (012000683), Programme 1159 (012000683)
I> [05/06/2012 11:07:02] Emission de programme: Programme 1155 (012000683)
I> [05/06/2012 11:07:22] Emission de programme: Programme 1159 (012000683)
I> [05/06/2012 11:08:03] Emission de programme: Programme 1159 (012000683)
