I> [05/09/05 07:38:51] Port activé avec succès.
I> [05/09/05 10:38:55] Appel depuis la CN de: 87483
I> [05/09/05 10:39:02] Le programme appelé depuis la CN est trouvé: C:\machines\T32\Programmes\ARO\87483.MZK
I> [05/09/05 10:39:02] Programmes dans les fichiers demandés: Programme 20, Données d'outil, Programme 28, Données d'outil, Programme 5, Données d'outil, Programme 26, Données d'outil, Programme 313, Données d'outil, Programme 324, Données d'outil
I> [05/09/05 10:39:12] Emission de programme: Programme 20
I> [05/09/05 10:39:16] Emission de programme: Données d'outil
I> [05/09/05 10:39:18] Emission de programme: Programme 28
I> [05/09/05 10:39:24] Emission de programme: Données d'outil
I> [05/09/05 10:39:25] Emission de programme: Programme 5
I> [05/09/05 10:39:27] Emission de programme: Données d'outil
I> [05/09/05 10:39:28] Emission de programme: Programme 26
I> [05/09/05 10:39:33] Emission de programme: Données d'outil
I> [05/09/05 10:39:34] Emission de programme: Programme 313
I> [05/09/05 10:39:45] Emission de programme: Données d'outil
I> [05/09/05 10:39:47] Emission de programme: Programme 324
E> [05/09/05 10:43:25] Transmission avortée. [Délai de réponse dépassé, interruption de la transmission]
I> [05/09/05 20:22:08] Réception: programme 3669 (2976626B)
I> [05/09/05 20:22:44] Réception: programme 3670 (2976626B)
I> [05/09/05 20:23:14] Fichier reçu: C:\machines\T32\Programmes\2976626B.MZK
I> [05/09/05 20:23:14] Programmes dans les fichiers demandés: Programme 3669 (2976626B), Programme 3670 (2976626B)
