I> [05/03/2014 04:52:37] Port activé avec succès.
I> [05/03/2014 11:42:42] Appel depuis la CN de: 30270300101
I> [05/03/2014 11:42:49] Le programme appelé depuis la CN est trouvé: C:\machines\T32 Bis\Programmes\LA CALHENE\30270300101.MZK
I> [05/03/2014 11:42:49] Programmes dans les fichiers demandés: Programme 67 (30270300101), Programme 68 (30270300101), Programme 70 (30270300101), Programme 71 (30270300101), Programme 261 (30270300101), Programme 827 (30270300101), Programme 828 (30270300101)
I> [05/03/2014 11:42:55] Emission de programme: Programme 68 (30270300101)
I> [05/03/2014 17:20:48] Appel depuis la CN de: 681501D
E> [05/03/2014 17:20:53] N'a pu trouver le programme appelé depuis la CN: 681501D.MZK [Premier répertoire recherché : C:\machines\T32 Bis\Programmes]
E> [05/03/2014 17:21:02] N'a pu émettre le fichier. [Previous remote request failed.]
E> [05/03/2014 17:21:10] N'a pu émettre le fichier. [Previous remote request failed.]
I> [05/03/2014 17:21:26] Appel depuis la CN de: 681501D
E> [05/03/2014 17:21:30] N'a pu trouver le programme appelé depuis la CN: 681501D.MZK [Premier répertoire recherché : C:\machines\T32 Bis\Programmes]
E> [05/03/2014 17:21:39] N'a pu émettre le fichier. [Previous remote request failed.]
I> [05/03/2014 17:26:57] Appel depuis la CN de: 681501D
I> [05/03/2014 17:27:01] Le programme appelé depuis la CN est trouvé: C:\machines\T32 Bis\Programmes\681501D.MZK
I> [05/03/2014 17:27:01] Programmes dans les fichiers demandés: Programme 6073 (681501D), Programme 6074 (681501D), Programme 6078 (681501D), Programme 6079 (681501D), Programme 6082 (681501D), Programme 6083 (681501D)
I> [05/03/2014 17:27:08] Emission de programme: Programme 6073 (681501D)
I> [05/03/2014 17:27:19] Emission de programme: Programme 6074 (681501D)
I> [05/03/2014 17:27:31] Emission de programme: Programme 6078 (681501D)
I> [05/03/2014 17:27:47] Emission de programme: Programme 6079 (681501D)
I> [05/03/2014 17:27:59] Emission de programme: Programme 6082 (681501D)
I> [05/03/2014 17:28:25] Emission de programme: Programme 6083 (681501D)
