I> [05/05/2011 07:34:32] Port activé avec succès.
I> [05/05/2011 07:37:03] Appel depuis la CN de: 29811095C
E> [05/05/2011 07:37:08] N'a pu trouver le programme appelé depuis la CN: 29811095C.MZK [Premier répertoire recherché : C:\machines\T32 Bis\Programmes]
E> [05/05/2011 07:37:30] N'a pu émettre le fichier. [Previous remote request failed.]
I> [05/05/2011 07:38:00] Appel depuis la CN de: 2981095C
I> [05/05/2011 07:38:04] Le programme appelé depuis la CN est trouvé: C:\machines\T32 Bis\Programmes\FLOWSERVE\2981095C.MZK
I> [05/05/2011 07:38:04] Programmes dans les fichiers demandés: Programme 276 (2981095C)
I> [05/05/2011 07:38:12] Emission de programme: Programme 276 (2981095C)
I> [05/05/2011 10:26:06] Appel depuis la CN de: 3983782C
I> [05/05/2011 10:26:11] Le programme appelé depuis la CN est trouvé: C:\machines\T32 Bis\Programmes\FLOWSERVE\3983782C.MZK
I> [05/05/2011 10:26:11] Programmes dans les fichiers demandés: Programme 483 (3983782C), Programme 484 (3983782C)
I> [05/05/2011 10:26:15] Emission de programme: Programme 483 (3983782C)
I> [05/05/2011 10:26:27] Emission de programme: Programme 484 (3983782C)
I> [05/05/2011 14:09:37] Appel depuis la CN de: 3983781C
I> [05/05/2011 14:09:42] Le programme appelé depuis la CN est trouvé: C:\machines\T32 Bis\Programmes\FLOWSERVE\3983781C.MZK
I> [05/05/2011 14:09:42] Programmes dans les fichiers demandés: Programme 379 (3983781C)
I> [05/05/2011 14:09:47] Emission de programme: Programme 379 (3983781C)
E> [05/05/2011 14:15:04] Transmission avortée. [Délai de réponse dépassé, interruption de la transmission]
I> [05/05/2011 20:45:28] Réception: programme 1091 (2981103C)
I> [05/05/2011 20:45:40] Fichier reçu: C:\machines\T32 Bis\Programmes\2981103C.MZK
I> [05/05/2011 20:45:40] Programmes dans les fichiers demandés: Programme 1091 (2981103C)
I> [05/05/2011 20:47:02] Appel depuis la CN de: 2974885D
E> [05/05/2011 20:47:07] N'a pu trouver le programme appelé depuis la CN: 2974885D.MZK [Premier répertoire recherché : C:\machines\T32 Bis\Programmes]
E> [05/05/2011 20:47:21] N'a pu émettre le fichier. [Previous remote request failed.]
E> [05/05/2011 20:47:22] N'a pu émettre le fichier. [Previous remote request failed.]
E> [05/05/2011 20:47:23] N'a pu émettre le fichier. [Previous remote request failed.]
I> [05/05/2011 20:50:14] Appel depuis la CN de: 2974885D 2
I> [05/05/2011 20:50:19] Le programme appelé depuis la CN est trouvé: C:\machines\T32 Bis\Programmes\FLOWSERVE\2974885D 2.MZK
I> [05/05/2011 20:50:19] Programmes dans les fichiers demandés: Programme 4224 (2974885D 2), Programme 4225 (2974885D 2)
I> [05/05/2011 20:50:31] Emission de programme: Programme 4224 (2974885D 2)
I> [05/05/2011 20:50:57] Emission de programme: Programme 4225 (2974885D 2)
