I> [05/01/2012 07:33:14] Port activé avec succès.
I> [05/01/2012 12:46:47] Réception: programme 1226 (241003562)
I> [05/01/2012 12:47:03] Réception: programme 1227 (241003562)
I> [05/01/2012 12:47:09] Réception: programme 1228 (241003562)
I> [05/01/2012 12:47:24] Fichier reçu: C:\machines\T32 Bis\Programmes\241003562.MZK
I> [05/01/2012 12:47:24] Programmes dans les fichiers demandés: Programme 1226 (241003562), Programme 1227 (241003562), Programme 1228 (241003562)
I> [05/01/2012 12:49:30] Appel depuis la CN de: 241003562
E> [05/01/2012 12:49:35] N'a pu émettre le fichier: C:\machines\T32 Bis\Programmes\241003562.MZK [Le système ne peut pas lire le périphérique indiqué]
I> [05/01/2012 12:49:35] Le programme appelé depuis la CN est trouvé: C:\machines\T32 Bis\Programmes\ERCA FORMSEAL\241003562.MZK
I> [05/01/2012 12:49:35] Programmes dans les fichiers demandés: Programme 1226 (241003562), Programme 1227 (241003562), Programme 1228 (241003562)
I> [05/01/2012 12:49:42] Appel depuis la CN de: 241003562
I> [05/01/2012 12:49:49] Le programme appelé depuis la CN est trouvé: C:\machines\T32 Bis\Programmes\ERCA FORMSEAL\241003562.MZK
I> [05/01/2012 12:49:49] Programmes dans les fichiers demandés: Programme 1226 (241003562), Programme 1227 (241003562), Programme 1228 (241003562)
I> [05/01/2012 13:41:40] Appel depuis la CN de: 362734J
E> [05/01/2012 13:41:45] N'a pu trouver le programme appelé depuis la CN: 362734J.MZK [Premier répertoire recherché : C:\machines\T32 Bis\Programmes]
E> [05/01/2012 13:41:46] N'a pu émettre le fichier. [Previous remote request failed.]
E> [05/01/2012 13:41:47] N'a pu émettre le fichier. [Previous remote request failed.]
E> [05/01/2012 13:41:48] N'a pu émettre le fichier. [Previous remote request failed.]
I> [05/01/2012 13:52:57] Appel depuis la CN de: P362734I
I> [05/01/2012 13:53:02] Le programme appelé depuis la CN est trouvé: C:\machines\T32 Bis\Programmes\TOKHEIM\P362734I.MZK
I> [05/01/2012 13:53:02] Programmes dans les fichiers demandés: Programme 1127 (P362734I), Programme 4 (P362734I)
I> [05/01/2012 13:53:21] Emission de programme: Programme 4 (P362734I)
