I> [05/07/2011 05:04:55] Port activé avec succès.
I> [05/07/2011 06:40:43] Réception: programme 1125 (PBM044B)
I> [05/07/2011 06:41:01] Réception: programme 1126 (PBM044B)
I> [05/07/2011 06:41:19] Fichier reçu: C:\machines\T32 Bis\Programmes\PBM044B.MZK
I> [05/07/2011 06:41:19] Programmes dans les fichiers demandés: Programme 1125 (PBM044B), Programme 1126 (PBM044B)
I> [05/07/2011 07:59:29] Appel depuis la CN de: 430000410E
I> [05/07/2011 07:59:34] Le programme appelé depuis la CN est trouvé: C:\machines\T32 Bis\Programmes\ERCA FORMSEAL\430000410E.MZK
I> [05/07/2011 07:59:34] Programmes dans les fichiers demandés: Programme 726 (430000410E), Programme 727 (430000410E), Programme 728 (430000410E), Programme 729 (430000410E), Programme 732 (430000410E), Programme 733 (430000410E), Programme 734 (430000410E)
I> [05/07/2011 08:02:15] Emission de programme: Programme 726 (430000410E)
I> [05/07/2011 08:02:25] Emission de programme: Programme 727 (430000410E)
I> [05/07/2011 08:02:38] Emission de programme: Programme 728 (430000410E)
I> [05/07/2011 08:02:47] Emission de programme: Programme 729 (430000410E)
I> [05/07/2011 08:02:59] Emission de programme: Programme 732 (430000410E)
I> [05/07/2011 08:03:12] Emission de programme: Programme 733 (430000410E)
I> [05/07/2011 08:03:23] Emission de programme: Programme 734 (430000410E)
I> [05/07/2011 09:36:48] Appel depuis la CN de: 430000422B
I> [05/07/2011 09:36:52] Le programme appelé depuis la CN est trouvé: C:\machines\T32 Bis\Programmes\ERCA FORMSEAL\430000422B.MZK
I> [05/07/2011 09:36:53] Programmes dans les fichiers demandés: Programme 724 (430000422B), Programme 725 (430000422B), Programme 730 (430000422B), Programme 731 (430000422B), Programme 735 (430000422B), Programme 736 (430000422B), Programme 737 (430000422B)
I> [05/07/2011 09:37:02] Emission de programme: Programme 724 (430000422B)
I> [05/07/2011 09:37:12] Emission de programme: Programme 725 (430000422B)
I> [05/07/2011 09:37:26] Emission de programme: Programme 730 (430000422B)
I> [05/07/2011 09:37:35] Emission de programme: Programme 731 (430000422B)
I> [05/07/2011 09:37:47] Emission de programme: Programme 735 (430000422B)
I> [05/07/2011 09:38:00] Emission de programme: Programme 736 (430000422B)
I> [05/07/2011 09:38:10] Emission de programme: Programme 737 (430000422B)
