I> [05/02/2008 11:59:46] Réception: programme 132 (K2481K)
I> [05/02/2008 12:00:17] Réception: programme 133 (K2481K)
I> [05/02/2008 12:00:43] Fichier reçu: C:\machines\T32 Bis\Programmes\K2481K.MZK
I> [05/02/2008 12:00:43] Programmes dans les fichiers demandés: Programme 132 (K2481K), Programme 133 (K2481K)
I> [05/02/2008 14:43:38] Appel depuis la CN de: 4340 02 09A
E> [05/02/2008 14:43:43] N'a pu émettre le fichier: C:\machines\T32 Bis\Programmes\K2481K.MZK [Le système ne peut pas lire le périphérique indiqué]
E> [05/02/2008 14:43:43] N'a pu trouver le programme appelé depuis la CN: 4340 02 09A.MZK [Premier répertoire recherché : C:\machines\T32 Bis\Programmes]
I> [05/02/2008 14:43:54] Appel depuis la CN de: 4340 02 09A
E> [05/02/2008 14:43:59] N'a pu émettre le fichier. [Previous remote request failed.]
E> [05/02/2008 14:43:59] N'a pu trouver le programme appelé depuis la CN: 4340 02 09A.MZK [Premier répertoire recherché : C:\machines\T32 Bis\Programmes]
I> [05/02/2008 14:45:11] Appel depuis la CN de: 4340-02-09A
E> [05/02/2008 14:45:16] N'a pu émettre le fichier. [Previous remote request failed.]
I> [05/02/2008 14:45:16] Le programme appelé depuis la CN est trouvé: C:\machines\T32 Bis\Programmes\LA CALHENE\4340-02-09A.MZK
I> [05/02/2008 14:45:16] Programmes dans les fichiers demandés: Programme 3762 (4340-02-09A), Programme 3763 (4340-02-09A)
I> [05/02/2008 14:45:29] Appel depuis la CN de: 4340-02-09A
I> [05/02/2008 14:45:35] Le programme appelé depuis la CN est trouvé: C:\machines\T32 Bis\Programmes\LA CALHENE\4340-02-09A.MZK
I> [05/02/2008 14:45:35] Programmes dans les fichiers demandés: Programme 3762 (4340-02-09A), Programme 3763 (4340-02-09A)
I> [05/02/2008 14:58:19] Emission de programme: Programme 3762 (4340-02-09A)
I> [05/02/2008 14:58:56] Emission de programme: Programme 3763 (4340-02-09A)
I> [05/02/2008 15:06:10] Port arrêté.
I> [05/02/2008 15:06:15] Port activé avec succès.
I> [05/02/2008 15:07:52] Port activé avec succès.
I> [05/02/2008 15:11:05] Programmes dans les fichiers demandés: Programme 3905 (170874301K8), Programme 3906 (170874301K8), Programme 3907 (170874301K8)
I> [05/02/2008 15:36:29] Programmes dans les fichiers demandés: Programme 3762 (4340-02-09A), Programme 3763 (4340-02-09A)
