I> [05/07/2010 05:08:40] Port activé avec succès.
I> [05/07/2010 07:16:56] Réception: programme 901 (4805695A)
I> [05/07/2010 07:17:15] Réception: programme 902 (4805695A)
I> [05/07/2010 07:17:38] Fichier reçu: C:\machines\T32 Bis\Programmes\4805695A.MZK
I> [05/07/2010 07:17:38] Programmes dans les fichiers demandés: Programme 901 (4805695A), Programme 902 (4805695A)
I> [05/07/2010 09:46:16] Réception: programme 903 (4805422A)
I> [05/07/2010 09:46:27] Réception: programme 904 (4805422A)
I> [05/07/2010 09:46:40] Fichier reçu: C:\machines\T32 Bis\Programmes\4805422A.MZK
I> [05/07/2010 09:46:40] Programmes dans les fichiers demandés: Programme 903 (4805422A), Programme 904 (4805422A)
I> [05/07/2010 14:12:25] Réception: programme 905 (103040373)
I> [05/07/2010 14:12:46] Réception: programme 906 (103040373)
I> [05/07/2010 14:13:09] Fichier reçu: C:\machines\T32 Bis\Programmes\103040373.MZK
I> [05/07/2010 14:13:09] Programmes dans les fichiers demandés: Programme 905 (103040373), Programme 906 (103040373)
I> [05/07/2010 14:15:17] Appel depuis la CN de: 103040373
E> [05/07/2010 14:15:21] N'a pu émettre le fichier: C:\machines\T32 Bis\Programmes\103040373.MZK [Le système ne peut pas lire le périphérique indiqué]
I> [05/07/2010 14:15:21] Le programme appelé depuis la CN est trouvé: C:\machines\T32 Bis\Programmes\ARO\103040373.MZK
I> [05/07/2010 14:15:21] Programmes dans les fichiers demandés: Programme 905 (103040373), Programme 906 (103040373)
I> [05/07/2010 14:15:26] Appel depuis la CN de: 103040373
I> [05/07/2010 14:15:33] Le programme appelé depuis la CN est trouvé: C:\machines\T32 Bis\Programmes\ARO\103040373.MZK
I> [05/07/2010 14:15:33] Programmes dans les fichiers demandés: Programme 905 (103040373), Programme 906 (103040373)
I> [05/07/2010 17:34:56] Appel depuis la CN de: 112704601A
I> [05/07/2010 17:35:01] Le programme appelé depuis la CN est trouvé: C:\machines\T32 Bis\Programmes\LA CALHENE\112704601A.MZK
I> [05/07/2010 17:35:01] Programmes dans les fichiers demandés: Programme 863 (112704601A), Programme 864 (112704601A), Programme 865 (112704601A), Programme 866 (112704601A)
I> [05/07/2010 17:35:24] Emission de programme: Programme 864 (112704601A)
