I> [05/02/2014 05:22:11] Port activé avec succès.
I> [05/02/2014 13:14:30] Appel depuis la CN de: 11270-55-01
I> [05/02/2014 13:14:41] Le programme appelé depuis la CN est trouvé: C:\machines\T32 Bis\Programmes\LA CALHENE\11270-55-01.MZK
I> [05/02/2014 13:14:41] Programmes dans les fichiers demandés: Programme 1438 (11270-55-01), Programme 1439 (11270-55-01), Programme 1440 (11270-55-01), Programme 1441 (11270-55-01)
I> [05/02/2014 13:14:51] Emission de programme: Programme 1438 (11270-55-01)
I> [05/02/2014 13:16:29] Emission de programme: Programme 1439 (11270-55-01)
I> [05/02/2014 13:17:33] Réception: programme 1438 (11270-55-01)
I> [05/02/2014 13:19:11] Réception: programme 1439 (11270-55-01)
I> [05/02/2014 13:19:24] Réception: programme 1440 (11270-55-01)
I> [05/02/2014 13:19:47] Réception: programme 1441 (11270-55-01)
I> [05/02/2014 13:20:18] Fichier reçu: C:\machines\T32 Bis\Programmes\11270-55-01.MZK
I> [05/02/2014 13:20:18] Programmes dans les fichiers demandés: Programme 1438 (11270-55-01), Programme 1439 (11270-55-01), Programme 1440 (11270-55-01), Programme 1441 (11270-55-01)
I> [05/02/2014 13:47:29] Appel depuis la CN de: 3980844B
E> [05/02/2014 13:47:34] N'a pu émettre le fichier: C:\machines\T32 Bis\Programmes\11270-55-01.MZK [Le système ne peut pas lire le périphérique indiqué]
I> [05/02/2014 13:47:34] Le programme appelé depuis la CN est trouvé: C:\machines\T32 Bis\Programmes\FLOWSERVE\3980844B.MZK
I> [05/02/2014 13:47:34] Programmes dans les fichiers demandés: Programme 797 (3980844B), Programme 798 (3980844B)
I> [05/02/2014 13:47:47] Appel depuis la CN de: 3980844B
I> [05/02/2014 13:47:54] Le programme appelé depuis la CN est trouvé: C:\machines\T32 Bis\Programmes\FLOWSERVE\3980844B.MZK
I> [05/02/2014 13:47:54] Programmes dans les fichiers demandés: Programme 797 (3980844B), Programme 798 (3980844B)
I> [05/02/2014 13:47:55] Emission de programme: Programme 797 (3980844B)
I> [05/02/2014 13:48:15] Emission de programme: Programme 798 (3980844B)
