I> [05/02/2016 04:55:48] Port activé avec succès.
I> [05/02/2016 05:04:47] Appel depuis la CN de: 9001-04-01L
E> [05/02/2016 05:04:51] N'a pu émettre le fichier: C:\machines\T32 Bis\Programmes\21270080201.MZK [Le système ne peut pas lire le périphérique indiqué]
I> [05/02/2016 05:04:52] Le programme appelé depuis la CN est trouvé: C:\machines\T32 Bis\Programmes\LA CALHENE\9001-04-01L.MZK
I> [05/02/2016 05:04:52] Programmes dans les fichiers demandés: Programme 1546 (9001-04-01L), Programme 1548 (9001-04-01L), Programme 1550 (9001-04-01L), Programme 1553 (9001-04-01L)
I> [05/02/2016 05:06:19] Emission de programme: Programme 1546 (9001-04-01L)
I> [05/02/2016 05:06:30] Emission de programme: Programme 1548 (9001-04-01L)
I> [05/02/2016 05:06:35] Emission de programme: Programme 1550 (9001-04-01L)
I> [05/02/2016 05:07:00] Emission de programme: Programme 1553 (9001-04-01L)
I> [05/02/2016 05:09:23] Réception: programme 1546 (9001-04-01L)
I> [05/02/2016 05:09:45] Appel depuis la CN de: 9001-04-02G
I> [05/02/2016 05:09:49] Le programme appelé depuis la CN est trouvé: C:\machines\T32 Bis\Programmes\LA CALHENE\9001-04-02G.MZK
I> [05/02/2016 05:09:49] Programmes dans les fichiers demandés: Programme 1545 (9001-04-02G), Programme 1547 (9001-04-02G), Programme 1549 (9001-04-02G), Programme 1551 (9001-04-02G), Programme 1552 (9001-04-02G)
I> [05/02/2016 05:09:49] Fichier reçu: C:\machines\T32 Bis\Programmes\9001-04-01L.MZK
I> [05/02/2016 05:09:49] Programmes dans les fichiers demandés: Programme 1546 (9001-04-01L)
I> [05/02/2016 05:10:07] Appel depuis la CN de: 9001-04-02G
I> [05/02/2016 05:10:14] Le programme appelé depuis la CN est trouvé: C:\machines\T32 Bis\Programmes\LA CALHENE\9001-04-02G.MZK
I> [05/02/2016 05:10:14] Programmes dans les fichiers demandés: Programme 1545 (9001-04-02G), Programme 1547 (9001-04-02G), Programme 1549 (9001-04-02G), Programme 1551 (9001-04-02G), Programme 1552 (9001-04-02G)
I> [05/02/2016 05:10:39] Emission de programme: Programme 1545 (9001-04-02G)
I> [05/02/2016 05:10:45] Emission de programme: Programme 1547 (9001-04-02G)
I> [05/02/2016 05:10:54] Emission de programme: Programme 1549 (9001-04-02G)
I> [05/02/2016 05:11:00] Emission de programme: Programme 1552 (9001-04-02G)
I> [05/02/2016 05:11:43] Réception: programme 1545 (9001-04-02G)
I> [05/02/2016 05:11:49] Réception: programme 1547 (9001-04-02G)
I> [05/02/2016 05:11:58] Réception: programme 1549 (9001-04-02G)
I> [05/02/2016 05:12:03] Réception: programme 1551 (9001-04-02G)
I> [05/02/2016 05:12:38] Réception: programme 1552 (9001-04-02G)
I> [05/02/2016 05:12:44] Fichier reçu: C:\machines\T32 Bis\Programmes\9001-04-02G.MZK
I> [05/02/2016 05:12:44] Programmes dans les fichiers demandés: Programme 1545 (9001-04-02G), Programme 1547 (9001-04-02G), Programme 1549 (9001-04-02G), Programme 1551 (9001-04-02G), Programme 1552 (9001-04-02G)
I> [05/02/2016 14:10:45] Appel depuis la CN de: 9001-04-02G
I> [05/02/2016 14:10:49] Le programme appelé depuis la CN est trouvé: C:\machines\T32 Bis\Programmes\9001-04-02G.MZK
I> [05/02/2016 14:10:49] Programmes dans les fichiers demandés: Programme 1545 (9001-04-02G), Programme 1547 (9001-04-02G), Programme 1549 (9001-04-02G), Programme 1551 (9001-04-02G), Programme 1552 (9001-04-02G)
I> [05/02/2016 14:12:18] Appel depuis la CN de: 9001-04-02G
I> [05/02/2016 14:12:23] Le programme appelé depuis la CN est trouvé: C:\machines\T32 Bis\Programmes\9001-04-02G.MZK
I> [05/02/2016 14:12:23] Programmes dans les fichiers demandés: Programme 1545 (9001-04-02G), Programme 1547 (9001-04-02G), Programme 1549 (9001-04-02G), Programme 1551 (9001-04-02G), Programme 1552 (9001-04-02G)
I> [05/02/2016 14:13:27] Emission de programme: Programme 1545 (9001-04-02G)
I> [05/02/2016 14:13:33] Emission de programme: Programme 1547 (9001-04-02G)
I> [05/02/2016 14:13:42] Emission de programme: Programme 1549 (9001-04-02G)
I> [05/02/2016 14:15:48] Réception: programme 1545 (9001-04-02G)
I> [05/02/2016 14:15:54] Réception: programme 1547 (9001-04-02G)
I> [05/02/2016 14:16:03] Réception: programme 1549 (9001-04-02G)
I> [05/02/2016 14:16:09] Réception: programme 1551 (9001-04-02G)
I> [05/02/2016 14:16:43] Réception: programme 1552 (9001-04-02G)
I> [05/02/2016 14:16:49] Fichier existant sauvegardé: C:\MACHINES\T32 BIS\SAUVEGARDES\9001-04-02G_01.MZK
I> [05/02/2016 14:16:49] Fichier reçu: C:\machines\T32 Bis\Programmes\9001-04-02G.MZK
I> [05/02/2016 14:16:49] Programmes dans les fichiers demandés: Programme 1545 (9001-04-02G), Programme 1547 (9001-04-02G), Programme 1549 (9001-04-02G), Programme 1551 (9001-04-02G), Programme 1552 (9001-04-02G)
