I> [05/03/2007 05:57:22] Port activé avec succès.
I> [05/03/2007 06:03:53] Réception: programme 4372 (60500102D)
I> [05/03/2007 06:04:00] Réception: programme 4373 (60500102D)
I> [05/03/2007 06:04:05] Réception: programme 4374 (60500102D)
I> [05/03/2007 06:04:11] Réception: programme 4375 (60500102D)
I> [05/03/2007 06:04:17] Réception: programme 4376 (60500102D)
I> [05/03/2007 06:04:27] Réception: programme 4377 (60500102D)
I> [05/03/2007 06:04:42] Fichier reçu: C:\machines\T32\Programmes\60500102D.MZK
I> [05/03/2007 06:04:42] Programmes dans les fichiers demandés: Programme 4372 (60500102D), Programme 4373 (60500102D), Programme 4374 (60500102D), Programme 4375 (60500102D), Programme 4376 (60500102D), Programme 4377 (60500102D)
I> [05/03/2007 06:27:42] Appel depuis la CN de: 82845B
I> [05/03/2007 06:27:48] Le programme appelé depuis la CN est trouvé: C:\machines\T32\Programmes\82845B.MZK
I> [05/03/2007 06:27:48] Programmes dans les fichiers demandés: Programme 87, Données d'outil, Programme 25, Données d'outil
I> [05/03/2007 06:27:57] Emission de programme: Programme 87
I> [05/03/2007 06:28:14] Emission de programme: Données d'outil
I> [05/03/2007 06:28:15] Emission de programme: Programme 25
I> [05/03/2007 06:28:21] Emission de programme: Données d'outil
I> [05/03/2007 18:15:06] Réception: programme 4378 (83763A)
I> [05/03/2007 18:15:38] Réception: programme 4379 (83763A)
I> [05/03/2007 18:15:50] Fichier reçu: C:\machines\T32\Programmes\83763A.MZK
I> [05/03/2007 18:15:50] Programmes dans les fichiers demandés: Programme 4378 (83763A), Programme 4379 (83763A)
I> [05/03/2007 18:23:38] Appel depuis la CN de: 82844B
I> [05/03/2007 18:23:45] Le programme appelé depuis la CN est trouvé: C:\machines\T32\Programmes\SMTA\82844B.MZK
I> [05/03/2007 18:23:45] Programmes dans les fichiers demandés: Programme 4343 (82844B), Programme 4344 (82844B), Programme 4345 (82844B), Programme 4346 (82844B), Programme 4347 (82844B), Programme 4348 (82844B), Programme 4355 (82844B), Programme 4356 (82844B)
I> [05/03/2007 18:23:56] Emission de programme: Programme 4343 (82844B)
I> [05/03/2007 18:24:09] Emission de programme: Programme 4344 (82844B)
I> [05/03/2007 18:24:23] Emission de programme: Programme 4345 (82844B)
I> [05/03/2007 18:24:36] Emission de programme: Programme 4346 (82844B)
I> [05/03/2007 18:24:49] Emission de programme: Programme 4347 (82844B)
I> [05/03/2007 18:25:02] Emission de programme: Programme 4348 (82844B)
I> [05/03/2007 18:25:16] Emission de programme: Programme 4355 (82844B)
I> [05/03/2007 18:25:24] Emission de programme: Programme 4356 (82844B)
I> [05/03/2007 20:46:57] Réception: programme 4380 (83766B)
I> [05/03/2007 20:47:10] Réception: programme 4381
I> [05/03/2007 20:47:24] Fichier reçu: C:\machines\T32\Programmes\83766B.MZK
I> [05/03/2007 20:47:24] Programmes dans les fichiers demandés: Programme 4380 (83766B), Programme 4381
