I> [05/02/2013 04:53:33] Port activé avec succès.
I> [05/02/2013 04:54:41] Réception: programme 1389 (30270300201)
I> [05/02/2013 04:54:46] Réception: programme 1390 (30270300201)
I> [05/02/2013 04:54:58] Réception: programme 1393 (30270300201)
I> [05/02/2013 04:55:11] Réception: programme 1394 (30270300201)
I> [05/02/2013 04:55:48] Fichier reçu: C:\machines\T32 Bis\Programmes\30270300201.MZK
I> [05/02/2013 04:55:48] Programmes dans les fichiers demandés: Programme 1389 (30270300201), Programme 1390 (30270300201), Programme 1393 (30270300201), Programme 1394 (30270300201)
I> [05/02/2013 05:18:54] Appel depuis la CN de: 30270300201
I> [05/02/2013 05:18:58] Le programme appelé depuis la CN est trouvé: C:\machines\T32 Bis\Programmes\LA CALHENE\30270300201.MZK
I> [05/02/2013 05:18:58] Programmes dans les fichiers demandés: Programme 1389 (30270300201), Programme 1390 (30270300201), Programme 1393 (30270300201), Programme 1394 (30270300201)
I> [05/02/2013 05:19:04] Emission de programme: Programme 1389 (30270300201)
I> [05/02/2013 05:19:10] Emission de programme: Programme 1390 (30270300201)
I> [05/02/2013 05:19:21] Emission de programme: Programme 1393 (30270300201)
I> [05/02/2013 05:19:33] Emission de programme: Programme 1394 (30270300201)
I> [05/02/2013 08:50:57] Réception: programme 1389 (30270300201)
I> [05/02/2013 08:51:03] Réception: programme 1390 (30270300201)
I> [05/02/2013 08:51:14] Réception: programme 1393 (30270300201)
I> [05/02/2013 08:51:27] Réception: programme 1394 (30270300201)
I> [05/02/2013 08:52:04] Fichier reçu: C:\machines\T32 Bis\Programmes\30270300201.MZK
I> [05/02/2013 08:52:04] Programmes dans les fichiers demandés: Programme 1389 (30270300201), Programme 1390 (30270300201), Programme 1393 (30270300201), Programme 1394 (30270300201)
