I> [05/11/2013 05:08:57] Port activé avec succès.
I> [05/11/2013 08:37:16] Appel depuis la CN de: 3007-14-02I
I> [05/11/2013 08:37:21] Le programme appelé depuis la CN est trouvé: C:\machines\T32 Bis\Programmes\LA CALHENE\3007-14-02I.MZK
I> [05/11/2013 08:37:21] Programmes dans les fichiers demandés: Programme 1029 (3007-14-02I), Programme 1030 (3007-14-02I), Programme 1089 (3007-14-02I), Programme 1090 (3007-14-02I), Programme 2217 (3007-14-02I), Programme 2218 (3007-14-02I)
I> [05/11/2013 08:37:30] Emission de programme: Programme 1029 (3007-14-02I)
I> [05/11/2013 08:37:36] Emission de programme: Programme 1030 (3007-14-02I)
I> [05/11/2013 08:37:42] Emission de programme: Programme 1089 (3007-14-02I)
I> [05/11/2013 08:37:54] Emission de programme: Programme 1090 (3007-14-02I)
I> [05/11/2013 08:38:07] Emission de programme: Programme 2217 (3007-14-02I)
I> [05/11/2013 08:38:12] Emission de programme: Programme 2218 (3007-14-02I)
I> [05/11/2013 09:03:55] Appel depuis la CN de: 3007142I
E> [05/11/2013 09:04:00] N'a pu trouver le programme appelé depuis la CN: 3007142I.MZK [Premier répertoire recherché : C:\machines\T32 Bis\Programmes]
E> [05/11/2013 09:04:02] N'a pu émettre le fichier. [Previous remote request failed.]
I> [05/11/2013 09:04:20] Appel depuis la CN de: 3007142I
E> [05/11/2013 09:04:25] N'a pu trouver le programme appelé depuis la CN: 3007142I.MZK [Premier répertoire recherché : C:\machines\T32 Bis\Programmes]
E> [05/11/2013 09:04:27] N'a pu émettre le fichier. [Previous remote request failed.]
I> [05/11/2013 09:06:02] Appel depuis la CN de: 30071402I
I> [05/11/2013 09:06:07] Le programme appelé depuis la CN est trouvé: C:\machines\T32 Bis\Programmes\30071402I.MZK
I> [05/11/2013 09:06:07] Programmes dans les fichiers demandés: Programme 913 (30071402I), Programme 914 (30071402I), Programme 915 (30071402I), Programme 916 (30071402I)
I> [05/11/2013 09:06:14] Emission de programme: Programme 913 (30071402I)
I> [05/11/2013 09:06:22] Emission de programme: Programme 914 (30071402I)
I> [05/11/2013 09:06:30] Emission de programme: Programme 915 (30071402I)
I> [05/11/2013 09:06:43] Emission de programme: Programme 916 (30071402I)
