I> [05/11/2008 06:45:40] Port activé avec succès.
I> [05/11/2008 06:49:52] Réception: programme 413 (2976 442D)
I> [05/11/2008 06:50:29] Réception: programme 414 (2976 442D)
I> [05/11/2008 06:50:58] Fichier reçu: C:\machines\T32 Bis\Programmes\2976 442D.MZK
I> [05/11/2008 06:50:59] Programmes dans les fichiers demandés: Programme 413 (2976 442D), Programme 414 (2976 442D)
I> [05/11/2008 06:51:43] Appel depuis la CN de: 2976 442D
I> [05/11/2008 06:51:48] Le programme appelé depuis la CN est trouvé: C:\machines\T32 Bis\Programmes\FLOWSERVE\2976 442D.MZK
I> [05/11/2008 06:51:48] Programmes dans les fichiers demandés: Programme 413 (2976 442D), Programme 414 (2976 442D)
I> [05/11/2008 07:06:15] Appel depuis la CN de: 84922-01
I> [05/11/2008 07:06:22] Le programme appelé depuis la CN est trouvé: C:\machines\T32 Bis\Programmes\ARO\84922-01.MZK
I> [05/11/2008 07:06:22] Programmes dans les fichiers demandés: Programme 270 (84922-01), Programme 271 (84922-01), Programme 272 (84922-01)
I> [05/11/2008 07:06:27] Appel depuis la CN de: 84922-01
I> [05/11/2008 07:06:47] Appel depuis la CN de: 84922-01
I> [05/11/2008 07:06:52] Le programme appelé depuis la CN est trouvé: C:\machines\T32 Bis\Programmes\ARO\84922-01.MZK
I> [05/11/2008 07:06:52] Programmes dans les fichiers demandés: Programme 270 (84922-01), Programme 271 (84922-01), Programme 272 (84922-01)
I> [05/11/2008 07:06:56] Emission de programme: Programme 270 (84922-01)
I> [05/11/2008 07:07:01] Emission de programme: Programme 271 (84922-01)
I> [05/11/2008 07:07:09] Emission de programme: Programme 272 (84922-01)
I> [05/11/2008 13:55:39] Port activé avec succès.
I> [05/11/2008 13:55:59] Appel depuis la CN de: 6340 01D
I> [05/11/2008 13:56:04] Le programme appelé depuis la CN est trouvé: C:\machines\T32 Bis\Programmes\LA CALHENE\6340 01D.MZK
I> [05/11/2008 13:56:04] Programmes dans les fichiers demandés: Programme 331 (6340 01D), Programme 332 (6340 01D), Programme 333 (6340 01D), Programme 334 (6340 01D), Programme 335 (6340 01D)
I> [05/11/2008 13:56:15] Emission de programme: Programme 331 (6340 01D)
I> [05/11/2008 13:56:25] Emission de programme: Programme 332 (6340 01D)
I> [05/11/2008 13:56:38] Emission de programme: Programme 333 (6340 01D)
I> [05/11/2008 13:56:46] Emission de programme: Programme 334 (6340 01D)
I> [05/11/2008 13:57:05] Emission de programme: Programme 335 (6340 01D)
I> [05/11/2008 16:16:37] Emission de programme: Programme 331 (6340 01D)
I> [05/11/2008 16:17:14] Réception: programme 331 (6340 01D)
I> [05/11/2008 16:17:23] Réception: programme 332 (6340 01D)
I> [05/11/2008 16:17:36] Réception: programme 333 (6340 01D)
I> [05/11/2008 16:17:44] Réception: programme 334 (6340 01D)
I> [05/11/2008 16:18:03] Réception: programme 335 (6340 01D)
I> [05/11/2008 16:18:19] Réception: programme 415 (6340 01D)
I> [05/11/2008 16:18:33] Fichier reçu: C:\machines\T32 Bis\Programmes\6340 01D.MZK
I> [05/11/2008 16:18:33] Programmes dans les fichiers demandés: Programme 331 (6340 01D), Programme 332 (6340 01D), Programme 333 (6340 01D), Programme 334 (6340 01D), Programme 335 (6340 01D), Programme 415 (6340 01D)
