I> [05/12/2014 04:57:54] Port activé avec succès.
I> [05/12/2014 09:46:46] Appel depuis la CN de: 3980149C
I> [05/12/2014 09:46:51] Le programme appelé depuis la CN est trouvé: C:\machines\T32 Bis\Programmes\FLOWSERVE\3980149C.MZK
I> [05/12/2014 09:46:51] Programmes dans les fichiers demandés: Programme 465 (3980149C), Programme 683 (3980149C), Programme 1075 (3980149C), Programme 1076 (3980149C)
I> [05/12/2014 09:46:57] Emission de programme: Programme 465 (3980149C)
I> [05/12/2014 09:47:09] Emission de programme: Programme 683 (3980149C)
I> [05/12/2014 09:47:18] Emission de programme: Programme 1075 (3980149C)
I> [05/12/2014 09:47:32] Emission de programme: Programme 1076 (3980149C)
I> [05/12/2014 09:50:39] Appel depuis la CN de: 3980149C
I> [05/12/2014 09:50:44] Le programme appelé depuis la CN est trouvé: C:\machines\T32 Bis\Programmes\3980149C.MZK
I> [05/12/2014 09:50:44] Programmes dans les fichiers demandés: Programme 18, Données d'outil, Programme 14, Données d'outil, Programme 24, Données d'outil, Programme 40, Données d'outil, Programme 26, Données d'outil, Programme 41, Données d'outil
I> [05/12/2014 09:50:51] Emission de programme: Programme 18
I> [05/12/2014 09:50:55] Emission de programme: Données d'outil
I> [05/12/2014 09:50:56] Emission de programme: Programme 14
I> [05/12/2014 09:50:59] Emission de programme: Données d'outil
I> [05/12/2014 09:51:00] Emission de programme: Programme 24
I> [05/12/2014 09:51:05] Emission de programme: Données d'outil
I> [05/12/2014 09:51:07] Emission de programme: Programme 40
I> [05/12/2014 09:51:15] Emission de programme: Données d'outil
I> [05/12/2014 09:51:16] Emission de programme: Programme 26
I> [05/12/2014 09:51:22] Emission de programme: Données d'outil
I> [05/12/2014 09:51:23] Emission de programme: Programme 41
I> [05/12/2014 09:51:31] Emission de programme: Données d'outil
I> [05/12/2014 11:20:04] Appel depuis la CN de: 10270090201
I> [05/12/2014 11:20:11] Le programme appelé depuis la CN est trouvé: C:\machines\T32 Bis\Programmes\LA CALHENE\10270090201.MZK
I> [05/12/2014 11:20:11] Programmes dans les fichiers demandés: Programme 302 (10270090201), Programme 303 (10270090201), Programme 304 (10270090201), Programme 336 (10270090201)
I> [05/12/2014 11:20:24] Emission de programme: Programme 336 (10270090201)
I> [05/12/2014 11:20:51] Réception: programme 302 (10270090201)
I> [05/12/2014 11:21:01] Réception: programme 303 (10270090201)
I> [05/12/2014 11:21:17] Réception: programme 304 (10270090201)
I> [05/12/2014 11:21:48] Réception: programme 336 (10270090201)
I> [05/12/2014 11:22:01] Fichier reçu: C:\machines\T32 Bis\Programmes\10270090201.MZK
I> [05/12/2014 11:22:01] Programmes dans les fichiers demandés: Programme 302 (10270090201), Programme 303 (10270090201), Programme 304 (10270090201), Programme 336 (10270090201)
