I> [05/10/2006 14:32:27] Réception: programme 4221 (DN01312101B)
I> [05/10/2006 14:33:00] Réception: programme 4222 (DN01312101B)
I> [05/10/2006 14:33:41] Fichier reçu: C:\machines\T32\Programmes\DN01312101B.MZK
I> [05/10/2006 14:33:41] Programmes dans les fichiers demandés: Programme 4221 (DN01312101B), Programme 4222 (DN01312101B)
I> [05/10/2006 16:15:46] Réception: programme 4220 (DN01312102B)
I> [05/10/2006 16:16:17] Réception: programme 4223 (DN01312102B)
I> [05/10/2006 16:16:25] Fichier reçu: C:\machines\T32\Programmes\DN01312102B.MZK
I> [05/10/2006 16:16:25] Programmes dans les fichiers demandés: Programme 4220 (DN01312102B), Programme 4223 (DN01312102B)
I> [05/10/2006 16:51:04] Appel depuis la CN de: POULIE 280
I> [05/10/2006 16:51:15] Le programme appelé depuis la CN est trouvé: C:\machines\T32\Programmes\CRD\POULIE 280.MZK
I> [05/10/2006 16:51:15] Programmes dans les fichiers demandés: Programme 4133 (POULIE 280), Programme 4134 (POULIE 280), Programme 4135 (POULIE 280)
I> [05/10/2006 16:51:31] Appel depuis la CN de: POULIE 280
I> [05/10/2006 16:51:41] Le programme appelé depuis la CN est trouvé: C:\machines\T32\Programmes\CRD\POULIE 280.MZK
I> [05/10/2006 16:51:41] Programmes dans les fichiers demandés: Programme 4133 (POULIE 280), Programme 4134 (POULIE 280), Programme 4135 (POULIE 280)
I> [05/10/2006 16:51:43] Emission de programme: Programme 4133 (POULIE 280)
I> [05/10/2006 16:51:54] Emission de programme: Programme 4134 (POULIE 280)
I> [05/10/2006 16:52:03] Emission de programme: Programme 4135 (POULIE 280)
I> [05/10/2006 19:10:12] Appel depuis la CN de: 2973979C 2
I> [05/10/2006 19:10:21] Le programme appelé depuis la CN est trouvé: C:\machines\T32\Programmes\DRESSER\2973979C 2.MZK
I> [05/10/2006 19:10:21] Programmes dans les fichiers demandés: Programme 4033 (2973979C 2), Programme 4034 (2973979C 2)
I> [05/10/2006 19:10:28] Emission de programme: Programme 4033 (2973979C 2)
I> [05/10/2006 19:10:53] Emission de programme: Programme 4034 (2973979C 2)
I> [05/10/2006 19:16:57] Réception: programme 2324 (2973968B 2)
I> [05/10/2006 19:17:20] Réception: programme 2325 (2973968B 2)
I> [05/10/2006 19:17:37] Fichier reçu: C:\machines\T32\Programmes\2973968B 2.MZK
I> [05/10/2006 19:17:37] Programmes dans les fichiers demandés: Programme 2324 (2973968B 2), Programme 2325 (2973968B 2)
