I> [05/10/2011 04:54:09] Port activé avec succès.
I> [05/10/2011 04:55:53] Appel depuis la CN de: 41890203C
I> [05/10/2011 04:55:58] Le programme appelé depuis la CN est trouvé: C:\machines\T32 Bis\Programmes\LA CALHENE\41890203C.MZK
I> [05/10/2011 04:55:58] Programmes dans les fichiers demandés: Programme 913 (41890203C), Programme 916 (41890203C), Programme 937 (41890203C), Programme 940 (41890203C)
I> [05/10/2011 04:56:09] Emission de programme: Programme 913 (41890203C)
I> [05/10/2011 04:56:26] Emission de programme: Programme 916 (41890203C)
I> [05/10/2011 05:05:26] Réception: programme 913 (41890203C)
I> [05/10/2011 05:05:43] Réception: programme 916 (41890203C)
I> [05/10/2011 05:05:59] Réception: programme 937 (41890203C)
I> [05/10/2011 05:06:25] Réception: programme 940 (41890203C)
I> [05/10/2011 05:06:41] Fichier reçu: C:\machines\T32 Bis\Programmes\41890203C.MZK
I> [05/10/2011 05:06:41] Programmes dans les fichiers demandés: Programme 913 (41890203C), Programme 916 (41890203C), Programme 937 (41890203C), Programme 940 (41890203C)
I> [05/10/2011 05:07:55] Appel depuis la CN de: 41890203C
I> [05/10/2011 05:08:00] Le programme appelé depuis la CN est trouvé: C:\machines\T32 Bis\Programmes\LA CALHENE\41890203C.MZK
I> [05/10/2011 05:08:00] Programmes dans les fichiers demandés: Programme 913 (41890203C), Programme 916 (41890203C), Programme 937 (41890203C), Programme 940 (41890203C)
I> [05/10/2011 10:32:09] Appel depuis la CN de: 113500103L
I> [05/10/2011 10:32:14] Le programme appelé depuis la CN est trouvé: C:\machines\T32 Bis\Programmes\LA CALHENE\113500103L.MZK
I> [05/10/2011 10:32:14] Programmes dans les fichiers demandés: Programme 1000 (113500103L), Programme 1001 (113500103L), Programme 1002 (113500103L), Programme 1003 (113500103L)
I> [05/10/2011 10:33:07] Emission de programme: Programme 1000 (113500103L)
I> [05/10/2011 10:33:22] Emission de programme: Programme 1001 (113500103L)
I> [05/10/2011 10:34:33] Emission de programme: Programme 1002 (113500103L)
I> [05/10/2011 10:34:55] Emission de programme: Programme 1003 (113500103L)
I> [05/10/2011 13:13:27] Appel depuis la CN de: 113504901D
I> [05/10/2011 13:13:32] Le programme appelé depuis la CN est trouvé: C:\machines\T32 Bis\Programmes\LA CALHENE\113504901D.MZK
I> [05/10/2011 13:13:32] Programmes dans les fichiers demandés: Programme 4358 (113504901D), Programme 4359 (113504901D)
I> [05/10/2011 13:16:23] Emission de programme: Programme 4358 (113504901D)
I> [05/10/2011 13:16:41] Emission de programme: Programme 4359 (113504901D)
I> [05/10/2011 13:17:37] Appel depuis la CN de: 113500101N
E> [05/10/2011 13:17:42] N'a pu trouver le programme appelé depuis la CN: 113500101N.MZK [Premier répertoire recherché : C:\machines\T32 Bis\Programmes]
E> [05/10/2011 13:17:43] N'a pu émettre le fichier. [Previous remote request failed.]
E> [05/10/2011 13:17:45] N'a pu émettre le fichier. [Previous remote request failed.]
E> [05/10/2011 13:17:45] N'a pu émettre le fichier. [Previous remote request failed.]
E> [05/10/2011 13:17:46] N'a pu émettre le fichier. [Previous remote request failed.]
I> [05/10/2011 13:18:39] Appel depuis la CN de: 4340-02-09
E> [05/10/2011 13:18:44] N'a pu émettre le fichier. [Previous remote request failed.]
I> [05/10/2011 13:18:44] Le programme appelé depuis la CN est trouvé: C:\machines\T32 Bis\Programmes\LA CALHENE\4340-02-09.MZK
I> [05/10/2011 13:18:44] Programmes dans les fichiers demandés: Programme 998 (4340-02-09), Programme 999 (4340-02-09)
I> [05/10/2011 13:18:48] Emission de programme: Programme 998 (4340-02-09)
E> [05/10/2011 13:23:15] Transmission avortée. [Délai de réponse dépassé, interruption de la transmission]
I> [05/10/2011 13:49:42] Appel depuis la CN de: 4340-02-09
I> [05/10/2011 13:49:47] Le programme appelé depuis la CN est trouvé: C:\machines\T32 Bis\Programmes\LA CALHENE\4340-02-09.MZK
I> [05/10/2011 13:49:47] Programmes dans les fichiers demandés: Programme 998 (4340-02-09), Programme 999 (4340-02-09)
I> [05/10/2011 13:49:56] Emission de programme: Programme 998 (4340-02-09)
I> [05/10/2011 13:51:01] Emission de programme: Programme 999 (4340-02-09)
