I> [06/09/2012 05:00:51] Port activé avec succès.
I> [06/09/2012 05:27:46] Appel depuis la CN de: DN01312101B
I> [06/09/2012 05:27:50] Le programme appelé depuis la CN est trouvé: C:\machines\T32 Bis\Programmes\LA CALHENE\DN01312101B.MZK
I> [06/09/2012 05:27:51] Programmes dans les fichiers demandés: Programme 1206 (DN01312101B), Programme 1207 (DN01312101B), Programme 1208 (DN01312101B), Programme 4221 (DN01312101B), Programme 4222 (DN01312101B)
I> [06/09/2012 05:28:09] Emission de programme: Programme 1206 (DN01312101B)
I> [06/09/2012 05:28:13] Emission de programme: Programme 1207 (DN01312101B)
I> [06/09/2012 05:28:21] Emission de programme: Programme 1208 (DN01312101B)
I> [06/09/2012 05:28:26] Emission de programme: Programme 4221 (DN01312101B)
I> [06/09/2012 05:28:59] Emission de programme: Programme 4222 (DN01312101B)
I> [06/09/2012 05:30:20] Appel depuis la CN de: DN01312102B
I> [06/09/2012 05:30:24] Le programme appelé depuis la CN est trouvé: C:\machines\T32 Bis\Programmes\LA CALHENE\DN01312102B.MZK
I> [06/09/2012 05:30:24] Programmes dans les fichiers demandés: Programme 1206 (DN01312102B), Programme 1207 (DN01312102B), Programme 1208 (DN01312102B), Programme 4220 (DN01312102B), Programme 4223 (DN01312102B)
I> [06/09/2012 05:30:41] Emission de programme: Programme 4220 (DN01312102B)
I> [06/09/2012 05:31:12] Emission de programme: Programme 4223 (DN01312102B)
I> [06/09/2012 14:05:25] Appel depuis la CN de: 113504901D
I> [06/09/2012 14:05:32] Le programme appelé depuis la CN est trouvé: C:\machines\T32 Bis\Programmes\LA CALHENE\113504901D.MZK
I> [06/09/2012 14:05:32] Programmes dans les fichiers demandés: Programme 4358 (113504901D), Programme 4359 (113504901D)
I> [06/09/2012 14:05:38] Emission de programme: Programme 4358 (113504901D)
I> [06/09/2012 14:05:55] Emission de programme: Programme 4359 (113504901D)
I> [06/09/2012 14:09:16] Appel depuis la CN de: 113504901D
I> [06/09/2012 14:09:30] Le programme appelé depuis la CN est trouvé: C:\machines\T32 Bis\Programmes\113504901D.MZK
I> [06/09/2012 14:09:30] Programmes dans les fichiers demandés: Programme 4358 (113504901D), Programme 4359 (113504901D)
I> [06/09/2012 14:10:14] Emission de programme: Programme 4358 (113504901D)
I> [06/09/2012 14:10:33] Emission de programme: Programme 4359 (113504901D)
