I> [06/06/2016 04:54:35] Port activé avec succès.
I> [06/06/2016 12:01:37] Appel depuis la CN de: 151312 08
I> [06/06/2016 12:01:42] Le programme appelé depuis la CN est trouvé: C:\machines\T32 Bis\Programmes\151312 08.MZK
I> [06/06/2016 12:01:42] Programmes dans les fichiers demandés: Programme 119 (151312 08), Programme 120 (151312 08), Programme 121 (151312 08), Programme 122 (151312 08)
I> [06/06/2016 12:03:21] Emission de programme: Programme 121 (151312 08)
I> [06/06/2016 12:03:34] Emission de programme: Programme 122 (151312 08)
I> [06/06/2016 16:56:08] Appel depuis la CN de: 3035030201
E> [06/06/2016 16:56:15] N'a pu trouver le programme appelé depuis la CN: 3035030201.MZK [Premier répertoire recherché : C:\machines\T32 Bis\Programmes]
E> [06/06/2016 16:56:15] N'a pu émettre le fichier. [Previous remote request failed.]
E> [06/06/2016 16:56:18] N'a pu émettre le fichier. [Previous remote request failed.]
E> [06/06/2016 16:56:20] N'a pu émettre le fichier. [Previous remote request failed.]
I> [06/06/2016 16:56:42] Appel depuis la CN de: 30350300201
I> [06/06/2016 16:56:47] Le programme appelé depuis la CN est trouvé: C:\machines\T32 Bis\Programmes\LA CALHENE\30350300201.MZK
I> [06/06/2016 16:56:47] Programmes dans les fichiers demandés: Programme 1430 (30350300201), Programme 1431 (30350300201), Programme 1432 (30350300201), Programme 1433 (30350300201), Programme 1434 (30350300201)
I> [06/06/2016 16:56:51] Emission de programme: Programme 1430 (30350300201)
I> [06/06/2016 16:57:00] Emission de programme: Programme 1431 (30350300201)
I> [06/06/2016 16:57:05] Emission de programme: Programme 1432 (30350300201)
I> [06/06/2016 16:57:20] Emission de programme: Programme 1433 (30350300201)
I> [06/06/2016 16:57:33] Emission de programme: Programme 1434 (30350300201)
I> [06/06/2016 17:28:00] Emission de programme: Programme 1430 (30350300201)
