I> [06/04/2017 05:02:24] Port activé avec succès.
I> [06/04/2017 13:05:51] Appel depuis la CN de: 11190 16 01
I> [06/04/2017 13:05:56] Le programme appelé depuis la CN est trouvé: C:\machines\T32 Bis\Programmes\LA CALHENE\11190 16 01.MZK
I> [06/04/2017 13:05:56] Programmes dans les fichiers demandés: Programme 1211 (11190 16 01), Programme 988 (11190 16 01), Programme 989 (11190 16 01), Programme 990 (11190 16 01), Programme 991 (11190 16 01)
I> [06/04/2017 13:06:24] Emission de programme: Programme 1211 (11190 16 01)
I> [06/04/2017 13:06:47] Emission de programme: Programme 988 (11190 16 01)
I> [06/04/2017 13:07:16] Emission de programme: Programme 989 (11190 16 01)
I> [06/04/2017 13:07:30] Emission de programme: Programme 991 (11190 16 01)
I> [06/04/2017 13:08:14] Réception: programme 1211 (11190 16 01)
I> [06/04/2017 13:08:37] Réception: programme 988 (11190 16 01)
I> [06/04/2017 13:09:07] Réception: programme 989 (11190 16 01)
I> [06/04/2017 13:09:21] Réception: programme 990 (11190 16 01)
I> [06/04/2017 13:09:39] Réception: programme 991 (11190 16 01)
I> [06/04/2017 13:10:13] Fichier reçu: C:\machines\T32 Bis\Programmes\11190 16 01.MZK
I> [06/04/2017 13:10:13] Programmes dans les fichiers demandés: Programme 1211 (11190 16 01), Programme 988 (11190 16 01), Programme 989 (11190 16 01), Programme 990 (11190 16 01), Programme 991 (11190 16 01)
I> [06/04/2017 13:19:27] Appel depuis la CN de: 4340-02-09
E> [06/04/2017 13:19:32] N'a pu émettre le fichier: C:\machines\T32 Bis\Programmes\11190 16 01.MZK [Le système ne peut pas lire le périphérique indiqué]
I> [06/04/2017 13:19:32] Le programme appelé depuis la CN est trouvé: C:\machines\T32 Bis\Programmes\LA CALHENE\4340-02-09.MZK
I> [06/04/2017 13:19:32] Programmes dans les fichiers demandés: Programme 998 (4340-02-09), Programme 999 (4340-02-09), Programme 1537 (4340-02-09)
I> [06/04/2017 13:19:37] Emission de programme: Programme 998 (4340-02-09)
I> [06/04/2017 13:20:42] Emission de programme: Programme 999 (4340-02-09)
I> [06/04/2017 13:20:54] Emission de programme: Programme 1537 (4340-02-09)
