I> [06/07/05 09:27:45] Appel depuis la CN de: 27135-503A
I> [06/07/05 09:27:51] Le programme appelé depuis la CN est trouvé: C:\machines\T32\Programmes\Moteur jm\27135-503A.MZK
I> [06/07/05 09:27:51] Programmes dans les fichiers demandés: Programme 3976 (27135-503A), Programme 3977 (27135-503A), Programme 3978 (27135-503A), Programme 3979 (27135-503A), Programme 3980 (27135-503A), Programme 3981 (27135-503A)
I> [06/07/05 09:27:58] Emission de programme: Programme 3976 (27135-503A)
I> [06/07/05 09:28:05] Emission de programme: Programme 3977 (27135-503A)
I> [06/07/05 09:28:13] Emission de programme: Programme 3978 (27135-503A)
I> [06/07/05 09:28:20] Emission de programme: Programme 3979 (27135-503A)
I> [06/07/05 09:28:27] Emission de programme: Programme 3980 (27135-503A)
I> [06/07/05 09:28:34] Emission de programme: Programme 3981 (27135-503A)
I> [06/07/05 09:35:09] Réception: programme 3732 (1708743K12)
I> [06/07/05 09:35:17] Réception: programme 3733 (1708743K12)
I> [06/07/05 09:35:28] Réception: programme 3734 (1708743K12)
I> [06/07/05 09:35:35] Fichier reçu: C:\machines\T32\Programmes\1708743K12.MZK
I> [06/07/05 09:35:35] Programmes dans les fichiers demandés: Programme 3732 (1708743K12), Programme 3733 (1708743K12), Programme 3734 (1708743K12)
I> [06/07/05 09:38:00] Réception: programme 3732 (1708743K12)
I> [06/07/05 09:38:07] Réception: programme 3733 (1708743K12)
I> [06/07/05 09:38:19] Réception: programme 3734 (1708743K12)
I> [06/07/05 09:38:25] Fichier existant sauvegardé: C:\MACHINES\T32\SAUVEGARDES\1708743K12_01.MZK
I> [06/07/05 09:38:25] Fichier reçu: C:\machines\T32\Programmes\1708743K12.MZK
I> [06/07/05 09:38:26] Programmes dans les fichiers demandés: Programme 3732 (1708743K12), Programme 3733 (1708743K12), Programme 3734 (1708743K12)
I> [06/07/05 09:39:35] Réception: programme 3732 (1708743K12)
I> [06/07/05 09:39:42] Réception: programme 3733 (1708743K12)
I> [06/07/05 09:39:54] Réception: programme 3734 (1708743K12)
I> [06/07/05 09:40:00] Fichier reçu: C:\machines\T32\Programmes\1708743K12.MZK
I> [06/07/05 09:40:01] Programmes dans les fichiers demandés: Programme 3732 (1708743K12), Programme 3733 (1708743K12), Programme 3734 (1708743K12)
I> [06/07/05 16:46:29] Réception: programme 3998 (1708743CK12)
I> [06/07/05 16:46:36] Réception: programme 3999 (1708743CK12)
I> [06/07/05 16:46:49] Réception: programme 4000 (1708743CK12)
I> [06/07/05 16:46:56] Fichier reçu: C:\machines\T32\Programmes\1708743CK12.MZK
I> [06/07/05 16:46:56] Programmes dans les fichiers demandés: Programme 3998 (1708743CK12), Programme 3999 (1708743CK12), Programme 4000 (1708743CK12)
I> [06/07/05 20:13:31] Réception: programme 3889 (81832-11A)
I> [06/07/05 20:13:36] Réception: programme 3890 (81832-11A)
I> [06/07/05 20:13:48] Réception: programme 3893 (81832-11A)
I> [06/07/05 20:14:00] Fichier reçu: C:\machines\T32\Programmes\81832-11A.MZK
I> [06/07/05 20:14:00] Programmes dans les fichiers demandés: Programme 3889 (81832-11A), Programme 3890 (81832-11A), Programme 3893 (81832-11A)
