I> [06/05/2008 06:09:14] Réception: programme 219 (103015734)
I> [06/05/2008 06:09:28] Fichier reçu: C:\machines\T32 Bis\Programmes\103015734.MZK
I> [06/05/2008 06:09:28] Programmes dans les fichiers demandés: Programme 219 (103015734)
I> [06/05/2008 06:36:43] Appel depuis la CN de: DCM693
E> [06/05/2008 06:36:48] N'a pu émettre le fichier: C:\machines\T32 Bis\Programmes\103015734.MZK [Le système ne peut pas lire le périphérique indiqué]
I> [06/05/2008 06:36:49] Le programme appelé depuis la CN est trouvé: C:\machines\T32 Bis\Programmes\MECAMARC\DCM693.MZK
I> [06/05/2008 06:36:49] Programmes dans les fichiers demandés: Programme 215 (DCM693), Programme 216 (DCM693)
I> [06/05/2008 06:36:59] Appel depuis la CN de: DCM693
I> [06/05/2008 06:37:05] Le programme appelé depuis la CN est trouvé: C:\machines\T32 Bis\Programmes\MECAMARC\DCM693.MZK
I> [06/05/2008 06:37:05] Programmes dans les fichiers demandés: Programme 215 (DCM693), Programme 216 (DCM693)
I> [06/05/2008 06:37:16] Emission de programme: Programme 215 (DCM693)
I> [06/05/2008 06:37:33] Emission de programme: Programme 216 (DCM693)
I> [06/05/2008 08:20:53] Appel depuis la CN de: PRO 070A
I> [06/05/2008 08:20:58] Le programme appelé depuis la CN est trouvé: C:\machines\T32 Bis\Programmes\MECAMARC\PRO 070A.MZK
I> [06/05/2008 08:20:58] Programmes dans les fichiers demandés: Programme 217 (PRO 070A), Programme 218 (PRO 070A)
I> [06/05/2008 08:21:07] Emission de programme: Programme 217 (PRO 070A)
I> [06/05/2008 08:21:17] Emission de programme: Programme 218 (PRO 070A)
I> [06/05/2008 10:05:44] Réception: programme 217 (PRO 070A)
I> [06/05/2008 10:05:54] Réception: programme 218 (PRO 070A)
I> [06/05/2008 10:06:02] Réception: programme 220 (PRO 070A)
I> [06/05/2008 10:06:19] Réception: programme 221 (PRO 070A)
I> [06/05/2008 10:06:39] Fichier reçu: C:\machines\T32 Bis\Programmes\PRO 070A.MZK
I> [06/05/2008 10:06:40] Programmes dans les fichiers demandés: Programme 217 (PRO 070A), Programme 218 (PRO 070A), Programme 220 (PRO 070A), Programme 221 (PRO 070A)
I> [06/05/2008 10:07:15] Appel depuis la CN de: PRO 070A
I> [06/05/2008 10:07:21] Le programme appelé depuis la CN est trouvé: C:\machines\T32 Bis\Programmes\PRO 070A.MZK
I> [06/05/2008 10:07:21] Programmes dans les fichiers demandés: Programme 217 (PRO 070A), Programme 218 (PRO 070A), Programme 220 (PRO 070A), Programme 221 (PRO 070A)
I> [06/05/2008 10:08:04] Appel depuis la CN de: PRO 070A
I> [06/05/2008 10:08:09] Le programme appelé depuis la CN est trouvé: C:\machines\T32 Bis\Programmes\MECAMARC\PRO 070A.MZK
I> [06/05/2008 10:08:09] Programmes dans les fichiers demandés: Programme 217 (PRO 070A), Programme 218 (PRO 070A), Programme 220 (PRO 070A), Programme 221 (PRO 070A)
I> [06/05/2008 16:52:49] Réception: programme 222 (BA 303)
I> [06/05/2008 16:53:00] Réception: programme 223 (BA 303)
I> [06/05/2008 16:53:10] Réception: programme 224 (BA 303)
I> [06/05/2008 16:53:21] Réception: programme 225 (BA 303)
I> [06/05/2008 16:53:33] Réception: programme 226 (BA 303)
I> [06/05/2008 16:53:47] Fichier reçu: C:\machines\T32 Bis\Programmes\BA 303.MZK
I> [06/05/2008 16:53:47] Programmes dans les fichiers demandés: Programme 222 (BA 303), Programme 223 (BA 303), Programme 224 (BA 303), Programme 225 (BA 303), Programme 226 (BA 303)
I> [06/05/2008 20:15:23] Réception: programme 227 (PRO 030A)
I> [06/05/2008 20:15:39] Réception: programme 228 (PRO 030A)
I> [06/05/2008 20:15:56] Fichier reçu: C:\machines\T32 Bis\Programmes\PRO 030A.MZK
I> [06/05/2008 20:15:56] Programmes dans les fichiers demandés: Programme 227 (PRO 030A), Programme 228 (PRO 030A)
