I> [06/01/2011 05:43:29] Port activé avec succès.
I> [06/01/2011 20:23:04] Appel depuis la CN de: 634001D
E> [06/01/2011 20:23:10] N'a pu trouver le programme appelé depuis la CN: 634001D.MZK [Premier répertoire recherché : C:\machines\T32 Bis\Programmes]
E> [06/01/2011 20:23:10] N'a pu émettre le fichier. [Previous remote request failed.]
I> [06/01/2011 20:24:08] Appel depuis la CN de: 6340 01D
E> [06/01/2011 20:24:13] N'a pu émettre le fichier. [Previous remote request failed.]
I> [06/01/2011 20:24:14] Le programme appelé depuis la CN est trouvé: C:\machines\T32 Bis\Programmes\LA CALHENE\6340 01D.MZK
I> [06/01/2011 20:24:14] Programmes dans les fichiers demandés: Programme 331 (6340 01D), Programme 332 (6340 01D), Programme 333 (6340 01D), Programme 334 (6340 01D), Programme 335 (6340 01D), Programme 415 (6340 01D)
I> [06/01/2011 20:24:38] Appel depuis la CN de: 634001 D
E> [06/01/2011 20:24:43] N'a pu trouver le programme appelé depuis la CN: 634001 D.MZK [Premier répertoire recherché : C:\machines\T32 Bis\Programmes]
E> [06/01/2011 20:24:48] N'a pu émettre le fichier. [Previous remote request failed.]
I> [06/01/2011 20:25:11] Appel depuis la CN de: 6340 01D
I> [06/01/2011 20:25:16] Le programme appelé depuis la CN est trouvé: C:\machines\T32 Bis\Programmes\LA CALHENE\6340 01D.MZK
I> [06/01/2011 20:25:16] Programmes dans les fichiers demandés: Programme 331 (6340 01D), Programme 332 (6340 01D), Programme 333 (6340 01D), Programme 334 (6340 01D), Programme 335 (6340 01D), Programme 415 (6340 01D)
I> [06/01/2011 20:25:23] Emission de programme: Programme 331 (6340 01D)
I> [06/01/2011 20:25:32] Emission de programme: Programme 332 (6340 01D)
I> [06/01/2011 20:25:45] Emission de programme: Programme 333 (6340 01D)
I> [06/01/2011 20:25:56] Emission de programme: Programme 334 (6340 01D)
I> [06/01/2011 20:26:15] Emission de programme: Programme 335 (6340 01D)
I> [06/01/2011 20:26:31] Emission de programme: Programme 415 (6340 01D)
