I> [06/09/2018 05:29:44] Port activé avec succès.
I> [06/09/2018 06:26:57] Appel depuis la CN de: DN40811103E
I> [06/09/2018 06:27:04] Le programme appelé depuis la CN est trouvé: C:\machines\T32 Bis\Programmes\DN40811103E.MZK
I> [06/09/2018 06:27:04] Programmes dans les fichiers demandés: Programme 5554 (DN40811103E), Programme 5555 (DN40811103E), Programme 5556 (DN40811103E)
I> [06/09/2018 06:27:11] Emission de programme: Programme 5554 (DN40811103E)
I> [06/09/2018 06:27:17] Emission de programme: Programme 5555 (DN40811103E)
I> [06/09/2018 06:27:24] Emission de programme: Programme 5556 (DN40811103E)
I> [06/09/2018 08:35:43] Port activé avec succès.
I> [06/09/2018 08:37:00] Port arrêté.
I> [06/09/2018 08:37:04] Port activé avec succès.
I> [06/09/2018 08:38:43] Port activé avec succès.
I> [06/09/2018 08:42:30] Port activé avec succès.
I> [06/09/2018 08:55:38] Port activé avec succès.
I> [06/09/2018 09:52:20] Port activé avec succès.
I> [06/09/2018 10:21:29] Appel depuis la CN de: 9001-04-01
E> [06/09/2018 10:21:34] N'a pu trouver le programme appelé depuis la CN: 9001-04-01.MZK [Premier répertoire recherché : C:\machines\T32 Bis\Programmes]
E> [06/09/2018 10:21:55] N'a pu émettre le fichier. [Previous remote request failed.]
I> [06/09/2018 10:22:39] Appel depuis la CN de: 9001-04-01
E> [06/09/2018 10:22:44] N'a pu trouver le programme appelé depuis la CN: 9001-04-01.MZK [Premier répertoire recherché : C:\machines\T32 Bis\Programmes]
E> [06/09/2018 10:22:44] N'a pu émettre le fichier. [Previous remote request failed.]
I> [06/09/2018 10:24:56] Appel depuis la CN de: 9001-04-01L
I> [06/09/2018 10:25:01] Le programme appelé depuis la CN est trouvé: C:\machines\T32 Bis\Programmes\LA CALHENE\9001-04-01L.MZK
I> [06/09/2018 10:25:01] Programmes dans les fichiers demandés: Programme 1546 (9001-04-01L), Programme 1548 (9001-04-01L), Programme 1550 (9001-04-01L), Programme 1553 (9001-04-01L)
I> [06/09/2018 10:25:18] Emission de programme: Programme 1546 (9001-04-01L)
I> [06/09/2018 10:25:29] Emission de programme: Programme 1548 (9001-04-01L)
I> [06/09/2018 10:25:35] Emission de programme: Programme 1550 (9001-04-01L)
I> [06/09/2018 10:25:58] Emission de programme: Programme 1553 (9001-04-01L)
I> [06/09/2018 10:26:58] Appel depuis la CN de: 9001-04-02G
I> [06/09/2018 10:27:03] Le programme appelé depuis la CN est trouvé: C:\machines\T32 Bis\Programmes\LA CALHENE\9001-04-02G.MZK
I> [06/09/2018 10:27:03] Programmes dans les fichiers demandés: Programme 1545 (9001-04-02G), Programme 1547 (9001-04-02G), Programme 1549 (9001-04-02G), Programme 1551 (9001-04-02G), Programme 1552 (9001-04-02G)
I> [06/09/2018 10:27:25] Emission de programme: Programme 1545 (9001-04-02G)
I> [06/09/2018 10:27:31] Emission de programme: Programme 1547 (9001-04-02G)
I> [06/09/2018 10:27:40] Emission de programme: Programme 1549 (9001-04-02G)
I> [06/09/2018 10:27:45] Emission de programme: Programme 1551 (9001-04-02G)
I> [06/09/2018 10:28:17] Emission de programme: Programme 1552 (9001-04-02G)
