I> [06/03/2008 13:10:02] Appel depuis la CN de: 0361550
E> [06/03/2008 13:10:10] N'a pu trouver le programme appelé depuis la CN: 361550.MZK [Premier répertoire recherché : C:\machines\T32 Bis\Programmes]
I> [06/03/2008 13:10:18] Appel depuis la CN de: 0361550
E> [06/03/2008 13:10:23] N'a pu émettre le fichier. [Previous remote request failed.]
E> [06/03/2008 13:10:23] N'a pu trouver le programme appelé depuis la CN: 361550.MZK [Premier répertoire recherché : C:\machines\T32 Bis\Programmes]
I> [06/03/2008 13:10:32] Appel depuis la CN de: 0361550
E> [06/03/2008 13:10:38] N'a pu émettre le fichier. [Previous remote request failed.]
E> [06/03/2008 13:10:38] N'a pu trouver le programme appelé depuis la CN: 361550.MZK [Premier répertoire recherché : C:\machines\T32 Bis\Programmes]
I> [06/03/2008 17:01:07] Appel depuis la CN de: 0361550-02
E> [06/03/2008 17:01:12] N'a pu trouver le programme appelé depuis la CN: 0361550-02.MZK [Premier répertoire recherché : C:\machines\T32 Bis\Programmes]
E> [06/03/2008 17:01:13] N'a pu émettre le fichier. [Previous remote request failed.]
I> [06/03/2008 17:01:32] Appel depuis la CN de: 0361550 02
E> [06/03/2008 17:01:38] N'a pu émettre le fichier. [Previous remote request failed.]
E> [06/03/2008 17:01:38] N'a pu trouver le programme appelé depuis la CN: 0361550 02.MZK [Premier répertoire recherché : C:\machines\T32 Bis\Programmes]
I> [06/03/2008 17:03:19] Appel depuis la CN de: 0361550-02
E> [06/03/2008 17:03:24] N'a pu émettre le fichier. [Previous remote request failed.]
I> [06/03/2008 17:03:25] Le programme appelé depuis la CN est trouvé: C:\machines\T32 Bis\Programmes\MECABOR\0361550-02.MZK
I> [06/03/2008 17:03:25] Programmes dans les fichiers demandés: Programme 113 (0361550), Programme 114 (0361550)
I> [06/03/2008 17:05:53] Appel depuis la CN de: 0361550 02
I> [06/03/2008 17:05:58] Le programme appelé depuis la CN est trouvé: C:\machines\T32 Bis\Programmes\MECABOR\0361550 02.MZK
I> [06/03/2008 17:05:58] Programmes dans les fichiers demandés: Programme 113 (0361550), Programme 114 (0361550)
I> [06/03/2008 17:06:03] Emission de programme: Programme 113 (0361550)
I> [06/03/2008 17:06:20] Emission de programme: Programme 114 (0361550)
I> [06/03/2008 18:43:57] Réception: programme 67 (30270300101)
I> [06/03/2008 18:44:11] Réception: programme 68 (30270300101)
I> [06/03/2008 18:44:29] Réception: programme 70 (30270300101)
I> [06/03/2008 18:44:52] Réception: programme 71 (30270300101)
I> [06/03/2008 18:45:49] Fichier reçu: C:\machines\T32 Bis\Programmes\30270300101.MZK
I> [06/03/2008 18:45:49] Programmes dans les fichiers demandés: Programme 67 (30270300101), Programme 68 (30270300101), Programme 70 (30270300101), Programme 71 (30270300101)
