I> [06/02/2008 05:09:55] Programmes dans les fichiers demandés: Programme 4415 (113500103K), Programme 4416 (113500103K), Programme 4417 (113500103K), Programme 4418 (113500103K)
I> [06/02/2008 10:45:15] Réception: programme 134 (A080320B)
I> [06/02/2008 10:45:26] Réception: programme 135 (A080320B)
I> [06/02/2008 10:45:35] Réception: programme 136 (A080320B)
I> [06/02/2008 10:45:42] Réception: programme 137 (A080320B)
I> [06/02/2008 10:45:54] Fichier reçu: C:\machines\T32 Bis\Programmes\A080320B.MZK
I> [06/02/2008 10:45:54] Programmes dans les fichiers demandés: Programme 134 (A080320B), Programme 135 (A080320B), Programme 136 (A080320B), Programme 137 (A080320B)
I> [06/02/2008 16:44:41] Réception: programme 138 (A5999831 2A)
I> [06/02/2008 16:44:54] Réception: programme 139 (A5999831 1A)
I> [06/02/2008 16:45:09] Fichier reçu: C:\machines\T32 Bis\Programmes\A5999831 2A.MZK
I> [06/02/2008 16:45:09] Programmes dans les fichiers demandés: Programme 138 (A5999831 2A), Programme 139 (A5999831 1A)
I> [06/02/2008 16:46:53] Réception: programme 139 (A5999831 1A)
I> [06/02/2008 16:47:08] Fichier reçu: C:\machines\T32 Bis\Programmes\A5999831 1A.MZK
I> [06/02/2008 16:47:08] Programmes dans les fichiers demandés: Programme 139 (A5999831 1A)
I> [06/02/2008 16:48:50] Réception: programme 138 (A5999831 2A)
I> [06/02/2008 16:49:05] Fichier reçu: C:\machines\T32 Bis\Programmes\A5999831 2A.MZK
I> [06/02/2008 16:49:05] Programmes dans les fichiers demandés: Programme 138 (A5999831 2A)
I> [06/02/2008 16:50:07] Réception: programme 139 (A5999831 1A)
I> [06/02/2008 16:50:22] Fichier reçu: C:\machines\T32 Bis\Programmes\A5999831 1A.MZK
I> [06/02/2008 16:50:22] Programmes dans les fichiers demandés: Programme 139 (A5999831 1A)
I> [06/02/2008 17:00:03] Appel depuis la CN de: U5874-0
E> [06/02/2008 17:00:08] N'a pu émettre le fichier: C:\machines\T32 Bis\Programmes\A5999831 1A.MZK [Le système ne peut pas lire le périphérique indiqué]
I> [06/02/2008 17:00:09] Le programme appelé depuis la CN est trouvé: C:\machines\T32 Bis\Programmes\SECMAIR\U5874-0.MZK
I> [06/02/2008 17:00:09] Programmes dans les fichiers demandés: Programme 439 (U5874-0), Programme 440 (U5874-0), Programme 442 (U5874-0)
I> [06/02/2008 17:01:22] Appel depuis la CN de: U5873-0
I> [06/02/2008 17:01:27] Le programme appelé depuis la CN est trouvé: C:\machines\T32 Bis\Programmes\SECMAIR\U5873-0.MZK
I> [06/02/2008 17:01:27] Programmes dans les fichiers demandés: Programme 435 (U5873-0), Programme 436 (U5873-0)
I> [06/02/2008 17:01:39] Emission de programme: Programme 435 (U5873-0)
I> [06/02/2008 17:01:46] Emission de programme: Programme 436 (U5873-0)
I> [06/02/2008 17:04:11] Appel depuis la CN de: U5874-0
I> [06/02/2008 17:04:17] Le programme appelé depuis la CN est trouvé: C:\machines\T32 Bis\Programmes\SECMAIR\U5874-0.MZK
I> [06/02/2008 17:04:17] Programmes dans les fichiers demandés: Programme 439 (U5874-0), Programme 440 (U5874-0), Programme 442 (U5874-0)
I> [06/02/2008 17:04:34] Emission de programme: Programme 439 (U5874-0)
I> [06/02/2008 17:04:43] Emission de programme: Programme 440 (U5874-0)
I> [06/02/2008 17:04:53] Emission de programme: Programme 442 (U5874-0)
I> [06/02/2008 17:06:10] Appel depuis la CN de: U5881-0
I> [06/02/2008 17:06:16] Le programme appelé depuis la CN est trouvé: C:\machines\T32 Bis\Programmes\SECMAIR\U5881-0.MZK
I> [06/02/2008 17:06:16] Programmes dans les fichiers demandés: Programme 437 (U5881-0), Programme 438 (U5881-0), Programme 441 (U5881-0)
I> [06/02/2008 17:06:34] Emission de programme: Programme 437 (U5881-0)
I> [06/02/2008 17:06:42] Emission de programme: Programme 438 (U5881-0)
I> [06/02/2008 17:06:51] Emission de programme: Programme 441 (U5881-0)
