I> [06/06/2012 05:05:55] Port activé avec succès.
I> [06/06/2012 05:26:34] Appel depuis la CN de: 012000913
E> [06/06/2012 05:26:38] N'a pu émettre le fichier: C:\machines\T32 Bis\Programmes\81B0004 E.MZK [Le système ne peut pas lire le périphérique indiqué]
I> [06/06/2012 05:26:38] Le programme appelé depuis la CN est trouvé: C:\machines\T32 Bis\Programmes\ERCA FORMSEAL\012000913.MZK
I> [06/06/2012 05:26:38] Programmes dans les fichiers demandés: Programme 1096 (012000913), Programme 1097 (012000913), Programme 1098 (012000913)
I> [06/06/2012 05:26:49] Appel depuis la CN de: 012000913
I> [06/06/2012 05:26:56] Le programme appelé depuis la CN est trouvé: C:\machines\T32 Bis\Programmes\ERCA FORMSEAL\012000913.MZK
I> [06/06/2012 05:26:56] Programmes dans les fichiers demandés: Programme 1096 (012000913), Programme 1097 (012000913), Programme 1098 (012000913)
I> [06/06/2012 05:26:57] Emission de programme: Programme 1096 (012000913)
I> [06/06/2012 05:27:19] Emission de programme: Programme 1097 (012000913)
I> [06/06/2012 05:27:41] Emission de programme: Programme 1098 (012000913)
I> [06/06/2012 09:10:44] Réception: programme 1330 (01200026104)
I> [06/06/2012 09:11:05] Réception: programme 1332 (01200026104)
I> [06/06/2012 09:11:22] Réception: programme 1333 (01200026104)
I> [06/06/2012 09:11:53] Fichier reçu: C:\machines\T32 Bis\Programmes\01200026104.MZK
I> [06/06/2012 09:11:53] Programmes dans les fichiers demandés: Programme 1330 (01200026104), Programme 1332 (01200026104), Programme 1333 (01200026104)
I> [06/06/2012 11:27:03] Réception: programme 1329 (01200015205)
I> [06/06/2012 11:27:24] Réception: programme 1331 (01200015205)
I> [06/06/2012 11:27:45] Réception: programme 1334 (01200015205)
I> [06/06/2012 11:28:18] Fichier reçu: C:\machines\T32 Bis\Programmes\01200015205.MZK
I> [06/06/2012 11:28:18] Programmes dans les fichiers demandés: Programme 1329 (01200015205), Programme 1331 (01200015205), Programme 1334 (01200015205)
I> [06/06/2012 11:30:07] Réception: programme 1330 (01200026104)
I> [06/06/2012 11:30:28] Réception: programme 1332 (01200026104)
I> [06/06/2012 11:30:45] Réception: programme 1333 (01200026104)
I> [06/06/2012 11:31:16] Fichier reçu: C:\machines\T32 Bis\Programmes\01200026104.MZK
I> [06/06/2012 11:31:16] Programmes dans les fichiers demandés: Programme 1330 (01200026104), Programme 1332 (01200026104), Programme 1333 (01200026104)
I> [06/06/2012 11:52:56] Appel depuis la CN de: P362734I
E> [06/06/2012 11:53:00] N'a pu émettre le fichier: C:\machines\T32 Bis\Programmes\01200026104.MZK [Le système ne peut pas lire le périphérique indiqué]
I> [06/06/2012 11:53:00] Le programme appelé depuis la CN est trouvé: C:\machines\T32 Bis\Programmes\TOKHEIM\P362734I.MZK
I> [06/06/2012 11:53:01] Programmes dans les fichiers demandés: Programme 1127 (P362734I), Programme 4 (P362734I)
I> [06/06/2012 11:53:08] Appel depuis la CN de: P362734I
I> [06/06/2012 11:53:15] Le programme appelé depuis la CN est trouvé: C:\machines\T32 Bis\Programmes\TOKHEIM\P362734I.MZK
I> [06/06/2012 11:53:15] Programmes dans les fichiers demandés: Programme 1127 (P362734I), Programme 4 (P362734I)
I> [06/06/2012 11:53:17] Emission de programme: Programme 1127 (P362734I)
I> [06/06/2012 11:53:21] Emission de programme: Programme 4 (P362734I)
I> [06/06/2012 14:24:51] Appel depuis la CN de: P362733J
I> [06/06/2012 14:24:58] Le programme appelé depuis la CN est trouvé: C:\machines\T32 Bis\Programmes\TOKHEIM\P362733J.MZK
I> [06/06/2012 14:24:58] Programmes dans les fichiers demandés: Programme 1127 (P362733J), Programme 5 (P362733J)
I> [06/06/2012 14:25:08] Emission de programme: Programme 5 (P362733J)
