I> [06/02/2013 04:48:46] Port activé avec succès.
I> [06/02/2013 05:18:28] Appel depuis la CN de: 21270050101
I> [06/02/2013 05:18:33] Le programme appelé depuis la CN est trouvé: C:\machines\T32 Bis\Programmes\LA CALHENE\21270050101.MZK
I> [06/02/2013 05:18:33] Programmes dans les fichiers demandés: Programme 1006 (21270050101), Programme 1007 (21270050101), Programme 1008 (21270050101), Programme 1009 (21270050101)
I> [06/02/2013 05:18:38] Emission de programme: Programme 1006 (21270050101)
I> [06/02/2013 05:19:01] Emission de programme: Programme 1007 (21270050101)
E> [06/02/2013 05:23:41] Transmission avortée. [Délai de réponse dépassé, interruption de la transmission]
I> [06/02/2013 05:24:32] Emission de programme: Programme 1007 (21270050101)
I> [06/02/2013 05:25:46] Emission de programme: Programme 1008 (21270050101)
E> [06/02/2013 05:29:29] Transmission avortée. [Délai de réponse dépassé, interruption de la transmission]
I> [06/02/2013 05:37:44] Appel depuis la CN de: AE62304B
I> [06/02/2013 05:37:49] Le programme appelé depuis la CN est trouvé: C:\machines\T32 Bis\Programmes\AE62304B.MZK
I> [06/02/2013 05:37:49] Programmes dans les fichiers demandés: Programme 5984 (AE62304B), Programme 5985 (AE62304B), Programme 5986 (AE62304B)
I> [06/02/2013 05:38:01] Emission de programme: Programme 5984 (AE62304B)
I> [06/02/2013 05:38:09] Emission de programme: Programme 5985 (AE62304B)
E> [06/02/2013 05:41:45] Transmission avortée. [Délai de réponse dépassé, interruption de la transmission]
I> [06/02/2013 05:44:36] Emission de programme: Programme 5985 (AE62304B)
I> [06/02/2013 05:44:44] Emission de programme: Programme 5986 (AE62304B)
E> [06/02/2013 05:48:20] Transmission avortée. [Délai de réponse dépassé, interruption de la transmission]
I> [06/02/2013 05:51:12] Emission de programme: Programme 5986 (AE62304B)
I> [06/02/2013 06:20:13] Appel depuis la CN de: 21270050101
I> [06/02/2013 06:20:18] Le programme appelé depuis la CN est trouvé: C:\machines\T32 Bis\Programmes\LA CALHENE\21270050101.MZK
I> [06/02/2013 06:20:18] Programmes dans les fichiers demandés: Programme 1006 (21270050101), Programme 1007 (21270050101), Programme 1008 (21270050101), Programme 1009 (21270050101)
I> [06/02/2013 06:20:37] Emission de programme: Programme 1008 (21270050101)
I> [06/02/2013 06:21:09] Emission de programme: Programme 1009 (21270050101)
I> [06/02/2013 07:22:42] Appel depuis la CN de: 21270050101
I> [06/02/2013 07:22:47] Le programme appelé depuis la CN est trouvé: C:\machines\T32 Bis\Programmes\LA CALHENE\21270050101.MZK
I> [06/02/2013 07:22:47] Programmes dans les fichiers demandés: Programme 1006 (21270050101), Programme 1007 (21270050101), Programme 1008 (21270050101), Programme 1009 (21270050101)
I> [06/02/2013 07:22:57] Emission de programme: Programme 1006 (21270050101)
I> [06/02/2013 18:59:37] Appel depuis la CN de: 21270050101
I> [06/02/2013 18:59:42] Le programme appelé depuis la CN est trouvé: C:\machines\T32 Bis\Programmes\LA CALHENE\21270050101.MZK
I> [06/02/2013 18:59:42] Programmes dans les fichiers demandés: Programme 1006 (21270050101), Programme 1007 (21270050101), Programme 1008 (21270050101), Programme 1009 (21270050101)
I> [06/02/2013 19:00:04] Emission de programme: Programme 1007 (21270050101)
E> [06/02/2013 19:04:20] Transmission avortée. [Délai de réponse dépassé, interruption de la transmission]
