I> [06/08/2009 07:38:13] Port activé avec succès.
I> [06/08/2009 07:44:22] Appel depuis la CN de: 4990885A
E> [06/08/2009 07:44:27] N'a pu trouver le programme appelé depuis la CN: 4990885A.MZK [Premier répertoire recherché : C:\machines\T32 Bis\Programmes]
E> [06/08/2009 07:44:41] N'a pu émettre le fichier. [Previous remote request failed.]
I> [06/08/2009 07:44:50] Appel depuis la CN de: 4990885A
E> [06/08/2009 07:44:55] N'a pu trouver le programme appelé depuis la CN: 4990885A.MZK [Premier répertoire recherché : C:\machines\T32 Bis\Programmes]
E> [06/08/2009 07:44:58] N'a pu émettre le fichier. [Previous remote request failed.]
I> [06/08/2009 07:45:41] Appel depuis la CN de: 4990885 A
I> [06/08/2009 07:45:47] Le programme appelé depuis la CN est trouvé: C:\machines\T32 Bis\Programmes\4990885 A.MZK
I> [06/08/2009 07:45:47] Programmes dans les fichiers demandés: Programme 7, Données d'outil, Programme 7, Données d'outil, Programme 17, Données d'outil, Programme 15, Données d'outil, Programme 15, Données d'outil, Programme 20, Données d'outil, Programme 31, Données d'outil
I> [06/08/2009 07:48:08] Emission de programme: Programme 7
I> [06/08/2009 07:48:10] Emission de programme: Données d'outil
I> [06/08/2009 07:48:11] Emission de programme: Programme 7
I> [06/08/2009 07:48:14] Emission de programme: Données d'outil
I> [06/08/2009 07:48:15] Emission de programme: Programme 17
I> [06/08/2009 07:48:19] Emission de programme: Données d'outil
I> [06/08/2009 07:48:20] Emission de programme: Programme 15
I> [06/08/2009 07:48:23] Emission de programme: Données d'outil
I> [06/08/2009 07:48:25] Emission de programme: Programme 15
I> [06/08/2009 07:48:28] Emission de programme: Données d'outil
I> [06/08/2009 07:48:29] Emission de programme: Programme 20
I> [06/08/2009 07:48:34] Emission de programme: Données d'outil
I> [06/08/2009 07:48:35] Emission de programme: Programme 31
I> [06/08/2009 07:48:42] Emission de programme: Données d'outil
