I> [06/01/2012 07:28:15] Port activé avec succès.
I> [06/01/2012 07:28:32] Appel depuis la CN de: P362754G
E> [06/01/2012 07:28:36] N'a pu émettre le fichier: C:\machines\T32 Bis\Programmes\81B0004 E.MZK [Le système ne peut pas lire le périphérique indiqué]
E> [06/01/2012 07:28:38] N'a pu trouver le programme appelé depuis la CN: P362754G.MZK [Premier répertoire recherché : C:\machines\T32 Bis\Programmes]
I> [06/01/2012 07:28:46] Appel depuis la CN de: P362754G
E> [06/01/2012 07:28:50] N'a pu émettre le fichier. [Previous remote request failed.]
E> [06/01/2012 07:28:51] N'a pu trouver le programme appelé depuis la CN: P362754G.MZK [Premier répertoire recherché : C:\machines\T32 Bis\Programmes]
I> [06/01/2012 07:29:07] Appel depuis la CN de: P362754G
E> [06/01/2012 07:29:11] N'a pu émettre le fichier. [Previous remote request failed.]
E> [06/01/2012 07:29:12] N'a pu trouver le programme appelé depuis la CN: P362754G.MZK [Premier répertoire recherché : C:\machines\T32 Bis\Programmes]
I> [06/01/2012 07:31:57] Appel depuis la CN de: P362754I
E> [06/01/2012 07:32:01] N'a pu émettre le fichier. [Previous remote request failed.]
I> [06/01/2012 07:32:01] Le programme appelé depuis la CN est trouvé: C:\machines\T32 Bis\Programmes\TOKHEIM\P362754I.MZK
I> [06/01/2012 07:32:01] Programmes dans les fichiers demandés: Programme 36, Données d'outil
I> [06/01/2012 07:32:11] Appel depuis la CN de: P362754I
I> [06/01/2012 07:32:16] Le programme appelé depuis la CN est trouvé: C:\machines\T32 Bis\Programmes\TOKHEIM\P362754I.MZK
I> [06/01/2012 07:32:16] Programmes dans les fichiers demandés: Programme 36, Données d'outil
I> [06/01/2012 07:32:23] Emission de programme: Programme 36
I> [06/01/2012 07:32:30] Emission de programme: Données d'outil
I> [06/01/2012 08:09:02] Port activé avec succès.
I> [06/01/2012 08:45:46] Appel depuis la CN de: P362754I
E> [06/01/2012 08:45:50] N'a pu émettre le fichier: C:\machines\T32 Bis\Programmes\81B0004 E.MZK [Le système ne peut pas lire le périphérique indiqué]
I> [06/01/2012 08:45:51] Le programme appelé depuis la CN est trouvé: C:\machines\T32 Bis\Programmes\TOKHEIM\P362754I.MZK
I> [06/01/2012 08:45:51] Programmes dans les fichiers demandés: Programme 36, Données d'outil
I> [06/01/2012 08:45:59] Appel depuis la CN de: P362754I
I> [06/01/2012 08:46:03] Le programme appelé depuis la CN est trouvé: C:\machines\T32 Bis\Programmes\TOKHEIM\P362754I.MZK
I> [06/01/2012 08:46:03] Programmes dans les fichiers demandés: Programme 36, Données d'outil
I> [06/01/2012 08:46:06] Emission de programme: Programme 36
I> [06/01/2012 08:46:14] Emission de programme: Données d'outil
I> [06/01/2012 13:34:37] Réception: programme 6 (P362754J)
I> [06/01/2012 13:34:53] Fichier reçu: C:\machines\T32 Bis\Programmes\P362754J.MZK
I> [06/01/2012 13:34:53] Programmes dans les fichiers demandés: Programme 6 (P362754J)
I> [06/01/2012 13:37:19] Appel depuis la CN de: P362754I
E> [06/01/2012 13:37:23] N'a pu émettre le fichier: C:\machines\T32 Bis\Programmes\P362754J.MZK [Le système ne peut pas lire le périphérique indiqué]
I> [06/01/2012 13:37:24] Le programme appelé depuis la CN est trouvé: C:\machines\T32 Bis\Programmes\TOKHEIM\P362754I.MZK
I> [06/01/2012 13:37:24] Programmes dans les fichiers demandés: Programme 36, Données d'outil
I> [06/01/2012 13:52:05] Appel depuis la CN de: P362733J
I> [06/01/2012 13:52:10] Le programme appelé depuis la CN est trouvé: C:\machines\T32 Bis\Programmes\TOKHEIM\P362733J.MZK
I> [06/01/2012 13:52:10] Programmes dans les fichiers demandés: Programme 1127 (P362733J), Programme 5 (P362733J)
I> [06/01/2012 13:55:31] Emission de programme: Programme 5 (P362733J)
