I> [06/09/2010 07:37:58] Port activé avec succès.
I> [06/09/2010 08:55:16] Réception: programme 974 (3971218A)
I> [06/09/2010 08:55:27] Réception: programme 975 (3971218A)
I> [06/09/2010 08:55:40] Fichier reçu: C:\machines\T32 Bis\Programmes\3971218A.MZK
I> [06/09/2010 08:55:40] Programmes dans les fichiers demandés: Programme 974 (3971218A), Programme 975 (3971218A)
I> [06/09/2010 08:56:31] Appel depuis la CN de: 3971218A
I> [06/09/2010 08:56:36] Le programme appelé depuis la CN est trouvé: C:\machines\T32 Bis\Programmes\FLOWSERVE\3971218A.MZK
I> [06/09/2010 08:56:36] Programmes dans les fichiers demandés: Programme 974 (3971218A), Programme 975 (3971218A)
I> [06/09/2010 10:24:11] Appel depuis la CN de: 07304023D
I> [06/09/2010 10:24:16] Le programme appelé depuis la CN est trouvé: C:\machines\T32 Bis\Programmes\07304023D.MZK
I> [06/09/2010 10:24:16] Programmes dans les fichiers demandés: Programme 18, Données d'outil, Programme 17, Données d'outil, Programme 15, Données d'outil
I> [06/09/2010 10:24:20] Emission de programme: Programme 18
I> [06/09/2010 10:24:25] Emission de programme: Données d'outil
I> [06/09/2010 10:24:26] Emission de programme: Programme 17
I> [06/09/2010 10:24:30] Emission de programme: Données d'outil
I> [06/09/2010 10:24:31] Emission de programme: Programme 15
I> [06/09/2010 10:24:34] Emission de programme: Données d'outil
I> [06/09/2010 11:20:55] Emission de programme: Programme 18
I> [06/09/2010 11:20:59] Emission de programme: Données d'outil
I> [06/09/2010 11:21:00] Emission de programme: Programme 17
I> [06/09/2010 11:21:04] Emission de programme: Données d'outil
I> [06/09/2010 11:21:05] Emission de programme: Programme 15
I> [06/09/2010 11:21:09] Emission de programme: Données d'outil
I> [06/09/2010 11:27:06] Réception: programme 976 (07304023D)
I> [06/09/2010 11:27:14] Réception: programme 977 (07304023D)
I> [06/09/2010 11:27:26] Fichier reçu: C:\machines\T32 Bis\Programmes\07304023D.MZK
I> [06/09/2010 11:27:26] Programmes dans les fichiers demandés: Programme 976 (07304023D), Programme 977 (07304023D)
I> [06/09/2010 11:28:23] Appel depuis la CN de: 07304023D
I> [06/09/2010 11:28:28] Le programme appelé depuis la CN est trouvé: C:\machines\T32 Bis\Programmes\MECAMARC\07304023D.MZK
I> [06/09/2010 11:28:28] Programmes dans les fichiers demandés: Programme 976 (07304023D), Programme 977 (07304023D)
I> [06/09/2010 13:02:56] Appel depuis la CN de: W314700DA
I> [06/09/2010 13:03:01] Le programme appelé depuis la CN est trouvé: C:\machines\T32 Bis\Programmes\FLOWSERVE\W314700DA.MZK
I> [06/09/2010 13:03:01] Programmes dans les fichiers demandés: Programme 962 (W314700DA), Programme 963 (W314700DA)
I> [06/09/2010 14:51:44] Appel depuis la CN de: 07306003F F
I> [06/09/2010 14:51:49] Le programme appelé depuis la CN est trouvé: C:\machines\T32 Bis\Programmes\MECAMARC\07306003F F.MZK
I> [06/09/2010 14:51:49] Programmes dans les fichiers demandés: Programme 26, Données d'outil
I> [06/09/2010 14:51:53] Emission de programme: Programme 26
I> [06/09/2010 14:51:58] Emission de programme: Données d'outil
I> [06/09/2010 16:55:56] Réception: programme 978 (07306003H F)
I> [06/09/2010 16:56:11] Fichier reçu: C:\machines\T32 Bis\Programmes\07306003H F.MZK
I> [06/09/2010 16:56:11] Programmes dans les fichiers demandés: Programme 978 (07306003H F)
I> [06/09/2010 17:12:42] Appel depuis la CN de: 2976839C 6
I> [06/09/2010 17:12:47] Le programme appelé depuis la CN est trouvé: C:\machines\T32 Bis\Programmes\FLOWSERVE\2976839C 6.MZK
I> [06/09/2010 17:12:47] Programmes dans les fichiers demandés: Programme 204 (2976839C 6), Programme 206 (2976839C 6)
I> [06/09/2010 17:12:53] Emission de programme: Programme 204 (2976839C 6)
I> [06/09/2010 17:13:12] Emission de programme: Programme 206 (2976839C 6)
I> [06/09/2010 17:13:48] Appel depuis la CN de: 2976327D
I> [06/09/2010 17:13:55] Le programme appelé depuis la CN est trouvé: C:\machines\T32 Bis\Programmes\FLOWSERVE\2976327D.MZK
I> [06/09/2010 17:13:55] Programmes dans les fichiers demandés: Programme 127 (2976327D), Programme 130 (2976327D)
I> [06/09/2010 17:13:59] Appel depuis la CN de: 2976327D
I> [06/09/2010 17:14:04] Le programme appelé depuis la CN est trouvé: C:\machines\T32 Bis\Programmes\FLOWSERVE\2976327D.MZK
I> [06/09/2010 17:14:04] Programmes dans les fichiers demandés: Programme 127 (2976327D), Programme 130 (2976327D)
I> [06/09/2010 17:14:07] Emission de programme: Programme 127 (2976327D)
I> [06/09/2010 17:14:21] Emission de programme: Programme 130 (2976327D)
I> [06/09/2010 17:15:05] Appel depuis la CN de: 2976840C 6
I> [06/09/2010 17:15:12] Le programme appelé depuis la CN est trouvé: C:\machines\T32 Bis\Programmes\FLOWSERVE\2976840C 6.MZK
I> [06/09/2010 17:15:12] Programmes dans les fichiers demandés: Programme 205 (2976840C 6), Programme 207 (2976840C 6)
I> [06/09/2010 17:15:15] Appel depuis la CN de: 2976840C 6
I> [06/09/2010 17:15:22] Emission de programme: Programme 205 (2976840C 6)
I> [06/09/2010 17:15:41] Emission de programme: Programme 207 (2976840C 6)
I> [06/09/2010 17:16:00] Le programme appelé depuis la CN est trouvé: C:\machines\T32 Bis\Programmes\FLOWSERVE\2976840C 6.MZK
I> [06/09/2010 17:16:00] Programmes dans les fichiers demandés: Programme 205 (2976840C 6), Programme 207 (2976840C 6)
