I> [06/06/2008 08:17:05] Appel depuis la CN de: 5999340A
E> [06/06/2008 08:17:10] N'a pu émettre le fichier: C:\machines\T32 Bis\Programmes\4994484A.MZK [Le système ne peut pas lire le périphérique indiqué]
I> [06/06/2008 08:17:10] Le programme appelé depuis la CN est trouvé: C:\machines\T32 Bis\Programmes\DRESSER\5999340A.MZK
I> [06/06/2008 08:17:10] Programmes dans les fichiers demandés: Programme 4400 (5999340A), Programme 4401 (5999340A)
I> [06/06/2008 08:17:17] Appel depuis la CN de: 5999340A
I> [06/06/2008 08:17:25] Le programme appelé depuis la CN est trouvé: C:\machines\T32 Bis\Programmes\DRESSER\5999340A.MZK
I> [06/06/2008 08:17:25] Programmes dans les fichiers demandés: Programme 4400 (5999340A), Programme 4401 (5999340A)
I> [06/06/2008 08:17:27] Emission de programme: Programme 4400 (5999340A)
I> [06/06/2008 08:17:37] Emission de programme: Programme 4401 (5999340A)
I> [06/06/2008 08:28:55] Appel depuis la CN de: 5999340A
I> [06/06/2008 08:29:01] Le programme appelé depuis la CN est trouvé: C:\machines\T32 Bis\Programmes\DRESSER\5999340A.MZK
I> [06/06/2008 08:29:01] Programmes dans les fichiers demandés: Programme 4400 (5999340A), Programme 4401 (5999340A)
I> [06/06/2008 08:29:05] Emission de programme: Programme 4400 (5999340A)
I> [06/06/2008 08:29:14] Emission de programme: Programme 4401 (5999340A)
I> [06/06/2008 08:38:58] Port activé avec succès.
I> [06/06/2008 08:43:09] Port activé avec succès.
I> [06/06/2008 08:48:00] Port activé avec succès.
I> [06/06/2008 09:10:50] Port activé avec succès.
I> [06/06/2008 10:56:13] Réception: programme 299 (MA97750)
I> [06/06/2008 10:56:20] Réception: programme 300 (MA97750)
I> [06/06/2008 10:56:28] Réception: programme 301 (MA97750)
I> [06/06/2008 10:56:44] Fichier reçu: C:\machines\T32 Bis\Programmes\MA97750.MZK
I> [06/06/2008 10:56:44] Programmes dans les fichiers demandés: Programme 299 (MA97750), Programme 300 (MA97750), Programme 301 (MA97750)
