I> [06/03/2017 07:17:02] Port activé avec succès.
I> [06/03/2017 16:43:10] Appel depuis la CN de: 2976840C 6
E> [06/03/2017 16:43:15] N'a pu émettre le fichier: C:\machines\T32 Bis\Programmes\21270080201.MZK [Le système ne peut pas lire le périphérique indiqué]
I> [06/03/2017 16:43:15] Le programme appelé depuis la CN est trouvé: C:\machines\T32 Bis\Programmes\FLOWSERVE\2976840C 6.MZK
I> [06/03/2017 16:43:15] Programmes dans les fichiers demandés: Programme 205 (2976840C 6), Programme 207 (2976840C 6)
I> [06/03/2017 16:46:32] Emission de programme: Programme 205 (2976840C 6)
I> [06/03/2017 16:46:50] Emission de programme: Programme 207 (2976840C 6)
I> [06/03/2017 18:55:13] Appel depuis la CN de: 2976839C 6
I> [06/03/2017 18:55:20] Le programme appelé depuis la CN est trouvé: C:\machines\T32 Bis\Programmes\FLOWSERVE\2976839C 6.MZK
I> [06/03/2017 18:55:20] Programmes dans les fichiers demandés: Programme 204 (2976839C 6), Programme 206 (2976839C 6)
I> [06/03/2017 18:55:24] Emission de programme: Programme 204 (2976839C 6)
I> [06/03/2017 18:55:42] Emission de programme: Programme 206 (2976839C 6)
I> [06/03/2017 18:56:22] Appel depuis la CN de: 2976864D
I> [06/03/2017 18:56:34] Le programme appelé depuis la CN est trouvé: C:\machines\T32 Bis\Programmes\FLOWSERVE\2976864D.MZK
I> [06/03/2017 18:56:34] Programmes dans les fichiers demandés: Programme 435 (2976864D), Programme 437 (2976864D)
I> [06/03/2017 18:56:38] Appel depuis la CN de: 2976864D
I> [06/03/2017 18:56:45] Emission de programme: Programme 435 (2976864D)
I> [06/03/2017 18:57:03] Emission de programme: Programme 437 (2976864D)
I> [06/03/2017 18:57:23] Le programme appelé depuis la CN est trouvé: C:\machines\T32 Bis\Programmes\FLOWSERVE\2976864D.MZK
I> [06/03/2017 18:57:23] Programmes dans les fichiers demandés: Programme 435 (2976864D), Programme 437 (2976864D)
I> [06/03/2017 18:57:41] Appel depuis la CN de: 2976863C
I> [06/03/2017 18:57:48] Le programme appelé depuis la CN est trouvé: C:\machines\T32 Bis\Programmes\FLOWSERVE\2976863C.MZK
I> [06/03/2017 18:57:48] Programmes dans les fichiers demandés: Programme 434 (2976863C), Programme 438 (2976863C)
I> [06/03/2017 18:57:52] Emission de programme: Programme 434 (2976863C)
I> [06/03/2017 18:58:10] Emission de programme: Programme 438 (2976863C)
