I> [06/04/2007 10:58:16] Appel depuis la CN de: C97113001C
I> [06/04/2007 10:58:23] Le programme appelé depuis la CN est trouvé: C:\machines\T32\Programmes\MECABOR\C97113001C.MZK
I> [06/04/2007 10:58:23] Programmes dans les fichiers demandés: Programme 3559 (C97113001C), Programme 3560 (C97113001C)
I> [06/04/2007 10:58:32] Emission de programme: Programme 3559 (C97113001C)
I> [06/04/2007 10:59:34] Emission de programme: Programme 3559 (C97113001C)
I> [06/04/2007 10:59:55] Emission de programme: Programme 3560 (C97113001C)
I> [06/04/2007 12:42:10] Réception: programme 4410 (122700301E)
I> [06/04/2007 12:42:21] Réception: programme 4411 (122700301E)
I> [06/04/2007 12:42:33] Réception: programme 4412 (122700301E)
I> [06/04/2007 12:43:02] Réception: programme 4413 (122700301E)
I> [06/04/2007 12:43:25] Réception: programme 4414 (122700301E)
I> [06/04/2007 12:43:39] Fichier reçu: C:\machines\T32\Programmes\122700301E.MZK
I> [06/04/2007 12:43:40] Programmes dans les fichiers demandés: Programme 4410 (122700301E), Programme 4411 (122700301E), Programme 4412 (122700301E), Programme 4413 (122700301E), Programme 4414 (122700301E)
I> [06/04/2007 14:45:06] Appel depuis la CN de: C97113001C
E> [06/04/2007 14:45:12] N'a pu émettre le fichier: C:\machines\T32\Programmes\122700301E.MZK [Le système ne peut pas lire le périphérique indiqué]
I> [06/04/2007 14:45:12] Le programme appelé depuis la CN est trouvé: C:\machines\T32\Programmes\MECABOR\C97113001C.MZK
I> [06/04/2007 14:45:12] Programmes dans les fichiers demandés: Programme 3559 (C97113001C), Programme 3560 (C97113001C)
I> [06/04/2007 14:45:33] Appel depuis la CN de: C97113001C
I> [06/04/2007 14:45:42] Le programme appelé depuis la CN est trouvé: C:\machines\T32\Programmes\MECABOR\C97113001C.MZK
I> [06/04/2007 14:45:42] Programmes dans les fichiers demandés: Programme 3559 (C97113001C), Programme 3560 (C97113001C)
I> [06/04/2007 14:45:45] Emission de programme: Programme 3559 (C97113001C)
I> [06/04/2007 14:46:06] Emission de programme: Programme 3560 (C97113001C)
