I> [06/01/2016 04:53:41] Port activé avec succès.
I> [06/01/2016 09:26:23] Appel depuis la CN de: 122704202A
E> [06/01/2016 09:26:27] N'a pu émettre le fichier: C:\machines\T32 Bis\Programmes\21270080201.MZK [Le système ne peut pas lire le périphérique indiqué]
I> [06/01/2016 09:26:27] Le programme appelé depuis la CN est trouvé: C:\machines\T32 Bis\Programmes\LA CALHENE\122704202A.MZK
I> [06/01/2016 09:26:27] Programmes dans les fichiers demandés: Programme 25 (122704202A), Programme 26 (122704202A), Programme 619 (122704202A), Programme 620 (122704202A), Programme 621 (122704202A), Programme 622 (122704202A), Programme 1536 (122704202A), Programme 4443 (122704202A)
I> [06/01/2016 09:26:41] Emission de programme: Programme 25 (122704202A)
I> [06/01/2016 09:26:53] Emission de programme: Programme 26 (122704202A)
I> [06/01/2016 09:27:07] Emission de programme: Programme 619 (122704202A)
I> [06/01/2016 09:27:16] Emission de programme: Programme 620 (122704202A)
I> [06/01/2016 09:27:26] Emission de programme: Programme 621 (122704202A)
I> [06/01/2016 09:27:48] Emission de programme: Programme 622 (122704202A)
I> [06/01/2016 09:28:36] Emission de programme: Programme 1536 (122704202A)
I> [06/01/2016 09:28:42] Emission de programme: Programme 4443 (122704202A)
I> [06/01/2016 18:39:33] Appel depuis la CN de: 12700301E
E> [06/01/2016 18:39:38] N'a pu trouver le programme appelé depuis la CN: 12700301E.MZK [Premier répertoire recherché : C:\machines\T32 Bis\Programmes]
E> [06/01/2016 18:41:14] N'a pu émettre le fichier. [Previous remote request failed.]
I> [06/01/2016 18:42:21] Appel depuis la CN de: 12700301E
E> [06/01/2016 18:42:26] N'a pu trouver le programme appelé depuis la CN: 12700301E.MZK [Premier répertoire recherché : C:\machines\T32 Bis\Programmes]
E> [06/01/2016 18:42:26] N'a pu émettre le fichier. [Previous remote request failed.]
I> [06/01/2016 18:43:12] Appel depuis la CN de: 122700301E
I> [06/01/2016 18:43:17] Le programme appelé depuis la CN est trouvé: C:\machines\T32 Bis\Programmes\122700301E.MZK
I> [06/01/2016 18:43:17] Programmes dans les fichiers demandés: Programme 4821 (122700301E), Programme 4822 (122700301E), Programme 4410 (122700301E), Programme 4411 (122700301E), Programme 4412 (122700301E), Programme 4413 (122700301E), Programme 4441 (122700301E), Programme 4443 (122700301E)
I> [06/01/2016 18:44:26] Emission de programme: Programme 4410 (122700301E)
I> [06/01/2016 18:44:37] Emission de programme: Programme 4411 (122700301E)
I> [06/01/2016 18:44:50] Emission de programme: Programme 4412 (122700301E)
I> [06/01/2016 18:45:39] Emission de programme: Programme 4413 (122700301E)
I> [06/01/2016 18:46:03] Emission de programme: Programme 4441 (122700301E)
E> [06/01/2016 18:49:38] Transmission avortée. [Délai de réponse dépassé, interruption de la transmission]
