I> [06/07/2011 05:25:44] Port activé avec succès.
I> [06/07/2011 07:54:57] Appel depuis la CN de: 2976840C 6
E> [06/07/2011 07:55:02] N'a pu émettre le fichier: C:\machines\T32 Bis\Programmes\2976518A.MZK [Le système ne peut pas lire le périphérique indiqué]
I> [06/07/2011 07:55:02] Le programme appelé depuis la CN est trouvé: C:\machines\T32 Bis\Programmes\FLOWSERVE\2976840C 6.MZK
I> [06/07/2011 07:55:02] Programmes dans les fichiers demandés: Programme 205 (2976840C 6), Programme 207 (2976840C 6)
I> [06/07/2011 07:55:10] Appel depuis la CN de: 2976840C 6
I> [06/07/2011 07:55:17] Le programme appelé depuis la CN est trouvé: C:\machines\T32 Bis\Programmes\FLOWSERVE\2976840C 6.MZK
I> [06/07/2011 07:55:17] Programmes dans les fichiers demandés: Programme 205 (2976840C 6), Programme 207 (2976840C 6)
I> [06/07/2011 07:55:18] Emission de programme: Programme 205 (2976840C 6)
I> [06/07/2011 07:55:36] Emission de programme: Programme 207 (2976840C 6)
I> [06/07/2011 09:54:50] Appel depuis la CN de: 2979992A
I> [06/07/2011 09:54:57] Le programme appelé depuis la CN est trouvé: C:\machines\T32 Bis\Programmes\FLOWSERVE\2979992A.MZK
I> [06/07/2011 09:54:57] Programmes dans les fichiers demandés: Programme 5067 (2979992A), Programme 5068 (2979992A)
I> [06/07/2011 09:55:07] Appel depuis la CN de: 2979992A
I> [06/07/2011 09:55:14] Le programme appelé depuis la CN est trouvé: C:\machines\T32 Bis\Programmes\FLOWSERVE\2979992A.MZK
I> [06/07/2011 09:55:14] Programmes dans les fichiers demandés: Programme 5067 (2979992A), Programme 5068 (2979992A)
I> [06/07/2011 09:55:18] Emission de programme: Programme 5067 (2979992A)
I> [06/07/2011 09:55:34] Emission de programme: Programme 5068 (2979992A)
I> [06/07/2011 18:28:34] Appel depuis la CN de: 2979992A
I> [06/07/2011 18:28:39] Le programme appelé depuis la CN est trouvé: C:\machines\T32 Bis\Programmes\FLOWSERVE\2979992A.MZK
I> [06/07/2011 18:28:39] Programmes dans les fichiers demandés: Programme 5067 (2979992A), Programme 5068 (2979992A)
I> [06/07/2011 18:30:18] Appel depuis la CN de: 2976327 D
E> [06/07/2011 18:30:27] N'a pu trouver le programme appelé depuis la CN: 2976327 D.MZK [Premier répertoire recherché : C:\machines\T32 Bis\Programmes]
E> [06/07/2011 18:30:29] N'a pu émettre le fichier. [Previous remote request failed.]
E> [06/07/2011 18:30:30] N'a pu émettre le fichier. [Previous remote request failed.]
E> [06/07/2011 18:30:31] N'a pu émettre le fichier. [Previous remote request failed.]
I> [06/07/2011 18:30:43] Appel depuis la CN de: 2976327D
E> [06/07/2011 18:30:47] N'a pu émettre le fichier. [Previous remote request failed.]
I> [06/07/2011 18:30:48] Le programme appelé depuis la CN est trouvé: C:\machines\T32 Bis\Programmes\FLOWSERVE\2976327D.MZK
I> [06/07/2011 18:30:48] Programmes dans les fichiers demandés: Programme 127 (2976327D), Programme 130 (2976327D)
I> [06/07/2011 18:30:53] Emission de programme: Programme 127 (2976327D)
I> [06/07/2011 18:31:07] Emission de programme: Programme 130 (2976327D)
