I> [06/04/06 12:59:50] Réception: programme 845 (3007-14-11M)
I> [06/04/06 13:00:15] Réception: programme 846 (3007-14-11M)
I> [06/04/06 13:00:30] Réception: programme 1986 (3007-14-11M)
I> [06/04/06 13:00:48] Réception: programme 2647 (3007-14-11M)
I> [06/04/06 13:01:29] Réception: programme 2672 (3007-14-11M)
I> [06/04/06 13:01:45] Réception: programme 2673 (3007-14-11M)
I> [06/04/06 13:01:50] Réception: programme 3673 (3007-14-11M)
I> [06/04/06 13:02:14] Réception: programme 3674 (3007-14-11M)
I> [06/04/06 13:02:53] Fichier reçu: C:\machines\T32\Programmes\3007-14-11M.MZK
I> [06/04/06 13:02:54] Programmes dans les fichiers demandés: Programme 845 (3007-14-11M), Programme 846 (3007-14-11M), Programme 1986 (3007-14-11M), Programme 2647 (3007-14-11M), Programme 2672 (3007-14-11M), Programme 2673 (3007-14-11M), Programme 3673 (3007-14-11M), Programme 3674 (3007-14-11M)
I> [06/04/06 13:23:57] Réception: programme 3937 (5510-7-101B)
I> [06/04/06 13:24:04] Réception: programme 3938 (5510-7-101B)
I> [06/04/06 13:24:12] Réception: programme 3939 (5510-7-101B)
I> [06/04/06 13:24:17] Réception: programme 3940 (5510-7-101B)
I> [06/04/06 13:24:30] Réception: programme 3941 (5510-7-101B)
I> [06/04/06 13:24:40] Réception: programme 3942 (5510-7-101B)
I> [06/04/06 13:24:55] Réception: programme 3943 (5510-7-101B)
I> [06/04/06 13:25:09] Réception: programme 3944 (5510-7-101B)
I> [06/04/06 13:25:20] Fichier reçu: C:\machines\T32\Programmes\5510-7-101B.MZK
I> [06/04/06 13:25:21] Programmes dans les fichiers demandés: Programme 3937 (5510-7-101B), Programme 3938 (5510-7-101B), Programme 3939 (5510-7-101B), Programme 3940 (5510-7-101B), Programme 3941 (5510-7-101B), Programme 3942 (5510-7-101B), Programme 3943 (5510-7-101B), Programme 3944 (5510-7-101B)
