I> [06/03/2013 05:44:43] Port activé avec succès.
I> [06/03/2013 07:45:44] Port activé avec succès.
I> [06/03/2013 10:05:14] Appel depuis la CN de: 1127305004B
E> [06/03/2013 10:05:22] N'a pu émettre le fichier. [Previous remote request failed.]
I> [06/03/2013 10:05:23] Le programme appelé depuis la CN est trouvé: C:\machines\T32 Bis\Programmes\1127305004B.MZK
I> [06/03/2013 10:05:23] Programmes dans les fichiers demandés: Programme 6, Données d'outil, Programme 21, Données d'outil, Programme 15, Données d'outil, Programme 10, Données d'outil, Programme 11, Données d'outil, Programme 11, Données d'outil, Programme 46, Données d'outil, Programme 27, Données d'outil
I> [06/03/2013 10:05:34] Emission de programme: Programme 6
I> [06/03/2013 10:05:36] Emission de programme: Données d'outil
I> [06/03/2013 10:05:37] Emission de programme: Programme 21
I> [06/03/2013 10:05:42] Emission de programme: Données d'outil
I> [06/03/2013 10:05:43] Emission de programme: Programme 15
I> [06/03/2013 10:05:46] Emission de programme: Données d'outil
I> [06/03/2013 10:05:47] Emission de programme: Programme 10
I> [06/03/2013 10:05:50] Emission de programme: Données d'outil
I> [06/03/2013 10:05:51] Emission de programme: Programme 11
I> [06/03/2013 10:05:54] Emission de programme: Données d'outil
I> [06/03/2013 10:05:55] Emission de programme: Programme 11
I> [06/03/2013 10:05:58] Emission de programme: Données d'outil
I> [06/03/2013 10:05:59] Emission de programme: Programme 46
I> [06/03/2013 10:06:08] Emission de programme: Données d'outil
I> [06/03/2013 10:06:09] Emission de programme: Programme 27
I> [06/03/2013 10:06:15] Emission de programme: Données d'outil
I> [06/03/2013 13:25:40] Port activé avec succès.
