I> [06/10/05 10:30:05] Réception: programme 4037 (33945BV1019)
I> [06/10/05 10:30:14] Réception: programme 4038 (33945BV1019)
I> [06/10/05 10:30:26] Fichier reçu: C:\machines\T32\Programmes\33945BV1019.MZK
I> [06/10/05 10:30:26] Programmes dans les fichiers demandés: Programme 4037 (33945BV1019), Programme 4038 (33945BV1019)
I> [06/10/05 10:51:25] Appel depuis la CN de: CHEMISE-MFI
E> [06/10/05 10:51:30] N'a pu trouver le programme appelé depuis la CN: CHEMISE-MFI.MZK [Premier répertoire recherché : C:\machines\T32\Programmes]
E> [06/10/05 10:51:48] N'a pu émettre le fichier. [Previous remote request failed.]
E> [06/10/05 10:51:59] N'a pu émettre le fichier. [Previous remote request failed.]
E> [06/10/05 10:53:22] N'a pu émettre le fichier. [Previous remote request failed.]
I> [06/10/05 10:54:33] Appel depuis la CN de: CHEMISE-MFI
E> [06/10/05 10:54:38] N'a pu trouver le programme appelé depuis la CN: CHEMISE-MFI.MZK [Premier répertoire recherché : C:\machines\T32\Programmes]
E> [06/10/05 10:54:53] N'a pu émettre le fichier. [Previous remote request failed.]
E> [06/10/05 10:55:22] N'a pu émettre le fichier. [Previous remote request failed.]
E> [06/10/05 10:56:11] N'a pu émettre le fichier. [Previous remote request failed.]
I> [06/10/05 10:57:57] Appel depuis la CN de: CHEMISE MFI
E> [06/10/05 10:58:02] N'a pu trouver le programme appelé depuis la CN: CHEMISE MFI.MZK [Premier répertoire recherché : C:\machines\T32\Programmes]
E> [06/10/05 10:58:07] N'a pu émettre le fichier. [Previous remote request failed.]
E> [06/10/05 10:58:11] N'a pu émettre le fichier. [Previous remote request failed.]
E> [06/10/05 10:58:16] N'a pu émettre le fichier. [Previous remote request failed.]
E> [06/10/05 10:58:17] N'a pu émettre le fichier. [Previous remote request failed.]
E> [06/10/05 10:58:18] N'a pu émettre le fichier. [Previous remote request failed.]
E> [06/10/05 10:58:42] N'a pu émettre le fichier. [Previous remote request failed.]
E> [06/10/05 10:58:45] N'a pu émettre le fichier. [Previous remote request failed.]
E> [06/10/05 10:58:55] N'a pu émettre le fichier. [Previous remote request failed.]
E> [06/10/05 10:59:25] N'a pu émettre le fichier. [Previous remote request failed.]
I> [06/10/05 11:01:14] Appel depuis la CN de: CHEMISE-MFI
E> [06/10/05 11:01:19] N'a pu trouver le programme appelé depuis la CN: CHEMISE-MFI.MZK [Premier répertoire recherché : C:\machines\T32\Programmes]
E> [06/10/05 11:01:36] N'a pu émettre le fichier. [Previous remote request failed.]
E> [06/10/05 11:01:41] N'a pu émettre le fichier. [Previous remote request failed.]
I> [06/10/05 11:04:11] Appel depuis la CN de: CHEMISE.MFI
I> [06/10/05 11:04:16] Le programme appelé depuis la CN est trouvé: C:\machines\T32\Programmes\Mfi\CHEMISE.MFI.MZK
I> [06/10/05 11:04:16] Programmes dans les fichiers demandés: Programme 3759 (CHEMISE.MFI), Programme 3760 (CHEMISE.MFI)
I> [06/10/05 11:04:35] Emission de programme: Programme 3759 (CHEMISE.MFI)
I> [06/10/05 11:04:47] Emission de programme: Programme 3760 (CHEMISE.MFI)
