I> [06/10/2010 07:42:34] Appel depuis la CN de: 4340 02 09A
I> [06/10/2010 07:42:39] Le programme appelé depuis la CN est trouvé: C:\machines\T32 Bis\Programmes\LA CALHENE\4340 02 09A.MZK
I> [06/10/2010 07:42:39] Programmes dans les fichiers demandés: Programme 2 (4340 02 09A)
I> [06/10/2010 07:43:49] Emission de programme: Programme 2 (4340 02 09A)
E> [06/10/2010 07:47:43] Transmission avortée. [Délai de réponse dépassé, interruption de la transmission]
I> [06/10/2010 11:46:16] Appel depuis la CN de: 2976839C 6
I> [06/10/2010 11:46:21] Le programme appelé depuis la CN est trouvé: C:\machines\T32 Bis\Programmes\FLOWSERVE\2976839C 6.MZK
I> [06/10/2010 11:46:21] Programmes dans les fichiers demandés: Programme 204 (2976839C 6), Programme 206 (2976839C 6)
I> [06/10/2010 11:47:06] Emission de programme: Programme 204 (2976839C 6)
I> [06/10/2010 11:47:24] Emission de programme: Programme 206 (2976839C 6)
I> [06/10/2010 11:49:15] Appel depuis la CN de: 2976863C
E> [06/10/2010 11:49:38] Erreur de réception. [Format de fichier illégal]
I> [06/10/2010 11:49:42] Le programme appelé depuis la CN est trouvé: C:\machines\T32 Bis\Programmes\FLOWSERVE\2976863C.MZK
I> [06/10/2010 11:49:42] Programmes dans les fichiers demandés: Programme 434 (2976863C), Programme 438 (2976863C)
I> [06/10/2010 11:49:53] Appel depuis la CN de: 2976863C
I> [06/10/2010 11:50:00] Le programme appelé depuis la CN est trouvé: C:\machines\T32 Bis\Programmes\FLOWSERVE\2976863C.MZK
I> [06/10/2010 11:50:00] Programmes dans les fichiers demandés: Programme 434 (2976863C), Programme 438 (2976863C)
I> [06/10/2010 11:50:01] Emission de programme: Programme 434 (2976863C)
I> [06/10/2010 11:50:17] Emission de programme: Programme 438 (2976863C)
I> [06/10/2010 11:51:40] Appel depuis la CN de: 2976862C
I> [06/10/2010 11:51:45] Le programme appelé depuis la CN est trouvé: C:\machines\T32 Bis\Programmes\FLOWSERVE\2976862C.MZK
I> [06/10/2010 11:51:45] Programmes dans les fichiers demandés: Programme 433 (2976862C), Programme 436 (2976862C)
I> [06/10/2010 11:51:49] Emission de programme: Programme 433 (2976862C)
I> [06/10/2010 11:52:05] Emission de programme: Programme 436 (2976862C)
