I> [06/10/2014 05:03:45] Port activé avec succès.
I> [06/10/2014 08:29:59] Appel depuis la CN de: 11270-01-01
I> [06/10/2014 08:30:04] Le programme appelé depuis la CN est trouvé: C:\machines\T32 Bis\Programmes\LA CALHENE\11270-01-01.MZK
I> [06/10/2014 08:30:04] Programmes dans les fichiers demandés: Programme 739 (11270-01-01), Programme 1438 (11270-01-01), Programme 1439 (11270-01-01)
I> [06/10/2014 08:30:14] Emission de programme: Programme 1438 (11270-01-01)
I> [06/10/2014 08:31:51] Emission de programme: Programme 1439 (11270-01-01)
I> [06/10/2014 08:34:34] Réception: programme 739 (11270-01-01)
I> [06/10/2014 08:35:00] Réception: programme 1438 (11270-01-01)
I> [06/10/2014 08:36:37] Réception: programme 1439 (11270-01-01)
I> [06/10/2014 08:36:52] Fichier reçu: C:\machines\T32 Bis\Programmes\11270-01-01.MZK
I> [06/10/2014 08:36:52] Programmes dans les fichiers demandés: Programme 739 (11270-01-01), Programme 1438 (11270-01-01), Programme 1439 (11270-01-01)
I> [06/10/2014 08:46:52] Appel depuis la CN de: 212700501
E> [06/10/2014 08:46:56] N'a pu émettre le fichier: C:\machines\T32 Bis\Programmes\11270-01-01.MZK [Le système ne peut pas lire le périphérique indiqué]
I> [06/10/2014 08:46:57] Le programme appelé depuis la CN est trouvé: C:\machines\T32 Bis\Programmes\LA CALHENE\212700501.MZK
I> [06/10/2014 08:46:57] Programmes dans les fichiers demandés: Programme 1463 (212700501), Programme 1464 (212700501), Programme 1465 (212700501), Programme 1466 (212700501), Programme 1467 (212700501)
I> [06/10/2014 08:47:02] Emission de programme: Programme 1463 (212700501)
I> [06/10/2014 08:47:35] Emission de programme: Programme 1464 (212700501)
I> [06/10/2014 08:48:03] Emission de programme: Programme 1465 (212700501)
I> [06/10/2014 08:48:55] Emission de programme: Programme 1466 (212700501)
I> [06/10/2014 08:49:24] Emission de programme: Programme 1467 (212700501)
