I> [06/12/2006 06:08:54] Réception: programme 4276 (4994484A)
I> [06/12/2006 06:09:00] Réception: programme 4278 (4994484A)
I> [06/12/2006 06:09:12] Réception: programme 4279 (4997784A)
I> [06/12/2006 06:09:22] Réception: programme 4287 (4994484A)
I> [06/12/2006 06:09:35] Réception: programme 4288 (4994484A)
I> [06/12/2006 06:09:52] Fichier reçu: C:\machines\T32\Programmes\4994484A.MZK
I> [06/12/2006 06:09:52] Programmes dans les fichiers demandés: Programme 4276 (4994484A), Programme 4278 (4994484A), Programme 4279 (4997784A), Programme 4287 (4994484A), Programme 4288 (4994484A)
I> [06/12/2006 10:59:47] Réception: programme 4277 (5992736A)
I> [06/12/2006 10:59:53] Réception: programme 4280 (5992736A)
I> [06/12/2006 11:00:04] Réception: programme 4281 (5992736A)
I> [06/12/2006 11:00:13] Réception: programme 4289 (5992736A)
I> [06/12/2006 11:00:22] Réception: programme 4290 (5992736A)
I> [06/12/2006 11:00:36] Fichier reçu: C:\machines\T32\Programmes\5992736A.MZK
I> [06/12/2006 11:00:36] Programmes dans les fichiers demandés: Programme 4277 (5992736A), Programme 4280 (5992736A), Programme 4281 (5992736A), Programme 4289 (5992736A), Programme 4290 (5992736A)
I> [06/12/2006 13:00:07] Réception: programme 4285 (5992598B)
I> [06/12/2006 13:00:19] Réception: programme 4286 (5992598B)
I> [06/12/2006 13:00:29] Réception: programme 4291 (5992598B)
I> [06/12/2006 13:00:38] Réception: programme 4292 (5992598B)
I> [06/12/2006 13:00:51] Fichier reçu: C:\machines\T32\Programmes\5992598B.MZK
I> [06/12/2006 13:00:51] Programmes dans les fichiers demandés: Programme 4285 (5992598B), Programme 4286 (5992598B), Programme 4291 (5992598B), Programme 4292 (5992598B)
I> [06/12/2006 13:17:36] Appel depuis la CN de: 4994484A
I> [06/12/2006 13:17:42] Le programme appelé depuis la CN est trouvé: C:\machines\T32\Programmes\DRESSER\4994484A.MZK
I> [06/12/2006 13:17:42] Programmes dans les fichiers demandés: Programme 4276 (4994484A), Programme 4278 (4994484A), Programme 4279 (4997784A), Programme 4287 (4994484A), Programme 4288 (4994484A)
I> [06/12/2006 13:18:32] Emission de programme: Programme 4287 (4994484A)
I> [06/12/2006 13:18:44] Emission de programme: Programme 4288 (4994484A)
I> [06/12/2006 16:44:53] Réception: programme 4282 (4990704A)
I> [06/12/2006 16:44:59] Réception: programme 4283 (4990704A)
I> [06/12/2006 16:45:12] Réception: programme 4284 (4990704A)
I> [06/12/2006 16:45:22] Réception: programme 4293 (4990704A)
I> [06/12/2006 16:45:36] Réception: programme 4294 (4990704A)
I> [06/12/2006 16:45:54] Fichier reçu: C:\machines\T32\Programmes\4990704A.MZK
I> [06/12/2006 16:45:54] Programmes dans les fichiers demandés: Programme 4282 (4990704A), Programme 4283 (4990704A), Programme 4284 (4990704A), Programme 4293 (4990704A), Programme 4294 (4990704A)
I> [06/12/2006 16:48:10] Appel depuis la CN de: 5992598B
I> [06/12/2006 16:48:16] Le programme appelé depuis la CN est trouvé: C:\machines\T32\Programmes\DRESSER\5992598B.MZK
I> [06/12/2006 16:48:16] Programmes dans les fichiers demandés: Programme 4285 (5992598B), Programme 4286 (5992598B), Programme 4291 (5992598B), Programme 4292 (5992598B)
I> [06/12/2006 16:48:27] Emission de programme: Programme 4285 (5992598B)
I> [06/12/2006 16:48:39] Emission de programme: Programme 4286 (5992598B)
I> [06/12/2006 16:48:49] Emission de programme: Programme 4291 (5992598B)
I> [06/12/2006 16:48:57] Emission de programme: Programme 4292 (5992598B)
I> [06/12/2006 16:53:06] Réception: programme 4285 (5992598B)
I> [06/12/2006 16:53:19] Réception: programme 4286 (5992598B)
I> [06/12/2006 16:53:28] Réception: programme 4291 (5992598B)
I> [06/12/2006 16:53:37] Réception: programme 4292 (5992598B)
I> [06/12/2006 16:53:51] Fichier reçu: C:\machines\T32\Programmes\5992598B.MZK
I> [06/12/2006 16:53:51] Programmes dans les fichiers demandés: Programme 4285 (5992598B), Programme 4286 (5992598B), Programme 4291 (5992598B), Programme 4292 (5992598B)
