I> [06/12/2010 05:16:28] Port activé avec succès.
I> [06/12/2010 08:19:30] Appel depuis la CN de: G1318A
E> [06/12/2010 08:19:35] N'a pu trouver le programme appelé depuis la CN: G1318A.MZK [Premier répertoire recherché : C:\machines\T32 Bis\Programmes]
E> [06/12/2010 08:19:35] N'a pu émettre le fichier. [Previous remote request failed.]
I> [06/12/2010 08:20:06] Appel depuis la CN de: GI318 A
E> [06/12/2010 08:20:11] N'a pu émettre le fichier. [Previous remote request failed.]
E> [06/12/2010 08:20:12] N'a pu trouver le programme appelé depuis la CN: GI318 A.MZK [Premier répertoire recherché : C:\machines\T32 Bis\Programmes]
E> [06/12/2010 08:20:13] N'a pu émettre le fichier. [Previous remote request failed.]
I> [06/12/2010 08:20:41] Appel depuis la CN de: GI318A
E> [06/12/2010 08:20:45] N'a pu émettre le fichier. [Previous remote request failed.]
I> [06/12/2010 08:20:46] Le programme appelé depuis la CN est trouvé: C:\machines\T32 Bis\Programmes\GI318A.MZK
I> [06/12/2010 08:20:46] Programmes dans les fichiers demandés: Programme 4636 (GI318A), Programme 4643 (GI318A)
I> [06/12/2010 08:22:43] Appel depuis la CN de: GI318A
I> [06/12/2010 08:22:48] Le programme appelé depuis la CN est trouvé: C:\machines\T32 Bis\Programmes\GI318A.MZK
I> [06/12/2010 08:22:48] Programmes dans les fichiers demandés: Programme 4636 (GI318A), Programme 4643 (GI318A)
I> [06/12/2010 08:22:57] Emission de programme: Programme 4636 (GI318A)
I> [06/12/2010 08:23:07] Emission de programme: Programme 4643 (GI318A)
I> [06/12/2010 08:25:51] Appel depuis la CN de: GI318 AF
E> [06/12/2010 08:25:56] N'a pu trouver le programme appelé depuis la CN: GI318 AF.MZK [Premier répertoire recherché : C:\machines\T32 Bis\Programmes]
E> [06/12/2010 08:26:06] N'a pu émettre le fichier. [Previous remote request failed.]
I> [06/12/2010 08:27:26] Appel depuis la CN de: GI 318AF
E> [06/12/2010 08:27:31] N'a pu émettre le fichier. [Previous remote request failed.]
I> [06/12/2010 08:27:31] Le programme appelé depuis la CN est trouvé: C:\machines\T32 Bis\Programmes\GI 318AF.MZK
I> [06/12/2010 08:27:31] Programmes dans les fichiers demandés: Programme 4651 (GI 318AF), Programme 4652 (GI 318AF)
I> [06/12/2010 08:27:45] Appel depuis la CN de: GI 318AF
I> [06/12/2010 08:27:52] Le programme appelé depuis la CN est trouvé: C:\machines\T32 Bis\Programmes\GI 318AF.MZK
I> [06/12/2010 08:27:52] Programmes dans les fichiers demandés: Programme 4651 (GI 318AF), Programme 4652 (GI 318AF)
I> [06/12/2010 08:27:54] Emission de programme: Programme 4651 (GI 318AF)
I> [06/12/2010 08:28:11] Emission de programme: Programme 4652 (GI 318AF)
I> [06/12/2010 18:19:04] Réception: programme 4651 (GI 318AF)
I> [06/12/2010 18:19:22] Réception: programme 4652 (GI 318AF)
I> [06/12/2010 18:19:46] Fichier reçu: C:\machines\T32 Bis\Programmes\GI 318AF.MZK
I> [06/12/2010 18:19:46] Programmes dans les fichiers demandés: Programme 4651 (GI 318AF), Programme 4652 (GI 318AF)
