I> [06/12/2011 06:08:54] Port activé avec succès.
I> [06/12/2011 08:49:37] Réception: programme 113 (0361550)
I> [06/12/2011 08:49:57] Réception: programme 114 (0361550)
I> [06/12/2011 08:50:07] Fichier reçu: C:\machines\T32 Bis\Programmes\0361550.MZK
I> [06/12/2011 08:50:07] Programmes dans les fichiers demandés: Programme 113 (0361550), Programme 114 (0361550)
I> [06/12/2011 09:02:30] Appel depuis la CN de: 0361550 02
I> [06/12/2011 09:02:35] Le programme appelé depuis la CN est trouvé: C:\machines\T32 Bis\Programmes\MECABOR\0361550 02.MZK
I> [06/12/2011 09:02:35] Programmes dans les fichiers demandés: Programme 113 (0361550), Programme 114 (0361550)
I> [06/12/2011 09:07:57] Appel depuis la CN de: 0361550 02
I> [06/12/2011 09:08:09] Le programme appelé depuis la CN est trouvé: C:\machines\T32 Bis\Programmes\MECABOR\0361550 02.MZK
I> [06/12/2011 09:08:09] Programmes dans les fichiers demandés: Programme 113 (0361550), Programme 114 (0361550)
I> [06/12/2011 09:08:22] Appel depuis la CN de: 0361550 02
I> [06/12/2011 09:08:31] Le programme appelé depuis la CN est trouvé: C:\machines\T32 Bis\Programmes\MECABOR\0361550 02.MZK
I> [06/12/2011 09:08:31] Programmes dans les fichiers demandés: Programme 113 (0361550), Programme 114 (0361550)
I> [06/12/2011 09:09:57] Appel depuis la CN de: 0361550
E> [06/12/2011 09:10:13] N'a pu trouver le programme appelé depuis la CN: 361550.MZK [Premier répertoire recherché : C:\machines\T32 Bis\Programmes]
I> [06/12/2011 09:10:16] Appel depuis la CN de: 0361550
E> [06/12/2011 09:10:20] N'a pu émettre le fichier. [Previous remote request failed.]
E> [06/12/2011 09:10:21] N'a pu trouver le programme appelé depuis la CN: 361550.MZK [Premier répertoire recherché : C:\machines\T32 Bis\Programmes]
E> [06/12/2011 09:10:22] N'a pu émettre le fichier. [Previous remote request failed.]
E> [06/12/2011 09:10:23] N'a pu émettre le fichier. [Previous remote request failed.]
I> [06/12/2011 09:10:34] Appel depuis la CN de: 0361550
E> [06/12/2011 09:10:38] N'a pu émettre le fichier. [Previous remote request failed.]
E> [06/12/2011 09:10:39] N'a pu trouver le programme appelé depuis la CN: 361550.MZK [Premier répertoire recherché : C:\machines\T32 Bis\Programmes]
E> [06/12/2011 09:10:39] N'a pu émettre le fichier. [Previous remote request failed.]
E> [06/12/2011 09:10:40] N'a pu émettre le fichier. [Previous remote request failed.]
E> [06/12/2011 09:10:40] N'a pu émettre le fichier. [Previous remote request failed.]
I> [06/12/2011 09:11:41] Appel depuis la CN de: 0361550
E> [06/12/2011 09:11:46] N'a pu émettre le fichier. [Previous remote request failed.]
E> [06/12/2011 09:11:46] N'a pu trouver le programme appelé depuis la CN: 361550.MZK [Premier répertoire recherché : C:\machines\T32 Bis\Programmes]
E> [06/12/2011 09:11:47] N'a pu émettre le fichier. [Previous remote request failed.]
E> [06/12/2011 09:11:47] N'a pu émettre le fichier. [Previous remote request failed.]
E> [06/12/2011 09:11:48] N'a pu émettre le fichier. [Previous remote request failed.]
E> [06/12/2011 09:11:48] N'a pu émettre le fichier. [Previous remote request failed.]
E> [06/12/2011 09:11:48] N'a pu émettre le fichier. [Previous remote request failed.]
E> [06/12/2011 09:11:48] N'a pu émettre le fichier. [Previous remote request failed.]
E> [06/12/2011 09:11:49] N'a pu émettre le fichier. [Previous remote request failed.]
E> [06/12/2011 09:11:49] N'a pu émettre le fichier. [Previous remote request failed.]
I> [06/12/2011 09:12:55] Appel depuis la CN de: 361550
E> [06/12/2011 09:13:00] N'a pu émettre le fichier. [Previous remote request failed.]
I> [06/12/2011 09:13:00] Le programme appelé depuis la CN est trouvé: C:\machines\T32 Bis\Programmes\MECABOR\361550.MZK
I> [06/12/2011 09:13:00] Programmes dans les fichiers demandés: Programme 113 (0361550), Programme 114 (0361550), Programme 357 (0361550)
I> [06/12/2011 09:13:17] Emission de programme: Programme 357 (0361550)
I> [06/12/2011 09:14:25] Réception: programme 113 (0361550)
I> [06/12/2011 09:14:45] Réception: programme 114 (0361550)
I> [06/12/2011 09:14:53] Réception: programme 357 (0361550)
I> [06/12/2011 09:15:14] Fichier reçu: C:\machines\T32 Bis\Programmes\0361550.MZK
I> [06/12/2011 09:15:14] Programmes dans les fichiers demandés: Programme 113 (0361550), Programme 114 (0361550), Programme 357 (0361550)
I> [06/12/2011 09:16:04] Réception: programme 113 (0361550 02)
I> [06/12/2011 09:16:24] Réception: programme 114 (0361550 02)
I> [06/12/2011 09:16:34] Fichier reçu: C:\machines\T32 Bis\Programmes\0361550 02.MZK
I> [06/12/2011 09:16:34] Programmes dans les fichiers demandés: Programme 113 (0361550 02), Programme 114 (0361550 02)
I> [06/12/2011 10:40:32] Port activé avec succès.
