I> [07/02/2017 05:04:17] Port activé avec succès.
I> [07/02/2017 08:04:33] Appel depuis la CN de: V16910B
E> [07/02/2017 08:04:38] N'a pu trouver le programme appelé depuis la CN: V16910B.MZK [Premier répertoire recherché : C:\machines\T32 Bis\Programmes]
E> [07/02/2017 08:04:41] N'a pu émettre le fichier. [Previous remote request failed.]
I> [07/02/2017 08:05:02] Appel depuis la CN de: V16910B
E> [07/02/2017 08:05:07] N'a pu trouver le programme appelé depuis la CN: V16910B.MZK [Premier répertoire recherché : C:\machines\T32 Bis\Programmes]
E> [07/02/2017 08:05:10] N'a pu émettre le fichier. [Previous remote request failed.]
I> [07/02/2017 08:07:03] Appel depuis la CN de: V16910A
I> [07/02/2017 08:07:08] Le programme appelé depuis la CN est trouvé: C:\machines\T32 Bis\Programmes\AMADA\V16910A.MZK
I> [07/02/2017 08:07:08] Programmes dans les fichiers demandés: Programme 1344 (V16910A)
I> [07/02/2017 08:07:38] Emission de programme: Programme 1344 (V16910A)
I> [07/02/2017 08:09:17] Réception: programme 1344 (V16910B)
I> [07/02/2017 08:09:33] Réception: programme 1583 (V16910B)
I> [07/02/2017 08:09:46] Réception: programme 1584 (V16910B)
I> [07/02/2017 08:09:54] Fichier reçu: C:\machines\T32 Bis\Programmes\V16910B.MZK
I> [07/02/2017 08:09:54] Programmes dans les fichiers demandés: Programme 1344 (V16910B), Programme 1583 (V16910B), Programme 1584 (V16910B)
I> [07/02/2017 08:20:50] Appel depuis la CN de: 30105300101
I> [07/02/2017 08:20:54] Le programme appelé depuis la CN est trouvé: C:\machines\T32 Bis\Programmes\30105300101.MZK
I> [07/02/2017 08:20:55] Programmes dans les fichiers demandés: Programme 6071 (30105300101), Programme 6072 (30105300101), Programme 6094 (30105300101), Programme 6095 (30105300101)
I> [07/02/2017 08:21:35] Emission de programme: Programme 6072 (30105300101)
I> [07/02/2017 08:21:54] Emission de programme: Programme 6094 (30105300101)
I> [07/02/2017 08:22:14] Emission de programme: Programme 6095 (30105300101)
I> [07/02/2017 13:09:30] Appel depuis la CN de: 112705501
I> [07/02/2017 13:09:38] Le programme appelé depuis la CN est trouvé: C:\machines\T32 Bis\Programmes\LA CALHENE\112705501.MZK
I> [07/02/2017 13:09:38] Programmes dans les fichiers demandés: Programme 1534 (112705501), Programme 1439 (112705501), Programme 1440 (112705501), Programme 1441 (112705501)
I> [07/02/2017 13:09:46] Emission de programme: Programme 1534 (112705501)
I> [07/02/2017 13:11:05] Emission de programme: Programme 1439 (112705501)
I> [07/02/2017 13:11:18] Emission de programme: Programme 1440 (112705501)
I> [07/02/2017 13:11:41] Emission de programme: Programme 1441 (112705501)
