I> [07/09/2018 15:29:39] Port série offline.
I> [07/09/2018 15:43:17] Port série offline.
I> [07/09/2018 15:44:18] Port arrêté.
I> [07/09/2018 15:45:43] Port série offline.
I> [07/09/2018 15:58:07] Port arrêté.
I> [07/09/2018 15:58:18] Port série offline.
I> [07/09/2018 15:59:07] Port arrêté.
I> [07/09/2018 15:59:11] Port série offline.
I> [07/09/2018 16:02:58] Port arrêté.
I> [07/09/2018 16:05:14] Port série offline.
I> [07/09/2018 16:11:46] Port arrêté.
I> [07/09/2018 16:13:08] Port série offline.
I> [07/09/2018 16:19:30] Port arrêté.
I> [07/09/2018 16:19:30] Port activé avec succès.
I> [07/09/2018 16:25:34] Port arrêté.
I> [07/09/2018 16:25:34] Port activé avec succès.
I> [07/09/2018 16:26:18] Port arrêté.
I> [07/09/2018 16:26:24] Port activé avec succès.
I> [07/09/2018 16:30:31] Appel depuis la CN de: 3920037A
I> [07/09/2018 16:30:36] Le programme appelé depuis la CN est trouvé: C:\machines\T32 Bis\Programmes\ERVOR\3920037A.MZK
I> [07/09/2018 16:30:36] Programmes dans les fichiers demandés: Programme 1616 (3920037A), Programme 1617 (3920037A), Programme 1618 (3920037A), Programme 1619 (3920037A), Programme 1620 (3920037A), Programme 1621 (3920037A), Programme 1622 (3920037A), Programme 1623 (3920037A)
I> [07/09/2018 16:31:17] Emission de programme: Programme 1616 (3920037A)
I> [07/09/2018 16:31:40] Emission de programme: Programme 1617 (3920037A)
I> [07/09/2018 16:37:37] Port arrêté.
I> [07/09/2018 16:37:42] Port activé avec succès.
