I> [07/07/2008 07:29:45] Port activé avec succès.
I> [07/07/2008 10:34:49] Appel depuis la CN de: 122700301E
I> [07/07/2008 10:34:54] Le programme appelé depuis la CN est trouvé: C:\machines\T32 Bis\Programmes\LA CALHENE\122700301E.MZK
I> [07/07/2008 10:34:54] Programmes dans les fichiers demandés: Programme 4410 (122700301E), Programme 4411 (122700301E), Programme 4412 (122700301E), Programme 4413 (122700301E), Programme 4414 (122700301E), Programme 4441 (122700301E), Programme 4443 (122700301E)
I> [07/07/2008 10:36:05] Appel depuis la CN de: 122700301E
I> [07/07/2008 10:36:10] Le programme appelé depuis la CN est trouvé: C:\machines\T32 Bis\Programmes\LA CALHENE\122700301E.MZK
I> [07/07/2008 10:36:10] Programmes dans les fichiers demandés: Programme 4410 (122700301E), Programme 4411 (122700301E), Programme 4412 (122700301E), Programme 4413 (122700301E), Programme 4414 (122700301E), Programme 4441 (122700301E), Programme 4443 (122700301E)
I> [07/07/2008 10:41:06] Appel depuis la CN de: 122700301E
I> [07/07/2008 10:41:13] Le programme appelé depuis la CN est trouvé: C:\machines\T32 Bis\Programmes\122700301E.MZK
I> [07/07/2008 10:41:14] Programmes dans les fichiers demandés: Programme 4410 (122700301E), Programme 4411 (122700301E), Programme 4412 (122700301E), Programme 4413 (122700301E), Programme 4414 (122700301E), Programme 4441 (122700301E), Programme 4443 (122700301E)
I> [07/07/2008 10:48:19] Appel depuis la CN de: 122700301E
I> [07/07/2008 10:48:24] Le programme appelé depuis la CN est trouvé: C:\machines\T32 Bis\Programmes\LA CALHENE\122700301E.MZK
I> [07/07/2008 10:48:24] Programmes dans les fichiers demandés: Programme 4410 (122700301E), Programme 4411 (122700301E), Programme 4412 (122700301E), Programme 4413 (122700301E), Programme 4414 (122700301E), Programme 4441 (122700301E), Programme 4443 (122700301E)
I> [07/07/2008 10:48:29] Emission de programme: Programme 4410 (122700301E)
I> [07/07/2008 10:48:40] Emission de programme: Programme 4411 (122700301E)
I> [07/07/2008 10:48:53] Emission de programme: Programme 4412 (122700301E)
I> [07/07/2008 10:49:22] Emission de programme: Programme 4413 (122700301E)
I> [07/07/2008 10:49:47] Emission de programme: Programme 4414 (122700301E)
I> [07/07/2008 10:50:02] Emission de programme: Programme 4441 (122700301E)
I> [07/07/2008 10:50:08] Emission de programme: Programme 4443 (122700301E)
E> [07/07/2008 10:53:42] Transmission avortée. [Délai de réponse dépassé, interruption de la transmission]
