I> [07/09/2009 05:16:12] Port activé avec succès.
I> [07/09/2009 10:23:12] Réception: programme 663 (FTD20D17111)
I> [07/09/2009 10:23:21] Réception: programme 664 (FTD20D17111)
I> [07/09/2009 10:23:39] Réception: programme 665 (FTD20D17111)
I> [07/09/2009 10:24:16] Fichier reçu: C:\machines\T32 Bis\Programmes\FTD20D17111.MZK
I> [07/09/2009 10:24:16] Programmes dans les fichiers demandés: Programme 663 (FTD20D17111), Programme 664 (FTD20D17111), Programme 665 (FTD20D17111)
I> [07/09/2009 10:26:05] Appel depuis la CN de: FTD20D17111
E> [07/09/2009 10:26:10] N'a pu émettre le fichier: C:\machines\T32 Bis\Programmes\FTD20D17111.MZK [Le système ne peut pas lire le périphérique indiqué]
I> [07/09/2009 10:26:11] Le programme appelé depuis la CN est trouvé: C:\machines\T32 Bis\Programmes\MECABOR\FTD20D17111.MZK
I> [07/09/2009 10:26:11] Programmes dans les fichiers demandés: Programme 663 (FTD20D17111), Programme 664 (FTD20D17111), Programme 665 (FTD20D17111)
I> [07/09/2009 10:26:17] Appel depuis la CN de: FTD20D17111
I> [07/09/2009 10:26:25] Le programme appelé depuis la CN est trouvé: C:\machines\T32 Bis\Programmes\MECABOR\FTD20D17111.MZK
I> [07/09/2009 10:26:25] Programmes dans les fichiers demandés: Programme 663 (FTD20D17111), Programme 664 (FTD20D17111), Programme 665 (FTD20D17111)
I> [07/09/2009 10:41:06] Appel depuis la CN de: 2976836D
I> [07/09/2009 10:41:11] Le programme appelé depuis la CN est trouvé: C:\machines\T32 Bis\Programmes\FLOWSERVE\2976836D.MZK
I> [07/09/2009 10:41:11] Programmes dans les fichiers demandés: Programme 126 (2976836D), Programme 129 (2976836D)
I> [07/09/2009 10:42:16] Appel depuis la CN de: 2976841D
I> [07/09/2009 10:42:23] Le programme appelé depuis la CN est trouvé: C:\machines\T32 Bis\Programmes\FLOWSERVE\2976841D.MZK
I> [07/09/2009 10:42:23] Programmes dans les fichiers demandés: Programme 126 (2976841D), Programme 163 (2976841D)
I> [07/09/2009 10:42:31] Appel depuis la CN de: 2976841D
I> [07/09/2009 10:42:36] Le programme appelé depuis la CN est trouvé: C:\machines\T32 Bis\Programmes\FLOWSERVE\2976841D.MZK
I> [07/09/2009 10:42:36] Programmes dans les fichiers demandés: Programme 126 (2976841D), Programme 163 (2976841D)
I> [07/09/2009 10:42:44] Emission de programme: Programme 126 (2976841D)
I> [07/09/2009 10:42:57] Emission de programme: Programme 163 (2976841D)
I> [07/09/2009 10:43:35] Appel depuis la CN de: 2976326D
I> [07/09/2009 10:43:40] Le programme appelé depuis la CN est trouvé: C:\machines\T32 Bis\Programmes\FLOWSERVE\2976326D.MZK
I> [07/09/2009 10:43:40] Programmes dans les fichiers demandés: Programme 633 (2976326D), Programme 634 (2976326D)
I> [07/09/2009 10:43:51] Emission de programme: Programme 633 (2976326D)
I> [07/09/2009 10:44:06] Emission de programme: Programme 634 (2976326D)
I> [07/09/2009 12:43:17] Appel depuis la CN de: 2976326D
I> [07/09/2009 12:43:22] Le programme appelé depuis la CN est trouvé: C:\machines\T32 Bis\Programmes\FLOWSERVE\2976326D.MZK
I> [07/09/2009 12:43:22] Programmes dans les fichiers demandés: Programme 633 (2976326D), Programme 634 (2976326D)
I> [07/09/2009 12:43:29] Emission de programme: Programme 633 (2976326D)
