I> [07/02/2008 12:07:38] Appel depuis la CN de: 223147
I> [07/02/2008 12:07:46] Le programme appelé depuis la CN est trouvé: C:\machines\T32 Bis\Programmes\DRESSER\223147.MZK
I> [07/02/2008 12:07:46] Programmes dans les fichiers demandés: Programme 3874 (223147), Programme 3875 (223147), Programme 3876 (223147), Programme 3877 (223147)
I> [07/02/2008 12:07:53] Appel depuis la CN de: 223147
I> [07/02/2008 12:08:01] Le programme appelé depuis la CN est trouvé: C:\machines\T32 Bis\Programmes\DRESSER\223147.MZK
I> [07/02/2008 12:08:01] Programmes dans les fichiers demandés: Programme 3874 (223147), Programme 3875 (223147), Programme 3876 (223147), Programme 3877 (223147)
I> [07/02/2008 12:08:02] Emission de programme: Programme 3874 (223147)
I> [07/02/2008 12:08:10] Emission de programme: Programme 3875 (223147)
I> [07/02/2008 12:08:16] Emission de programme: Programme 3876 (223147)
I> [07/02/2008 12:08:24] Emission de programme: Programme 3877 (223147)
I> [07/02/2008 14:50:47] Réception: programme 140 (223147)
I> [07/02/2008 14:50:54] Réception: programme 141 (223147)
I> [07/02/2008 14:51:01] Réception: programme 142 (223147)
I> [07/02/2008 14:51:09] Réception: programme 143 (223147)
I> [07/02/2008 14:51:19] Fichier reçu: C:\machines\T32 Bis\Programmes\223147.MZK
I> [07/02/2008 14:51:19] Programmes dans les fichiers demandés: Programme 140 (223147), Programme 141 (223147), Programme 142 (223147), Programme 143 (223147)
I> [07/02/2008 20:27:57] Réception: programme 144 (75353B)
I> [07/02/2008 20:28:11] Réception: programme 145 (75353B)
I> [07/02/2008 20:28:19] Fichier reçu: C:\machines\T32 Bis\Programmes\75353B.MZK
I> [07/02/2008 20:28:19] Programmes dans les fichiers demandés: Programme 144 (75353B), Programme 145 (75353B)
I> [07/02/2008 20:33:16] Appel depuis la CN de: 3T01329314A
I> [07/02/2008 20:33:21] Le programme appelé depuis la CN est trouvé: C:\machines\T32 Bis\Programmes\TECHVAL\3T01329314A.MZK
I> [07/02/2008 20:33:21] Programmes dans les fichiers demandés: Programme 3546 (3T01329314A)
I> [07/02/2008 20:35:32] Emission de programme: Programme 3546 (3T01329314A)
