I> [07/03/2007 08:16:38] Réception: programme 4382 (3986311A 5)
I> [07/03/2007 08:16:49] Réception: programme 4383 (3986311A 5)
I> [07/03/2007 08:17:10] Réception: programme 4384 (3986311A 5)
I> [07/03/2007 08:17:18] Fichier reçu: C:\machines\T32\Programmes\3986311A 5.MZK
I> [07/03/2007 08:17:18] Programmes dans les fichiers demandés: Programme 4382 (3986311A 5), Programme 4383 (3986311A 5), Programme 4384 (3986311A 5)
I> [07/03/2007 08:20:23] Appel depuis la CN de: 359801
E> [07/03/2007 08:20:29] N'a pu émettre le fichier: C:\machines\T32\Programmes\3986311A 5.MZK [Le système ne peut pas lire le périphérique indiqué]
I> [07/03/2007 08:20:29] Le programme appelé depuis la CN est trouvé: C:\machines\T32\Programmes\TOKHEIM\359801.MZK
I> [07/03/2007 08:20:29] Programmes dans les fichiers demandés: Programme 4138 (359801)
I> [07/03/2007 08:20:43] Emission de programme: Programme 4138 (359801)
I> [07/03/2007 11:28:01] Appel depuis la CN de: 82844B
I> [07/03/2007 11:28:07] Le programme appelé depuis la CN est trouvé: C:\machines\T32\Programmes\SMTA\82844B.MZK
I> [07/03/2007 11:28:07] Programmes dans les fichiers demandés: Programme 4343 (82844B), Programme 4344 (82844B), Programme 4345 (82844B), Programme 4346 (82844B), Programme 4347 (82844B), Programme 4348 (82844B), Programme 4355 (82844B), Programme 4356 (82844B)
I> [07/03/2007 11:28:20] Emission de programme: Programme 4355 (82844B)
I> [07/03/2007 11:28:29] Emission de programme: Programme 4356 (82844B)
I> [07/03/2007 16:00:52] Appel depuis la CN de: 83766B
I> [07/03/2007 16:00:58] Le programme appelé depuis la CN est trouvé: C:\machines\T32\Programmes\SMTA\83766B.MZK
I> [07/03/2007 16:00:58] Programmes dans les fichiers demandés: Programme 4380 (83766B), Programme 4381 (83766B)
I> [07/03/2007 16:01:13] Emission de programme: Programme 4380 (83766B)
I> [07/03/2007 16:01:26] Emission de programme: Programme 4381 (83766B)
I> [07/03/2007 16:12:31] Réception: programme 4380 (83766B)
I> [07/03/2007 16:12:44] Réception: programme 4381 (83766B)
I> [07/03/2007 16:12:56] Réception: programme 4385 (83766B)
I> [07/03/2007 16:13:05] Réception: programme 4386 (83766B)
I> [07/03/2007 16:13:16] Fichier reçu: C:\machines\T32\Programmes\83766B.MZK
I> [07/03/2007 16:13:16] Programmes dans les fichiers demandés: Programme 4380 (83766B), Programme 4381 (83766B), Programme 4385 (83766B), Programme 4386 (83766B)
I> [07/03/2007 16:21:37] Appel depuis la CN de: 113500101M
I> [07/03/2007 16:21:44] Le programme appelé depuis la CN est trouvé: C:\machines\T32\Programmes\LA CALHENE\113500101M.MZK
I> [07/03/2007 16:21:44] Programmes dans les fichiers demandés: Programme 4357 (113500101M), Programme 4359 (113500101M)
I> [07/03/2007 16:22:14] Emission de programme: Programme 4357 (113500101M)
I> [07/03/2007 16:22:36] Emission de programme: Programme 4359 (113500101M)
