I> [07/04/2010 07:38:07] Port activé avec succès.
I> [07/04/2010 10:30:29] Appel depuis la CN de: BA303
E> [07/04/2010 10:30:35] N'a pu émettre le fichier: C:\machines\T32 Bis\Programmes\D70-D60-D50.MZK [Le système ne peut pas lire le périphérique indiqué]
E> [07/04/2010 10:30:36] N'a pu trouver le programme appelé depuis la CN: BA303.MZK [Premier répertoire recherché : C:\machines\T32 Bis\Programmes]
I> [07/04/2010 10:30:41] Appel depuis la CN de: BA303
E> [07/04/2010 10:30:47] N'a pu émettre le fichier. [Previous remote request failed.]
E> [07/04/2010 10:30:47] N'a pu trouver le programme appelé depuis la CN: BA303.MZK [Premier répertoire recherché : C:\machines\T32 Bis\Programmes]
I> [07/04/2010 10:31:06] Appel depuis la CN de: BA 303
E> [07/04/2010 10:31:12] N'a pu émettre le fichier. [Previous remote request failed.]
I> [07/04/2010 10:31:12] Le programme appelé depuis la CN est trouvé: C:\machines\T32 Bis\Programmes\MECAMARC\BA 303.MZK
I> [07/04/2010 10:31:13] Programmes dans les fichiers demandés: Programme 222 (BA 303), Programme 223 (BA 303), Programme 224 (BA 303), Programme 225 (BA 303), Programme 226 (BA 303), Programme 371 (BA 303), Programme 372 (BA 303), Programme 373 (BA 303)
I> [07/04/2010 10:31:17] Appel depuis la CN de: BA 303
I> [07/04/2010 10:31:26] Le programme appelé depuis la CN est trouvé: C:\machines\T32 Bis\Programmes\MECAMARC\BA 303.MZK
I> [07/04/2010 10:31:26] Programmes dans les fichiers demandés: Programme 222 (BA 303), Programme 223 (BA 303), Programme 224 (BA 303), Programme 225 (BA 303), Programme 226 (BA 303), Programme 371 (BA 303), Programme 372 (BA 303), Programme 373 (BA 303)
I> [07/04/2010 10:31:46] Emission de programme: Programme 222 (BA 303)
I> [07/04/2010 10:31:54] Emission de programme: Programme 223 (BA 303)
I> [07/04/2010 10:32:01] Emission de programme: Programme 224 (BA 303)
I> [07/04/2010 10:32:09] Emission de programme: Programme 225 (BA 303)
I> [07/04/2010 10:32:19] Emission de programme: Programme 226 (BA 303)
I> [07/04/2010 10:32:30] Emission de programme: Programme 371 (BA 303)
I> [07/04/2010 10:32:51] Emission de programme: Programme 372 (BA 303)
E> [07/04/2010 10:36:34] Transmission avortée. [Délai de réponse dépassé, interruption de la transmission]
I> [07/04/2010 12:09:03] Port arrêté.
I> [07/04/2010 12:09:07] Port activé avec succès.
I> [07/04/2010 12:16:26] Port activé avec succès.
I> [07/04/2010 13:34:10] Réception: programme 67 (30270300101)
I> [07/04/2010 13:34:24] Réception: programme 68 (30270300101)
I> [07/04/2010 13:34:43] Réception: programme 70 (30270300101)
I> [07/04/2010 13:35:06] Réception: programme 71 (30270300101)
I> [07/04/2010 13:36:01] Réception: programme 261 (30270300101)
I> [07/04/2010 13:36:05] Réception: programme 827 (30270300101)
I> [07/04/2010 13:36:31] Fichier reçu: C:\machines\T32 Bis\Programmes\30270300101.MZK
I> [07/04/2010 13:36:31] Programmes dans les fichiers demandés: Programme 67 (30270300101), Programme 68 (30270300101), Programme 70 (30270300101), Programme 71 (30270300101), Programme 261 (30270300101), Programme 827 (30270300101)
I> [07/04/2010 13:41:31] Appel depuis la CN de: 30350300101
E> [07/04/2010 13:41:37] N'a pu émettre le fichier: C:\machines\T32 Bis\Programmes\30270300101.MZK [Le système ne peut pas lire le périphérique indiqué]
I> [07/04/2010 13:41:38] Le programme appelé depuis la CN est trouvé: C:\machines\T32 Bis\Programmes\LA CALHENE\30350300101.MZK
I> [07/04/2010 13:41:38] Programmes dans les fichiers demandés: Programme 3539 (30350300101), Programme 4085 (30350300101), Programme 4086 (30350300101), Programme 4089 (30350300101)
I> [07/04/2010 13:41:44] Appel depuis la CN de: 30350300101
I> [07/04/2010 13:41:52] Le programme appelé depuis la CN est trouvé: C:\machines\T32 Bis\Programmes\LA CALHENE\30350300101.MZK
I> [07/04/2010 13:41:53] Programmes dans les fichiers demandés: Programme 3539 (30350300101), Programme 4085 (30350300101), Programme 4086 (30350300101), Programme 4089 (30350300101)
I> [07/04/2010 13:42:08] Emission de programme: Programme 3539 (30350300101)
I> [07/04/2010 13:42:20] Emission de programme: Programme 4085 (30350300101)
I> [07/04/2010 13:42:41] Emission de programme: Programme 4086 (30350300101)
I> [07/04/2010 13:43:08] Emission de programme: Programme 4089 (30350300101)
I> [07/04/2010 13:44:12] Emission de programme: Programme 4089 (30350300101)
I> [07/04/2010 13:45:57] Emission de programme: Programme 4089 (30350300101)
I> [07/04/2010 20:08:52] Appel depuis la CN de: 4802907A
I> [07/04/2010 20:08:58] Le programme appelé depuis la CN est trouvé: C:\machines\T32 Bis\Programmes\FLOWSERVE\4802907A.MZK
I> [07/04/2010 20:08:58] Programmes dans les fichiers demandés: Programme 84 (4802907A), Programme 85 (4802907A)
I> [07/04/2010 20:09:13] Emission de programme: Programme 84 (4802907A)
I> [07/04/2010 20:09:45] Emission de programme: Programme 84 (4802907A)
I> [07/04/2010 20:10:33] Emission de programme: Programme 84 (4802907A)
I> [07/04/2010 20:10:52] Emission de programme: Programme 84 (4802907A)
I> [07/04/2010 20:12:41] Emission de programme: Programme 84 (4802907A)
I> [07/04/2010 20:12:52] Emission de programme: Programme 85 (4802907A)
I> [07/04/2010 20:13:30] Appel depuis la CN de: 4802727B
I> [07/04/2010 20:13:37] Le programme appelé depuis la CN est trouvé: C:\machines\T32 Bis\Programmes\FLOWSERVE\4802727B.MZK
I> [07/04/2010 20:13:37] Programmes dans les fichiers demandés: Programme 86 (4802727B), Programme 87 (4802727B)
I> [07/04/2010 20:14:05] Emission de programme: Programme 86 (4802727B)
I> [07/04/2010 20:14:16] Emission de programme: Programme 87 (4802727B)
