I> [07/09/2017 05:47:32] Port activé avec succès.
I> [07/09/2017 07:06:14] Réception: programme 1594 (246677002B)
I> [07/09/2017 07:06:25] Réception: programme 1597 (246677002B)
I> [07/09/2017 07:06:34] Fichier reçu: C:\machines\T32 Bis\Programmes\246677002B.MZK
I> [07/09/2017 07:06:34] Programmes dans les fichiers demandés: Programme 1594 (246677002B), Programme 1597 (246677002B)
I> [07/09/2017 07:10:43] Réception: programme 1594 (246677002B)
I> [07/09/2017 07:10:54] Réception: programme 1597 (246677002B)
I> [07/09/2017 07:11:03] Fichier reçu: C:\machines\T32 Bis\Programmes\246677002B.MZK
I> [07/09/2017 07:11:03] Programmes dans les fichiers demandés: Programme 1594 (246677002B), Programme 1597 (246677002B)
I> [07/09/2017 07:14:19] Réception: programme 1595 (246677001B)
I> [07/09/2017 07:14:29] Réception: programme 1596 (246677001B)
I> [07/09/2017 07:14:39] Fichier reçu: C:\machines\T32 Bis\Programmes\246677001B.MZK
I> [07/09/2017 07:14:39] Programmes dans les fichiers demandés: Programme 1595 (246677001B), Programme 1596 (246677001B)
I> [07/09/2017 07:24:47] Appel depuis la CN de: 121900401G
I> [07/09/2017 07:24:51] Le programme appelé depuis la CN est trouvé: C:\machines\T32 Bis\Programmes\121900401G.MZK
I> [07/09/2017 07:24:52] Programmes dans les fichiers demandés: Programme 4424 (121900401G), Programme 4425 (121900401G), Programme 4426 (121900401G), Programme 4427 (121900401G), Programme 4442 (121900401G), Programme 4452 (121900401G), Programme 5502 (121900401G), Programme 5503 (121900401G)
I> [07/09/2017 07:36:00] Appel depuis la CN de: 121900401H
I> [07/09/2017 07:36:05] Le programme appelé depuis la CN est trouvé: C:\machines\T32 Bis\Programmes\LA CALHENE\121900401H.MZK
I> [07/09/2017 07:36:05] Programmes dans les fichiers demandés: Programme 21 (121900401H), Programme 22 (121900401H), Programme 23 (121900401H), Programme 24 (121900401H), Programme 1025 (121900401H), Programme 1027 (121900401H)
I> [07/09/2017 07:37:04] Emission de programme: Programme 21 (121900401H)
I> [07/09/2017 07:37:11] Emission de programme: Programme 22 (121900401H)
I> [07/09/2017 08:06:27] Appel depuis la CN de: 12190-04-01
I> [07/09/2017 08:06:59] Appel depuis la CN de: 12190-04-01
I> [07/09/2017 08:07:07] Le programme appelé depuis la CN est trouvé: C:\machines\T32 Bis\Programmes\12190-04-01.MZK
I> [07/09/2017 08:07:07] Programmes dans les fichiers demandés: Programme 9, Données d'outil, Programme 9, Données d'outil, Programme 22, Données d'outil, Programme 24, Données d'outil, Programme 7, Données d'outil, Programme 4, Données d'outil
I> [07/09/2017 08:08:43] Appel depuis la CN de: 12190-04-01
I> [07/09/2017 08:08:47] Le programme appelé depuis la CN est trouvé: C:\machines\T32 Bis\Programmes\12190-04-01.MZK
I> [07/09/2017 08:08:47] Programmes dans les fichiers demandés: Programme 9, Données d'outil, Programme 9, Données d'outil, Programme 22, Données d'outil, Programme 24, Données d'outil, Programme 7, Données d'outil, Programme 4, Données d'outil
I> [07/09/2017 08:13:54] Appel depuis la CN de: 12190-04-01
I> [07/09/2017 08:13:58] Le programme appelé depuis la CN est trouvé: C:\machines\T32 Bis\Programmes\12190-04-01.MZK
I> [07/09/2017 08:13:58] Programmes dans les fichiers demandés: Programme 9, Données d'outil, Programme 9, Données d'outil, Programme 22, Données d'outil, Programme 24, Données d'outil, Programme 7, Données d'outil, Programme 4, Données d'outil
E> [07/09/2017 08:17:54] Transmission avortée. [Délai de réponse dépassé, interruption de la transmission]
I> [07/09/2017 08:37:22] Appel depuis la CN de: 12190-04-01
I> [07/09/2017 08:37:27] Le programme appelé depuis la CN est trouvé: C:\machines\T32 Bis\Programmes\12190-04-01.MZK
I> [07/09/2017 08:37:27] Programmes dans les fichiers demandés: Programme 9, Données d'outil, Programme 9, Données d'outil, Programme 22, Données d'outil, Programme 24, Données d'outil, Programme 7, Données d'outil, Programme 4, Données d'outil
I> [07/09/2017 08:37:35] Emission de programme: Programme 9
I> [07/09/2017 08:37:37] Emission de programme: Données d'outil
I> [07/09/2017 08:37:38] Emission de programme: Programme 9
I> [07/09/2017 08:37:41] Emission de programme: Données d'outil
I> [07/09/2017 08:37:42] Emission de programme: Programme 22
I> [07/09/2017 08:37:46] Emission de programme: Données d'outil
I> [07/09/2017 08:37:47] Emission de programme: Programme 24
I> [07/09/2017 08:37:53] Emission de programme: Données d'outil
I> [07/09/2017 08:37:54] Emission de programme: Programme 7
I> [07/09/2017 08:37:56] Emission de programme: Données d'outil
I> [07/09/2017 08:37:57] Emission de programme: Programme 4
I> [07/09/2017 08:37:58] Emission de programme: Données d'outil
I> [07/09/2017 11:28:32] Appel depuis la CN de: 121900401
E> [07/09/2017 11:28:37] N'a pu trouver le programme appelé depuis la CN: 121900401.MZK [Premier répertoire recherché : C:\machines\T32 Bis\Programmes]
E> [07/09/2017 11:28:39] N'a pu émettre le fichier. [Previous remote request failed.]
I> [07/09/2017 11:41:33] Appel depuis la CN de: 121900401G
I> [07/09/2017 11:41:38] Le programme appelé depuis la CN est trouvé: C:\machines\T32 Bis\Programmes\121900401G.MZK
I> [07/09/2017 11:41:38] Programmes dans les fichiers demandés: Programme 4424 (121900401G), Programme 4425 (121900401G), Programme 4426 (121900401G), Programme 4427 (121900401G), Programme 4442 (121900401G), Programme 4452 (121900401G), Programme 5502 (121900401G), Programme 5503 (121900401G)
I> [07/09/2017 11:41:49] Emission de programme: Programme 4424 (121900401G)
I> [07/09/2017 11:42:02] Emission de programme: Programme 4425 (121900401G)
I> [07/09/2017 11:42:15] Emission de programme: Programme 4426 (121900401G)
I> [07/09/2017 11:42:56] Emission de programme: Programme 4427 (121900401G)
I> [07/09/2017 11:43:18] Emission de programme: Programme 4442 (121900401G)
I> [07/09/2017 11:43:24] Emission de programme: Programme 4452 (121900401G)
I> [07/09/2017 11:43:28] Emission de programme: Programme 5502 (121900401G)
I> [07/09/2017 11:43:51] Emission de programme: Programme 5503 (121900401G)
I> [07/09/2017 18:04:33] Appel depuis la CN de: 121900401G
I> [07/09/2017 18:04:40] Le programme appelé depuis la CN est trouvé: C:\machines\T32 Bis\Programmes\121900401G.MZK
I> [07/09/2017 18:04:41] Programmes dans les fichiers demandés: Programme 4424 (121900401G), Programme 4425 (121900401G), Programme 4426 (121900401G), Programme 4427 (121900401G), Programme 4442 (121900401G), Programme 4452 (121900401G), Programme 5502 (121900401G), Programme 5503 (121900401G)
I> [07/09/2017 18:04:55] Emission de programme: Programme 4424 (121900401G)
I> [07/09/2017 18:12:17] Emission de programme: Programme 4424 (121900401G)
