I> [07/02/2018 04:49:51] Port activé avec succès.
I> [07/02/2018 04:53:33] Appel depuis la CN de: 11270-01-01
I> [07/02/2018 04:53:38] Le programme appelé depuis la CN est trouvé: C:\machines\T32 Bis\Programmes\LA CALHENE\11270-01-01.MZK
I> [07/02/2018 04:53:38] Programmes dans les fichiers demandés: Programme 739 (11270-01-01), Programme 1438 (11270-01-01), Programme 1439 (11270-01-01)
I> [07/02/2018 04:53:52] Emission de programme: Programme 739 (11270-01-01)
I> [07/02/2018 04:54:18] Emission de programme: Programme 1438 (11270-01-01)
I> [07/02/2018 04:59:06] Appel depuis la CN de: 11270-01-01
I> [07/02/2018 04:59:13] Le programme appelé depuis la CN est trouvé: C:\machines\T32 Bis\Programmes\LA CALHENE\11270-01-01.MZK
I> [07/02/2018 04:59:13] Programmes dans les fichiers demandés: Programme 739 (11270-01-01), Programme 1438 (11270-01-01), Programme 1439 (11270-01-01)
I> [07/02/2018 04:59:27] Emission de programme: Programme 1438 (11270-01-01)
I> [07/02/2018 05:01:05] Emission de programme: Programme 1439 (11270-01-01)
I> [07/02/2018 05:04:53] Appel depuis la CN de: 11270-55-01
I> [07/02/2018 05:04:57] Le programme appelé depuis la CN est trouvé: C:\machines\T32 Bis\Programmes\LA CALHENE\11270-55-01.MZK
I> [07/02/2018 05:04:58] Programmes dans les fichiers demandés: Programme 1438 (11270-55-01), Programme 1439 (11270-55-01), Programme 1440 (11270-55-01), Programme 1441 (11270-55-01)
I> [07/02/2018 05:06:30] Appel depuis la CN de: 112705501
I> [07/02/2018 05:06:34] Le programme appelé depuis la CN est trouvé: C:\machines\T32 Bis\Programmes\LA CALHENE\112705501.MZK
I> [07/02/2018 05:06:35] Programmes dans les fichiers demandés: Programme 1534 (112705501), Programme 1439 (112705501), Programme 1440 (112705501), Programme 1441 (112705501)
I> [07/02/2018 05:06:52] Appel depuis la CN de: 112705501
I> [07/02/2018 05:06:57] Le programme appelé depuis la CN est trouvé: C:\machines\T32 Bis\Programmes\LA CALHENE\112705501.MZK
I> [07/02/2018 05:06:57] Programmes dans les fichiers demandés: Programme 1534 (112705501), Programme 1439 (112705501), Programme 1440 (112705501), Programme 1441 (112705501)
I> [07/02/2018 05:07:44] Emission de programme: Programme 1534 (112705501)
I> [07/02/2018 05:09:58] Appel depuis la CN de: 112705501
I> [07/02/2018 05:10:02] Le programme appelé depuis la CN est trouvé: C:\machines\T32 Bis\Programmes\LA CALHENE\112705501.MZK
I> [07/02/2018 05:10:02] Programmes dans les fichiers demandés: Programme 1534 (112705501), Programme 1439 (112705501), Programme 1440 (112705501), Programme 1441 (112705501)
I> [07/02/2018 05:10:18] Emission de programme: Programme 1534 (112705501)
I> [07/02/2018 05:11:36] Emission de programme: Programme 1439 (112705501)
I> [07/02/2018 12:17:27] Port activé avec succès.
I> [07/02/2018 12:26:20] Appel depuis la CN de: 121900101K1
I> [07/02/2018 12:26:38] Le programme appelé depuis la CN est trouvé: C:\machines\T32 Bis\Programmes\121900101K1.MZK
I> [07/02/2018 12:26:38] Programmes dans les fichiers demandés: Programme 6704 (121900101K1), Programme 6705 (121900101K1), Programme 6706 (121900101KI), Programme 6707 (121900101K1), Programme 6708 (121900101K1), Programme 6709 (121900101K1)
I> [07/02/2018 12:27:36] Appel depuis la CN de: 121900101K1
I> [07/02/2018 12:27:41] Le programme appelé depuis la CN est trouvé: C:\machines\T32 Bis\Programmes\121900101K1.MZK
I> [07/02/2018 12:27:41] Programmes dans les fichiers demandés: Programme 6704 (121900101K1), Programme 6705 (121900101K1), Programme 6706 (121900101KI), Programme 6707 (121900101K1), Programme 6708 (121900101K1), Programme 6709 (121900101K1)
I> [07/02/2018 12:29:35] Emission de programme: Programme 6706 (121900101KI)
I> [07/02/2018 12:29:52] Emission de programme: Programme 6707 (121900101K1)
I> [07/02/2018 12:38:35] Appel depuis la CN de: 121900101Q
I> [07/02/2018 12:38:40] Le programme appelé depuis la CN est trouvé: C:\machines\T32 Bis\Programmes\121900101Q.MZK
I> [07/02/2018 12:38:40] Programmes dans les fichiers demandés: Programme 5199 (121900101Q), Programme 5217 (121900101Q), Programme 5227 (121900101Q), Programme 5228 (121900101Q), Programme 5229 (121900101Q), Programme 5230 (121900101Q), Programme 5231 (121900101Q), Programme 5232 (121900101Q), Programme 5440 (121900101Q), Programme 5441 (121900101Q)
I> [07/02/2018 12:43:03] Emission de programme: Programme 5229 (121900101Q)
I> [07/02/2018 12:43:21] Emission de programme: Programme 5230 (121900101Q)
I> [07/02/2018 14:25:30] Port activé avec succès.
