I> [07/04/2015 06:50:50] Port activé avec succès.
I> [07/04/2015 06:50:52] Appel depuis la CN de: 652000F
I> [07/04/2015 06:50:57] Le programme appelé depuis la CN est trouvé: C:\machines\T32 Bis\Programmes\LA CALHENE\652000F.MZK
I> [07/04/2015 06:50:57] Programmes dans les fichiers demandés: Programme 273 (652000F), Programme 262 (652000F), Programme 263 (652000F), Programme 264 (652000F), Programme 265 (652000F)
I> [07/04/2015 06:51:08] Emission de programme: Programme 273 (652000F)
I> [07/04/2015 06:51:16] Emission de programme: Programme 262 (652000F)
I> [07/04/2015 06:51:26] Emission de programme: Programme 263 (652000F)
I> [07/04/2015 06:51:34] Emission de programme: Programme 264 (652000F)
I> [07/04/2015 06:53:57] Appel depuis la CN de: 652000F
I> [07/04/2015 06:54:02] Le programme appelé depuis la CN est trouvé: C:\machines\T32 Bis\Programmes\LA CALHENE\652000F.MZK
I> [07/04/2015 06:54:02] Programmes dans les fichiers demandés: Programme 273 (652000F), Programme 262 (652000F), Programme 263 (652000F), Programme 264 (652000F), Programme 265 (652000F)
I> [07/04/2015 06:54:34] Emission de programme: Programme 264 (652000F)
I> [07/04/2015 06:55:10] Emission de programme: Programme 265 (652000F)
I> [07/04/2015 09:31:29] Appel depuis la CN de: 6120B
I> [07/04/2015 09:32:05] Appel depuis la CN de: 6120B
I> [07/04/2015 09:32:10] Le programme appelé depuis la CN est trouvé: C:\machines\T32 Bis\Programmes\6120B.MZK
I> [07/04/2015 09:32:10] Programmes dans les fichiers demandés: Programme 16, Données d'outil, Programme 11, Données d'outil, Programme 64, Données d'outil, Programme 11, Données d'outil
I> [07/04/2015 09:50:20] Emission de programme: Programme 16
I> [07/04/2015 09:50:24] Emission de programme: Données d'outil
I> [07/04/2015 09:50:25] Emission de programme: Programme 11
I> [07/04/2015 09:50:27] Emission de programme: Données d'outil
I> [07/04/2015 09:50:28] Emission de programme: Programme 64
I> [07/04/2015 09:50:41] Emission de programme: Données d'outil
I> [07/04/2015 09:50:42] Emission de programme: Programme 11
I> [07/04/2015 09:50:45] Emission de programme: Données d'outil
I> [07/04/2015 09:53:31] Appel depuis la CN de: 6120B
I> [07/04/2015 09:53:36] Le programme appelé depuis la CN est trouvé: C:\machines\T32 Bis\Programmes\LA CALHENE\6120B.MZK
I> [07/04/2015 09:53:36] Programmes dans les fichiers demandés: Programme 672 (6120B), Programme 673 (6120B), Programme 674 (6120B), Programme 675 (6120B), Programme 676 (6120B)
I> [07/04/2015 09:53:52] Emission de programme: Programme 672 (6120B)
I> [07/04/2015 09:53:57] Emission de programme: Programme 673 (6120B)
I> [07/04/2015 09:54:04] Emission de programme: Programme 674 (6120B)
I> [07/04/2015 09:54:09] Emission de programme: Programme 675 (6120B)
I> [07/04/2015 09:56:00] Appel depuis la CN de: 6120B
I> [07/04/2015 09:56:05] Le programme appelé depuis la CN est trouvé: C:\machines\T32 Bis\Programmes\LA CALHENE\6120B.MZK
I> [07/04/2015 09:56:05] Programmes dans les fichiers demandés: Programme 672 (6120B), Programme 673 (6120B), Programme 674 (6120B), Programme 675 (6120B), Programme 676 (6120B)
I> [07/04/2015 09:57:28] Emission de programme: Programme 675 (6120B)
I> [07/04/2015 09:57:58] Emission de programme: Programme 676 (6120B)
I> [07/04/2015 11:34:37] Appel depuis la CN de: 6840-01-C
E> [07/04/2015 11:34:41] N'a pu trouver le programme appelé depuis la CN: 6840-01-C.MZK [Premier répertoire recherché : C:\machines\T32 Bis\Programmes]
E> [07/04/2015 11:34:47] N'a pu émettre le fichier. [Previous remote request failed.]
I> [07/04/2015 11:36:20] Appel depuis la CN de: 6840-01C
I> [07/04/2015 11:36:24] Le programme appelé depuis la CN est trouvé: C:\machines\T32 Bis\Programmes\6840-01C.MZK
I> [07/04/2015 11:36:24] Programmes dans les fichiers demandés: Programme 2137 (6840-01C), Programme 2138 (6840-01C), Programme 2139 (6840-01C), Programme 2140 (6840-01C), Programme 2141 (6840-01C)
E> [07/04/2015 11:39:56] Transmission avortée. [Délai de réponse dépassé, interruption de la transmission]
I> [07/04/2015 11:50:19] Appel depuis la CN de: 6840 01C
I> [07/04/2015 11:50:23] Le programme appelé depuis la CN est trouvé: C:\machines\T32 Bis\Programmes\LA CALHENE\6840 01C.MZK
I> [07/04/2015 11:50:23] Programmes dans les fichiers demandés: Programme 360 (6840 01C), Programme 361 (6840 01C), Programme 362 (6840 01C), Programme 363 (6840 01C), Programme 364 (6840 01C)
I> [07/04/2015 11:56:03] Emission de programme: Programme 360 (6840 01C)
I> [07/04/2015 11:56:08] Emission de programme: Programme 361 (6840 01C)
I> [07/04/2015 11:57:21] Appel depuis la CN de: 6840 01C
I> [07/04/2015 11:57:25] Le programme appelé depuis la CN est trouvé: C:\machines\T32 Bis\Programmes\LA CALHENE\6840 01C.MZK
I> [07/04/2015 11:57:25] Programmes dans les fichiers demandés: Programme 360 (6840 01C), Programme 361 (6840 01C), Programme 362 (6840 01C), Programme 363 (6840 01C), Programme 364 (6840 01C)
I> [07/04/2015 11:58:03] Appel depuis la CN de: 6840 01C
I> [07/04/2015 11:58:08] Le programme appelé depuis la CN est trouvé: C:\machines\T32 Bis\Programmes\LA CALHENE\6840 01C.MZK
I> [07/04/2015 11:58:08] Programmes dans les fichiers demandés: Programme 360 (6840 01C), Programme 361 (6840 01C), Programme 362 (6840 01C), Programme 363 (6840 01C), Programme 364 (6840 01C)
I> [07/04/2015 11:58:31] Emission de programme: Programme 361 (6840 01C)
I> [07/04/2015 11:58:42] Emission de programme: Programme 362 (6840 01C)
I> [07/04/2015 11:58:47] Emission de programme: Programme 363 (6840 01C)
I> [07/04/2015 11:58:57] Emission de programme: Programme 364 (6840 01C)
I> [07/04/2015 13:09:14] Appel depuis la CN de: 6120B
I> [07/04/2015 13:09:21] Le programme appelé depuis la CN est trouvé: C:\machines\T32 Bis\Programmes\LA CALHENE\6120B.MZK
I> [07/04/2015 13:09:21] Programmes dans les fichiers demandés: Programme 672 (6120B), Programme 673 (6120B), Programme 674 (6120B), Programme 675 (6120B), Programme 676 (6120B)
I> [07/04/2015 13:09:41] Appel depuis la CN de: 6120B
I> [07/04/2015 13:09:48] Le programme appelé depuis la CN est trouvé: C:\machines\T32 Bis\Programmes\LA CALHENE\6120B.MZK
I> [07/04/2015 13:09:48] Programmes dans les fichiers demandés: Programme 672 (6120B), Programme 673 (6120B), Programme 674 (6120B), Programme 675 (6120B), Programme 676 (6120B)
I> [07/04/2015 13:09:57] Emission de programme: Programme 672 (6120B)
I> [07/04/2015 13:16:15] Appel depuis la CN de: 652000F
I> [07/04/2015 13:16:19] Le programme appelé depuis la CN est trouvé: C:\machines\T32 Bis\Programmes\LA CALHENE\652000F.MZK
I> [07/04/2015 13:16:20] Programmes dans les fichiers demandés: Programme 273 (652000F), Programme 262 (652000F), Programme 263 (652000F), Programme 264 (652000F), Programme 265 (652000F)
I> [07/04/2015 13:16:31] Emission de programme: Programme 273 (652000F)
I> [07/04/2015 14:16:57] Réception: programme 1535 (6840 01C)
I> [07/04/2015 14:17:03] Réception: programme 360 (6840 01C)
I> [07/04/2015 14:17:09] Réception: programme 361 (6840 01C)
I> [07/04/2015 14:17:20] Réception: programme 362 (6840 01C)
I> [07/04/2015 14:17:25] Réception: programme 363 (6840 01C)
I> [07/04/2015 14:17:36] Réception: programme 364 (6840 01C)
I> [07/04/2015 14:17:51] Fichier reçu: C:\machines\T32 Bis\Programmes\6840 01C.MZK
I> [07/04/2015 14:17:51] Programmes dans les fichiers demandés: Programme 1535 (6840 01C), Programme 360 (6840 01C), Programme 361 (6840 01C), Programme 362 (6840 01C), Programme 363 (6840 01C), Programme 364 (6840 01C)
I> [07/04/2015 14:19:42] Appel depuis la CN de: 652000F
I> [07/04/2015 14:19:46] Le programme appelé depuis la CN est trouvé: C:\machines\T32 Bis\Programmes\LA CALHENE\652000F.MZK
I> [07/04/2015 14:19:46] Programmes dans les fichiers demandés: Programme 273 (652000F), Programme 262 (652000F), Programme 263 (652000F), Programme 264 (652000F), Programme 265 (652000F)
I> [07/04/2015 14:19:52] Emission de programme: Programme 273 (652000F)
I> [07/04/2015 14:20:00] Emission de programme: Programme 262 (652000F)
I> [07/04/2015 14:20:10] Emission de programme: Programme 263 (652000F)
I> [07/04/2015 14:20:18] Emission de programme: Programme 264 (652000F)
I> [07/04/2015 14:20:54] Emission de programme: Programme 265 (652000F)
