I> [07/03/2011 05:11:22] Port activé avec succès.
I> [07/03/2011 09:06:45] Appel depuis la CN de: 11190 16 01
E> [07/03/2011 09:06:50] N'a pu émettre le fichier: C:\machines\T32 Bis\Programmes\2976518A.MZK [Le système ne peut pas lire le périphérique indiqué]
I> [07/03/2011 09:06:51] Le programme appelé depuis la CN est trouvé: C:\machines\T32 Bis\Programmes\LA CALHENE\11190 16 01.MZK
I> [07/03/2011 09:06:51] Programmes dans les fichiers demandés: Programme 988 (11190 16 01), Programme 989 (11190 16 01), Programme 990 (11190 16 01), Programme 991 (11190 16 01)
I> [07/03/2011 09:07:17] Emission de programme: Programme 988 (11190 16 01)
I> [07/03/2011 09:07:56] Emission de programme: Programme 989 (11190 16 01)
I> [07/03/2011 09:08:28] Réception: programme 988 (11190 16 01)
I> [07/03/2011 09:09:06] Réception: programme 989 (11190 16 01)
I> [07/03/2011 09:09:20] Réception: programme 990 (11190 16 01)
I> [07/03/2011 09:09:30] Réception: programme 991 (11190 16 01)
I> [07/03/2011 09:09:54] Fichier reçu: C:\machines\T32 Bis\Programmes\11190 16 01.MZK
I> [07/03/2011 09:09:54] Programmes dans les fichiers demandés: Programme 988 (11190 16 01), Programme 989 (11190 16 01), Programme 990 (11190 16 01), Programme 991 (11190 16 01)
I> [07/03/2011 11:00:22] Réception: programme 1054
I> [07/03/2011 11:00:29] Fichier reçu: C:\machines\T32 Bis\Programmes\1054.MZK
I> [07/03/2011 11:00:29] Programmes dans les fichiers demandés: Programme 1054
I> [07/03/2011 11:01:02] Réception: programme 1054 (241003597)
I> [07/03/2011 11:01:09] Fichier reçu: C:\machines\T32 Bis\Programmes\241003597.MZK
I> [07/03/2011 11:01:09] Programmes dans les fichiers demandés: Programme 1054 (241003597)
I> [07/03/2011 11:13:56] Appel depuis la CN de: 30121201A
I> [07/03/2011 11:14:01] Le programme appelé depuis la CN est trouvé: C:\machines\T32 Bis\Programmes\LA CALHENE\30121201A.MZK
I> [07/03/2011 11:14:01] Programmes dans les fichiers demandés: Programme 1050 (30121201A), Programme 1051 (30121201A)
I> [07/03/2011 11:14:04] Emission de programme: Programme 1050 (30121201A)
I> [07/03/2011 11:14:30] Emission de programme: Programme 1051 (30121201A)
I> [07/03/2011 16:19:13] Port activé avec succès.
I> [07/03/2011 16:49:54] Appel depuis la CN de: 82845J
I> [07/03/2011 16:49:59] Le programme appelé depuis la CN est trouvé: C:\machines\T32 Bis\Programmes\SMTA\82845J.MZK
I> [07/03/2011 16:50:00] Programmes dans les fichiers demandés: Programme 565 (82845J), Programme 566 (82845J)
I> [07/03/2011 16:50:09] Emission de programme: Programme 565 (82845J)
I> [07/03/2011 16:50:41] Emission de programme: Programme 566 (82845J)
