I> [07/01/2010 07:06:15] Port activé avec succès.
I> [07/01/2010 07:06:28] Appel depuis la CN de: P362754G
E> [07/01/2010 07:06:34] N'a pu émettre le fichier: C:\machines\T32 Bis\Programmes\D70-D60-D50.MZK [Le système ne peut pas lire le périphérique indiqué]
E> [07/01/2010 07:06:35] N'a pu trouver le programme appelé depuis la CN: P362754G.MZK [Premier répertoire recherché : C:\machines\T32 Bis\Programmes]
I> [07/01/2010 07:06:42] Appel depuis la CN de: P362754G
E> [07/01/2010 07:06:48] N'a pu émettre le fichier. [Previous remote request failed.]
E> [07/01/2010 07:06:49] N'a pu trouver le programme appelé depuis la CN: P362754G.MZK [Premier répertoire recherché : C:\machines\T32 Bis\Programmes]
I> [07/01/2010 07:08:52] Appel depuis la CN de: P362754G
E> [07/01/2010 07:08:58] N'a pu émettre le fichier. [Previous remote request failed.]
I> [07/01/2010 07:08:59] Le programme appelé depuis la CN est trouvé: C:\machines\T32 Bis\Programmes\TOKHEIM\P362754G.MZK
I> [07/01/2010 07:08:59] Programmes dans les fichiers demandés: Programme 36, Données d'outil
I> [07/01/2010 07:09:09] Appel depuis la CN de: P362754G
I> [07/01/2010 07:09:16] Le programme appelé depuis la CN est trouvé: C:\machines\T32 Bis\Programmes\TOKHEIM\P362754G.MZK
I> [07/01/2010 07:09:16] Programmes dans les fichiers demandés: Programme 36, Données d'outil
I> [07/01/2010 07:10:54] Appel depuis la CN de: P362754I
E> [07/01/2010 07:11:00] N'a pu émettre le fichier: C:\machines\T32 Bis\Programmes\TOKHEIM\P362754G.MZK [Le système ne peut pas lire le périphérique indiqué]
I> [07/01/2010 07:11:01] Le programme appelé depuis la CN est trouvé: C:\machines\T32 Bis\Programmes\TOKHEIM\P362754I.MZK
I> [07/01/2010 07:11:01] Programmes dans les fichiers demandés: Programme 36, Données d'outil
I> [07/01/2010 07:11:10] Appel depuis la CN de: P362754I
I> [07/01/2010 07:11:17] Le programme appelé depuis la CN est trouvé: C:\machines\T32 Bis\Programmes\TOKHEIM\P362754I.MZK
I> [07/01/2010 07:11:17] Programmes dans les fichiers demandés: Programme 36, Données d'outil
I> [07/01/2010 07:11:23] Emission de programme: Programme 36
I> [07/01/2010 07:11:31] Emission de programme: Données d'outil
I> [07/01/2010 13:58:56] Appel depuis la CN de: 2976835D
I> [07/01/2010 13:59:05] Le programme appelé depuis la CN est trouvé: C:\machines\T32 Bis\Programmes\FLOWSERVE\2976835D.MZK
I> [07/01/2010 13:59:05] Programmes dans les fichiers demandés: Programme 50 (2976835D), Programme 51 (2976835D)
I> [07/01/2010 13:59:12] Emission de programme: Programme 50 (2976835D)
I> [07/01/2010 13:59:24] Emission de programme: Programme 51 (2976835D)
I> [07/01/2010 14:00:41] Appel depuis la CN de: 2976836D
I> [07/01/2010 14:01:05] Le programme appelé depuis la CN est trouvé: C:\machines\T32 Bis\Programmes\FLOWSERVE\2976836D.MZK
I> [07/01/2010 14:01:05] Programmes dans les fichiers demandés: Programme 126 (2976836D), Programme 129 (2976836D)
I> [07/01/2010 14:01:15] Appel depuis la CN de: 2976836D
I> [07/01/2010 14:01:22] Le programme appelé depuis la CN est trouvé: C:\machines\T32 Bis\Programmes\FLOWSERVE\2976836D.MZK
I> [07/01/2010 14:01:22] Programmes dans les fichiers demandés: Programme 126 (2976836D), Programme 129 (2976836D)
I> [07/01/2010 14:01:27] Emission de programme: Programme 126 (2976836D)
I> [07/01/2010 14:01:40] Emission de programme: Programme 129 (2976836D)
