I> [07/05/2008 07:39:39] Réception: programme 229 (BA 257A)
I> [07/05/2008 07:39:46] Réception: programme 230 (BA 257A)
I> [07/05/2008 07:40:05] Fichier reçu: C:\machines\T32 Bis\Programmes\BA 257A.MZK
I> [07/05/2008 07:40:05] Programmes dans les fichiers demandés: Programme 229 (BA 257A), Programme 230 (BA 257A)
I> [07/05/2008 08:42:19] Réception: programme 231 (DC 031)
I> [07/05/2008 08:42:28] Réception: programme 232 (DC 031)
I> [07/05/2008 08:42:38] Fichier reçu: C:\machines\T32 Bis\Programmes\DC 031.MZK
I> [07/05/2008 08:42:38] Programmes dans les fichiers demandés: Programme 231 (DC 031), Programme 232 (DC 031)
I> [07/05/2008 10:41:10] Réception: programme 233 (PRO 031A)
I> [07/05/2008 10:41:21] Réception: programme 234 (PRO 031A)
I> [07/05/2008 10:41:33] Fichier reçu: C:\machines\T32 Bis\Programmes\PRO 031A.MZK
I> [07/05/2008 10:41:33] Programmes dans les fichiers demandés: Programme 233 (PRO 031A), Programme 234 (PRO 031A)
I> [07/05/2008 13:45:42] Réception: programme 235 (BA 118C)
I> [07/05/2008 13:45:50] Réception: programme 236 (BA 118C)
I> [07/05/2008 13:46:01] Réception: programme 237 (BA 118C)
I> [07/05/2008 13:46:17] Fichier reçu: C:\machines\T32 Bis\Programmes\BA 118C.MZK
I> [07/05/2008 13:46:17] Programmes dans les fichiers demandés: Programme 235 (BA 118C), Programme 236 (BA 118C), Programme 237 (BA 118C)
I> [07/05/2008 13:55:04] Appel depuis la CN de: 09604013
I> [07/05/2008 13:55:09] Le programme appelé depuis la CN est trouvé: C:\machines\T32 Bis\Programmes\9604013.MZK
I> [07/05/2008 13:55:09] Programmes dans les fichiers demandés: Programme 20, Données d'outil, Programme 32, Données d'outil
I> [07/05/2008 13:55:22] Emission de programme: Programme 20
I> [07/05/2008 13:55:26] Emission de programme: Données d'outil
I> [07/05/2008 13:55:28] Emission de programme: Programme 32
I> [07/05/2008 13:55:34] Emission de programme: Données d'outil
I> [07/05/2008 16:20:02] Réception: programme 238 (09604013)
I> [07/05/2008 16:20:14] Réception: programme 239 (09604013)
I> [07/05/2008 16:20:34] Fichier reçu: C:\machines\T32 Bis\Programmes\09604013.MZK
I> [07/05/2008 16:20:34] Programmes dans les fichiers demandés: Programme 238 (09604013), Programme 239 (09604013)
