I> [07/02/2014 05:11:31] Port activé avec succès.
I> [07/02/2014 12:20:53] Appel depuis la CN de: 2976573C1
I> [07/02/2014 12:21:05] Le programme appelé depuis la CN est trouvé: C:\machines\T32 Bis\Programmes\2976573C1.MZK
I> [07/02/2014 12:21:05] Programmes dans les fichiers demandés: Programme 299, Données d'outil, Programme 287, Données d'outil
I> [07/02/2014 12:21:20] Appel depuis la CN de: 2976573C1
I> [07/02/2014 12:21:25] Le programme appelé depuis la CN est trouvé: C:\machines\T32 Bis\Programmes\2976573C1.MZK
I> [07/02/2014 12:21:25] Programmes dans les fichiers demandés: Programme 299, Données d'outil, Programme 287, Données d'outil
I> [07/02/2014 12:21:27] Emission de programme: Programme 299
I> [07/02/2014 12:21:36] Emission de programme: Données d'outil
I> [07/02/2014 12:21:37] Emission de programme: Programme 287
I> [07/02/2014 12:21:44] Emission de programme: Données d'outil
I> [07/02/2014 14:56:35] Appel depuis la CN de: 2976862C
I> [07/02/2014 14:56:44] Le programme appelé depuis la CN est trouvé: C:\machines\T32 Bis\Programmes\FLOWSERVE\2976862C.MZK
I> [07/02/2014 14:56:44] Programmes dans les fichiers demandés: Programme 433 (2976862C), Programme 436 (2976862C)
I> [07/02/2014 14:56:50] Emission de programme: Programme 433 (2976862C)
I> [07/02/2014 14:57:06] Emission de programme: Programme 436 (2976862C)
I> [07/02/2014 14:59:09] Appel depuis la CN de: 2976839C 6
I> [07/02/2014 14:59:21] Le programme appelé depuis la CN est trouvé: C:\machines\T32 Bis\Programmes\FLOWSERVE\2976839C 6.MZK
I> [07/02/2014 14:59:21] Programmes dans les fichiers demandés: Programme 204 (2976839C 6), Programme 206 (2976839C 6)
I> [07/02/2014 14:59:27] Emission de programme: Programme 204 (2976839C 6)
I> [07/02/2014 14:59:45] Emission de programme: Programme 206 (2976839C 6)
