I> [07/02/2011 05:02:11] Port activé avec succès.
I> [07/02/2011 09:41:35] Appel depuis la CN de: 01128700603
E> [07/02/2011 09:41:40] N'a pu émettre le fichier: C:\machines\T32 Bis\Programmes\2976518A.MZK [Le système ne peut pas lire le périphérique indiqué]
E> [07/02/2011 09:41:41] N'a pu trouver le programme appelé depuis la CN: 01128700603.MZK [Premier répertoire recherché : C:\machines\T32 Bis\Programmes]
E> [07/02/2011 09:41:41] N'a pu émettre le fichier. [Previous remote request failed.]
E> [07/02/2011 09:41:42] N'a pu émettre le fichier. [Previous remote request failed.]
E> [07/02/2011 09:41:42] N'a pu émettre le fichier. [Previous remote request failed.]
E> [07/02/2011 09:41:43] N'a pu émettre le fichier. [Previous remote request failed.]
I> [07/02/2011 09:45:40] Appel depuis la CN de: 1128700603B
I> [07/02/2011 09:45:45] Le programme appelé depuis la CN est trouvé: C:\machines\T32 Bis\Programmes\MEUNIER\1128700603B.MZK
I> [07/02/2011 09:45:45] Programmes dans les fichiers demandés: Programme 875 (1128700603B)
I> [07/02/2011 09:45:50] Emission de programme: Programme 875 (1128700603B)
I> [07/02/2011 11:37:18] Réception: programme 1032 (5998307A)
I> [07/02/2011 11:37:36] Fichier reçu: C:\machines\T32 Bis\Programmes\5998307A.MZK
I> [07/02/2011 11:37:36] Programmes dans les fichiers demandés: Programme 1032 (5998307A)
I> [07/02/2011 11:38:04] Appel depuis la CN de: 0361550 02
I> [07/02/2011 11:38:08] Le programme appelé depuis la CN est trouvé: C:\machines\T32 Bis\Programmes\MECABOR\0361550 02.MZK
I> [07/02/2011 11:38:08] Programmes dans les fichiers demandés: Programme 113 (0361550), Programme 114 (0361550)
I> [07/02/2011 11:38:15] Emission de programme: Programme 113 (0361550)
I> [07/02/2011 11:38:34] Emission de programme: Programme 114 (0361550)
I> [07/02/2011 13:29:06] Port activé avec succès.
