I> [07/12/2006 06:31:47] Réception: programme 4295 (224945)
I> [07/12/2006 06:31:53] Réception: programme 4296 (224945)
I> [07/12/2006 06:32:08] Réception: programme 4297 (224945)
I> [07/12/2006 06:32:20] Fichier reçu: C:\machines\T32\Programmes\224945.MZK
I> [07/12/2006 06:32:20] Programmes dans les fichiers demandés: Programme 4295 (224945), Programme 4296 (224945), Programme 4297 (224945)
I> [07/12/2006 06:46:34] Appel depuis la CN de: 352165
I> [07/12/2006 06:46:41] Le programme appelé depuis la CN est trouvé: C:\machines\T32\Programmes\ARO\352165.MZK
I> [07/12/2006 06:46:41] Programmes dans les fichiers demandés: Programme 4031 (352165), Programme 4032 (352165)
I> [07/12/2006 06:46:49] Emission de programme: Programme 4031 (352165)
I> [07/12/2006 06:46:58] Emission de programme: Programme 4032 (352165)
I> [07/12/2006 09:38:09] Réception: programme 4298 (321756)
I> [07/12/2006 09:38:22] Réception: programme 4299 (321756)
I> [07/12/2006 09:38:33] Fichier reçu: C:\machines\T32\Programmes\321756.MZK
I> [07/12/2006 09:38:33] Programmes dans les fichiers demandés: Programme 4298 (321756), Programme 4299 (321756)
I> [07/12/2006 20:46:43] Réception: programme 4295 (224945)
I> [07/12/2006 20:46:49] Réception: programme 4296 (224945)
I> [07/12/2006 20:47:04] Réception: programme 4297 (224945)
I> [07/12/2006 20:47:14] Réception: programme 4301 (224945)
I> [07/12/2006 20:47:25] Fichier reçu: C:\machines\T32\Programmes\224945.MZK
I> [07/12/2006 20:47:25] Programmes dans les fichiers demandés: Programme 4295 (224945), Programme 4296 (224945), Programme 4297 (224945), Programme 4301 (224945)
I> [07/12/2006 20:48:08] Réception: programme 4298 (321756)
I> [07/12/2006 20:48:21] Réception: programme 4299 (321756)
I> [07/12/2006 20:48:30] Réception: programme 4302 (321756)
I> [07/12/2006 20:48:41] Fichier reçu: C:\machines\T32\Programmes\321756.MZK
I> [07/12/2006 20:48:41] Programmes dans les fichiers demandés: Programme 4298 (321756), Programme 4299 (321756), Programme 4302 (321756)
I> [07/12/2006 20:49:21] Réception: programme 4303 (211618)
I> [07/12/2006 20:49:37] Fichier reçu: C:\machines\T32\Programmes\211618.MZK
I> [07/12/2006 20:49:37] Programmes dans les fichiers demandés: Programme 4303 (211618)
