I> [07/11/2013 05:04:10] Port activé avec succès.
I> [07/11/2013 10:11:22] Appel depuis la CN de: 516809
I> [07/11/2013 10:11:29] Le programme appelé depuis la CN est trouvé: C:\machines\T32 Bis\Programmes\516809.MZK
I> [07/11/2013 10:11:29] Programmes dans les fichiers demandés: Programme 7, Données d'outil, Programme 7, Données d'outil
I> [07/11/2013 10:15:46] Appel depuis la CN de: 516809
I> [07/11/2013 10:15:51] Le programme appelé depuis la CN est trouvé: C:\machines\T32 Bis\Programmes\516809.MZK
I> [07/11/2013 10:15:51] Programmes dans les fichiers demandés: Programme 7, Données d'outil, Programme 7, Données d'outil
I> [07/11/2013 10:15:55] Emission de programme: Programme 7
I> [07/11/2013 10:15:57] Emission de programme: Données d'outil
I> [07/11/2013 10:15:58] Emission de programme: Programme 7
I> [07/11/2013 10:16:00] Emission de programme: Données d'outil
I> [07/11/2013 17:05:28] Programmes dans les fichiers demandés: Programme 845 (3007-14-11M), Programme 846 (3007-14-11M), Programme 1986 (3007-14-11M), Programme 2647 (3007-14-11M), Programme 2672 (3007-14-11M), Programme 2673 (3007-14-11M), Programme 3673 (3007-14-11M), Programme 3674 (3007-14-11M)
I> [07/11/2013 19:20:17] Réception: programme 1498 (516809)
I> [07/11/2013 19:20:23] Réception: programme 1499 (516809)
I> [07/11/2013 19:20:31] Fichier reçu: C:\machines\T32 Bis\Programmes\516809.MZK
I> [07/11/2013 19:20:31] Programmes dans les fichiers demandés: Programme 1498 (516809), Programme 1499 (516809)
I> [07/11/2013 19:20:38] Réception: programme 1500 (437402)
I> [07/11/2013 19:20:46] Fichier reçu: C:\machines\T32 Bis\Programmes\437402.MZK
I> [07/11/2013 19:20:46] Programmes dans les fichiers demandés: Programme 1500 (437402)
I> [07/11/2013 19:20:51] Réception: programme 1501 (437396G)
I> [07/11/2013 19:20:58] Fichier reçu: C:\machines\T32 Bis\Programmes\437396G.MZK
I> [07/11/2013 19:20:58] Programmes dans les fichiers demandés: Programme 1501 (437396G)
I> [07/11/2013 19:36:53] Appel depuis la CN de: 3007 14 11M
I> [07/11/2013 19:36:58] Le programme appelé depuis la CN est trouvé: C:\machines\T32 Bis\Programmes\3007 14 11M.MZK
I> [07/11/2013 19:36:58] Programmes dans les fichiers demandés: Programme 5546 (3007 14 11M), Programme 5547 (3007 14 11M), Programme 5557 (3007 14 11M), Programme 5558 (3007 14 11M)
I> [07/11/2013 19:37:59] Emission de programme: Programme 5546 (3007 14 11M)
I> [07/11/2013 19:38:23] Emission de programme: Programme 5547 (3007 14 11M)
I> [07/11/2013 19:38:35] Emission de programme: Programme 5557 (3007 14 11M)
I> [07/11/2013 19:39:08] Emission de programme: Programme 5558 (3007 14 11M)
