I> [07/12/2010 06:02:41] Port activé avec succès.
I> [07/12/2010 06:05:35] Port activé avec succès.
I> [07/12/2010 08:42:50] Réception: programme 1010 (GI 318AF)
I> [07/12/2010 08:43:08] Réception: programme 1011 (GI 318AF)
I> [07/12/2010 08:43:32] Fichier existant sauvegardé: C:\MACHINES\T32 BIS\SAUVEGARDES\GI 318AF_01.MZK
I> [07/12/2010 08:43:32] Fichier reçu: C:\machines\T32 Bis\Programmes\GI 318AF.MZK
I> [07/12/2010 08:43:32] Programmes dans les fichiers demandés: Programme 1010 (GI 318AF), Programme 1011 (GI 318AF)
I> [07/12/2010 12:17:31] Appel depuis la CN de: 2976862C
I> [07/12/2010 12:17:35] Le programme appelé depuis la CN est trouvé: C:\machines\T32 Bis\Programmes\FLOWSERVE\2976862C.MZK
I> [07/12/2010 12:17:35] Programmes dans les fichiers demandés: Programme 433 (2976862C), Programme 436 (2976862C)
I> [07/12/2010 12:17:56] Emission de programme: Programme 433 (2976862C)
I> [07/12/2010 12:18:12] Emission de programme: Programme 436 (2976862C)
I> [07/12/2010 12:32:34] Appel depuis la CN de: 2976864D
I> [07/12/2010 12:32:39] Le programme appelé depuis la CN est trouvé: C:\machines\T32 Bis\Programmes\FLOWSERVE\2976864D.MZK
I> [07/12/2010 12:32:39] Programmes dans les fichiers demandés: Programme 435 (2976864D), Programme 437 (2976864D)
I> [07/12/2010 12:32:50] Emission de programme: Programme 435 (2976864D)
I> [07/12/2010 12:33:05] Emission de programme: Programme 437 (2976864D)
I> [07/12/2010 12:33:51] Appel depuis la CN de: 2976863C
I> [07/12/2010 12:33:58] Le programme appelé depuis la CN est trouvé: C:\machines\T32 Bis\Programmes\FLOWSERVE\2976863C.MZK
I> [07/12/2010 12:33:58] Programmes dans les fichiers demandés: Programme 434 (2976863C), Programme 438 (2976863C)
I> [07/12/2010 12:34:27] Appel depuis la CN de: 2976863C
I> [07/12/2010 12:34:32] Le programme appelé depuis la CN est trouvé: C:\machines\T32 Bis\Programmes\FLOWSERVE\2976863C.MZK
I> [07/12/2010 12:34:32] Programmes dans les fichiers demandés: Programme 434 (2976863C), Programme 438 (2976863C)
I> [07/12/2010 12:34:42] Emission de programme: Programme 434 (2976863C)
I> [07/12/2010 12:34:57] Emission de programme: Programme 438 (2976863C)
I> [07/12/2010 12:36:10] Appel depuis la CN de: 2976841D
I> [07/12/2010 12:36:15] Le programme appelé depuis la CN est trouvé: C:\machines\T32 Bis\Programmes\FLOWSERVE\2976841D.MZK
I> [07/12/2010 12:36:15] Programmes dans les fichiers demandés: Programme 126 (2976841D), Programme 163 (2976841D)
I> [07/12/2010 12:36:20] Emission de programme: Programme 126 (2976841D)
I> [07/12/2010 12:36:34] Emission de programme: Programme 163 (2976841D)
I> [07/12/2010 12:37:15] Appel depuis la CN de: 2976840C
E> [07/12/2010 12:37:20] N'a pu trouver le programme appelé depuis la CN: 2976840C.MZK [Premier répertoire recherché : C:\machines\T32 Bis\Programmes]
E> [07/12/2010 12:37:35] N'a pu émettre le fichier. [Previous remote request failed.]
I> [07/12/2010 12:39:12] Appel depuis la CN de: 2976840C 6
E> [07/12/2010 12:39:16] N'a pu émettre le fichier. [Previous remote request failed.]
I> [07/12/2010 12:39:17] Le programme appelé depuis la CN est trouvé: C:\machines\T32 Bis\Programmes\FLOWSERVE\2976840C 6.MZK
I> [07/12/2010 12:39:17] Programmes dans les fichiers demandés: Programme 205 (2976840C 6), Programme 207 (2976840C 6)
I> [07/12/2010 12:39:33] Appel depuis la CN de: 2976840C 6
I> [07/12/2010 12:39:37] Le programme appelé depuis la CN est trouvé: C:\machines\T32 Bis\Programmes\FLOWSERVE\2976840C 6.MZK
I> [07/12/2010 12:39:37] Programmes dans les fichiers demandés: Programme 205 (2976840C 6), Programme 207 (2976840C 6)
I> [07/12/2010 12:39:42] Emission de programme: Programme 205 (2976840C 6)
I> [07/12/2010 12:40:01] Emission de programme: Programme 207 (2976840C 6)
I> [07/12/2010 12:41:09] Appel depuis la CN de: 2976839C 6
I> [07/12/2010 12:41:14] Le programme appelé depuis la CN est trouvé: C:\machines\T32 Bis\Programmes\FLOWSERVE\2976839C 6.MZK
I> [07/12/2010 12:41:14] Programmes dans les fichiers demandés: Programme 204 (2976839C 6), Programme 206 (2976839C 6)
I> [07/12/2010 12:41:19] Emission de programme: Programme 204 (2976839C 6)
I> [07/12/2010 12:41:37] Emission de programme: Programme 206 (2976839C 6)
I> [07/12/2010 12:43:18] Appel depuis la CN de: 2976325C
I> [07/12/2010 12:43:23] Le programme appelé depuis la CN est trouvé: C:\machines\T32 Bis\Programmes\FLOWSERVE\2976325C.MZK
I> [07/12/2010 12:43:23] Programmes dans les fichiers demandés: Programme 128 (2976325C), Programme 131 (2976325C)
I> [07/12/2010 12:43:36] Emission de programme: Programme 128 (2976325C)
I> [07/12/2010 12:43:49] Emission de programme: Programme 131 (2976325C)
I> [07/12/2010 16:21:55] Port activé avec succès.
