I> [08/01/2013 04:57:03] Port activé avec succès.
I> [08/01/2013 07:35:46] Appel depuis la CN de: 11271-01-01
E> [08/01/2013 07:35:51] N'a pu trouver le programme appelé depuis la CN: 11271-01-01.MZK [Premier répertoire recherché : C:\machines\T32 Bis\Programmes]
E> [08/01/2013 07:35:55] N'a pu émettre le fichier. [Previous remote request failed.]
E> [08/01/2013 07:35:59] N'a pu émettre le fichier. [Previous remote request failed.]
I> [08/01/2013 07:36:09] Appel depuis la CN de: 11271-01-01
E> [08/01/2013 07:36:14] N'a pu trouver le programme appelé depuis la CN: 11271-01-01.MZK [Premier répertoire recherché : C:\machines\T32 Bis\Programmes]
E> [08/01/2013 07:36:14] N'a pu émettre le fichier. [Previous remote request failed.]
I> [08/01/2013 07:37:07] Appel depuis la CN de: 11271-01-01
E> [08/01/2013 07:37:11] N'a pu émettre le fichier. [Previous remote request failed.]
E> [08/01/2013 07:37:12] N'a pu trouver le programme appelé depuis la CN: 11271-01-01.MZK [Premier répertoire recherché : C:\machines\T32 Bis\Programmes]
I> [08/01/2013 07:37:34] Appel depuis la CN de: 11270-01-01
E> [08/01/2013 07:37:38] N'a pu émettre le fichier. [Previous remote request failed.]
I> [08/01/2013 07:37:39] Le programme appelé depuis la CN est trouvé: C:\machines\T32 Bis\Programmes\LA CALHENE\11270-01-01.MZK
I> [08/01/2013 07:37:39] Programmes dans les fichiers demandés: Programme 1004 (11270-01-01), Programme 1005 (11270-01-01), Programme 739 (11270-01-01)
I> [08/01/2013 07:37:57] Emission de programme: Programme 1004 (11270-01-01)
I> [08/01/2013 07:40:04] Emission de programme: Programme 1004 (11270-01-01)
I> [08/01/2013 07:41:41] Emission de programme: Programme 1005 (11270-01-01)
I> [08/01/2013 07:42:04] Port arrêté.
I> [08/01/2013 09:14:25] Port activé avec succès.
I> [08/01/2013 15:43:58] Appel depuis la CN de: 11270-01-01
I> [08/01/2013 15:44:03] Le programme appelé depuis la CN est trouvé: C:\machines\T32 Bis\Programmes\LA CALHENE\11270-01-01.MZK
I> [08/01/2013 15:44:03] Programmes dans les fichiers demandés: Programme 1004 (11270-01-01), Programme 1005 (11270-01-01), Programme 739 (11270-01-01)
I> [08/01/2013 15:44:14] Emission de programme: Programme 1004 (11270-01-01)
I> [08/01/2013 15:46:05] Appel depuis la CN de: 11270-01-01
I> [08/01/2013 15:46:10] Le programme appelé depuis la CN est trouvé: C:\machines\T32 Bis\Programmes\LA CALHENE\11270-01-01.MZK
I> [08/01/2013 15:46:10] Programmes dans les fichiers demandés: Programme 1004 (11270-01-01), Programme 1005 (11270-01-01), Programme 739 (11270-01-01)
I> [08/01/2013 15:46:39] Emission de programme: Programme 739 (11270-01-01)
