I> [08/01/2015 06:00:17] Port activé avec succès.
I> [08/01/2015 12:24:51] Appel depuis la CN de: 112705501F
E> [08/01/2015 12:24:56] N'a pu trouver le programme appelé depuis la CN: 112705501F.MZK [Premier répertoire recherché : C:\machines\T32 Bis\Programmes]
E> [08/01/2015 12:24:57] N'a pu émettre le fichier. [Previous remote request failed.]
E> [08/01/2015 12:24:59] N'a pu émettre le fichier. [Previous remote request failed.]
E> [08/01/2015 12:25:01] N'a pu émettre le fichier. [Previous remote request failed.]
E> [08/01/2015 12:25:05] N'a pu émettre le fichier. [Previous remote request failed.]
I> [08/01/2015 12:25:13] Appel depuis la CN de: 112705501F
E> [08/01/2015 12:25:17] N'a pu émettre le fichier. [Previous remote request failed.]
E> [08/01/2015 12:25:18] N'a pu trouver le programme appelé depuis la CN: 112705501F.MZK [Premier répertoire recherché : C:\machines\T32 Bis\Programmes]
E> [08/01/2015 12:25:19] N'a pu émettre le fichier. [Previous remote request failed.]
I> [08/01/2015 12:25:46] Appel depuis la CN de: 11270-55-01
E> [08/01/2015 12:25:50] N'a pu émettre le fichier. [Previous remote request failed.]
I> [08/01/2015 12:25:51] Le programme appelé depuis la CN est trouvé: C:\machines\T32 Bis\Programmes\LA CALHENE\11270-55-01.MZK
I> [08/01/2015 12:25:51] Programmes dans les fichiers demandés: Programme 1438 (11270-55-01), Programme 1439 (11270-55-01), Programme 1440 (11270-55-01), Programme 1441 (11270-55-01)
I> [08/01/2015 12:26:01] Emission de programme: Programme 1438 (11270-55-01)
I> [08/01/2015 12:27:40] Emission de programme: Programme 1439 (11270-55-01)
I> [08/01/2015 12:27:52] Emission de programme: Programme 1440 (11270-55-01)
I> [08/01/2015 12:28:15] Emission de programme: Programme 1441 (11270-55-01)
E> [08/01/2015 12:31:52] Transmission avortée. [Délai de réponse dépassé, interruption de la transmission]
I> [08/01/2015 18:13:16] Appel depuis la CN de: 362734M
E> [08/01/2015 18:13:21] N'a pu trouver le programme appelé depuis la CN: 362734M.MZK [Premier répertoire recherché : C:\machines\T32 Bis\Programmes]
E> [08/01/2015 18:13:26] N'a pu émettre le fichier. [Previous remote request failed.]
E> [08/01/2015 18:13:36] N'a pu émettre le fichier. [Previous remote request failed.]
E> [08/01/2015 18:13:38] N'a pu émettre le fichier. [Previous remote request failed.]
I> [08/01/2015 18:14:48] Appel depuis la CN de: 362734M
E> [08/01/2015 18:14:53] N'a pu trouver le programme appelé depuis la CN: 362734M.MZK [Premier répertoire recherché : C:\machines\T32 Bis\Programmes]
E> [08/01/2015 18:14:58] N'a pu émettre le fichier. [Previous remote request failed.]
E> [08/01/2015 18:15:00] N'a pu émettre le fichier. [Previous remote request failed.]
I> [08/01/2015 18:18:55] Appel depuis la CN de: 362734K
I> [08/01/2015 18:19:00] Le programme appelé depuis la CN est trouvé: C:\machines\T32 Bis\Programmes\362734K.MZK
I> [08/01/2015 18:19:00] Programmes dans les fichiers demandés: Programme 1006 (362734K), Programme 1007 (362734K)
I> [08/01/2015 18:19:18] Emission de programme: Programme 1006 (362734K)
I> [08/01/2015 18:19:35] Emission de programme: Programme 1006 (362734K)
I> [08/01/2015 18:19:50] Emission de programme: Programme 1006 (362734K)
I> [08/01/2015 18:20:44] Appel depuis la CN de: 362734K
I> [08/01/2015 18:20:48] Le programme appelé depuis la CN est trouvé: C:\machines\T32 Bis\Programmes\362734K.MZK
I> [08/01/2015 18:20:48] Programmes dans les fichiers demandés: Programme 1006 (362734K), Programme 1007 (362734K)
I> [08/01/2015 18:33:57] Appel depuis la CN de: 362734K
I> [08/01/2015 18:34:02] Le programme appelé depuis la CN est trouvé: C:\machines\T32 Bis\Programmes\362734K.MZK
I> [08/01/2015 18:34:02] Programmes dans les fichiers demandés: Programme 1006 (362734K), Programme 1007 (362734K)
I> [08/01/2015 18:36:32] Appel depuis la CN de: 362733M
I> [08/01/2015 18:36:58] Appel depuis la CN de: 362733M
I> [08/01/2015 18:37:02] Le programme appelé depuis la CN est trouvé: C:\machines\T32 Bis\Programmes\362733M.MZK
I> [08/01/2015 18:37:02] Programmes dans les fichiers demandés: Programme 1006 (362733M), Programme 1007 (362733M)
I> [08/01/2015 18:38:41] Appel depuis la CN de: 362734K
I> [08/01/2015 18:38:46] Le programme appelé depuis la CN est trouvé: C:\machines\T32 Bis\Programmes\362734K.MZK
I> [08/01/2015 18:38:46] Programmes dans les fichiers demandés: Programme 1006 (362734K), Programme 1007 (362734K)
I> [08/01/2015 18:39:06] Emission de programme: Programme 1006 (362734K)
I> [08/01/2015 18:40:54] Emission de programme: Programme 1006 (362734K)
I> [08/01/2015 18:41:03] Emission de programme: Programme 1007 (362734K)
