I> [08/07/2008 10:04:56] Réception: programme 25 (122700301F)
I> [08/07/2008 10:05:08] Réception: programme 26 (122700301F)
I> [08/07/2008 10:05:22] Fichier reçu: C:\machines\T32 Bis\Programmes\122700301F.MZK
I> [08/07/2008 10:05:22] Programmes dans les fichiers demandés: Programme 25 (122700301F), Programme 26 (122700301F)
I> [08/07/2008 10:12:30] Appel depuis la CN de: 121900401G
I> [08/07/2008 10:12:35] Le programme appelé depuis la CN est trouvé: C:\machines\T32 Bis\Programmes\LA CALHENE\121900401G.MZK
I> [08/07/2008 10:12:35] Programmes dans les fichiers demandés: Programme 4424 (121900401G), Programme 4425 (121900401G), Programme 4426 (121900401G), Programme 4427 (121900401G), Programme 4430 (121900401G), Programme 4442 (121900401G), Programme 4452 (121900401G)
I> [08/07/2008 10:14:04] Appel depuis la CN de: 121900401G
I> [08/07/2008 10:14:09] Le programme appelé depuis la CN est trouvé: C:\machines\T32 Bis\Programmes\LA CALHENE\121900401G.MZK
I> [08/07/2008 10:14:09] Programmes dans les fichiers demandés: Programme 4424 (121900401G), Programme 4425 (121900401G), Programme 4426 (121900401G), Programme 4427 (121900401G), Programme 4430 (121900401G), Programme 4442 (121900401G), Programme 4452 (121900401G)
I> [08/07/2008 10:15:40] Port arrêté.
I> [08/07/2008 10:21:10] Port activé avec succès.
I> [08/07/2008 10:22:01] Appel depuis la CN de: 121900401G
I> [08/07/2008 10:22:06] Le programme appelé depuis la CN est trouvé: C:\machines\T32 Bis\Programmes\LA CALHENE\121900401G.MZK
I> [08/07/2008 10:22:06] Programmes dans les fichiers demandés: Programme 4424 (121900401G), Programme 4425 (121900401G), Programme 4426 (121900401G), Programme 4427 (121900401G), Programme 4430 (121900401G), Programme 4442 (121900401G), Programme 4452 (121900401G)
I> [08/07/2008 10:22:12] Emission de programme: Programme 4424 (121900401G)
I> [08/07/2008 10:22:25] Emission de programme: Programme 4425 (121900401G)
I> [08/07/2008 10:22:39] Emission de programme: Programme 4426 (121900401G)
I> [08/07/2008 10:23:09] Emission de programme: Programme 4427 (121900401G)
E> [08/07/2008 10:26:46] Transmission avortée. [Délai de réponse dépassé, interruption de la transmission]
