I> [08/07/2009 08:59:43] Port activé avec succès.
I> [08/07/2009 09:00:48] Appel depuis la CN de: 241003638
I> [08/07/2009 09:00:53] Le programme appelé depuis la CN est trouvé: C:\machines\T32 Bis\Programmes\241003638.MZK
I> [08/07/2009 09:00:53] Programmes dans les fichiers demandés: Programme 279, Données d'outil, Programme 271, Données d'outil
I> [08/07/2009 09:00:58] Emission de programme: Programme 279
I> [08/07/2009 09:01:03] Emission de programme: Données d'outil
I> [08/07/2009 09:01:04] Emission de programme: Programme 271
I> [08/07/2009 09:01:08] Emission de programme: Données d'outil
I> [08/07/2009 12:39:30] Réception: programme 617 (241003549)
I> [08/07/2009 12:39:46] Réception: programme 618 (241003549)
I> [08/07/2009 12:40:01] Fichier reçu: C:\machines\T32 Bis\Programmes\241003549.MZK
I> [08/07/2009 12:40:01] Programmes dans les fichiers demandés: Programme 617 (241003549), Programme 618 (241003549)
I> [08/07/2009 14:08:42] Appel depuis la CN de: DCM041A
I> [08/07/2009 14:08:47] Le programme appelé depuis la CN est trouvé: C:\machines\T32 Bis\Programmes\MECAMARC\DCM041A.MZK
I> [08/07/2009 14:08:47] Programmes dans les fichiers demandés: Programme 369 (DCM041A), Programme 370 (DCM041A)
I> [08/07/2009 14:08:56] Emission de programme: Programme 369 (DCM041A)
I> [08/07/2009 14:09:09] Emission de programme: Programme 370 (DCM041A)
I> [08/07/2009 16:38:24] Appel depuis la CN de: 122700301E
I> [08/07/2009 16:38:29] Le programme appelé depuis la CN est trouvé: C:\machines\T32 Bis\Programmes\122700301E.MZK
I> [08/07/2009 16:38:30] Programmes dans les fichiers demandés: Programme 4821 (122700301E), Programme 4822 (122700301E), Programme 4410 (122700301E), Programme 4411 (122700301E), Programme 4412 (122700301E), Programme 4413 (122700301E), Programme 4441 (122700301E), Programme 4443 (122700301E)
I> [08/07/2009 16:39:10] Emission de programme: Programme 4821 (122700301E)
I> [08/07/2009 16:39:20] Emission de programme: Programme 4822 (122700301E)
I> [08/07/2009 16:39:29] Emission de programme: Programme 4410 (122700301E)
I> [08/07/2009 16:39:41] Emission de programme: Programme 4411 (122700301E)
I> [08/07/2009 16:39:53] Emission de programme: Programme 4412 (122700301E)
I> [08/07/2009 16:40:43] Emission de programme: Programme 4413 (122700301E)
I> [08/07/2009 16:41:06] Emission de programme: Programme 4441 (122700301E)
I> [08/07/2009 16:41:12] Emission de programme: Programme 4443 (122700301E)
