I> [08/09/2011 07:30:32] Port activé avec succès.
I> [08/09/2011 16:43:46] Réception: programme 1146 (61186875003)
I> [08/09/2011 16:43:55] Fichier reçu: C:\machines\T32 Bis\Programmes\61186875003.MZK
I> [08/09/2011 16:43:55] Programmes dans les fichiers demandés: Programme 1146 (61186875003)
I> [08/09/2011 16:44:34] Réception: programme 1146 (61186878003)
I> [08/09/2011 16:44:44] Fichier reçu: C:\machines\T32 Bis\Programmes\61186878003.MZK
I> [08/09/2011 16:44:44] Programmes dans les fichiers demandés: Programme 1146 (61186878003)
I> [08/09/2011 17:28:25] Appel depuis la CN de: 241003227
E> [08/09/2011 17:28:30] N'a pu trouver le programme appelé depuis la CN: 241003227.MZK [Premier répertoire recherché : C:\machines\T32 Bis\Programmes]
E> [08/09/2011 17:28:31] N'a pu émettre le fichier. [Previous remote request failed.]
E> [08/09/2011 17:28:32] N'a pu émettre le fichier. [Previous remote request failed.]
E> [08/09/2011 17:29:46] N'a pu émettre le fichier. [Previous remote request failed.]
I> [08/09/2011 17:29:52] Appel depuis la CN de: 241003227
E> [08/09/2011 17:29:56] N'a pu émettre le fichier. [Previous remote request failed.]
I> [08/09/2011 17:29:56] Le programme appelé depuis la CN est trouvé: C:\machines\T32 Bis\Programmes\241003227.MZK
I> [08/09/2011 17:29:56] Programmes dans les fichiers demandés: Programme 278, Données d'outil, Programme 273, Données d'outil
I> [08/09/2011 17:30:05] Emission de programme: Programme 278
I> [08/09/2011 17:30:09] Emission de programme: Données d'outil
I> [08/09/2011 17:30:11] Emission de programme: Programme 273
I> [08/09/2011 17:30:15] Emission de programme: Données d'outil
