I> [08/12/2016 04:56:24] Port activé avec succès.
I> [08/12/2016 09:42:21] Appel depuis la CN de: 9001-04-01
E> [08/12/2016 09:42:25] N'a pu émettre le fichier: C:\machines\T32 Bis\Programmes\21270080201.MZK [Le système ne peut pas lire le périphérique indiqué]
E> [08/12/2016 09:42:25] N'a pu trouver le programme appelé depuis la CN: 9001-04-01.MZK [Premier répertoire recherché : C:\machines\T32 Bis\Programmes]
E> [08/12/2016 09:42:26] N'a pu émettre le fichier. [Previous remote request failed.]
E> [08/12/2016 09:42:27] N'a pu émettre le fichier. [Previous remote request failed.]
I> [08/12/2016 09:43:03] Appel depuis la CN de: 9001-04-01L
E> [08/12/2016 09:43:07] N'a pu émettre le fichier. [Previous remote request failed.]
I> [08/12/2016 09:43:08] Le programme appelé depuis la CN est trouvé: C:\machines\T32 Bis\Programmes\LA CALHENE\9001-04-01L.MZK
I> [08/12/2016 09:43:08] Programmes dans les fichiers demandés: Programme 1546 (9001-04-01L), Programme 1548 (9001-04-01L), Programme 1550 (9001-04-01L), Programme 1553 (9001-04-01L)
I> [08/12/2016 09:43:12] Emission de programme: Programme 1546 (9001-04-01L)
I> [08/12/2016 09:43:23] Emission de programme: Programme 1548 (9001-04-01L)
I> [08/12/2016 09:43:28] Emission de programme: Programme 1550 (9001-04-01L)
I> [08/12/2016 09:43:53] Emission de programme: Programme 1553 (9001-04-01L)
I> [08/12/2016 09:44:46] Appel depuis la CN de: 9001-04-02G
I> [08/12/2016 09:44:57] Le programme appelé depuis la CN est trouvé: C:\machines\T32 Bis\Programmes\LA CALHENE\9001-04-02G.MZK
I> [08/12/2016 09:44:57] Programmes dans les fichiers demandés: Programme 1545 (9001-04-02G), Programme 1547 (9001-04-02G), Programme 1549 (9001-04-02G), Programme 1551 (9001-04-02G), Programme 1552 (9001-04-02G)
I> [08/12/2016 09:45:20] Appel depuis la CN de: 9001-04-02G
I> [08/12/2016 09:45:27] Emission de programme: Programme 1545 (9001-04-02G)
I> [08/12/2016 09:45:33] Emission de programme: Programme 1547 (9001-04-02G)
I> [08/12/2016 09:45:42] Emission de programme: Programme 1549 (9001-04-02G)
I> [08/12/2016 09:45:48] Emission de programme: Programme 1551 (9001-04-02G)
I> [08/12/2016 09:46:20] Emission de programme: Programme 1552 (9001-04-02G)
I> [08/12/2016 09:46:26] Le programme appelé depuis la CN est trouvé: C:\machines\T32 Bis\Programmes\LA CALHENE\9001-04-02G.MZK
I> [08/12/2016 09:46:26] Programmes dans les fichiers demandés: Programme 1545 (9001-04-02G), Programme 1547 (9001-04-02G), Programme 1549 (9001-04-02G), Programme 1551 (9001-04-02G), Programme 1552 (9001-04-02G)
