I> [08/11/2011 06:26:34] Port activé avec succès.
I> [08/11/2011 06:31:24] Réception: programme 1196 (5802400A)
I> [08/11/2011 06:31:29] Réception: programme 1197 (5802400A)
I> [08/11/2011 06:31:37] Réception: programme 1201 (5802400A)
I> [08/11/2011 06:31:54] Fichier reçu: C:\machines\T32 Bis\Programmes\5802400A.MZK
I> [08/11/2011 06:31:54] Programmes dans les fichiers demandés: Programme 1196 (5802400A), Programme 1197 (5802400A), Programme 1201 (5802400A)
I> [08/11/2011 06:34:38] Réception: programme 1196 (5802400A)
I> [08/11/2011 06:34:43] Réception: programme 1197 (5802400A)
I> [08/11/2011 06:34:51] Réception: programme 1201 (5802400A)
I> [08/11/2011 06:35:08] Fichier reçu: C:\machines\T32 Bis\Programmes\5802400A.MZK
I> [08/11/2011 06:35:08] Programmes dans les fichiers demandés: Programme 1196 (5802400A), Programme 1197 (5802400A), Programme 1201 (5802400A)
I> [08/11/2011 19:53:35] Réception: programme 1202 (4996812B)
I> [08/11/2011 19:53:45] Réception: programme 1203 (4996812B)
I> [08/11/2011 19:54:15] Réception: programme 1204 (4996812B)
I> [08/11/2011 19:54:46] Fichier reçu: C:\machines\T32 Bis\Programmes\4996812B.MZK
I> [08/11/2011 19:54:46] Programmes dans les fichiers demandés: Programme 1202 (4996812B), Programme 1203 (4996812B), Programme 1204 (4996812B)
I> [08/11/2011 20:16:50] Appel depuis la CN de: 2983960A 8
I> [08/11/2011 20:16:54] Le programme appelé depuis la CN est trouvé: C:\machines\T32 Bis\Programmes\2983960A 8.MZK
I> [08/11/2011 20:16:54] Programmes dans les fichiers demandés: Programme 4539 (2983960A 8), Programme 4540 (2983960A 8)
I> [08/11/2011 20:17:35] Emission de programme: Programme 4539 (2983960A 8)
I> [08/11/2011 20:18:02] Emission de programme: Programme 4540 (2983960A 8)
