I> [09/07/2007 05:42:09] Port activé avec succès.
I> [09/07/2007 08:30:08] Réception: programme 4457 (111901601G)
I> [09/07/2007 08:30:23] Réception: programme 4459 (111901601G)
I> [09/07/2007 08:30:38] Réception: programme 4462 (111901601G)
I> [09/07/2007 08:30:59] Réception: programme 4463 (111901601G)
I> [09/07/2007 08:31:27] Fichier reçu: C:\machines\T32\Programmes\111901601G.MZK
I> [09/07/2007 08:31:27] Programmes dans les fichiers demandés: Programme 4457 (111901601G), Programme 4459 (111901601G), Programme 4462 (111901601G), Programme 4463 (111901601G)
I> [09/07/2007 08:34:30] Réception: programme 4458 (111900801G)
I> [09/07/2007 08:34:44] Réception: programme 4460 (111900801G)
I> [09/07/2007 08:34:59] Réception: programme 4461 (111900801G)
I> [09/07/2007 08:35:27] Réception: programme 4464 (111900801G)
I> [09/07/2007 08:35:55] Fichier reçu: C:\machines\T32\Programmes\111900801G.MZK
I> [09/07/2007 08:35:55] Programmes dans les fichiers demandés: Programme 4458 (111900801G), Programme 4460 (111900801G), Programme 4461 (111900801G), Programme 4464 (111900801G)
I> [09/07/2007 09:24:12] Appel depuis la CN de: 30190300101
I> [09/07/2007 09:24:23] Le programme appelé depuis la CN est trouvé: C:\machines\T32\Programmes\LA CALHENE\30190300101.MZK
I> [09/07/2007 09:24:23] Programmes dans les fichiers demandés: Programme 4083 (30190300101), Programme 4090 (30190300101), Programme 4103 (30190300101), Programme 4104 (30190300101)
I> [09/07/2007 09:24:41] Emission de programme: Programme 4083 (30190300101)
I> [09/07/2007 09:24:53] Emission de programme: Programme 4090 (30190300101)
I> [09/07/2007 09:25:46] Emission de programme: Programme 4103 (30190300101)
I> [09/07/2007 09:26:01] Emission de programme: Programme 4104 (30190300101)
