I> [09/01/2018 05:15:57] Port activé avec succès.
I> [09/01/2018 11:03:10] Appel depuis la CN de: 4340-02-09
I> [09/01/2018 11:03:15] Le programme appelé depuis la CN est trouvé: C:\machines\T32 Bis\Programmes\LA CALHENE\4340-02-09.MZK
I> [09/01/2018 11:03:15] Programmes dans les fichiers demandés: Programme 998 (4340-02-09), Programme 999 (4340-02-09), Programme 1537 (4340-02-09)
I> [09/01/2018 11:06:59] Emission de programme: Programme 998 (4340-02-09)
I> [09/01/2018 11:09:19] Appel depuis la CN de: 113504901D
I> [09/01/2018 11:09:23] Le programme appelé depuis la CN est trouvé: C:\machines\T32 Bis\Programmes\LA CALHENE\113504901D.MZK
I> [09/01/2018 11:09:23] Programmes dans les fichiers demandés: Programme 4358 (113504901D), Programme 4359 (113504901D)
I> [09/01/2018 11:11:17] Appel depuis la CN de: 4340-02-09
I> [09/01/2018 11:11:22] Le programme appelé depuis la CN est trouvé: C:\machines\T32 Bis\Programmes\LA CALHENE\4340-02-09.MZK
I> [09/01/2018 11:11:22] Programmes dans les fichiers demandés: Programme 998 (4340-02-09), Programme 999 (4340-02-09), Programme 1537 (4340-02-09)
I> [09/01/2018 11:12:15] Emission de programme: Programme 998 (4340-02-09)
E> [09/01/2018 11:16:43] Transmission avortée. [Délai de réponse dépassé, interruption de la transmission]
I> [09/01/2018 17:19:49] Appel depuis la CN de: 11270-01-01
I> [09/01/2018 17:19:59] Le programme appelé depuis la CN est trouvé: C:\machines\T32 Bis\Programmes\LA CALHENE\11270-01-01.MZK
I> [09/01/2018 17:19:59] Programmes dans les fichiers demandés: Programme 739 (11270-01-01), Programme 1438 (11270-01-01), Programme 1439 (11270-01-01)
I> [09/01/2018 17:20:07] Appel depuis la CN de: 11270-01-01
I> [09/01/2018 17:20:14] Le programme appelé depuis la CN est trouvé: C:\machines\T32 Bis\Programmes\LA CALHENE\11270-01-01.MZK
I> [09/01/2018 17:20:14] Programmes dans les fichiers demandés: Programme 739 (11270-01-01), Programme 1438 (11270-01-01), Programme 1439 (11270-01-01)
I> [09/01/2018 17:20:18] Emission de programme: Programme 739 (11270-01-01)
