I> [09/05/2012 06:03:27] Port activé avec succès.
I> [09/05/2012 06:04:08] Appel depuis la CN de: 2974893K
E> [09/05/2012 06:04:12] N'a pu émettre le fichier: C:\machines\T32 Bis\Programmes\81B0004 E.MZK [Le système ne peut pas lire le périphérique indiqué]
I> [09/05/2012 06:04:13] Le programme appelé depuis la CN est trouvé: C:\machines\T32 Bis\Programmes\FLOWSERVE\2974893K.MZK
I> [09/05/2012 06:04:13] Programmes dans les fichiers demandés: Programme 781 (2974893K), Programme 783 (2974893K)
I> [09/05/2012 06:05:04] Appel depuis la CN de: 2974893K
I> [09/05/2012 06:05:12] Le programme appelé depuis la CN est trouvé: C:\machines\T32 Bis\Programmes\FLOWSERVE\2974893K.MZK
I> [09/05/2012 06:05:12] Programmes dans les fichiers demandés: Programme 781 (2974893K), Programme 783 (2974893K)
I> [09/05/2012 06:05:13] Emission de programme: Programme 781 (2974893K)
I> [09/05/2012 06:05:34] Emission de programme: Programme 783 (2974893K)
I> [09/05/2012 14:20:29] Appel depuis la CN de: 3976072F
I> [09/05/2012 14:20:52] Le programme appelé depuis la CN est trouvé: C:\machines\T32 Bis\Programmes\FLOWSERVE\3976072F.MZK
I> [09/05/2012 14:20:52] Programmes dans les fichiers demandés: Programme 873 (3976072F), Programme 874 (3976072F)
I> [09/05/2012 14:21:20] Appel depuis la CN de: 3976072F
I> [09/05/2012 14:21:25] Le programme appelé depuis la CN est trouvé: C:\machines\T32 Bis\Programmes\FLOWSERVE\3976072F.MZK
I> [09/05/2012 14:21:25] Programmes dans les fichiers demandés: Programme 873 (3976072F), Programme 874 (3976072F)
I> [09/05/2012 14:21:30] Emission de programme: Programme 873 (3976072F)
I> [09/05/2012 14:21:55] Emission de programme: Programme 874 (3976072F)
I> [09/05/2012 14:23:28] Appel depuis la CN de: 3976068E
I> [09/05/2012 14:23:33] Le programme appelé depuis la CN est trouvé: C:\machines\T32 Bis\Programmes\FLOWSERVE\3976068E.MZK
I> [09/05/2012 14:23:33] Programmes dans les fichiers demandés: Programme 1274 (3976068E), Programme 1275 (3976068E)
I> [09/05/2012 14:23:43] Emission de programme: Programme 1274 (3976068E)
I> [09/05/2012 14:24:02] Emission de programme: Programme 1275 (3976068E)
I> [09/05/2012 14:28:19] Appel depuis la CN de: 3976070F-2
I> [09/05/2012 14:28:24] Le programme appelé depuis la CN est trouvé: C:\machines\T32 Bis\Programmes\FLOWSERVE\3976070F-2.MZK
I> [09/05/2012 14:28:24] Programmes dans les fichiers demandés: Programme 1014 (3976070F-2), Programme 1015 (3976070F-2)
I> [09/05/2012 14:28:33] Emission de programme: Programme 1014 (3976070F-2)
I> [09/05/2012 14:28:54] Emission de programme: Programme 1015 (3976070F-2)
