I> [09/01/2012 05:24:42] Port activé avec succès.
I> [09/01/2012 08:25:34] Port activé avec succès.
I> [09/01/2012 14:06:28] Appel depuis la CN de: 4990704A
I> [09/01/2012 14:06:33] Le programme appelé depuis la CN est trouvé: C:\machines\T32 Bis\Programmes\FLOWSERVE\4990704A.MZK
I> [09/01/2012 14:06:33] Programmes dans les fichiers demandés: Programme 4282 (4990704A), Programme 4283 (4990704A), Programme 4284 (4990704A), Programme 4293 (4990704A), Programme 4294 (4990704A)
I> [09/01/2012 14:07:04] Appel depuis la CN de: 4990704A
I> [09/01/2012 14:07:11] Le programme appelé depuis la CN est trouvé: C:\machines\T32 Bis\Programmes\FLOWSERVE\4990704A.MZK
I> [09/01/2012 14:07:11] Programmes dans les fichiers demandés: Programme 4282 (4990704A), Programme 4283 (4990704A), Programme 4284 (4990704A), Programme 4293 (4990704A), Programme 4294 (4990704A)
I> [09/01/2012 14:08:35] Appel depuis la CN de: 4990704 A14
I> [09/01/2012 14:08:40] Le programme appelé depuis la CN est trouvé: C:\machines\T32 Bis\Programmes\FLOWSERVE\4990704 A14.MZK
I> [09/01/2012 14:08:40] Programmes dans les fichiers demandés: Programme 1092 (4990704 A14)
I> [09/01/2012 14:08:47] Emission de programme: Programme 1092 (4990704 A14)
I> [09/01/2012 15:37:48] Appel depuis la CN de: 4990704 A14
I> [09/01/2012 15:37:53] Le programme appelé depuis la CN est trouvé: C:\machines\T32 Bis\Programmes\FLOWSERVE\4990704 A14.MZK
I> [09/01/2012 15:37:53] Programmes dans les fichiers demandés: Programme 1092 (4990704 A14)
I> [09/01/2012 15:40:09] Réception: programme 1229 (5996102A 14)
I> [09/01/2012 15:40:20] Fichier reçu: C:\machines\T32 Bis\Programmes\5996102A 14.MZK
I> [09/01/2012 15:40:20] Programmes dans les fichiers demandés: Programme 1229 (5996102A 14)
I> [09/01/2012 16:43:24] Réception: programme 1230 (5996101A 14)
I> [09/01/2012 16:43:35] Fichier reçu: C:\machines\T32 Bis\Programmes\5996101A 14.MZK
I> [09/01/2012 16:43:35] Programmes dans les fichiers demandés: Programme 1230 (5996101A 14)
I> [09/01/2012 17:13:54] Réception: programme 1231 (5996103A 14)
I> [09/01/2012 17:14:05] Fichier reçu: C:\machines\T32 Bis\Programmes\5996103A 14.MZK
I> [09/01/2012 17:14:05] Programmes dans les fichiers demandés: Programme 1231 (5996103A 14)
I> [09/01/2012 18:09:13] Réception: programme 1232 (5996122A 14)
I> [09/01/2012 18:09:24] Fichier reçu: C:\machines\T32 Bis\Programmes\5996122A 14.MZK
I> [09/01/2012 18:09:24] Programmes dans les fichiers demandés: Programme 1232 (5996122A 14)
I> [09/01/2012 18:09:45] Réception: programme 1232 (5996122A 14)
I> [09/01/2012 18:09:56] Fichier existant sauvegardé: C:\MACHINES\T32 BIS\SAUVEGARDES\5996122A 14_01.MZK
I> [09/01/2012 18:09:56] Fichier reçu: C:\machines\T32 Bis\Programmes\5996122A 14.MZK
I> [09/01/2012 18:09:56] Programmes dans les fichiers demandés: Programme 1232 (5996122A 14)
I> [09/01/2012 18:20:49] Réception: programme 1232 (5996122A 14)
I> [09/01/2012 18:21:00] Fichier existant sauvegardé: C:\MACHINES\T32 BIS\SAUVEGARDES\5996122A 14_02.MZK
I> [09/01/2012 18:21:00] Fichier reçu: C:\machines\T32 Bis\Programmes\5996122A 14.MZK
I> [09/01/2012 18:21:00] Programmes dans les fichiers demandés: Programme 1232 (5996122A 14)
I> [09/01/2012 19:17:03] Réception: programme 1233 (5996104A 14)
I> [09/01/2012 19:17:14] Fichier reçu: C:\machines\T32 Bis\Programmes\5996104A 14.MZK
I> [09/01/2012 19:17:14] Programmes dans les fichiers demandés: Programme 1233 (5996104A 14)
I> [09/01/2012 19:52:03] Appel depuis la CN de: 5801798A
I> [09/01/2012 19:52:08] Le programme appelé depuis la CN est trouvé: C:\machines\T32 Bis\Programmes\5801798A.MZK
I> [09/01/2012 19:52:08] Programmes dans les fichiers demandés: Programme 13, Données d'outil, Programme 13, Données d'outil, Programme 38, Données d'outil
I> [09/01/2012 19:52:19] Emission de programme: Programme 13
I> [09/01/2012 19:52:23] Emission de programme: Données d'outil
I> [09/01/2012 19:52:24] Emission de programme: Programme 13
I> [09/01/2012 19:52:27] Emission de programme: Données d'outil
I> [09/01/2012 19:52:28] Emission de programme: Programme 38
I> [09/01/2012 19:52:36] Emission de programme: Données d'outil
I> [09/01/2012 19:54:07] Appel depuis la CN de: 5801795A
I> [09/01/2012 19:54:12] Le programme appelé depuis la CN est trouvé: C:\machines\T32 Bis\Programmes\5801795A.MZK
I> [09/01/2012 19:54:12] Programmes dans les fichiers demandés: Programme 13, Données d'outil, Programme 13, Données d'outil, Programme 38, Données d'outil
I> [09/01/2012 19:54:25] Emission de programme: Programme 13
I> [09/01/2012 19:54:28] Emission de programme: Données d'outil
I> [09/01/2012 19:54:29] Emission de programme: Programme 13
I> [09/01/2012 19:54:32] Emission de programme: Données d'outil
I> [09/01/2012 19:54:33] Emission de programme: Programme 38
I> [09/01/2012 19:54:41] Emission de programme: Données d'outil
