I> [09/06/2010 07:31:07] Port activé avec succès.
I> [09/06/2010 08:57:42] Réception: programme 857 (130108311)
I> [09/06/2010 08:58:11] Réception: programme 858 (130108311)
I> [09/06/2010 08:58:36] Fichier reçu: C:\machines\T32 Bis\Programmes\130108311.MZK
I> [09/06/2010 08:58:36] Programmes dans les fichiers demandés: Programme 857 (130108311), Programme 858 (130108311)
I> [09/06/2010 09:04:18] Appel depuis la CN de: MA97750
I> [09/06/2010 09:04:25] Le programme appelé depuis la CN est trouvé: C:\machines\T32 Bis\Programmes\FLOWSERVE\MA97750.MZK
I> [09/06/2010 09:04:25] Programmes dans les fichiers demandés: Programme 299 (MA97750), Programme 300 (MA97750), Programme 301 (MA97750)
I> [09/06/2010 09:04:31] Emission de programme: Programme 299 (MA97750)
I> [09/06/2010 09:04:38] Emission de programme: Programme 300 (MA97750)
I> [09/06/2010 09:04:45] Emission de programme: Programme 301 (MA97750)
I> [09/06/2010 14:41:10] Réception: programme 859 (MA7750OI)
I> [09/06/2010 14:41:27] Fichier reçu: C:\machines\T32 Bis\Programmes\MA7750OI.MZK
I> [09/06/2010 14:41:27] Programmes dans les fichiers demandés: Programme 859 (MA7750OI)
I> [09/06/2010 14:42:50] Appel depuis la CN de: MA7750OI
I> [09/06/2010 14:42:57] Le programme appelé depuis la CN est trouvé: C:\machines\T32 Bis\Programmes\FLOWSERVE\MA7750OI.MZK
I> [09/06/2010 14:42:57] Programmes dans les fichiers demandés: Programme 859 (MA7750OI)
I> [09/06/2010 15:15:24] Emission de programme: Programme 859 (MA7750OI)
I> [09/06/2010 18:48:37] Réception: programme 860 (5998155A)
I> [09/06/2010 18:48:53] Fichier reçu: C:\machines\T32 Bis\Programmes\5998155A.MZK
I> [09/06/2010 18:48:53] Programmes dans les fichiers demandés: Programme 860 (5998155A)
