I> [09/06/06 10:08:55] Réception: programme 4144 (09905001)
I> [09/06/06 10:09:12] Réception: programme 4147 (09905001)
I> [09/06/06 10:09:37] Fichier reçu: C:\machines\T32\Programmes\09905001.MZK
I> [09/06/06 10:09:37] Programmes dans les fichiers demandés: Programme 4144 (09905001), Programme 4147 (09905001)
I> [09/06/06 10:09:49] Réception: programme 4145 (09904011)
I> [09/06/06 10:10:02] Réception: programme 4146 (09904011)
I> [09/06/06 10:10:19] Fichier reçu: C:\machines\T32\Programmes\09904011.MZK
I> [09/06/06 10:10:19] Programmes dans les fichiers demandés: Programme 4145 (09904011), Programme 4146 (09904011)
I> [09/06/06 14:54:45] Réception: programme 4148 (84353 B)
I> [09/06/06 14:55:00] Réception: programme 4150 (84353 B)
I> [09/06/06 14:55:10] Réception: programme 4149 (84352 B)
I> [09/06/06 14:55:26] Réception: programme 4151 (84352 B)
I> [09/06/06 14:55:38] Fichier reçu: C:\machines\T32\Programmes\84353 B.MZK
I> [09/06/06 14:55:39] Programmes dans les fichiers demandés: Programme 4148 (84353 B), Programme 4150 (84353 B), Programme 4149 (84352 B), Programme 4151 (84352 B)
I> [09/06/06 15:01:59] Réception: programme 4148 (84353 B)
I> [09/06/06 15:02:14] Réception: programme 4150 (84353 B)
I> [09/06/06 15:02:27] Fichier reçu: C:\machines\T32\Programmes\84353 B.MZK
I> [09/06/06 15:02:27] Programmes dans les fichiers demandés: Programme 4148 (84353 B), Programme 4150 (84353 B)
I> [09/06/06 15:03:45] Réception: programme 4149 (84352 B)
I> [09/06/06 15:04:00] Réception: programme 4151 (84352 B)
I> [09/06/06 15:04:13] Fichier reçu: C:\machines\T32\Programmes\84352 B.MZK
I> [09/06/06 15:04:13] Programmes dans les fichiers demandés: Programme 4149 (84352 B), Programme 4151 (84352 B)
I> [09/06/06 15:13:57] Appel depuis la CN de: 3T013293141
I> [09/06/06 15:14:05] Le programme appelé depuis la CN est trouvé: C:\machines\T32\Programmes\TECHVAL\3T013293141.MZK
I> [09/06/06 15:14:05] Programmes dans les fichiers demandés: Programme 4091 (3T013293141)
I> [09/06/06 15:14:12] Emission de programme: Programme 4091 (3T013293141)
