I> [09/01/2013 05:15:33] Port activé avec succès.
I> [09/01/2013 07:30:09] Appel depuis la CN de: 112705501
E> [09/01/2013 07:30:14] N'a pu trouver le programme appelé depuis la CN: 112705501.MZK [Premier répertoire recherché : C:\machines\T32 Bis\Programmes]
E> [09/01/2013 07:30:14] N'a pu émettre le fichier. [Previous remote request failed.]
E> [09/01/2013 07:30:16] N'a pu émettre le fichier. [Previous remote request failed.]
I> [09/01/2013 07:30:33] Appel depuis la CN de: 11270 55 01
E> [09/01/2013 07:30:37] N'a pu émettre le fichier. [Previous remote request failed.]
E> [09/01/2013 07:30:38] N'a pu trouver le programme appelé depuis la CN: 11270 55 01.MZK [Premier répertoire recherché : C:\machines\T32 Bis\Programmes]
E> [09/01/2013 07:30:39] N'a pu émettre le fichier. [Previous remote request failed.]
E> [09/01/2013 07:30:41] N'a pu émettre le fichier. [Previous remote request failed.]
I> [09/01/2013 07:31:14] Appel depuis la CN de: 11270 55 01
E> [09/01/2013 07:31:18] N'a pu trouver le programme appelé depuis la CN: 11270 55 01.MZK [Premier répertoire recherché : C:\machines\T32 Bis\Programmes]
E> [09/01/2013 07:31:21] N'a pu émettre le fichier. [Previous remote request failed.]
E> [09/01/2013 07:31:22] N'a pu émettre le fichier. [Previous remote request failed.]
I> [09/01/2013 07:31:43] Appel depuis la CN de: 11270-01-01
I> [09/01/2013 07:31:48] Le programme appelé depuis la CN est trouvé: C:\machines\T32 Bis\Programmes\LA CALHENE\11270-01-01.MZK
I> [09/01/2013 07:31:48] Programmes dans les fichiers demandés: Programme 1004 (11270-01-01), Programme 1005 (11270-01-01), Programme 739 (11270-01-01)
I> [09/01/2013 07:32:16] Appel depuis la CN de: 112705501
I> [09/01/2013 07:32:28] Appel depuis la CN de: 112705501
E> [09/01/2013 07:32:35] N'a pu trouver le programme appelé depuis la CN: 112705501.MZK [Premier répertoire recherché : C:\machines\T32 Bis\Programmes]
E> [09/01/2013 07:32:37] N'a pu émettre le fichier. [Previous remote request failed.]
I> [09/01/2013 07:33:17] Appel depuis la CN de: 11270 55 01
E> [09/01/2013 07:33:22] N'a pu trouver le programme appelé depuis la CN: 11270 55 01.MZK [Premier répertoire recherché : C:\machines\T32 Bis\Programmes]
E> [09/01/2013 07:33:23] N'a pu émettre le fichier. [Previous remote request failed.]
E> [09/01/2013 07:33:25] N'a pu émettre le fichier. [Previous remote request failed.]
I> [09/01/2013 07:33:44] Port arrêté.
I> [09/01/2013 07:36:27] Port activé avec succès.
I> [09/01/2013 07:36:37] Appel depuis la CN de: 11270 55 01
E> [09/01/2013 07:36:42] N'a pu trouver le programme appelé depuis la CN: 11270 55 01.MZK [Premier répertoire recherché : C:\machines\T32 Bis\Programmes]
E> [09/01/2013 07:36:43] N'a pu émettre le fichier. [Previous remote request failed.]
E> [09/01/2013 07:36:45] N'a pu émettre le fichier. [Previous remote request failed.]
E> [09/01/2013 07:36:46] N'a pu émettre le fichier. [Previous remote request failed.]
E> [09/01/2013 07:36:47] N'a pu émettre le fichier. [Previous remote request failed.]
I> [09/01/2013 07:37:05] Appel depuis la CN de: 11270 55 01
E> [09/01/2013 07:37:10] N'a pu trouver le programme appelé depuis la CN: 11270 55 01.MZK [Premier répertoire recherché : C:\machines\T32 Bis\Programmes]
E> [09/01/2013 07:37:10] N'a pu émettre le fichier. [Previous remote request failed.]
E> [09/01/2013 07:37:12] N'a pu émettre le fichier. [Previous remote request failed.]
I> [09/01/2013 07:38:39] Appel depuis la CN de: 11270-55-01
E> [09/01/2013 07:38:43] N'a pu émettre le fichier. [Previous remote request failed.]
I> [09/01/2013 07:38:44] Le programme appelé depuis la CN est trouvé: C:\machines\T32 Bis\Programmes\11270-55-01.MZK
I> [09/01/2013 07:38:44] Programmes dans les fichiers demandés: Programme 4064 (11270-55-01), Programme 4066 (11270-55-01), Programme 4099 (11270-55-01), Programme 4101 (11270-55-01)
I> [09/01/2013 07:39:00] Emission de programme: Programme 4064 (11270-55-01)
I> [09/01/2013 07:39:51] Emission de programme: Programme 4099 (11270-55-01)
