I> [09/09/2011 05:48:03] Port activé avec succès.
I> [09/09/2011 08:27:26] Réception: programme 1147 (241003227)
I> [09/09/2011 08:27:35] Réception: programme 1148 (241003227)
I> [09/09/2011 08:27:46] Fichier existant sauvegardé: C:\MACHINES\T32 BIS\SAUVEGARDES\241003227_01.MZK
I> [09/09/2011 08:27:46] Fichier reçu: C:\machines\T32 Bis\Programmes\241003227.MZK
I> [09/09/2011 08:27:46] Programmes dans les fichiers demandés: Programme 1147 (241003227), Programme 1148 (241003227)
I> [09/09/2011 08:30:29] Appel depuis la CN de: 241003227
E> [09/09/2011 08:30:33] N'a pu émettre le fichier: C:\machines\T32 Bis\Programmes\241003227.MZK [Le système ne peut pas lire le périphérique indiqué]
I> [09/09/2011 08:30:33] Le programme appelé depuis la CN est trouvé: C:\machines\T32 Bis\Programmes\ERCA FORMSEAL\241003227.MZK
I> [09/09/2011 08:30:33] Programmes dans les fichiers demandés: Programme 1147 (241003227), Programme 1148 (241003227)
I> [09/09/2011 08:30:43] Appel depuis la CN de: 241003227
I> [09/09/2011 08:30:50] Le programme appelé depuis la CN est trouvé: C:\machines\T32 Bis\Programmes\ERCA FORMSEAL\241003227.MZK
I> [09/09/2011 08:30:50] Programmes dans les fichiers demandés: Programme 1147 (241003227), Programme 1148 (241003227)
I> [09/09/2011 08:55:19] Appel depuis la CN de: 305728
I> [09/09/2011 08:55:24] Le programme appelé depuis la CN est trouvé: C:\machines\T32 Bis\Programmes\FLOWSERVE\305728.MZK
I> [09/09/2011 08:55:24] Programmes dans les fichiers demandés: Programme 932 (305728), Programme 933 (305728)
I> [09/09/2011 08:57:08] Appel depuis la CN de: 305728
I> [09/09/2011 08:57:13] Le programme appelé depuis la CN est trouvé: C:\machines\T32 Bis\Programmes\305728.MZK
I> [09/09/2011 08:57:13] Programmes dans les fichiers demandés: Programme 5240 (305728), Programme 5241 (305728), Programme 5242 (305728), Programme 5243 (305728), Programme 5244 (305728), Programme 5245 (305728)
I> [09/09/2011 08:57:32] Emission de programme: Programme 5240 (305728)
I> [09/09/2011 08:57:42] Emission de programme: Programme 5241 (305728)
I> [09/09/2011 08:57:49] Emission de programme: Programme 5242 (305728)
I> [09/09/2011 08:57:59] Emission de programme: Programme 5243 (305728)
I> [09/09/2011 08:58:08] Emission de programme: Programme 5244 (305728)
I> [09/09/2011 08:58:22] Emission de programme: Programme 5245 (305728)
I> [09/09/2011 12:50:04] Port activé avec succès.
I> [09/09/2011 13:26:25] Port activé avec succès.
I> [09/09/2011 13:48:08] Port activé avec succès.
I> [09/09/2011 13:52:33] Port activé avec succès.
I> [09/09/2011 14:14:57] Port activé avec succès.
I> [09/09/2011 14:29:14] Port activé avec succès.
