I> [09/05/2011 05:07:24] Port activé avec succès.
I> [09/05/2011 09:16:00] Appel depuis la CN de: 2974093B 2
E> [09/05/2011 09:16:04] N'a pu émettre le fichier: C:\machines\T32 Bis\Programmes\2976518A.MZK [Le système ne peut pas lire le périphérique indiqué]
E> [09/05/2011 09:16:05] N'a pu trouver le programme appelé depuis la CN: 2974093B 2.MZK [Premier répertoire recherché : C:\machines\T32 Bis\Programmes]
E> [09/05/2011 09:16:05] N'a pu émettre le fichier. [Previous remote request failed.]
E> [09/05/2011 09:16:07] N'a pu émettre le fichier. [Previous remote request failed.]
E> [09/05/2011 09:16:08] N'a pu émettre le fichier. [Previous remote request failed.]
I> [09/05/2011 09:16:35] Appel depuis la CN de: 2974093B2
E> [09/05/2011 09:16:39] N'a pu émettre le fichier. [Previous remote request failed.]
E> [09/05/2011 09:16:39] N'a pu trouver le programme appelé depuis la CN: 2974093B2.MZK [Premier répertoire recherché : C:\machines\T32 Bis\Programmes]
E> [09/05/2011 09:16:40] N'a pu émettre le fichier. [Previous remote request failed.]
E> [09/05/2011 09:16:40] N'a pu émettre le fichier. [Previous remote request failed.]
I> [09/05/2011 09:17:00] Appel depuis la CN de: 2974093B 2
E> [09/05/2011 09:17:04] N'a pu émettre le fichier. [Previous remote request failed.]
E> [09/05/2011 09:17:05] N'a pu trouver le programme appelé depuis la CN: 2974093B 2.MZK [Premier répertoire recherché : C:\machines\T32 Bis\Programmes]
E> [09/05/2011 09:17:05] N'a pu émettre le fichier. [Previous remote request failed.]
E> [09/05/2011 09:17:06] N'a pu émettre le fichier. [Previous remote request failed.]
E> [09/05/2011 09:17:06] N'a pu émettre le fichier. [Previous remote request failed.]
E> [09/05/2011 09:17:06] N'a pu émettre le fichier. [Previous remote request failed.]
E> [09/05/2011 09:17:11] N'a pu émettre le fichier. [Previous remote request failed.]
E> [09/05/2011 09:17:11] N'a pu émettre le fichier. [Previous remote request failed.]
E> [09/05/2011 09:17:12] N'a pu émettre le fichier. [Previous remote request failed.]
E> [09/05/2011 09:17:14] N'a pu émettre le fichier. [Previous remote request failed.]
E> [09/05/2011 09:17:14] N'a pu émettre le fichier. [Previous remote request failed.]
I> [09/05/2011 09:17:21] Appel depuis la CN de: 2974093B 2
E> [09/05/2011 09:17:26] N'a pu émettre le fichier. [Previous remote request failed.]
E> [09/05/2011 09:17:26] N'a pu trouver le programme appelé depuis la CN: 2974093B 2.MZK [Premier répertoire recherché : C:\machines\T32 Bis\Programmes]
E> [09/05/2011 09:17:26] N'a pu émettre le fichier. [Previous remote request failed.]
E> [09/05/2011 09:17:27] N'a pu émettre le fichier. [Previous remote request failed.]
E> [09/05/2011 09:17:27] N'a pu émettre le fichier. [Previous remote request failed.]
I> [09/05/2011 09:20:33] Appel depuis la CN de: 2974093B 3
I> [09/05/2011 09:20:38] Le programme appelé depuis la CN est trouvé: C:\machines\T32 Bis\Programmes\FLOWSERVE\2974093B 3.MZK
I> [09/05/2011 09:20:38] Programmes dans les fichiers demandés: Programme 166 (2974093B 3), Programme 167 (2974093B 3)
I> [09/05/2011 09:20:49] Emission de programme: Programme 166 (2974093B 3)
I> [09/05/2011 09:21:12] Emission de programme: Programme 167 (2974093B 3)
I> [09/05/2011 16:52:54] Appel depuis la CN de: 241003549
I> [09/05/2011 16:53:01] Le programme appelé depuis la CN est trouvé: C:\machines\T32 Bis\Programmes\ERCA FORMSEAL\241003549.MZK
I> [09/05/2011 16:53:01] Programmes dans les fichiers demandés: Programme 617 (241003549), Programme 618 (241003549)
I> [09/05/2011 16:53:12] Appel depuis la CN de: 241003549
I> [09/05/2011 16:53:17] Le programme appelé depuis la CN est trouvé: C:\machines\T32 Bis\Programmes\ERCA FORMSEAL\241003549.MZK
I> [09/05/2011 16:53:17] Programmes dans les fichiers demandés: Programme 617 (241003549), Programme 618 (241003549)
I> [09/05/2011 16:53:22] Emission de programme: Programme 617 (241003549)
I> [09/05/2011 16:53:37] Emission de programme: Programme 618 (241003549)
I> [09/05/2011 16:54:47] Appel depuis la CN de: 241003549 A
E> [09/05/2011 16:54:52] N'a pu trouver le programme appelé depuis la CN: 241003549 A.MZK [Premier répertoire recherché : C:\machines\T32 Bis\Programmes]
E> [09/05/2011 16:54:55] N'a pu émettre le fichier. [Previous remote request failed.]
I> [09/05/2011 16:55:27] Appel depuis la CN de: 241003549 2
I> [09/05/2011 16:55:32] Le programme appelé depuis la CN est trouvé: C:\machines\T32 Bis\Programmes\ERCA FORMSEAL\241003549 2.MZK
I> [09/05/2011 16:55:32] Programmes dans les fichiers demandés: Programme 666 (241003549 2), Programme 667 (241003549 2)
I> [09/05/2011 16:55:37] Emission de programme: Programme 666 (241003549 2)
I> [09/05/2011 16:55:48] Emission de programme: Programme 667 (241003549 2)
I> [09/05/2011 17:09:51] Appel depuis la CN de: 4990704 A14
I> [09/05/2011 17:09:56] Le programme appelé depuis la CN est trouvé: C:\machines\T32 Bis\Programmes\4990704 A14.MZK
I> [09/05/2011 17:09:56] Programmes dans les fichiers demandés: Programme 4934 (4990704 A14), Programme 4935 (4990704 A14), Programme 4938 (4990704 A14), Programme 4939 (4990704 A14)
I> [09/05/2011 17:10:01] Emission de programme: Programme 4934 (4990704 A14)
I> [09/05/2011 17:10:11] Emission de programme: Programme 4935 (4990704 A14)
I> [09/05/2011 17:10:22] Emission de programme: Programme 4938 (4990704 A14)
I> [09/05/2011 17:10:39] Emission de programme: Programme 4939 (4990704 A14)
