I> [09/05/2008 07:27:22] Réception: programme 240 (3985248C)
I> [09/05/2008 07:27:44] Réception: programme 241 (3985248C)
I> [09/05/2008 07:28:11] Fichier reçu: C:\machines\T32 Bis\Programmes\3985248C.MZK
I> [09/05/2008 07:28:11] Programmes dans les fichiers demandés: Programme 240 (3985248C), Programme 241 (3985248C)
I> [09/05/2008 10:56:58] Réception: programme 242 (09603005F)
I> [09/05/2008 10:57:09] Réception: programme 243 (09603005F)
I> [09/05/2008 10:57:14] Réception: programme 244 (09603005F)
I> [09/05/2008 10:57:38] Fichier reçu: C:\machines\T32 Bis\Programmes\09603005F.MZK
I> [09/05/2008 10:57:38] Programmes dans les fichiers demandés: Programme 242 (09603005F), Programme 243 (09603005F), Programme 244 (09603005F)
I> [09/05/2008 11:11:38] Appel depuis la CN de: 2973968B 3
I> [09/05/2008 11:11:43] Le programme appelé depuis la CN est trouvé: C:\machines\T32 Bis\Programmes\DRESSER\2973968B 3.MZK
I> [09/05/2008 11:11:43] Programmes dans les fichiers demandés: Programme 165 (2973968B 3), Programme 168 (2973968B 3)
I> [09/05/2008 11:12:01] Emission de programme: Programme 165 (2973968B 3)
I> [09/05/2008 11:12:23] Emission de programme: Programme 168 (2973968B 3)
I> [09/05/2008 15:26:53] Appel depuis la CN de: 3971874G-2
I> [09/05/2008 15:26:59] Le programme appelé depuis la CN est trouvé: C:\machines\T32 Bis\Programmes\3971874G-2.MZK
I> [09/05/2008 15:26:59] Programmes dans les fichiers demandés: Programme 42, Données d'outil, Programme 34, Données d'outil
I> [09/05/2008 15:27:03] Emission de programme: Programme 42
I> [09/05/2008 15:27:11] Emission de programme: Données d'outil
I> [09/05/2008 15:27:12] Emission de programme: Programme 34
I> [09/05/2008 15:27:20] Emission de programme: Données d'outil
