I> [09/03/2009 05:04:08] Port activé avec succès.
I> [09/03/2009 06:06:08] Appel depuis la CN de: 205009101
I> [09/03/2009 06:06:14] Le programme appelé depuis la CN est trouvé: C:\machines\T32 Bis\Programmes\205009101.MZK
I> [09/03/2009 06:06:14] Programmes dans les fichiers demandés: Programme 4780 (205009101), Programme 4784 (205009101)
I> [09/03/2009 06:06:28] Emission de programme: Programme 4780 (205009101)
I> [09/03/2009 06:06:39] Emission de programme: Programme 4784 (205009101)
I> [09/03/2009 09:06:36] Appel depuis la CN de: 205008095
E> [09/03/2009 09:06:43] N'a pu émettre le fichier: C:\machines\T32 Bis\Programmes\205009101.MZK [Le système ne peut pas lire le périphérique indiqué]
I> [09/03/2009 09:06:43] Le programme appelé depuis la CN est trouvé: C:\machines\T32 Bis\Programmes\205008095.MZK
I> [09/03/2009 09:06:43] Programmes dans les fichiers demandés: Programme 4782 (205008095), Programme 4783 (205008095)
I> [09/03/2009 09:06:52] Appel depuis la CN de: 205008095
I> [09/03/2009 09:06:58] Le programme appelé depuis la CN est trouvé: C:\machines\T32 Bis\Programmes\205008095.MZK
I> [09/03/2009 09:06:58] Programmes dans les fichiers demandés: Programme 4782 (205008095), Programme 4783 (205008095)
I> [09/03/2009 09:07:04] Emission de programme: Programme 4782 (205008095)
I> [09/03/2009 09:07:15] Emission de programme: Programme 4783 (205008095)
I> [09/03/2009 17:13:19] Réception: programme 498 (205008095)
I> [09/03/2009 17:13:31] Réception: programme 501 (205008095)
I> [09/03/2009 17:13:45] Fichier existant sauvegardé: C:\MACHINES\T32 BIS\SAUVEGARDES\205008095_01.MZK
I> [09/03/2009 17:13:45] Fichier reçu: C:\machines\T32 Bis\Programmes\205008095.MZK
I> [09/03/2009 17:13:45] Programmes dans les fichiers demandés: Programme 498 (205008095), Programme 501 (205008095)
