I> [09/03/2017 07:20:31] Port activé avec succès.
I> [09/03/2017 18:08:51] Appel depuis la CN de: 1126805206B
E> [09/03/2017 18:08:56] N'a pu émettre le fichier: C:\machines\T32 Bis\Programmes\21270080201.MZK [Le système ne peut pas lire le périphérique indiqué]
I> [09/03/2017 18:08:56] Le programme appelé depuis la CN est trouvé: C:\machines\T32 Bis\Programmes\1126805206B.MZK
I> [09/03/2017 18:08:56] Programmes dans les fichiers demandés: Programme 11, Données d'outil, Programme 11, Données d'outil, Programme 8, Données d'outil, Programme 21, Données d'outil, Programme 13, Données d'outil, Programme 6, Données d'outil, Programme 10, Données d'outil, Programme 38, Données d'outil, Programme 25, Données d'outil
I> [09/03/2017 18:09:13] Emission de programme: Programme 8
I> [09/03/2017 18:09:15] Emission de programme: Données d'outil
I> [09/03/2017 18:09:16] Emission de programme: Programme 25
I> [09/03/2017 18:09:22] Emission de programme: Données d'outil
I> [09/03/2017 20:46:15] Appel depuis la CN de: 116193402A
E> [09/03/2017 20:46:25] N'a pu trouver le programme appelé depuis la CN: 116193402A.MZK [Premier répertoire recherché : C:\machines\T32 Bis\Programmes]
I> [09/03/2017 20:46:39] Appel depuis la CN de: 116193402A
E> [09/03/2017 20:46:43] N'a pu émettre le fichier. [Previous remote request failed.]
E> [09/03/2017 20:46:43] N'a pu trouver le programme appelé depuis la CN: 116193402A.MZK [Premier répertoire recherché : C:\machines\T32 Bis\Programmes]
E> [09/03/2017 20:46:44] N'a pu émettre le fichier. [Previous remote request failed.]
E> [09/03/2017 20:46:46] N'a pu émettre le fichier. [Previous remote request failed.]
I> [09/03/2017 20:47:09] Appel depuis la CN de: 1161934302A
I> [09/03/2017 20:47:13] Le programme appelé depuis la CN est trouvé: C:\machines\T32 Bis\Programmes\1161934302A.MZK
I> [09/03/2017 20:47:13] Programmes dans les fichiers demandés: Programme 11, Données d'outil, Programme 11, Données d'outil
I> [09/03/2017 20:47:29] Appel depuis la CN de: 1161934302A
I> [09/03/2017 20:47:34] Le programme appelé depuis la CN est trouvé: C:\machines\T32 Bis\Programmes\1161934302A.MZK
I> [09/03/2017 20:47:34] Programmes dans les fichiers demandés: Programme 11, Données d'outil, Programme 11, Données d'outil
I> [09/03/2017 20:49:37] Appel depuis la CN de: 1161934302A
I> [09/03/2017 20:49:44] Le programme appelé depuis la CN est trouvé: C:\machines\T32 Bis\Programmes\1161934302A.MZK
I> [09/03/2017 20:49:44] Programmes dans les fichiers demandés: Programme 15, Données d'outil, Programme 15, Données d'outil, Programme 16, Données d'outil, Programme 5, Données d'outil, Programme 18, Données d'outil
I> [09/03/2017 20:49:47] Emission de programme: Programme 15
I> [09/03/2017 20:49:50] Emission de programme: Données d'outil
I> [09/03/2017 20:49:51] Emission de programme: Programme 15
I> [09/03/2017 20:49:55] Emission de programme: Données d'outil
I> [09/03/2017 20:49:56] Emission de programme: Programme 16
I> [09/03/2017 20:49:59] Emission de programme: Données d'outil
I> [09/03/2017 20:50:00] Emission de programme: Programme 5
I> [09/03/2017 20:50:02] Emission de programme: Données d'outil
I> [09/03/2017 20:50:03] Emission de programme: Programme 18
I> [09/03/2017 20:50:07] Emission de programme: Données d'outil
