I> [09/03/2010 05:03:10] Port activé avec succès.
I> [09/03/2010 07:13:00] Réception: programme 800 (5997235A)
I> [09/03/2010 07:13:11] Réception: programme 801 (5997235A)
I> [09/03/2010 07:13:23] Fichier reçu: C:\machines\T32 Bis\Programmes\5997235A.MZK
I> [09/03/2010 07:13:23] Programmes dans les fichiers demandés: Programme 800 (5997235A), Programme 801 (5997235A)
I> [09/03/2010 11:29:36] Réception: programme 802 (5998873-1B)
I> [09/03/2010 11:29:48] Réception: programme 804 (5998873-1B)
I> [09/03/2010 11:30:00] Fichier reçu: C:\machines\T32 Bis\Programmes\5998873-1B.MZK
I> [09/03/2010 11:30:00] Programmes dans les fichiers demandés: Programme 802 (5998873-1B), Programme 804 (5998873-1B)
I> [09/03/2010 11:30:23] Réception: programme 803 (5998873-2B)
I> [09/03/2010 11:30:35] Réception: programme 804 (5998873-2B)
I> [09/03/2010 11:30:47] Fichier reçu: C:\machines\T32 Bis\Programmes\5998873-2B.MZK
I> [09/03/2010 11:30:47] Programmes dans les fichiers demandés: Programme 803 (5998873-2B), Programme 804 (5998873-2B)
I> [09/03/2010 14:33:24] Réception: programme 805 (3987963A)
I> [09/03/2010 14:33:35] Réception: programme 806 (3987963A)
I> [09/03/2010 14:33:47] Fichier reçu: C:\machines\T32 Bis\Programmes\3987963A.MZK
I> [09/03/2010 14:33:47] Programmes dans les fichiers demandés: Programme 805 (3987963A), Programme 806 (3987963A)
I> [09/03/2010 18:38:45] Appel depuis la CN de: 3980180D
I> [09/03/2010 18:38:51] Le programme appelé depuis la CN est trouvé: C:\machines\T32 Bis\Programmes\FLOWSERVE\3980180D.MZK
I> [09/03/2010 18:38:51] Programmes dans les fichiers demandés: Programme 792 (3980180D), Programme 793 (3980180D)
I> [09/03/2010 18:38:59] Emission de programme: Programme 792 (3980180D)
I> [09/03/2010 18:39:07] Emission de programme: Programme 793 (3980180D)
