I> [09/07/2012 04:59:03] Port activé avec succès.
I> [09/07/2012 07:50:29] Appel depuis la CN de: 2979992A
I> [09/07/2012 07:50:34] Le programme appelé depuis la CN est trouvé: C:\machines\T32 Bis\Programmes\FLOWSERVE\2979992A.MZK
I> [09/07/2012 07:50:34] Programmes dans les fichiers demandés: Programme 5067 (2979992A), Programme 5068 (2979992A)
I> [09/07/2012 07:52:34] Emission de programme: Programme 5067 (2979992A)
I> [09/07/2012 07:52:51] Emission de programme: Programme 5068 (2979992A)
I> [09/07/2012 07:53:34] Appel depuis la CN de: 2976327D
I> [09/07/2012 07:53:42] Appel depuis la CN de: 2976327D
I> [09/07/2012 07:53:51] Le programme appelé depuis la CN est trouvé: C:\machines\T32 Bis\Programmes\FLOWSERVE\2976327D.MZK
I> [09/07/2012 07:53:51] Programmes dans les fichiers demandés: Programme 127 (2976327D), Programme 130 (2976327D)
I> [09/07/2012 07:53:55] Emission de programme: Programme 127 (2976327D)
I> [09/07/2012 07:54:09] Emission de programme: Programme 130 (2976327D)
I> [09/07/2012 07:56:20] Appel depuis la CN de: 2976325D
E> [09/07/2012 07:56:30] N'a pu trouver le programme appelé depuis la CN: 2976325D.MZK [Premier répertoire recherché : C:\machines\T32 Bis\Programmes]
E> [09/07/2012 07:56:30] N'a pu émettre le fichier. [Previous remote request failed.]
E> [09/07/2012 07:56:31] N'a pu émettre le fichier. [Previous remote request failed.]
E> [09/07/2012 07:56:33] N'a pu émettre le fichier. [Previous remote request failed.]
I> [09/07/2012 07:56:40] Appel depuis la CN de: 2976325D
E> [09/07/2012 07:56:45] N'a pu trouver le programme appelé depuis la CN: 2976325D.MZK [Premier répertoire recherché : C:\machines\T32 Bis\Programmes]
E> [09/07/2012 07:56:51] N'a pu émettre le fichier. [Previous remote request failed.]
I> [09/07/2012 07:57:56] Appel depuis la CN de: 2976325C
I> [09/07/2012 07:58:01] Le programme appelé depuis la CN est trouvé: C:\machines\T32 Bis\Programmes\FLOWSERVE\2976325C.MZK
I> [09/07/2012 07:58:01] Programmes dans les fichiers demandés: Programme 128 (2976325C), Programme 131 (2976325C)
I> [09/07/2012 07:58:35] Emission de programme: Programme 128 (2976325C)
I> [09/07/2012 07:58:48] Emission de programme: Programme 131 (2976325C)
I> [09/07/2012 07:59:38] Appel depuis la CN de: 2976841D
I> [09/07/2012 07:59:42] Le programme appelé depuis la CN est trouvé: C:\machines\T32 Bis\Programmes\FLOWSERVE\2976841D.MZK
I> [09/07/2012 07:59:42] Programmes dans les fichiers demandés: Programme 126 (2976841D), Programme 163 (2976841D)
I> [09/07/2012 07:59:58] Emission de programme: Programme 126 (2976841D)
I> [09/07/2012 08:00:14] Emission de programme: Programme 163 (2976841D)
