I> [09/06/2011 07:47:37] Port activé avec succès.
I> [09/06/2011 13:41:07] Appel depuis la CN de: DOR007
I> [09/06/2011 13:41:11] Le programme appelé depuis la CN est trouvé: C:\machines\T32 Bis\Programmes\MECAMARC\DOR007.MZK
I> [09/06/2011 13:41:11] Programmes dans les fichiers demandés: Programme 784 (DOR007), Programme 785 (DOR007)
I> [09/06/2011 13:43:53] Appel depuis la CN de: DOR007
I> [09/06/2011 13:43:57] Le programme appelé depuis la CN est trouvé: C:\machines\T32 Bis\Programmes\DOR007.MZK
I> [09/06/2011 13:43:57] Programmes dans les fichiers demandés: Programme 5062 (DOR007), Programme 5065 (DOR007), Programme 5066 (DOR007)
I> [09/06/2011 13:53:20] Emission de programme: Programme 5062 (DOR007)
I> [09/06/2011 13:53:33] Emission de programme: Programme 5065 (DOR007)
I> [09/06/2011 13:53:41] Emission de programme: Programme 5066 (DOR007)
I> [09/06/2011 14:01:44] Appel depuis la CN de: DOR007
I> [09/06/2011 14:01:49] Le programme appelé depuis la CN est trouvé: C:\machines\T32 Bis\Programmes\MECAMARC\DOR007.MZK
I> [09/06/2011 14:01:49] Programmes dans les fichiers demandés: Programme 784 (DOR007), Programme 785 (DOR007)
I> [09/06/2011 14:01:55] Emission de programme: Programme 784 (DOR007)
I> [09/06/2011 14:02:11] Emission de programme: Programme 785 (DOR007)
I> [09/06/2011 15:35:05] Appel depuis la CN de: DOR028
I> [09/06/2011 15:35:10] Le programme appelé depuis la CN est trouvé: C:\machines\T32 Bis\Programmes\DOR028.MZK
I> [09/06/2011 15:35:10] Programmes dans les fichiers demandés: Programme 5063 (DOR028), Programme 5064 (DOR028)
I> [09/06/2011 15:35:20] Emission de programme: Programme 5063 (DOR028)
I> [09/06/2011 15:35:45] Emission de programme: Programme 5064 (DOR028)
E> [09/06/2011 15:40:27] Transmission avortée. [Délai de réponse dépassé, interruption de la transmission]
I> [09/06/2011 19:22:53] Appel depuis la CN de: 352234
I> [09/06/2011 19:22:58] Le programme appelé depuis la CN est trouvé: C:\machines\T32 Bis\Programmes\ARO\352234.MZK
I> [09/06/2011 19:22:58] Programmes dans les fichiers demandés: Programme 26, Données d'outil, Programme 42, Données d'outil
I> [09/06/2011 19:26:36] Appel depuis la CN de: 352234
I> [09/06/2011 19:26:41] Le programme appelé depuis la CN est trouvé: C:\machines\T32 Bis\Programmes\ARO\352234.MZK
I> [09/06/2011 19:26:41] Programmes dans les fichiers demandés: Programme 26, Données d'outil, Programme 42, Données d'outil
I> [09/06/2011 19:32:09] Emission de programme: Programme 26
I> [09/06/2011 19:32:14] Emission de programme: Données d'outil
I> [09/06/2011 19:32:16] Emission de programme: Programme 42
I> [09/06/2011 19:32:24] Emission de programme: Données d'outil
