I> [09/10/2018 05:01:31] Port activé avec succès.
I> [09/10/2018 12:38:55] Appel depuis la CN de: PMHP00188
E> [09/10/2018 12:39:00] N'a pu trouver le programme appelé depuis la CN: PMHP00188.MZK [Premier répertoire recherché : C:\machines\T32 Bis\Programmes]
E> [09/10/2018 12:39:02] N'a pu émettre le fichier. [Previous remote request failed.]
I> [09/10/2018 12:39:14] Appel depuis la CN de: PMHP00188
E> [09/10/2018 12:39:19] N'a pu trouver le programme appelé depuis la CN: PMHP00188.MZK [Premier répertoire recherché : C:\machines\T32 Bis\Programmes]
E> [09/10/2018 12:39:22] N'a pu émettre le fichier. [Previous remote request failed.]
I> [09/10/2018 12:40:08] Appel depuis la CN de: PMHP0018B
I> [09/10/2018 12:40:14] Le programme appelé depuis la CN est trouvé: C:\machines\T32 Bis\Programmes\PMHP0018B.MZK
I> [09/10/2018 12:40:14] Programmes dans les fichiers demandés: Programme 6814 (PMHP0018B), Programme 6815 (PMHP0018B), Programme 6818 (PMHP0018B), Programme 6821 (PMHP0018B)
I> [09/10/2018 12:40:21] Emission de programme: Programme 6814 (PMHP0018B)
I> [09/10/2018 12:40:34] Emission de programme: Programme 6815 (PMHP0018B)
I> [09/10/2018 12:40:48] Emission de programme: Programme 6818 (PMHP0018B)
I> [09/10/2018 12:41:02] Emission de programme: Programme 6821 (PMHP0018B)
I> [09/10/2018 17:15:59] Appel depuis la CN de: 250-140-45
I> [09/10/2018 17:16:05] Le programme appelé depuis la CN est trouvé: C:\machines\T32 Bis\Programmes\CRD\250-140-45.MZK
I> [09/10/2018 17:16:05] Programmes dans les fichiers demandés: Programme 1592 (250-140-45), Programme 1593 (250-140-45)
I> [09/10/2018 17:16:25] Emission de programme: Programme 1592 (250-140-45)
I> [09/10/2018 17:16:33] Emission de programme: Programme 1593 (250-140-45)
E> [09/10/2018 17:20:52] Transmission avortée. [Délai de réponse dépassé, interruption de la transmission]
I> [09/10/2018 18:37:33] Appel depuis la CN de: 87502
I> [09/10/2018 18:40:59] Appel depuis la CN de: 87502
I> [09/10/2018 18:41:04] Le programme appelé depuis la CN est trouvé: C:\machines\T32 Bis\Programmes\87502.MZK
I> [09/10/2018 18:41:05] Programmes dans les fichiers demandés: Programme 1715 (87502), Programme 1716 (87502), Programme 1717 (87502), Programme 1718 (87502), Programme 1719 (87502)
I> [09/10/2018 18:41:12] Emission de programme: Programme 1715 (87502)
I> [09/10/2018 18:41:20] Emission de programme: Programme 1716 (87502)
I> [09/10/2018 18:41:46] Emission de programme: Programme 1717 (87502)
I> [09/10/2018 18:42:13] Emission de programme: Programme 1718 (87502)
I> [09/10/2018 18:42:38] Emission de programme: Programme 1719 (87502)
