I> [09/12/2009 08:38:07] Port activé avec succès.
I> [09/12/2009 08:49:26] Appel depuis la CN de: 82845J
I> [09/12/2009 08:49:33] Le programme appelé depuis la CN est trouvé: C:\machines\T32 Bis\Programmes\SMTA\82845J.MZK
I> [09/12/2009 08:49:33] Programmes dans les fichiers demandés: Programme 565 (82845J), Programme 566 (82845J)
I> [09/12/2009 08:49:39] Emission de programme: Programme 565 (82845J)
I> [09/12/2009 08:50:11] Emission de programme: Programme 566 (82845J)
I> [09/12/2009 14:34:04] Appel depuis la CN de: 012000480
I> [09/12/2009 14:34:59] Appel depuis la CN de: 012000480
I> [09/12/2009 14:35:09] Le programme appelé depuis la CN est trouvé: C:\machines\T32 Bis\Programmes\ERCA FORMSEAL\012000480.MZK
I> [09/12/2009 14:35:09] Programmes dans les fichiers demandés: Programme 519 (012000480), Programme 520 (012000480), Programme 522 (012000480)
I> [09/12/2009 14:35:13] Appel depuis la CN de: 012000480
I> [09/12/2009 14:35:22] Le programme appelé depuis la CN est trouvé: C:\machines\T32 Bis\Programmes\ERCA FORMSEAL\012000480.MZK
I> [09/12/2009 14:35:22] Programmes dans les fichiers demandés: Programme 519 (012000480), Programme 520 (012000480), Programme 522 (012000480)
I> [09/12/2009 14:35:25] Emission de programme: Programme 519 (012000480)
I> [09/12/2009 14:35:47] Emission de programme: Programme 520 (012000480)
I> [09/12/2009 14:36:11] Emission de programme: Programme 522 (012000480)
I> [09/12/2009 14:37:53] Appel depuis la CN de: 012000448B
I> [09/12/2009 14:38:00] Le programme appelé depuis la CN est trouvé: C:\machines\T32 Bis\Programmes\ERCA FORMSEAL\012000448B.MZK
I> [09/12/2009 14:38:00] Programmes dans les fichiers demandés: Programme 518 (012000448B), Programme 521 (012000448B), Programme 523 (012000448B)
I> [09/12/2009 14:38:07] Emission de programme: Programme 518 (012000448B)
I> [09/12/2009 14:38:30] Emission de programme: Programme 521 (012000448B)
I> [09/12/2009 14:38:53] Emission de programme: Programme 523 (012000448B)
