I> [09/12/2014 05:11:20] Port activé avec succès.
I> [09/12/2014 05:12:19] Réception: programme 1532 (3980149C-2)
I> [09/12/2014 05:12:28] Réception: programme 1533 (3980149C-2)
I> [09/12/2014 05:12:45] Fichier reçu: C:\machines\T32 Bis\Programmes\3980149C-2.MZK
I> [09/12/2014 05:12:45] Programmes dans les fichiers demandés: Programme 1532 (3980149C-2), Programme 1533 (3980149C-2)
I> [09/12/2014 05:21:58] Appel depuis la CN de: 652000F
I> [09/12/2014 05:22:03] Le programme appelé depuis la CN est trouvé: C:\machines\T32 Bis\Programmes\LA CALHENE\652000F.MZK
I> [09/12/2014 05:22:03] Programmes dans les fichiers demandés: Programme 273 (652000F), Programme 262 (652000F), Programme 263 (652000F), Programme 264 (652000F), Programme 265 (652000F)
I> [09/12/2014 05:22:14] Emission de programme: Programme 273 (652000F)
I> [09/12/2014 05:22:22] Emission de programme: Programme 262 (652000F)
I> [09/12/2014 05:22:32] Emission de programme: Programme 263 (652000F)
I> [09/12/2014 05:22:40] Emission de programme: Programme 264 (652000F)
I> [09/12/2014 05:23:17] Emission de programme: Programme 265 (652000F)
I> [09/12/2014 05:42:20] Appel depuis la CN de: 111901601
E> [09/12/2014 05:42:27] N'a pu trouver le programme appelé depuis la CN: 111901601.MZK [Premier répertoire recherché : C:\machines\T32 Bis\Programmes]
E> [09/12/2014 05:42:27] N'a pu émettre le fichier. [Previous remote request failed.]
I> [09/12/2014 05:42:36] Appel depuis la CN de: 111901601
E> [09/12/2014 05:42:40] N'a pu émettre le fichier. [Previous remote request failed.]
E> [09/12/2014 05:42:40] N'a pu trouver le programme appelé depuis la CN: 111901601.MZK [Premier répertoire recherché : C:\machines\T32 Bis\Programmes]
E> [09/12/2014 05:42:42] N'a pu émettre le fichier. [Previous remote request failed.]
I> [09/12/2014 05:43:11] Appel depuis la CN de: 11190 16 01
E> [09/12/2014 05:43:15] N'a pu émettre le fichier. [Previous remote request failed.]
I> [09/12/2014 05:43:16] Le programme appelé depuis la CN est trouvé: C:\machines\T32 Bis\Programmes\LA CALHENE\11190 16 01.MZK
I> [09/12/2014 05:43:16] Programmes dans les fichiers demandés: Programme 1211 (11190 16 01), Programme 988 (11190 16 01), Programme 989 (11190 16 01), Programme 990 (11190 16 01), Programme 991 (11190 16 01)
I> [09/12/2014 05:43:26] Emission de programme: Programme 1211 (11190 16 01)
