I> [09/11/2009 05:25:57] Port activé avec succès.
I> [09/11/2009 07:34:06] Appel depuis la CN de: 2973964B 3
I> [09/11/2009 07:34:13] Le programme appelé depuis la CN est trouvé: C:\machines\T32 Bis\Programmes\FLOWSERVE\2973964B 3.MZK
I> [09/11/2009 07:34:13] Programmes dans les fichiers demandés: Programme 377 (2973964B 3), Programme 378 (2973964B 3)
I> [09/11/2009 07:34:38] Emission de programme: Programme 377 (2973964B 3)
I> [09/11/2009 07:35:03] Emission de programme: Programme 378 (2973964B 3)
I> [09/11/2009 14:52:57] Appel depuis la CN de: 2978653A-3
E> [09/11/2009 14:53:06] N'a pu trouver le programme appelé depuis la CN: 2978653A-3.MZK [Premier répertoire recherché : C:\machines\T32 Bis\Programmes]
I> [09/11/2009 14:53:11] Appel depuis la CN de: 2978653A-3
E> [09/11/2009 14:53:18] N'a pu émettre le fichier. [Previous remote request failed.]
E> [09/11/2009 14:53:18] N'a pu trouver le programme appelé depuis la CN: 2978653A-3.MZK [Premier répertoire recherché : C:\machines\T32 Bis\Programmes]
I> [09/11/2009 14:53:25] Appel depuis la CN de: 2978653A-3
E> [09/11/2009 14:53:31] N'a pu trouver le programme appelé depuis la CN: 2978653A-3.MZK [Premier répertoire recherché : C:\machines\T32 Bis\Programmes]
E> [09/11/2009 14:53:32] N'a pu émettre le fichier. [Previous remote request failed.]
I> [09/11/2009 14:54:40] Appel depuis la CN de: 2978653A 3
E> [09/11/2009 14:54:46] N'a pu émettre le fichier. [Previous remote request failed.]
I> [09/11/2009 14:54:47] Le programme appelé depuis la CN est trouvé: C:\machines\T32 Bis\Programmes\FLOWSERVE\2978653A 3.MZK
I> [09/11/2009 14:54:47] Programmes dans les fichiers demandés: Programme 164 (2978653A 3), Programme 169 (2978653A 3)
I> [09/11/2009 14:54:54] Appel depuis la CN de: 2978653A 3
I> [09/11/2009 14:55:04] Emission de programme: Programme 164 (2978653A 3)
I> [09/11/2009 14:55:20] Emission de programme: Programme 169 (2978653A 3)
I> [09/11/2009 14:55:37] Le programme appelé depuis la CN est trouvé: C:\machines\T32 Bis\Programmes\FLOWSERVE\2978653A 3.MZK
I> [09/11/2009 14:55:37] Programmes dans les fichiers demandés: Programme 164 (2978653A 3), Programme 169 (2978653A 3)
I> [09/11/2009 19:19:56] Appel depuis la CN de: 4975622A-3
E> [09/11/2009 19:20:05] N'a pu trouver le programme appelé depuis la CN: 4975622A-3.MZK [Premier répertoire recherché : C:\machines\T32 Bis\Programmes]
I> [09/11/2009 19:20:09] Appel depuis la CN de: 4975622A-3
I> [09/11/2009 19:20:30] Appel depuis la CN de: 4975622A-3
E> [09/11/2009 19:20:37] N'a pu émettre le fichier. [Previous remote request failed.]
E> [09/11/2009 19:20:37] N'a pu trouver le programme appelé depuis la CN: 4975622A-3.MZK [Premier répertoire recherché : C:\machines\T32 Bis\Programmes]
I> [09/11/2009 19:20:45] Appel depuis la CN de: 4975622A-3
E> [09/11/2009 19:20:52] N'a pu trouver le programme appelé depuis la CN: 4975622A-3.MZK [Premier répertoire recherché : C:\machines\T32 Bis\Programmes]
E> [09/11/2009 19:20:52] N'a pu émettre le fichier. [Previous remote request failed.]
I> [09/11/2009 19:21:33] Appel depuis la CN de: 4975662-3
E> [09/11/2009 19:21:39] N'a pu émettre le fichier. [Previous remote request failed.]
E> [09/11/2009 19:21:40] N'a pu trouver le programme appelé depuis la CN: 4975662-3.MZK [Premier répertoire recherché : C:\machines\T32 Bis\Programmes]
I> [09/11/2009 19:21:46] Appel depuis la CN de: 4975662-3
E> [09/11/2009 19:21:53] N'a pu trouver le programme appelé depuis la CN: 4975662-3.MZK [Premier répertoire recherché : C:\machines\T32 Bis\Programmes]
I> [09/11/2009 19:22:00] Appel depuis la CN de: 4975622-3
E> [09/11/2009 19:22:07] N'a pu émettre le fichier. [Previous remote request failed.]
I> [09/11/2009 19:22:07] Le programme appelé depuis la CN est trouvé: C:\machines\T32 Bis\Programmes\4975622-3.MZK
I> [09/11/2009 19:22:07] Programmes dans les fichiers demandés: Programme 303, Données d'outil, Programme 288, Données d'outil
I> [09/11/2009 19:22:13] Appel depuis la CN de: 4975622-3
I> [09/11/2009 19:22:20] Le programme appelé depuis la CN est trouvé: C:\machines\T32 Bis\Programmes\4975622-3.MZK
I> [09/11/2009 19:22:20] Programmes dans les fichiers demandés: Programme 303, Données d'outil, Programme 288, Données d'outil
I> [09/11/2009 19:22:23] Emission de programme: Programme 303
I> [09/11/2009 19:22:32] Emission de programme: Données d'outil
I> [09/11/2009 19:22:34] Emission de programme: Programme 288
I> [09/11/2009 19:22:40] Emission de programme: Données d'outil
I> [09/11/2009 19:23:59] Appel depuis la CN de: 4972542A
E> [09/11/2009 19:24:05] N'a pu émettre le fichier: C:\machines\T32 Bis\Programmes\4975622-3.MZK [Le système ne peut pas lire le périphérique indiqué]
I> [09/11/2009 19:24:06] Le programme appelé depuis la CN est trouvé: C:\machines\T32 Bis\Programmes\FLOWSERVE\4972542A.MZK
I> [09/11/2009 19:24:06] Programmes dans les fichiers demandés: Programme 53 (4972542A), Programme 54 (4972542A)
I> [09/11/2009 19:24:13] Appel depuis la CN de: 4972542A
I> [09/11/2009 19:24:21] Le programme appelé depuis la CN est trouvé: C:\machines\T32 Bis\Programmes\FLOWSERVE\4972542A.MZK
I> [09/11/2009 19:24:21] Programmes dans les fichiers demandés: Programme 53 (4972542A), Programme 54 (4972542A)
I> [09/11/2009 19:24:48] Emission de programme: Programme 53 (4972542A)
I> [09/11/2009 19:25:12] Emission de programme: Programme 54 (4972542A)
