I> [09/12/2017 06:54:17] Port activé avec succès.
I> [09/12/2017 06:56:08] Appel depuis la CN de: 11900801J
E> [09/12/2017 06:56:13] N'a pu trouver le programme appelé depuis la CN: 11900801J.MZK [Premier répertoire recherché : C:\machines\T32 Bis\Programmes]
E> [09/12/2017 06:56:18] N'a pu émettre le fichier. [Previous remote request failed.]
I> [09/12/2017 06:56:53] Appel depuis la CN de: 111900801J
I> [09/12/2017 06:56:57] Le programme appelé depuis la CN est trouvé: C:\machines\T32 Bis\Programmes\LA CALHENE\111900801J.MZK
I> [09/12/2017 06:56:58] Programmes dans les fichiers demandés: Programme 1450 (111900801J), Programme 1451 (111900801J), Programme 1452 (111900801J), Programme 1379 (111900801J)
I> [09/12/2017 06:57:11] Emission de programme: Programme 1450 (111900801J)
I> [09/12/2017 06:57:34] Emission de programme: Programme 1451 (111900801J)
I> [09/12/2017 06:58:04] Emission de programme: Programme 1452 (111900801J)
I> [09/12/2017 06:58:18] Emission de programme: Programme 1379 (111900801J)
I> [09/12/2017 07:01:28] Appel depuis la CN de: 11190 16 01
I> [09/12/2017 07:01:33] Le programme appelé depuis la CN est trouvé: C:\machines\T32 Bis\Programmes\LA CALHENE\11190 16 01.MZK
I> [09/12/2017 07:01:33] Programmes dans les fichiers demandés: Programme 1211 (11190 16 01), Programme 988 (11190 16 01), Programme 989 (11190 16 01), Programme 990 (11190 16 01), Programme 991 (11190 16 01)
I> [09/12/2017 07:01:45] Emission de programme: Programme 1211 (11190 16 01)
I> [09/12/2017 07:02:08] Emission de programme: Programme 988 (11190 16 01)
I> [09/12/2017 07:02:38] Emission de programme: Programme 989 (11190 16 01)
I> [09/12/2017 07:02:52] Emission de programme: Programme 990 (11190 16 01)
I> [09/12/2017 07:03:10] Emission de programme: Programme 991 (11190 16 01)
E> [09/12/2017 07:06:52] Transmission avortée. [Délai de réponse dépassé, interruption de la transmission]
