I> [10/03/2009 05:15:48] Port activé avec succès.
I> [10/03/2009 12:35:05] Réception: programme 502 (205008093B)
I> [10/03/2009 12:35:17] Réception: programme 504 (205008093B)
I> [10/03/2009 12:35:30] Fichier reçu: C:\machines\T32 Bis\Programmes\205008093B.MZK
I> [10/03/2009 12:35:30] Programmes dans les fichiers demandés: Programme 502 (205008093B), Programme 504 (205008093B)
I> [10/03/2009 12:36:37] Réception: programme 503 (205006075)
I> [10/03/2009 12:36:48] Réception: programme 505 (205006075)
I> [10/03/2009 12:37:02] Fichier reçu: C:\machines\T32 Bis\Programmes\205006075.MZK
I> [10/03/2009 12:37:02] Programmes dans les fichiers demandés: Programme 503 (205006075), Programme 505 (205006075)
I> [10/03/2009 13:06:10] Réception: programme 496 (205009104)
I> [10/03/2009 13:06:21] Réception: programme 506 (205009104)
I> [10/03/2009 13:06:34] Fichier reçu: C:\machines\T32 Bis\Programmes\205009104.MZK
I> [10/03/2009 13:06:34] Programmes dans les fichiers demandés: Programme 496 (205009104), Programme 506 (205009104)
I> [10/03/2009 13:06:47] Réception: programme 497 (205009102A)
I> [10/03/2009 13:06:59] Réception: programme 507 (205009102A)
I> [10/03/2009 13:07:11] Fichier reçu: C:\machines\T32 Bis\Programmes\205009102A.MZK
I> [10/03/2009 13:07:11] Programmes dans les fichiers demandés: Programme 497 (205009102A), Programme 507 (205009102A)
I> [10/03/2009 13:21:16] Appel depuis la CN de: 205009099
I> [10/03/2009 13:21:23] Le programme appelé depuis la CN est trouvé: C:\machines\T32 Bis\Programmes\205009099.MZK
I> [10/03/2009 13:21:23] Programmes dans les fichiers demandés: Programme 4781 (205009099), Programme 4785 (205009099)
I> [10/03/2009 13:21:36] Emission de programme: Programme 4781 (205009099)
I> [10/03/2009 13:21:47] Emission de programme: Programme 4785 (205009099)
I> [10/03/2009 15:24:41] Réception: programme 499 (205009075A)
I> [10/03/2009 15:24:53] Réception: programme 508 (205009075A)
I> [10/03/2009 15:25:10] Fichier reçu: C:\machines\T32 Bis\Programmes\205009075A.MZK
I> [10/03/2009 15:25:10] Programmes dans les fichiers demandés: Programme 499 (205009075A), Programme 508 (205009075A)
I> [10/03/2009 16:00:33] Réception: programme 500 (205009118)
I> [10/03/2009 16:00:44] Réception: programme 509 (205009118)
I> [10/03/2009 16:01:01] Fichier reçu: C:\machines\T32 Bis\Programmes\205009118.MZK
I> [10/03/2009 16:01:01] Programmes dans les fichiers demandés: Programme 500 (205009118), Programme 509 (205009118)
I> [10/03/2009 16:06:38] Appel depuis la CN de: 7940MANCHON
I> [10/03/2009 16:06:52] Le programme appelé depuis la CN est trouvé: C:\machines\T32 Bis\Programmes\CRD\7940MANCHON.MZK
I> [10/03/2009 16:06:52] Programmes dans les fichiers demandés: Programme 487 (7940MANCHON), Programme 488 (7940MANCHON)
I> [10/03/2009 16:29:20] Emission de programme: Programme 487 (7940MANCHON)
I> [10/03/2009 16:29:31] Emission de programme: Programme 488 (7940MANCHON)
I> [10/03/2009 17:00:31] Réception: programme 500 (205009118)
I> [10/03/2009 17:00:43] Réception: programme 509 (205009118)
I> [10/03/2009 17:01:00] Fichier reçu: C:\machines\T32 Bis\Programmes\205009118.MZK
I> [10/03/2009 17:01:00] Programmes dans les fichiers demandés: Programme 500 (205009118), Programme 509 (205009118)
