I> [10/02/2009 05:01:39] Port activé avec succès.
I> [10/02/2009 06:31:05] Appel depuis la CN de: P362733J
I> [10/02/2009 06:31:12] Le programme appelé depuis la CN est trouvé: C:\machines\T32 Bis\Programmes\TOKHEIM\P362733J.MZK
I> [10/02/2009 06:31:12] Programmes dans les fichiers demandés: Programme 5 (P362733J)
I> [10/02/2009 06:31:24] Emission de programme: Programme 5 (P362733J)
I> [10/02/2009 20:44:23] Appel depuis la CN de: 30270300101
I> [10/02/2009 20:44:30] Le programme appelé depuis la CN est trouvé: C:\machines\T32 Bis\Programmes\LA CALHENE\30270300101.MZK
I> [10/02/2009 20:44:30] Programmes dans les fichiers demandés: Programme 67 (30270300101), Programme 68 (30270300101), Programme 70 (30270300101), Programme 71 (30270300101), Programme 261 (30270300101)
I> [10/02/2009 20:44:39] Emission de programme: Programme 67 (30270300101)
I> [10/02/2009 20:44:53] Emission de programme: Programme 68 (30270300101)
I> [10/02/2009 20:48:06] Appel depuis la CN de: 30270300101
I> [10/02/2009 20:50:18] Appel depuis la CN de: 30270300101
I> [10/02/2009 20:51:20] Appel depuis la CN de: 30270300101
I> [10/02/2009 20:51:27] Le programme appelé depuis la CN est trouvé: C:\machines\T32 Bis\Programmes\LA CALHENE\30270300101.MZK
I> [10/02/2009 20:51:27] Programmes dans les fichiers demandés: Programme 67 (30270300101), Programme 68 (30270300101), Programme 70 (30270300101), Programme 71 (30270300101), Programme 261 (30270300101)
I> [10/02/2009 20:51:32] Emission de programme: Programme 67 (30270300101)
I> [10/02/2009 20:51:46] Emission de programme: Programme 68 (30270300101)
I> [10/02/2009 20:52:05] Emission de programme: Programme 70 (30270300101)
I> [10/02/2009 20:52:27] Emission de programme: Programme 71 (30270300101)
I> [10/02/2009 20:53:22] Emission de programme: Programme 261 (30270300101)
