I> [10/07/2014 04:56:30] Port activé avec succès.
I> [10/07/2014 10:48:19] Appel depuis la CN de: 11270-55-01
I> [10/07/2014 10:48:24] Le programme appelé depuis la CN est trouvé: C:\machines\T32 Bis\Programmes\LA CALHENE\11270-55-01.MZK
I> [10/07/2014 10:48:24] Programmes dans les fichiers demandés: Programme 1438 (11270-55-01), Programme 1439 (11270-55-01), Programme 1440 (11270-55-01), Programme 1441 (11270-55-01)
I> [10/07/2014 10:48:36] Emission de programme: Programme 1438 (11270-55-01)
I> [10/07/2014 10:50:19] Emission de programme: Programme 1438 (11270-55-01)
E> [10/07/2014 10:53:50] Transmission avortée. [Délai de réponse dépassé, interruption de la transmission]
I> [10/07/2014 10:59:32] Emission de programme: Programme 1438 (11270-55-01)
I> [10/07/2014 11:01:10] Emission de programme: Programme 1439 (11270-55-01)
I> [10/07/2014 11:01:23] Emission de programme: Programme 1440 (11270-55-01)
I> [10/07/2014 11:01:46] Emission de programme: Programme 1441 (11270-55-01)
I> [10/07/2014 15:38:15] Appel depuis la CN de: 113504901D
I> [10/07/2014 15:38:20] Le programme appelé depuis la CN est trouvé: C:\machines\T32 Bis\Programmes\LA CALHENE\113504901D.MZK
I> [10/07/2014 15:38:20] Programmes dans les fichiers demandés: Programme 4358 (113504901D), Programme 4359 (113504901D)
I> [10/07/2014 15:39:13] Appel depuis la CN de: 4340-02-09
I> [10/07/2014 15:39:20] Le programme appelé depuis la CN est trouvé: C:\machines\T32 Bis\Programmes\LA CALHENE\4340-02-09.MZK
I> [10/07/2014 15:39:20] Programmes dans les fichiers demandés: Programme 998 (4340-02-09), Programme 999 (4340-02-09)
I> [10/07/2014 15:39:24] Emission de programme: Programme 998 (4340-02-09)
I> [10/07/2014 15:40:22] Emission de programme: Programme 998 (4340-02-09)
I> [10/07/2014 15:41:26] Emission de programme: Programme 999 (4340-02-09)
I> [10/07/2014 17:58:11] Appel depuis la CN de: 212701601D
I> [10/07/2014 17:58:16] Le programme appelé depuis la CN est trouvé: C:\machines\T32 Bis\Programmes\LA CALHENE\212701601D.MZK
I> [10/07/2014 17:58:16] Programmes dans les fichiers demandés: Programme 1421 (212701601D), Programme 1422 (212701601D), Programme 1423 (212701601D), Programme 1424 (212701601D)
I> [10/07/2014 17:58:26] Emission de programme: Programme 1422 (212701601D)
I> [10/07/2014 17:58:42] Emission de programme: Programme 1423 (212701601D)
I> [10/07/2014 17:58:57] Emission de programme: Programme 1424 (212701601D)
