I> [10/03/2010 07:43:42] Port activé avec succès.
I> [10/03/2010 12:25:01] Réception: programme 792 (3980180D)
I> [10/03/2010 12:25:10] Réception: programme 793 (3980180D)
I> [10/03/2010 12:25:19] Réception: programme 807 (3980180D)
I> [10/03/2010 12:25:29] Réception: programme 808 (3980180D)
I> [10/03/2010 12:25:45] Fichier reçu: C:\machines\T32 Bis\Programmes\3980180D.MZK
I> [10/03/2010 12:25:45] Programmes dans les fichiers demandés: Programme 792 (3980180D), Programme 793 (3980180D), Programme 807 (3980180D), Programme 808 (3980180D)
I> [10/03/2010 12:31:41] Appel depuis la CN de: 3T01329314A
E> [10/03/2010 12:31:45] N'a pu émettre le fichier: C:\machines\T32 Bis\Programmes\3980180D.MZK [Le système ne peut pas lire le périphérique indiqué]
I> [10/03/2010 12:31:46] Le programme appelé depuis la CN est trouvé: C:\machines\T32 Bis\Programmes\TECHVAL\3T01329314A.MZK
I> [10/03/2010 12:31:46] Programmes dans les fichiers demandés: Programme 489 (3T01329314A)
I> [10/03/2010 12:31:51] Appel depuis la CN de: 3T01329314A
I> [10/03/2010 12:31:58] Le programme appelé depuis la CN est trouvé: C:\machines\T32 Bis\Programmes\TECHVAL\3T01329314A.MZK
I> [10/03/2010 12:31:58] Programmes dans les fichiers demandés: Programme 489 (3T01329314A)
I> [10/03/2010 12:32:55] Emission de programme: Programme 489 (3T01329314A)
I> [10/03/2010 16:43:45] Appel depuis la CN de: 3987963A
I> [10/03/2010 16:43:52] Le programme appelé depuis la CN est trouvé: C:\machines\T32 Bis\Programmes\FLOWSERVE\3987963A.MZK
I> [10/03/2010 16:43:52] Programmes dans les fichiers demandés: Programme 805 (3987963A), Programme 806 (3987963A)
I> [10/03/2010 16:44:08] Appel depuis la CN de: 3987963A
I> [10/03/2010 16:44:15] Le programme appelé depuis la CN est trouvé: C:\machines\T32 Bis\Programmes\FLOWSERVE\3987963A.MZK
I> [10/03/2010 16:44:15] Programmes dans les fichiers demandés: Programme 805 (3987963A), Programme 806 (3987963A)
I> [10/03/2010 16:44:18] Emission de programme: Programme 805 (3987963A)
I> [10/03/2010 16:44:29] Emission de programme: Programme 806 (3987963A)
