I> [10/09/2015 05:00:19] Port activé avec succès.
I> [10/09/2015 13:19:40] Appel depuis la CN de: 11190 16 01
E> [10/09/2015 13:19:45] N'a pu émettre le fichier: C:\machines\T32 Bis\Programmes\21270080201.MZK [Le système ne peut pas lire le périphérique indiqué]
I> [10/09/2015 13:19:45] Le programme appelé depuis la CN est trouvé: C:\machines\T32 Bis\Programmes\LA CALHENE\11190 16 01.MZK
I> [10/09/2015 13:19:46] Programmes dans les fichiers demandés: Programme 1211 (11190 16 01), Programme 988 (11190 16 01), Programme 989 (11190 16 01), Programme 990 (11190 16 01), Programme 991 (11190 16 01)
I> [10/09/2015 13:20:10] Appel depuis la CN de: 11190 16 01
I> [10/09/2015 13:20:18] Le programme appelé depuis la CN est trouvé: C:\machines\T32 Bis\Programmes\LA CALHENE\11190 16 01.MZK
I> [10/09/2015 13:20:18] Programmes dans les fichiers demandés: Programme 1211 (11190 16 01), Programme 988 (11190 16 01), Programme 989 (11190 16 01), Programme 990 (11190 16 01), Programme 991 (11190 16 01)
I> [10/09/2015 13:20:23] Emission de programme: Programme 990 (11190 16 01)
I> [10/09/2015 13:20:34] Emission de programme: Programme 991 (11190 16 01)
I> [10/09/2015 13:58:33] Appel depuis la CN de: 112705501
I> [10/09/2015 13:58:40] Le programme appelé depuis la CN est trouvé: C:\machines\T32 Bis\Programmes\LA CALHENE\112705501.MZK
I> [10/09/2015 13:58:40] Programmes dans les fichiers demandés: Programme 1534 (112705501), Programme 1439 (112705501), Programme 1440 (112705501), Programme 1441 (112705501)
I> [10/09/2015 13:59:32] Emission de programme: Programme 1440 (112705501)
I> [10/09/2015 14:01:06] Appel depuis la CN de: 112704901D
E> [10/09/2015 14:01:14] N'a pu trouver le programme appelé depuis la CN: 112704901D.MZK [Premier répertoire recherché : C:\machines\T32 Bis\Programmes]
E> [10/09/2015 14:01:14] N'a pu émettre le fichier. [Previous remote request failed.]
E> [10/09/2015 14:01:16] N'a pu émettre le fichier. [Previous remote request failed.]
E> [10/09/2015 14:01:17] N'a pu émettre le fichier. [Previous remote request failed.]
E> [10/09/2015 14:01:19] N'a pu émettre le fichier. [Previous remote request failed.]
I> [10/09/2015 14:03:21] Appel depuis la CN de: 11270-01-01
E> [10/09/2015 14:03:25] N'a pu émettre le fichier. [Previous remote request failed.]
I> [10/09/2015 14:03:25] Le programme appelé depuis la CN est trouvé: C:\machines\T32 Bis\Programmes\LA CALHENE\11270-01-01.MZK
I> [10/09/2015 14:03:25] Programmes dans les fichiers demandés: Programme 739 (11270-01-01), Programme 1438 (11270-01-01), Programme 1439 (11270-01-01)
I> [10/09/2015 14:03:34] Emission de programme: Programme 739 (11270-01-01)
I> [10/09/2015 14:09:24] Appel depuis la CN de: 4340-02-09
I> [10/09/2015 14:09:36] Le programme appelé depuis la CN est trouvé: C:\machines\T32 Bis\Programmes\LA CALHENE\4340-02-09.MZK
I> [10/09/2015 14:09:36] Programmes dans les fichiers demandés: Programme 998 (4340-02-09), Programme 999 (4340-02-09), Programme 1537 (4340-02-09)
I> [10/09/2015 14:09:43] Appel depuis la CN de: 4340-02-09
I> [10/09/2015 14:09:50] Le programme appelé depuis la CN est trouvé: C:\machines\T32 Bis\Programmes\LA CALHENE\4340-02-09.MZK
I> [10/09/2015 14:09:50] Programmes dans les fichiers demandés: Programme 998 (4340-02-09), Programme 999 (4340-02-09), Programme 1537 (4340-02-09)
I> [10/09/2015 14:09:56] Emission de programme: Programme 1537 (4340-02-09)
