I> [10/05/2013 04:57:58] Port activé avec succès.
I> [10/05/2013 10:26:26] Réception: programme 1463 (212700501)
I> [10/05/2013 10:26:58] Réception: programme 1464 (212700501)
I> [10/05/2013 10:27:26] Réception: programme 1465 (212700501)
I> [10/05/2013 10:28:16] Réception: programme 1466 (212700501)
I> [10/05/2013 10:28:45] Réception: programme 1467 (212700501)
I> [10/05/2013 10:29:14] Fichier reçu: C:\machines\T32 Bis\Programmes\212700501.MZK
I> [10/05/2013 10:29:14] Programmes dans les fichiers demandés: Programme 1463 (212700501), Programme 1464 (212700501), Programme 1465 (212700501), Programme 1466 (212700501), Programme 1467 (212700501)
I> [10/05/2013 10:30:35] Appel depuis la CN de: 21270050101
I> [10/05/2013 10:30:41] Le programme appelé depuis la CN est trouvé: C:\machines\T32 Bis\Programmes\LA CALHENE\21270050101.MZK
I> [10/05/2013 10:30:41] Programmes dans les fichiers demandés: Programme 1006 (21270050101), Programme 1007 (21270050101), Programme 1008 (21270050101), Programme 1009 (21270050101)
I> [10/05/2013 10:30:50] Emission de programme: Programme 1006 (21270050101)
I> [10/05/2013 10:31:13] Emission de programme: Programme 1007 (21270050101)
I> [10/05/2013 10:32:27] Emission de programme: Programme 1008 (21270050101)
I> [10/05/2013 10:32:58] Emission de programme: Programme 1009 (21270050101)
I> [10/05/2013 10:35:48] Réception: programme 1006 (21270050101)
I> [10/05/2013 10:36:11] Réception: programme 1007 (21270050101)
I> [10/05/2013 10:37:25] Réception: programme 1008 (21270050101)
I> [10/05/2013 10:37:56] Réception: programme 1009 (21270050101)
I> [10/05/2013 10:38:25] Fichier reçu: C:\machines\T32 Bis\Programmes\21270050101.MZK
I> [10/05/2013 10:38:25] Programmes dans les fichiers demandés: Programme 1006 (21270050101), Programme 1007 (21270050101), Programme 1008 (21270050101), Programme 1009 (21270050101)
