I> [10/09/2011 05:13:43] Port activé avec succès.
I> [10/09/2011 05:21:43] Port activé avec succès.
I> [10/09/2011 09:25:45] Appel depuis la CN de: 305728
E> [10/09/2011 09:25:49] N'a pu émettre le fichier: C:\machines\T32 Bis\Programmes\2976518A.MZK [Le système ne peut pas lire le périphérique indiqué]
I> [10/09/2011 09:25:49] Le programme appelé depuis la CN est trouvé: C:\machines\T32 Bis\Programmes\FLOWSERVE\305728.MZK
I> [10/09/2011 09:25:50] Programmes dans les fichiers demandés: Programme 932 (305728), Programme 933 (305728)
I> [10/09/2011 09:25:57] Appel depuis la CN de: 305728
I> [10/09/2011 09:26:05] Le programme appelé depuis la CN est trouvé: C:\machines\T32 Bis\Programmes\FLOWSERVE\305728.MZK
I> [10/09/2011 09:26:05] Programmes dans les fichiers demandés: Programme 932 (305728), Programme 933 (305728)
I> [10/09/2011 09:26:11] Emission de programme: Programme 932 (305728)
I> [10/09/2011 09:26:21] Emission de programme: Programme 933 (305728)
I> [10/09/2011 09:29:32] Réception: programme 932 (305728)
I> [10/09/2011 09:29:42] Réception: programme 933 (305728)
I> [10/09/2011 09:29:53] Réception: programme 1149 (305728)
I> [10/09/2011 09:30:02] Réception: programme 1150 (305728)
I> [10/09/2011 09:30:12] Réception: programme 1151 (305728)
I> [10/09/2011 09:30:22] Réception: programme 1152 (305728)
I> [10/09/2011 09:30:31] Réception: programme 1153 (305728)
I> [10/09/2011 09:30:44] Réception: programme 1154 (305728)
I> [10/09/2011 09:30:59] Fichier reçu: C:\machines\T32 Bis\Programmes\305728.MZK
I> [10/09/2011 09:30:59] Programmes dans les fichiers demandés: Programme 932 (305728), Programme 933 (305728), Programme 1149 (305728), Programme 1150 (305728), Programme 1151 (305728), Programme 1152 (305728), Programme 1153 (305728), Programme 1154 (305728)
I> [10/09/2011 09:35:15] Appel depuis la CN de: 305728
I> [10/09/2011 09:35:20] Le programme appelé depuis la CN est trouvé: C:\machines\T32 Bis\Programmes\FLOWSERVE\305728.MZK
I> [10/09/2011 09:35:20] Programmes dans les fichiers demandés: Programme 932 (305728), Programme 933 (305728), Programme 1149 (305728), Programme 1150 (305728), Programme 1151 (305728), Programme 1152 (305728), Programme 1153 (305728), Programme 1154 (305728)
I> [10/09/2011 09:36:10] Appel depuis la CN de: 012007150A
I> [10/09/2011 09:36:14] Le programme appelé depuis la CN est trouvé: C:\machines\T32 Bis\Programmes\012007150A.MZK
I> [10/09/2011 09:36:14] Programmes dans les fichiers demandés: Programme 4801 (012007150A), Programme 4802 (012007150A), Programme 4803 (012007150A)
I> [10/09/2011 09:36:25] Emission de programme: Programme 4801 (012007150A)
I> [10/09/2011 09:36:53] Emission de programme: Programme 4802 (012007150A)
I> [10/09/2011 09:37:16] Emission de programme: Programme 4803 (012007150A)
I> [10/09/2011 09:38:40] Appel depuis la CN de: 012007152B
I> [10/09/2011 09:38:47] Le programme appelé depuis la CN est trouvé: C:\machines\T32 Bis\Programmes\ERCA FORMSEAL\012007152B.MZK
I> [10/09/2011 09:38:47] Programmes dans les fichiers demandés: Programme 402 (012007152B), Programme 403 (012007152B), Programme 404 (012007152B)
I> [10/09/2011 09:39:06] Appel depuis la CN de: 012007152B
I> [10/09/2011 09:39:13] Le programme appelé depuis la CN est trouvé: C:\machines\T32 Bis\Programmes\ERCA FORMSEAL\012007152B.MZK
I> [10/09/2011 09:39:13] Programmes dans les fichiers demandés: Programme 402 (012007152B), Programme 403 (012007152B), Programme 404 (012007152B)
I> [10/09/2011 09:39:16] Emission de programme: Programme 402 (012007152B)
I> [10/09/2011 09:39:34] Emission de programme: Programme 403 (012007152B)
I> [10/09/2011 09:39:49] Emission de programme: Programme 404 (012007152B)
