I> [10/06/2011 06:49:00] Port activé avec succès.
I> [10/06/2011 06:51:26] Appel depuis la CN de: 352234
E> [10/06/2011 06:51:31] N'a pu émettre le fichier: C:\machines\T32 Bis\Programmes\2976518A.MZK [Le système ne peut pas lire le périphérique indiqué]
I> [10/06/2011 06:51:31] Le programme appelé depuis la CN est trouvé: C:\machines\T32 Bis\Programmes\ARO\352234.MZK
I> [10/06/2011 06:51:31] Programmes dans les fichiers demandés: Programme 26, Données d'outil, Programme 42, Données d'outil
I> [10/06/2011 06:51:54] Appel depuis la CN de: 352234
I> [10/06/2011 06:52:01] Le programme appelé depuis la CN est trouvé: C:\machines\T32 Bis\Programmes\ARO\352234.MZK
I> [10/06/2011 06:52:01] Programmes dans les fichiers demandés: Programme 26, Données d'outil, Programme 42, Données d'outil
E> [10/06/2011 06:55:33] Transmission avortée. [Délai de réponse dépassé, interruption de la transmission]
I> [10/06/2011 09:25:11] Réception: programme 1099 (352234)
I> [10/06/2011 09:25:26] Réception: programme 1100 (352234)
I> [10/06/2011 09:25:48] Fichier reçu: C:\machines\T32 Bis\Programmes\352234.MZK
I> [10/06/2011 09:25:48] Programmes dans les fichiers demandés: Programme 1099 (352234), Programme 1100 (352234)
I> [10/06/2011 09:37:36] Appel depuis la CN de: 64787
I> [10/06/2011 09:37:40] Le programme appelé depuis la CN est trouvé: C:\machines\T32 Bis\Programmes\64787.MZK
I> [10/06/2011 09:37:40] Programmes dans les fichiers demandés: Programme 9, Données d'outil, Programme 8, Données d'outil
I> [10/06/2011 09:37:48] Emission de programme: Programme 9
I> [10/06/2011 09:37:50] Emission de programme: Données d'outil
I> [10/06/2011 09:37:51] Emission de programme: Programme 8
I> [10/06/2011 09:37:53] Emission de programme: Données d'outil
I> [10/06/2011 09:54:28] Appel depuis la CN de: 64783
I> [10/06/2011 09:54:33] Le programme appelé depuis la CN est trouvé: C:\machines\T32 Bis\Programmes\64783.MZK
I> [10/06/2011 09:54:33] Programmes dans les fichiers demandés: Programme 9, Données d'outil, Programme 8, Données d'outil
I> [10/06/2011 13:04:41] Appel depuis la CN de: 2976327D
I> [10/06/2011 13:04:45] Le programme appelé depuis la CN est trouvé: C:\machines\T32 Bis\Programmes\FLOWSERVE\2976327D.MZK
I> [10/06/2011 13:04:45] Programmes dans les fichiers demandés: Programme 127 (2976327D), Programme 130 (2976327D)
I> [10/06/2011 13:04:51] Emission de programme: Programme 127 (2976327D)
I> [10/06/2011 13:05:04] Emission de programme: Programme 130 (2976327D)
I> [10/06/2011 13:27:20] Appel depuis la CN de: 2976325D
E> [10/06/2011 13:27:25] N'a pu trouver le programme appelé depuis la CN: 2976325D.MZK [Premier répertoire recherché : C:\machines\T32 Bis\Programmes]
E> [10/06/2011 13:27:38] N'a pu émettre le fichier. [Previous remote request failed.]
I> [10/06/2011 13:27:52] Appel depuis la CN de: 2976325D
E> [10/06/2011 13:27:57] N'a pu trouver le programme appelé depuis la CN: 2976325D.MZK [Premier répertoire recherché : C:\machines\T32 Bis\Programmes]
E> [10/06/2011 13:28:19] N'a pu émettre le fichier. [Previous remote request failed.]
I> [10/06/2011 13:33:23] Appel depuis la CN de: 2976325C
I> [10/06/2011 13:33:27] Le programme appelé depuis la CN est trouvé: C:\machines\T32 Bis\Programmes\FLOWSERVE\2976325C.MZK
I> [10/06/2011 13:33:27] Programmes dans les fichiers demandés: Programme 128 (2976325C), Programme 131 (2976325C)
I> [10/06/2011 13:35:07] Emission de programme: Programme 128 (2976325C)
I> [10/06/2011 13:35:21] Emission de programme: Programme 131 (2976325C)
I> [10/06/2011 13:40:48] Appel depuis la CN de: 2979992A
I> [10/06/2011 13:40:52] Le programme appelé depuis la CN est trouvé: C:\machines\T32 Bis\Programmes\FLOWSERVE\2979992A.MZK
I> [10/06/2011 13:40:53] Programmes dans les fichiers demandés: Programme 5067 (2979992A), Programme 5068 (2979992A)
I> [10/06/2011 13:51:25] Appel depuis la CN de: 2976835D
I> [10/06/2011 13:51:30] Le programme appelé depuis la CN est trouvé: C:\machines\T32 Bis\Programmes\FLOWSERVE\2976835D.MZK
I> [10/06/2011 13:51:30] Programmes dans les fichiers demandés: Programme 50 (2976835D), Programme 51 (2976835D)
I> [10/06/2011 13:51:40] Emission de programme: Programme 50 (2976835D)
I> [10/06/2011 13:51:51] Emission de programme: Programme 51 (2976835D)
I> [10/06/2011 14:18:26] Appel depuis la CN de: 2976840C
E> [10/06/2011 14:18:31] N'a pu trouver le programme appelé depuis la CN: 2976840C.MZK [Premier répertoire recherché : C:\machines\T32 Bis\Programmes]
E> [10/06/2011 14:18:42] N'a pu émettre le fichier. [Previous remote request failed.]
I> [10/06/2011 14:19:18] Appel depuis la CN de: 2976840B
E> [10/06/2011 14:19:23] N'a pu trouver le programme appelé depuis la CN: 2976840B.MZK [Premier répertoire recherché : C:\machines\T32 Bis\Programmes]
E> [10/06/2011 14:19:23] N'a pu émettre le fichier. [Previous remote request failed.]
I> [10/06/2011 14:21:06] Appel depuis la CN de: 2976840C 6
I> [10/06/2011 14:21:11] Le programme appelé depuis la CN est trouvé: C:\machines\T32 Bis\Programmes\FLOWSERVE\2976840C 6.MZK
I> [10/06/2011 14:21:11] Programmes dans les fichiers demandés: Programme 205 (2976840C 6), Programme 207 (2976840C 6)
I> [10/06/2011 14:21:51] Emission de programme: Programme 205 (2976840C 6)
I> [10/06/2011 14:22:09] Emission de programme: Programme 207 (2976840C 6)
I> [10/06/2011 14:39:22] Appel depuis la CN de: 2976836B
E> [10/06/2011 14:39:27] N'a pu trouver le programme appelé depuis la CN: 2976836B.MZK [Premier répertoire recherché : C:\machines\T32 Bis\Programmes]
E> [10/06/2011 14:39:27] N'a pu émettre le fichier. [Previous remote request failed.]
I> [10/06/2011 14:39:48] Appel depuis la CN de: 2976836D
I> [10/06/2011 14:39:52] Le programme appelé depuis la CN est trouvé: C:\machines\T32 Bis\Programmes\FLOWSERVE\2976836D.MZK
I> [10/06/2011 14:39:52] Programmes dans les fichiers demandés: Programme 126 (2976836D), Programme 129 (2976836D)
I> [10/06/2011 14:39:58] Emission de programme: Programme 126 (2976836D)
I> [10/06/2011 14:40:12] Emission de programme: Programme 129 (2976836D)
