I> [10/01/2013 05:08:44] Port activé avec succès.
I> [10/01/2013 05:40:15] Port arrêté.
I> [10/01/2013 05:40:46] Port activé avec succès.
I> [10/01/2013 07:37:12] Réception: programme 1438 (11270-55-01)
I> [10/01/2013 07:38:49] Réception: programme 1439 (11270-55-01)
I> [10/01/2013 07:39:01] Réception: programme 1440 (11270-55-01)
I> [10/01/2013 07:39:23] Réception: programme 1441 (11270-55-01)
I> [10/01/2013 07:39:50] Fichier existant sauvegardé: C:\MACHINES\T32 BIS\SAUVEGARDES\11270-55-01_01.MZK
I> [10/01/2013 07:39:50] Fichier reçu: C:\machines\T32 Bis\Programmes\11270-55-01.MZK
I> [10/01/2013 07:39:50] Programmes dans les fichiers demandés: Programme 1438 (11270-55-01), Programme 1439 (11270-55-01), Programme 1440 (11270-55-01), Programme 1441 (11270-55-01)
I> [10/01/2013 12:42:09] Appel depuis la CN de: 4808063A
I> [10/01/2013 12:42:14] Le programme appelé depuis la CN est trouvé: C:\machines\T32 Bis\Programmes\4808063A.MZK
I> [10/01/2013 12:42:14] Programmes dans les fichiers demandés: Programme 596 (4808063A), Programme 597 (4808063A), Programme 598 (4808063A), Programme 601 (4808063A), Programme 602 (4808063A), Programme 603 (4808063A), Programme 604 (4808063A)
I> [10/01/2013 12:42:33] Emission de programme: Programme 601 (4808063A)
I> [10/01/2013 12:42:39] Emission de programme: Programme 602 (4808063A)
I> [10/01/2013 12:42:49] Emission de programme: Programme 603 (4808063A)
I> [10/01/2013 12:43:02] Emission de programme: Programme 604 (4808063A)
I> [10/01/2013 17:44:28] Appel depuis la CN de: 2974893K
I> [10/01/2013 17:44:33] Le programme appelé depuis la CN est trouvé: C:\machines\T32 Bis\Programmes\FLOWSERVE\2974893K.MZK
I> [10/01/2013 17:44:33] Programmes dans les fichiers demandés: Programme 781 (2974893K), Programme 783 (2974893K)
I> [10/01/2013 17:44:38] Emission de programme: Programme 781 (2974893K)
I> [10/01/2013 17:44:58] Emission de programme: Programme 783 (2974893K)
