I> [10/06/2010 05:00:18] Port activé avec succès.
I> [10/06/2010 08:53:17] Réception: programme 861 (5998155A)
I> [10/06/2010 08:53:33] Fichier reçu: C:\machines\T32 Bis\Programmes\5998155A.MZK
I> [10/06/2010 08:53:34] Programmes dans les fichiers demandés: Programme 861 (5998155A)
I> [10/06/2010 15:59:26] Réception: programme 862 (MA7612 2)
I> [10/06/2010 15:59:43] Fichier reçu: C:\machines\T32 Bis\Programmes\MA7612 2.MZK
I> [10/06/2010 15:59:43] Programmes dans les fichiers demandés: Programme 862 (MA7612 2)
I> [10/06/2010 16:02:35] Appel depuis la CN de: MA7750OI
E> [10/06/2010 16:02:42] N'a pu émettre le fichier: C:\machines\T32 Bis\Programmes\MA7612 2.MZK [Le système ne peut pas lire le périphérique indiqué]
I> [10/06/2010 16:02:42] Le programme appelé depuis la CN est trouvé: C:\machines\T32 Bis\Programmes\FLOWSERVE\MA7750OI.MZK
I> [10/06/2010 16:02:42] Programmes dans les fichiers demandés: Programme 859 (MA7750OI)
I> [10/06/2010 16:02:51] Appel depuis la CN de: MA7750OI
I> [10/06/2010 16:03:00] Le programme appelé depuis la CN est trouvé: C:\machines\T32 Bis\Programmes\FLOWSERVE\MA7750OI.MZK
I> [10/06/2010 16:03:00] Programmes dans les fichiers demandés: Programme 859 (MA7750OI)
I> [10/06/2010 16:03:03] Emission de programme: Programme 859 (MA7750OI)
I> [10/06/2010 17:08:22] Appel depuis la CN de: 5987595B
I> [10/06/2010 17:08:31] Le programme appelé depuis la CN est trouvé: C:\machines\T32 Bis\Programmes\5987595B.MZK
I> [10/06/2010 17:08:31] Programmes dans les fichiers demandés: Programme 4857 (5987595B), Programme 4858 (5987595B), Programme 5213 (5987595B), Programme 5214 (5987595B)
I> [10/06/2010 17:08:37] Appel depuis la CN de: 5987595B
I> [10/06/2010 17:08:46] Le programme appelé depuis la CN est trouvé: C:\machines\T32 Bis\Programmes\5987595B.MZK
I> [10/06/2010 17:08:46] Programmes dans les fichiers demandés: Programme 4857 (5987595B), Programme 4858 (5987595B), Programme 5213 (5987595B), Programme 5214 (5987595B)
I> [10/06/2010 17:27:11] Emission de programme: Programme 4857 (5987595B)
I> [10/06/2010 17:27:20] Emission de programme: Programme 4858 (5987595B)
I> [10/06/2010 17:27:35] Emission de programme: Programme 5213 (5987595B)
I> [10/06/2010 17:27:42] Emission de programme: Programme 5214 (5987595B)
