I> [10/04/2012 08:56:27] Port activé avec succès.
I> [10/04/2012 08:58:33] Appel depuis la CN de: NOIX CHAINE
E> [10/04/2012 08:58:38] N'a pu émettre le fichier: C:\machines\T32 Bis\Programmes\81B0004 E.MZK [Le système ne peut pas lire le périphérique indiqué]
I> [10/04/2012 08:58:38] Le programme appelé depuis la CN est trouvé: C:\machines\T32 Bis\Programmes\CRD\NOIX CHAINE.MZK
I> [10/04/2012 08:58:38] Programmes dans les fichiers demandés: Programme 1289 (NOIX CHAINE), Programme 1290 (NOIX CHAINE), Programme 1291 (NOIX CHAINE), Programme 1292 (NOIX CHAINE), Programme 1293 (NOIX CHAINE), Programme 1294 (NOIX CHAINE)
I> [10/04/2012 08:58:49] Emission de programme: Programme 1293 (NOIX CHAINE)
I> [10/04/2012 08:58:56] Emission de programme: Programme 1294 (NOIX CHAINE)
I> [10/04/2012 10:04:22] Appel depuis la CN de: NOI CHAINE
I> [10/04/2012 10:04:27] Le programme appelé depuis la CN est trouvé: C:\machines\T32 Bis\Programmes\NOI CHAINE.MZK
I> [10/04/2012 10:04:27] Programmes dans les fichiers demandés: Programme 14, Données d'outil, Programme 22, Données d'outil, Programme 13, Données d'outil, Programme 11, Données d'outil, Programme 33, Données d'outil, Programme 37, Données d'outil
I> [10/04/2012 10:06:17] Emission de programme: Programme 14
I> [10/04/2012 10:06:21] Emission de programme: Données d'outil
I> [10/04/2012 10:06:22] Emission de programme: Programme 22
I> [10/04/2012 10:06:26] Emission de programme: Données d'outil
I> [10/04/2012 10:06:28] Emission de programme: Programme 13
I> [10/04/2012 10:06:31] Emission de programme: Données d'outil
I> [10/04/2012 10:06:32] Emission de programme: Programme 11
I> [10/04/2012 10:06:35] Emission de programme: Données d'outil
I> [10/04/2012 10:06:36] Emission de programme: Programme 33
I> [10/04/2012 10:06:43] Emission de programme: Données d'outil
I> [10/04/2012 10:06:44] Emission de programme: Programme 37
I> [10/04/2012 10:06:52] Emission de programme: Données d'outil
I> [10/04/2012 10:12:08] Appel depuis la CN de: NOI CHAINE
I> [10/04/2012 10:12:15] Le programme appelé depuis la CN est trouvé: C:\machines\T32 Bis\Programmes\NOI CHAINE.MZK
I> [10/04/2012 10:12:15] Programmes dans les fichiers demandés: Programme 22, Données d'outil, Programme 13, Données d'outil, Programme 263, Données d'outil
I> [10/04/2012 10:12:20] Emission de programme: Programme 22
I> [10/04/2012 10:12:25] Emission de programme: Données d'outil
I> [10/04/2012 10:12:26] Emission de programme: Programme 13
I> [10/04/2012 10:12:29] Emission de programme: Données d'outil
I> [10/04/2012 10:12:30] Emission de programme: Programme 263
I> [10/04/2012 10:12:32] Emission de programme: Données d'outil
I> [10/04/2012 10:23:06] Appel depuis la CN de: DIA 45 H8
E> [10/04/2012 10:23:11] N'a pu émettre le fichier: C:\machines\T32 Bis\Programmes\NOI CHAINE.MZK [Le système ne peut pas lire le périphérique indiqué]
I> [10/04/2012 10:23:11] Le programme appelé depuis la CN est trouvé: C:\machines\T32 Bis\Programmes\DIA 45 H8.MZK
I> [10/04/2012 10:23:11] Programmes dans les fichiers demandés: Programme 21, Données d'outil, Programme 21, Données d'outil, Programme 10, Données d'outil, Programme 266, Données d'outil
I> [10/04/2012 10:23:16] Emission de programme: Programme 21
I> [10/04/2012 10:23:21] Emission de programme: Données d'outil
I> [10/04/2012 10:23:22] Emission de programme: Programme 21
I> [10/04/2012 10:23:27] Emission de programme: Données d'outil
I> [10/04/2012 10:23:28] Emission de programme: Programme 10
I> [10/04/2012 10:23:31] Emission de programme: Programme 266
I> [10/04/2012 12:30:08] Port activé avec succès.
