I> [10/05/2011 05:05:48] Port activé avec succès.
I> [10/05/2011 15:51:08] Réception: programme 1092 (4990704 A14)
I> [10/05/2011 15:51:19] Fichier existant sauvegardé: C:\MACHINES\T32 BIS\SAUVEGARDES\4990704 A14_01.MZK
I> [10/05/2011 15:51:19] Fichier reçu: C:\machines\T32 Bis\Programmes\4990704 A14.MZK
I> [10/05/2011 15:51:19] Programmes dans les fichiers demandés: Programme 1092 (4990704 A14)
I> [10/05/2011 16:20:02] Appel depuis la CN de: 5992598B14
E> [10/05/2011 16:20:07] N'a pu émettre le fichier: C:\machines\T32 Bis\Programmes\4990704 A14.MZK [Le système ne peut pas lire le périphérique indiqué]
I> [10/05/2011 16:20:07] Le programme appelé depuis la CN est trouvé: C:\machines\T32 Bis\Programmes\5992598B14.MZK
I> [10/05/2011 16:20:07] Programmes dans les fichiers demandés: Programme 4936 (5992598B14), Programme 4937 (5992598B14)
I> [10/05/2011 16:21:19] Appel depuis la CN de: 5992598B14
I> [10/05/2011 16:21:27] Le programme appelé depuis la CN est trouvé: C:\machines\T32 Bis\Programmes\5992598B14.MZK
I> [10/05/2011 16:21:27] Programmes dans les fichiers demandés: Programme 4936 (5992598B14), Programme 4937 (5992598B14)
I> [10/05/2011 16:21:40] Emission de programme: Programme 4936 (5992598B14)
I> [10/05/2011 16:21:49] Emission de programme: Programme 4937 (5992598B14)
I> [10/05/2011 16:25:13] Appel depuis la CN de: 4990704 A14
I> [10/05/2011 16:25:18] Le programme appelé depuis la CN est trouvé: C:\machines\T32 Bis\Programmes\FLOWSERVE\4990704 A14.MZK
I> [10/05/2011 16:25:18] Programmes dans les fichiers demandés: Programme 1092 (4990704 A14)
I> [10/05/2011 16:39:31] Appel depuis la CN de: A14
I> [10/05/2011 16:39:36] Le programme appelé depuis la CN est trouvé: C:\machines\T32 Bis\Programmes\A14.MZK
I> [10/05/2011 16:39:36] Programmes dans les fichiers demandés: Programme 4934 (4990704 A14), Programme 4935 (4990704 A14), Programme 4938 (4990704 A14), Programme 4939 (4990704 A14)
I> [10/05/2011 16:41:45] Emission de programme: Programme 4934 (4990704 A14)
E> [10/05/2011 16:45:24] Transmission avortée. [Délai de réponse dépassé, interruption de la transmission]
