I> [10/12/2008 13:02:56] Port activé avec succès.
I> [10/12/2008 14:04:08] Port activé avec succès.
I> [10/12/2008 14:43:30] Appel depuis la CN de: 2976862C
I> [10/12/2008 14:43:35] Le programme appelé depuis la CN est trouvé: C:\machines\T32 Bis\Programmes\FLOWSERVE\2976862C.MZK
I> [10/12/2008 14:43:35] Programmes dans les fichiers demandés: Programme 433 (2976862C), Programme 436 (2976862C)
I> [10/12/2008 14:43:42] Emission de programme: Programme 433 (2976862C)
I> [10/12/2008 14:43:58] Emission de programme: Programme 436 (2976862C)
I> [10/12/2008 14:45:39] Appel depuis la CN de: 2976864D
I> [10/12/2008 14:46:46] Appel depuis la CN de: 2976864D
I> [10/12/2008 14:46:51] Le programme appelé depuis la CN est trouvé: C:\machines\T32 Bis\Programmes\FLOWSERVE\2976864D.MZK
I> [10/12/2008 14:46:51] Programmes dans les fichiers demandés: Programme 435 (2976864D), Programme 437 (2976864D)
I> [10/12/2008 14:47:36] Emission de programme: Programme 435 (2976864D)
I> [10/12/2008 14:47:51] Emission de programme: Programme 437 (2976864D)
I> [10/12/2008 18:19:54] Réception: programme 434 (2976863C)
I> [10/12/2008 18:20:10] Réception: programme 438 (2976863C)
I> [10/12/2008 18:20:29] Fichier reçu: C:\machines\T32 Bis\Programmes\2976863C.MZK
I> [10/12/2008 18:20:29] Programmes dans les fichiers demandés: Programme 434 (2976863C), Programme 438 (2976863C)
I> [10/12/2008 18:34:08] Appel depuis la CN de: 6340 01D
E> [10/12/2008 18:34:29] N'a pu émettre le fichier: C:\machines\T32 Bis\Programmes\2976863C.MZK [Le système ne peut pas lire le périphérique indiqué]
I> [10/12/2008 18:34:31] Le programme appelé depuis la CN est trouvé: C:\machines\T32 Bis\Programmes\LA CALHENE\6340 01D.MZK
I> [10/12/2008 18:34:31] Programmes dans les fichiers demandés: Programme 331 (6340 01D), Programme 332 (6340 01D), Programme 333 (6340 01D), Programme 334 (6340 01D), Programme 335 (6340 01D), Programme 415 (6340 01D)
I> [10/12/2008 18:35:13] Emission de programme: Programme 331 (6340 01D)
I> [10/12/2008 18:35:22] Emission de programme: Programme 332 (6340 01D)
I> [10/12/2008 18:35:35] Emission de programme: Programme 333 (6340 01D)
I> [10/12/2008 18:35:43] Emission de programme: Programme 334 (6340 01D)
I> [10/12/2008 18:36:03] Emission de programme: Programme 335 (6340 01D)
I> [10/12/2008 18:36:18] Emission de programme: Programme 415 (6340 01D)
