I> [10/11/2011 07:24:27] Port activé avec succès.
I> [10/11/2011 08:18:37] Réception: programme 1205 (2983960A 8)
I> [10/11/2011 08:19:11] Fichier existant sauvegardé: C:\MACHINES\T32 BIS\SAUVEGARDES\2983960A 8_01.MZK
I> [10/11/2011 08:19:11] Fichier reçu: C:\machines\T32 Bis\Programmes\2983960A 8.MZK
I> [10/11/2011 08:19:11] Programmes dans les fichiers demandés: Programme 1205 (2983960A 8)
I> [10/11/2011 08:20:56] Réception: programme 1205 (2983960B)
I> [10/11/2011 08:21:29] Fichier reçu: C:\machines\T32 Bis\Programmes\2983960B.MZK
I> [10/11/2011 08:21:29] Programmes dans les fichiers demandés: Programme 1205 (2983960B)
I> [10/11/2011 08:36:40] Appel depuis la CN de: 121900101Q
I> [10/11/2011 08:36:45] Le programme appelé depuis la CN est trouvé: C:\machines\T32 Bis\Programmes\LA CALHENE\121900101Q.MZK
I> [10/11/2011 08:36:45] Programmes dans les fichiers demandés: Programme 840 (121900101Q), Programme 841 (121900101Q), Programme 842 (121900101Q), Programme 843 (121900101Q), Programme 844 (121900101Q), Programme 845 (121900101Q)
I> [10/11/2011 08:36:50] Emission de programme: Programme 840 (121900101Q)
I> [10/11/2011 08:36:58] Emission de programme: Programme 841 (121900101Q)
I> [10/11/2011 08:37:05] Emission de programme: Programme 842 (121900101Q)
I> [10/11/2011 08:37:21] Emission de programme: Programme 843 (121900101Q)
I> [10/11/2011 08:37:35] Emission de programme: Programme 844 (121900101Q)
I> [10/11/2011 08:38:03] Emission de programme: Programme 845 (121900101Q)
I> [10/11/2011 10:37:18] Appel depuis la CN de: 41890202C
I> [10/11/2011 10:37:23] Le programme appelé depuis la CN est trouvé: C:\machines\T32 Bis\Programmes\LA CALHENE\41890202C.MZK
I> [10/11/2011 10:37:23] Programmes dans les fichiers demandés: Programme 914 (41890202C), Programme 915 (41890202C), Programme 938 (41890202C), Programme 941 (41890202C)
I> [10/11/2011 10:37:30] Emission de programme: Programme 914 (41890202C)
I> [10/11/2011 10:37:45] Emission de programme: Programme 915 (41890202C)
I> [10/11/2011 10:38:02] Emission de programme: Programme 938 (41890202C)
I> [10/11/2011 10:38:23] Emission de programme: Programme 941 (41890202C)
I> [10/11/2011 10:44:15] Appel depuis la CN de: DN01312101B
I> [10/11/2011 10:44:20] Le programme appelé depuis la CN est trouvé: C:\machines\T32 Bis\Programmes\LA CALHENE\DN01312101B.MZK
I> [10/11/2011 10:44:20] Programmes dans les fichiers demandés: Programme 4221 (DN01312101B), Programme 4222 (DN01312101B)
I> [10/11/2011 11:04:35] Emission de programme: Programme 4221 (DN01312101B)
I> [10/11/2011 11:05:08] Emission de programme: Programme 4222 (DN01312101B)
I> [10/11/2011 11:06:28] Appel depuis la CN de: DN01312102B
I> [10/11/2011 11:06:33] Le programme appelé depuis la CN est trouvé: C:\machines\T32 Bis\Programmes\LA CALHENE\DN01312102B.MZK
I> [10/11/2011 11:06:33] Programmes dans les fichiers demandés: Programme 4220 (DN01312102B), Programme 4223 (DN01312102B)
I> [10/11/2011 11:06:37] Emission de programme: Programme 4220 (DN01312102B)
I> [10/11/2011 11:07:08] Emission de programme: Programme 4223 (DN01312102B)
I> [10/11/2011 11:12:29] Appel depuis la CN de: 6120B
I> [10/11/2011 11:12:40] Le programme appelé depuis la CN est trouvé: C:\machines\T32 Bis\Programmes\LA CALHENE\6120B.MZK
I> [10/11/2011 11:12:40] Programmes dans les fichiers demandés: Programme 672 (6120B), Programme 673 (6120B), Programme 674 (6120B), Programme 675 (6120B), Programme 676 (6120B)
I> [10/11/2011 11:12:51] Appel depuis la CN de: 6120B
I> [10/11/2011 11:12:56] Le programme appelé depuis la CN est trouvé: C:\machines\T32 Bis\Programmes\LA CALHENE\6120B.MZK
I> [10/11/2011 11:12:56] Programmes dans les fichiers demandés: Programme 672 (6120B), Programme 673 (6120B), Programme 674 (6120B), Programme 675 (6120B), Programme 676 (6120B)
I> [10/11/2011 11:13:09] Emission de programme: Programme 672 (6120B)
I> [10/11/2011 11:13:13] Emission de programme: Programme 673 (6120B)
I> [10/11/2011 11:13:20] Emission de programme: Programme 674 (6120B)
I> [10/11/2011 11:13:26] Emission de programme: Programme 675 (6120B)
I> [10/11/2011 11:13:56] Emission de programme: Programme 676 (6120B)
I> [10/11/2011 17:44:44] Appel depuis la CN de: DN01312101B
I> [10/11/2011 17:44:49] Le programme appelé depuis la CN est trouvé: C:\machines\T32 Bis\Programmes\LA CALHENE\DN01312101B.MZK
I> [10/11/2011 17:44:49] Programmes dans les fichiers demandés: Programme 4221 (DN01312101B), Programme 4222 (DN01312101B)
I> [10/11/2011 18:39:15] Appel depuis la CN de: 01312101B2
I> [10/11/2011 18:39:22] Le programme appelé depuis la CN est trouvé: C:\machines\T32 Bis\Programmes\01312101B2.MZK
I> [10/11/2011 18:39:22] Programmes dans les fichiers demandés: Programme 4221 (DN01312101B), Programme 4222 (DN01312101B)
I> [10/11/2011 18:39:58] Appel depuis la CN de: 01312102B2
I> [10/11/2011 18:40:03] Le programme appelé depuis la CN est trouvé: C:\machines\T32 Bis\Programmes\01312102B2.MZK
I> [10/11/2011 18:40:03] Programmes dans les fichiers demandés: Programme 4220 (DN01312102B), Programme 4223 (DN01312102B)
