I> [10/11/2008 07:30:22] Port activé avec succès.
I> [10/11/2008 11:07:31] Réception: programme 416 (360785)
I> [10/11/2008 11:07:39] Réception: programme 417 (360785)
I> [10/11/2008 11:07:51] Fichier reçu: C:\machines\T32 Bis\Programmes\360785.MZK
I> [10/11/2008 11:07:51] Programmes dans les fichiers demandés: Programme 416 (360785), Programme 417 (360785)
I> [10/11/2008 11:17:19] Appel depuis la CN de: 64783
I> [10/11/2008 11:17:24] Le programme appelé depuis la CN est trouvé: C:\machines\T32 Bis\Programmes\64783.MZK
I> [10/11/2008 11:17:24] Programmes dans les fichiers demandés: Programme 9, Données d'outil, Programme 8, Données d'outil
I> [10/11/2008 11:17:55] Emission de programme: Programme 9
I> [10/11/2008 11:17:57] Emission de programme: Données d'outil
I> [10/11/2008 11:17:58] Emission de programme: Programme 8
I> [10/11/2008 11:18:01] Emission de programme: Données d'outil
I> [10/11/2008 13:53:44] Appel depuis la CN de: 6120B
I> [10/11/2008 13:53:49] Le programme appelé depuis la CN est trouvé: C:\machines\T32 Bis\Programmes\6120B.MZK
I> [10/11/2008 13:53:49] Programmes dans les fichiers demandés: Programme 16, Données d'outil, Programme 11, Données d'outil, Programme 64, Données d'outil, Programme 11, Données d'outil
I> [10/11/2008 13:53:55] Emission de programme: Programme 16
I> [10/11/2008 13:53:59] Emission de programme: Données d'outil
I> [10/11/2008 13:54:00] Emission de programme: Programme 11
I> [10/11/2008 13:54:03] Emission de programme: Données d'outil
I> [10/11/2008 13:54:04] Emission de programme: Programme 64
I> [10/11/2008 13:54:16] Emission de programme: Données d'outil
I> [10/11/2008 13:54:18] Emission de programme: Programme 11
I> [10/11/2008 13:54:20] Emission de programme: Données d'outil
