I> [10/12/2009 07:27:22] Port activé avec succès.
I> [10/12/2009 13:56:33] Appel depuis la CN de: 012000448B
E> [10/12/2009 13:56:40] N'a pu émettre le fichier: C:\machines\T32 Bis\Programmes\4340 02 09A.MZK [Le système ne peut pas lire le périphérique indiqué]
I> [10/12/2009 13:56:40] Le programme appelé depuis la CN est trouvé: C:\machines\T32 Bis\Programmes\ERCA FORMSEAL\012000448B.MZK
I> [10/12/2009 13:56:40] Programmes dans les fichiers demandés: Programme 518 (012000448B), Programme 521 (012000448B), Programme 523 (012000448B)
I> [10/12/2009 13:56:46] Appel depuis la CN de: 012000448B
I> [10/12/2009 13:56:55] Le programme appelé depuis la CN est trouvé: C:\machines\T32 Bis\Programmes\ERCA FORMSEAL\012000448B.MZK
I> [10/12/2009 13:56:55] Programmes dans les fichiers demandés: Programme 518 (012000448B), Programme 521 (012000448B), Programme 523 (012000448B)
I> [10/12/2009 13:57:00] Emission de programme: Programme 518 (012000448B)
I> [10/12/2009 13:57:22] Emission de programme: Programme 521 (012000448B)
I> [10/12/2009 13:57:56] Réception: programme 518 (012000448B)
I> [10/12/2009 13:58:18] Réception: programme 521 (012000448B)
I> [10/12/2009 13:58:41] Réception: programme 523 (012000448B)
I> [10/12/2009 13:59:21] Fichier reçu: C:\machines\T32 Bis\Programmes\012000448B.MZK
I> [10/12/2009 13:59:21] Programmes dans les fichiers demandés: Programme 518 (012000448B), Programme 521 (012000448B), Programme 523 (012000448B)
I> [10/12/2009 15:45:19] Appel depuis la CN de: 012000480
E> [10/12/2009 15:45:25] N'a pu émettre le fichier: C:\machines\T32 Bis\Programmes\012000448B.MZK [Le système ne peut pas lire le périphérique indiqué]
I> [10/12/2009 15:45:26] Le programme appelé depuis la CN est trouvé: C:\machines\T32 Bis\Programmes\ERCA FORMSEAL\012000480.MZK
I> [10/12/2009 15:45:26] Programmes dans les fichiers demandés: Programme 519 (012000480), Programme 520 (012000480), Programme 522 (012000480)
I> [10/12/2009 15:45:31] Appel depuis la CN de: 012000480
I> [10/12/2009 15:45:40] Le programme appelé depuis la CN est trouvé: C:\machines\T32 Bis\Programmes\ERCA FORMSEAL\012000480.MZK
I> [10/12/2009 15:45:40] Programmes dans les fichiers demandés: Programme 519 (012000480), Programme 520 (012000480), Programme 522 (012000480)
I> [10/12/2009 15:45:46] Emission de programme: Programme 519 (012000480)
I> [10/12/2009 15:46:08] Emission de programme: Programme 520 (012000480)
I> [10/12/2009 15:46:48] Réception: programme 519 (012000480)
I> [10/12/2009 15:47:09] Réception: programme 520 (012000480)
I> [10/12/2009 15:47:33] Réception: programme 522 (012000480)
I> [10/12/2009 15:48:10] Fichier reçu: C:\machines\T32 Bis\Programmes\012000480.MZK
I> [10/12/2009 15:48:10] Programmes dans les fichiers demandés: Programme 519 (012000480), Programme 520 (012000480), Programme 522 (012000480)
