I> [11/05/2009 07:30:26] Port activé avec succès.
I> [11/05/2009 08:47:20] Réception: programme 565 (82845J)
I> [11/05/2009 08:47:51] Réception: programme 566 (82845J)
I> [11/05/2009 08:48:07] Fichier reçu: C:\machines\T32 Bis\Programmes\82845J.MZK
I> [11/05/2009 08:48:07] Programmes dans les fichiers demandés: Programme 565 (82845J), Programme 566 (82845J)
I> [11/05/2009 16:54:19] Appel depuis la CN de: 2979147A
I> [11/05/2009 16:54:24] Le programme appelé depuis la CN est trouvé: C:\machines\T32 Bis\Programmes\2979147A.MZK
I> [11/05/2009 16:54:25] Programmes dans les fichiers demandés: Programme 285, Données d'outil, Programme 297, Données d'outil
I> [11/05/2009 16:54:38] Emission de programme: Programme 285
I> [11/05/2009 16:54:44] Emission de programme: Données d'outil
I> [11/05/2009 16:54:45] Emission de programme: Programme 297
I> [11/05/2009 16:54:53] Emission de programme: Données d'outil
I> [11/05/2009 17:05:09] Appel depuis la CN de: 2979147A
I> [11/05/2009 17:05:20] Appel depuis la CN de: 2979147A
I> [11/05/2009 17:05:25] Le programme appelé depuis la CN est trouvé: C:\machines\T32 Bis\Programmes\2979147A.MZK
I> [11/05/2009 17:05:25] Programmes dans les fichiers demandés: Programme 29, Données d'outil, Programme 42, Données d'outil
I> [11/05/2009 17:05:35] Emission de programme: Programme 29
I> [11/05/2009 17:05:41] Emission de programme: Données d'outil
I> [11/05/2009 17:05:43] Emission de programme: Programme 42
I> [11/05/2009 17:05:51] Emission de programme: Données d'outil
