I> [11/02/2011 05:06:56] Port activé avec succès.
I> [11/02/2011 06:02:49] Réception: programme 1033 (78917)
I> [11/02/2011 06:02:59] Réception: programme 1034 (78917)
I> [11/02/2011 06:03:08] Réception: programme 1035 (78917)
I> [11/02/2011 06:03:20] Réception: programme 1036 (78917)
I> [11/02/2011 06:03:30] Fichier reçu: C:\machines\T32 Bis\Programmes\78917.MZK
I> [11/02/2011 06:03:30] Programmes dans les fichiers demandés: Programme 1033 (78917), Programme 1034 (78917), Programme 1035 (78917), Programme 1036 (78917)
I> [11/02/2011 06:06:19] Réception: programme 1033 (78918)
I> [11/02/2011 06:06:29] Réception: programme 1034 (78918)
I> [11/02/2011 06:06:38] Réception: programme 1035 (78918)
I> [11/02/2011 06:06:50] Réception: programme 1037 (78918)
I> [11/02/2011 06:07:00] Fichier reçu: C:\machines\T32 Bis\Programmes\78918.MZK
I> [11/02/2011 06:07:00] Programmes dans les fichiers demandés: Programme 1033 (78918), Programme 1034 (78918), Programme 1035 (78918), Programme 1037 (78918)
I> [11/02/2011 06:26:56] Appel depuis la CN de: 2976839C 6
I> [11/02/2011 06:27:01] Le programme appelé depuis la CN est trouvé: C:\machines\T32 Bis\Programmes\FLOWSERVE\2976839C 6.MZK
I> [11/02/2011 06:27:01] Programmes dans les fichiers demandés: Programme 204 (2976839C 6), Programme 206 (2976839C 6)
I> [11/02/2011 06:27:08] Emission de programme: Programme 204 (2976839C 6)
I> [11/02/2011 06:27:26] Emission de programme: Programme 206 (2976839C 6)
I> [11/02/2011 06:28:13] Appel depuis la CN de: 2976840C 6
I> [11/02/2011 06:28:20] Le programme appelé depuis la CN est trouvé: C:\machines\T32 Bis\Programmes\FLOWSERVE\2976840C 6.MZK
I> [11/02/2011 06:28:20] Programmes dans les fichiers demandés: Programme 205 (2976840C 6), Programme 207 (2976840C 6)
I> [11/02/2011 06:28:24] Emission de programme: Programme 205 (2976840C 6)
I> [11/02/2011 06:28:42] Emission de programme: Programme 207 (2976840C 6)
