I> [11/01/2007 15:46:22] Appel depuis la CN de: 2974888E 2
I> [11/01/2007 15:46:29] Le programme appelé depuis la CN est trouvé: C:\machines\T32\Programmes\DRESSER\2974888E 2.MZK
I> [11/01/2007 15:46:29] Programmes dans les fichiers demandés: Programme 4238 (2974888E 2), Programme 4239 (2974888E 2)
I> [11/01/2007 15:46:39] Emission de programme: Programme 4238 (2974888E 2)
I> [11/01/2007 15:47:01] Emission de programme: Programme 4239 (2974888E 2)
I> [11/01/2007 20:31:04] Réception: programme 4339 (3982753A 2)
I> [11/01/2007 20:31:28] Réception: programme 4342 (3982753A 2)
I> [11/01/2007 20:31:37] Fichier reçu: C:\machines\T32\Programmes\3982753A 2.MZK
I> [11/01/2007 20:31:37] Programmes dans les fichiers demandés: Programme 4339 (3982753A 2), Programme 4342 (3982753A 2)
I> [11/01/2007 20:31:45] Réception: programme 4340 (3982752A 2)
I> [11/01/2007 20:32:09] Réception: programme 4341 (3982752A 2)
I> [11/01/2007 20:32:18] Fichier reçu: C:\machines\T32\Programmes\3982752A 2.MZK
I> [11/01/2007 20:32:18] Programmes dans les fichiers demandés: Programme 4340 (3982752A 2), Programme 4341 (3982752A 2)
I> [11/01/2007 20:40:22] Appel depuis la CN de: 3007-14-11M
I> [11/01/2007 20:40:28] Le programme appelé depuis la CN est trouvé: C:\machines\T32\Programmes\LA CALHENE\3007-14-11M.MZK
I> [11/01/2007 20:40:29] Programmes dans les fichiers demandés: Programme 845 (3007-14-11M), Programme 846 (3007-14-11M), Programme 1986 (3007-14-11M), Programme 2647 (3007-14-11M), Programme 2672 (3007-14-11M), Programme 2673 (3007-14-11M), Programme 3673 (3007-14-11M), Programme 3674 (3007-14-11M)
I> [11/01/2007 20:40:48] Emission de programme: Programme 845 (3007-14-11M)
I> [11/01/2007 20:41:13] Emission de programme: Programme 846 (3007-14-11M)
I> [11/01/2007 20:41:28] Emission de programme: Programme 1986 (3007-14-11M)
I> [11/01/2007 20:41:46] Emission de programme: Programme 2647 (3007-14-11M)
I> [11/01/2007 20:42:26] Emission de programme: Programme 2672 (3007-14-11M)
I> [11/01/2007 20:42:41] Emission de programme: Programme 2673 (3007-14-11M)
I> [11/01/2007 20:42:47] Emission de programme: Programme 3673 (3007-14-11M)
I> [11/01/2007 20:43:11] Emission de programme: Programme 3674 (3007-14-11M)
