I> [11/07/2012 11:08:03] Appel depuis la CN de: 113500101M
I> [11/07/2012 11:08:08] Le programme appelé depuis la CN est trouvé: C:\machines\T32 Bis\Programmes\LA CALHENE\113500101M.MZK
I> [11/07/2012 11:08:08] Programmes dans les fichiers demandés: Programme 4357 (113500101M), Programme 4359 (113500101M)
I> [11/07/2012 11:08:34] Emission de programme: Programme 4357 (113500101M)
I> [11/07/2012 11:08:55] Emission de programme: Programme 4359 (113500101M)
I> [11/07/2012 11:11:37] Appel depuis la CN de: 4340 02 09A
I> [11/07/2012 11:11:41] Le programme appelé depuis la CN est trouvé: C:\machines\T32 Bis\Programmes\LA CALHENE\4340 02 09A.MZK
I> [11/07/2012 11:11:41] Programmes dans les fichiers demandés: Programme 2 (4340 02 09A)
E> [11/07/2012 11:15:53] Transmission avortée. [Délai de réponse dépassé, interruption de la transmission]
I> [11/07/2012 11:16:08] Appel depuis la CN de: 4340-02-09A
I> [11/07/2012 11:16:13] Le programme appelé depuis la CN est trouvé: C:\machines\T32 Bis\Programmes\LA CALHENE\4340-02-09A.MZK
I> [11/07/2012 11:16:13] Programmes dans les fichiers demandés: Programme 3762 (4340-02-09A), Programme 3763 (4340-02-09A)
I> [11/07/2012 11:19:57] Appel depuis la CN de: 113500103L
I> [11/07/2012 11:20:02] Le programme appelé depuis la CN est trouvé: C:\machines\T32 Bis\Programmes\LA CALHENE\113500103L.MZK
I> [11/07/2012 11:20:02] Programmes dans les fichiers demandés: Programme 1000 (113500103L), Programme 1001 (113500103L), Programme 1002 (113500103L), Programme 1003 (113500103L)
I> [11/07/2012 11:20:28] Emission de programme: Programme 1000 (113500103L)
I> [11/07/2012 11:20:43] Emission de programme: Programme 1001 (113500103L)
I> [11/07/2012 11:21:53] Emission de programme: Programme 1002 (113500103L)
I> [11/07/2012 11:22:15] Emission de programme: Programme 1003 (113500103L)
I> [11/07/2012 11:26:53] Appel depuis la CN de: 4340-02-09
I> [11/07/2012 11:26:58] Le programme appelé depuis la CN est trouvé: C:\machines\T32 Bis\Programmes\LA CALHENE\4340-02-09.MZK
I> [11/07/2012 11:26:58] Programmes dans les fichiers demandés: Programme 998 (4340-02-09), Programme 999 (4340-02-09)
I> [11/07/2012 11:27:04] Emission de programme: Programme 998 (4340-02-09)
I> [11/07/2012 11:28:55] Emission de programme: Programme 998 (4340-02-09)
I> [11/07/2012 11:30:00] Emission de programme: Programme 999 (4340-02-09)
