I> [11/07/2011 05:00:51] Port activé avec succès.
I> [11/07/2011 19:54:29] Appel depuis la CN de: POULI150BIS
E> [11/07/2011 19:54:33] N'a pu émettre le fichier: C:\machines\T32 Bis\Programmes\2976518A.MZK [Le système ne peut pas lire le périphérique indiqué]
I> [11/07/2011 19:54:34] Le programme appelé depuis la CN est trouvé: C:\machines\T32 Bis\Programmes\CRD\POULI150BIS.MZK
I> [11/07/2011 19:54:34] Programmes dans les fichiers demandés: Programme 677 (POULI150BIS), Programme 678 (POULI150BIS), Programme 679 (POULI150BIS)
I> [11/07/2011 19:54:42] Appel depuis la CN de: POULI150BIS
I> [11/07/2011 19:54:49] Le programme appelé depuis la CN est trouvé: C:\machines\T32 Bis\Programmes\CRD\POULI150BIS.MZK
I> [11/07/2011 19:54:50] Programmes dans les fichiers demandés: Programme 677 (POULI150BIS), Programme 678 (POULI150BIS), Programme 679 (POULI150BIS)
I> [11/07/2011 19:54:51] Emission de programme: Programme 677 (POULI150BIS)
I> [11/07/2011 19:54:57] Emission de programme: Programme 678 (POULI150BIS)
I> [11/07/2011 19:55:20] Emission de programme: Programme 679 (POULI150BIS)
I> [11/07/2011 20:03:26] Appel depuis la CN de: POULI150
E> [11/07/2011 20:03:34] N'a pu trouver le programme appelé depuis la CN: POULI150.MZK [Premier répertoire recherché : C:\machines\T32 Bis\Programmes]
I> [11/07/2011 20:03:44] Appel depuis la CN de: POULI150
E> [11/07/2011 20:04:38] N'a pu trouver le programme appelé depuis la CN: POULI150.MZK [Premier répertoire recherché : C:\machines\T32 Bis\Programmes]
I> [11/07/2011 20:04:51] Appel depuis la CN de: POULI150
E> [11/07/2011 20:04:55] N'a pu émettre le fichier. [Previous remote request failed.]
E> [11/07/2011 20:04:56] N'a pu trouver le programme appelé depuis la CN: POULI150.MZK [Premier répertoire recherché : C:\machines\T32 Bis\Programmes]
I> [11/07/2011 20:05:05] Appel depuis la CN de: POULI150
E> [11/07/2011 20:05:10] N'a pu émettre le fichier. [Previous remote request failed.]
E> [11/07/2011 20:05:10] N'a pu trouver le programme appelé depuis la CN: POULI150.MZK [Premier répertoire recherché : C:\machines\T32 Bis\Programmes]
I> [11/07/2011 20:05:50] Appel depuis la CN de: POULI 150
E> [11/07/2011 20:05:55] N'a pu émettre le fichier. [Previous remote request failed.]
E> [11/07/2011 20:05:55] N'a pu trouver le programme appelé depuis la CN: POULI 150.MZK [Premier répertoire recherché : C:\machines\T32 Bis\Programmes]
I> [11/07/2011 20:06:09] Appel depuis la CN de: POULI 150
E> [11/07/2011 20:06:13] N'a pu émettre le fichier. [Previous remote request failed.]
E> [11/07/2011 20:06:14] N'a pu trouver le programme appelé depuis la CN: POULI 150.MZK [Premier répertoire recherché : C:\machines\T32 Bis\Programmes]
I> [11/07/2011 20:06:53] Appel depuis la CN de: POULIE 150
E> [11/07/2011 20:06:57] N'a pu émettre le fichier. [Previous remote request failed.]
I> [11/07/2011 20:06:58] Le programme appelé depuis la CN est trouvé: C:\machines\T32 Bis\Programmes\POULIE 150.MZK
I> [11/07/2011 20:06:58] Programmes dans les fichiers demandés: Programme 16, Données d'outil, Programme 14, Données d'outil
I> [11/07/2011 20:07:09] Appel depuis la CN de: POULIE 150
I> [11/07/2011 20:07:14] Le programme appelé depuis la CN est trouvé: C:\machines\T32 Bis\Programmes\POULIE 150.MZK
I> [11/07/2011 20:07:14] Programmes dans les fichiers demandés: Programme 16, Données d'outil, Programme 14, Données d'outil
I> [11/07/2011 20:07:22] Emission de programme: Programme 16
I> [11/07/2011 20:07:25] Emission de programme: Données d'outil
I> [11/07/2011 20:07:27] Emission de programme: Programme 14
I> [11/07/2011 20:07:30] Emission de programme: Données d'outil
