I> [11/01/2011 05:39:11] Port activé avec succès.
I> [11/01/2011 17:49:51] Appel depuis la CN de: 430000410E
I> [11/01/2011 17:49:56] Le programme appelé depuis la CN est trouvé: C:\machines\T32 Bis\Programmes\ERCA FORMSEAL\430000410E.MZK
I> [11/01/2011 17:49:56] Programmes dans les fichiers demandés: Programme 726 (430000410E), Programme 727 (430000410E), Programme 728 (430000410E), Programme 729 (430000410E), Programme 732 (430000410E), Programme 733 (430000410E), Programme 734 (430000410E)
I> [11/01/2011 17:50:05] Emission de programme: Programme 726 (430000410E)
I> [11/01/2011 17:50:15] Emission de programme: Programme 727 (430000410E)
I> [11/01/2011 17:50:29] Emission de programme: Programme 728 (430000410E)
I> [11/01/2011 17:50:37] Emission de programme: Programme 729 (430000410E)
I> [11/01/2011 17:50:50] Emission de programme: Programme 732 (430000410E)
I> [11/01/2011 17:51:03] Emission de programme: Programme 733 (430000410E)
I> [11/01/2011 17:51:14] Emission de programme: Programme 734 (430000410E)
I> [11/01/2011 20:40:56] Appel depuis la CN de: 430000422C
E> [11/01/2011 20:41:01] N'a pu trouver le programme appelé depuis la CN: 430000422C.MZK [Premier répertoire recherché : C:\machines\T32 Bis\Programmes]
E> [11/01/2011 20:41:02] N'a pu émettre le fichier. [Previous remote request failed.]
I> [11/01/2011 20:41:38] Appel depuis la CN de: 430000422C
E> [11/01/2011 20:41:43] N'a pu trouver le programme appelé depuis la CN: 430000422C.MZK [Premier répertoire recherché : C:\machines\T32 Bis\Programmes]
E> [11/01/2011 20:41:43] N'a pu émettre le fichier. [Previous remote request failed.]
I> [11/01/2011 20:44:24] Appel depuis la CN de: 430000422B
I> [11/01/2011 20:44:28] Le programme appelé depuis la CN est trouvé: C:\machines\T32 Bis\Programmes\ERCA FORMSEAL\430000422B.MZK
I> [11/01/2011 20:44:29] Programmes dans les fichiers demandés: Programme 724 (430000422B), Programme 725 (430000422B), Programme 730 (430000422B), Programme 731 (430000422B), Programme 735 (430000422B), Programme 736 (430000422B), Programme 737 (430000422B)
I> [11/01/2011 20:44:36] Emission de programme: Programme 724 (430000422B)
I> [11/01/2011 20:44:46] Emission de programme: Programme 725 (430000422B)
I> [11/01/2011 20:45:00] Emission de programme: Programme 730 (430000422B)
I> [11/01/2011 20:45:10] Emission de programme: Programme 731 (430000422B)
I> [11/01/2011 20:45:22] Emission de programme: Programme 735 (430000422B)
I> [11/01/2011 20:45:36] Emission de programme: Programme 736 (430000422B)
I> [11/01/2011 20:45:46] Emission de programme: Programme 737 (430000422B)
