I> [11/09/2009 06:04:27] Port activé avec succès.
I> [11/09/2009 06:27:54] Réception: programme 668 (41580301C)
I> [11/09/2009 06:28:08] Réception: programme 669 (41580301C)
I> [11/09/2009 06:28:28] Réception: programme 670 (41580301C)
I> [11/09/2009 06:28:46] Réception: programme 671 (41580301C)
I> [11/09/2009 06:29:11] Fichier reçu: C:\machines\T32 Bis\Programmes\41580301C.MZK
I> [11/09/2009 06:29:11] Programmes dans les fichiers demandés: Programme 668 (41580301C), Programme 669 (41580301C), Programme 670 (41580301C), Programme 671 (41580301C)
I> [11/09/2009 06:39:27] Réception: programme 668 (41580301C)
I> [11/09/2009 06:39:41] Réception: programme 669 (41580301C)
I> [11/09/2009 06:40:01] Réception: programme 670 (41580301C)
I> [11/09/2009 06:40:19] Réception: programme 671 (41580301C)
I> [11/09/2009 06:40:44] Fichier reçu: C:\machines\T32 Bis\Programmes\41580301C.MZK
I> [11/09/2009 06:40:44] Programmes dans les fichiers demandés: Programme 668 (41580301C), Programme 669 (41580301C), Programme 670 (41580301C), Programme 671 (41580301C)
I> [11/09/2009 06:43:25] Appel depuis la CN de: 113500103K
I> [11/09/2009 06:43:30] Le programme appelé depuis la CN est trouvé: C:\machines\T32 Bis\Programmes\LA CALHENE\113500103K.MZK
I> [11/09/2009 06:43:30] Programmes dans les fichiers demandés: Programme 4415 (113500103K), Programme 4416 (113500103K), Programme 4417 (113500103K), Programme 4418 (113500103K)
I> [11/09/2009 06:43:34] Emission de programme: Programme 4415 (113500103K)
I> [11/09/2009 06:43:43] Emission de programme: Programme 4416 (113500103K)
I> [11/09/2009 06:44:07] Emission de programme: Programme 4417 (113500103K)
I> [11/09/2009 06:44:20] Emission de programme: Programme 4418 (113500103K)
I> [11/09/2009 09:11:24] Appel depuis la CN de: 41580301C
I> [11/09/2009 09:11:29] Le programme appelé depuis la CN est trouvé: C:\machines\T32 Bis\Programmes\LA CALHENE\41580301C.MZK
I> [11/09/2009 09:11:29] Programmes dans les fichiers demandés: Programme 668 (41580301C), Programme 669 (41580301C), Programme 670 (41580301C), Programme 671 (41580301C)
I> [11/09/2009 09:12:01] Appel depuis la CN de: 6340 01D
I> [11/09/2009 09:12:08] Le programme appelé depuis la CN est trouvé: C:\machines\T32 Bis\Programmes\LA CALHENE\6340 01D.MZK
I> [11/09/2009 09:12:08] Programmes dans les fichiers demandés: Programme 331 (6340 01D), Programme 332 (6340 01D), Programme 333 (6340 01D), Programme 334 (6340 01D), Programme 335 (6340 01D), Programme 415 (6340 01D)
I> [11/09/2009 09:12:17] Appel depuis la CN de: 6340 01D
I> [11/09/2009 09:12:22] Le programme appelé depuis la CN est trouvé: C:\machines\T32 Bis\Programmes\LA CALHENE\6340 01D.MZK
I> [11/09/2009 09:12:22] Programmes dans les fichiers demandés: Programme 331 (6340 01D), Programme 332 (6340 01D), Programme 333 (6340 01D), Programme 334 (6340 01D), Programme 335 (6340 01D), Programme 415 (6340 01D)
I> [11/09/2009 09:12:28] Emission de programme: Programme 331 (6340 01D)
I> [11/09/2009 09:12:38] Emission de programme: Programme 332 (6340 01D)
I> [11/09/2009 09:12:50] Emission de programme: Programme 333 (6340 01D)
I> [11/09/2009 09:12:58] Emission de programme: Programme 334 (6340 01D)
I> [11/09/2009 09:13:17] Emission de programme: Programme 335 (6340 01D)
I> [11/09/2009 09:13:33] Emission de programme: Programme 415 (6340 01D)
I> [11/09/2009 11:00:40] Appel depuis la CN de: 113500103K1
I> [11/09/2009 11:00:48] Le programme appelé depuis la CN est trouvé: C:\machines\T32 Bis\Programmes\LA CALHENE\113500103K1.MZK
I> [11/09/2009 11:00:48] Programmes dans les fichiers demandés: Programme 326 (113500103K1), Programme 327 (113500103K1), Programme 328 (113500103K1), Programme 329 (113500103K1)
I> [11/09/2009 11:00:56] Appel depuis la CN de: 113500103K1
I> [11/09/2009 11:01:01] Le programme appelé depuis la CN est trouvé: C:\machines\T32 Bis\Programmes\LA CALHENE\113500103K1.MZK
I> [11/09/2009 11:01:01] Programmes dans les fichiers demandés: Programme 326 (113500103K1), Programme 327 (113500103K1), Programme 328 (113500103K1), Programme 329 (113500103K1)
I> [11/09/2009 11:01:06] Emission de programme: Programme 326 (113500103K1)
I> [11/09/2009 11:01:12] Emission de programme: Programme 327 (113500103K1)
I> [11/09/2009 11:01:38] Emission de programme: Programme 328 (113500103K1)
I> [11/09/2009 11:01:51] Emission de programme: Programme 329 (113500103K1)
