I> [11/03/2016 05:03:15] Port activé avec succès.
I> [11/03/2016 09:02:00] Appel depuis la CN de: 6669900A
I> [11/03/2016 09:02:05] Le programme appelé depuis la CN est trouvé: C:\machines\T32 Bis\Programmes\6669900A.MZK
I> [11/03/2016 09:02:05] Programmes dans les fichiers demandés: Programme 612 (6669900A), Programme 613 (6669900A), Programme 614 (6669900A)
I> [11/03/2016 09:02:16] Emission de programme: Programme 612 (6669900A)
I> [11/03/2016 09:02:24] Emission de programme: Programme 613 (6669900A)
I> [11/03/2016 09:02:32] Emission de programme: Programme 614 (6669900A)
I> [11/03/2016 11:06:17] Appel depuis la CN de: 11270-55-01
I> [11/03/2016 11:06:22] Le programme appelé depuis la CN est trouvé: C:\machines\T32 Bis\Programmes\LA CALHENE\11270-55-01.MZK
I> [11/03/2016 11:06:22] Programmes dans les fichiers demandés: Programme 1438 (11270-55-01), Programme 1439 (11270-55-01), Programme 1440 (11270-55-01), Programme 1441 (11270-55-01)
I> [11/03/2016 11:06:28] Emission de programme: Programme 1438 (11270-55-01)
I> [11/03/2016 11:08:06] Emission de programme: Programme 1439 (11270-55-01)
I> [11/03/2016 11:08:19] Emission de programme: Programme 1440 (11270-55-01)
I> [11/03/2016 11:08:42] Emission de programme: Programme 1441 (11270-55-01)
I> [11/03/2016 11:10:35] Appel depuis la CN de: 11270 55 01
E> [11/03/2016 11:10:42] N'a pu trouver le programme appelé depuis la CN: 11270 55 01.MZK [Premier répertoire recherché : C:\machines\T32 Bis\Programmes]
E> [11/03/2016 11:10:44] N'a pu émettre le fichier. [Previous remote request failed.]
E> [11/03/2016 11:10:46] N'a pu émettre le fichier. [Previous remote request failed.]
E> [11/03/2016 11:10:47] N'a pu émettre le fichier. [Previous remote request failed.]
E> [11/03/2016 11:10:49] N'a pu émettre le fichier. [Previous remote request failed.]
I> [11/03/2016 11:11:44] Appel depuis la CN de: 112705501
E> [11/03/2016 11:11:48] N'a pu émettre le fichier. [Previous remote request failed.]
I> [11/03/2016 11:11:48] Le programme appelé depuis la CN est trouvé: C:\machines\T32 Bis\Programmes\LA CALHENE\112705501.MZK
I> [11/03/2016 11:11:48] Programmes dans les fichiers demandés: Programme 1534 (112705501), Programme 1439 (112705501), Programme 1440 (112705501), Programme 1441 (112705501)
I> [11/03/2016 11:12:06] Emission de programme: Programme 1534 (112705501)
I> [11/03/2016 11:13:42] Emission de programme: Programme 1534 (112705501)
