I> [11/05/2010 07:29:36] Port activé avec succès.
I> [11/05/2010 08:07:30] Réception: programme 840 (121900101Q)
I> [11/05/2010 08:07:38] Réception: programme 841 (121900101Q)
I> [11/05/2010 08:07:44] Réception: programme 842 (121900101Q)
I> [11/05/2010 08:08:01] Réception: programme 843 (121900101Q)
I> [11/05/2010 08:08:14] Réception: programme 844 (121900101Q)
I> [11/05/2010 08:08:42] Réception: programme 845 (121900101Q)
I> [11/05/2010 08:09:27] Fichier reçu: C:\machines\T32 Bis\Programmes\121900101Q.MZK
I> [11/05/2010 08:09:27] Programmes dans les fichiers demandés: Programme 840 (121900101Q), Programme 841 (121900101Q), Programme 842 (121900101Q), Programme 843 (121900101Q), Programme 844 (121900101Q), Programme 845 (121900101Q)
I> [11/05/2010 08:18:01] Appel depuis la CN de: 121900101Q
I> [11/05/2010 08:18:06] Le programme appelé depuis la CN est trouvé: C:\machines\T32 Bis\Programmes\LA CALHENE\121900101Q.MZK
I> [11/05/2010 08:18:06] Programmes dans les fichiers demandés: Programme 840 (121900101Q), Programme 841 (121900101Q), Programme 842 (121900101Q), Programme 843 (121900101Q), Programme 844 (121900101Q), Programme 845 (121900101Q)
I> [11/05/2010 08:19:28] Appel depuis la CN de: 21270080201
I> [11/05/2010 08:19:33] Le programme appelé depuis la CN est trouvé: C:\machines\T32 Bis\Programmes\21270080201.MZK
I> [11/05/2010 08:19:33] Programmes dans les fichiers demandés: Programme 4476 (21270080201), Programme 4477 (21270080201), Programme 4478 (21270080201), Programme 4479 (21270080201), Programme 4480 (21270080201), Programme 5138 (21270080201), Programme 5139 (21270080201)
I> [11/05/2010 08:19:41] Emission de programme: Programme 4476 (21270080201)
I> [11/05/2010 08:19:50] Emission de programme: Programme 4477 (21270080201)
I> [11/05/2010 08:20:13] Emission de programme: Programme 4478 (21270080201)
I> [11/05/2010 08:20:27] Emission de programme: Programme 4479 (21270080201)
I> [11/05/2010 08:20:49] Emission de programme: Programme 4480 (21270080201)
I> [11/05/2010 08:21:44] Emission de programme: Programme 5138 (21270080201)
I> [11/05/2010 08:21:52] Emission de programme: Programme 5139 (21270080201)
I> [11/05/2010 09:38:54] Appel depuis la CN de: 122700301E
I> [11/05/2010 09:38:59] Le programme appelé depuis la CN est trouvé: C:\machines\T32 Bis\Programmes\122700301E.MZK
I> [11/05/2010 09:38:59] Programmes dans les fichiers demandés: Programme 4821 (122700301E), Programme 4822 (122700301E), Programme 4410 (122700301E), Programme 4411 (122700301E), Programme 4412 (122700301E), Programme 4413 (122700301E), Programme 4441 (122700301E), Programme 4443 (122700301E)
I> [11/05/2010 09:40:07] Emission de programme: Programme 4441 (122700301E)
I> [11/05/2010 09:40:14] Emission de programme: Programme 4443 (122700301E)
I> [11/05/2010 12:48:37] Réception: programme 4476 (21270080201)
I> [11/05/2010 12:48:47] Réception: programme 4477 (21270080201)
I> [11/05/2010 12:49:09] Réception: programme 4478 (21270080201)
I> [11/05/2010 12:49:23] Réception: programme 4479 (21270080201)
I> [11/05/2010 12:49:45] Réception: programme 4480 (21270080201)
I> [11/05/2010 12:50:40] Réception: programme 4490 (21270080201)
I> [11/05/2010 12:50:46] Réception: programme 4491 (21270080201)
I> [11/05/2010 12:50:51] Réception: programme 5138 (21270080201)
I> [11/05/2010 12:50:59] Réception: programme 5139 (21270080201)
I> [11/05/2010 12:51:07] Fichier existant sauvegardé: C:\MACHINES\T32 BIS\SAUVEGARDES\21270080201_01.MZK
I> [11/05/2010 12:51:07] Fichier reçu: C:\machines\T32 Bis\Programmes\21270080201.MZK
I> [11/05/2010 12:51:07] Programmes dans les fichiers demandés: Programme 4476 (21270080201), Programme 4477 (21270080201), Programme 4478 (21270080201), Programme 4479 (21270080201), Programme 4480 (21270080201), Programme 4490 (21270080201), Programme 4491 (21270080201), Programme 5138 (21270080201), Programme 5139 (21270080201)
I> [11/05/2010 12:58:17] Appel depuis la CN de: 395000050A
I> [11/05/2010 12:58:22] Le programme appelé depuis la CN est trouvé: C:\machines\T32 Bis\Programmes\395000050A.MZK
I> [11/05/2010 12:58:22] Programmes dans les fichiers demandés: Programme 4686 (395000050A), Programme 4687 (395000050A), Programme 4832 (395000050A), Programme 4833 (395000050A)
I> [11/05/2010 12:59:30] Emission de programme: Programme 4686 (395000050A)
I> [11/05/2010 12:59:44] Emission de programme: Programme 4687 (395000050A)
I> [11/05/2010 12:59:53] Emission de programme: Programme 4832 (395000050A)
I> [11/05/2010 13:00:10] Emission de programme: Programme 4833 (395000050A)
I> [11/05/2010 15:56:12] Appel depuis la CN de: D42-D30-L45
E> [11/05/2010 15:56:16] N'a pu émettre le fichier: C:\machines\T32 Bis\Programmes\395000050A.MZK [Le système ne peut pas lire le périphérique indiqué]
I> [11/05/2010 15:56:17] Le programme appelé depuis la CN est trouvé: C:\machines\T32 Bis\Programmes\CRD\D42-D30-L45.MZK
I> [11/05/2010 15:56:17] Programmes dans les fichiers demandés: Programme 680 (D42-D30-L45)
I> [11/05/2010 15:56:23] Appel depuis la CN de: D42-D30-L45
I> [11/05/2010 15:56:28] Le programme appelé depuis la CN est trouvé: C:\machines\T32 Bis\Programmes\CRD\D42-D30-L45.MZK
I> [11/05/2010 15:56:28] Programmes dans les fichiers demandés: Programme 680 (D42-D30-L45)
I> [11/05/2010 15:56:34] Emission de programme: Programme 680 (D42-D30-L45)
I> [11/05/2010 19:35:10] Appel depuis la CN de: C15356A
I> [11/05/2010 19:35:17] Le programme appelé depuis la CN est trouvé: C:\machines\T32 Bis\Programmes\C15356A.MZK
I> [11/05/2010 19:35:17] Programmes dans les fichiers demandés: Programme 15, Données d'outil, Programme 15, Données d'outil, Programme 10, Données d'outil
I> [11/05/2010 19:35:23] Appel depuis la CN de: C15356A
I> [11/05/2010 19:35:28] Le programme appelé depuis la CN est trouvé: C:\machines\T32 Bis\Programmes\C15356A.MZK
I> [11/05/2010 19:35:28] Programmes dans les fichiers demandés: Programme 15, Données d'outil, Programme 15, Données d'outil, Programme 10, Données d'outil
I> [11/05/2010 19:36:00] Emission de programme: Programme 15
I> [11/05/2010 19:36:03] Emission de programme: Données d'outil
I> [11/05/2010 19:36:05] Emission de programme: Programme 15
I> [11/05/2010 19:36:08] Emission de programme: Données d'outil
I> [11/05/2010 19:36:10] Emission de programme: Programme 10
I> [11/05/2010 19:36:12] Emission de programme: Données d'outil
