I> [11/01/2010 05:10:48] Port activé avec succès.
I> [11/01/2010 10:05:09] Réception: programme 50 (2976835D)
I> [11/01/2010 10:05:20] Réception: programme 51 (2976835D)
I> [11/01/2010 10:05:40] Fichier reçu: C:\machines\T32 Bis\Programmes\2976835D.MZK
I> [11/01/2010 10:05:40] Programmes dans les fichiers demandés: Programme 50 (2976835D), Programme 51 (2976835D)
I> [11/01/2010 10:29:22] Appel depuis la CN de: 11270-01-01
I> [11/01/2010 10:29:29] Le programme appelé depuis la CN est trouvé: C:\machines\T32 Bis\Programmes\LA CALHENE\11270-01-01.MZK
I> [11/01/2010 10:29:29] Programmes dans les fichiers demandés: Programme 4063 (11270-01-01), Programme 4065 (11270-01-01), Programme 4100 (11270-01-01), Programme 4101 (11270-01-01)
I> [11/01/2010 10:30:33] Appel depuis la CN de: 11270-0101
I> [11/01/2010 10:30:45] Le programme appelé depuis la CN est trouvé: C:\machines\T32 Bis\Programmes\LA CALHENE\11270-0101.MZK
I> [11/01/2010 10:30:45] Programmes dans les fichiers demandés: Programme 468 (11270-0101), Programme 738 (11270-0101), Programme 739 (11270-0101)
I> [11/01/2010 10:30:52] Emission de programme: Programme 468 (11270-0101)
I> [11/01/2010 10:31:35] Emission de programme: Programme 738 (11270-0101)
I> [11/01/2010 10:31:48] Emission de programme: Programme 739 (11270-0101)
I> [11/01/2010 20:24:43] Appel depuis la CN de: 4340-02 09A
E> [11/01/2010 20:24:49] N'a pu trouver le programme appelé depuis la CN: 4340-02 09A.MZK [Premier répertoire recherché : C:\machines\T32 Bis\Programmes]
E> [11/01/2010 20:25:22] N'a pu émettre le fichier. [Previous remote request failed.]
I> [11/01/2010 20:26:35] Appel depuis la CN de: 4340 02 09A
I> [11/01/2010 20:26:42] Le programme appelé depuis la CN est trouvé: C:\machines\T32 Bis\Programmes\LA CALHENE\4340 02 09A.MZK
I> [11/01/2010 20:26:42] Programmes dans les fichiers demandés: Programme 2 (4340 02 09A)
I> [11/01/2010 20:26:47] Emission de programme: Programme 2 (4340 02 09A)
