I> [11/12/2009 05:54:24] Port activé avec succès.
I> [11/12/2009 09:29:23] Réception: programme 740 (012000444)
I> [11/12/2009 09:29:35] Réception: programme 741 (012000444)
I> [11/12/2009 09:29:50] Fichier reçu: C:\machines\T32 Bis\Programmes\012000444.MZK
I> [11/12/2009 09:29:50] Programmes dans les fichiers demandés: Programme 740 (012000444), Programme 741 (012000444)
I> [11/12/2009 09:43:17] Appel depuis la CN de: 2973968B 3
E> [11/12/2009 09:43:23] N'a pu émettre le fichier: C:\machines\T32 Bis\Programmes\012000444.MZK [Le système ne peut pas lire le périphérique indiqué]
I> [11/12/2009 09:43:24] Le programme appelé depuis la CN est trouvé: C:\machines\T32 Bis\Programmes\FLOWSERVE\2973968B 3.MZK
I> [11/12/2009 09:43:24] Programmes dans les fichiers demandés: Programme 165 (2973968B 3), Programme 168 (2973968B 3)
I> [11/12/2009 09:43:42] Appel depuis la CN de: 2973968B3
E> [11/12/2009 09:43:51] N'a pu trouver le programme appelé depuis la CN: 2973968B3.MZK [Premier répertoire recherché : C:\machines\T32 Bis\Programmes]
E> [11/12/2009 09:43:51] N'a pu émettre le fichier. [Previous remote request failed.]
E> [11/12/2009 09:44:57] N'a pu émettre le fichier. [Previous remote request failed.]
E> [11/12/2009 09:45:01] N'a pu émettre le fichier. [Previous remote request failed.]
E> [11/12/2009 09:45:08] N'a pu émettre le fichier. [Previous remote request failed.]
I> [11/12/2009 09:45:16] Appel depuis la CN de: 2973968B3
E> [11/12/2009 09:45:23] N'a pu émettre le fichier. [Previous remote request failed.]
E> [11/12/2009 09:45:23] N'a pu trouver le programme appelé depuis la CN: 2973968B3.MZK [Premier répertoire recherché : C:\machines\T32 Bis\Programmes]
I> [11/12/2009 09:46:14] Appel depuis la CN de: 2973968B 3
I> [11/12/2009 09:46:21] Le programme appelé depuis la CN est trouvé: C:\machines\T32 Bis\Programmes\FLOWSERVE\2973968B 3.MZK
I> [11/12/2009 09:46:21] Programmes dans les fichiers demandés: Programme 165 (2973968B 3), Programme 168 (2973968B 3)
I> [11/12/2009 09:46:25] Emission de programme: Programme 165 (2973968B 3)
I> [11/12/2009 09:46:47] Emission de programme: Programme 168 (2973968B 3)
I> [11/12/2009 13:45:52] Appel depuis la CN de: 3984608A 3
I> [11/12/2009 13:46:05] Le programme appelé depuis la CN est trouvé: C:\machines\T32 Bis\Programmes\FLOWSERVE\3984608A 3.MZK
I> [11/12/2009 13:46:05] Programmes dans les fichiers demandés: Programme 4266 (3984608A 3), Programme 4267 (3984608A 3)
I> [11/12/2009 13:46:10] Appel depuis la CN de: 3984608A 3
I> [11/12/2009 13:46:17] Le programme appelé depuis la CN est trouvé: C:\machines\T32 Bis\Programmes\FLOWSERVE\3984608A 3.MZK
I> [11/12/2009 13:46:17] Programmes dans les fichiers demandés: Programme 4266 (3984608A 3), Programme 4267 (3984608A 3)
I> [11/12/2009 13:46:25] Emission de programme: Programme 4266 (3984608A 3)
I> [11/12/2009 13:46:45] Emission de programme: Programme 4267 (3984608A 3)
