I> [11/10/2017 04:55:32] Port activé avec succès.
I> [11/10/2017 05:42:04] Appel depuis la CN de: 1161934302A
I> [11/10/2017 05:42:09] Le programme appelé depuis la CN est trouvé: C:\machines\T32 Bis\Programmes\1161934302A.MZK
I> [11/10/2017 05:42:09] Programmes dans les fichiers demandés: Programme 15, Données d'outil, Programme 15, Données d'outil, Programme 16, Données d'outil, Programme 5, Données d'outil, Programme 18, Données d'outil
I> [11/10/2017 05:43:38] Appel depuis la CN de: 1161934302A
I> [11/10/2017 05:43:45] Le programme appelé depuis la CN est trouvé: C:\machines\T32 Bis\Programmes\1161934302A.MZK
I> [11/10/2017 05:43:45] Programmes dans les fichiers demandés: Programme 15, Données d'outil, Programme 15, Données d'outil, Programme 16, Données d'outil, Programme 5, Données d'outil, Programme 18, Données d'outil
E> [11/10/2017 05:48:21] Transmission avortée. [Délai de réponse dépassé, interruption de la transmission]
I> [11/10/2017 14:11:16] Réception: programme 1606 (1161934302A)
I> [11/10/2017 14:11:20] Réception: programme 1607 (1161934302A)
I> [11/10/2017 14:11:30] Réception: programme 1608 (1161934302A)
I> [11/10/2017 14:11:39] Fichier existant sauvegardé: C:\MACHINES\T32 BIS\SAUVEGARDES\1161934302A_01.MZK
I> [11/10/2017 14:11:39] Fichier reçu: C:\machines\T32 Bis\Programmes\1161934302A.MZK
I> [11/10/2017 14:11:39] Programmes dans les fichiers demandés: Programme 1606 (1161934302A), Programme 1607 (1161934302A), Programme 1608 (1161934302A)
I> [11/10/2017 14:41:56] Appel depuis la CN de: 113500103K1
I> [11/10/2017 14:42:01] Le programme appelé depuis la CN est trouvé: C:\machines\T32 Bis\Programmes\LA CALHENE\113500103K1.MZK
I> [11/10/2017 14:42:01] Programmes dans les fichiers demandés: Programme 1429 (113500103K1), Programme 326 (113500103K1), Programme 327 (113500103K1), Programme 328 (113500103K1), Programme 329 (113500103K1)
I> [11/10/2017 14:42:26] Emission de programme: Programme 1429 (113500103K1)
I> [11/10/2017 14:42:35] Emission de programme: Programme 326 (113500103K1)
I> [11/10/2017 14:42:41] Emission de programme: Programme 327 (113500103K1)
I> [11/10/2017 14:43:07] Emission de programme: Programme 328 (113500103K1)
I> [11/10/2017 14:43:21] Emission de programme: Programme 329 (113500103K1)
I> [11/10/2017 14:44:31] Appel depuis la CN de: 113500103K
I> [11/10/2017 14:44:36] Le programme appelé depuis la CN est trouvé: C:\machines\T32 Bis\Programmes\LA CALHENE\113500103K.MZK
I> [11/10/2017 14:44:36] Programmes dans les fichiers demandés: Programme 4415 (113500103K), Programme 4416 (113500103K), Programme 4417 (113500103K), Programme 4418 (113500103K)
I> [11/10/2017 19:38:22] Appel depuis la CN de: 113500103K
I> [11/10/2017 19:38:27] Le programme appelé depuis la CN est trouvé: C:\machines\T32 Bis\Programmes\113500103K.MZK
I> [11/10/2017 19:38:27] Programmes dans les fichiers demandés: Programme 4415 (113500103K), Programme 4416 (113500103K), Programme 4417 (113500103K), Programme 4418 (113500103K)
I> [11/10/2017 19:38:34] Emission de programme: Programme 4415 (113500103K)
I> [11/10/2017 19:38:45] Emission de programme: Programme 4416 (113500103K)
I> [11/10/2017 19:39:12] Emission de programme: Programme 4417 (113500103K)
I> [11/10/2017 19:39:26] Emission de programme: Programme 4418 (113500103K)
