I> [11/10/2010 06:17:27] Port activé avec succès.
I> [11/10/2010 13:19:26] Appel depuis la CN de: 241003336
E> [11/10/2010 13:19:31] N'a pu trouver le programme appelé depuis la CN: 241003336.MZK [Premier répertoire recherché : C:\machines\T32 Bis\Programmes]
E> [11/10/2010 13:19:53] N'a pu émettre le fichier. [Previous remote request failed.]
E> [11/10/2010 13:19:55] N'a pu émettre le fichier. [Previous remote request failed.]
I> [11/10/2010 13:21:49] Appel depuis la CN de: 241003332
I> [11/10/2010 13:21:54] Le programme appelé depuis la CN est trouvé: C:\machines\T32 Bis\Programmes\241003332.MZK
I> [11/10/2010 13:21:54] Programmes dans les fichiers demandés: Programme 40, Données d'outil, Programme 40, Données d'outil
I> [11/10/2010 13:22:48] Emission de programme: Programme 40
I> [11/10/2010 13:22:56] Emission de programme: Données d'outil
I> [11/10/2010 13:22:58] Emission de programme: Programme 40
I> [11/10/2010 13:23:06] Emission de programme: Données d'outil
I> [11/10/2010 15:24:37] Appel depuis la CN de: T1289D
I> [11/10/2010 15:24:42] Le programme appelé depuis la CN est trouvé: C:\machines\T32 Bis\Programmes\ERVOR\T1289D.MZK
I> [11/10/2010 15:24:42] Programmes dans les fichiers demandés: Programme 202 (T1289D), Programme 203 (T1289D)
I> [11/10/2010 15:26:00] Emission de programme: Programme 202 (T1289D)
I> [11/10/2010 15:26:13] Emission de programme: Programme 203 (T1289D)
I> [11/10/2010 16:58:10] Appel depuis la CN de: 241000270
E> [11/10/2010 16:58:32] Erreur de réception. [Format de fichier illégal]
I> [11/10/2010 16:58:36] Le programme appelé depuis la CN est trouvé: C:\machines\T32 Bis\Programmes\241000270.MZK
I> [11/10/2010 16:58:36] Programmes dans les fichiers demandés: Programme 40, Données d'outil, Programme 37, Données d'outil, Programme 47, Données d'outil
I> [11/10/2010 16:58:42] Appel depuis la CN de: 241000270
I> [11/10/2010 16:58:47] Le programme appelé depuis la CN est trouvé: C:\machines\T32 Bis\Programmes\241000270.MZK
I> [11/10/2010 16:58:47] Programmes dans les fichiers demandés: Programme 40, Données d'outil, Programme 37, Données d'outil, Programme 47, Données d'outil
I> [11/10/2010 16:58:51] Appel depuis la CN de: 241000270
I> [11/10/2010 16:58:56] Le programme appelé depuis la CN est trouvé: C:\machines\T32 Bis\Programmes\241000270.MZK
I> [11/10/2010 16:58:56] Programmes dans les fichiers demandés: Programme 40, Données d'outil, Programme 37, Données d'outil, Programme 47, Données d'outil
I> [11/10/2010 16:59:20] Emission de programme: Programme 40
I> [11/10/2010 16:59:28] Emission de programme: Données d'outil
I> [11/10/2010 16:59:29] Emission de programme: Programme 37
E> [11/10/2010 17:03:06] Transmission avortée. [Délai de réponse dépassé, interruption de la transmission]
I> [11/10/2010 17:09:45] Appel depuis la CN de: 241000270
E> [11/10/2010 17:13:17] Transmission avortée. [Délai de réponse dépassé, interruption de la transmission]
I> [11/10/2010 17:25:04] Appel depuis la CN de: 241000270
I> [11/10/2010 17:25:09] Le programme appelé depuis la CN est trouvé: C:\machines\T32 Bis\Programmes\241000270.MZK
I> [11/10/2010 17:25:09] Programmes dans les fichiers demandés: Programme 40, Données d'outil, Programme 37, Données d'outil, Programme 47, Données d'outil
I> [11/10/2010 17:25:12] Emission de programme: Programme 40
I> [11/10/2010 17:25:20] Emission de programme: Données d'outil
I> [11/10/2010 17:25:22] Emission de programme: Programme 37
I> [11/10/2010 17:25:29] Emission de programme: Données d'outil
I> [11/10/2010 17:25:31] Emission de programme: Programme 47
I> [11/10/2010 17:25:40] Emission de programme: Données d'outil
