I> [11/12/2006 06:06:11] Port activé avec succès.
I> [11/12/2006 10:50:58] Réception: programme 4304 (A-MA42881A)
I> [11/12/2006 10:51:04] Réception: programme 4306 (A-MA42881A)
I> [11/12/2006 10:51:16] Réception: programme 4307 (A-MA42881A)
I> [11/12/2006 10:51:30] Fichier reçu: C:\machines\T32\Programmes\A-MA42881A.MZK
I> [11/12/2006 10:51:30] Programmes dans les fichiers demandés: Programme 4304 (A-MA42881A), Programme 4306 (A-MA42881A), Programme 4307 (A-MA42881A)
I> [11/12/2006 10:52:02] Réception: programme 4305 (A-MA42861A)
I> [11/12/2006 10:52:09] Réception: programme 4308 (A-MA42861A)
I> [11/12/2006 10:52:20] Réception: programme 4309 (A-MA42861A)
I> [11/12/2006 10:52:35] Fichier reçu: C:\machines\T32\Programmes\A-MA42861A.MZK
I> [11/12/2006 10:52:35] Programmes dans les fichiers demandés: Programme 4305 (A-MA42861A), Programme 4308 (A-MA42861A), Programme 4309 (A-MA42861A)
I> [11/12/2006 11:00:38] Appel depuis la CN de: 4994483A
I> [11/12/2006 11:00:45] Le programme appelé depuis la CN est trouvé: C:\machines\T32\Programmes\DRESSER\4994483A.MZK
I> [11/12/2006 11:00:45] Programmes dans les fichiers demandés: Programme 2463 (4994483A), Programme 2464 (4994483A), Programme 2465 (4994483A), Programme 2466 (4994483A), Programme 2467 (4994483A)
I> [11/12/2006 11:01:41] Emission de programme: Programme 2463 (4994483A)
I> [11/12/2006 11:01:45] Emission de programme: Programme 2464 (4994483A)
I> [11/12/2006 11:01:56] Emission de programme: Programme 2465 (4994483A)
I> [11/12/2006 11:02:06] Emission de programme: Programme 2466 (4994483A)
I> [11/12/2006 11:02:16] Emission de programme: Programme 2467 (4994483A)
I> [11/12/2006 18:48:02] Appel depuis la CN de: 80070F
I> [11/12/2006 18:48:08] Le programme appelé depuis la CN est trouvé: C:\machines\T32\Programmes\SMTA\80070F.MZK
I> [11/12/2006 18:48:08] Programmes dans les fichiers demandés: Programme 4098 (80070F), Programme 4102 (80070F)
I> [11/12/2006 18:48:19] Emission de programme: Programme 4098 (80070F)
I> [11/12/2006 18:48:39] Emission de programme: Programme 4102 (80070F)
I> [11/12/2006 19:00:26] Réception: programme 4300 (5992956A)
I> [11/12/2006 19:00:37] Réception: programme 4310 (5992956A)
I> [11/12/2006 19:00:53] Fichier reçu: C:\machines\T32\Programmes\5992956A.MZK
I> [11/12/2006 19:00:53] Programmes dans les fichiers demandés: Programme 4300 (5992956A), Programme 4310 (5992956A)
