I> [11/10/2018 04:58:52] Port activé avec succès.
I> [11/10/2018 17:01:58] Appel depuis la CN de: 21270050101
I> [11/10/2018 17:02:03] Le programme appelé depuis la CN est trouvé: C:\machines\T32 Bis\Programmes\LA CALHENE\21270050101.MZK
I> [11/10/2018 17:02:03] Programmes dans les fichiers demandés: Programme 1006 (21270050101), Programme 1007 (21270050101), Programme 1008 (21270050101), Programme 1009 (21270050101)
I> [11/10/2018 17:02:38] Emission de programme: Programme 1006 (21270050101)
I> [11/10/2018 17:03:01] Emission de programme: Programme 1007 (21270050101)
I> [11/10/2018 17:04:16] Emission de programme: Programme 1008 (21270050101)
I> [11/10/2018 17:04:48] Emission de programme: Programme 1009 (21270050101)
I> [11/10/2018 17:06:26] Appel depuis la CN de: 212700501
I> [11/10/2018 17:06:32] Le programme appelé depuis la CN est trouvé: C:\machines\T32 Bis\Programmes\LA CALHENE\212700501.MZK
I> [11/10/2018 17:06:32] Programmes dans les fichiers demandés: Programme 1463 (212700501), Programme 1464 (212700501), Programme 1465 (212700501), Programme 1466 (212700501), Programme 1467 (212700501)
I> [11/10/2018 17:11:09] Emission de programme: Programme 1463 (212700501)
I> [11/10/2018 17:11:42] Emission de programme: Programme 1464 (212700501)
I> [11/10/2018 17:12:10] Emission de programme: Programme 1465 (212700501)
E> [11/10/2018 17:15:56] Transmission avortée. [Délai de réponse dépassé, interruption de la transmission]
I> [11/10/2018 17:30:45] Emission de programme: Programme 1463 (212700501)
I> [11/10/2018 17:31:18] Emission de programme: Programme 1464 (212700501)
I> [11/10/2018 17:31:47] Emission de programme: Programme 1465 (212700501)
I> [11/10/2018 17:32:38] Emission de programme: Programme 1466 (212700501)
I> [11/10/2018 17:33:08] Emission de programme: Programme 1467 (212700501)
I> [11/10/2018 20:24:08] Réception: programme 1463 (212700501)
I> [11/10/2018 20:24:42] Réception: programme 1464 (212700501)
I> [11/10/2018 20:25:10] Réception: programme 1465 (212700501)
I> [11/10/2018 20:26:01] Réception: programme 1466 (212700501)
I> [11/10/2018 20:26:32] Réception: programme 1467 (212700501)
I> [11/10/2018 20:27:02] Réception: programme 1628 (212700501)
I> [11/10/2018 20:27:10] Fichier reçu: C:\machines\T32 Bis\Programmes\212700501.MZK
I> [11/10/2018 20:27:10] Programmes dans les fichiers demandés: Programme 1463 (212700501), Programme 1464 (212700501), Programme 1465 (212700501), Programme 1466 (212700501), Programme 1467 (212700501), Programme 1628 (212700501)
