I> [12/07/2018 07:36:39] Port activé avec succès.
I> [12/07/2018 15:58:19] Appel depuis la CN de: 111901601G
I> [12/07/2018 15:58:24] Le programme appelé depuis la CN est trouvé: C:\machines\T32 Bis\Programmes\LA CALHENE\111901601G.MZK
I> [12/07/2018 15:58:24] Programmes dans les fichiers demandés: Programme 469 (111901601G), Programme 470 (111901601G), Programme 471 (111901601G), Programme 472 (111901601G)
I> [12/07/2018 16:00:55] Appel depuis la CN de: 111901601G
I> [12/07/2018 16:01:00] Le programme appelé depuis la CN est trouvé: C:\machines\T32 Bis\Programmes\LA CALHENE\111901601G.MZK
I> [12/07/2018 16:01:00] Programmes dans les fichiers demandés: Programme 469 (111901601G), Programme 470 (111901601G), Programme 471 (111901601G), Programme 472 (111901601G)
I> [12/07/2018 16:02:36] Emission de programme: Programme 469 (111901601G)
I> [12/07/2018 16:02:51] Emission de programme: Programme 470 (111901601G)
I> [12/07/2018 16:02:56] Emission de programme: Programme 471 (111901601G)
I> [12/07/2018 16:03:11] Emission de programme: Programme 472 (111901601G)
E> [12/07/2018 16:07:17] Transmission avortée. [Délai de réponse dépassé, interruption de la transmission]
I> [12/07/2018 16:13:24] Appel depuis la CN de: 111901601
E> [12/07/2018 16:13:29] N'a pu trouver le programme appelé depuis la CN: 111901601.MZK [Premier répertoire recherché : C:\machines\T32 Bis\Programmes]
E> [12/07/2018 16:13:44] N'a pu émettre le fichier. [Previous remote request failed.]
I> [12/07/2018 16:14:10] Appel depuis la CN de: 111901601
E> [12/07/2018 16:14:15] N'a pu trouver le programme appelé depuis la CN: 111901601.MZK [Premier répertoire recherché : C:\machines\T32 Bis\Programmes]
E> [12/07/2018 16:14:19] N'a pu émettre le fichier. [Previous remote request failed.]
E> [12/07/2018 16:14:34] N'a pu émettre le fichier. [Previous remote request failed.]
I> [12/07/2018 16:15:03] Appel depuis la CN de: 111901601
E> [12/07/2018 16:15:08] N'a pu trouver le programme appelé depuis la CN: 111901601.MZK [Premier répertoire recherché : C:\machines\T32 Bis\Programmes]
E> [12/07/2018 16:15:11] N'a pu émettre le fichier. [Previous remote request failed.]
I> [12/07/2018 16:15:41] Appel depuis la CN de: 111901601
E> [12/07/2018 16:15:46] N'a pu trouver le programme appelé depuis la CN: 111901601.MZK [Premier répertoire recherché : C:\machines\T32 Bis\Programmes]
E> [12/07/2018 16:16:17] N'a pu émettre le fichier. [Previous remote request failed.]
I> [12/07/2018 16:17:06] Appel depuis la CN de: 111901601
E> [12/07/2018 16:17:11] N'a pu trouver le programme appelé depuis la CN: 111901601.MZK [Premier répertoire recherché : C:\machines\T32 Bis\Programmes]
I> [12/07/2018 16:18:29] Appel depuis la CN de: 111901601
E> [12/07/2018 16:18:34] N'a pu trouver le programme appelé depuis la CN: 111901601.MZK [Premier répertoire recherché : C:\machines\T32 Bis\Programmes]
E> [12/07/2018 16:18:36] N'a pu émettre le fichier. [Previous remote request failed.]
I> [12/07/2018 16:20:20] Appel depuis la CN de: 11190 16 01
I> [12/07/2018 16:20:25] Le programme appelé depuis la CN est trouvé: C:\machines\T32 Bis\Programmes\LA CALHENE\11190 16 01.MZK
I> [12/07/2018 16:20:25] Programmes dans les fichiers demandés: Programme 1211 (11190 16 01), Programme 988 (11190 16 01), Programme 989 (11190 16 01), Programme 990 (11190 16 01), Programme 991 (11190 16 01)
I> [12/07/2018 16:20:39] Emission de programme: Programme 1211 (11190 16 01)
I> [12/07/2018 16:21:02] Emission de programme: Programme 988 (11190 16 01)
I> [12/07/2018 16:21:31] Emission de programme: Programme 989 (11190 16 01)
I> [12/07/2018 16:21:45] Emission de programme: Programme 990 (11190 16 01)
I> [12/07/2018 16:22:03] Emission de programme: Programme 991 (11190 16 01)
