I> [12/04/06 05:04:53] Appel depuis la CN de: 5510-7-101B
I> [12/04/06 05:05:04] Le programme appelé depuis la CN est trouvé: C:\machines\T32\Programmes\BLANCHET\5510-7-101B.MZK
I> [12/04/06 05:05:05] Programmes dans les fichiers demandés: Programme 3937 (5510-7-101B), Programme 3938 (5510-7-101B), Programme 3939 (5510-7-101B), Programme 3940 (5510-7-101B), Programme 3941 (5510-7-101B), Programme 3942 (5510-7-101B), Programme 3943 (5510-7-101B), Programme 3944 (5510-7-101B)
I> [12/04/06 05:05:25] Appel depuis la CN de: 5510-7-101B
I> [12/04/06 05:05:34] Le programme appelé depuis la CN est trouvé: C:\machines\T32\Programmes\BLANCHET\5510-7-101B.MZK
I> [12/04/06 05:05:34] Programmes dans les fichiers demandés: Programme 3937 (5510-7-101B), Programme 3938 (5510-7-101B), Programme 3939 (5510-7-101B), Programme 3940 (5510-7-101B), Programme 3941 (5510-7-101B), Programme 3942 (5510-7-101B), Programme 3943 (5510-7-101B), Programme 3944 (5510-7-101B)
I> [12/04/06 05:05:45] Emission de programme: Programme 3937 (5510-7-101B)
I> [12/04/06 05:05:52] Emission de programme: Programme 3938 (5510-7-101B)
I> [12/04/06 05:06:00] Emission de programme: Programme 3939 (5510-7-101B)
I> [12/04/06 05:06:04] Emission de programme: Programme 3940 (5510-7-101B)
I> [12/04/06 05:06:17] Emission de programme: Programme 3941 (5510-7-101B)
I> [12/04/06 05:06:27] Emission de programme: Programme 3942 (5510-7-101B)
I> [12/04/06 05:06:42] Emission de programme: Programme 3943 (5510-7-101B)
I> [12/04/06 05:06:56] Emission de programme: Programme 3944 (5510-7-101B)
I> [12/04/06 05:08:27] Réception: programme 3937 (5510-7-101B)
I> [12/04/06 05:08:34] Réception: programme 3938 (5510-7-101B)
I> [12/04/06 05:08:42] Réception: programme 3939 (5510-7-101B)
I> [12/04/06 05:08:46] Réception: programme 3940 (5510-7-101B)
I> [12/04/06 05:08:59] Réception: programme 3941 (5510-7-101B)
I> [12/04/06 05:09:09] Réception: programme 3942 (5510-7-101B)
I> [12/04/06 05:09:24] Réception: programme 3943 (5510-7-101B)
I> [12/04/06 05:09:38] Réception: programme 3944 (5510-7-101B)
I> [12/04/06 05:09:48] Réception: programme 4116 (5510-7-101B)
I> [12/04/06 05:10:01] Fichier reçu: C:\machines\T32\Programmes\5510-7-101B.MZK
I> [12/04/06 05:10:02] Programmes dans les fichiers demandés: Programme 3937 (5510-7-101B), Programme 3938 (5510-7-101B), Programme 3939 (5510-7-101B), Programme 3940 (5510-7-101B), Programme 3941 (5510-7-101B), Programme 3942 (5510-7-101B), Programme 3943 (5510-7-101B), Programme 3944 (5510-7-101B), Programme 4116 (5510-7-101B)
I> [12/04/06 05:15:21] Appel depuis la CN de: 11270-55-01
I> [12/04/06 05:15:30] Le programme appelé depuis la CN est trouvé: C:\machines\T32\Programmes\La calhene\11270-55-01.MZK
I> [12/04/06 05:15:31] Programmes dans les fichiers demandés: Programme 4064 (11270-55-01), Programme 4066 (11270-55-01), Programme 4068 (11270-55-01), Programme 4099 (11270-55-01), Programme 4101 (11270-55-01)
I> [12/04/06 05:16:03] Emission de programme: Programme 4064 (11270-55-01)
I> [12/04/06 05:16:34] Emission de programme: Programme 4066 (11270-55-01)
I> [12/04/06 05:16:47] Emission de programme: Programme 4099 (11270-55-01)
I> [12/04/06 05:17:11] Emission de programme: Programme 4101 (11270-55-01)
I> [12/04/06 05:19:15] Appel depuis la CN de: 11270-01-01
I> [12/04/06 05:19:23] Le programme appelé depuis la CN est trouvé: C:\machines\T32\Programmes\La calhene\11270-01-01.MZK
I> [12/04/06 05:19:24] Programmes dans les fichiers demandés: Programme 4063 (11270-01-01), Programme 4065 (11270-01-01), Programme 4067 (11270-01-01), Programme 4070 (11270-01-01), Programme 4100 (11270-01-01), Programme 4101 (11270-01-01)
I> [12/04/06 05:19:41] Emission de programme: Programme 4063 (11270-01-01)
I> [12/04/06 05:20:09] Emission de programme: Programme 4065 (11270-01-01)
I> [12/04/06 05:20:23] Emission de programme: Programme 4100 (11270-01-01)
E> [12/04/06 05:24:25] Transmission avortée. [Délai de réponse dépassé, interruption de la transmission]
