I> [12/09/2012 07:30:38] Port activé avec succès.
I> [12/09/2012 10:09:53] Appel depuis la CN de: 11270-01-01
E> [12/09/2012 10:09:58] N'a pu émettre le fichier: C:\machines\T32 Bis\Programmes\81B0004 E.MZK [Le système ne peut pas lire le périphérique indiqué]
I> [12/09/2012 10:09:59] Le programme appelé depuis la CN est trouvé: C:\machines\T32 Bis\Programmes\LA CALHENE\11270-01-01.MZK
I> [12/09/2012 10:09:59] Programmes dans les fichiers demandés: Programme 1004 (11270-01-01), Programme 1005 (11270-01-01), Programme 739 (11270-01-01)
I> [12/09/2012 10:10:11] Appel depuis la CN de: 11270-01-01
I> [12/09/2012 10:10:15] Le programme appelé depuis la CN est trouvé: C:\machines\T32 Bis\Programmes\LA CALHENE\11270-01-01.MZK
I> [12/09/2012 10:10:16] Programmes dans les fichiers demandés: Programme 1004 (11270-01-01), Programme 1005 (11270-01-01), Programme 739 (11270-01-01)
I> [12/09/2012 10:10:35] Emission de programme: Programme 739 (11270-01-01)
I> [12/09/2012 17:34:02] Appel depuis la CN de: 111900801G
I> [12/09/2012 17:34:07] Le programme appelé depuis la CN est trouvé: C:\machines\T32 Bis\Programmes\LA CALHENE\111900801G.MZK
I> [12/09/2012 17:34:07] Programmes dans les fichiers demandés: Programme 4458 (111900801G), Programme 4460 (111900801G), Programme 4461 (111900801G), Programme 4464 (111900801G)
I> [12/09/2012 17:43:11] Appel depuis la CN de: 111900801G
I> [12/09/2012 17:43:18] Le programme appelé depuis la CN est trouvé: C:\machines\T32 Bis\Programmes\111900801G.MZK
I> [12/09/2012 17:43:18] Programmes dans les fichiers demandés: Programme 4458 (111900801G), Programme 4460 (111900801G), Programme 4461 (111900801G), Programme 4464 (111900801G)
I> [12/09/2012 17:43:44] Appel depuis la CN de: 111900801G
I> [12/09/2012 17:43:49] Le programme appelé depuis la CN est trouvé: C:\machines\T32 Bis\Programmes\111900801G.MZK
I> [12/09/2012 17:43:49] Programmes dans les fichiers demandés: Programme 4458 (111900801G), Programme 4460 (111900801G), Programme 4461 (111900801G), Programme 4464 (111900801G)
I> [12/09/2012 17:57:04] Appel depuis la CN de: 111900801G
I> [12/09/2012 17:57:08] Le programme appelé depuis la CN est trouvé: C:\machines\T32 Bis\Programmes\LA CALHENE\111900801G.MZK
I> [12/09/2012 17:57:08] Programmes dans les fichiers demandés: Programme 4458 (111900801G), Programme 4460 (111900801G), Programme 4461 (111900801G), Programme 4464 (111900801G)
I> [12/09/2012 17:57:50] Emission de programme: Programme 4458 (111900801G)
I> [12/09/2012 17:58:08] Emission de programme: Programme 4458 (111900801G)
I> [12/09/2012 17:58:23] Emission de programme: Programme 4460 (111900801G)
I> [12/09/2012 17:58:38] Emission de programme: Programme 4461 (111900801G)
I> [12/09/2012 17:59:05] Emission de programme: Programme 4464 (111900801G)
I> [12/09/2012 18:00:23] Réception: programme 4458 (111900801G)
I> [12/09/2012 18:00:38] Réception: programme 4460 (111900801G)
I> [12/09/2012 18:00:53] Réception: programme 1379 (111900801G)
I> [12/09/2012 18:01:17] Fichier reçu: C:\machines\T32 Bis\Programmes\111900801G.MZK
I> [12/09/2012 18:01:17] Programmes dans les fichiers demandés: Programme 4458 (111900801G), Programme 4460 (111900801G), Programme 1379 (111900801G)
I> [12/09/2012 18:15:32] Appel depuis la CN de: 3007-14-02I
I> [12/09/2012 18:15:37] Le programme appelé depuis la CN est trouvé: C:\machines\T32 Bis\Programmes\LA CALHENE\3007-14-02I.MZK
I> [12/09/2012 18:15:37] Programmes dans les fichiers demandés: Programme 1029 (3007-14-02I), Programme 1030 (3007-14-02I), Programme 1089 (3007-14-02I), Programme 1090 (3007-14-02I), Programme 2217 (3007-14-02I), Programme 2218 (3007-14-02I)
I> [12/09/2012 18:16:40] Emission de programme: Programme 2217 (3007-14-02I)
I> [12/09/2012 18:16:45] Emission de programme: Programme 2218 (3007-14-02I)
