I> [12/05/2010 05:33:15] Port activé avec succès.
I> [12/05/2010 05:42:52] Port activé avec succès.
I> [12/05/2010 08:23:21] Réception: programme 846 (C15356B)
I> [12/05/2010 08:23:31] Réception: programme 847 (C15356B)
I> [12/05/2010 08:23:39] Fichier reçu: C:\machines\T32 Bis\Programmes\C15356B.MZK
I> [12/05/2010 08:23:39] Programmes dans les fichiers demandés: Programme 846 (C15356B), Programme 847 (C15356B)
I> [12/05/2010 08:24:02] Réception: programme 846 (C15356B)
I> [12/05/2010 08:24:13] Réception: programme 847 (C15356B)
I> [12/05/2010 08:24:21] Fichier existant sauvegardé: C:\MACHINES\T32 BIS\SAUVEGARDES\C15356B_01.MZK
I> [12/05/2010 08:24:21] Fichier reçu: C:\machines\T32 Bis\Programmes\C15356B.MZK
I> [12/05/2010 08:24:21] Programmes dans les fichiers demandés: Programme 846 (C15356B), Programme 847 (C15356B)
I> [12/05/2010 08:36:31] Appel depuis la CN de: 134721 B
E> [12/05/2010 08:36:36] N'a pu émettre le fichier: C:\machines\T32 Bis\Programmes\C15356B.MZK [Le système ne peut pas lire le périphérique indiqué]
I> [12/05/2010 08:36:36] Le programme appelé depuis la CN est trouvé: C:\machines\T32 Bis\Programmes\134721 B.MZK
I> [12/05/2010 08:36:36] Programmes dans les fichiers demandés: Programme 18, Données d'outil, Programme 33, Données d'outil
I> [12/05/2010 08:37:01] Appel depuis la CN de: 134721 B
I> [12/05/2010 08:37:06] Le programme appelé depuis la CN est trouvé: C:\machines\T32 Bis\Programmes\134721 B.MZK
I> [12/05/2010 08:37:06] Programmes dans les fichiers demandés: Programme 18, Données d'outil, Programme 33, Données d'outil
I> [12/05/2010 08:37:14] Emission de programme: Programme 18
I> [12/05/2010 08:37:18] Emission de programme: Données d'outil
I> [12/05/2010 08:37:20] Emission de programme: Programme 33
I> [12/05/2010 08:37:26] Emission de programme: Données d'outil
I> [12/05/2010 19:54:31] Réception: programme 848 (RG8G C01)
I> [12/05/2010 19:54:44] Réception: programme 849 (RG8G C01)
I> [12/05/2010 19:55:01] Fichier reçu: C:\machines\T32 Bis\Programmes\RG8G C01.MZK
I> [12/05/2010 19:55:02] Programmes dans les fichiers demandés: Programme 848 (RG8G C01), Programme 849 (RG8G C01)
I> [12/05/2010 19:56:32] Appel depuis la CN de: RG8G C01
I> [12/05/2010 19:56:38] Le programme appelé depuis la CN est trouvé: C:\machines\T32 Bis\Programmes\LUREM\RG8G C01.MZK
I> [12/05/2010 19:56:38] Programmes dans les fichiers demandés: Programme 848 (RG8G C01), Programme 849 (RG8G C01)
I> [12/05/2010 20:09:43] Appel depuis la CN de: 2976836D
I> [12/05/2010 20:09:48] Le programme appelé depuis la CN est trouvé: C:\machines\T32 Bis\Programmes\FLOWSERVE\2976836D.MZK
I> [12/05/2010 20:09:49] Programmes dans les fichiers demandés: Programme 126 (2976836D), Programme 129 (2976836D)
I> [12/05/2010 20:09:53] Emission de programme: Programme 126 (2976836D)
I> [12/05/2010 20:10:07] Emission de programme: Programme 129 (2976836D)
