I> [12/03/2012 07:33:10] Port activé avec succès.
I> [12/03/2012 10:04:23] Appel depuis la CN de: 122700101K
I> [12/03/2012 10:04:28] Le programme appelé depuis la CN est trouvé: C:\machines\T32 Bis\Programmes\122700101K.MZK
I> [12/03/2012 10:04:28] Programmes dans les fichiers demandés: Programme 5616 (122700101K), Programme 5617 (122700101K), Programme 5618 (122700101K), Programme 5619 (122700101K), Programme 5624 (122700101K), Programme 5625 (122700101K), Programme 5626 (122700101K), Programme 5627 (122700101K), Programme 5665 (122700101K), Programme 5666 (122700101K)
I> [12/03/2012 10:04:45] Appel depuis la CN de: 122700101K
I> [12/03/2012 10:04:50] Le programme appelé depuis la CN est trouvé: C:\machines\T32 Bis\Programmes\122700101K.MZK
I> [12/03/2012 10:04:50] Programmes dans les fichiers demandés: Programme 5616 (122700101K), Programme 5617 (122700101K), Programme 5618 (122700101K), Programme 5619 (122700101K), Programme 5624 (122700101K), Programme 5625 (122700101K), Programme 5626 (122700101K), Programme 5627 (122700101K), Programme 5665 (122700101K), Programme 5666 (122700101K)
I> [12/03/2012 10:05:17] Emission de programme: Programme 5666 (122700101K)
I> [12/03/2012 18:23:05] Appel depuis la CN de: 2976836D
I> [12/03/2012 18:23:10] Le programme appelé depuis la CN est trouvé: C:\machines\T32 Bis\Programmes\FLOWSERVE\2976836D.MZK
I> [12/03/2012 18:23:10] Programmes dans les fichiers demandés: Programme 126 (2976836D), Programme 129 (2976836D)
I> [12/03/2012 18:23:15] Emission de programme: Programme 126 (2976836D)
I> [12/03/2012 18:23:31] Emission de programme: Programme 129 (2976836D)
I> [12/03/2012 18:24:39] Appel depuis la CN de: 2976839C 6
I> [12/03/2012 18:24:46] Le programme appelé depuis la CN est trouvé: C:\machines\T32 Bis\Programmes\FLOWSERVE\2976839C 6.MZK
I> [12/03/2012 18:24:46] Programmes dans les fichiers demandés: Programme 204 (2976839C 6), Programme 206 (2976839C 6)
I> [12/03/2012 18:24:55] Appel depuis la CN de: 2976839C 6
I> [12/03/2012 18:25:02] Le programme appelé depuis la CN est trouvé: C:\machines\T32 Bis\Programmes\FLOWSERVE\2976839C 6.MZK
I> [12/03/2012 18:25:02] Programmes dans les fichiers demandés: Programme 204 (2976839C 6), Programme 206 (2976839C 6)
I> [12/03/2012 18:25:06] Emission de programme: Programme 204 (2976839C 6)
I> [12/03/2012 18:25:24] Emission de programme: Programme 206 (2976839C 6)
I> [12/03/2012 18:26:07] Appel depuis la CN de: 2976862C
I> [12/03/2012 18:26:11] Le programme appelé depuis la CN est trouvé: C:\machines\T32 Bis\Programmes\FLOWSERVE\2976862C.MZK
I> [12/03/2012 18:26:11] Programmes dans les fichiers demandés: Programme 433 (2976862C), Programme 436 (2976862C)
I> [12/03/2012 18:26:21] Emission de programme: Programme 433 (2976862C)
I> [12/03/2012 18:26:36] Emission de programme: Programme 436 (2976862C)
