I> [12/01/2012 04:57:12] Port activé avec succès.
I> [12/01/2012 09:38:56] Appel depuis la CN de: 012000444
I> [12/01/2012 09:39:01] Le programme appelé depuis la CN est trouvé: C:\machines\T32 Bis\Programmes\ERCA FORMSEAL\012000444.MZK
I> [12/01/2012 09:39:01] Programmes dans les fichiers demandés: Programme 740 (012000444), Programme 741 (012000444)
I> [12/01/2012 09:40:05] Emission de programme: Programme 740 (012000444)
I> [12/01/2012 09:40:18] Emission de programme: Programme 741 (012000444)
I> [12/01/2012 14:51:59] Appel depuis la CN de: 225012
I> [12/01/2012 14:52:04] Le programme appelé depuis la CN est trouvé: C:\machines\T32 Bis\Programmes\FLOWSERVE\225012.MZK
I> [12/01/2012 14:52:04] Programmes dans les fichiers demandés: Programme 1173 (225012), Programme 1174 (225012)
I> [12/01/2012 14:52:11] Emission de programme: Programme 1173 (225012)
I> [12/01/2012 14:52:22] Emission de programme: Programme 1174 (225012)
I> [12/01/2012 14:52:50] Appel depuis la CN de: 225010
I> [12/01/2012 14:52:55] Le programme appelé depuis la CN est trouvé: C:\machines\T32 Bis\Programmes\FLOWSERVE\225010.MZK
I> [12/01/2012 14:52:55] Programmes dans les fichiers demandés: Programme 1224 (225010), Programme 1225 (225010)
I> [12/01/2012 14:53:06] Emission de programme: Programme 1224 (225010)
I> [12/01/2012 14:53:18] Emission de programme: Programme 1225 (225010)
I> [12/01/2012 15:41:11] Appel depuis la CN de: 4802907A
I> [12/01/2012 15:41:16] Le programme appelé depuis la CN est trouvé: C:\machines\T32 Bis\Programmes\FLOWSERVE\4802907A.MZK
I> [12/01/2012 15:41:16] Programmes dans les fichiers demandés: Programme 84 (4802907A), Programme 85 (4802907A), Programme 829 (4802907A), Programme 830 (4802907A), Programme 835 (4802907A)
I> [12/01/2012 15:41:38] Emission de programme: Programme 835 (4802907A)
I> [12/01/2012 20:06:26] Réception: programme 1173 (225012)
I> [12/01/2012 20:06:38] Réception: programme 1174 (225012)
I> [12/01/2012 20:06:46] Réception: programme 1234 (225012)
I> [12/01/2012 20:06:56] Réception: programme 1236 (225012)
I> [12/01/2012 20:07:08] Fichier reçu: C:\machines\T32 Bis\Programmes\225012.MZK
I> [12/01/2012 20:07:08] Programmes dans les fichiers demandés: Programme 1173 (225012), Programme 1174 (225012), Programme 1234 (225012), Programme 1236 (225012)
I> [12/01/2012 20:15:39] Réception: programme 1224 (225010)
I> [12/01/2012 20:15:50] Réception: programme 1225 (225010)
I> [12/01/2012 20:15:58] Réception: programme 1235 (225010)
I> [12/01/2012 20:16:09] Réception: programme 1237 (225010)
I> [12/01/2012 20:16:20] Fichier reçu: C:\machines\T32 Bis\Programmes\225010.MZK
I> [12/01/2012 20:16:20] Programmes dans les fichiers demandés: Programme 1224 (225010), Programme 1225 (225010), Programme 1235 (225010), Programme 1237 (225010)
I> [12/01/2012 20:39:41] Appel depuis la CN de: 3970587
I> [12/01/2012 20:39:46] Le programme appelé depuis la CN est trouvé: C:\machines\T32 Bis\Programmes\3970587.MZK
I> [12/01/2012 20:39:46] Programmes dans les fichiers demandés: Programme 5206 (3970587), Programme 5207 (3970587), Programme 5208 (3970587)
I> [12/01/2012 20:39:55] Emission de programme: Programme 5206 (3970587)
I> [12/01/2012 20:40:04] Emission de programme: Programme 5207 (3970587)
I> [12/01/2012 20:40:16] Emission de programme: Programme 5208 (3970587)
