I> [12/02/2008 05:52:23] Appel depuis la CN de: 75353B
I> [12/02/2008 05:52:28] Le programme appelé depuis la CN est trouvé: C:\machines\T32 Bis\Programmes\DRESSER\75353B.MZK
I> [12/02/2008 05:52:28] Programmes dans les fichiers demandés: Programme 144 (75353B), Programme 145 (75353B)
I> [12/02/2008 05:53:00] Emission de programme: Programme 144 (75353B)
I> [12/02/2008 10:22:43] Réception: programme 146 (223095A)
I> [12/02/2008 10:22:49] Réception: programme 148 (223095A)
I> [12/02/2008 10:22:58] Réception: programme 151 (223095A)
I> [12/02/2008 10:23:11] Fichier reçu: C:\machines\T32 Bis\Programmes\223095A.MZK
I> [12/02/2008 10:23:11] Programmes dans les fichiers demandés: Programme 146 (223095A), Programme 148 (223095A), Programme 151 (223095A)
I> [12/02/2008 10:24:38] Réception: programme 147 (223860)
I> [12/02/2008 10:24:44] Réception: programme 149 (223860)
I> [12/02/2008 10:24:52] Réception: programme 150 (223860)
I> [12/02/2008 10:25:06] Fichier reçu: C:\machines\T32 Bis\Programmes\223860.MZK
I> [12/02/2008 10:25:06] Programmes dans les fichiers demandés: Programme 147 (223860), Programme 149 (223860), Programme 150 (223860)
I> [12/02/2008 10:32:01] Appel depuis la CN de: 3984610A
I> [12/02/2008 10:32:06] Le programme appelé depuis la CN est trouvé: C:\machines\T32 Bis\Programmes\DRESSER\3984610A.MZK
I> [12/02/2008 10:32:06] Programmes dans les fichiers demandés: Programme 3932 (3984610A), Programme 3935 (3984610A)
I> [12/02/2008 10:34:01] Emission de programme: Programme 3932 (3984610A)
I> [12/02/2008 10:34:21] Emission de programme: Programme 3935 (3984610A)
I> [12/02/2008 14:52:03] Réception: programme 39 (3984610A)
I> [12/02/2008 14:52:24] Réception: programme 47 (3984610A)
I> [12/02/2008 14:52:45] Fichier reçu: C:\machines\T32 Bis\Programmes\3984610A.MZK
I> [12/02/2008 14:52:45] Programmes dans les fichiers demandés: Programme 39 (3984610A), Programme 47 (3984610A)
I> [12/02/2008 15:06:44] Appel depuis la CN de: 2976327D
I> [12/02/2008 15:06:50] Le programme appelé depuis la CN est trouvé: C:\machines\T32 Bis\Programmes\DRESSER\2976327D.MZK
I> [12/02/2008 15:06:50] Programmes dans les fichiers demandés: Programme 127 (2976327D), Programme 130 (2976327D)
I> [12/02/2008 15:06:57] Emission de programme: Programme 127 (2976327D)
I> [12/02/2008 15:07:11] Emission de programme: Programme 130 (2976327D)
I> [12/02/2008 15:10:18] Appel depuis la CN de: 2976835D
I> [12/02/2008 15:10:23] Le programme appelé depuis la CN est trouvé: C:\machines\T32 Bis\Programmes\2976835D.MZK
I> [12/02/2008 15:10:23] Programmes dans les fichiers demandés: Programme 35, Données d'outil, Programme 30, Données d'outil
I> [12/02/2008 15:10:35] Emission de programme: Programme 35
I> [12/02/2008 15:10:42] Emission de programme: Données d'outil
I> [12/02/2008 15:10:43] Emission de programme: Programme 30
I> [12/02/2008 15:10:49] Emission de programme: Données d'outil
