I> [12/06/2017 05:19:56] Port activé avec succès.
I> [12/06/2017 06:36:41] Port activé avec succès.
I> [12/06/2017 19:54:54] Appel depuis la CN de: 9001-04-01
E> [12/06/2017 19:54:58] N'a pu émettre le fichier: C:\machines\T32 Bis\Programmes\21270080201.MZK [Le système ne peut pas lire le périphérique indiqué]
E> [12/06/2017 19:54:59] N'a pu trouver le programme appelé depuis la CN: 9001-04-01.MZK [Premier répertoire recherché : C:\machines\T32 Bis\Programmes]
E> [12/06/2017 19:54:59] N'a pu émettre le fichier. [Previous remote request failed.]
E> [12/06/2017 19:55:01] N'a pu émettre le fichier. [Previous remote request failed.]
I> [12/06/2017 19:55:19] Appel depuis la CN de: 9001-04-01
E> [12/06/2017 19:55:23] N'a pu émettre le fichier. [Previous remote request failed.]
E> [12/06/2017 19:55:23] N'a pu trouver le programme appelé depuis la CN: 9001-04-01.MZK [Premier répertoire recherché : C:\machines\T32 Bis\Programmes]
E> [12/06/2017 19:55:24] N'a pu émettre le fichier. [Previous remote request failed.]
I> [12/06/2017 19:57:11] Appel depuis la CN de: 9001-04-01L
I> [12/06/2017 19:57:16] Le programme appelé depuis la CN est trouvé: C:\machines\T32 Bis\Programmes\LA CALHENE\9001-04-01L.MZK
I> [12/06/2017 19:57:16] Programmes dans les fichiers demandés: Programme 1546 (9001-04-01L), Programme 1548 (9001-04-01L), Programme 1550 (9001-04-01L), Programme 1553 (9001-04-01L)
I> [12/06/2017 19:57:27] Appel depuis la CN de: 9001-04-01L
I> [12/06/2017 19:57:32] Le programme appelé depuis la CN est trouvé: C:\machines\T32 Bis\Programmes\LA CALHENE\9001-04-01L.MZK
I> [12/06/2017 19:57:32] Programmes dans les fichiers demandés: Programme 1546 (9001-04-01L), Programme 1548 (9001-04-01L), Programme 1550 (9001-04-01L), Programme 1553 (9001-04-01L)
I> [12/06/2017 19:57:35] Emission de programme: Programme 1546 (9001-04-01L)
I> [12/06/2017 19:57:46] Emission de programme: Programme 1548 (9001-04-01L)
I> [12/06/2017 19:57:52] Emission de programme: Programme 1550 (9001-04-01L)
I> [12/06/2017 19:58:15] Emission de programme: Programme 1553 (9001-04-01L)
