I> [12/04/2010 05:10:54] Port activé avec succès.
I> [12/04/2010 16:52:44] Réception: programme 67 (30270300101)
I> [12/04/2010 16:52:58] Réception: programme 68 (30270300101)
I> [12/04/2010 16:53:17] Réception: programme 70 (30270300101)
I> [12/04/2010 16:53:39] Réception: programme 71 (30270300101)
I> [12/04/2010 16:54:34] Réception: programme 261 (30270300101)
I> [12/04/2010 16:54:39] Réception: programme 827 (30270300101)
I> [12/04/2010 16:55:02] Réception: programme 828 (30270300101)
I> [12/04/2010 16:55:59] Fichier reçu: C:\machines\T32 Bis\Programmes\30270300101.MZK
I> [12/04/2010 16:56:00] Programmes dans les fichiers demandés: Programme 67 (30270300101), Programme 68 (30270300101), Programme 70 (30270300101), Programme 71 (30270300101), Programme 261 (30270300101), Programme 827 (30270300101), Programme 828 (30270300101)
I> [12/04/2010 17:04:03] Appel depuis la CN de: 30270300101
I> [12/04/2010 17:04:12] Le programme appelé depuis la CN est trouvé: C:\machines\T32 Bis\Programmes\30270300101.MZK
I> [12/04/2010 17:04:12] Programmes dans les fichiers demandés: Programme 67 (30270300101), Programme 68 (30270300101), Programme 70 (30270300101), Programme 71 (30270300101), Programme 261 (30270300101), Programme 827 (30270300101), Programme 828 (30270300101)
I> [12/04/2010 17:04:54] Appel depuis la CN de: 30270300101
E> [12/04/2010 17:05:00] N'a pu émettre le fichier: C:\machines\T32 Bis\Programmes\30270300101.MZK [Le système ne peut pas lire le périphérique indiqué]
I> [12/04/2010 17:05:01] Le programme appelé depuis la CN est trouvé: C:\machines\T32 Bis\Programmes\LA CALHENE\30270300101.MZK
I> [12/04/2010 17:05:01] Programmes dans les fichiers demandés: Programme 67 (30270300101), Programme 68 (30270300101), Programme 70 (30270300101), Programme 71 (30270300101), Programme 261 (30270300101), Programme 827 (30270300101), Programme 828 (30270300101)
I> [12/04/2010 17:05:06] Appel depuis la CN de: 30270300101
I> [12/04/2010 17:05:13] Le programme appelé depuis la CN est trouvé: C:\machines\T32 Bis\Programmes\LA CALHENE\30270300101.MZK
I> [12/04/2010 17:05:13] Programmes dans les fichiers demandés: Programme 67 (30270300101), Programme 68 (30270300101), Programme 70 (30270300101), Programme 71 (30270300101), Programme 261 (30270300101), Programme 827 (30270300101), Programme 828 (30270300101)
