I> [12/12/2006 07:41:39] Réception: programme 4311 (80070F AS)
I> [12/12/2006 07:41:48] Réception: programme 4312 (80070F AS)
I> [12/12/2006 07:41:56] Fichier reçu: C:\machines\T32\Programmes\80070F AS.MZK
I> [12/12/2006 07:41:56] Programmes dans les fichiers demandés: Programme 4311 (80070F AS), Programme 4312 (80070F AS)
I> [12/12/2006 14:03:14] Réception: programme 4313 (4986126-3A)
I> [12/12/2006 14:03:21] Réception: programme 4314 (4986126-3A)
I> [12/12/2006 14:03:33] Réception: programme 4315 (4986126-3A)
I> [12/12/2006 14:03:39] Fichier reçu: C:\machines\T32\Programmes\4986126-3A.MZK
I> [12/12/2006 14:03:39] Programmes dans les fichiers demandés: Programme 4313 (4986126-3A), Programme 4314 (4986126-3A), Programme 4315 (4986126-3A)
I> [12/12/2006 14:27:15] Réception: programme 3903 (212427-1E)
I> [12/12/2006 14:27:29] Réception: programme 3904 (212427-1E)
I> [12/12/2006 14:27:55] Fichier reçu: C:\machines\T32\Programmes\212427-1E.MZK
I> [12/12/2006 14:27:55] Programmes dans les fichiers demandés: Programme 3903 (212427-1E), Programme 3904 (212427-1E)
I> [12/12/2006 14:38:45] Appel depuis la CN de: 4994484A
I> [12/12/2006 14:38:51] Le programme appelé depuis la CN est trouvé: C:\machines\T32\Programmes\DRESSER\4994484A.MZK
I> [12/12/2006 14:38:51] Programmes dans les fichiers demandés: Programme 4276 (4994484A), Programme 4278 (4994484A), Programme 4279 (4997784A), Programme 4287 (4994484A), Programme 4288 (4994484A)
I> [12/12/2006 14:39:14] Emission de programme: Programme 4287 (4994484A)
I> [12/12/2006 14:39:27] Emission de programme: Programme 4288 (4994484A)
I> [12/12/2006 18:17:01] Réception: programme 4316 (4993414B)
I> [12/12/2006 18:17:14] Réception: programme 4317 (4993414B)
I> [12/12/2006 18:17:31] Fichier reçu: C:\machines\T32\Programmes\4993414B.MZK
I> [12/12/2006 18:17:31] Programmes dans les fichiers demandés: Programme 4316 (4993414B), Programme 4317 (4993414B)
I> [12/12/2006 20:24:12] Réception: programme 4318 (212427-1E)
I> [12/12/2006 20:24:21] Réception: programme 3903 (212427-1E)
I> [12/12/2006 20:24:34] Réception: programme 3904 (212427-1E)
I> [12/12/2006 20:25:00] Fichier reçu: C:\machines\T32\Programmes\212427-1E.MZK
I> [12/12/2006 20:25:00] Programmes dans les fichiers demandés: Programme 4318 (212427-1E), Programme 3903 (212427-1E), Programme 3904 (212427-1E)
