I> [12/10/2016 04:59:40] Port activé avec succès.
I> [12/10/2016 13:22:27] Port arrêté.
I> [12/10/2016 13:26:22] Port activé avec succès.
I> [12/10/2016 19:23:52] Appel depuis la CN de: 212700501
I> [12/10/2016 19:23:57] Le programme appelé depuis la CN est trouvé: C:\machines\T32 Bis\Programmes\LA CALHENE\212700501.MZK
I> [12/10/2016 19:23:57] Programmes dans les fichiers demandés: Programme 1463 (212700501), Programme 1464 (212700501), Programme 1465 (212700501), Programme 1466 (212700501), Programme 1467 (212700501)
I> [12/10/2016 19:24:04] Emission de programme: Programme 1463 (212700501)
I> [12/10/2016 19:24:37] Emission de programme: Programme 1464 (212700501)
I> [12/10/2016 19:25:06] Emission de programme: Programme 1465 (212700501)
I> [12/10/2016 19:25:57] Emission de programme: Programme 1466 (212700501)
I> [12/10/2016 19:26:26] Emission de programme: Programme 1467 (212700501)
I> [12/10/2016 19:27:43] Réception: programme 1463 (212700501)
I> [12/10/2016 19:28:16] Réception: programme 1464 (212700501)
I> [12/10/2016 19:28:44] Réception: programme 1465 (212700501)
I> [12/10/2016 19:29:35] Réception: programme 1466 (212700501)
I> [12/10/2016 19:30:05] Réception: programme 1467 (212700501)
I> [12/10/2016 19:30:35] Fichier reçu: C:\machines\T32 Bis\Programmes\212700501.MZK
I> [12/10/2016 19:30:35] Programmes dans les fichiers demandés: Programme 1463 (212700501), Programme 1464 (212700501), Programme 1465 (212700501), Programme 1466 (212700501), Programme 1467 (212700501)
I> [12/10/2016 19:31:05] Réception: programme 1463 (212700501)
I> [12/10/2016 19:31:38] Réception: programme 1464 (212700501)
I> [12/10/2016 19:32:06] Réception: programme 1465 (212700501)
I> [12/10/2016 19:32:57] Réception: programme 1466 (212700501)
I> [12/10/2016 19:33:26] Réception: programme 1467 (212700501)
I> [12/10/2016 19:33:57] Fichier existant sauvegardé: C:\MACHINES\T32 BIS\SAUVEGARDES\212700501_01.MZK
I> [12/10/2016 19:33:57] Fichier reçu: C:\machines\T32 Bis\Programmes\212700501.MZK
I> [12/10/2016 19:33:57] Programmes dans les fichiers demandés: Programme 1463 (212700501), Programme 1464 (212700501), Programme 1465 (212700501), Programme 1466 (212700501), Programme 1467 (212700501)
I> [12/10/2016 19:57:55] Appel depuis la CN de: L394340103
I> [12/10/2016 19:58:00] Le programme appelé depuis la CN est trouvé: C:\machines\T32 Bis\Programmes\L394340103.MZK
I> [12/10/2016 19:58:00] Programmes dans les fichiers demandés: Programme 1409 (L394340103), Programme 1410 (L394340103)
I> [12/10/2016 19:58:07] Emission de programme: Programme 1409 (L394340103)
I> [12/10/2016 19:58:29] Emission de programme: Programme 1410 (L394340103)
I> [12/10/2016 20:00:29] Appel depuis la CN de: L394340104
I> [12/10/2016 20:00:33] Le programme appelé depuis la CN est trouvé: C:\machines\T32 Bis\Programmes\L394340104.MZK
I> [12/10/2016 20:00:33] Programmes dans les fichiers demandés: Programme 1409 (L394340104), Programme 1411 (L394340104)
I> [12/10/2016 20:00:56] Emission de programme: Programme 1411 (L394340104)
