I> [12/10/2010 07:37:51] Port activé avec succès.
I> [12/10/2010 07:38:15] Réception: programme 994 (241003336)
I> [12/10/2010 07:38:30] Réception: programme 995 (241003336)
I> [12/10/2010 07:38:45] Réception: programme 996 (241003336)
I> [12/10/2010 07:39:03] Fichier reçu: C:\machines\T32 Bis\Programmes\241003336.MZK
I> [12/10/2010 07:39:03] Programmes dans les fichiers demandés: Programme 994 (241003336), Programme 995 (241003336), Programme 996 (241003336)
I> [12/10/2010 07:58:11] Appel depuis la CN de: 241003227
I> [12/10/2010 07:58:16] Le programme appelé depuis la CN est trouvé: C:\machines\T32 Bis\Programmes\241003227.MZK
I> [12/10/2010 07:58:16] Programmes dans les fichiers demandés: Programme 278, Données d'outil, Programme 273, Données d'outil
I> [12/10/2010 07:58:52] Emission de programme: Programme 278
I> [12/10/2010 07:58:56] Emission de programme: Données d'outil
I> [12/10/2010 07:58:58] Emission de programme: Programme 273
I> [12/10/2010 07:59:02] Emission de programme: Données d'outil
I> [12/10/2010 11:11:23] Appel depuis la CN de: 65200F
E> [12/10/2010 11:11:27] N'a pu trouver le programme appelé depuis la CN: 65200F.MZK [Premier répertoire recherché : C:\machines\T32 Bis\Programmes]
E> [12/10/2010 11:11:36] N'a pu émettre le fichier. [Previous remote request failed.]
I> [12/10/2010 11:12:00] Appel depuis la CN de: 652000F
E> [12/10/2010 11:12:04] N'a pu émettre le fichier. [Previous remote request failed.]
I> [12/10/2010 11:12:05] Le programme appelé depuis la CN est trouvé: C:\machines\T32 Bis\Programmes\LA CALHENE\652000F.MZK
I> [12/10/2010 11:12:05] Programmes dans les fichiers demandés: Programme 262 (652000F), Programme 263 (652000F), Programme 264 (652000F), Programme 265 (652000F), Programme 273 (652000F)
I> [12/10/2010 11:12:19] Emission de programme: Programme 262 (652000F)
I> [12/10/2010 11:12:26] Emission de programme: Programme 263 (652000F)
I> [12/10/2010 11:12:33] Emission de programme: Programme 264 (652000F)
I> [12/10/2010 11:13:01] Emission de programme: Programme 265 (652000F)
I> [12/10/2010 11:13:09] Emission de programme: Programme 273 (652000F)
I> [12/10/2010 14:23:02] Appel depuis la CN de: 6120B
I> [12/10/2010 14:23:07] Le programme appelé depuis la CN est trouvé: C:\machines\T32 Bis\Programmes\LA CALHENE\6120B.MZK
I> [12/10/2010 14:23:07] Programmes dans les fichiers demandés: Programme 672 (6120B), Programme 673 (6120B), Programme 674 (6120B), Programme 675 (6120B), Programme 676 (6120B)
I> [12/10/2010 14:23:16] Emission de programme: Programme 672 (6120B)
I> [12/10/2010 14:23:20] Emission de programme: Programme 673 (6120B)
I> [12/10/2010 14:23:25] Emission de programme: Programme 674 (6120B)
I> [12/10/2010 14:23:30] Emission de programme: Programme 675 (6120B)
I> [12/10/2010 14:23:59] Emission de programme: Programme 676 (6120B)
