I> [13/07/2010 06:32:19] Port activé avec succès.
I> [13/07/2010 10:48:24] Appel depuis la CN de: 149510310
I> [13/07/2010 10:48:29] Le programme appelé depuis la CN est trouvé: C:\machines\T32 Bis\Programmes\LUREM\149510310.MZK
I> [13/07/2010 10:48:29] Programmes dans les fichiers demandés: Programme 771 (149510310), Programme 772 (149510310)
I> [13/07/2010 10:48:47] Emission de programme: Programme 771 (149510310)
I> [13/07/2010 10:49:17] Emission de programme: Programme 772 (149510310)
I> [13/07/2010 10:50:16] Appel depuis la CN de: 149510210
I> [13/07/2010 10:50:21] Le programme appelé depuis la CN est trouvé: C:\machines\T32 Bis\Programmes\LUREM\149510210.MZK
I> [13/07/2010 10:50:21] Programmes dans les fichiers demandés: Programme 786 (149510210), Programme 787 (149510210)
I> [13/07/2010 10:50:27] Emission de programme: Programme 786 (149510210)
I> [13/07/2010 10:50:56] Emission de programme: Programme 787 (149510210)
I> [13/07/2010 11:51:27] Emission de programme: Programme 786 (149510210)
I> [13/07/2010 17:13:29] Réception: programme 913 (41890203C)
I> [13/07/2010 17:13:46] Réception: programme 916 (41890203C)
I> [13/07/2010 17:14:03] Fichier reçu: C:\machines\T32 Bis\Programmes\41890203C.MZK
I> [13/07/2010 17:14:03] Programmes dans les fichiers demandés: Programme 913 (41890203C), Programme 916 (41890203C)
I> [13/07/2010 17:15:05] Réception: programme 914 (41890202C)
I> [13/07/2010 17:15:20] Réception: programme 915 (41890202C)
I> [13/07/2010 17:15:39] Fichier reçu: C:\machines\T32 Bis\Programmes\41890202C.MZK
I> [13/07/2010 17:15:39] Programmes dans les fichiers demandés: Programme 914 (41890202C), Programme 915 (41890202C)
