I> [13/04/2011 06:33:24] Port activé avec succès.
I> [13/04/2011 06:34:14] Réception: programme 1067 (241000810)
I> [13/04/2011 06:34:29] Fichier reçu: C:\machines\T32 Bis\Programmes\241000810.MZK
I> [13/04/2011 06:34:29] Programmes dans les fichiers demandés: Programme 1067 (241000810)
I> [13/04/2011 06:35:42] Réception: programme 1067 (241000272)
I> [13/04/2011 06:35:57] Fichier reçu: C:\machines\T32 Bis\Programmes\241000272.MZK
I> [13/04/2011 06:35:57] Programmes dans les fichiers demandés: Programme 1067 (241000272)
I> [13/04/2011 08:45:33] Appel depuis la CN de: 241003630A
I> [13/04/2011 08:45:38] Le programme appelé depuis la CN est trouvé: C:\machines\T32 Bis\Programmes\241003630A.MZK
I> [13/04/2011 08:45:38] Programmes dans les fichiers demandés: Programme 22, Données d'outil, Programme 276, Données d'outil, Programme 264, Données d'outil
I> [13/04/2011 08:45:53] Emission de programme: Programme 22
I> [13/04/2011 08:45:57] Emission de programme: Données d'outil
I> [13/04/2011 08:45:59] Emission de programme: Programme 276
I> [13/04/2011 08:46:03] Emission de programme: Données d'outil
I> [13/04/2011 08:46:04] Emission de programme: Programme 264
I> [13/04/2011 08:46:07] Emission de programme: Données d'outil
I> [13/04/2011 15:18:26] Réception: programme 1068 (241003630D)
I> [13/04/2011 15:18:39] Réception: programme 1069 (241003630D)
I> [13/04/2011 15:18:49] Réception: programme 1070 (241003630D)
I> [13/04/2011 15:18:56] Fichier reçu: C:\machines\T32 Bis\Programmes\241003630D.MZK
I> [13/04/2011 15:18:56] Programmes dans les fichiers demandés: Programme 1068 (241003630D), Programme 1069 (241003630D), Programme 1070 (241003630D)
I> [13/04/2011 16:49:52] Appel depuis la CN de: 121900401H
I> [13/04/2011 16:49:57] Le programme appelé depuis la CN est trouvé: C:\machines\T32 Bis\Programmes\LA CALHENE\121900401H.MZK
I> [13/04/2011 16:49:57] Programmes dans les fichiers demandés: Programme 21 (121900401H), Programme 22 (121900401H), Programme 23 (121900401H), Programme 24 (121900401H), Programme 1025 (121900401H), Programme 1027 (121900401H)
I> [13/04/2011 16:50:14] Emission de programme: Programme 21 (121900401H)
I> [13/04/2011 16:50:20] Emission de programme: Programme 22 (121900401H)
I> [13/04/2011 16:50:25] Emission de programme: Programme 23 (121900401H)
I> [13/04/2011 16:50:37] Emission de programme: Programme 24 (121900401H)
I> [13/04/2011 16:50:50] Emission de programme: Programme 1025 (121900401H)
I> [13/04/2011 16:51:02] Emission de programme: Programme 1027 (121900401H)
