I> [13/09/2012 07:30:25] Port activé avec succès.
I> [13/09/2012 20:14:14] Réception: programme 1380 (4808121A)
I> [13/09/2012 20:14:22] Réception: programme 1381 (4808121A)
I> [13/09/2012 20:14:31] Fichier reçu: C:\machines\T32 Bis\Programmes\4808121A.MZK
I> [13/09/2012 20:14:31] Programmes dans les fichiers demandés: Programme 1380 (4808121A), Programme 1381 (4808121A)
I> [13/09/2012 20:35:41] Appel depuis la CN de: 07308003 B
E> [13/09/2012 20:35:45] N'a pu émettre le fichier: C:\machines\T32 Bis\Programmes\4808121A.MZK [Le système ne peut pas lire le périphérique indiqué]
I> [13/09/2012 20:35:46] Le programme appelé depuis la CN est trouvé: C:\machines\T32 Bis\Programmes\MECAMARC\07308003 B.MZK
I> [13/09/2012 20:35:46] Programmes dans les fichiers demandés: Programme 4109 (07308003 B), Programme 4110 (07308003 B)
I> [13/09/2012 20:35:51] Emission de programme: Programme 4109 (07308003 B)
I> [13/09/2012 20:35:58] Emission de programme: Programme 4110 (07308003 B)
I> [13/09/2012 20:41:38] Appel depuis la CN de: 07308003 B
E> [13/09/2012 20:41:42] N'a pu émettre le fichier: C:\machines\T32 Bis\Programmes\MECAMARC\07308003 B.MZK [Le système ne peut pas lire le périphérique indiqué]
I> [13/09/2012 20:41:43] Le programme appelé depuis la CN est trouvé: C:\machines\T32 Bis\Programmes\07308003 B.MZK
I> [13/09/2012 20:41:43] Programmes dans les fichiers demandés: Programme 5254 (07308003 B), Programme 5255 (07308003 B), Programme 5256 (07308003 B), Programme 4110 (07308003 B)
I> [13/09/2012 20:41:50] Emission de programme: Programme 5254 (07308003 B)
I> [13/09/2012 20:41:59] Emission de programme: Programme 5254 (07308003 B)
I> [13/09/2012 20:42:06] Emission de programme: Programme 5255 (07308003 B)
I> [13/09/2012 20:42:13] Emission de programme: Programme 5256 (07308003 B)
I> [13/09/2012 20:42:18] Emission de programme: Programme 4110 (07308003 B)
