I> [13/03/2009 05:15:24] Port activé avec succès.
I> [13/03/2009 07:23:01] Réception: programme 510 (10302636802)
I> [13/03/2009 07:23:08] Réception: programme 511 (10302636802)
I> [13/03/2009 07:23:25] Réception: programme 512 (10302636802)
I> [13/03/2009 07:23:47] Réception: programme 513 (10302636802)
I> [13/03/2009 07:23:56] Réception: programme 514 (10302636802)
I> [13/03/2009 07:24:15] Réception: programme 515 (10302636802)
I> [13/03/2009 07:24:42] Fichier reçu: C:\machines\T32 Bis\Programmes\10302636802.MZK
I> [13/03/2009 07:24:42] Programmes dans les fichiers demandés: Programme 510 (10302636802), Programme 511 (10302636802), Programme 512 (10302636802), Programme 513 (10302636802), Programme 514 (10302636802), Programme 515 (10302636802)
I> [13/03/2009 07:58:55] Appel depuis la CN de: 151475-02
I> [13/03/2009 07:59:18] Appel depuis la CN de: 151475-02
I> [13/03/2009 07:59:32] Le programme appelé depuis la CN est trouvé: C:\machines\T32 Bis\Programmes\ARO\151475-02.MZK
I> [13/03/2009 07:59:32] Programmes dans les fichiers demandés: Programme 4020 (151475-02), Programme 4021 (151475-02), Programme 1535 (151475-02), Programme 1543 (151475-02)
I> [13/03/2009 08:12:46] Emission de programme: Programme 4020 (151475-02)
I> [13/03/2009 08:12:56] Emission de programme: Programme 4021 (151475-02)
I> [13/03/2009 08:15:17] Emission de programme: Programme 4020 (151475-02)
I> [13/03/2009 08:15:27] Emission de programme: Programme 4021 (151475-02)
I> [13/03/2009 08:15:40] Emission de programme: Programme 1535 (151475-02)
I> [13/03/2009 08:15:50] Emission de programme: Programme 1543 (151475-02)
I> [13/03/2009 10:56:12] Réception: programme 516 (151475-02)
I> [13/03/2009 10:56:23] Réception: programme 517 (151475-02)
I> [13/03/2009 10:56:38] Fichier reçu: C:\machines\T32 Bis\Programmes\151475-02.MZK
I> [13/03/2009 10:56:38] Programmes dans les fichiers demandés: Programme 516 (151475-02), Programme 517 (151475-02)
I> [13/03/2009 11:15:37] Appel depuis la CN de: 00800460022
I> [13/03/2009 11:15:50] Le programme appelé depuis la CN est trouvé: C:\machines\T32 Bis\Programmes\SMTA\00800460022.MZK
I> [13/03/2009 11:15:51] Programmes dans les fichiers demandés: Programme 153 (00800460022), Programme 154 (00800460022)
I> [13/03/2009 11:15:58] Emission de programme: Programme 153 (00800460022)
I> [13/03/2009 11:16:07] Emission de programme: Programme 154 (00800460022)
