I> [13/09/2013 05:11:20] Port activé avec succès.
I> [13/09/2013 06:51:22] Appel depuis la CN de: 2976836D
I> [13/09/2013 06:51:27] Le programme appelé depuis la CN est trouvé: C:\machines\T32 Bis\Programmes\FLOWSERVE\2976836D.MZK
I> [13/09/2013 06:51:27] Programmes dans les fichiers demandés: Programme 126 (2976836D), Programme 129 (2976836D)
I> [13/09/2013 06:51:33] Emission de programme: Programme 126 (2976836D)
I> [13/09/2013 06:51:49] Emission de programme: Programme 129 (2976836D)
I> [13/09/2013 12:21:45] Appel depuis la CN de: 2976835D
I> [13/09/2013 12:21:50] Le programme appelé depuis la CN est trouvé: C:\machines\T32 Bis\Programmes\FLOWSERVE\2976835D.MZK
I> [13/09/2013 12:21:50] Programmes dans les fichiers demandés: Programme 50 (2976835D), Programme 51 (2976835D)
I> [13/09/2013 12:22:06] Emission de programme: Programme 50 (2976835D)
I> [13/09/2013 12:22:18] Emission de programme: Programme 51 (2976835D)
I> [13/09/2013 12:25:21] Appel depuis la CN de: 2976841D
I> [13/09/2013 12:25:31] Le programme appelé depuis la CN est trouvé: C:\machines\T32 Bis\Programmes\FLOWSERVE\2976841D.MZK
I> [13/09/2013 12:25:31] Programmes dans les fichiers demandés: Programme 126 (2976841D), Programme 163 (2976841D)
I> [13/09/2013 12:25:47] Emission de programme: Programme 163 (2976841D)
I> [13/09/2013 13:42:40] Appel depuis la CN de: 2976864D
I> [13/09/2013 13:42:45] Le programme appelé depuis la CN est trouvé: C:\machines\T32 Bis\Programmes\FLOWSERVE\2976864D.MZK
I> [13/09/2013 13:42:45] Programmes dans les fichiers demandés: Programme 435 (2976864D), Programme 437 (2976864D)
I> [13/09/2013 13:42:51] Emission de programme: Programme 435 (2976864D)
I> [13/09/2013 13:43:09] Emission de programme: Programme 437 (2976864D)
I> [13/09/2013 14:37:30] Appel depuis la CN de: 2976863C
I> [13/09/2013 14:37:37] Le programme appelé depuis la CN est trouvé: C:\machines\T32 Bis\Programmes\FLOWSERVE\2976863C.MZK
I> [13/09/2013 14:37:38] Programmes dans les fichiers demandés: Programme 434 (2976863C), Programme 438 (2976863C)
I> [13/09/2013 14:37:44] Emission de programme: Programme 434 (2976863C)
I> [13/09/2013 14:38:02] Emission de programme: Programme 438 (2976863C)
