I> [13/09/2006 08:56:05] Port activé avec succès.
I> [13/09/2006 10:10:58] Port activé avec succès.
I> [13/09/2006 17:19:29] Réception: programme 4198 (15350-01-01)
I> [13/09/2006 17:20:17] Réception: programme 4199 (15350-01-01)
I> [13/09/2006 17:20:29] Réception: programme 4200 (15350-01-01)
I> [13/09/2006 17:21:00] Réception: programme 4201 (15350-01-01)
I> [13/09/2006 17:21:15] Fichier reçu: C:\machines\T32\Programmes\15350-01-01.MZK
I> [13/09/2006 17:21:15] Programmes dans les fichiers demandés: Programme 4198 (15350-01-01), Programme 4199 (15350-01-01), Programme 4200 (15350-01-01), Programme 4201 (15350-01-01)
I> [13/09/2006 17:24:25] Réception: programme 4198 (15350-01-01)
I> [13/09/2006 17:25:13] Réception: programme 4199 (15350-01-01)
I> [13/09/2006 17:25:25] Réception: programme 4200 (15350-01-01)
I> [13/09/2006 17:25:56] Réception: programme 4201 (15350-01-01)
I> [13/09/2006 17:26:12] Fichier reçu: C:\machines\T32\Programmes\15350-01-01.MZK
I> [13/09/2006 17:26:12] Programmes dans les fichiers demandés: Programme 4198 (15350-01-01), Programme 4199 (15350-01-01), Programme 4200 (15350-01-01), Programme 4201 (15350-01-01)
I> [13/09/2006 17:31:04] Appel depuis la CN de: 151312-07EB
I> [13/09/2006 17:31:12] Le programme appelé depuis la CN est trouvé: C:\machines\T32\Programmes\151312-07EB.MZK
I> [13/09/2006 17:31:12] Programmes dans les fichiers demandés: Programme 27, Données d'outil, Programme 39, Données d'outil
I> [13/09/2006 17:31:21] Emission de programme: Programme 27
I> [13/09/2006 17:31:27] Emission de programme: Données d'outil
I> [13/09/2006 17:31:28] Emission de programme: Programme 39
I> [13/09/2006 17:31:36] Emission de programme: Données d'outil
I> [13/09/2006 17:36:27] Appel depuis la CN de: 151312.06
I> [13/09/2006 17:36:35] Le programme appelé depuis la CN est trouvé: C:\machines\T32\Programmes\151312.06.MZK
I> [13/09/2006 17:36:35] Programmes dans les fichiers demandés: Programme 25, Données d'outil, Programme 17, Données d'outil
I> [13/09/2006 17:37:43] Appel depuis la CN de: 151312.06.
E> [13/09/2006 17:37:51] N'a pu trouver le programme appelé depuis la CN: 151312.06..MZK [Premier répertoire recherché : C:\machines\T32\Programmes]
E> [13/09/2006 17:37:53] N'a pu émettre le fichier. [Previous remote request failed.]
I> [13/09/2006 17:38:32] Appel depuis la CN de: 151312-06
E> [13/09/2006 17:38:40] N'a pu trouver le programme appelé depuis la CN: 151312-06.MZK [Premier répertoire recherché : C:\machines\T32\Programmes]
E> [13/09/2006 17:38:41] N'a pu émettre le fichier. [Previous remote request failed.]
I> [13/09/2006 17:40:53] Appel depuis la CN de: 151312.06
I> [13/09/2006 17:41:01] Le programme appelé depuis la CN est trouvé: C:\machines\T32\Programmes\151312.06.MZK
I> [13/09/2006 17:41:01] Programmes dans les fichiers demandés: Programme 25, Données d'outil, Programme 17, Données d'outil
I> [13/09/2006 17:44:31] Appel depuis la CN de: 1312-07EBPL
I> [13/09/2006 17:44:39] Le programme appelé depuis la CN est trouvé: C:\machines\T32\Programmes\1312-07EBPL.MZK
I> [13/09/2006 17:44:39] Programmes dans les fichiers demandés: Programme 10, Données d'outil
I> [13/09/2006 17:44:48] Emission de programme: Programme 10
I> [13/09/2006 17:44:51] Emission de programme: Données d'outil
I> [13/09/2006 20:18:55] Réception: programme 4202 (151312-07PL)
I> [13/09/2006 20:19:07] Fichier reçu: C:\machines\T32\Programmes\151312-07PL.MZK
I> [13/09/2006 20:19:07] Programmes dans les fichiers demandés: Programme 4202 (151312-07PL)
I> [13/09/2006 20:21:21] Appel depuis la CN de: 15350-01-01
I> [13/09/2006 20:21:30] Le programme appelé depuis la CN est trouvé: C:\machines\T32\Programmes\La calhene\15350-01-01.MZK
I> [13/09/2006 20:21:30] Programmes dans les fichiers demandés: Programme 4198 (15350-01-01), Programme 4199 (15350-01-01), Programme 4200 (15350-01-01), Programme 4201 (15350-01-01)
I> [13/09/2006 20:26:36] Appel depuis la CN de: 3007-08-06H
I> [13/09/2006 20:26:44] Le programme appelé depuis la CN est trouvé: C:\machines\T32\Programmes\3007-08-06H.MZK
I> [13/09/2006 20:26:44] Programmes dans les fichiers demandés: Programme 10, Données d'outil, Programme 54, Données d'outil, Programme 20, Données d'outil, Programme 23, Données d'outil, Programme 22, Données d'outil, Programme 31, Données d'outil
I> [13/09/2006 20:27:15] Emission de programme: Programme 10
I> [13/09/2006 20:27:18] Emission de programme: Données d'outil
I> [13/09/2006 20:27:19] Emission de programme: Programme 54
I> [13/09/2006 20:27:29] Emission de programme: Données d'outil
I> [13/09/2006 20:27:31] Emission de programme: Programme 20
I> [13/09/2006 20:27:35] Emission de programme: Données d'outil
I> [13/09/2006 20:27:37] Emission de programme: Programme 23
I> [13/09/2006 20:27:42] Emission de programme: Données d'outil
I> [13/09/2006 20:27:43] Emission de programme: Programme 22
I> [13/09/2006 20:27:48] Emission de programme: Données d'outil
I> [13/09/2006 20:27:49] Emission de programme: Programme 31
I> [13/09/2006 20:27:56] Emission de programme: Données d'outil
