I> [13/06/2013 04:55:08] Port activé avec succès.
I> [13/06/2013 08:42:27] Appel depuis la CN de: 9001 61 01
I> [13/06/2013 08:42:32] Le programme appelé depuis la CN est trouvé: C:\machines\T32 Bis\Programmes\LA CALHENE\9001 61 01.MZK
I> [13/06/2013 08:42:32] Programmes dans les fichiers demandés: Programme 418 (9001 61 01), Programme 420 (9001 61 01), Programme 421 (9001 61 01), Programme 424 (9001 61 01)
I> [13/06/2013 08:42:44] Emission de programme: Programme 418 (9001 61 01)
I> [13/06/2013 08:42:49] Emission de programme: Programme 420 (9001 61 01)
I> [13/06/2013 08:43:10] Emission de programme: Programme 421 (9001 61 01)
I> [13/06/2013 08:43:16] Emission de programme: Programme 424 (9001 61 01)
I> [13/06/2013 08:58:18] Appel depuis la CN de: 9001 67 01
I> [13/06/2013 08:58:23] Le programme appelé depuis la CN est trouvé: C:\machines\T32 Bis\Programmes\LA CALHENE\9001 67 01.MZK
I> [13/06/2013 08:58:23] Programmes dans les fichiers demandés: Programme 308 (9001 67 01), Programme 309 (9001 67 01), Programme 310 (9001 67 01), Programme 311 (9001 67 01), Programme 312 (9001 67 01), Programme 313 (9001 67 01)
I> [13/06/2013 08:58:34] Emission de programme: Programme 308 (9001 67 01)
I> [13/06/2013 08:58:38] Emission de programme: Programme 309 (9001 67 01)
I> [13/06/2013 08:58:43] Emission de programme: Programme 310 (9001 67 01)
I> [13/06/2013 08:58:47] Emission de programme: Programme 311 (9001 67 01)
I> [13/06/2013 08:59:01] Emission de programme: Programme 312 (9001 67 01)
I> [13/06/2013 08:59:10] Emission de programme: Programme 313 (9001 67 01)
I> [13/06/2013 12:40:54] Réception: programme 418 (9001 61 01)
I> [13/06/2013 12:41:00] Réception: programme 420 (9001 61 01)
I> [13/06/2013 12:41:20] Réception: programme 421 (9001 61 01)
I> [13/06/2013 12:41:26] Réception: programme 424 (9001 61 01)
I> [13/06/2013 12:41:32] Réception: programme 1477 (9001 61 01)
I> [13/06/2013 12:41:40] Réception: programme 1478 (9001 61 01)
I> [13/06/2013 12:41:45] Réception: programme 1479 (9001 61 01)
I> [13/06/2013 12:41:56] Fichier reçu: C:\machines\T32 Bis\Programmes\9001 61 01.MZK
I> [13/06/2013 12:41:56] Programmes dans les fichiers demandés: Programme 418 (9001 61 01), Programme 420 (9001 61 01), Programme 421 (9001 61 01), Programme 424 (9001 61 01), Programme 1477 (9001 61 01), Programme 1478 (9001 61 01), Programme 1479 (9001 61 01)
I> [13/06/2013 12:43:16] Appel depuis la CN de: 9001 60 01
E> [13/06/2013 12:43:21] N'a pu trouver le programme appelé depuis la CN: 9001 60 01.MZK [Premier répertoire recherché : C:\machines\T32 Bis\Programmes]
E> [13/06/2013 12:43:23] N'a pu émettre le fichier. [Previous remote request failed.]
I> [13/06/2013 12:43:41] Appel depuis la CN de: 9001 61 01
I> [13/06/2013 12:43:46] Le programme appelé depuis la CN est trouvé: C:\machines\T32 Bis\Programmes\LA CALHENE\9001 61 01.MZK
I> [13/06/2013 12:43:46] Programmes dans les fichiers demandés: Programme 418 (9001 61 01), Programme 420 (9001 61 01), Programme 421 (9001 61 01), Programme 424 (9001 61 01), Programme 1477 (9001 61 01), Programme 1478 (9001 61 01), Programme 1479 (9001 61 01)
I> [13/06/2013 18:06:24] Appel depuis la CN de: 9001 61 01
I> [13/06/2013 18:06:31] Le programme appelé depuis la CN est trouvé: C:\machines\T32 Bis\Programmes\LA CALHENE\9001 61 01.MZK
I> [13/06/2013 18:06:31] Programmes dans les fichiers demandés: Programme 418 (9001 61 01), Programme 420 (9001 61 01), Programme 421 (9001 61 01), Programme 424 (9001 61 01), Programme 1477 (9001 61 01), Programme 1478 (9001 61 01), Programme 1479 (9001 61 01)
I> [13/06/2013 18:06:42] Emission de programme: Programme 1477 (9001 61 01)
I> [13/06/2013 18:06:50] Emission de programme: Programme 1478 (9001 61 01)
I> [13/06/2013 18:06:55] Emission de programme: Programme 1479 (9001 61 01)
