I> [13/02/2012 05:13:36] Port activé avec succès.
I> [13/02/2012 18:52:47] Réception: programme 1271 (81B3040D 2)
I> [13/02/2012 18:53:11] Réception: programme 1272 (81B3040D 2)
I> [13/02/2012 18:53:34] Fichier reçu: C:\machines\T32 Bis\Programmes\81B3040D 2.MZK
I> [13/02/2012 18:53:34] Programmes dans les fichiers demandés: Programme 1271 (81B3040D 2), Programme 1272 (81B3040D 2)
I> [13/02/2012 18:57:14] Réception: programme 1271 (81B3040D)
I> [13/02/2012 18:57:37] Réception: programme 1272 (81B3040D)
I> [13/02/2012 18:58:00] Fichier reçu: C:\machines\T32 Bis\Programmes\81B3040D.MZK
I> [13/02/2012 18:58:00] Programmes dans les fichiers demandés: Programme 1271 (81B3040D), Programme 1272 (81B3040D)
I> [13/02/2012 19:02:30] Appel depuis la CN de: 3975221H 2
E> [13/02/2012 19:02:34] N'a pu émettre le fichier: C:\machines\T32 Bis\Programmes\81B3040D.MZK [Le système ne peut pas lire le périphérique indiqué]
I> [13/02/2012 19:02:34] Le programme appelé depuis la CN est trouvé: C:\machines\T32 Bis\Programmes\3975221H 2.MZK
I> [13/02/2012 19:02:34] Programmes dans les fichiers demandés: Programme 40, Données d'outil, Programme 31, Données d'outil
I> [13/02/2012 19:02:48] Appel depuis la CN de: 3975221H 2
I> [13/02/2012 19:02:53] Le programme appelé depuis la CN est trouvé: C:\machines\T32 Bis\Programmes\3975221H 2.MZK
I> [13/02/2012 19:02:53] Programmes dans les fichiers demandés: Programme 40, Données d'outil, Programme 31, Données d'outil
I> [13/02/2012 19:03:01] Emission de programme: Programme 40
I> [13/02/2012 19:03:09] Emission de programme: Données d'outil
I> [13/02/2012 19:03:11] Emission de programme: Programme 31
I> [13/02/2012 19:03:17] Emission de programme: Données d'outil
I> [13/02/2012 19:03:49] Appel depuis la CN de: 3975221H
I> [13/02/2012 19:03:53] Le programme appelé depuis la CN est trouvé: C:\machines\T32 Bis\Programmes\3975221H.MZK
I> [13/02/2012 19:03:53] Programmes dans les fichiers demandés: Programme 38, Données d'outil, Programme 41, Données d'outil
I> [13/02/2012 19:04:00] Emission de programme: Programme 38
I> [13/02/2012 19:04:08] Emission de programme: Données d'outil
I> [13/02/2012 19:04:09] Emission de programme: Programme 41
I> [13/02/2012 19:04:17] Emission de programme: Données d'outil
