I> [13/01/2010 05:05:28] Port activé avec succès.
I> [13/01/2010 05:39:33] Appel depuis la CN de: 2973080B
I> [13/01/2010 05:39:40] Le programme appelé depuis la CN est trouvé: C:\machines\T32 Bis\Programmes\2973080B.MZK
I> [13/01/2010 05:39:40] Programmes dans les fichiers demandés: Programme 2808 (2973080B), Programme 2809 (2973080B), Programme 2810 (2973080B)
I> [13/01/2010 05:39:45] Emission de programme: Programme 2808 (2973080B)
I> [13/01/2010 05:40:02] Emission de programme: Programme 2809 (2973080B)
I> [13/01/2010 05:40:19] Emission de programme: Programme 2810 (2973080B)
I> [13/01/2010 05:40:49] Appel depuis la CN de: 4996645A
I> [13/01/2010 05:40:56] Le programme appelé depuis la CN est trouvé: C:\machines\T32 Bis\Programmes\4996645A.MZK
I> [13/01/2010 05:40:56] Programmes dans les fichiers demandés: Programme 2811 (4996645A), Programme 2812 (4996645A), Programme 2813 (4996645A)
I> [13/01/2010 05:41:01] Emission de programme: Programme 2811 (4996645A)
I> [13/01/2010 05:41:24] Emission de programme: Programme 2812 (4996645A)
I> [13/01/2010 05:41:50] Emission de programme: Programme 2813 (4996645A)
I> [13/01/2010 06:24:53] Appel depuis la CN de: 2973080B
I> [13/01/2010 06:25:00] Le programme appelé depuis la CN est trouvé: C:\machines\T32 Bis\Programmes\2973080B.MZK
I> [13/01/2010 06:25:00] Programmes dans les fichiers demandés: Programme 2808 (2973080B), Programme 2811 (4996645A)
I> [13/01/2010 06:25:10] Emission de programme: Programme 2808 (2973080B)
I> [13/01/2010 06:25:27] Emission de programme: Programme 2811 (4996645A)
I> [13/01/2010 11:46:37] Appel depuis la CN de: 4993414B
I> [13/01/2010 11:46:44] Le programme appelé depuis la CN est trouvé: C:\machines\T32 Bis\Programmes\FLOWSERVE\4993414B.MZK
I> [13/01/2010 11:46:44] Programmes dans les fichiers demandés: Programme 4316 (4993414B), Programme 4317 (4993414B)
I> [13/01/2010 11:46:52] Emission de programme: Programme 4316 (4993414B)
I> [13/01/2010 11:47:05] Emission de programme: Programme 4317 (4993414B)
I> [13/01/2010 11:51:31] Appel depuis la CN de: 4993414B
I> [13/01/2010 11:51:37] Le programme appelé depuis la CN est trouvé: C:\machines\T32 Bis\Programmes\4993414B.MZK
I> [13/01/2010 11:51:37] Programmes dans les fichiers demandés: Programme 4316 (4993414B), Programme 4317 (4993414B)
I> [13/01/2010 11:55:34] Appel depuis la CN de: 4993414B
I> [13/01/2010 11:55:41] Le programme appelé depuis la CN est trouvé: C:\machines\T32 Bis\Programmes\4993414B.MZK
I> [13/01/2010 11:55:41] Programmes dans les fichiers demandés: Programme 9, Données d'outil, Programme 19, Données d'outil, Programme 15, Données d'outil
I> [13/01/2010 11:56:04] Emission de programme: Programme 9
I> [13/01/2010 11:56:06] Emission de programme: Données d'outil
I> [13/01/2010 11:56:07] Emission de programme: Programme 19
I> [13/01/2010 11:56:12] Emission de programme: Données d'outil
I> [13/01/2010 11:56:13] Emission de programme: Programme 15
I> [13/01/2010 11:56:16] Emission de programme: Données d'outil
I> [13/01/2010 11:58:37] Appel depuis la CN de: 4993414B
I> [13/01/2010 11:58:44] Le programme appelé depuis la CN est trouvé: C:\machines\T32 Bis\Programmes\FLOWSERVE\4993414B.MZK
I> [13/01/2010 11:58:44] Programmes dans les fichiers demandés: Programme 4316 (4993414B), Programme 4317 (4993414B)
I> [13/01/2010 11:58:48] Emission de programme: Programme 4316 (4993414B)
I> [13/01/2010 11:59:01] Emission de programme: Programme 4317 (4993414B)
