I> [13/02/2014 05:49:51] Port activé avec succès.
I> [13/02/2014 05:50:35] Appel depuis la CN de: 212700501
I> [13/02/2014 05:50:43] Le programme appelé depuis la CN est trouvé: C:\machines\T32 Bis\Programmes\LA CALHENE\212700501.MZK
I> [13/02/2014 05:50:43] Programmes dans les fichiers demandés: Programme 1463 (212700501), Programme 1464 (212700501), Programme 1465 (212700501), Programme 1466 (212700501), Programme 1467 (212700501)
I> [13/02/2014 05:51:01] Emission de programme: Programme 1467 (212700501)
I> [13/02/2014 18:08:18] Appel depuis la CN de: 3160241440D
I> [13/02/2014 18:08:23] Le programme appelé depuis la CN est trouvé: C:\machines\T32 Bis\Programmes\3160241440D.MZK
I> [13/02/2014 18:08:23] Programmes dans les fichiers demandés: Programme 712 (3160241440D), Programme 713 (3160241440D)
I> [13/02/2014 18:08:54] Appel depuis la CN de: 3160241440D
I> [13/02/2014 18:08:58] Le programme appelé depuis la CN est trouvé: C:\machines\T32 Bis\Programmes\3160241440D.MZK
I> [13/02/2014 18:08:58] Programmes dans les fichiers demandés: Programme 712 (3160241440D), Programme 713 (3160241440D)
I> [13/02/2014 18:11:18] Appel depuis la CN de: 3160241440
E> [13/02/2014 18:11:23] N'a pu émettre le fichier: C:\machines\T32 Bis\Programmes\3160241440D.MZK [Le système ne peut pas lire le périphérique indiqué]
I> [13/02/2014 18:11:23] Le programme appelé depuis la CN est trouvé: C:\machines\T32 Bis\Programmes\3160241440.MZK
I> [13/02/2014 18:11:23] Programmes dans les fichiers demandés: Programme 712 (3160241440D), Programme 713 (3160241440D)
I> [13/02/2014 18:11:35] Appel depuis la CN de: 3160241440
I> [13/02/2014 18:11:44] Le programme appelé depuis la CN est trouvé: C:\machines\T32 Bis\Programmes\3160241440.MZK
I> [13/02/2014 18:11:44] Programmes dans les fichiers demandés: Programme 712 (3160241440D), Programme 713 (3160241440D)
I> [13/02/2014 18:12:03] Appel depuis la CN de: 3160241440
I> [13/02/2014 18:12:08] Le programme appelé depuis la CN est trouvé: C:\machines\T32 Bis\Programmes\3160241440.MZK
I> [13/02/2014 18:12:08] Programmes dans les fichiers demandés: Programme 712 (3160241440D), Programme 713 (3160241440D)
I> [13/02/2014 18:14:43] Appel depuis la CN de: 3160241440E
E> [13/02/2014 18:14:53] Erreur de réception. [Format de fichier illégal]
I> [13/02/2014 18:14:58] Le programme appelé depuis la CN est trouvé: C:\machines\T32 Bis\Programmes\3160241440E.MZK
I> [13/02/2014 18:14:58] Programmes dans les fichiers demandés: Programme 1001 (3160241440E), Programme 1002 (3160241440E)
I> [13/02/2014 18:15:34] Appel depuis la CN de: 3160241440E
I> [13/02/2014 18:15:41] Le programme appelé depuis la CN est trouvé: C:\machines\T32 Bis\Programmes\3160241440E.MZK
I> [13/02/2014 18:15:41] Programmes dans les fichiers demandés: Programme 1001 (3160241440E), Programme 1002 (3160241440E)
I> [13/02/2014 18:19:28] Appel depuis la CN de: 3160241440D
E> [13/02/2014 18:19:32] N'a pu émettre le fichier: C:\machines\T32 Bis\Programmes\3160241440E.MZK [Le système ne peut pas lire le périphérique indiqué]
I> [13/02/2014 18:19:33] Le programme appelé depuis la CN est trouvé: C:\machines\T32 Bis\Programmes\3160241440D.MZK
I> [13/02/2014 18:19:33] Programmes dans les fichiers demandés: Programme 4422 (3160241440D), Programme 4423 (3160241440D)
I> [13/02/2014 18:19:39] Emission de programme: Programme 4422 (3160241440D)
I> [13/02/2014 18:19:59] Emission de programme: Programme 4423 (3160241440D)
