I> [13/05/2013 05:03:31] Port activé avec succès.
I> [13/05/2013 05:37:50] Appel depuis la CN de: 11270-01-01
I> [13/05/2013 05:37:55] Le programme appelé depuis la CN est trouvé: C:\machines\T32 Bis\Programmes\LA CALHENE\11270-01-01.MZK
I> [13/05/2013 05:37:55] Programmes dans les fichiers demandés: Programme 4063 (11270-01-01), Programme 4065 (11270-01-01), Programme 4100 (11270-01-01), Programme 4101 (11270-01-01), Programme 5406 (11270-01-01)
I> [13/05/2013 05:38:55] Appel depuis la CN de: 11270-01-01
I> [13/05/2013 05:39:00] Le programme appelé depuis la CN est trouvé: C:\machines\T32 Bis\Programmes\LA CALHENE\11270-01-01.MZK
I> [13/05/2013 05:39:00] Programmes dans les fichiers demandés: Programme 4063 (11270-01-01), Programme 4065 (11270-01-01), Programme 4100 (11270-01-01), Programme 4101 (11270-01-01), Programme 5406 (11270-01-01)
I> [13/05/2013 05:48:06] Appel depuis la CN de: 11270-55-01
I> [13/05/2013 05:48:14] Le programme appelé depuis la CN est trouvé: C:\machines\T32 Bis\Programmes\LA CALHENE\11270-55-01.MZK
I> [13/05/2013 05:48:14] Programmes dans les fichiers demandés: Programme 1438 (11270-55-01), Programme 1439 (11270-55-01), Programme 1440 (11270-55-01), Programme 1441 (11270-55-01)
I> [13/05/2013 05:48:43] Appel depuis la CN de: 11270-01-01
I> [13/05/2013 05:48:48] Le programme appelé depuis la CN est trouvé: C:\machines\T32 Bis\Programmes\LA CALHENE\11270-01-01.MZK
I> [13/05/2013 05:48:48] Programmes dans les fichiers demandés: Programme 4063 (11270-01-01), Programme 4065 (11270-01-01), Programme 4100 (11270-01-01), Programme 4101 (11270-01-01), Programme 5406 (11270-01-01)
I> [13/05/2013 05:50:19] Appel depuis la CN de: 112705501
E> [13/05/2013 05:50:27] N'a pu trouver le programme appelé depuis la CN: 112705501.MZK [Premier répertoire recherché : C:\machines\T32 Bis\Programmes]
E> [13/05/2013 05:50:27] N'a pu émettre le fichier. [Previous remote request failed.]
E> [13/05/2013 05:50:32] N'a pu émettre le fichier. [Previous remote request failed.]
I> [13/05/2013 05:50:41] Appel depuis la CN de: 112705501
E> [13/05/2013 05:50:46] N'a pu trouver le programme appelé depuis la CN: 112705501.MZK [Premier répertoire recherché : C:\machines\T32 Bis\Programmes]
E> [13/05/2013 05:50:46] N'a pu émettre le fichier. [Previous remote request failed.]
I> [13/05/2013 05:51:01] Appel depuis la CN de: 11270-55-01
I> [13/05/2013 05:51:07] Le programme appelé depuis la CN est trouvé: C:\machines\T32 Bis\Programmes\LA CALHENE\11270-55-01.MZK
I> [13/05/2013 05:51:07] Programmes dans les fichiers demandés: Programme 1438 (11270-55-01), Programme 1439 (11270-55-01), Programme 1440 (11270-55-01), Programme 1441 (11270-55-01)
I> [13/05/2013 05:54:11] Emission de programme: Programme 1438 (11270-55-01)
I> [13/05/2013 05:55:47] Emission de programme: Programme 1439 (11270-55-01)
I> [13/05/2013 05:55:59] Emission de programme: Programme 1440 (11270-55-01)
I> [13/05/2013 05:56:21] Emission de programme: Programme 1441 (11270-55-01)
I> [13/05/2013 06:27:47] Appel depuis la CN de: 11270-01-01
I> [13/05/2013 06:27:55] Le programme appelé depuis la CN est trouvé: C:\machines\T32 Bis\Programmes\LA CALHENE\11270-01-01.MZK
I> [13/05/2013 06:27:55] Programmes dans les fichiers demandés: Programme 4063 (11270-01-01), Programme 4065 (11270-01-01), Programme 4100 (11270-01-01), Programme 4101 (11270-01-01), Programme 5406 (11270-01-01)
I> [13/05/2013 06:33:49] Appel depuis la CN de: 112700101
E> [13/05/2013 06:33:54] N'a pu trouver le programme appelé depuis la CN: 112700101.MZK [Premier répertoire recherché : C:\machines\T32 Bis\Programmes]
E> [13/05/2013 06:33:54] N'a pu émettre le fichier. [Previous remote request failed.]
E> [13/05/2013 06:33:58] N'a pu émettre le fichier. [Previous remote request failed.]
I> [13/05/2013 06:34:14] Appel depuis la CN de: 11270-0101
E> [13/05/2013 06:34:18] N'a pu émettre le fichier. [Previous remote request failed.]
E> [13/05/2013 06:34:19] N'a pu trouver le programme appelé depuis la CN: 11270-0101.MZK [Premier répertoire recherché : C:\machines\T32 Bis\Programmes]
I> [13/05/2013 06:34:38] Appel depuis la CN de: 11270-01-01
I> [13/05/2013 06:34:43] Le programme appelé depuis la CN est trouvé: C:\machines\T32 Bis\Programmes\LA CALHENE\11270-01-01.MZK
I> [13/05/2013 06:34:43] Programmes dans les fichiers demandés: Programme 4063 (11270-01-01), Programme 4065 (11270-01-01), Programme 4100 (11270-01-01), Programme 4101 (11270-01-01), Programme 5406 (11270-01-01)
I> [13/05/2013 06:35:45] Appel depuis la CN de: 11270-55-01
I> [13/05/2013 06:35:56] Le programme appelé depuis la CN est trouvé: C:\machines\T32 Bis\Programmes\LA CALHENE\11270-55-01.MZK
I> [13/05/2013 06:35:56] Programmes dans les fichiers demandés: Programme 1438 (11270-55-01), Programme 1439 (11270-55-01), Programme 1440 (11270-55-01), Programme 1441 (11270-55-01)
I> [13/05/2013 06:36:01] Emission de programme: Programme 1438 (11270-55-01)
I> [13/05/2013 06:37:40] Emission de programme: Programme 1439 (11270-55-01)
I> [13/05/2013 06:37:52] Emission de programme: Programme 1440 (11270-55-01)
I> [13/05/2013 06:38:14] Emission de programme: Programme 1441 (11270-55-01)
