I> [13/07/2011 05:07:41] Port activé avec succès.
I> [13/07/2011 09:57:57] Appel depuis la CN de: P362733J
I> [13/07/2011 09:58:02] Le programme appelé depuis la CN est trouvé: C:\machines\T32 Bis\Programmes\TOKHEIM\P362733J.MZK
I> [13/07/2011 09:58:02] Programmes dans les fichiers demandés: Programme 5 (P362733J)
I> [13/07/2011 09:59:38] Emission de programme: Programme 5 (P362733J)
I> [13/07/2011 10:01:02] Réception: programme 1127 (P362733J)
I> [13/07/2011 10:01:07] Réception: programme 5 (P362733J)
I> [13/07/2011 10:01:22] Fichier reçu: C:\machines\T32 Bis\Programmes\P362733J.MZK
I> [13/07/2011 10:01:22] Programmes dans les fichiers demandés: Programme 1127 (P362733J), Programme 5 (P362733J)
I> [13/07/2011 10:05:40] Appel depuis la CN de: P362733J
I> [13/07/2011 10:05:45] Le programme appelé depuis la CN est trouvé: C:\machines\T32 Bis\Programmes\TOKHEIM\P362733J.MZK
I> [13/07/2011 10:05:45] Programmes dans les fichiers demandés: Programme 1127 (P362733J), Programme 5 (P362733J)
I> [13/07/2011 10:06:21] Appel depuis la CN de: P362734I
I> [13/07/2011 10:06:26] Le programme appelé depuis la CN est trouvé: C:\machines\T32 Bis\Programmes\TOKHEIM\P362734I.MZK
I> [13/07/2011 10:06:26] Programmes dans les fichiers demandés: Programme 4 (P362734I)
I> [13/07/2011 10:06:31] Emission de programme: Programme 4 (P362734I)
I> [13/07/2011 10:07:35] Réception: programme 1127 (P362734I)
I> [13/07/2011 10:07:39] Réception: programme 4 (P362734I)
I> [13/07/2011 10:07:59] Fichier reçu: C:\machines\T32 Bis\Programmes\P362734I.MZK
I> [13/07/2011 10:07:59] Programmes dans les fichiers demandés: Programme 1127 (P362734I), Programme 4 (P362734I)
I> [13/07/2011 10:09:13] Appel depuis la CN de: P362734I
I> [13/07/2011 10:09:18] Le programme appelé depuis la CN est trouvé: C:\machines\T32 Bis\Programmes\TOKHEIM\P362734I.MZK
I> [13/07/2011 10:09:18] Programmes dans les fichiers demandés: Programme 1127 (P362734I), Programme 4 (P362734I)
