I> [13/12/2011 05:02:51] Port activé avec succès.
I> [13/12/2011 11:22:35] Appel depuis la CN de: 2976863C
I> [13/12/2011 11:22:40] Le programme appelé depuis la CN est trouvé: C:\machines\T32 Bis\Programmes\FLOWSERVE\2976863C.MZK
I> [13/12/2011 11:22:40] Programmes dans les fichiers demandés: Programme 434 (2976863C), Programme 438 (2976863C)
I> [13/12/2011 11:22:44] Emission de programme: Programme 434 (2976863C)
I> [13/12/2011 11:23:00] Emission de programme: Programme 438 (2976863C)
I> [13/12/2011 11:27:04] Réception: programme 434 (2976863C)
I> [13/12/2011 11:27:21] Réception: programme 438 (2976863C)
I> [13/12/2011 11:27:40] Fichier reçu: C:\machines\T32 Bis\Programmes\2976863C.MZK
I> [13/12/2011 11:27:40] Programmes dans les fichiers demandés: Programme 434 (2976863C), Programme 438 (2976863C)
I> [13/12/2011 20:13:06] Appel depuis la CN de: 64787
E> [13/12/2011 20:13:10] N'a pu émettre le fichier: C:\machines\T32 Bis\Programmes\2976863C.MZK [Le système ne peut pas lire le périphérique indiqué]
I> [13/12/2011 20:13:11] Le programme appelé depuis la CN est trouvé: C:\machines\T32 Bis\Programmes\64787.MZK
I> [13/12/2011 20:13:11] Programmes dans les fichiers demandés: Programme 9, Données d'outil, Programme 8, Données d'outil
I> [13/12/2011 20:13:20] Appel depuis la CN de: 64787
I> [13/12/2011 20:13:25] Le programme appelé depuis la CN est trouvé: C:\machines\T32 Bis\Programmes\64787.MZK
I> [13/12/2011 20:13:25] Programmes dans les fichiers demandés: Programme 9, Données d'outil, Programme 8, Données d'outil
I> [13/12/2011 20:15:03] Emission de programme: Programme 9
I> [13/12/2011 20:15:06] Emission de programme: Données d'outil
I> [13/12/2011 20:15:07] Emission de programme: Programme 8
I> [13/12/2011 20:15:09] Emission de programme: Données d'outil
I> [13/12/2011 20:17:54] Appel depuis la CN de: 64783
E> [13/12/2011 20:17:59] N'a pu émettre le fichier: C:\machines\T32 Bis\Programmes\64787.MZK [Le système ne peut pas lire le périphérique indiqué]
I> [13/12/2011 20:17:59] Le programme appelé depuis la CN est trouvé: C:\machines\T32 Bis\Programmes\64783.MZK
I> [13/12/2011 20:17:59] Programmes dans les fichiers demandés: Programme 9, Données d'outil, Programme 8, Données d'outil
I> [13/12/2011 20:18:09] Appel depuis la CN de: 64783
I> [13/12/2011 20:18:13] Le programme appelé depuis la CN est trouvé: C:\machines\T32 Bis\Programmes\64783.MZK
I> [13/12/2011 20:18:13] Programmes dans les fichiers demandés: Programme 9, Données d'outil, Programme 8, Données d'outil
