I> [13/12/2006 16:26:41] Réception: programme 4319 (81D4042A)
I> [13/12/2006 16:26:54] Réception: programme 4320 (81D4042A)
I> [13/12/2006 16:27:11] Fichier reçu: C:\machines\T32\Programmes\81D4042A.MZK
I> [13/12/2006 16:27:11] Programmes dans les fichiers demandés: Programme 4319 (81D4042A), Programme 4320 (81D4042A)
I> [13/12/2006 17:12:56] Appel depuis la CN de: 2973979C 2
I> [13/12/2006 17:13:03] Le programme appelé depuis la CN est trouvé: C:\machines\T32\Programmes\DRESSER\2973979C 2.MZK
I> [13/12/2006 17:13:03] Programmes dans les fichiers demandés: Programme 4033 (2973979C 2), Programme 4034 (2973979C 2)
I> [13/12/2006 17:13:11] Emission de programme: Programme 4033 (2973979C 2)
I> [13/12/2006 17:13:36] Emission de programme: Programme 4034 (2973979C 2)
I> [13/12/2006 19:58:12] Appel depuis la CN de: 2973364B 3
E> [13/12/2006 19:58:18] N'a pu trouver le programme appelé depuis la CN: 2973364B 3.MZK [Premier répertoire recherché : C:\machines\T32\Programmes]
E> [13/12/2006 19:58:29] N'a pu émettre le fichier. [Previous remote request failed.]
I> [13/12/2006 19:58:58] Appel depuis la CN de: 3973964B 3
E> [13/12/2006 19:59:03] N'a pu émettre le fichier. [Previous remote request failed.]
E> [13/12/2006 19:59:04] N'a pu trouver le programme appelé depuis la CN: 3973964B 3.MZK [Premier répertoire recherché : C:\machines\T32\Programmes]
I> [13/12/2006 19:59:31] Appel depuis la CN de: 2973964B 3
I> [13/12/2006 19:59:37] Le programme appelé depuis la CN est trouvé: C:\machines\T32\Programmes\DRESSER\2973964B 3.MZK
I> [13/12/2006 19:59:37] Programmes dans les fichiers demandés: Programme 4071 (2973964B 3), Programme 4074 (2973964B 3)
I> [13/12/2006 19:59:43] Emission de programme: Programme 4071 (2973964B 3)
I> [13/12/2006 20:00:09] Emission de programme: Programme 4074 (2973964B 3)
