I> [13/10/2011 05:05:09] Port activé avec succès.
I> [13/10/2011 05:08:35] Appel depuis la CN de: 4997448A
I> [13/10/2011 05:08:40] Le programme appelé depuis la CN est trouvé: C:\machines\T32 Bis\Programmes\FLOWSERVE\4997448A.MZK
I> [13/10/2011 05:08:40] Programmes dans les fichiers demandés: Programme 824 (4997448A), Programme 825 (4997448A)
I> [13/10/2011 05:14:06] Emission de programme: Programme 824 (4997448A)
I> [13/10/2011 05:14:17] Emission de programme: Programme 825 (4997448A)
I> [13/10/2011 05:16:54] Appel depuis la CN de: 4997448B
I> [13/10/2011 05:17:01] Le programme appelé depuis la CN est trouvé: C:\machines\T32 Bis\Programmes\4997448B.MZK
I> [13/10/2011 05:17:01] Programmes dans les fichiers demandés: Programme 5105 (4997448A), Programme 5106 (4997448A), Programme 5120 (4997448A), Programme 5121 (4997448A)
I> [13/10/2011 05:17:09] Appel depuis la CN de: 4997448B
I> [13/10/2011 05:17:14] Le programme appelé depuis la CN est trouvé: C:\machines\T32 Bis\Programmes\4997448B.MZK
I> [13/10/2011 05:17:14] Programmes dans les fichiers demandés: Programme 5105 (4997448A), Programme 5106 (4997448A), Programme 5120 (4997448A), Programme 5121 (4997448A)
I> [13/10/2011 05:18:46] Emission de programme: Programme 5105 (4997448A)
I> [13/10/2011 05:18:58] Emission de programme: Programme 5106 (4997448A)
I> [13/10/2011 05:19:07] Emission de programme: Programme 5120 (4997448A)
I> [13/10/2011 05:19:15] Emission de programme: Programme 5121 (4997448A)
I> [13/10/2011 10:45:04] Appel depuis la CN de: 4994115B
E> [13/10/2011 10:45:08] N'a pu émettre le fichier: C:\machines\T32 Bis\Programmes\4997448B.MZK [Le système ne peut pas lire le périphérique indiqué]
I> [13/10/2011 10:45:09] Le programme appelé depuis la CN est trouvé: C:\machines\T32 Bis\Programmes\FLOWSERVE\4994115B.MZK
I> [13/10/2011 10:45:09] Programmes dans les fichiers demandés: Programme 823 (4994115B), Programme 826 (4994115B)
I> [13/10/2011 10:45:21] Appel depuis la CN de: 4994115B
I> [13/10/2011 10:45:28] Le programme appelé depuis la CN est trouvé: C:\machines\T32 Bis\Programmes\FLOWSERVE\4994115B.MZK
I> [13/10/2011 10:45:28] Programmes dans les fichiers demandés: Programme 823 (4994115B), Programme 826 (4994115B)
I> [13/10/2011 10:45:32] Emission de programme: Programme 823 (4994115B)
I> [13/10/2011 10:45:43] Emission de programme: Programme 826 (4994115B)
I> [13/10/2011 10:48:19] Appel depuis la CN de: 4994115A
I> [13/10/2011 10:48:25] Le programme appelé depuis la CN est trouvé: C:\machines\T32 Bis\Programmes\4994115A.MZK
I> [13/10/2011 10:48:25] Programmes dans les fichiers demandés: Programme 5104 (4994115B), Programme 5107 (4994115B), Programme 5118 (4994115B), Programme 5119 (4994115B)
I> [13/10/2011 10:48:34] Appel depuis la CN de: 4994115A
I> [13/10/2011 10:48:40] Le programme appelé depuis la CN est trouvé: C:\machines\T32 Bis\Programmes\4994115A.MZK
I> [13/10/2011 10:48:40] Programmes dans les fichiers demandés: Programme 5104 (4994115B), Programme 5107 (4994115B), Programme 5118 (4994115B), Programme 5119 (4994115B)
I> [13/10/2011 10:49:57] Emission de programme: Programme 5104 (4994115B)
I> [13/10/2011 10:50:09] Emission de programme: Programme 5107 (4994115B)
I> [13/10/2011 10:50:18] Emission de programme: Programme 5118 (4994115B)
I> [13/10/2011 10:50:26] Emission de programme: Programme 5119 (4994115B)
I> [13/10/2011 13:55:41] Appel depuis la CN de: 224411A
I> [13/10/2011 13:55:46] Le programme appelé depuis la CN est trouvé: C:\machines\T32 Bis\Programmes\FLOWSERVE\224411A.MZK
I> [13/10/2011 13:55:46] Programmes dans les fichiers demandés: Programme 383 (224411A), Programme 384 (224411A), Programme 388 (224411A), Programme 393 (224411A)
I> [13/10/2011 13:56:30] Emission de programme: Programme 383 (224411A)
I> [13/10/2011 13:56:37] Emission de programme: Programme 384 (224411A)
I> [13/10/2011 13:56:44] Emission de programme: Programme 388 (224411A)
I> [13/10/2011 13:56:58] Emission de programme: Programme 393 (224411A)
I> [13/10/2011 18:39:25] Réception: programme 1178 (224594)
I> [13/10/2011 18:39:33] Réception: programme 1179 (224594)
I> [13/10/2011 18:39:41] Réception: programme 1180 (224594)
I> [13/10/2011 18:39:55] Fichier reçu: C:\machines\T32 Bis\Programmes\224594.MZK
I> [13/10/2011 18:39:55] Programmes dans les fichiers demandés: Programme 1178 (224594), Programme 1179 (224594), Programme 1180 (224594)
I> [13/10/2011 19:14:16] Appel depuis la CN de: 2971256
E> [13/10/2011 19:14:20] N'a pu émettre le fichier: C:\machines\T32 Bis\Programmes\224594.MZK [Le système ne peut pas lire le périphérique indiqué]
I> [13/10/2011 19:14:21] Le programme appelé depuis la CN est trouvé: C:\machines\T32 Bis\Programmes\2971256.MZK
I> [13/10/2011 19:14:21] Programmes dans les fichiers demandés: Programme 103, Données d'outil, Programme 68, Données d'outil, Programme 11, Données d'outil
I> [13/10/2011 19:14:24] Emission de programme: Programme 103
I> [13/10/2011 19:14:43] Emission de programme: Données d'outil
I> [13/10/2011 19:14:44] Emission de programme: Programme 68
I> [13/10/2011 19:14:58] Emission de programme: Données d'outil
I> [13/10/2011 19:14:59] Emission de programme: Programme 11
I> [13/10/2011 19:15:02] Emission de programme: Données d'outil
