I> [14/03/2017 05:01:45] Port activé avec succès.
I> [14/03/2017 11:21:59] Réception: programme 1588 (L537410104)
I> [14/03/2017 11:22:13] Réception: programme 1589 (L537410104)
I> [14/03/2017 11:22:30] Fichier reçu: C:\machines\T32 Bis\Programmes\L537410104.MZK
I> [14/03/2017 11:22:30] Programmes dans les fichiers demandés: Programme 1588 (L537410104), Programme 1589 (L537410104)
I> [14/03/2017 11:43:44] Appel depuis la CN de: FZ59135 02
E> [14/03/2017 11:43:48] N'a pu émettre le fichier: C:\machines\T32 Bis\Programmes\L537410104.MZK [Le système ne peut pas lire le périphérique indiqué]
I> [14/03/2017 11:43:49] Le programme appelé depuis la CN est trouvé: C:\machines\T32 Bis\Programmes\FZ59135 02.MZK
I> [14/03/2017 11:43:49] Programmes dans les fichiers demandés: Programme 288, Données d'outil, Programme 296, Données d'outil
I> [14/03/2017 11:48:32] Emission de programme: Programme 288
I> [14/03/2017 11:48:39] Emission de programme: Données d'outil
I> [14/03/2017 11:48:40] Emission de programme: Programme 296
I> [14/03/2017 11:48:48] Emission de programme: Données d'outil
I> [14/03/2017 20:23:39] Appel depuis la CN de: 80070I AS
I> [14/03/2017 20:23:44] Le programme appelé depuis la CN est trouvé: C:\machines\T32 Bis\Programmes\80070I AS.MZK
I> [14/03/2017 20:23:44] Programmes dans les fichiers demandés: Programme 4311 (80070I AS), Programme 4312 (80070I AS), Programme 4508 (80070I AS), Programme 4509 (80070I AS)
I> [14/03/2017 20:23:56] Emission de programme: Programme 4311 (80070I AS)
I> [14/03/2017 20:24:04] Emission de programme: Programme 4312 (80070I AS)
I> [14/03/2017 20:24:10] Emission de programme: Programme 4508 (80070I AS)
I> [14/03/2017 20:24:18] Emission de programme: Programme 4509 (80070I AS)
