I> [14/02/06 09:23:04] Réception: programme 4098 (80070F)
I> [14/02/06 09:23:27] Fichier reçu: C:\machines\T32\Programmes\80070F.MZK
I> [14/02/06 09:23:27] Programmes dans les fichiers demandés: Programme 4098 (80070F)
I> [14/02/06 09:24:12] Appel depuis la CN de: 11270-01-01
I> [14/02/06 09:24:18] Le programme appelé depuis la CN est trouvé: C:\machines\T32\Programmes\La calhene\11270-01-01.MZK
I> [14/02/06 09:24:19] Programmes dans les fichiers demandés: Programme 4063 (11270-01-01), Programme 4065 (11270-01-01), Programme 4067 (11270-01-01), Programme 4070 (11270-01-01)
I> [14/02/06 09:24:33] Emission de programme: Programme 4063 (11270-01-01)
I> [14/02/06 09:25:01] Emission de programme: Programme 4065 (11270-01-01)
I> [14/02/06 09:25:14] Emission de programme: Programme 4067 (11270-01-01)
I> [14/02/06 09:25:50] Emission de programme: Programme 4070 (11270-01-01)
I> [14/02/06 09:27:09] Appel depuis la CN de: 11270-55-01
I> [14/02/06 09:27:18] Le programme appelé depuis la CN est trouvé: C:\machines\T32\Programmes\La calhene\11270-55-01.MZK
I> [14/02/06 09:27:18] Programmes dans les fichiers demandés: Programme 4064 (11270-55-01), Programme 4066 (11270-55-01), Programme 4068 (11270-55-01), Programme 4070 (11270-55-01)
I> [14/02/06 09:28:10] Appel depuis la CN de: 11270-55-01
I> [14/02/06 09:28:15] Le programme appelé depuis la CN est trouvé: C:\machines\T32\Programmes\La calhene\11270-55-01.MZK
I> [14/02/06 09:28:16] Programmes dans les fichiers demandés: Programme 4064 (11270-55-01), Programme 4066 (11270-55-01), Programme 4068 (11270-55-01), Programme 4070 (11270-55-01)
I> [14/02/06 09:28:46] Emission de programme: Programme 4064 (11270-55-01)
I> [14/02/06 09:29:16] Emission de programme: Programme 4066 (11270-55-01)
I> [14/02/06 09:29:29] Emission de programme: Programme 4068 (11270-55-01)
I> [14/02/06 14:40:35] Port arrêté.
I> [14/02/06 14:40:49] Port activé avec succès.
I> [14/02/06 14:48:09] Port activé avec succès.
