I> [14/03/2014 07:25:28] Port activé avec succès.
I> [14/03/2014 07:55:35] Appel depuis la CN de: 212700501
I> [14/03/2014 07:55:40] Le programme appelé depuis la CN est trouvé: C:\machines\T32 Bis\Programmes\LA CALHENE\212700501.MZK
I> [14/03/2014 07:55:41] Programmes dans les fichiers demandés: Programme 1463 (212700501), Programme 1464 (212700501), Programme 1465 (212700501), Programme 1466 (212700501), Programme 1467 (212700501)
I> [14/03/2014 07:56:11] Emission de programme: Programme 1463 (212700501)
I> [14/03/2014 07:56:44] Emission de programme: Programme 1464 (212700501)
I> [14/03/2014 07:57:12] Emission de programme: Programme 1465 (212700501)
I> [14/03/2014 07:58:03] Emission de programme: Programme 1467 (212700501)
I> [14/03/2014 08:02:11] Réception: programme 1463 (212700501)
I> [14/03/2014 08:02:44] Réception: programme 1464 (212700501)
I> [14/03/2014 08:03:12] Réception: programme 1465 (212700501)
I> [14/03/2014 08:04:03] Réception: programme 1466 (212700501)
I> [14/03/2014 08:04:32] Réception: programme 1467 (212700501)
I> [14/03/2014 08:05:01] Fichier reçu: C:\machines\T32 Bis\Programmes\212700501.MZK
I> [14/03/2014 08:05:02] Programmes dans les fichiers demandés: Programme 1463 (212700501), Programme 1464 (212700501), Programme 1465 (212700501), Programme 1466 (212700501), Programme 1467 (212700501)
I> [14/03/2014 08:16:51] Appel depuis la CN de: 30270300201
I> [14/03/2014 08:17:13] Appel depuis la CN de: 30270300201
E> [14/03/2014 08:17:18] N'a pu émettre le fichier: C:\machines\T32 Bis\Programmes\212700501.MZK [Le système ne peut pas lire le périphérique indiqué]
I> [14/03/2014 08:17:18] Le programme appelé depuis la CN est trouvé: C:\machines\T32 Bis\Programmes\LA CALHENE\30270300201.MZK
I> [14/03/2014 08:17:18] Programmes dans les fichiers demandés: Programme 1389 (30270300201), Programme 1390 (30270300201), Programme 1393 (30270300201), Programme 1394 (30270300201)
I> [14/03/2014 08:17:28] Emission de programme: Programme 1389 (30270300201)
I> [14/03/2014 08:17:33] Emission de programme: Programme 1390 (30270300201)
I> [14/03/2014 08:17:45] Emission de programme: Programme 1393 (30270300201)
I> [14/03/2014 08:17:57] Emission de programme: Programme 1394 (30270300201)
