I> [14/02/2012 05:14:39] Port activé avec succès.
I> [14/02/2012 14:22:18] Appel depuis la CN de: 3976068E 2
I> [14/02/2012 14:22:22] Le programme appelé depuis la CN est trouvé: C:\machines\T32 Bis\Programmes\3976068E 2.MZK
I> [14/02/2012 14:22:22] Programmes dans les fichiers demandés: Programme 2278 (3976068E 2), Programme 2285 (3976068E 2)
I> [14/02/2012 14:22:33] Emission de programme: Programme 2278 (3976068E 2)
I> [14/02/2012 14:22:53] Emission de programme: Programme 2285 (3976068E 2)
I> [14/02/2012 18:06:37] Réception: programme 1274 (3976068E)
I> [14/02/2012 18:06:56] Réception: programme 1275 (3976068E)
I> [14/02/2012 18:07:12] Fichier reçu: C:\machines\T32 Bis\Programmes\3976068E.MZK
I> [14/02/2012 18:07:12] Programmes dans les fichiers demandés: Programme 1274 (3976068E), Programme 1275 (3976068E)
I> [14/02/2012 18:09:59] Appel depuis la CN de: 3976068E
I> [14/02/2012 18:10:13] Appel depuis la CN de: 3976068E
I> [14/02/2012 18:10:17] Le programme appelé depuis la CN est trouvé: C:\machines\T32 Bis\Programmes\FLOWSERVE\3976068E.MZK
I> [14/02/2012 18:10:17] Programmes dans les fichiers demandés: Programme 1274 (3976068E), Programme 1275 (3976068E)
I> [14/02/2012 20:41:52] Réception: programme 1273 (3975221H)
I> [14/02/2012 20:42:09] Réception: programme 1276 (3975221H)
I> [14/02/2012 20:42:25] Fichier reçu: C:\machines\T32 Bis\Programmes\3975221H.MZK
I> [14/02/2012 20:42:25] Programmes dans les fichiers demandés: Programme 1273 (3975221H), Programme 1276 (3975221H)
I> [14/02/2012 20:44:26] Appel depuis la CN de: 3976068E
E> [14/02/2012 20:44:30] N'a pu émettre le fichier: C:\machines\T32 Bis\Programmes\3975221H.MZK [Le système ne peut pas lire le périphérique indiqué]
I> [14/02/2012 20:44:30] Le programme appelé depuis la CN est trouvé: C:\machines\T32 Bis\Programmes\FLOWSERVE\3976068E.MZK
I> [14/02/2012 20:44:30] Programmes dans les fichiers demandés: Programme 1274 (3976068E), Programme 1275 (3976068E)
I> [14/02/2012 20:44:40] Appel depuis la CN de: 3976068E
I> [14/02/2012 20:44:45] Le programme appelé depuis la CN est trouvé: C:\machines\T32 Bis\Programmes\FLOWSERVE\3976068E.MZK
I> [14/02/2012 20:44:45] Programmes dans les fichiers demandés: Programme 1274 (3976068E), Programme 1275 (3976068E)
I> [14/02/2012 20:45:18] Appel depuis la CN de: 3975221H
I> [14/02/2012 20:45:25] Le programme appelé depuis la CN est trouvé: C:\machines\T32 Bis\Programmes\FLOWSERVE\3975221H.MZK
I> [14/02/2012 20:45:25] Programmes dans les fichiers demandés: Programme 1273 (3975221H), Programme 1276 (3975221H)
I> [14/02/2012 20:45:35] Appel depuis la CN de: 3975221H
I> [14/02/2012 20:45:40] Le programme appelé depuis la CN est trouvé: C:\machines\T32 Bis\Programmes\FLOWSERVE\3975221H.MZK
I> [14/02/2012 20:45:40] Programmes dans les fichiers demandés: Programme 1273 (3975221H), Programme 1276 (3975221H)
I> [14/02/2012 20:47:25] Appel depuis la CN de: 3984608A 3
I> [14/02/2012 20:47:40] Appel depuis la CN de: 3984608A 3
I> [14/02/2012 20:47:45] Le programme appelé depuis la CN est trouvé: C:\machines\T32 Bis\Programmes\FLOWSERVE\3984608A 3.MZK
I> [14/02/2012 20:47:45] Programmes dans les fichiers demandés: Programme 4266 (3984608A 3), Programme 4267 (3984608A 3)
I> [14/02/2012 20:47:56] Emission de programme: Programme 4266 (3984608A 3)
I> [14/02/2012 20:48:17] Emission de programme: Programme 4267 (3984608A 3)
