I> [14/05/2009 05:31:05] Port activé avec succès.
I> [14/05/2009 15:44:31] Réception: programme 574 (TEN50284)
I> [14/05/2009 15:44:41] Réception: programme 575 (TEN50284)
I> [14/05/2009 15:44:53] Fichier reçu: C:\machines\T32 Bis\Programmes\TEN50284.MZK
I> [14/05/2009 15:44:53] Programmes dans les fichiers demandés: Programme 574 (TEN50284), Programme 575 (TEN50284)
I> [14/05/2009 15:48:54] Appel depuis la CN de: 2979147A
E> [14/05/2009 15:48:59] N'a pu émettre le fichier: C:\machines\T32 Bis\Programmes\TEN50284.MZK [Le système ne peut pas lire le périphérique indiqué]
I> [14/05/2009 15:48:59] Le programme appelé depuis la CN est trouvé: C:\machines\T32 Bis\Programmes\FLOWSERVE\2979147A.MZK
I> [14/05/2009 15:48:59] Programmes dans les fichiers demandés: Programme 570 (2979147A), Programme 571 (2979147A)
I> [14/05/2009 15:49:06] Appel depuis la CN de: 2979147A
I> [14/05/2009 15:49:13] Le programme appelé depuis la CN est trouvé: C:\machines\T32 Bis\Programmes\FLOWSERVE\2979147A.MZK
I> [14/05/2009 15:49:13] Programmes dans les fichiers demandés: Programme 570 (2979147A), Programme 571 (2979147A)
I> [14/05/2009 15:49:38] Appel depuis la CN de: 3972017B
I> [14/05/2009 15:49:43] Le programme appelé depuis la CN est trouvé: C:\machines\T32 Bis\Programmes\FLOWSERVE\3972017B.MZK
I> [14/05/2009 15:49:43] Programmes dans les fichiers demandés: Programme 567 (3972017B), Programme 568 (3972017B), Programme 569 (3972017B)
I> [14/05/2009 15:54:01] Appel depuis la CN de: 205006075
I> [14/05/2009 15:54:06] Le programme appelé depuis la CN est trouvé: C:\machines\T32 Bis\Programmes\ERCA FORMSEAL\205006075.MZK
I> [14/05/2009 15:54:06] Programmes dans les fichiers demandés: Programme 503 (205006075), Programme 505 (205006075)
I> [14/05/2009 15:54:11] Emission de programme: Programme 503 (205006075)
I> [14/05/2009 15:54:22] Emission de programme: Programme 505 (205006075)
