I> [14/04/2014 04:56:25] Port activé avec succès.
I> [14/04/2014 05:22:43] Appel depuis la CN de: 113500103L
I> [14/04/2014 05:22:48] Le programme appelé depuis la CN est trouvé: C:\machines\T32 Bis\Programmes\LA CALHENE\113500103L.MZK
I> [14/04/2014 05:22:48] Programmes dans les fichiers demandés: Programme 1000 (113500103L), Programme 1435 (113500103L), Programme 1001 (113500103L), Programme 1002 (113500103L), Programme 1003 (113500103L)
I> [14/04/2014 05:23:06] Emission de programme: Programme 1000 (113500103L)
I> [14/04/2014 05:23:21] Emission de programme: Programme 1435 (113500103L)
I> [14/04/2014 05:23:26] Emission de programme: Programme 1001 (113500103L)
I> [14/04/2014 05:25:22] Réception: programme 1000 (113500103L)
I> [14/04/2014 05:25:37] Réception: programme 1435 (113500103L)
I> [14/04/2014 05:25:42] Réception: programme 1001 (113500103L)
I> [14/04/2014 05:26:56] Réception: programme 1002 (113500103L)
I> [14/04/2014 05:27:20] Réception: programme 1003 (113500103L)
I> [14/04/2014 05:27:50] Fichier reçu: C:\machines\T32 Bis\Programmes\113500103L.MZK
I> [14/04/2014 05:27:51] Programmes dans les fichiers demandés: Programme 1000 (113500103L), Programme 1435 (113500103L), Programme 1001 (113500103L), Programme 1002 (113500103L), Programme 1003 (113500103L)
I> [14/04/2014 05:41:38] Appel depuis la CN de: 113504901D
E> [14/04/2014 05:41:43] N'a pu émettre le fichier: C:\machines\T32 Bis\Programmes\113500103L.MZK [Le système ne peut pas lire le périphérique indiqué]
I> [14/04/2014 05:41:43] Le programme appelé depuis la CN est trouvé: C:\machines\T32 Bis\Programmes\LA CALHENE\113504901D.MZK
I> [14/04/2014 05:41:43] Programmes dans les fichiers demandés: Programme 4358 (113504901D), Programme 4359 (113504901D)
I> [14/04/2014 05:41:59] Appel depuis la CN de: 113504901D
I> [14/04/2014 05:42:06] Le programme appelé depuis la CN est trouvé: C:\machines\T32 Bis\Programmes\LA CALHENE\113504901D.MZK
I> [14/04/2014 05:42:06] Programmes dans les fichiers demandés: Programme 4358 (113504901D), Programme 4359 (113504901D)
I> [14/04/2014 05:42:08] Emission de programme: Programme 4358 (113504901D)
I> [14/04/2014 05:42:25] Emission de programme: Programme 4359 (113504901D)
