I> [14/09/2011 05:30:53] Port activé avec succès.
I> [14/09/2011 14:42:34] Réception: programme 1156 (012000681)
I> [14/09/2011 14:42:56] Réception: programme 1157 (012000681)
I> [14/09/2011 14:43:18] Réception: programme 1158 (012000681)
I> [14/09/2011 14:43:40] Fichier reçu: C:\machines\T32 Bis\Programmes\012000681.MZK
I> [14/09/2011 14:43:40] Programmes dans les fichiers demandés: Programme 1156 (012000681), Programme 1157 (012000681), Programme 1158 (012000681)
I> [14/09/2011 14:48:41] Réception: programme 1156 (012000681)
I> [14/09/2011 14:49:02] Réception: programme 1157 (012000681)
I> [14/09/2011 14:49:24] Réception: programme 1158 (012000681)
I> [14/09/2011 14:49:55] Fichier reçu: C:\machines\T32 Bis\Programmes\012000681.MZK
I> [14/09/2011 14:49:55] Programmes dans les fichiers demandés: Programme 1156 (012000681), Programme 1157 (012000681), Programme 1158 (012000681)
I> [14/09/2011 17:23:33] Réception: programme 1155 (012000683)
I> [14/09/2011 17:23:54] Réception: programme 1157 (012000683)
I> [14/09/2011 17:24:15] Réception: programme 1159 (012000683)
I> [14/09/2011 17:24:42] Fichier reçu: C:\machines\T32 Bis\Programmes\012000683.MZK
I> [14/09/2011 17:24:43] Programmes dans les fichiers demandés: Programme 1155 (012000683), Programme 1157 (012000683), Programme 1159 (012000683)
I> [14/09/2011 17:44:57] Appel depuis la CN de: 2976841D
I> [14/09/2011 17:45:02] Le programme appelé depuis la CN est trouvé: C:\machines\T32 Bis\Programmes\FLOWSERVE\2976841D.MZK
I> [14/09/2011 17:45:02] Programmes dans les fichiers demandés: Programme 126 (2976841D), Programme 163 (2976841D)
I> [14/09/2011 17:45:11] Emission de programme: Programme 126 (2976841D)
I> [14/09/2011 17:45:27] Emission de programme: Programme 163 (2976841D)
