I> [14/02/2014 06:05:17] Port activé avec succès.
I> [14/02/2014 11:25:05] Appel depuis la CN de: BAGUE LG70
I> [14/02/2014 11:25:09] Le programme appelé depuis la CN est trouvé: C:\machines\T32 Bis\Programmes\BAGUE LG70.MZK
I> [14/02/2014 11:25:09] Programmes dans les fichiers demandés: Programme 31, Données d'outil
I> [14/02/2014 11:25:25] Emission de programme: Programme 31
I> [14/02/2014 11:25:31] Emission de programme: Données d'outil
I> [14/02/2014 11:35:26] Appel depuis la CN de: BAGUED70L45
I> [14/02/2014 11:35:33] Le programme appelé depuis la CN est trouvé: C:\machines\T32 Bis\Programmes\BAGUED70L45.MZK
I> [14/02/2014 11:35:33] Programmes dans les fichiers demandés: Programme 15, Données d'outil, Programme 19, Données d'outil
I> [14/02/2014 11:36:42] Appel depuis la CN de: BAGUED70L45
I> [14/02/2014 11:36:47] Le programme appelé depuis la CN est trouvé: C:\machines\T32 Bis\Programmes\BAGUED70L45.MZK
I> [14/02/2014 11:36:47] Programmes dans les fichiers demandés: Programme 15, Données d'outil, Programme 19, Données d'outil
I> [14/02/2014 11:36:51] Emission de programme: Programme 15
I> [14/02/2014 11:36:54] Emission de programme: Données d'outil
I> [14/02/2014 11:36:56] Emission de programme: Programme 19
I> [14/02/2014 11:37:00] Emission de programme: Données d'outil
I> [14/02/2014 16:20:17] Appel depuis la CN de: 111900801J
I> [14/02/2014 16:20:22] Le programme appelé depuis la CN est trouvé: C:\machines\T32 Bis\Programmes\LA CALHENE\111900801J.MZK
I> [14/02/2014 16:20:22] Programmes dans les fichiers demandés: Programme 1450 (111900801J), Programme 1451 (111900801J), Programme 1452 (111900801J)
I> [14/02/2014 16:20:26] Emission de programme: Programme 1450 (111900801J)
I> [14/02/2014 16:20:49] Emission de programme: Programme 1451 (111900801J)
I> [14/02/2014 16:21:19] Emission de programme: Programme 1452 (111900801J)
