I> [14/01/2013 05:37:06] Port activé avec succès.
I> [14/01/2013 05:56:15] Appel depuis la CN de: 2976836D
I> [14/01/2013 05:56:20] Le programme appelé depuis la CN est trouvé: C:\machines\T32 Bis\Programmes\FLOWSERVE\2976836D.MZK
I> [14/01/2013 05:56:20] Programmes dans les fichiers demandés: Programme 126 (2976836D), Programme 129 (2976836D)
I> [14/01/2013 05:56:34] Emission de programme: Programme 126 (2976836D)
I> [14/01/2013 05:56:50] Emission de programme: Programme 129 (2976836D)
I> [14/01/2013 13:04:13] Appel depuis la CN de: 4305810730
I> [14/01/2013 13:04:18] Le programme appelé depuis la CN est trouvé: C:\machines\T32 Bis\Programmes\BIGOT\4305810730.MZK
I> [14/01/2013 13:04:18] Programmes dans les fichiers demandés: Programme 1109 (4305810730), Programme 1110 (4305810730)
I> [14/01/2013 13:04:21] Emission de programme: Programme 1109 (4305810730)
I> [14/01/2013 13:04:28] Emission de programme: Programme 1110 (4305810730)
I> [14/01/2013 18:09:45] Appel depuis la CN de: 2976840C 6
I> [14/01/2013 18:09:54] Le programme appelé depuis la CN est trouvé: C:\machines\T32 Bis\Programmes\FLOWSERVE\2976840C 6.MZK
I> [14/01/2013 18:09:54] Programmes dans les fichiers demandés: Programme 205 (2976840C 6), Programme 207 (2976840C 6)
I> [14/01/2013 18:09:59] Emission de programme: Programme 205 (2976840C 6)
I> [14/01/2013 18:10:17] Emission de programme: Programme 207 (2976840C 6)
I> [14/01/2013 18:15:37] Appel depuis la CN de: 2976863C
I> [14/01/2013 18:15:42] Le programme appelé depuis la CN est trouvé: C:\machines\T32 Bis\Programmes\FLOWSERVE\2976863C.MZK
I> [14/01/2013 18:15:42] Programmes dans les fichiers demandés: Programme 434 (2976863C), Programme 438 (2976863C)
I> [14/01/2013 18:15:48] Emission de programme: Programme 434 (2976863C)
I> [14/01/2013 18:16:05] Emission de programme: Programme 438 (2976863C)
I> [14/01/2013 19:05:50] Réception: programme 1109 (4305810730)
I> [14/01/2013 19:05:56] Réception: programme 1110 (4305810730)
I> [14/01/2013 19:06:07] Fichier reçu: C:\machines\T32 Bis\Programmes\4305810730.MZK
I> [14/01/2013 19:06:07] Programmes dans les fichiers demandés: Programme 1109 (4305810730), Programme 1110 (4305810730)
