I> [14/03/2013 07:25:05] Port activé avec succès.
I> [14/03/2013 11:48:36] Appel depuis la CN de: 11243105-03
I> [14/03/2013 11:48:45] Le programme appelé depuis la CN est trouvé: C:\machines\T32 Bis\Programmes\MEUNIER\11243105-03.MZK
I> [14/03/2013 11:48:45] Programmes dans les fichiers demandés: Programme 1447 (11243105-03), Programme 1448 (11243105-03)
I> [14/03/2013 11:49:14] Emission de programme: Programme 1447 (11243105-03)
I> [14/03/2013 11:49:21] Emission de programme: Programme 1448 (11243105-03)
I> [14/03/2013 16:16:07] Réception: programme 1447 (11243105-03)
I> [14/03/2013 16:16:13] Réception: programme 1448 (11243105-03)
I> [14/03/2013 16:16:19] Réception: programme 1449 (11243105-03)
I> [14/03/2013 16:16:26] Fichier reçu: C:\machines\T32 Bis\Programmes\11243105-03.MZK
I> [14/03/2013 16:16:26] Programmes dans les fichiers demandés: Programme 1447 (11243105-03), Programme 1448 (11243105-03), Programme 1449 (11243105-03)
I> [14/03/2013 16:30:00] Appel depuis la CN de: 111900801G
I> [14/03/2013 16:30:16] Appel depuis la CN de: 111900801G
I> [14/03/2013 16:30:28] Le programme appelé depuis la CN est trouvé: C:\machines\T32 Bis\Programmes\LA CALHENE\111900801G.MZK
I> [14/03/2013 16:30:28] Programmes dans les fichiers demandés: Programme 4458 (111900801G), Programme 4460 (111900801G), Programme 1379 (111900801G)
I> [14/03/2013 16:44:33] Appel depuis la CN de: 11190 16 01
I> [14/03/2013 16:44:42] Le programme appelé depuis la CN est trouvé: C:\machines\T32 Bis\Programmes\LA CALHENE\11190 16 01.MZK
I> [14/03/2013 16:44:42] Programmes dans les fichiers demandés: Programme 1211 (11190 16 01), Programme 988 (11190 16 01), Programme 989 (11190 16 01), Programme 990 (11190 16 01), Programme 991 (11190 16 01)
I> [14/03/2013 16:44:50] Emission de programme: Programme 1211 (11190 16 01)
I> [14/03/2013 16:45:13] Emission de programme: Programme 988 (11190 16 01)
I> [14/03/2013 16:45:43] Emission de programme: Programme 989 (11190 16 01)
I> [14/03/2013 16:45:57] Emission de programme: Programme 990 (11190 16 01)
I> [14/03/2013 16:46:07] Emission de programme: Programme 991 (11190 16 01)
