I> [14/12/2015 05:02:27] Port activé avec succès.
I> [14/12/2015 12:56:21] Appel depuis la CN de: 40361000201
I> [14/12/2015 12:56:26] Le programme appelé depuis la CN est trouvé: C:\machines\T32 Bis\Programmes\LA CALHENE\40361000201.MZK
I> [14/12/2015 12:56:26] Programmes dans les fichiers demandés: Programme 909 (40361000201), Programme 910 (40361000201), Programme 911 (40361000201), Programme 918 (40361000201), Programme 919 (40631000201)
I> [14/12/2015 13:03:11] Appel depuis la CN de: 40361000101
I> [14/12/2015 13:03:16] Le programme appelé depuis la CN est trouvé: C:\machines\T32 Bis\Programmes\LA CALHENE\40361000101.MZK
I> [14/12/2015 13:03:16] Programmes dans les fichiers demandés: Programme 1512 (40361000101), Programme 907 (40361000101), Programme 908 (40361000101), Programme 912 (40361000101), Programme 917 (40361000101), Programme 920 (40361000101)
I> [14/12/2015 13:03:40] Emission de programme: Programme 1512 (40361000101)
I> [14/12/2015 13:07:07] Emission de programme: Programme 1512 (40361000101)
I> [14/12/2015 13:08:08] Emission de programme: Programme 907 (40361000101)
I> [14/12/2015 13:08:14] Emission de programme: Programme 908 (40361000101)
I> [14/12/2015 13:08:31] Emission de programme: Programme 912 (40361000101)
I> [14/12/2015 13:08:48] Emission de programme: Programme 917 (40361000101)
I> [14/12/2015 13:09:06] Emission de programme: Programme 920 (40361000101)
I> [14/12/2015 13:35:36] Appel depuis la CN de: 681501D
I> [14/12/2015 13:35:41] Le programme appelé depuis la CN est trouvé: C:\machines\T32 Bis\Programmes\681501D.MZK
I> [14/12/2015 13:35:41] Programmes dans les fichiers demandés: Programme 6073 (681501D), Programme 6074 (681501D), Programme 6078 (681501D), Programme 6079 (681501D), Programme 6082 (681501D), Programme 6083 (681501D)
I> [14/12/2015 13:35:52] Emission de programme: Programme 6073 (681501D)
I> [14/12/2015 13:36:04] Emission de programme: Programme 6074 (681501D)
I> [14/12/2015 13:36:15] Emission de programme: Programme 6078 (681501D)
I> [14/12/2015 13:36:31] Emission de programme: Programme 6079 (681501D)
I> [14/12/2015 13:36:43] Emission de programme: Programme 6082 (681501D)
I> [14/12/2015 13:37:08] Emission de programme: Programme 6083 (681501D)
