I> [14/12/2011 05:50:38] Port activé avec succès.
I> [14/12/2011 09:26:43] Réception: programme 1218 (64787)
I> [14/12/2011 09:26:52] Réception: programme 1219 (64787)
I> [14/12/2011 09:27:03] Fichier reçu: C:\machines\T32 Bis\Programmes\64787.MZK
I> [14/12/2011 09:27:03] Programmes dans les fichiers demandés: Programme 1218 (64787), Programme 1219 (64787)
I> [14/12/2011 09:31:02] Appel depuis la CN de: 64787
E> [14/12/2011 09:31:06] N'a pu émettre le fichier: C:\machines\T32 Bis\Programmes\64787.MZK [Le système ne peut pas lire le périphérique indiqué]
I> [14/12/2011 09:31:07] Le programme appelé depuis la CN est trouvé: C:\machines\T32 Bis\Programmes\ARO\64787.MZK
I> [14/12/2011 09:31:07] Programmes dans les fichiers demandés: Programme 1218 (64787), Programme 1219 (64787)
I> [14/12/2011 09:31:16] Appel depuis la CN de: 64787
I> [14/12/2011 09:31:23] Le programme appelé depuis la CN est trouvé: C:\machines\T32 Bis\Programmes\ARO\64787.MZK
I> [14/12/2011 09:31:23] Programmes dans les fichiers demandés: Programme 1218 (64787), Programme 1219 (64787)
I> [14/12/2011 09:52:01] Appel depuis la CN de: 5992956A
I> [14/12/2011 09:52:08] Le programme appelé depuis la CN est trouvé: C:\machines\T32 Bis\Programmes\FLOWSERVE\5992956A.MZK
I> [14/12/2011 09:52:08] Programmes dans les fichiers demandés: Programme 4300 (5992956A), Programme 4310 (5992956A)
I> [14/12/2011 09:52:20] Appel depuis la CN de: 5992956A
I> [14/12/2011 09:52:24] Le programme appelé depuis la CN est trouvé: C:\machines\T32 Bis\Programmes\FLOWSERVE\5992956A.MZK
I> [14/12/2011 09:52:25] Programmes dans les fichiers demandés: Programme 4300 (5992956A), Programme 4310 (5992956A)
I> [14/12/2011 10:16:03] Emission de programme: Programme 4300 (5992956A)
I> [14/12/2011 10:16:15] Emission de programme: Programme 4310 (5992956A)
I> [14/12/2011 14:59:25] Réception: programme 1220 (5992956C)
I> [14/12/2011 14:59:36] Réception: programme 1221 (5992956C)
I> [14/12/2011 14:59:53] Fichier reçu: C:\machines\T32 Bis\Programmes\5992956C.MZK
I> [14/12/2011 14:59:53] Programmes dans les fichiers demandés: Programme 1220 (5992956C), Programme 1221 (5992956C)
I> [14/12/2011 15:14:27] Port activé avec succès.
I> [14/12/2011 15:17:13] Appel depuis la CN de: 4996685B
I> [14/12/2011 15:17:18] Le programme appelé depuis la CN est trouvé: C:\machines\T32 Bis\Programmes\4996685B.MZK
I> [14/12/2011 15:17:18] Programmes dans les fichiers demandés: Programme 4758 (4996685B), Programme 4759 (4996685B)
I> [14/12/2011 15:17:30] Emission de programme: Programme 4758 (4996685B)
I> [14/12/2011 15:17:42] Emission de programme: Programme 4759 (4996685B)
I> [14/12/2011 18:33:59] Appel depuis la CN de: 205008093
I> [14/12/2011 18:34:06] Le programme appelé depuis la CN est trouvé: C:\machines\T32 Bis\Programmes\205008093.MZK
I> [14/12/2011 18:34:06] Programmes dans les fichiers demandés: Programme 5084 (205008093B), Programme 5089 (205008093B)
I> [14/12/2011 18:34:12] Emission de programme: Programme 5084 (205008093B)
I> [14/12/2011 18:34:25] Emission de programme: Programme 5089 (205008093B)
