I> [14/12/2009 04:57:22] Port activé avec succès.
I> [14/12/2009 05:38:11] Appel depuis la CN de: 2976841D
E> [14/12/2009 05:38:17] N'a pu émettre le fichier: C:\machines\T32 Bis\Programmes\4340 02 09A.MZK [Le système ne peut pas lire le périphérique indiqué]
I> [14/12/2009 05:38:18] Le programme appelé depuis la CN est trouvé: C:\machines\T32 Bis\Programmes\FLOWSERVE\2976841D.MZK
I> [14/12/2009 05:38:18] Programmes dans les fichiers demandés: Programme 126 (2976841D), Programme 163 (2976841D)
I> [14/12/2009 05:38:23] Appel depuis la CN de: 2976841D
I> [14/12/2009 05:38:32] Le programme appelé depuis la CN est trouvé: C:\machines\T32 Bis\Programmes\FLOWSERVE\2976841D.MZK
I> [14/12/2009 05:38:32] Programmes dans les fichiers demandés: Programme 126 (2976841D), Programme 163 (2976841D)
I> [14/12/2009 05:38:34] Emission de programme: Programme 126 (2976841D)
I> [14/12/2009 05:38:47] Emission de programme: Programme 163 (2976841D)
I> [14/12/2009 05:39:26] Appel depuis la CN de: 2976839C
E> [14/12/2009 05:39:35] N'a pu trouver le programme appelé depuis la CN: 2976839C.MZK [Premier répertoire recherché : C:\machines\T32 Bis\Programmes]
I> [14/12/2009 05:39:39] Appel depuis la CN de: 2976839C
E> [14/12/2009 05:39:46] N'a pu trouver le programme appelé depuis la CN: 2976839C.MZK [Premier répertoire recherché : C:\machines\T32 Bis\Programmes]
E> [14/12/2009 05:39:49] N'a pu émettre le fichier. [Previous remote request failed.]
I> [14/12/2009 05:39:57] Appel depuis la CN de: 2976839C
E> [14/12/2009 05:40:04] N'a pu trouver le programme appelé depuis la CN: 2976839C.MZK [Premier répertoire recherché : C:\machines\T32 Bis\Programmes]
E> [14/12/2009 05:40:07] N'a pu émettre le fichier. [Previous remote request failed.]
I> [14/12/2009 05:41:54] Appel depuis la CN de: 2976839C 6
I> [14/12/2009 05:42:01] Le programme appelé depuis la CN est trouvé: C:\machines\T32 Bis\Programmes\FLOWSERVE\2976839C 6.MZK
I> [14/12/2009 05:42:01] Programmes dans les fichiers demandés: Programme 204 (2976839C 6), Programme 206 (2976839C 6)
I> [14/12/2009 05:42:10] Emission de programme: Programme 204 (2976839C 6)
I> [14/12/2009 05:42:28] Emission de programme: Programme 206 (2976839C 6)
I> [14/12/2009 05:44:24] Appel depuis la CN de: 2976326D
I> [14/12/2009 05:44:34] Appel depuis la CN de: 2976326D
I> [14/12/2009 05:44:44] Le programme appelé depuis la CN est trouvé: C:\machines\T32 Bis\Programmes\FLOWSERVE\2976326D.MZK
I> [14/12/2009 05:44:44] Programmes dans les fichiers demandés: Programme 633 (2976326D), Programme 634 (2976326D)
I> [14/12/2009 05:44:48] Appel depuis la CN de: 2976326D
I> [14/12/2009 05:44:57] Le programme appelé depuis la CN est trouvé: C:\machines\T32 Bis\Programmes\FLOWSERVE\2976326D.MZK
I> [14/12/2009 05:44:57] Programmes dans les fichiers demandés: Programme 633 (2976326D), Programme 634 (2976326D)
I> [14/12/2009 05:45:40] Emission de programme: Programme 633 (2976326D)
I> [14/12/2009 05:45:55] Emission de programme: Programme 634 (2976326D)
