I> [15/03/2007 10:59:43] Appel depuis la CN de: 30270300101
I> [15/03/2007 10:59:50] Le programme appelé depuis la CN est trouvé: C:\machines\T32\Programmes\LA CALHENE\30270300101.MZK
I> [15/03/2007 10:59:50] Programmes dans les fichiers demandés: Programme 3561 (30270300101), Programme 4084 (30270300101), Programme 4087 (30270300101), Programme 4088 (30270300101)
I> [15/03/2007 11:00:30] Emission de programme: Programme 3561 (30270300101)
I> [15/03/2007 11:00:42] Emission de programme: Programme 4084 (30270300101)
I> [15/03/2007 11:01:01] Emission de programme: Programme 4087 (30270300101)
I> [15/03/2007 11:01:51] Réception: programme 3561 (30270300101)
I> [15/03/2007 11:02:02] Réception: programme 4084 (30270300101)
I> [15/03/2007 11:02:21] Réception: programme 4087 (30270300101)
I> [15/03/2007 11:02:44] Réception: programme 4088 (30270300101)
I> [15/03/2007 11:03:43] Fichier reçu: C:\machines\T32\Programmes\30270300101.MZK
I> [15/03/2007 11:03:43] Programmes dans les fichiers demandés: Programme 3561 (30270300101), Programme 4084 (30270300101), Programme 4087 (30270300101), Programme 4088 (30270300101)
I> [15/03/2007 16:18:05] Réception: programme 4387 (5989663B)
I> [15/03/2007 16:18:16] Réception: programme 4390 (5989663B)
I> [15/03/2007 16:18:26] Fichier reçu: C:\machines\T32\Programmes\5989663B.MZK
I> [15/03/2007 16:18:26] Programmes dans les fichiers demandés: Programme 4387 (5989663B), Programme 4390 (5989663B)
I> [15/03/2007 16:19:25] Réception: programme 4388 (4801774B)
I> [15/03/2007 16:19:36] Réception: programme 4389 (4801774B)
I> [15/03/2007 16:19:49] Fichier reçu: C:\machines\T32\Programmes\4801774B.MZK
I> [15/03/2007 16:19:49] Programmes dans les fichiers demandés: Programme 4388 (4801774B), Programme 4389 (4801774B)
I> [15/03/2007 16:20:32] Réception: programme 4391 (5989659A)
I> [15/03/2007 16:20:42] Réception: programme 4392 (5989659A)
I> [15/03/2007 16:20:52] Fichier reçu: C:\machines\T32\Programmes\5989659A.MZK
I> [15/03/2007 16:20:52] Programmes dans les fichiers demandés: Programme 4391 (5989659A), Programme 4392 (5989659A)
