I> [15/01/2007 08:01:21] Port activé avec succès.
I> [15/01/2007 14:52:16] Réception: programme 4343 (82844B)
I> [15/01/2007 14:52:29] Réception: programme 4344 (82844B)
I> [15/01/2007 14:52:43] Réception: programme 4345 (82844B)
I> [15/01/2007 14:52:56] Réception: programme 4346 (82844B)
I> [15/01/2007 14:53:09] Réception: programme 4347 (82844B)
I> [15/01/2007 14:53:23] Réception: programme 4348 (82844B)
I> [15/01/2007 14:53:38] Fichier reçu: C:\machines\T32\Programmes\82844B.MZK
I> [15/01/2007 14:53:38] Programmes dans les fichiers demandés: Programme 4343 (82844B), Programme 4344 (82844B), Programme 4345 (82844B), Programme 4346 (82844B), Programme 4347 (82844B), Programme 4348 (82844B)
I> [15/01/2007 15:08:00] Appel depuis la CN de: 84921
I> [15/01/2007 15:08:06] Le programme appelé depuis la CN est trouvé: C:\machines\T32\Programmes\ARO\84921.MZK
I> [15/01/2007 15:08:06] Programmes dans les fichiers demandés: Programme 2645 (84921), Programme 2646 (84921)
I> [15/01/2007 15:08:16] Emission de programme: Programme 2645 (84921)
I> [15/01/2007 15:08:24] Emission de programme: Programme 2646 (84921)
I> [15/01/2007 18:23:56] Appel depuis la CN de: 87293
I> [15/01/2007 18:24:04] Le programme appelé depuis la CN est trouvé: C:\machines\T32\Programmes\ARO\87293.MZK
I> [15/01/2007 18:24:04] Programmes dans les fichiers demandés: Programme 3878 (87293), Programme 3879 (87293)
I> [15/01/2007 18:24:12] Appel depuis la CN de: 87293
I> [15/01/2007 18:24:18] Le programme appelé depuis la CN est trouvé: C:\machines\T32\Programmes\ARO\87293.MZK
I> [15/01/2007 18:24:18] Programmes dans les fichiers demandés: Programme 3878 (87293), Programme 3879 (87293)
I> [15/01/2007 18:24:25] Emission de programme: Programme 3878 (87293)
I> [15/01/2007 18:24:34] Emission de programme: Programme 3879 (87293)
