I> [15/06/2010 05:02:21] Port activé avec succès.
I> [15/06/2010 16:28:40] Réception: programme 863 (112704601A)
I> [15/06/2010 16:28:57] Réception: programme 864 (112704601A)
I> [15/06/2010 16:29:14] Réception: programme 865 (112704601A)
I> [15/06/2010 16:29:22] Réception: programme 866 (112704601A)
I> [15/06/2010 16:29:47] Fichier reçu: C:\machines\T32 Bis\Programmes\112704601A.MZK
I> [15/06/2010 16:29:47] Programmes dans les fichiers demandés: Programme 863 (112704601A), Programme 864 (112704601A), Programme 865 (112704601A), Programme 866 (112704601A)
I> [15/06/2010 16:56:50] Appel depuis la CN de: 30070806H
I> [15/06/2010 16:56:56] Le programme appelé depuis la CN est trouvé: C:\machines\T32 Bis\Programmes\LA CALHENE\30070806H.MZK
I> [15/06/2010 16:56:56] Programmes dans les fichiers demandés: Programme 59 (30070806H), Programme 117 (30070806H), Programme 118 (30070806H), Programme 119 (30070806H), Programme 120 (30070806H), Programme 130 (30070806H)
I> [15/06/2010 16:59:16] Appel depuis la CN de: 30070806H
I> [15/06/2010 16:59:25] Le programme appelé depuis la CN est trouvé: C:\machines\T32 Bis\Programmes\LA CALHENE\30070806H.MZK
I> [15/06/2010 16:59:25] Programmes dans les fichiers demandés: Programme 59 (30070806H), Programme 117 (30070806H), Programme 118 (30070806H), Programme 119 (30070806H), Programme 120 (30070806H), Programme 130 (30070806H)
I> [15/06/2010 17:01:22] Appel depuis la CN de: 30070806H
I> [15/06/2010 17:01:31] Le programme appelé depuis la CN est trouvé: C:\machines\T32 Bis\Programmes\LA CALHENE\30070806H.MZK
I> [15/06/2010 17:01:31] Programmes dans les fichiers demandés: Programme 59 (30070806H), Programme 117 (30070806H), Programme 118 (30070806H), Programme 119 (30070806H), Programme 120 (30070806H), Programme 130 (30070806H)
I> [15/06/2010 17:08:38] Appel depuis la CN de: 3007-08-06H
I> [15/06/2010 17:08:44] Le programme appelé depuis la CN est trouvé: C:\machines\T32 Bis\Programmes\3007-08-06H.MZK
I> [15/06/2010 17:08:44] Programmes dans les fichiers demandés: Programme 54, Données d'outil, Programme 23, Données d'outil, Programme 22, Données d'outil, Programme 31, Données d'outil
I> [15/06/2010 17:08:57] Emission de programme: Programme 54
I> [15/06/2010 17:09:07] Emission de programme: Données d'outil
I> [15/06/2010 17:09:09] Emission de programme: Programme 23
I> [15/06/2010 17:09:14] Emission de programme: Données d'outil
I> [15/06/2010 17:09:15] Emission de programme: Programme 22
I> [15/06/2010 17:09:20] Emission de programme: Données d'outil
I> [15/06/2010 17:09:21] Emission de programme: Programme 31
I> [15/06/2010 17:09:28] Emission de programme: Données d'outil
