I> [15/03/2017 04:59:33] Port activé avec succès.
I> [15/03/2017 10:43:25] Appel depuis la CN de: 113500103L
I> [15/03/2017 10:43:30] Le programme appelé depuis la CN est trouvé: C:\machines\T32 Bis\Programmes\LA CALHENE\113500103L.MZK
I> [15/03/2017 10:43:30] Programmes dans les fichiers demandés: Programme 1000 (113500103L), Programme 1435 (113500103L), Programme 1001 (113500103L), Programme 1002 (113500103L), Programme 1003 (113500103L)
I> [15/03/2017 10:43:34] Emission de programme: Programme 1000 (113500103L)
I> [15/03/2017 10:43:41] Emission de programme: Programme 1435 (113500103L)
I> [15/03/2017 10:43:46] Emission de programme: Programme 1001 (113500103L)
I> [15/03/2017 10:45:01] Emission de programme: Programme 1002 (113500103L)
I> [15/03/2017 10:45:24] Emission de programme: Programme 1003 (113500103L)
I> [15/03/2017 14:54:33] Appel depuis la CN de: 30350300201
I> [15/03/2017 14:54:37] Le programme appelé depuis la CN est trouvé: C:\machines\T32 Bis\Programmes\LA CALHENE\30350300201.MZK
I> [15/03/2017 14:54:38] Programmes dans les fichiers demandés: Programme 1430 (30350300201), Programme 1431 (30350300201), Programme 1432 (30350300201), Programme 1433 (30350300201), Programme 1434 (30350300201)
I> [15/03/2017 14:54:59] Emission de programme: Programme 1430 (30350300201)
I> [15/03/2017 14:55:08] Emission de programme: Programme 1431 (30350300201)
I> [15/03/2017 14:55:13] Emission de programme: Programme 1432 (30350300201)
I> [15/03/2017 14:55:28] Emission de programme: Programme 1433 (30350300201)
I> [15/03/2017 14:55:41] Emission de programme: Programme 1434 (30350300201)
I> [15/03/2017 15:09:27] Appel depuis la CN de: 30350300201
I> [15/03/2017 15:09:32] Le programme appelé depuis la CN est trouvé: C:\machines\T32 Bis\Programmes\LA CALHENE\30350300201.MZK
I> [15/03/2017 15:09:32] Programmes dans les fichiers demandés: Programme 1430 (30350300201), Programme 1431 (30350300201), Programme 1432 (30350300201), Programme 1433 (30350300201), Programme 1434 (30350300201)
I> [15/03/2017 15:09:48] Emission de programme: Programme 1430 (30350300201)
