I> [15/03/2013 05:28:30] Port activé avec succès.
I> [15/03/2013 05:31:44] Port activé avec succès.
I> [15/03/2013 05:34:24] Appel depuis la CN de: 111900801G
I> [15/03/2013 05:34:33] Le programme appelé depuis la CN est trouvé: C:\machines\T32 Bis\Programmes\LA CALHENE\111900801G.MZK
I> [15/03/2013 05:34:33] Programmes dans les fichiers demandés: Programme 4458 (111900801G), Programme 4460 (111900801G), Programme 1379 (111900801G)
I> [15/03/2013 05:35:08] Emission de programme: Programme 4458 (111900801G)
I> [15/03/2013 05:35:23] Emission de programme: Programme 4460 (111900801G)
I> [15/03/2013 05:35:38] Emission de programme: Programme 1379 (111900801G)
I> [15/03/2013 06:02:01] Emission de programme: Programme 4458 (111900801G)
I> [15/03/2013 06:02:15] Emission de programme: Programme 4460 (111900801G)
I> [15/03/2013 06:02:30] Emission de programme: Programme 1379 (111900801G)
I> [15/03/2013 10:28:50] Appel depuis la CN de: 11190 16 01
I> [15/03/2013 10:28:59] Le programme appelé depuis la CN est trouvé: C:\machines\T32 Bis\Programmes\LA CALHENE\11190 16 01.MZK
I> [15/03/2013 10:28:59] Programmes dans les fichiers demandés: Programme 1211 (11190 16 01), Programme 988 (11190 16 01), Programme 989 (11190 16 01), Programme 990 (11190 16 01), Programme 991 (11190 16 01)
E> [15/03/2013 10:32:48] Transmission avortée. [Délai de réponse dépassé, interruption de la transmission]
I> [15/03/2013 15:32:45] Appel depuis la CN de: 4340-02-09
I> [15/03/2013 15:32:54] Le programme appelé depuis la CN est trouvé: C:\machines\T32 Bis\Programmes\LA CALHENE\4340-02-09.MZK
I> [15/03/2013 15:32:54] Programmes dans les fichiers demandés: Programme 998 (4340-02-09), Programme 999 (4340-02-09)
I> [15/03/2013 15:33:00] Emission de programme: Programme 998 (4340-02-09)
I> [15/03/2013 15:34:04] Emission de programme: Programme 999 (4340-02-09)
I> [15/03/2013 16:18:30] Appel depuis la CN de: 4340-02-09
I> [15/03/2013 16:18:39] Le programme appelé depuis la CN est trouvé: C:\machines\T32 Bis\Programmes\4340-02-09.MZK
I> [15/03/2013 16:18:39] Programmes dans les fichiers demandés: Programme 766 (4340-02-09), Programme 767 (4340-02-09)
I> [15/03/2013 16:18:46] Emission de programme: Programme 766 (4340-02-09)
I> [15/03/2013 16:21:59] Emission de programme: Programme 766 (4340-02-09)
I> [15/03/2013 16:23:05] Emission de programme: Programme 767 (4340-02-09)
