I> [15/06/2015 05:19:09] Port activé avec succès.
I> [15/06/2015 13:38:01] Appel depuis la CN de: 113500101M
I> [15/06/2015 13:38:06] Le programme appelé depuis la CN est trouvé: C:\machines\T32 Bis\Programmes\LA CALHENE\113500101M.MZK
I> [15/06/2015 13:38:06] Programmes dans les fichiers demandés: Programme 4357 (113500101M), Programme 4359 (113500101M)
I> [15/06/2015 13:38:30] Appel depuis la CN de: 4340-02-09
I> [15/06/2015 13:38:37] Le programme appelé depuis la CN est trouvé: C:\machines\T32 Bis\Programmes\LA CALHENE\4340-02-09.MZK
I> [15/06/2015 13:38:37] Programmes dans les fichiers demandés: Programme 998 (4340-02-09), Programme 999 (4340-02-09)
I> [15/06/2015 13:38:46] Emission de programme: Programme 998 (4340-02-09)
E> [15/06/2015 13:42:42] Transmission avortée. [Délai de réponse dépassé, interruption de la transmission]
I> [15/06/2015 13:48:29] Appel depuis la CN de: 4340-02-09
I> [15/06/2015 13:48:37] Emission de programme: Programme 998 (4340-02-09)
I> [15/06/2015 13:49:42] Emission de programme: Programme 999 (4340-02-09)
I> [15/06/2015 13:49:56] Le programme appelé depuis la CN est trouvé: C:\machines\T32 Bis\Programmes\LA CALHENE\4340-02-09.MZK
I> [15/06/2015 13:49:56] Programmes dans les fichiers demandés: Programme 998 (4340-02-09), Programme 999 (4340-02-09)
I> [15/06/2015 13:50:54] Réception: programme 998 (4340-02-09)
I> [15/06/2015 13:51:59] Réception: programme 999 (4340-02-09)
I> [15/06/2015 13:52:11] Réception: programme 1537 (4340-02-09)
I> [15/06/2015 13:52:33] Fichier reçu: C:\machines\T32 Bis\Programmes\4340-02-09.MZK
I> [15/06/2015 13:52:34] Programmes dans les fichiers demandés: Programme 998 (4340-02-09), Programme 999 (4340-02-09), Programme 1537 (4340-02-09)
I> [15/06/2015 14:21:02] Appel depuis la CN de: 113500103L
E> [15/06/2015 14:21:07] N'a pu émettre le fichier: C:\machines\T32 Bis\Programmes\4340-02-09.MZK [Le système ne peut pas lire le périphérique indiqué]
I> [15/06/2015 14:21:07] Le programme appelé depuis la CN est trouvé: C:\machines\T32 Bis\Programmes\LA CALHENE\113500103L.MZK
I> [15/06/2015 14:21:07] Programmes dans les fichiers demandés: Programme 1000 (113500103L), Programme 1435 (113500103L), Programme 1001 (113500103L), Programme 1002 (113500103L), Programme 1003 (113500103L)
I> [15/06/2015 14:21:19] Appel depuis la CN de: 113500103L
I> [15/06/2015 14:21:24] Le programme appelé depuis la CN est trouvé: C:\machines\T32 Bis\Programmes\LA CALHENE\113500103L.MZK
I> [15/06/2015 14:21:24] Programmes dans les fichiers demandés: Programme 1000 (113500103L), Programme 1435 (113500103L), Programme 1001 (113500103L), Programme 1002 (113500103L), Programme 1003 (113500103L)
I> [15/06/2015 14:21:35] Emission de programme: Programme 1001 (113500103L)
