I> [15/07/2010 05:03:15] Port activé avec succès.
I> [15/07/2010 11:06:03] Réception: programme 771 (149510310)
I> [15/07/2010 11:06:32] Réception: programme 772 (149510310)
I> [15/07/2010 11:07:05] Réception: programme 922 (149510310)
I> [15/07/2010 11:07:32] Réception: programme 923 (149510310)
I> [15/07/2010 11:08:03] Fichier reçu: C:\machines\T32 Bis\Programmes\149510310.MZK
I> [15/07/2010 11:08:03] Programmes dans les fichiers demandés: Programme 771 (149510310), Programme 772 (149510310), Programme 922 (149510310), Programme 923 (149510310)
I> [15/07/2010 11:08:53] Appel depuis la CN de: 149510310
I> [15/07/2010 11:08:58] Le programme appelé depuis la CN est trouvé: C:\machines\T32 Bis\Programmes\LUREM\149510310.MZK
I> [15/07/2010 11:08:58] Programmes dans les fichiers demandés: Programme 771 (149510310), Programme 772 (149510310), Programme 922 (149510310), Programme 923 (149510310)
I> [15/07/2010 14:22:59] Réception: programme 786 (149510210)
I> [15/07/2010 14:23:28] Réception: programme 787 (149510210)
I> [15/07/2010 14:24:01] Réception: programme 921 (149510210)
I> [15/07/2010 14:24:28] Réception: programme 924 (149510210)
I> [15/07/2010 14:24:59] Fichier reçu: C:\machines\T32 Bis\Programmes\149510210.MZK
I> [15/07/2010 14:24:59] Programmes dans les fichiers demandés: Programme 786 (149510210), Programme 787 (149510210), Programme 921 (149510210), Programme 924 (149510210)
I> [15/07/2010 15:06:16] Appel depuis la CN de: 01900300101
E> [15/07/2010 15:06:21] N'a pu trouver le programme appelé depuis la CN: 01900300101.MZK [Premier répertoire recherché : C:\machines\T32 Bis\Programmes]
E> [15/07/2010 15:07:38] N'a pu émettre le fichier. [Previous remote request failed.]
I> [15/07/2010 15:08:09] Appel depuis la CN de: 30190300101
I> [15/07/2010 15:08:14] Le programme appelé depuis la CN est trouvé: C:\machines\T32 Bis\Programmes\LA CALHENE\30190300101.MZK
I> [15/07/2010 15:08:14] Programmes dans les fichiers demandés: Programme 776 (30190300101), Programme 777 (30190300101), Programme 65 (30190300101), Programme 66 (30190300101), Programme 69 (30190300101), Programme 75 (30190300101)
I> [15/07/2010 15:08:22] Emission de programme: Programme 776 (30190300101)
I> [15/07/2010 15:08:35] Emission de programme: Programme 777 (30190300101)
I> [15/07/2010 15:08:48] Emission de programme: Programme 65 (30190300101)
I> [15/07/2010 15:09:00] Emission de programme: Programme 66 (30190300101)
I> [15/07/2010 15:09:15] Emission de programme: Programme 69 (30190300101)
I> [15/07/2010 15:09:37] Emission de programme: Programme 75 (30190300101)
I> [15/07/2010 17:39:50] Appel depuis la CN de: Q
I> [15/07/2010 17:39:55] Le programme appelé depuis la CN est trouvé: C:\machines\T32 Bis\Programmes\Q.MZK
I> [15/07/2010 17:39:55] Programmes dans les fichiers demandés: Programme 5199 (121900101Q), Programme 5217 (121900101Q), Programme 5227 (121900101Q), Programme 5228 (121900101Q), Programme 5229 (121900101Q), Programme 5230 (121900101Q), Programme 5231 (121900101Q), Programme 5232 (121900101Q)
I> [15/07/2010 17:40:18] Emission de programme: Programme 5199 (121900101Q)
I> [15/07/2010 17:40:24] Emission de programme: Programme 5217 (121900101Q)
I> [15/07/2010 17:40:29] Emission de programme: Programme 5227 (121900101Q)
I> [15/07/2010 17:40:37] Emission de programme: Programme 5228 (121900101Q)
I> [15/07/2010 17:40:43] Emission de programme: Programme 5229 (121900101Q)
I> [15/07/2010 17:41:00] Emission de programme: Programme 5230 (121900101Q)
I> [15/07/2010 17:41:14] Emission de programme: Programme 5231 (121900101Q)
I> [15/07/2010 17:41:42] Emission de programme: Programme 5232 (121900101Q)
I> [15/07/2010 20:51:19] Appel depuis la CN de: 241012010
I> [15/07/2010 20:51:24] Le programme appelé depuis la CN est trouvé: C:\machines\T32 Bis\Programmes\241012010.MZK
I> [15/07/2010 20:51:24] Programmes dans les fichiers demandés: Programme 40, Données d'outil, Programme 40, Données d'outil
I> [15/07/2010 20:51:30] Emission de programme: Programme 40
I> [15/07/2010 20:51:38] Emission de programme: Données d'outil
I> [15/07/2010 20:51:39] Emission de programme: Programme 40
I> [15/07/2010 20:51:47] Emission de programme: Données d'outil
