I> [15/04/2009 05:54:47] Port activé avec succès.
I> [15/04/2009 06:00:39] Appel depuis la CN de: 4801972A
I> [15/04/2009 06:00:44] Le programme appelé depuis la CN est trouvé: C:\machines\T32 Bis\Programmes\4801972A.MZK
I> [15/04/2009 06:00:44] Programmes dans les fichiers demandés: Programme 18, Données d'outil, Programme 40, Données d'outil
I> [15/04/2009 06:00:50] Emission de programme: Programme 18
I> [15/04/2009 06:00:54] Emission de programme: Données d'outil
I> [15/04/2009 06:00:55] Emission de programme: Programme 40
I> [15/04/2009 06:01:03] Emission de programme: Données d'outil
I> [15/04/2009 11:26:28] Réception: programme 539 (4801972B)
I> [15/04/2009 11:26:36] Réception: programme 540 (4801972B)
I> [15/04/2009 11:26:50] Fichier reçu: C:\machines\T32 Bis\Programmes\4801972B.MZK
I> [15/04/2009 11:26:50] Programmes dans les fichiers demandés: Programme 539 (4801972B), Programme 540 (4801972B)
I> [15/04/2009 11:50:09] Appel depuis la CN de: 2973964B 1
I> [15/04/2009 11:50:14] Le programme appelé depuis la CN est trouvé: C:\machines\T32 Bis\Programmes\FLOWSERVE\2973964B 1.MZK
I> [15/04/2009 11:50:14] Programmes dans les fichiers demandés: Programme 2323 (2973964B 1), Programme 2326 (2973964B 1)
I> [15/04/2009 11:50:24] Emission de programme: Programme 2323 (2973964B 1)
I> [15/04/2009 11:50:47] Emission de programme: Programme 2326 (2973964B 1)
I> [15/04/2009 12:17:54] Appel depuis la CN de: 2973964B 3
I> [15/04/2009 12:17:59] Le programme appelé depuis la CN est trouvé: C:\machines\T32 Bis\Programmes\FLOWSERVE\2973964B 3.MZK
I> [15/04/2009 12:17:59] Programmes dans les fichiers demandés: Programme 377 (2973964B 3), Programme 378 (2973964B 3)
I> [15/04/2009 12:18:21] Emission de programme: Programme 377 (2973964B 3)
I> [15/04/2009 12:18:46] Emission de programme: Programme 378 (2973964B 3)
