I> [15/05/2014 04:55:35] Port activé avec succès.
I> [15/05/2014 11:26:17] Appel depuis la CN de: 30190510102
I> [15/05/2014 11:26:21] Le programme appelé depuis la CN est trouvé: C:\machines\T32 Bis\Programmes\30190510102.MZK
I> [15/05/2014 11:26:21] Programmes dans les fichiers demandés: Programme 949 (30190510102), Programme 950 (30190510102), Programme 951 (30190510102), Programme 952 (30190510102), Programme 953 (30190510102), Programme 969 (30190510102)
I> [15/05/2014 11:30:18] Emission de programme: Programme 953 (30190510102)
I> [15/05/2014 11:30:40] Emission de programme: Programme 969 (30190510102)
I> [15/05/2014 13:15:41] Appel depuis la CN de: 9001 61 01
I> [15/05/2014 13:15:45] Le programme appelé depuis la CN est trouvé: C:\machines\T32 Bis\Programmes\LA CALHENE\9001 61 01.MZK
I> [15/05/2014 13:15:45] Programmes dans les fichiers demandés: Programme 418 (9001 61 01), Programme 420 (9001 61 01), Programme 421 (9001 61 01), Programme 424 (9001 61 01), Programme 1477 (9001 61 01), Programme 1478 (9001 61 01), Programme 1479 (9001 61 01)
I> [15/05/2014 13:16:12] Emission de programme: Programme 418 (9001 61 01)
I> [15/05/2014 13:16:17] Emission de programme: Programme 420 (9001 61 01)
I> [15/05/2014 13:16:38] Emission de programme: Programme 421 (9001 61 01)
I> [15/05/2014 13:16:43] Emission de programme: Programme 424 (9001 61 01)
I> [15/05/2014 13:16:49] Emission de programme: Programme 1477 (9001 61 01)
I> [15/05/2014 13:16:58] Emission de programme: Programme 1478 (9001 61 01)
I> [15/05/2014 13:17:02] Emission de programme: Programme 1479 (9001 61 01)
I> [15/05/2014 13:21:37] Appel depuis la CN de: 9001 47 02B
I> [15/05/2014 13:21:41] Le programme appelé depuis la CN est trouvé: C:\machines\T32 Bis\Programmes\LA CALHENE\9001 47 02B.MZK
I> [15/05/2014 13:21:41] Programmes dans les fichiers demandés: Programme 419 (9001 47 02B), Programme 422 (9001 47 02B), Programme 423 (9001 47 02B)
I> [15/05/2014 13:21:50] Emission de programme: Programme 419 (9001 47 02B)
I> [15/05/2014 13:21:55] Emission de programme: Programme 422 (9001 47 02B)
I> [15/05/2014 13:22:09] Emission de programme: Programme 423 (9001 47 02B)
