I> [15/03/2016 04:56:29] Port activé avec succès.
I> [15/03/2016 06:16:19] Appel depuis la CN de: 11270-55-01
E> [15/03/2016 06:16:23] N'a pu émettre le fichier: C:\machines\T32 Bis\Programmes\21270080201.MZK [Le système ne peut pas lire le périphérique indiqué]
I> [15/03/2016 06:16:24] Le programme appelé depuis la CN est trouvé: C:\machines\T32 Bis\Programmes\LA CALHENE\11270-55-01.MZK
I> [15/03/2016 06:16:24] Programmes dans les fichiers demandés: Programme 1438 (11270-55-01), Programme 1439 (11270-55-01), Programme 1440 (11270-55-01), Programme 1441 (11270-55-01)
I> [15/03/2016 06:16:39] Emission de programme: Programme 1441 (11270-55-01)
I> [15/03/2016 15:36:47] Réception: programme 1559 (112708401A)
I> [15/03/2016 15:38:05] Réception: programme 1560 (112708401A)
I> [15/03/2016 15:38:17] Réception: programme 1561 (112708401A)
I> [15/03/2016 15:38:42] Réception: programme 1562 (112708401A)
I> [15/03/2016 15:39:16] Fichier reçu: C:\machines\T32 Bis\Programmes\112708401A.MZK
I> [15/03/2016 15:39:17] Programmes dans les fichiers demandés: Programme 1559 (112708401A), Programme 1560 (112708401A), Programme 1561 (112708401A), Programme 1562 (112708401A)
I> [15/03/2016 16:06:41] Appel depuis la CN de: 297488H
E> [15/03/2016 16:06:46] N'a pu trouver le programme appelé depuis la CN: 297488H.MZK [Premier répertoire recherché : C:\machines\T32 Bis\Programmes]
E> [15/03/2016 16:06:46] N'a pu émettre le fichier. [Previous remote request failed.]
I> [15/03/2016 16:09:22] Appel depuis la CN de: 2974882H 2
I> [15/03/2016 16:09:27] Le programme appelé depuis la CN est trouvé: C:\machines\T32 Bis\Programmes\FLOWSERVE\2974882H 2.MZK
I> [15/03/2016 16:09:27] Programmes dans les fichiers demandés: Programme 485 (2974882H 2), Programme 486 (2974882H 2)
I> [15/03/2016 16:09:51] Emission de programme: Programme 485 (2974882H 2)
I> [15/03/2016 16:10:13] Emission de programme: Programme 486 (2974882H 2)
