I> [15/04/2015 05:00:17] Port activé avec succès.
I> [15/04/2015 12:43:22] Appel depuis la CN de: 111900801G
I> [15/04/2015 12:43:27] Le programme appelé depuis la CN est trouvé: C:\machines\T32 Bis\Programmes\LA CALHENE\111900801G.MZK
I> [15/04/2015 12:43:27] Programmes dans les fichiers demandés: Programme 4458 (111900801G), Programme 4460 (111900801G), Programme 1379 (111900801G)
I> [15/04/2015 12:43:38] Appel depuis la CN de: 111900801G
I> [15/04/2015 12:43:45] Le programme appelé depuis la CN est trouvé: C:\machines\T32 Bis\Programmes\LA CALHENE\111900801G.MZK
I> [15/04/2015 12:43:45] Programmes dans les fichiers demandés: Programme 4458 (111900801G), Programme 4460 (111900801G), Programme 1379 (111900801G)
I> [15/04/2015 12:44:08] Appel depuis la CN de: 111900801G
I> [15/04/2015 12:44:14] Le programme appelé depuis la CN est trouvé: C:\machines\T32 Bis\Programmes\LA CALHENE\111900801G.MZK
I> [15/04/2015 12:44:14] Programmes dans les fichiers demandés: Programme 4458 (111900801G), Programme 4460 (111900801G), Programme 1379 (111900801G)
I> [15/04/2015 12:45:30] Appel depuis la CN de: 111900801J
I> [15/04/2015 12:45:41] Le programme appelé depuis la CN est trouvé: C:\machines\T32 Bis\Programmes\LA CALHENE\111900801J.MZK
I> [15/04/2015 12:45:41] Programmes dans les fichiers demandés: Programme 1450 (111900801J), Programme 1451 (111900801J), Programme 1452 (111900801J), Programme 1379 (111900801J)
I> [15/04/2015 12:45:48] Appel depuis la CN de: 111900801J
I> [15/04/2015 12:45:55] Le programme appelé depuis la CN est trouvé: C:\machines\T32 Bis\Programmes\LA CALHENE\111900801J.MZK
I> [15/04/2015 12:45:55] Programmes dans les fichiers demandés: Programme 1450 (111900801J), Programme 1451 (111900801J), Programme 1452 (111900801J), Programme 1379 (111900801J)
I> [15/04/2015 12:46:03] Emission de programme: Programme 1450 (111900801J)
I> [15/04/2015 12:46:26] Emission de programme: Programme 1451 (111900801J)
I> [15/04/2015 12:46:56] Emission de programme: Programme 1452 (111900801J)
I> [15/04/2015 12:47:10] Emission de programme: Programme 1379 (111900801J)
