I> [15/03/2011 07:34:35] Port activé avec succès.
I> [15/03/2011 10:41:05] Appel depuis la CN de: 297635
E> [15/03/2011 10:41:10] N'a pu trouver le programme appelé depuis la CN: 297635.MZK [Premier répertoire recherché : C:\machines\T32 Bis\Programmes]
E> [15/03/2011 10:41:10] N'a pu émettre le fichier. [Previous remote request failed.]
I> [15/03/2011 10:41:33] Appel depuis la CN de: 2976325
I> [15/03/2011 10:41:37] Le programme appelé depuis la CN est trouvé: C:\machines\T32 Bis\Programmes\2976325.MZK
I> [15/03/2011 10:41:38] Programmes dans les fichiers demandés: Programme 4667 (2976325C), Programme 4669 (2976325C)
I> [15/03/2011 10:41:51] Emission de programme: Programme 4667 (2976325C)
I> [15/03/2011 10:42:04] Emission de programme: Programme 4669 (2976325C)
I> [15/03/2011 10:43:11] Appel depuis la CN de: 2976325C
I> [15/03/2011 10:43:15] Le programme appelé depuis la CN est trouvé: C:\machines\T32 Bis\Programmes\FLOWSERVE\2976325C.MZK
I> [15/03/2011 10:43:15] Programmes dans les fichiers demandés: Programme 128 (2976325C), Programme 131 (2976325C)
I> [15/03/2011 10:45:31] Emission de programme: Programme 128 (2976325C)
I> [15/03/2011 10:45:44] Emission de programme: Programme 131 (2976325C)
I> [15/03/2011 13:59:53] Appel depuis la CN de: 241003130
I> [15/03/2011 13:59:57] Le programme appelé depuis la CN est trouvé: C:\machines\T32 Bis\Programmes\ERCA FORMSEAL\241003130.MZK
I> [15/03/2011 13:59:57] Programmes dans les fichiers demandés: Programme 1038 (241003130), Programme 1039 (241003130)
I> [15/03/2011 14:00:05] Emission de programme: Programme 1038 (241003130)
I> [15/03/2011 14:00:18] Emission de programme: Programme 1039 (241003130)
I> [15/03/2011 16:09:49] Appel depuis la CN de: 241003597
I> [15/03/2011 16:09:54] Le programme appelé depuis la CN est trouvé: C:\machines\T32 Bis\Programmes\ERCA FORMSEAL\241003597.MZK
I> [15/03/2011 16:09:54] Programmes dans les fichiers demandés: Programme 1054 (241003597)
I> [15/03/2011 16:09:57] Emission de programme: Programme 1054 (241003597)
I> [15/03/2011 16:10:27] Réception: programme 1054 (241003597)
I> [15/03/2011 16:10:31] Réception: programme 1059 (241003597)
I> [15/03/2011 16:10:41] Fichier reçu: C:\machines\T32 Bis\Programmes\241003597.MZK
I> [15/03/2011 16:10:41] Programmes dans les fichiers demandés: Programme 1054 (241003597), Programme 1059 (241003597)
I> [15/03/2011 16:53:30] Appel depuis la CN de: 2976835D
I> [15/03/2011 16:53:40] Appel depuis la CN de: 2976835D
I> [15/03/2011 16:53:45] Le programme appelé depuis la CN est trouvé: C:\machines\T32 Bis\Programmes\FLOWSERVE\2976835D.MZK
I> [15/03/2011 16:53:45] Programmes dans les fichiers demandés: Programme 50 (2976835D), Programme 51 (2976835D)
I> [15/03/2011 16:53:49] Emission de programme: Programme 50 (2976835D)
I> [15/03/2011 16:54:01] Emission de programme: Programme 51 (2976835D)
