I> [15/06/2009 06:15:44] Port activé avec succès.
I> [15/06/2009 16:24:35] Appel depuis la CN de: G3137 00
I> [15/06/2009 16:24:41] Le programme appelé depuis la CN est trouvé: C:\machines\T32 Bis\Programmes\MFI\G3137 00.MZK
I> [15/06/2009 16:24:41] Programmes dans les fichiers demandés: Programme 536 (G3137 00), Programme 576 (G3137 00)
I> [15/06/2009 16:24:48] Emission de programme: Programme 536 (G3137 00)
I> [15/06/2009 16:25:00] Emission de programme: Programme 576 (G3137 00)
E> [15/06/2009 16:29:20] Transmission avortée. [Délai de réponse dépassé, interruption de la transmission]
I> [15/06/2009 17:15:18] Appel depuis la CN de: G3137 00
I> [15/06/2009 17:15:24] Le programme appelé depuis la CN est trouvé: C:\machines\T32 Bis\Programmes\MFI\G3137 00.MZK
I> [15/06/2009 17:15:24] Programmes dans les fichiers demandés: Programme 536 (G3137 00), Programme 576 (G3137 00)
I> [15/06/2009 17:15:33] Emission de programme: Programme 536 (G3137 00)
I> [15/06/2009 17:15:45] Emission de programme: Programme 576 (G3137 00)
I> [15/06/2009 17:16:59] Appel depuis la CN de: G3137 01
I> [15/06/2009 17:17:05] Le programme appelé depuis la CN est trouvé: C:\machines\T32 Bis\Programmes\MFI\G3137 01.MZK
I> [15/06/2009 17:17:05] Programmes dans les fichiers demandés: Programme 536 (G3137 01), Programme 537 (G3137 01)
I> [15/06/2009 17:17:57] Emission de programme: Programme 536 (G3137 01)
I> [15/06/2009 17:20:38] Appel depuis la CN de: G3137 00
I> [15/06/2009 17:20:44] Le programme appelé depuis la CN est trouvé: C:\machines\T32 Bis\Programmes\MFI\G3137 00.MZK
I> [15/06/2009 17:20:44] Programmes dans les fichiers demandés: Programme 536 (G3137 00), Programme 576 (G3137 00)
I> [15/06/2009 17:20:54] Emission de programme: Programme 536 (G3137 00)
E> [15/06/2009 17:24:35] Transmission avortée. [Délai de réponse dépassé, interruption de la transmission]
