I> [15/02/2012 05:11:49] Port activé avec succès.
I> [15/02/2012 05:16:35] Port activé avec succès.
I> [15/02/2012 05:20:49] Appel depuis la CN de: 2978653A 3
E> [15/02/2012 05:20:53] N'a pu émettre le fichier: C:\machines\T32 Bis\Programmes\81B0004 E.MZK [Le système ne peut pas lire le périphérique indiqué]
I> [15/02/2012 05:20:54] Le programme appelé depuis la CN est trouvé: C:\machines\T32 Bis\Programmes\FLOWSERVE\2978653A 3.MZK
I> [15/02/2012 05:20:54] Programmes dans les fichiers demandés: Programme 164 (2978653A 3), Programme 169 (2978653A 3)
I> [15/02/2012 05:21:02] Appel depuis la CN de: 2978653A 3
I> [15/02/2012 05:21:09] Le programme appelé depuis la CN est trouvé: C:\machines\T32 Bis\Programmes\FLOWSERVE\2978653A 3.MZK
I> [15/02/2012 05:21:09] Programmes dans les fichiers demandés: Programme 164 (2978653A 3), Programme 169 (2978653A 3)
I> [15/02/2012 05:21:22] Emission de programme: Programme 164 (2978653A 3)
I> [15/02/2012 05:21:38] Emission de programme: Programme 169 (2978653A 3)
I> [15/02/2012 05:23:21] Appel depuis la CN de: 2976440F
I> [15/02/2012 05:23:28] Le programme appelé depuis la CN est trouvé: C:\machines\T32 Bis\Programmes\2976440F.MZK
I> [15/02/2012 05:23:28] Programmes dans les fichiers demandés: Programme 5100 (2976440F), Programme 5101 (2976440F)
I> [15/02/2012 05:23:40] Appel depuis la CN de: 2976440F
I> [15/02/2012 05:23:45] Le programme appelé depuis la CN est trouvé: C:\machines\T32 Bis\Programmes\2976440F.MZK
I> [15/02/2012 05:23:45] Programmes dans les fichiers demandés: Programme 5100 (2976440F), Programme 5101 (2976440F)
I> [15/02/2012 05:23:55] Emission de programme: Programme 5100 (2976440F)
I> [15/02/2012 05:24:15] Emission de programme: Programme 5101 (2976440F)
I> [15/02/2012 09:35:52] Appel depuis la CN de: 3971874G-3
E> [15/02/2012 09:35:57] N'a pu émettre le fichier: C:\machines\T32 Bis\Programmes\2976440F.MZK [Le système ne peut pas lire le périphérique indiqué]
I> [15/02/2012 09:35:57] Le programme appelé depuis la CN est trouvé: C:\machines\T32 Bis\Programmes\FLOWSERVE\3971874G-3.MZK
I> [15/02/2012 09:35:57] Programmes dans les fichiers demandés: Programme 245 (3971874G-3), Programme 246 (3971874G-3)
I> [15/02/2012 09:36:07] Appel depuis la CN de: 3971874G-3
I> [15/02/2012 09:36:14] Le programme appelé depuis la CN est trouvé: C:\machines\T32 Bis\Programmes\FLOWSERVE\3971874G-3.MZK
I> [15/02/2012 09:36:14] Programmes dans les fichiers demandés: Programme 245 (3971874G-3), Programme 246 (3971874G-3)
I> [15/02/2012 09:36:16] Emission de programme: Programme 245 (3971874G-3)
I> [15/02/2012 09:36:34] Emission de programme: Programme 246 (3971874G-3)
