I> [15/09/2014 05:02:20] Port activé avec succès.
I> [15/09/2014 08:08:21] Appel depuis la CN de: 30071402I
I> [15/09/2014 08:08:26] Le programme appelé depuis la CN est trouvé: C:\machines\T32 Bis\Programmes\30071402I.MZK
I> [15/09/2014 08:08:26] Programmes dans les fichiers demandés: Programme 913 (30071402I), Programme 914 (30071402I), Programme 915 (30071402I), Programme 916 (30071402I)
I> [15/09/2014 08:08:31] Emission de programme: Programme 913 (30071402I)
I> [15/09/2014 08:08:39] Emission de programme: Programme 914 (30071402I)
I> [15/09/2014 08:08:47] Emission de programme: Programme 915 (30071402I)
I> [15/09/2014 08:09:00] Emission de programme: Programme 916 (30071402I)
I> [15/09/2014 18:28:47] Appel depuis la CN de: 6840 01C
I> [15/09/2014 18:28:52] Le programme appelé depuis la CN est trouvé: C:\machines\T32 Bis\Programmes\LA CALHENE\6840 01C.MZK
I> [15/09/2014 18:28:52] Programmes dans les fichiers demandés: Programme 360 (6840 01C), Programme 361 (6840 01C), Programme 362 (6840 01C), Programme 363 (6840 01C), Programme 364 (6840 01C)
I> [15/09/2014 18:30:41] Emission de programme: Programme 360 (6840 01C)
I> [15/09/2014 18:30:47] Emission de programme: Programme 361 (6840 01C)
I> [15/09/2014 18:30:58] Emission de programme: Programme 362 (6840 01C)
I> [15/09/2014 18:31:03] Emission de programme: Programme 363 (6840 01C)
I> [15/09/2014 18:31:14] Emission de programme: Programme 364 (6840 01C)
I> [15/09/2014 19:43:02] Appel depuis la CN de: 355309K
E> [15/09/2014 19:43:07] N'a pu trouver le programme appelé depuis la CN: 355309K.MZK [Premier répertoire recherché : C:\machines\T32 Bis\Programmes]
E> [15/09/2014 19:43:12] N'a pu émettre le fichier. [Previous remote request failed.]
I> [15/09/2014 19:43:32] Appel depuis la CN de: 355309
I> [15/09/2014 19:43:37] Le programme appelé depuis la CN est trouvé: C:\machines\T32 Bis\Programmes\TOKHEIM (satam)\355309.MZK
I> [15/09/2014 19:43:37] Programmes dans les fichiers demandés: Programme 684 (355309), Programme 685 (355309), Programme 686 (355309)
I> [15/09/2014 19:43:43] Emission de programme: Programme 684 (355309)
I> [15/09/2014 19:43:53] Emission de programme: Programme 685 (355309)
I> [15/09/2014 19:44:13] Emission de programme: Programme 686 (355309)
