I> [15/05/2013 05:34:54] Port activé avec succès.
I> [15/05/2013 12:25:49] Appel depuis la CN de: 11270-01-01
I> [15/05/2013 12:25:55] Le programme appelé depuis la CN est trouvé: C:\machines\T32 Bis\Programmes\LA CALHENE\11270-01-01.MZK
I> [15/05/2013 12:25:55] Programmes dans les fichiers demandés: Programme 4063 (11270-01-01), Programme 4065 (11270-01-01), Programme 4100 (11270-01-01), Programme 4101 (11270-01-01), Programme 5406 (11270-01-01)
I> [15/05/2013 12:30:28] Appel depuis la CN de: 11270-01-01
I> [15/05/2013 12:30:33] Le programme appelé depuis la CN est trouvé: C:\machines\T32 Bis\Programmes\11270-01-01.MZK
I> [15/05/2013 12:30:33] Programmes dans les fichiers demandés: Programme 4063 (11270-01-01), Programme 4065 (11270-01-01), Programme 4100 (11270-01-01), Programme 4101 (11270-01-01), Programme 5406 (11270-01-01)
I> [15/05/2013 12:52:17] Appel depuis la CN de: 1270-01-01A
E> [15/05/2013 12:52:22] N'a pu trouver le programme appelé depuis la CN: 1270-01-01A.MZK [Premier répertoire recherché : C:\machines\T32 Bis\Programmes]
E> [15/05/2013 12:52:24] N'a pu émettre le fichier. [Previous remote request failed.]
E> [15/05/2013 12:52:25] N'a pu émettre le fichier. [Previous remote request failed.]
E> [15/05/2013 12:52:27] N'a pu émettre le fichier. [Previous remote request failed.]
E> [15/05/2013 12:52:28] N'a pu émettre le fichier. [Previous remote request failed.]
I> [15/05/2013 12:53:05] Appel depuis la CN de: 1270-01-01A
E> [15/05/2013 12:53:10] N'a pu trouver le programme appelé depuis la CN: 1270-01-01A.MZK [Premier répertoire recherché : C:\machines\T32 Bis\Programmes]
E> [15/05/2013 12:53:12] N'a pu émettre le fichier. [Previous remote request failed.]
E> [15/05/2013 12:53:13] N'a pu émettre le fichier. [Previous remote request failed.]
E> [15/05/2013 12:53:14] N'a pu émettre le fichier. [Previous remote request failed.]
I> [15/05/2013 12:53:36] Appel depuis la CN de: 11270-01-01
I> [15/05/2013 12:53:41] Le programme appelé depuis la CN est trouvé: C:\machines\T32 Bis\Programmes\LA CALHENE\11270-01-01.MZK
I> [15/05/2013 12:53:41] Programmes dans les fichiers demandés: Programme 4063 (11270-01-01), Programme 4065 (11270-01-01), Programme 4100 (11270-01-01), Programme 4101 (11270-01-01), Programme 5406 (11270-01-01)
I> [15/05/2013 14:27:31] Appel depuis la CN de: 11270-0101
I> [15/05/2013 14:27:36] Le programme appelé depuis la CN est trouvé: C:\machines\T32 Bis\Programmes\11270-0101.MZK
I> [15/05/2013 14:27:36] Programmes dans les fichiers demandés: Programme 468 (11270-0101), Programme 738 (11270-0101), Programme 739 (11270-0101)
I> [15/05/2013 14:28:40] Emission de programme: Programme 468 (11270-0101)
I> [15/05/2013 14:29:22] Emission de programme: Programme 738 (11270-0101)
I> [15/05/2013 14:30:52] Emission de programme: Programme 468 (11270-0101)
I> [15/05/2013 14:31:34] Emission de programme: Programme 738 (11270-0101)
I> [15/05/2013 14:31:47] Emission de programme: Programme 739 (11270-0101)
I> [15/05/2013 14:34:07] Appel depuis la CN de: 11270-014
I> [15/05/2013 14:34:12] Le programme appelé depuis la CN est trouvé: C:\machines\T32 Bis\Programmes\11270-014.MZK
I> [15/05/2013 14:34:12] Programmes dans les fichiers demandés: Programme 1004 (11270-01-01), Programme 1005 (11270-01-01), Programme 739 (11270-01-01)
I> [15/05/2013 14:34:25] Emission de programme: Programme 1004 (11270-01-01)
I> [15/05/2013 14:35:58] Emission de programme: Programme 739 (11270-01-01)
I> [15/05/2013 14:39:00] Appel depuis la CN de: 11270-55-01
I> [15/05/2013 14:39:05] Le programme appelé depuis la CN est trouvé: C:\machines\T32 Bis\Programmes\LA CALHENE\11270-55-01.MZK
I> [15/05/2013 14:39:05] Programmes dans les fichiers demandés: Programme 1438 (11270-55-01), Programme 1439 (11270-55-01), Programme 1440 (11270-55-01), Programme 1441 (11270-55-01)
I> [15/05/2013 14:39:13] Emission de programme: Programme 1438 (11270-55-01)
I> [15/05/2013 14:40:51] Emission de programme: Programme 1439 (11270-55-01)
I> [15/05/2013 14:41:46] Réception: programme 739 (11270-01-01)
I> [15/05/2013 14:42:09] Réception: programme 1438 (11270-01-01)
I> [15/05/2013 14:43:46] Réception: programme 1439 (11270-01-01)
I> [15/05/2013 14:44:00] Fichier reçu: C:\machines\T32 Bis\Programmes\11270-01-01.MZK
I> [15/05/2013 14:44:00] Programmes dans les fichiers demandés: Programme 739 (11270-01-01), Programme 1438 (11270-01-01), Programme 1439 (11270-01-01)
I> [15/05/2013 15:13:43] Réception: programme 739 (11270-01-01)
I> [15/05/2013 15:14:06] Réception: programme 1438 (11270-01-01)
I> [15/05/2013 15:15:44] Réception: programme 1439 (11270-01-01)
I> [15/05/2013 15:15:58] Fichier reçu: C:\machines\T32 Bis\Programmes\11270-01-01.MZK
I> [15/05/2013 15:15:58] Programmes dans les fichiers demandés: Programme 739 (11270-01-01), Programme 1438 (11270-01-01), Programme 1439 (11270-01-01)
I> [15/05/2013 15:33:05] Appel depuis la CN de: 1270-01-01A
E> [15/05/2013 15:33:10] N'a pu trouver le programme appelé depuis la CN: 1270-01-01A.MZK [Premier répertoire recherché : C:\machines\T32 Bis\Programmes]
E> [15/05/2013 15:33:10] N'a pu émettre le fichier. [Previous remote request failed.]
I> [15/05/2013 15:34:46] Appel depuis la CN de: 11270-0101A
E> [15/05/2013 15:34:51] N'a pu émettre le fichier. [Previous remote request failed.]
I> [15/05/2013 15:34:52] Le programme appelé depuis la CN est trouvé: C:\machines\T32 Bis\Programmes\LA CALHENE\11270-0101A.MZK
I> [15/05/2013 15:34:52] Programmes dans les fichiers demandés: Programme 4063 (11270-01-01), Programme 4065 (11270-01-01), Programme 4100 (11270-01-01), Programme 4101 (11270-01-01), Programme 5406 (11270-01-01)
I> [15/05/2013 15:35:09] Appel depuis la CN de: 11270-0101A
I> [15/05/2013 15:35:14] Le programme appelé depuis la CN est trouvé: C:\machines\T32 Bis\Programmes\LA CALHENE\11270-0101A.MZK
I> [15/05/2013 15:35:14] Programmes dans les fichiers demandés: Programme 4063 (11270-01-01), Programme 4065 (11270-01-01), Programme 4100 (11270-01-01), Programme 4101 (11270-01-01), Programme 5406 (11270-01-01)
I> [15/05/2013 15:38:42] Emission de programme: Programme 5406 (11270-01-01)
