I> [15/09/2011 05:16:07] Port activé avec succès.
I> [15/09/2011 07:37:43] Appel depuis la CN de: 206083
I> [15/09/2011 07:37:48] Le programme appelé depuis la CN est trouvé: C:\machines\T32 Bis\Programmes\FLOWSERVE\206083.MZK
I> [15/09/2011 07:37:48] Programmes dans les fichiers demandés: Programme 927 (206083), Programme 928 (206083), Programme 936 (206083)
I> [15/09/2011 07:37:54] Emission de programme: Programme 927 (206083)
I> [15/09/2011 07:38:08] Emission de programme: Programme 928 (206083)
I> [15/09/2011 07:38:21] Emission de programme: Programme 936 (206083)
I> [15/09/2011 10:20:34] Appel depuis la CN de: 61186875003
I> [15/09/2011 10:20:38] Le programme appelé depuis la CN est trouvé: C:\machines\T32 Bis\Programmes\MEUNIER\61186875003.MZK
I> [15/09/2011 10:20:38] Programmes dans les fichiers demandés: Programme 1146 (61186875003)
I> [15/09/2011 10:20:47] Emission de programme: Programme 1146 (61186875003)
I> [15/09/2011 10:28:11] Appel depuis la CN de: 241003130
I> [15/09/2011 10:28:18] Le programme appelé depuis la CN est trouvé: C:\machines\T32 Bis\Programmes\ERCA FORMSEAL\241003130.MZK
I> [15/09/2011 10:28:18] Programmes dans les fichiers demandés: Programme 1038 (241003130), Programme 1039 (241003130)
I> [15/09/2011 10:28:30] Emission de programme: Programme 1038 (241003130)
I> [15/09/2011 10:28:43] Emission de programme: Programme 1039 (241003130)
I> [15/09/2011 18:54:17] Réception: programme 1146 (61186875003)
I> [15/09/2011 18:54:24] Réception: programme 1160 (61186875003)
I> [15/09/2011 18:54:32] Réception: programme 1161 (61186875003)
I> [15/09/2011 18:54:42] Fichier reçu: C:\machines\T32 Bis\Programmes\61186875003.MZK
I> [15/09/2011 18:54:42] Programmes dans les fichiers demandés: Programme 1146 (61186875003), Programme 1160 (61186875003), Programme 1161 (61186875003)
I> [15/09/2011 19:09:46] Réception: programme 1146 (61186878003)
I> [15/09/2011 19:09:54] Réception: programme 1160 (61186878003)
I> [15/09/2011 19:10:04] Fichier reçu: C:\machines\T32 Bis\Programmes\61186878003.MZK
I> [15/09/2011 19:10:04] Programmes dans les fichiers demandés: Programme 1146 (61186878003), Programme 1160 (61186878003)
I> [15/09/2011 19:38:04] Appel depuis la CN de: 8690303
E> [15/09/2011 19:38:08] N'a pu émettre le fichier: C:\machines\T32 Bis\Programmes\61186878003.MZK [Le système ne peut pas lire le périphérique indiqué]
I> [15/09/2011 19:38:08] Le programme appelé depuis la CN est trouvé: C:\machines\T32 Bis\Programmes\ARO\8690303.MZK
I> [15/09/2011 19:38:09] Programmes dans les fichiers demandés: Programme 553 (8690303), Programme 554 (8690303), Programme 559 (8690303), Programme 560 (8690303), Programme 561 (8690303)
I> [15/09/2011 19:38:12] Emission de programme: Programme 553 (8690303)
I> [15/09/2011 19:38:19] Emission de programme: Programme 554 (8690303)
I> [15/09/2011 19:38:43] Emission de programme: Programme 559 (8690303)
I> [15/09/2011 19:39:14] Emission de programme: Programme 560 (8690303)
I> [15/09/2011 19:39:38] Emission de programme: Programme 561 (8690303)
