I> [15/10/2014 07:25:49] Port activé avec succès.
I> [15/10/2014 17:02:29] Appel depuis la CN de: 11243115-03
I> [15/10/2014 17:02:33] Le programme appelé depuis la CN est trouvé: C:\machines\T32 Bis\Programmes\MEUNIER\11243115-03.MZK
I> [15/10/2014 17:02:33] Programmes dans les fichiers demandés: Programme 1502 (11243115-03), Programme 1503 (11243115-03)
I> [15/10/2014 17:02:40] Emission de programme: Programme 1502 (11243115-03)
I> [15/10/2014 17:02:50] Emission de programme: Programme 1503 (11243115-03)
I> [15/10/2014 18:27:43] Appel depuis la CN de: 212700501
I> [15/10/2014 18:27:48] Le programme appelé depuis la CN est trouvé: C:\machines\T32 Bis\Programmes\LA CALHENE\212700501.MZK
I> [15/10/2014 18:27:48] Programmes dans les fichiers demandés: Programme 1463 (212700501), Programme 1464 (212700501), Programme 1465 (212700501), Programme 1466 (212700501), Programme 1467 (212700501)
I> [15/10/2014 18:28:00] Emission de programme: Programme 1463 (212700501)
I> [15/10/2014 18:28:32] Emission de programme: Programme 1464 (212700501)
I> [15/10/2014 18:29:00] Emission de programme: Programme 1465 (212700501)
I> [15/10/2014 18:29:51] Emission de programme: Programme 1466 (212700501)
I> [15/10/2014 18:31:23] Réception: programme 1463 (212700501)
I> [15/10/2014 18:31:56] Réception: programme 1464 (212700501)
I> [15/10/2014 18:32:24] Réception: programme 1465 (212700501)
I> [15/10/2014 18:33:14] Réception: programme 1466 (212700501)
I> [15/10/2014 18:33:44] Réception: programme 1467 (212700501)
I> [15/10/2014 18:34:15] Fichier reçu: C:\machines\T32 Bis\Programmes\212700501.MZK
I> [15/10/2014 18:34:15] Programmes dans les fichiers demandés: Programme 1463 (212700501), Programme 1464 (212700501), Programme 1465 (212700501), Programme 1466 (212700501), Programme 1467 (212700501)
