I> [15/12/2011 05:18:03] Port activé avec succès.
I> [15/12/2011 06:42:24] Appel depuis la CN de: 430000422B
E> [15/12/2011 06:42:29] N'a pu émettre le fichier: C:\machines\T32 Bis\Programmes\81B0004 E.MZK [Le système ne peut pas lire le périphérique indiqué]
E> [15/12/2011 06:42:29] N'a pu trouver le programme appelé depuis la CN: 430000422B.MZK [Premier répertoire recherché : C:\machines\T32 Bis\Programmes]
I> [15/12/2011 06:42:37] Appel depuis la CN de: 430000422B
E> [15/12/2011 06:42:41] N'a pu émettre le fichier. [Previous remote request failed.]
E> [15/12/2011 06:42:42] N'a pu trouver le programme appelé depuis la CN: 430000422B.MZK [Premier répertoire recherché : C:\machines\T32 Bis\Programmes]
I> [15/12/2011 06:43:08] Appel depuis la CN de: 430000422B
E> [15/12/2011 06:43:12] N'a pu trouver le programme appelé depuis la CN: 430000422B.MZK [Premier répertoire recherché : C:\machines\T32 Bis\Programmes]
E> [15/12/2011 06:43:13] N'a pu émettre le fichier. [Previous remote request failed.]
I> [15/12/2011 06:45:54] Appel depuis la CN de: 43000042203
E> [15/12/2011 06:45:58] N'a pu émettre le fichier. [Previous remote request failed.]
I> [15/12/2011 06:45:58] Le programme appelé depuis la CN est trouvé: C:\machines\T32 Bis\Programmes\ERCA FORMSEAL\43000042203.MZK
I> [15/12/2011 06:45:59] Programmes dans les fichiers demandés: Programme 724 (43000042203), Programme 725 (43000042203), Programme 730 (43000042203), Programme 731 (43000042203), Programme 735 (43000042203), Programme 736 (43000042203), Programme 737 (43000042203)
I> [15/12/2011 06:46:08] Appel depuis la CN de: 43000042203
I> [15/12/2011 06:46:15] Le programme appelé depuis la CN est trouvé: C:\machines\T32 Bis\Programmes\ERCA FORMSEAL\43000042203.MZK
I> [15/12/2011 06:46:15] Programmes dans les fichiers demandés: Programme 724 (43000042203), Programme 725 (43000042203), Programme 730 (43000042203), Programme 731 (43000042203), Programme 735 (43000042203), Programme 736 (43000042203), Programme 737 (43000042203)
I> [15/12/2011 06:46:20] Emission de programme: Programme 724 (43000042203)
I> [15/12/2011 06:46:31] Emission de programme: Programme 725 (43000042203)
I> [15/12/2011 06:46:45] Emission de programme: Programme 730 (43000042203)
I> [15/12/2011 06:46:54] Emission de programme: Programme 731 (43000042203)
I> [15/12/2011 06:47:07] Emission de programme: Programme 735 (43000042203)
I> [15/12/2011 06:47:20] Emission de programme: Programme 736 (43000042203)
I> [15/12/2011 06:47:31] Emission de programme: Programme 737 (43000042203)
I> [15/12/2011 10:32:54] Appel depuis la CN de: 43000041006
I> [15/12/2011 10:32:58] Le programme appelé depuis la CN est trouvé: C:\machines\T32 Bis\Programmes\ERCA FORMSEAL\43000041006.MZK
I> [15/12/2011 10:32:58] Programmes dans les fichiers demandés: Programme 726 (43000041006), Programme 727 (43000041006), Programme 728 (43000041006), Programme 729 (43000041006), Programme 732 (43000041006), Programme 733 (43000041006), Programme 734 (43000041006)
I> [15/12/2011 10:33:12] Emission de programme: Programme 726 (43000041006)
I> [15/12/2011 10:33:21] Emission de programme: Programme 727 (43000041006)
I> [15/12/2011 10:33:34] Emission de programme: Programme 728 (43000041006)
I> [15/12/2011 10:33:43] Emission de programme: Programme 729 (43000041006)
I> [15/12/2011 10:33:56] Emission de programme: Programme 732 (43000041006)
I> [15/12/2011 10:34:09] Emission de programme: Programme 733 (43000041006)
I> [15/12/2011 10:34:19] Emission de programme: Programme 734 (43000041006)
