I> [15/11/2012 05:00:48] Port activé avec succès.
I> [15/11/2012 06:04:23] Appel depuis la CN de: 2974885D
I> [15/11/2012 06:04:44] Appel depuis la CN de: 2974885D 2
E> [15/11/2012 06:04:48] N'a pu émettre le fichier: C:\machines\T32 Bis\Programmes\81B0004 E.MZK [Le système ne peut pas lire le périphérique indiqué]
I> [15/11/2012 06:04:49] Le programme appelé depuis la CN est trouvé: C:\machines\T32 Bis\Programmes\FLOWSERVE\2974885D 2.MZK
I> [15/11/2012 06:04:49] Programmes dans les fichiers demandés: Programme 4224 (2974885D 2), Programme 4225 (2974885D 2)
I> [15/11/2012 06:06:10] Appel depuis la CN de: 2974885D 2
I> [15/11/2012 06:06:15] Le programme appelé depuis la CN est trouvé: C:\machines\T32 Bis\Programmes\FLOWSERVE\2974885D 2.MZK
I> [15/11/2012 06:06:15] Programmes dans les fichiers demandés: Programme 4224 (2974885D 2), Programme 4225 (2974885D 2)
I> [15/11/2012 06:08:34] Appel depuis la CN de: 2974885D
I> [15/11/2012 06:08:47] Appel depuis la CN de: 2974885D
E> [15/11/2012 06:08:52] N'a pu trouver le programme appelé depuis la CN: 2974885D.MZK [Premier répertoire recherché : C:\machines\T32 Bis\Programmes]
E> [15/11/2012 06:08:52] N'a pu émettre le fichier. [Previous remote request failed.]
E> [15/11/2012 06:08:54] N'a pu émettre le fichier. [Previous remote request failed.]
I> [15/11/2012 06:09:20] Appel depuis la CN de: 2974885 D
E> [15/11/2012 06:09:24] N'a pu trouver le programme appelé depuis la CN: 2974885 D.MZK [Premier répertoire recherché : C:\machines\T32 Bis\Programmes]
E> [15/11/2012 06:09:24] N'a pu émettre le fichier. [Previous remote request failed.]
E> [15/11/2012 06:09:26] N'a pu émettre le fichier. [Previous remote request failed.]
I> [15/11/2012 06:09:48] Appel depuis la CN de: 2974885D 2
I> [15/11/2012 06:09:53] Le programme appelé depuis la CN est trouvé: C:\machines\T32 Bis\Programmes\FLOWSERVE\2974885D 2.MZK
I> [15/11/2012 06:09:53] Programmes dans les fichiers demandés: Programme 4224 (2974885D 2), Programme 4225 (2974885D 2)
I> [15/11/2012 06:16:36] Emission de programme: Programme 4224 (2974885D 2)
I> [15/11/2012 06:17:01] Emission de programme: Programme 4225 (2974885D 2)
I> [15/11/2012 12:14:55] Appel depuis la CN de: 0120002614
E> [15/11/2012 12:15:00] N'a pu trouver le programme appelé depuis la CN: 0120002614.MZK [Premier répertoire recherché : C:\machines\T32 Bis\Programmes]
E> [15/11/2012 12:15:00] N'a pu émettre le fichier. [Previous remote request failed.]
E> [15/11/2012 12:15:02] N'a pu émettre le fichier. [Previous remote request failed.]
I> [15/11/2012 12:15:29] Appel depuis la CN de: 01200026104
E> [15/11/2012 12:15:34] N'a pu émettre le fichier. [Previous remote request failed.]
I> [15/11/2012 12:15:34] Le programme appelé depuis la CN est trouvé: C:\machines\T32 Bis\Programmes\ERCA FORMSEAL\01200026104.MZK
I> [15/11/2012 12:15:34] Programmes dans les fichiers demandés: Programme 1330 (01200026104), Programme 1332 (01200026104), Programme 1333 (01200026104)
I> [15/11/2012 12:15:40] Emission de programme: Programme 1330 (01200026104)
I> [15/11/2012 12:16:02] Emission de programme: Programme 1332 (01200026104)
I> [15/11/2012 12:16:19] Emission de programme: Programme 1333 (01200026104)
I> [15/11/2012 20:42:50] Port arrêté.
