I> [15/11/2011 04:57:19] Port activé avec succès.
I> [15/11/2011 12:57:44] Réception: programme 1206 (DN01312101B)
I> [15/11/2011 12:57:48] Réception: programme 1207 (DN01312101B)
I> [15/11/2011 12:57:56] Réception: programme 1208 (DN01312101B)
I> [15/11/2011 12:58:01] Réception: programme 4221 (DN01312101B)
I> [15/11/2011 12:58:34] Réception: programme 4222 (DN01312101B)
I> [15/11/2011 12:59:15] Fichier reçu: C:\machines\T32 Bis\Programmes\DN01312101B.MZK
I> [15/11/2011 12:59:15] Programmes dans les fichiers demandés: Programme 1206 (DN01312101B), Programme 1207 (DN01312101B), Programme 1208 (DN01312101B), Programme 4221 (DN01312101B), Programme 4222 (DN01312101B)
I> [15/11/2011 13:00:34] Appel depuis la CN de: DN01312101B
I> [15/11/2011 13:00:39] Le programme appelé depuis la CN est trouvé: C:\machines\T32 Bis\Programmes\LA CALHENE\DN01312101B.MZK
I> [15/11/2011 13:00:39] Programmes dans les fichiers demandés: Programme 1206 (DN01312101B), Programme 1207 (DN01312101B), Programme 1208 (DN01312101B), Programme 4221 (DN01312101B), Programme 4222 (DN01312101B)
I> [15/11/2011 15:00:13] Réception: programme 1206 (DN01312102B)
I> [15/11/2011 15:00:18] Réception: programme 1207 (DN01312102B)
I> [15/11/2011 15:00:25] Réception: programme 1208 (DN01312102B)
I> [15/11/2011 15:00:31] Réception: programme 4220 (DN01312102B)
I> [15/11/2011 15:01:01] Réception: programme 4223 (DN01312102B)
I> [15/11/2011 15:01:09] Fichier reçu: C:\machines\T32 Bis\Programmes\DN01312102B.MZK
I> [15/11/2011 15:01:09] Programmes dans les fichiers demandés: Programme 1206 (DN01312102B), Programme 1207 (DN01312102B), Programme 1208 (DN01312102B), Programme 4220 (DN01312102B), Programme 4223 (DN01312102B)
I> [15/11/2011 15:03:10] Appel depuis la CN de: DN01312102B
E> [15/11/2011 15:03:14] N'a pu émettre le fichier: C:\machines\T32 Bis\Programmes\DN01312102B.MZK [Le système ne peut pas lire le périphérique indiqué]
I> [15/11/2011 15:03:15] Le programme appelé depuis la CN est trouvé: C:\machines\T32 Bis\Programmes\LA CALHENE\DN01312102B.MZK
I> [15/11/2011 15:03:15] Programmes dans les fichiers demandés: Programme 1206 (DN01312102B), Programme 1207 (DN01312102B), Programme 1208 (DN01312102B), Programme 4220 (DN01312102B), Programme 4223 (DN01312102B)
I> [15/11/2011 15:03:25] Appel depuis la CN de: DN01312102B
I> [15/11/2011 15:03:29] Le programme appelé depuis la CN est trouvé: C:\machines\T32 Bis\Programmes\LA CALHENE\DN01312102B.MZK
I> [15/11/2011 15:03:29] Programmes dans les fichiers demandés: Programme 1206 (DN01312102B), Programme 1207 (DN01312102B), Programme 1208 (DN01312102B), Programme 4220 (DN01312102B), Programme 4223 (DN01312102B)
I> [15/11/2011 15:32:04] Appel depuis la CN de: 41890203C
I> [15/11/2011 15:32:11] Le programme appelé depuis la CN est trouvé: C:\machines\T32 Bis\Programmes\LA CALHENE\41890203C.MZK
I> [15/11/2011 15:32:11] Programmes dans les fichiers demandés: Programme 913 (41890203C), Programme 916 (41890203C), Programme 937 (41890203C), Programme 940 (41890203C)
I> [15/11/2011 15:32:33] Appel depuis la CN de: 41890203C
I> [15/11/2011 15:32:40] Le programme appelé depuis la CN est trouvé: C:\machines\T32 Bis\Programmes\LA CALHENE\41890203C.MZK
I> [15/11/2011 15:32:40] Programmes dans les fichiers demandés: Programme 913 (41890203C), Programme 916 (41890203C), Programme 937 (41890203C), Programme 940 (41890203C)
I> [15/11/2011 15:32:42] Emission de programme: Programme 913 (41890203C)
I> [15/11/2011 15:32:59] Emission de programme: Programme 916 (41890203C)
I> [15/11/2011 15:33:15] Emission de programme: Programme 937 (41890203C)
I> [15/11/2011 15:33:41] Emission de programme: Programme 940 (41890203C)
