I> [16/02/2010 06:59:31] Port activé avec succès.
I> [16/02/2010 19:21:55] Réception: programme 771 (DOR007)
I> [16/02/2010 19:22:11] Réception: programme 772 (DOR007)
I> [16/02/2010 19:22:26] Fichier reçu: C:\machines\T32 Bis\Programmes\DOR007.MZK
I> [16/02/2010 19:22:26] Programmes dans les fichiers demandés: Programme 771 (DOR007), Programme 772 (DOR007)
I> [16/02/2010 19:29:07] Appel depuis la CN de: 149510310
I> [16/02/2010 19:29:12] Le programme appelé depuis la CN est trouvé: C:\machines\T32 Bis\Programmes\LUREM\149510310.MZK
I> [16/02/2010 19:29:12] Programmes dans les fichiers demandés: Programme 771 (149510310), Programme 772 (149510310)
I> [16/02/2010 19:29:29] Emission de programme: Programme 771 (149510310)
I> [16/02/2010 19:29:58] Emission de programme: Programme 772 (149510310)
I> [16/02/2010 19:33:36] Appel depuis la CN de: DOR007
I> [16/02/2010 19:33:41] Le programme appelé depuis la CN est trouvé: C:\machines\T32 Bis\Programmes\MECAMARC\DOR007.MZK
I> [16/02/2010 19:33:41] Programmes dans les fichiers demandés: Programme 771 (DOR007), Programme 772 (DOR007)
I> [16/02/2010 19:33:56] Appel depuis la CN de: DOR007
I> [16/02/2010 19:34:04] Le programme appelé depuis la CN est trouvé: C:\machines\T32 Bis\Programmes\MECAMARC\DOR007.MZK
I> [16/02/2010 19:34:04] Programmes dans les fichiers demandés: Programme 771 (DOR007), Programme 772 (DOR007)
I> [16/02/2010 19:34:05] Emission de programme: Programme 771 (DOR007)
I> [16/02/2010 19:34:22] Emission de programme: Programme 772 (DOR007)
I> [16/02/2010 19:35:15] Réception: programme 784 (DOR007)
I> [16/02/2010 19:35:32] Réception: programme 785 (DOR007)
I> [16/02/2010 19:35:46] Fichier reçu: C:\machines\T32 Bis\Programmes\DOR007.MZK
I> [16/02/2010 19:35:46] Programmes dans les fichiers demandés: Programme 784 (DOR007), Programme 785 (DOR007)
I> [16/02/2010 19:37:00] Appel depuis la CN de: 149510310
I> [16/02/2010 19:37:05] Le programme appelé depuis la CN est trouvé: C:\machines\T32 Bis\Programmes\LUREM\149510310.MZK
I> [16/02/2010 19:37:05] Programmes dans les fichiers demandés: Programme 771 (149510310), Programme 772 (149510310)
I> [16/02/2010 19:37:09] Emission de programme: Programme 771 (149510310)
I> [16/02/2010 19:37:39] Emission de programme: Programme 772 (149510310)
