I> [16/05/2007 01:10:55] Réception: programme 3561 (30270300101)
I> [16/05/2007 01:11:09] Réception: programme 4084 (30270300101)
I> [16/05/2007 01:11:28] Réception: programme 4087 (30270300101)
I> [16/05/2007 01:11:50] Réception: programme 4088 (30270300101)
I> [16/05/2007 01:12:48] Fichier reçu: C:\machines\T32\Programmes\30270300101.MZK
I> [16/05/2007 01:12:48] Programmes dans les fichiers demandés: Programme 3561 (30270300101), Programme 4084 (30270300101), Programme 4087 (30270300101), Programme 4088 (30270300101)
I> [16/05/2007 01:36:04] Appel depuis la CN de: 2974885D
E> [16/05/2007 01:36:11] N'a pu trouver le programme appelé depuis la CN: 2974885D.MZK [Premier répertoire recherché : C:\machines\T32\Programmes]
E> [16/05/2007 01:36:13] N'a pu émettre le fichier. [Previous remote request failed.]
E> [16/05/2007 01:36:15] N'a pu émettre le fichier. [Previous remote request failed.]
E> [16/05/2007 01:36:16] N'a pu émettre le fichier. [Previous remote request failed.]
I> [16/05/2007 01:38:56] Appel depuis la CN de: 2974885D 2
I> [16/05/2007 01:39:03] Le programme appelé depuis la CN est trouvé: C:\machines\T32\Programmes\DRESSER\2974885D 2.MZK
I> [16/05/2007 01:39:03] Programmes dans les fichiers demandés: Programme 4224 (2974885D 2), Programme 4225 (2974885D 2)
I> [16/05/2007 01:39:33] Emission de programme: Programme 4224 (2974885D 2)
I> [16/05/2007 01:39:58] Emission de programme: Programme 4225 (2974885D 2)
I> [16/05/2007 09:49:51] Appel depuis la CN de: 2974888D 2
I> [16/05/2007 09:49:58] Le programme appelé depuis la CN est trouvé: C:\machines\T32\Programmes\DRESSER\2974888D 2.MZK
I> [16/05/2007 09:49:58] Programmes dans les fichiers demandés: Programme 4125 (2974888D 2), Programme 4126 (2974888D 2)
I> [16/05/2007 09:51:05] Emission de programme: Programme 4125 (2974888D 2)
I> [16/05/2007 09:51:22] Emission de programme: Programme 4126 (2974888D 2)
