I> [16/06/2009 05:04:47] Port activé avec succès.
I> [16/06/2009 06:03:37] Appel depuis la CN de: GI-314A
I> [16/06/2009 06:03:46] Le programme appelé depuis la CN est trouvé: C:\machines\T32 Bis\Programmes\GI-314A.MZK
I> [16/06/2009 06:03:46] Programmes dans les fichiers demandés: Programme 4637 (GI-314A), Programme 4642 (GI-314A)
I> [16/06/2009 06:04:24] Appel depuis la CN de: GI-314A
I> [16/06/2009 06:04:30] Le programme appelé depuis la CN est trouvé: C:\machines\T32 Bis\Programmes\GI-314A.MZK
I> [16/06/2009 06:04:30] Programmes dans les fichiers demandés: Programme 4637 (GI-314A), Programme 4642 (GI-314A)
I> [16/06/2009 06:04:37] Emission de programme: Programme 4637 (GI-314A)
I> [16/06/2009 06:04:48] Emission de programme: Programme 4642 (GI-314A)
I> [16/06/2009 06:05:34] Appel depuis la CN de: GI-313A
I> [16/06/2009 06:05:40] Le programme appelé depuis la CN est trouvé: C:\machines\T32 Bis\Programmes\GI-313A.MZK
I> [16/06/2009 06:05:40] Programmes dans les fichiers demandés: Programme 4638 (GI-313A), Programme 4641 (GI-313A)
I> [16/06/2009 06:05:59] Emission de programme: Programme 4638 (GI-313A)
I> [16/06/2009 06:06:13] Emission de programme: Programme 4641 (GI-313A)
I> [16/06/2009 12:03:00] Réception: programme 595 (GI314-EBFUT)
I> [16/06/2009 12:03:10] Réception: programme 598 (GI314-EBFUT)
I> [16/06/2009 12:03:22] Fichier reçu: C:\machines\T32 Bis\Programmes\GI314-EBFUT.MZK
I> [16/06/2009 12:03:22] Programmes dans les fichiers demandés: Programme 595 (GI314-EBFUT), Programme 598 (GI314-EBFUT)
I> [16/06/2009 12:04:19] Réception: programme 596 (GI313-EBFUT)
I> [16/06/2009 12:04:32] Réception: programme 597 (GI313-EBFUT)
I> [16/06/2009 12:04:48] Fichier reçu: C:\machines\T32 Bis\Programmes\GI313-EBFUT.MZK
I> [16/06/2009 12:04:48] Programmes dans les fichiers demandés: Programme 596 (GI313-EBFUT), Programme 597 (GI313-EBFUT)
I> [16/06/2009 13:43:19] Appel depuis la CN de: G3137 01
I> [16/06/2009 13:43:24] Le programme appelé depuis la CN est trouvé: C:\machines\T32 Bis\Programmes\MFI\G3137 01.MZK
I> [16/06/2009 13:43:24] Programmes dans les fichiers demandés: Programme 536 (G3137 01), Programme 537 (G3137 01)
I> [16/06/2009 13:43:34] Emission de programme: Programme 537 (G3137 01)
