I> [16/04/2013 04:56:14] Port activé avec succès.
I> [16/04/2013 09:48:20] Appel depuis la CN de: 212701601D
I> [16/04/2013 09:48:29] Le programme appelé depuis la CN est trouvé: C:\machines\T32 Bis\Programmes\LA CALHENE\212701601D.MZK
I> [16/04/2013 09:48:29] Programmes dans les fichiers demandés: Programme 1421 (212701601D), Programme 1422 (212701601D), Programme 1423 (212701601D), Programme 1424 (212701601D)
I> [16/04/2013 09:48:37] Emission de programme: Programme 1421 (212701601D)
I> [16/04/2013 09:50:12] Emission de programme: Programme 1422 (212701601D)
I> [16/04/2013 09:50:48] Emission de programme: Programme 1422 (212701601D)
I> [16/04/2013 09:51:04] Emission de programme: Programme 1423 (212701601D)
I> [16/04/2013 09:51:20] Emission de programme: Programme 1424 (212701601D)
I> [16/04/2013 09:55:02] Réception: programme 1421 (212701601D)
I> [16/04/2013 09:56:32] Réception: programme 1421 (212701601D)
I> [16/04/2013 09:58:08] Réception: programme 1422 (212701601D)
I> [16/04/2013 09:58:24] Réception: programme 1423 (212701601D)
I> [16/04/2013 09:58:39] Réception: programme 1424 (212701601D)
I> [16/04/2013 09:59:15] Fichier reçu: C:\machines\T32 Bis\Programmes\212701601D.MZK
I> [16/04/2013 09:59:15] Programmes dans les fichiers demandés: Programme 1421 (212701601D)
I> [16/04/2013 09:59:15] Fichier existant sauvegardé: C:\MACHINES\T32 BIS\SAUVEGARDES\212701601D_01.MZK
I> [16/04/2013 09:59:15] Fichier reçu: C:\machines\T32 Bis\Programmes\212701601D.MZK
I> [16/04/2013 09:59:16] Programmes dans les fichiers demandés: Programme 1421 (212701601D), Programme 1422 (212701601D), Programme 1423 (212701601D), Programme 1424 (212701601D)
I> [16/04/2013 10:10:43] Appel depuis la CN de: 30350300201
I> [16/04/2013 10:10:52] Le programme appelé depuis la CN est trouvé: C:\machines\T32 Bis\Programmes\LA CALHENE\30350300201.MZK
I> [16/04/2013 10:10:52] Programmes dans les fichiers demandés: Programme 1430 (30350300201), Programme 1431 (30350300201), Programme 1432 (30350300201), Programme 1433 (30350300201), Programme 1434 (30350300201)
I> [16/04/2013 10:11:13] Emission de programme: Programme 1430 (30350300201)
I> [16/04/2013 10:11:22] Emission de programme: Programme 1431 (30350300201)
I> [16/04/2013 10:11:26] Emission de programme: Programme 1432 (30350300201)
I> [16/04/2013 10:11:39] Emission de programme: Programme 1433 (30350300201)
I> [16/04/2013 10:11:52] Emission de programme: Programme 1434 (30350300201)
