I> [16/01/2014 12:12:04] Appel depuis la CN de: 47150202B
I> [16/01/2014 12:12:12] Le programme appelé depuis la CN est trouvé: C:\machines\T32 Bis\Programmes\47150202B.MZK
I> [16/01/2014 12:12:12] Programmes dans les fichiers demandés: Programme 6253 (47150202B)
I> [16/01/2014 12:12:16] Emission de programme: Programme 6253 (47150202B)
I> [16/01/2014 12:13:02] Appel depuis la CN de: 47150201A
I> [16/01/2014 12:13:07] Le programme appelé depuis la CN est trouvé: C:\machines\T32 Bis\Programmes\47150201A.MZK
I> [16/01/2014 12:13:07] Programmes dans les fichiers demandés: Programme 6252 (47150201A)
I> [16/01/2014 12:13:11] Emission de programme: Programme 6252 (47150201A)
I> [16/01/2014 12:13:42] Appel depuis la CN de: 47150105A
I> [16/01/2014 12:13:49] Le programme appelé depuis la CN est trouvé: C:\machines\T32 Bis\Programmes\47150105A.MZK
I> [16/01/2014 12:13:49] Programmes dans les fichiers demandés: Programme 6254 (47150105A), Programme 6255 (47150105A)
I> [16/01/2014 12:13:53] Emission de programme: Programme 6254 (47150105A)
I> [16/01/2014 12:13:58] Emission de programme: Programme 6255 (47150105A)
I> [16/01/2014 19:48:08] Réception: programme 6252 (47150201A)
I> [16/01/2014 19:48:14] Réception: programme 6257 (47150201A)
I> [16/01/2014 19:48:22] Réception: programme 6258 (47150201A)
I> [16/01/2014 19:48:32] Fichier reçu: C:\machines\T32 Bis\Programmes\47150201A.MZK
I> [16/01/2014 19:48:32] Programmes dans les fichiers demandés: Programme 6252 (47150201A), Programme 6257 (47150201A), Programme 6258 (47150201A)
I> [16/01/2014 19:57:51] Appel depuis la CN de: 47150201A
I> [16/01/2014 19:57:56] Le programme appelé depuis la CN est trouvé: C:\machines\T32 Bis\Programmes\47150201A.MZK
I> [16/01/2014 19:57:56] Programmes dans les fichiers demandés: Programme 6252 (47150201A), Programme 6257 (47150201A), Programme 6258 (47150201A)
