I> [16/05/2012 04:48:20] Port activé avec succès.
I> [16/05/2012 04:57:18] Appel depuis la CN de: 4997165A
E> [16/05/2012 04:57:22] N'a pu émettre le fichier: C:\machines\T32 Bis\Programmes\81B0004 E.MZK [Le système ne peut pas lire le périphérique indiqué]
I> [16/05/2012 04:57:23] Le programme appelé depuis la CN est trouvé: C:\machines\T32 Bis\Programmes\4997165A.MZK
I> [16/05/2012 04:57:23] Programmes dans les fichiers demandés: Programme 5644 (4997165A), Programme 5645 (4997165A), Programme 5646 (4997165A), Programme 5671 (4997165A)
I> [16/05/2012 04:57:34] Appel depuis la CN de: 4997165A
I> [16/05/2012 04:57:41] Le programme appelé depuis la CN est trouvé: C:\machines\T32 Bis\Programmes\4997165A.MZK
I> [16/05/2012 04:57:41] Programmes dans les fichiers demandés: Programme 5644 (4997165A), Programme 5645 (4997165A), Programme 5646 (4997165A), Programme 5671 (4997165A)
I> [16/05/2012 05:00:12] Emission de programme: Programme 5644 (4997165A)
I> [16/05/2012 05:00:18] Emission de programme: Programme 5645 (4997165A)
I> [16/05/2012 05:00:31] Emission de programme: Programme 5646 (4997165A)
I> [16/05/2012 05:00:44] Emission de programme: Programme 5671 (4997165A)
I> [16/05/2012 07:07:13] Port activé avec succès.
I> [16/05/2012 08:56:47] Appel depuis la CN de: 5992391C
E> [16/05/2012 08:56:51] N'a pu émettre le fichier: C:\machines\T32 Bis\Programmes\81B0004 E.MZK [Le système ne peut pas lire le périphérique indiqué]
I> [16/05/2012 08:56:52] Le programme appelé depuis la CN est trouvé: C:\machines\T32 Bis\Programmes\5992391C.MZK
I> [16/05/2012 08:56:52] Programmes dans les fichiers demandés: Programme 5901 (5992391C), Programme 5903 (5992391C)
I> [16/05/2012 08:56:58] Appel depuis la CN de: 5992391C
I> [16/05/2012 08:57:04] Le programme appelé depuis la CN est trouvé: C:\machines\T32 Bis\Programmes\5992391C.MZK
I> [16/05/2012 08:57:04] Programmes dans les fichiers demandés: Programme 5901 (5992391C), Programme 5903 (5992391C)
I> [16/05/2012 08:58:17] Emission de programme: Programme 5901 (5992391C)
I> [16/05/2012 08:58:30] Emission de programme: Programme 5903 (5992391C)
I> [16/05/2012 10:10:21] Appel depuis la CN de: 5992269C
I> [16/05/2012 10:10:27] Le programme appelé depuis la CN est trouvé: C:\machines\T32 Bis\Programmes\5992269C.MZK
I> [16/05/2012 10:10:27] Programmes dans les fichiers demandés: Programme 5642 (5992269C), Programme 5643 (5992269C), Programme 5672 (5992269C)
I> [16/05/2012 10:10:32] Appel depuis la CN de: 5992269C
I> [16/05/2012 10:10:39] Le programme appelé depuis la CN est trouvé: C:\machines\T32 Bis\Programmes\5992269C.MZK
I> [16/05/2012 10:10:39] Programmes dans les fichiers demandés: Programme 5642 (5992269C), Programme 5643 (5992269C), Programme 5672 (5992269C)
I> [16/05/2012 10:12:13] Emission de programme: Programme 5642 (5992269C)
I> [16/05/2012 10:12:22] Emission de programme: Programme 5643 (5992269C)
I> [16/05/2012 10:12:32] Emission de programme: Programme 5672 (5992269C)
I> [16/05/2012 19:16:21] Appel depuis la CN de: 4805918A
I> [16/05/2012 19:16:26] Le programme appelé depuis la CN est trouvé: C:\machines\T32 Bis\Programmes\4805918A.MZK
I> [16/05/2012 19:16:26] Programmes dans les fichiers demandés: Programme 5379 (4805918A), Programme 5380 (4805918A), Programme 5381 (4805918A), Programme 5382 (4805918A), Programme 5383 (4805918A), Programme 5384 (4805918A)
I> [16/05/2012 19:16:37] Emission de programme: Programme 5379 (4805918A)
I> [16/05/2012 19:16:44] Emission de programme: Programme 5380 (4805918A)
I> [16/05/2012 19:16:52] Emission de programme: Programme 5381 (4805918A)
I> [16/05/2012 19:16:57] Emission de programme: Programme 5382 (4805918A)
I> [16/05/2012 19:17:07] Emission de programme: Programme 5383 (4805918A)
I> [16/05/2012 19:17:39] Emission de programme: Programme 5384 (4805918A)
