I> [16/01/2007 09:46:45] Appel depuis la CN de: 1974628F
E> [16/01/2007 09:46:51] N'a pu trouver le programme appelé depuis la CN: 1974628F.MZK [Premier répertoire recherché : C:\machines\T32\Programmes]
E> [16/01/2007 09:46:52] N'a pu émettre le fichier. [Previous remote request failed.]
I> [16/01/2007 09:47:22] Appel depuis la CN de: 1974628 F
E> [16/01/2007 09:47:29] N'a pu trouver le programme appelé depuis la CN: 1974628 F.MZK [Premier répertoire recherché : C:\machines\T32\Programmes]
E> [16/01/2007 09:47:30] N'a pu émettre le fichier. [Previous remote request failed.]
I> [16/01/2007 10:04:50] Appel depuis la CN de: 1974628 5
E> [16/01/2007 10:04:56] N'a pu trouver le programme appelé depuis la CN: 1974628 5.MZK [Premier répertoire recherché : C:\machines\T32\Programmes]
E> [16/01/2007 10:04:57] N'a pu émettre le fichier. [Previous remote request failed.]
I> [16/01/2007 10:05:15] Appel depuis la CN de: 1974628 7
I> [16/01/2007 10:05:21] Le programme appelé depuis la CN est trouvé: C:\machines\T32\Programmes\DRESSER\1974628 7.MZK
I> [16/01/2007 10:05:22] Programmes dans les fichiers demandés: Programme 3171 (1974628 7), Programme 3177 (1974628 7)
I> [16/01/2007 10:05:27] Emission de programme: Programme 3171 (1974628 7)
I> [16/01/2007 10:05:43] Emission de programme: Programme 3177 (1974628 7)
I> [16/01/2007 10:07:58] Appel depuis la CN de: 1974630 7
E> [16/01/2007 10:08:04] N'a pu trouver le programme appelé depuis la CN: 1974630 7.MZK [Premier répertoire recherché : C:\machines\T32\Programmes]
E> [16/01/2007 10:08:05] N'a pu émettre le fichier. [Previous remote request failed.]
I> [16/01/2007 10:08:44] Appel depuis la CN de: 1974630 1
I> [16/01/2007 10:08:50] Le programme appelé depuis la CN est trouvé: C:\machines\T32\Programmes\DRESSER\1974630 1.MZK
I> [16/01/2007 10:08:50] Programmes dans les fichiers demandés: Programme 4012 (1974630 1), Programme 4013 (1974630 1)
I> [16/01/2007 10:10:49] Appel depuis la CN de: 1974630 7
E> [16/01/2007 10:10:55] N'a pu trouver le programme appelé depuis la CN: 1974630 7.MZK [Premier répertoire recherché : C:\machines\T32\Programmes]
E> [16/01/2007 10:10:56] N'a pu émettre le fichier. [Previous remote request failed.]
I> [16/01/2007 10:11:27] Appel depuis la CN de: 19746307
E> [16/01/2007 10:11:33] N'a pu trouver le programme appelé depuis la CN: 19746307.MZK [Premier répertoire recherché : C:\machines\T32\Programmes]
E> [16/01/2007 10:11:35] N'a pu émettre le fichier. [Previous remote request failed.]
I> [16/01/2007 10:11:59] Appel depuis la CN de: 1974630 5
E> [16/01/2007 10:12:06] N'a pu trouver le programme appelé depuis la CN: 1974630 5.MZK [Premier répertoire recherché : C:\machines\T32\Programmes]
E> [16/01/2007 10:12:06] N'a pu émettre le fichier. [Previous remote request failed.]
I> [16/01/2007 10:12:25] Appel depuis la CN de: 1974630-7
E> [16/01/2007 10:12:31] N'a pu trouver le programme appelé depuis la CN: 1974630-7.MZK [Premier répertoire recherché : C:\machines\T32\Programmes]
E> [16/01/2007 10:12:33] N'a pu émettre le fichier. [Previous remote request failed.]
I> [16/01/2007 10:13:02] Appel depuis la CN de: 1974630 1
I> [16/01/2007 10:13:09] Le programme appelé depuis la CN est trouvé: C:\machines\T32\Programmes\DRESSER\1974630 1.MZK
I> [16/01/2007 10:13:09] Programmes dans les fichiers demandés: Programme 4012 (1974630 1), Programme 4013 (1974630 1)
I> [16/01/2007 10:13:14] Emission de programme: Programme 4012 (1974630 1)
I> [16/01/2007 10:13:35] Emission de programme: Programme 4013 (1974630 1)
