I> [16/07/2010 05:03:49] Port activé avec succès.
I> [16/07/2010 05:06:50] Appel depuis la CN de: 241003332
I> [16/07/2010 05:06:55] Le programme appelé depuis la CN est trouvé: C:\machines\T32 Bis\Programmes\241003332.MZK
I> [16/07/2010 05:06:55] Programmes dans les fichiers demandés: Programme 40, Données d'outil, Programme 40, Données d'outil
I> [16/07/2010 07:19:20] Appel depuis la CN de: 241012010
I> [16/07/2010 07:19:25] Le programme appelé depuis la CN est trouvé: C:\machines\T32 Bis\Programmes\241012010.MZK
I> [16/07/2010 07:19:25] Programmes dans les fichiers demandés: Programme 40, Données d'outil, Programme 40, Données d'outil
I> [16/07/2010 07:19:30] Emission de programme: Programme 40
I> [16/07/2010 07:19:38] Emission de programme: Données d'outil
I> [16/07/2010 10:09:05] Appel depuis la CN de: 3007-14-02I
I> [16/07/2010 10:09:10] Le programme appelé depuis la CN est trouvé: C:\machines\T32 Bis\Programmes\LA CALHENE\3007-14-02I.MZK
I> [16/07/2010 10:09:10] Programmes dans les fichiers demandés: Programme 1029 (3007-14-02I), Programme 1030 (3007-14-02I), Programme 1089 (3007-14-02I), Programme 1090 (3007-14-02I), Programme 2217 (3007-14-02I), Programme 2218 (3007-14-02I)
I> [16/07/2010 10:09:41] Emission de programme: Programme 1029 (3007-14-02I)
I> [16/07/2010 10:09:47] Emission de programme: Programme 1030 (3007-14-02I)
I> [16/07/2010 10:09:52] Emission de programme: Programme 1089 (3007-14-02I)
I> [16/07/2010 10:10:04] Emission de programme: Programme 1090 (3007-14-02I)
I> [16/07/2010 10:10:17] Emission de programme: Programme 2217 (3007-14-02I)
I> [16/07/2010 10:10:22] Emission de programme: Programme 2218 (3007-14-02I)
I> [16/07/2010 10:42:24] Réception: programme 925 (241003132B)
I> [16/07/2010 10:42:37] Réception: programme 926 (241003132B)
I> [16/07/2010 10:42:52] Fichier reçu: C:\machines\T32 Bis\Programmes\241003132B.MZK
I> [16/07/2010 10:42:52] Programmes dans les fichiers demandés: Programme 925 (241003132B), Programme 926 (241003132B)
I> [16/07/2010 10:43:37] Appel depuis la CN de: 241003132B
I> [16/07/2010 10:43:42] Le programme appelé depuis la CN est trouvé: C:\machines\T32 Bis\Programmes\ERCA FORMSEAL\241003132B.MZK
I> [16/07/2010 10:43:42] Programmes dans les fichiers demandés: Programme 925 (241003132B), Programme 926 (241003132B)
