I> [16/06/2010 05:10:13] Port activé avec succès.
I> [16/06/2010 15:21:17] Appel depuis la CN de: 4996645A
I> [16/06/2010 15:21:23] Le programme appelé depuis la CN est trouvé: C:\machines\T32 Bis\Programmes\4996645A.MZK
I> [16/06/2010 15:21:23] Programmes dans les fichiers demandés: Programme 2811 (4996645A), Programme 2812 (4996645A), Programme 2813 (4996645A)
I> [16/06/2010 15:21:27] Emission de programme: Programme 2811 (4996645A)
I> [16/06/2010 15:21:50] Emission de programme: Programme 2812 (4996645A)
I> [16/06/2010 15:22:16] Emission de programme: Programme 2813 (4996645A)
I> [16/06/2010 15:23:39] Appel depuis la CN de: 4996645A
E> [16/06/2010 15:23:46] N'a pu émettre le fichier: C:\machines\T32 Bis\Programmes\4996645A.MZK [Le système ne peut pas lire le périphérique indiqué]
I> [16/06/2010 15:23:46] Le programme appelé depuis la CN est trouvé: C:\machines\T32 Bis\Programmes\FLOWSERVE\4996645A.MZK
I> [16/06/2010 15:23:46] Programmes dans les fichiers demandés: Programme 774 (4996645A), Programme 775 (4996645A), Programme 2813 (4996645A)
I> [16/06/2010 15:23:52] Appel depuis la CN de: 4996645A
I> [16/06/2010 15:24:01] Le programme appelé depuis la CN est trouvé: C:\machines\T32 Bis\Programmes\FLOWSERVE\4996645A.MZK
I> [16/06/2010 15:24:01] Programmes dans les fichiers demandés: Programme 774 (4996645A), Programme 775 (4996645A), Programme 2813 (4996645A)
I> [16/06/2010 15:24:05] Emission de programme: Programme 774 (4996645A)
I> [16/06/2010 15:24:29] Emission de programme: Programme 775 (4996645A)
I> [16/06/2010 15:25:44] Emission de programme: Programme 775 (4996645A)
I> [16/06/2010 15:26:28] Appel depuis la CN de: 2973080B
I> [16/06/2010 15:26:35] Le programme appelé depuis la CN est trouvé: C:\machines\T32 Bis\Programmes\2973080B.MZK
I> [16/06/2010 15:26:35] Programmes dans les fichiers demandés: Programme 2808 (2973080B), Programme 2809 (2973080B), Programme 2810 (2973080B)
I> [16/06/2010 15:26:39] Emission de programme: Programme 2808 (2973080B)
I> [16/06/2010 15:26:56] Emission de programme: Programme 2809 (2973080B)
I> [16/06/2010 15:27:13] Emission de programme: Programme 2810 (2973080B)
I> [16/06/2010 20:02:37] Réception: programme 867 (2973080B)
I> [16/06/2010 20:02:47] Réception: programme 869 (2973080B)
I> [16/06/2010 20:03:01] Réception: programme 870 (2973080B)
I> [16/06/2010 20:03:12] Fichier existant sauvegardé: C:\MACHINES\T32 BIS\SAUVEGARDES\2973080B_01.MZK
I> [16/06/2010 20:03:12] Fichier reçu: C:\machines\T32 Bis\Programmes\2973080B.MZK
I> [16/06/2010 20:03:12] Programmes dans les fichiers demandés: Programme 867 (2973080B), Programme 869 (2973080B), Programme 870 (2973080B)
