I> [16/01/2012 05:08:44] Port activé avec succès.
I> [16/01/2012 08:48:52] Appel depuis la CN de: 5996102A
E> [16/01/2012 08:48:57] N'a pu émettre le fichier: C:\machines\T32 Bis\Programmes\81B0004 E.MZK [Le système ne peut pas lire le périphérique indiqué]
E> [16/01/2012 08:48:58] N'a pu trouver le programme appelé depuis la CN: 5996102A.MZK [Premier répertoire recherché : C:\machines\T32 Bis\Programmes]
I> [16/01/2012 08:49:31] Appel depuis la CN de: 5996102A 14
I> [16/01/2012 08:49:36] Le programme appelé depuis la CN est trouvé: C:\machines\T32 Bis\Programmes\FLOWSERVE\5996102A 14.MZK
I> [16/01/2012 08:49:36] Programmes dans les fichiers demandés: Programme 1229 (5996102A 14)
I> [16/01/2012 08:51:39] Appel depuis la CN de: 5996102A 14
I> [16/01/2012 08:51:44] Le programme appelé depuis la CN est trouvé: C:\machines\T32 Bis\Programmes\FLOWSERVE\5996102A 14.MZK
I> [16/01/2012 08:51:44] Programmes dans les fichiers demandés: Programme 1229 (5996102A 14)
I> [16/01/2012 08:52:36] Emission de programme: Programme 1229 (5996102A 14)
I> [16/01/2012 08:53:09] Appel depuis la CN de: 5996101A 14
I> [16/01/2012 08:53:14] Le programme appelé depuis la CN est trouvé: C:\machines\T32 Bis\Programmes\FLOWSERVE\5996101A 14.MZK
I> [16/01/2012 08:53:14] Programmes dans les fichiers demandés: Programme 1230 (5996101A 14)
I> [16/01/2012 08:53:31] Emission de programme: Programme 1230 (5996101A 14)
I> [16/01/2012 08:54:05] Appel depuis la CN de: 5996122A 14
I> [16/01/2012 08:54:10] Le programme appelé depuis la CN est trouvé: C:\machines\T32 Bis\Programmes\FLOWSERVE\5996122A 14.MZK
I> [16/01/2012 08:54:10] Programmes dans les fichiers demandés: Programme 1232 (5996122A 14)
I> [16/01/2012 08:54:18] Emission de programme: Programme 1232 (5996122A 14)
I> [16/01/2012 08:54:55] Appel depuis la CN de: 5996104A 14
I> [16/01/2012 08:55:00] Le programme appelé depuis la CN est trouvé: C:\machines\T32 Bis\Programmes\FLOWSERVE\5996104A 14.MZK
I> [16/01/2012 08:55:00] Programmes dans les fichiers demandés: Programme 1233 (5996104A 14)
I> [16/01/2012 08:55:04] Emission de programme: Programme 1233 (5996104A 14)
I> [16/01/2012 08:55:39] Appel depuis la CN de: 5996103A 14
I> [16/01/2012 08:55:44] Le programme appelé depuis la CN est trouvé: C:\machines\T32 Bis\Programmes\FLOWSERVE\5996103A 14.MZK
I> [16/01/2012 08:55:44] Programmes dans les fichiers demandés: Programme 1231 (5996103A 14)
I> [16/01/2012 08:55:50] Emission de programme: Programme 1231 (5996103A 14)
I> [16/01/2012 09:00:17] Emission de programme: Programme 1231 (5996103A 14)
I> [16/01/2012 13:41:34] Appel depuis la CN de: 5987656A
I> [16/01/2012 13:41:39] Le programme appelé depuis la CN est trouvé: C:\machines\T32 Bis\Programmes\FLOWSERVE\5987656A.MZK
I> [16/01/2012 13:41:39] Programmes dans les fichiers demandés: Programme 1188 (5987656A)
I> [16/01/2012 13:41:45] Emission de programme: Programme 1188 (5987656A)
