I> [16/11/2011 05:21:20] Port activé avec succès.
I> [16/11/2011 12:26:36] Appel depuis la CN de: 2976864D
I> [16/11/2011 12:26:41] Le programme appelé depuis la CN est trouvé: C:\machines\T32 Bis\Programmes\FLOWSERVE\2976864D.MZK
I> [16/11/2011 12:26:41] Programmes dans les fichiers demandés: Programme 435 (2976864D), Programme 437 (2976864D)
I> [16/11/2011 12:26:59] Emission de programme: Programme 435 (2976864D)
I> [16/11/2011 12:27:14] Emission de programme: Programme 437 (2976864D)
I> [16/11/2011 18:25:57] Réception: programme 435 (2976864D)
I> [16/11/2011 18:26:14] Réception: programme 437 (2976864D)
I> [16/11/2011 18:26:35] Fichier reçu: C:\machines\T32 Bis\Programmes\2976864D.MZK
I> [16/11/2011 18:26:35] Programmes dans les fichiers demandés: Programme 435 (2976864D), Programme 437 (2976864D)
I> [16/11/2011 18:40:12] Appel depuis la CN de: 2976836D
I> [16/11/2011 18:40:17] Le programme appelé depuis la CN est trouvé: C:\machines\T32 Bis\Programmes\FLOWSERVE\2976836D.MZK
I> [16/11/2011 18:40:17] Programmes dans les fichiers demandés: Programme 126 (2976836D), Programme 129 (2976836D)
I> [16/11/2011 18:40:22] Emission de programme: Programme 126 (2976836D)
I> [16/11/2011 18:40:36] Emission de programme: Programme 129 (2976836D)
I> [16/11/2011 18:45:03] Réception: programme 126 (2976836D)
I> [16/11/2011 18:45:19] Réception: programme 129 (2976836D)
I> [16/11/2011 18:45:38] Fichier reçu: C:\machines\T32 Bis\Programmes\2976836D.MZK
I> [16/11/2011 18:45:38] Programmes dans les fichiers demandés: Programme 126 (2976836D), Programme 129 (2976836D)
I> [16/11/2011 20:07:24] Appel depuis la CN de: 2976835D
E> [16/11/2011 20:07:28] N'a pu émettre le fichier: C:\machines\T32 Bis\Programmes\2976836D.MZK [Le système ne peut pas lire le périphérique indiqué]
I> [16/11/2011 20:07:29] Le programme appelé depuis la CN est trouvé: C:\machines\T32 Bis\Programmes\FLOWSERVE\2976835D.MZK
I> [16/11/2011 20:07:29] Programmes dans les fichiers demandés: Programme 50 (2976835D), Programme 51 (2976835D)
I> [16/11/2011 20:07:33] Emission de programme: Programme 50 (2976835D)
I> [16/11/2011 20:07:44] Emission de programme: Programme 51 (2976835D)
