I> [16/12/2008 12:28:47] Appel depuis la CN de: 3984610A
I> [16/12/2008 12:28:52] Le programme appelé depuis la CN est trouvé: C:\machines\T32 Bis\Programmes\FLOWSERVE\3984610A.MZK
I> [16/12/2008 12:28:52] Programmes dans les fichiers demandés: Programme 39 (3984610A), Programme 47 (3984610A)
I> [16/12/2008 12:29:12] Emission de programme: Programme 39 (3984610A)
I> [16/12/2008 12:29:32] Emission de programme: Programme 47 (3984610A)
I> [16/12/2008 12:30:08] Appel depuis la CN de: 4972542A
I> [16/12/2008 12:30:36] Appel depuis la CN de: 4972542A
E> [16/12/2008 12:30:41] N'a pu trouver le programme appelé depuis la CN: 4972542A.MZK [Premier répertoire recherché : C:\machines\T32 Bis\Programmes]
E> [16/12/2008 12:30:41] N'a pu émettre le fichier. [Previous remote request failed.]
E> [16/12/2008 12:30:43] N'a pu émettre le fichier. [Previous remote request failed.]
E> [16/12/2008 12:30:50] N'a pu émettre le fichier. [Previous remote request failed.]
I> [16/12/2008 12:31:33] Appel depuis la CN de: 4972542 A
E> [16/12/2008 12:31:38] N'a pu trouver le programme appelé depuis la CN: 4972542 A.MZK [Premier répertoire recherché : C:\machines\T32 Bis\Programmes]
E> [16/12/2008 12:31:38] N'a pu émettre le fichier. [Previous remote request failed.]
E> [16/12/2008 12:31:41] N'a pu émettre le fichier. [Previous remote request failed.]
E> [16/12/2008 12:31:42] N'a pu émettre le fichier. [Previous remote request failed.]
E> [16/12/2008 12:31:44] N'a pu émettre le fichier. [Previous remote request failed.]
E> [16/12/2008 12:31:52] N'a pu émettre le fichier. [Previous remote request failed.]
I> [16/12/2008 12:34:05] Appel depuis la CN de: 4972542A
E> [16/12/2008 12:34:09] N'a pu émettre le fichier. [Previous remote request failed.]
I> [16/12/2008 12:34:09] Le programme appelé depuis la CN est trouvé: C:\machines\T32 Bis\Programmes\4972542A.MZK
I> [16/12/2008 12:34:09] Programmes dans les fichiers demandés: Programme 53 (4972542A), Programme 54 (4972542A)
I> [16/12/2008 12:34:26] Emission de programme: Programme 53 (4972542A)
I> [16/12/2008 12:34:50] Emission de programme: Programme 54 (4972542A)
