I> [16/12/2014 05:05:14] Port activé avec succès.
I> [16/12/2014 11:11:38] Réception: programme 6482 (30190HASTEL)
I> [16/12/2014 11:12:04] Fichier reçu: C:\machines\T32 Bis\Programmes\30190HASTEL.MZK
I> [16/12/2014 11:12:04] Programmes dans les fichiers demandés: Programme 6482 (30190HASTEL)
I> [16/12/2014 13:41:57] Appel depuis la CN de: 83531
E> [16/12/2014 13:42:01] N'a pu émettre le fichier: C:\machines\T32 Bis\Programmes\30190HASTEL.MZK [Le système ne peut pas lire le périphérique indiqué]
E> [16/12/2014 13:42:02] N'a pu trouver le programme appelé depuis la CN: 83531.MZK [Premier répertoire recherché : C:\machines\T32 Bis\Programmes]
E> [16/12/2014 13:42:03] N'a pu émettre le fichier. [Previous remote request failed.]
E> [16/12/2014 13:42:05] N'a pu émettre le fichier. [Previous remote request failed.]
I> [16/12/2014 13:46:30] Appel depuis la CN de: 83531
E> [16/12/2014 13:46:34] N'a pu émettre le fichier. [Previous remote request failed.]
I> [16/12/2014 13:46:35] Le programme appelé depuis la CN est trouvé: C:\machines\T32 Bis\Programmes\83531.MZK
I> [16/12/2014 13:46:35] Programmes dans les fichiers demandés: Programme 93 (83531), Programme 94 (83531), Programme 95 (83531)
I> [16/12/2014 13:46:40] Emission de programme: Programme 93 (83531)
I> [16/12/2014 13:47:00] Emission de programme: Programme 94 (83531)
I> [16/12/2014 13:47:23] Emission de programme: Programme 95 (83531)
I> [16/12/2014 13:47:50] Appel depuis la CN de: 80036
I> [16/12/2014 13:47:57] Le programme appelé depuis la CN est trouvé: C:\machines\T32 Bis\Programmes\SMTA\80036.MZK
I> [16/12/2014 13:47:57] Programmes dans les fichiers demandés: Programme 4117 (80036), Programme 4119 (80036), Programme 4121 (80036)
I> [16/12/2014 13:48:03] Emission de programme: Programme 4117 (80036)
I> [16/12/2014 13:48:23] Emission de programme: Programme 4119 (80036)
I> [16/12/2014 13:48:39] Emission de programme: Programme 4121 (80036)
