I> [16/12/2011 07:32:12] Port activé avec succès.
I> [16/12/2011 10:08:54] Appel depuis la CN de: 1127305004B
I> [16/12/2011 10:08:58] Le programme appelé depuis la CN est trouvé: C:\machines\T32 Bis\Programmes\1127305004B.MZK
I> [16/12/2011 10:08:59] Programmes dans les fichiers demandés: Programme 6, Données d'outil, Programme 21, Données d'outil, Programme 15, Données d'outil, Programme 10, Données d'outil, Programme 11, Données d'outil, Programme 11, Données d'outil, Programme 46, Données d'outil, Programme 27, Données d'outil
I> [16/12/2011 10:09:05] Emission de programme: Programme 6
I> [16/12/2011 10:09:07] Emission de programme: Données d'outil
I> [16/12/2011 10:09:08] Emission de programme: Programme 21
I> [16/12/2011 10:09:13] Emission de programme: Données d'outil
I> [16/12/2011 10:09:14] Emission de programme: Programme 15
I> [16/12/2011 10:09:18] Emission de programme: Données d'outil
I> [16/12/2011 10:09:19] Emission de programme: Programme 10
I> [16/12/2011 10:09:21] Emission de programme: Données d'outil
I> [16/12/2011 10:09:22] Emission de programme: Programme 11
I> [16/12/2011 10:09:25] Emission de programme: Données d'outil
I> [16/12/2011 10:09:26] Emission de programme: Programme 11
I> [16/12/2011 10:09:29] Emission de programme: Données d'outil
I> [16/12/2011 10:09:30] Emission de programme: Programme 46
I> [16/12/2011 10:09:39] Emission de programme: Données d'outil
I> [16/12/2011 10:09:41] Emission de programme: Programme 27
I> [16/12/2011 10:09:46] Emission de programme: Données d'outil
