I> [16/12/2009 05:11:21] Port activé avec succès.
I> [16/12/2009 09:35:36] Appel depuis la CN de: D42-D30-L45
E> [16/12/2009 09:35:43] N'a pu émettre le fichier: C:\machines\T32 Bis\Programmes\4340 02 09A.MZK [Le système ne peut pas lire le périphérique indiqué]
I> [16/12/2009 09:35:43] Le programme appelé depuis la CN est trouvé: C:\machines\T32 Bis\Programmes\CRD\D42-D30-L45.MZK
I> [16/12/2009 09:35:43] Programmes dans les fichiers demandés: Programme 680 (D42-D30-L45)
I> [16/12/2009 09:35:51] Appel depuis la CN de: D42-D30-L45
I> [16/12/2009 09:36:00] Le programme appelé depuis la CN est trouvé: C:\machines\T32 Bis\Programmes\CRD\D42-D30-L45.MZK
I> [16/12/2009 09:36:00] Programmes dans les fichiers demandés: Programme 680 (D42-D30-L45)
I> [16/12/2009 09:36:02] Emission de programme: Programme 680 (D42-D30-L45)
I> [16/12/2009 14:02:46] Appel depuis la CN de: POULIE-280
I> [16/12/2009 14:02:53] Le programme appelé depuis la CN est trouvé: C:\machines\T32 Bis\Programmes\CRD\POULIE-280.MZK
I> [16/12/2009 14:02:53] Programmes dans les fichiers demandés: Programme 181 (POULIE-280), Programme 182 (POULIE-280)
I> [16/12/2009 14:03:04] Emission de programme: Programme 181 (POULIE-280)
I> [16/12/2009 14:03:10] Emission de programme: Programme 182 (POULIE-280)
I> [16/12/2009 16:53:17] Réception: programme 742 (D70-D60-D50)
I> [16/12/2009 16:53:25] Réception: programme 743 (D70-D60-D50)
I> [16/12/2009 16:53:34] Fichier reçu: C:\machines\T32 Bis\Programmes\D70-D60-D50.MZK
I> [16/12/2009 16:53:34] Programmes dans les fichiers demandés: Programme 742 (D70-D60-D50), Programme 743 (D70-D60-D50)
I> [16/12/2009 17:29:26] Port arrêté.
I> [16/12/2009 17:30:15] Port activé avec succès.
I> [16/12/2009 17:30:54] Port arrêté.
I> [16/12/2009 17:33:27] Port activé avec succès.
