I> [16/10/2013 05:12:55] Port activé avec succès.
I> [16/10/2013 18:34:42] Appel depuis la CN de: 21270050101
I> [16/10/2013 18:34:46] Le programme appelé depuis la CN est trouvé: C:\machines\T32 Bis\Programmes\LA CALHENE\21270050101.MZK
I> [16/10/2013 18:34:47] Programmes dans les fichiers demandés: Programme 1006 (21270050101), Programme 1007 (21270050101), Programme 1008 (21270050101), Programme 1009 (21270050101)
I> [16/10/2013 18:35:05] Emission de programme: Programme 1006 (21270050101)
I> [16/10/2013 18:35:28] Emission de programme: Programme 1007 (21270050101)
I> [16/10/2013 18:36:43] Emission de programme: Programme 1008 (21270050101)
I> [16/10/2013 18:37:15] Emission de programme: Programme 1009 (21270050101)
I> [16/10/2013 18:42:10] Appel depuis la CN de: 212700501
I> [16/10/2013 18:42:15] Le programme appelé depuis la CN est trouvé: C:\machines\T32 Bis\Programmes\LA CALHENE\212700501.MZK
I> [16/10/2013 18:42:15] Programmes dans les fichiers demandés: Programme 1463 (212700501), Programme 1464 (212700501), Programme 1465 (212700501), Programme 1466 (212700501), Programme 1467 (212700501)
I> [16/10/2013 18:42:21] Emission de programme: Programme 1463 (212700501)
I> [16/10/2013 18:42:54] Emission de programme: Programme 1464 (212700501)
I> [16/10/2013 18:43:22] Emission de programme: Programme 1465 (212700501)
I> [16/10/2013 18:46:11] Emission de programme: Programme 1465 (212700501)
I> [16/10/2013 18:47:02] Emission de programme: Programme 1466 (212700501)
I> [16/10/2013 18:47:31] Emission de programme: Programme 1467 (212700501)
I> [16/10/2013 20:28:49] Appel depuis la CN de: 212700501
I> [16/10/2013 20:28:54] Le programme appelé depuis la CN est trouvé: C:\machines\T32 Bis\Programmes\LA CALHENE\212700501.MZK
I> [16/10/2013 20:28:54] Programmes dans les fichiers demandés: Programme 1463 (212700501), Programme 1464 (212700501), Programme 1465 (212700501), Programme 1466 (212700501), Programme 1467 (212700501)
I> [16/10/2013 20:29:05] Emission de programme: Programme 1463 (212700501)
