I> [16/11/2015 05:03:46] Port activé avec succès.
I> [16/11/2015 12:17:56] Réception: programme 1545 (9001-04-02G)
I> [16/11/2015 12:18:02] Réception: programme 1547 (9001-04-02G)
I> [16/11/2015 12:18:11] Réception: programme 1549 (9001-04-02G)
I> [16/11/2015 12:18:17] Réception: programme 1551 (9001-04-02G)
I> [16/11/2015 12:18:48] Réception: programme 1552 (9001-04-02G)
I> [16/11/2015 12:18:54] Fichier reçu: C:\machines\T32 Bis\Programmes\9001-04-02G.MZK
I> [16/11/2015 12:18:54] Programmes dans les fichiers demandés: Programme 1545 (9001-04-02G), Programme 1547 (9001-04-02G), Programme 1549 (9001-04-02G), Programme 1551 (9001-04-02G), Programme 1552 (9001-04-02G)
I> [16/11/2015 14:03:16] Réception: programme 1546 (9001-04-01L)
I> [16/11/2015 14:03:27] Réception: programme 1548 (9001-04-01L)
I> [16/11/2015 14:03:32] Réception: programme 1550 (9001-04-01L)
I> [16/11/2015 14:03:56] Réception: programme 1553 (9001-04-01L)
I> [16/11/2015 14:04:02] Fichier reçu: C:\machines\T32 Bis\Programmes\9001-04-01L.MZK
I> [16/11/2015 14:04:02] Programmes dans les fichiers demandés: Programme 1546 (9001-04-01L), Programme 1548 (9001-04-01L), Programme 1550 (9001-04-01L), Programme 1553 (9001-04-01L)
I> [16/11/2015 14:20:04] Appel depuis la CN de: 2975047E 2
E> [16/11/2015 14:20:09] N'a pu émettre le fichier: C:\machines\T32 Bis\Programmes\9001-04-01L.MZK [Le système ne peut pas lire le périphérique indiqué]
I> [16/11/2015 14:20:09] Le programme appelé depuis la CN est trouvé: C:\machines\T32 Bis\Programmes\FLOWSERVE\2975047E 2.MZK
I> [16/11/2015 14:20:09] Programmes dans les fichiers demandés: Programme 490 (2975047E 2), Programme 491 (2975047E 2)
I> [16/11/2015 14:20:14] Emission de programme: Programme 490 (2975047E 2)
I> [16/11/2015 14:20:38] Emission de programme: Programme 491 (2975047E 2)
I> [16/11/2015 16:25:37] Appel depuis la CN de: 9001-04-02K
E> [16/11/2015 16:25:42] N'a pu trouver le programme appelé depuis la CN: 9001-04-02K.MZK [Premier répertoire recherché : C:\machines\T32 Bis\Programmes]
E> [16/11/2015 16:27:23] N'a pu émettre le fichier. [Previous remote request failed.]
I> [16/11/2015 16:28:33] Appel depuis la CN de: 9001-04-02G
E> [16/11/2015 16:28:37] N'a pu émettre le fichier. [Previous remote request failed.]
I> [16/11/2015 16:28:38] Le programme appelé depuis la CN est trouvé: C:\machines\T32 Bis\Programmes\LA CALHENE\9001-04-02G.MZK
I> [16/11/2015 16:28:38] Programmes dans les fichiers demandés: Programme 1545 (9001-04-02G), Programme 1547 (9001-04-02G), Programme 1549 (9001-04-02G), Programme 1551 (9001-04-02G), Programme 1552 (9001-04-02G)
I> [16/11/2015 16:28:51] Emission de programme: Programme 1551 (9001-04-02G)
I> [16/11/2015 16:30:41] Appel depuis la CN de: 9001-04-02G
I> [16/11/2015 16:30:48] Le programme appelé depuis la CN est trouvé: C:\machines\T32 Bis\Programmes\LA CALHENE\9001-04-02G.MZK
I> [16/11/2015 16:30:48] Programmes dans les fichiers demandés: Programme 1545 (9001-04-02G), Programme 1547 (9001-04-02G), Programme 1549 (9001-04-02G), Programme 1551 (9001-04-02G), Programme 1552 (9001-04-02G)
I> [16/11/2015 16:30:54] Emission de programme: Programme 1545 (9001-04-02G)
I> [16/11/2015 16:31:00] Emission de programme: Programme 1547 (9001-04-02G)
I> [16/11/2015 16:31:09] Emission de programme: Programme 1549 (9001-04-02G)
I> [16/11/2015 16:31:14] Emission de programme: Programme 1552 (9001-04-02G)
I> [16/11/2015 19:45:04] Appel depuis la CN de: 2974373E 2
I> [16/11/2015 19:45:13] Le programme appelé depuis la CN est trouvé: C:\machines\T32 Bis\Programmes\FLOWSERVE\2974373E 2.MZK
I> [16/11/2015 19:45:13] Programmes dans les fichiers demandés: Programme 4226 (2974373E 2), Programme 4229 (2974373E 2)
I> [16/11/2015 19:47:21] Emission de programme: Programme 4226 (2974373E 2)
I> [16/11/2015 19:47:44] Emission de programme: Programme 4229 (2974373E 2)
