I> [17/03/2009 08:10:25] Port activé avec succès.
I> [17/03/2009 12:16:09] Réception: programme 518 (012000448B)
I> [17/03/2009 12:16:33] Fichier reçu: C:\machines\T32 Bis\Programmes\012000448B.MZK
I> [17/03/2009 12:16:33] Programmes dans les fichiers demandés: Programme 518 (012000448B)
I> [17/03/2009 12:16:40] Réception: programme 519 (012000480)
I> [17/03/2009 12:17:04] Fichier reçu: C:\machines\T32 Bis\Programmes\012000480.MZK
I> [17/03/2009 12:17:04] Programmes dans les fichiers demandés: Programme 519 (012000480)
I> [17/03/2009 12:32:55] Appel depuis la CN de: 2976836D
E> [17/03/2009 12:33:08] N'a pu émettre le fichier: C:\machines\T32 Bis\Programmes\012000480.MZK [Le système ne peut pas lire le périphérique indiqué]
I> [17/03/2009 12:33:09] Le programme appelé depuis la CN est trouvé: C:\machines\T32 Bis\Programmes\FLOWSERVE\2976836D.MZK
I> [17/03/2009 12:33:09] Programmes dans les fichiers demandés: Programme 126 (2976836D), Programme 129 (2976836D)
I> [17/03/2009 12:33:41] Emission de programme: Programme 126 (2976836D)
I> [17/03/2009 12:33:55] Emission de programme: Programme 129 (2976836D)
I> [17/03/2009 12:35:17] Appel depuis la CN de: 2976835D
I> [17/03/2009 12:35:31] Le programme appelé depuis la CN est trouvé: C:\machines\T32 Bis\Programmes\FLOWSERVE\2976835D.MZK
I> [17/03/2009 12:35:31] Programmes dans les fichiers demandés: Programme 50 (2976835D), Programme 51 (2976835D)
I> [17/03/2009 12:35:36] Emission de programme: Programme 50 (2976835D)
I> [17/03/2009 12:35:48] Emission de programme: Programme 51 (2976835D)
I> [17/03/2009 12:36:30] Appel depuis la CN de: 2976863C
I> [17/03/2009 12:36:46] Le programme appelé depuis la CN est trouvé: C:\machines\T32 Bis\Programmes\FLOWSERVE\2976863C.MZK
I> [17/03/2009 12:36:46] Programmes dans les fichiers demandés: Programme 434 (2976863C), Programme 438 (2976863C)
I> [17/03/2009 12:37:15] Emission de programme: Programme 434 (2976863C)
I> [17/03/2009 12:37:30] Emission de programme: Programme 438 (2976863C)
