I> [17/02/2017 04:54:50] Port activé avec succès.
I> [17/02/2017 07:44:51] Appel depuis la CN de: 621501K1C
E> [17/02/2017 07:44:56] N'a pu trouver le programme appelé depuis la CN: 621501K1C.MZK [Premier répertoire recherché : C:\machines\T32 Bis\Programmes]
E> [17/02/2017 07:45:06] N'a pu émettre le fichier. [Previous remote request failed.]
E> [17/02/2017 07:45:07] N'a pu émettre le fichier. [Previous remote request failed.]
E> [17/02/2017 07:45:08] N'a pu émettre le fichier. [Previous remote request failed.]
I> [17/02/2017 07:45:41] Appel depuis la CN de: 621501K1C
E> [17/02/2017 07:45:46] N'a pu trouver le programme appelé depuis la CN: 621501K1C.MZK [Premier répertoire recherché : C:\machines\T32 Bis\Programmes]
E> [17/02/2017 07:45:46] N'a pu émettre le fichier. [Previous remote request failed.]
E> [17/02/2017 07:45:47] N'a pu émettre le fichier. [Previous remote request failed.]
E> [17/02/2017 07:46:50] N'a pu émettre le fichier. [Previous remote request failed.]
E> [17/02/2017 07:46:51] N'a pu émettre le fichier. [Previous remote request failed.]
I> [17/02/2017 07:46:58] Appel depuis la CN de: 621501K1C
E> [17/02/2017 07:47:02] N'a pu émettre le fichier. [Previous remote request failed.]
I> [17/02/2017 07:47:02] Le programme appelé depuis la CN est trouvé: C:\machines\T32 Bis\Programmes\621501K1C.MZK
I> [17/02/2017 07:47:02] Programmes dans les fichiers demandés: Programme 6075 (621501K1C), Programme 6076 (621501K1C), Programme 6077 (621501K1C), Programme 6080 (621501K1C), Programme 6081 (621501K1C), Programme 6084 (621501K1C)
I> [17/02/2017 07:47:07] Emission de programme: Programme 6075 (621501K1C)
I> [17/02/2017 07:47:20] Emission de programme: Programme 6076 (621501K1C)
I> [17/02/2017 07:47:32] Emission de programme: Programme 6077 (621501K1C)
I> [17/02/2017 07:47:48] Emission de programme: Programme 6080 (621501K1C)
I> [17/02/2017 07:48:02] Emission de programme: Programme 6081 (621501K1C)
I> [17/02/2017 07:48:25] Emission de programme: Programme 6084 (621501K1C)
