I> [17/03/2010 07:30:17] Port activé avec succès.
I> [17/03/2010 13:46:47] Appel depuis la CN de: 2979992A
I> [17/03/2010 13:46:52] Le programme appelé depuis la CN est trouvé: C:\machines\T32 Bis\Programmes\2979992A.MZK
I> [17/03/2010 13:46:52] Programmes dans les fichiers demandés: Programme 5067 (2979992A), Programme 5068 (2979992A)
I> [17/03/2010 13:47:49] Emission de programme: Programme 5067 (2979992A)
I> [17/03/2010 13:48:06] Emission de programme: Programme 5068 (2979992A)
I> [17/03/2010 14:07:15] Appel depuis la CN de: 2976325C
I> [17/03/2010 14:07:20] Le programme appelé depuis la CN est trouvé: C:\machines\T32 Bis\Programmes\FLOWSERVE\2976325C.MZK
I> [17/03/2010 14:07:20] Programmes dans les fichiers demandés: Programme 128 (2976325C), Programme 131 (2976325C)
I> [17/03/2010 14:08:37] Emission de programme: Programme 128 (2976325C)
I> [17/03/2010 14:08:50] Emission de programme: Programme 131 (2976325C)
I> [17/03/2010 14:24:30] Appel depuis la CN de: 2976841D
I> [17/03/2010 14:24:36] Le programme appelé depuis la CN est trouvé: C:\machines\T32 Bis\Programmes\FLOWSERVE\2976841D.MZK
I> [17/03/2010 14:24:36] Programmes dans les fichiers demandés: Programme 126 (2976841D), Programme 163 (2976841D)
I> [17/03/2010 14:25:04] Emission de programme: Programme 126 (2976841D)
I> [17/03/2010 14:25:18] Emission de programme: Programme 163 (2976841D)
I> [17/03/2010 14:33:02] Appel depuis la CN de: 2976835D
I> [17/03/2010 14:33:07] Le programme appelé depuis la CN est trouvé: C:\machines\T32 Bis\Programmes\FLOWSERVE\2976835D.MZK
I> [17/03/2010 14:33:08] Programmes dans les fichiers demandés: Programme 50 (2976835D), Programme 51 (2976835D)
I> [17/03/2010 14:34:17] Emission de programme: Programme 50 (2976835D)
I> [17/03/2010 14:34:28] Emission de programme: Programme 51 (2976835D)
I> [17/03/2010 14:57:14] Appel depuis la CN de: 2976839C
E> [17/03/2010 14:57:22] N'a pu trouver le programme appelé depuis la CN: 2976839C.MZK [Premier répertoire recherché : C:\machines\T32 Bis\Programmes]
I> [17/03/2010 14:57:35] Appel depuis la CN de: 2976839C
E> [17/03/2010 14:57:40] N'a pu émettre le fichier. [Previous remote request failed.]
E> [17/03/2010 14:57:40] N'a pu trouver le programme appelé depuis la CN: 2976839C.MZK [Premier répertoire recherché : C:\machines\T32 Bis\Programmes]
I> [17/03/2010 14:58:39] Appel depuis la CN de: 2976839C 6
I> [17/03/2010 14:58:44] Le programme appelé depuis la CN est trouvé: C:\machines\T32 Bis\Programmes\FLOWSERVE\2976839C 6.MZK
I> [17/03/2010 14:58:44] Programmes dans les fichiers demandés: Programme 204 (2976839C 6), Programme 206 (2976839C 6)
I> [17/03/2010 14:59:27] Emission de programme: Programme 204 (2976839C 6)
I> [17/03/2010 14:59:46] Emission de programme: Programme 206 (2976839C 6)
I> [17/03/2010 15:07:55] Appel depuis la CN de: 2976840C 6
I> [17/03/2010 15:08:00] Le programme appelé depuis la CN est trouvé: C:\machines\T32 Bis\Programmes\FLOWSERVE\2976840C 6.MZK
I> [17/03/2010 15:08:00] Programmes dans les fichiers demandés: Programme 205 (2976840C 6), Programme 207 (2976840C 6)
I> [17/03/2010 15:08:25] Emission de programme: Programme 205 (2976840C 6)
I> [17/03/2010 15:08:43] Emission de programme: Programme 207 (2976840C 6)
