I> [17/03/2015 04:57:16] Port activé avec succès.
I> [17/03/2015 18:58:08] Appel depuis la CN de: 2127050101
E> [17/03/2015 18:58:13] N'a pu trouver le programme appelé depuis la CN: 2127050101.MZK [Premier répertoire recherché : C:\machines\T32 Bis\Programmes]
E> [17/03/2015 18:58:15] N'a pu émettre le fichier. [Previous remote request failed.]
I> [17/03/2015 18:59:33] Appel depuis la CN de: 2127050101
E> [17/03/2015 18:59:37] N'a pu trouver le programme appelé depuis la CN: 2127050101.MZK [Premier répertoire recherché : C:\machines\T32 Bis\Programmes]
E> [17/03/2015 18:59:48] N'a pu émettre le fichier. [Previous remote request failed.]
I> [17/03/2015 19:00:29] Appel depuis la CN de: 2127050101
E> [17/03/2015 19:00:33] N'a pu trouver le programme appelé depuis la CN: 2127050101.MZK [Premier répertoire recherché : C:\machines\T32 Bis\Programmes]
E> [17/03/2015 19:00:38] N'a pu émettre le fichier. [Previous remote request failed.]
I> [17/03/2015 19:02:38] Appel depuis la CN de: 2127050101
E> [17/03/2015 19:02:43] N'a pu trouver le programme appelé depuis la CN: 2127050101.MZK [Premier répertoire recherché : C:\machines\T32 Bis\Programmes]
E> [17/03/2015 19:02:47] N'a pu émettre le fichier. [Previous remote request failed.]
E> [17/03/2015 19:02:57] N'a pu émettre le fichier. [Previous remote request failed.]
E> [17/03/2015 19:03:28] N'a pu émettre le fichier. [Previous remote request failed.]
I> [17/03/2015 19:05:21] Appel depuis la CN de: 21270050101
I> [17/03/2015 19:05:26] Le programme appelé depuis la CN est trouvé: C:\machines\T32 Bis\Programmes\LA CALHENE\21270050101.MZK
I> [17/03/2015 19:05:26] Programmes dans les fichiers demandés: Programme 1006 (21270050101), Programme 1007 (21270050101), Programme 1008 (21270050101), Programme 1009 (21270050101)
I> [17/03/2015 19:07:37] Appel depuis la CN de: 212700501
I> [17/03/2015 19:07:42] Le programme appelé depuis la CN est trouvé: C:\machines\T32 Bis\Programmes\LA CALHENE\212700501.MZK
I> [17/03/2015 19:07:42] Programmes dans les fichiers demandés: Programme 1463 (212700501), Programme 1464 (212700501), Programme 1465 (212700501), Programme 1466 (212700501), Programme 1467 (212700501)
E> [17/03/2015 19:11:26] Transmission avortée. [Délai de réponse dépassé, interruption de la transmission]
I> [17/03/2015 19:11:48] Emission de programme: Programme 1463 (212700501)
I> [17/03/2015 19:11:57] Emission de programme: Programme 1463 (212700501)
I> [17/03/2015 19:12:30] Emission de programme: Programme 1464 (212700501)
I> [17/03/2015 19:12:58] Emission de programme: Programme 1465 (212700501)
I> [17/03/2015 19:13:49] Emission de programme: Programme 1466 (212700501)
I> [17/03/2015 19:14:19] Emission de programme: Programme 1467 (212700501)
