I> [17/09/2010 05:30:33] Port activé avec succès.
I> [17/09/2010 09:46:17] Réception: programme 985 (241003595)
I> [17/09/2010 09:46:24] Réception: programme 986 (241003595)
I> [17/09/2010 09:46:38] Réception: programme 987 (241003595)
I> [17/09/2010 09:46:49] Fichier reçu: C:\machines\T32 Bis\Programmes\241003595.MZK
I> [17/09/2010 09:46:49] Programmes dans les fichiers demandés: Programme 985 (241003595), Programme 986 (241003595), Programme 987 (241003595)
I> [17/09/2010 11:02:21] Appel depuis la CN de: 684001C
I> [17/09/2010 11:02:42] Appel depuis la CN de: 684001C
E> [17/09/2010 11:02:47] N'a pu trouver le programme appelé depuis la CN: 684001C.MZK [Premier répertoire recherché : C:\machines\T32 Bis\Programmes]
E> [17/09/2010 11:02:47] N'a pu émettre le fichier. [Previous remote request failed.]
E> [17/09/2010 11:02:49] N'a pu émettre le fichier. [Previous remote request failed.]
E> [17/09/2010 11:02:49] N'a pu émettre le fichier. [Previous remote request failed.]
I> [17/09/2010 11:08:16] Appel depuis la CN de: 6840 01C
I> [17/09/2010 11:08:21] Le programme appelé depuis la CN est trouvé: C:\machines\T32 Bis\Programmes\LA CALHENE\6840 01C.MZK
I> [17/09/2010 11:08:21] Programmes dans les fichiers demandés: Programme 360 (6840 01C), Programme 361 (6840 01C), Programme 362 (6840 01C), Programme 363 (6840 01C), Programme 364 (6840 01C)
I> [17/09/2010 11:08:27] Emission de programme: Programme 360 (6840 01C)
I> [17/09/2010 11:08:32] Emission de programme: Programme 361 (6840 01C)
I> [17/09/2010 11:08:43] Emission de programme: Programme 362 (6840 01C)
I> [17/09/2010 11:08:48] Emission de programme: Programme 363 (6840 01C)
I> [17/09/2010 11:08:59] Emission de programme: Programme 364 (6840 01C)
