I> [17/04/2008 13:21:28] Appel depuis la CN de: 2973979C
E> [17/04/2008 13:21:34] N'a pu trouver le programme appelé depuis la CN: 2973979C.MZK [Premier répertoire recherché : C:\machines\T32 Bis\Programmes]
E> [17/04/2008 13:21:38] N'a pu émettre le fichier. [Previous remote request failed.]
I> [17/04/2008 13:21:49] Appel depuis la CN de: 2973979C
E> [17/04/2008 13:21:54] N'a pu émettre le fichier. [Previous remote request failed.]
E> [17/04/2008 13:21:55] N'a pu trouver le programme appelé depuis la CN: 2973979C.MZK [Premier répertoire recherché : C:\machines\T32 Bis\Programmes]
I> [17/04/2008 13:31:21] Appel depuis la CN de: 2973979 C
E> [17/04/2008 13:31:26] N'a pu trouver le programme appelé depuis la CN: 2973979 C.MZK [Premier répertoire recherché : C:\machines\T32 Bis\Programmes]
E> [17/04/2008 13:31:26] N'a pu émettre le fichier. [Previous remote request failed.]
E> [17/04/2008 13:31:26] N'a pu émettre le fichier. [Previous remote request failed.]
I> [17/04/2008 13:35:21] Appel depuis la CN de: 2973979C 2
I> [17/04/2008 13:35:26] Le programme appelé depuis la CN est trouvé: C:\machines\T32 Bis\Programmes\DRESSER\2973979C 2.MZK
I> [17/04/2008 13:35:26] Programmes dans les fichiers demandés: Programme 4033 (2973979C 2), Programme 4034 (2973979C 2)
I> [17/04/2008 13:35:40] Emission de programme: Programme 4033 (2973979C 2)
I> [17/04/2008 13:36:05] Emission de programme: Programme 4034 (2973979C 2)
I> [17/04/2008 17:36:31] Appel depuis la CN de: 2973968B 2
I> [17/04/2008 17:37:10] Appel depuis la CN de: 2973968B 2
I> [17/04/2008 17:37:17] Le programme appelé depuis la CN est trouvé: C:\machines\T32 Bis\Programmes\DRESSER\2973968B 2.MZK
I> [17/04/2008 17:37:17] Programmes dans les fichiers demandés: Programme 2324 (2973968B 2), Programme 2325 (2973968B 2)
I> [17/04/2008 17:37:25] Emission de programme: Programme 2324 (2973968B 2)
I> [17/04/2008 17:37:48] Emission de programme: Programme 2325 (2973968B 2)
I> [17/04/2008 19:26:26] Appel depuis la CN de: 2973968B 3
I> [17/04/2008 19:26:31] Le programme appelé depuis la CN est trouvé: C:\machines\T32 Bis\Programmes\DRESSER\2973968B 3.MZK
I> [17/04/2008 19:26:31] Programmes dans les fichiers demandés: Programme 165 (2973968B 3), Programme 168 (2973968B 3)
I> [17/04/2008 19:26:53] Emission de programme: Programme 165 (2973968B 3)
I> [17/04/2008 19:27:15] Emission de programme: Programme 168 (2973968B 3)
