I> [17/06/2010 05:08:55] Port activé avec succès.
I> [17/06/2010 06:09:55] Appel depuis la CN de: 2973080B
I> [17/06/2010 06:10:05] Le programme appelé depuis la CN est trouvé: C:\machines\T32 Bis\Programmes\FLOWSERVE\2973080B.MZK
I> [17/06/2010 06:10:05] Programmes dans les fichiers demandés: Programme 867 (2973080B), Programme 869 (2973080B), Programme 870 (2973080B)
I> [17/06/2010 06:10:14] Appel depuis la CN de: 2973080B
I> [17/06/2010 06:10:23] Le programme appelé depuis la CN est trouvé: C:\machines\T32 Bis\Programmes\FLOWSERVE\2973080B.MZK
I> [17/06/2010 06:10:23] Programmes dans les fichiers demandés: Programme 867 (2973080B), Programme 869 (2973080B), Programme 870 (2973080B)
I> [17/06/2010 06:10:49] Emission de programme: Programme 867 (2973080B)
I> [17/06/2010 06:10:59] Emission de programme: Programme 869 (2973080B)
I> [17/06/2010 06:11:13] Emission de programme: Programme 870 (2973080B)
I> [17/06/2010 06:38:55] Réception: programme 868 (4996645A)
I> [17/06/2010 06:39:05] Réception: programme 871 (4996645A)
I> [17/06/2010 06:39:26] Réception: programme 872 (4996645A)
I> [17/06/2010 06:39:40] Fichier reçu: C:\machines\T32 Bis\Programmes\4996645A.MZK
I> [17/06/2010 06:39:40] Programmes dans les fichiers demandés: Programme 868 (4996645A), Programme 871 (4996645A), Programme 872 (4996645A)
I> [17/06/2010 07:05:06] Appel depuis la CN de: 4996645A
I> [17/06/2010 07:05:13] Le programme appelé depuis la CN est trouvé: C:\machines\T32 Bis\Programmes\4996645A.MZK
I> [17/06/2010 07:05:13] Programmes dans les fichiers demandés: Programme 868 (4996645A), Programme 871 (4996645A), Programme 872 (4996645A)
I> [17/06/2010 07:06:41] Appel depuis la CN de: 4996645A
I> [17/06/2010 07:06:48] Le programme appelé depuis la CN est trouvé: C:\machines\T32 Bis\Programmes\FLOWSERVE\4996645A.MZK
I> [17/06/2010 07:06:48] Programmes dans les fichiers demandés: Programme 868 (4996645A), Programme 871 (4996645A), Programme 872 (4996645A)
I> [17/06/2010 07:11:25] Appel depuis la CN de: 2976327D
I> [17/06/2010 07:11:32] Le programme appelé depuis la CN est trouvé: C:\machines\T32 Bis\Programmes\FLOWSERVE\2976327D.MZK
I> [17/06/2010 07:11:32] Programmes dans les fichiers demandés: Programme 127 (2976327D), Programme 130 (2976327D)
I> [17/06/2010 07:11:42] Emission de programme: Programme 127 (2976327D)
I> [17/06/2010 07:11:56] Emission de programme: Programme 130 (2976327D)
I> [17/06/2010 18:08:45] Appel depuis la CN de: 3983782C
I> [17/06/2010 18:08:52] Le programme appelé depuis la CN est trouvé: C:\machines\T32 Bis\Programmes\FLOWSERVE\3983782C.MZK
I> [17/06/2010 18:08:52] Programmes dans les fichiers demandés: Programme 483 (3983782C), Programme 484 (3983782C)
I> [17/06/2010 18:08:57] Emission de programme: Programme 483 (3983782C)
I> [17/06/2010 18:09:09] Emission de programme: Programme 484 (3983782C)
