I> [17/07/2008 13:30:35] Réception: programme 331 (6340 01D)
I> [17/07/2008 13:30:45] Réception: programme 332 (6340 01D)
I> [17/07/2008 13:30:58] Réception: programme 333 (6340 01D)
I> [17/07/2008 13:31:06] Réception: programme 334 (6340 01D)
I> [17/07/2008 13:31:25] Réception: programme 335 (6340 01D)
I> [17/07/2008 13:31:43] Fichier reçu: C:\machines\T32 Bis\Programmes\6340 01D.MZK
I> [17/07/2008 13:31:43] Programmes dans les fichiers demandés: Programme 331 (6340 01D), Programme 332 (6340 01D), Programme 333 (6340 01D), Programme 334 (6340 01D), Programme 335 (6340 01D)
I> [17/07/2008 13:50:31] Appel depuis la CN de: 10270090201
E> [17/07/2008 13:50:35] N'a pu émettre le fichier: C:\machines\T32 Bis\Programmes\6340 01D.MZK [Le système ne peut pas lire le périphérique indiqué]
I> [17/07/2008 13:50:36] Le programme appelé depuis la CN est trouvé: C:\machines\T32 Bis\Programmes\LA CALHENE\10270090201.MZK
I> [17/07/2008 13:50:36] Programmes dans les fichiers demandés: Programme 302 (10270090201), Programme 303 (10270090201), Programme 304 (10270090201)
I> [17/07/2008 13:50:45] Appel depuis la CN de: 10270090201
I> [17/07/2008 13:50:50] Le programme appelé depuis la CN est trouvé: C:\machines\T32 Bis\Programmes\LA CALHENE\10270090201.MZK
I> [17/07/2008 13:50:50] Programmes dans les fichiers demandés: Programme 302 (10270090201), Programme 303 (10270090201), Programme 304 (10270090201)
I> [17/07/2008 13:50:55] Emission de programme: Programme 302 (10270090201)
I> [17/07/2008 13:51:03] Emission de programme: Programme 303 (10270090201)
I> [17/07/2008 13:51:20] Emission de programme: Programme 304 (10270090201)
I> [17/07/2008 19:17:28] Réception: programme 302 (10270090201)
I> [17/07/2008 19:17:36] Réception: programme 303 (10270090201)
I> [17/07/2008 19:17:53] Réception: programme 304 (10270090201)
I> [17/07/2008 19:18:16] Réception: programme 336 (10270090201)
I> [17/07/2008 19:18:29] Fichier reçu: C:\machines\T32 Bis\Programmes\10270090201.MZK
I> [17/07/2008 19:18:29] Programmes dans les fichiers demandés: Programme 302 (10270090201), Programme 303 (10270090201), Programme 304 (10270090201), Programme 336 (10270090201)
I> [17/07/2008 19:23:18] Réception: programme 302 (10270090201)
I> [17/07/2008 19:23:27] Réception: programme 303 (10270090201)
I> [17/07/2008 19:23:43] Réception: programme 304 (10270090201)
I> [17/07/2008 19:24:06] Réception: programme 336 (10270090201)
I> [17/07/2008 19:24:19] Fichier reçu: C:\machines\T32 Bis\Programmes\10270090201.MZK
I> [17/07/2008 19:24:19] Programmes dans les fichiers demandés: Programme 302 (10270090201), Programme 303 (10270090201), Programme 304 (10270090201), Programme 336 (10270090201)
