I> [17/03/2016 04:53:58] Port activé avec succès.
I> [17/03/2016 15:13:35] Appel depuis la CN de: 212701601
I> [17/03/2016 15:13:40] Le programme appelé depuis la CN est trouvé: C:\machines\T32 Bis\Programmes\LA CALHENE\212701601.MZK
I> [17/03/2016 15:13:40] Programmes dans les fichiers demandés: Programme 1544 (212701601)
I> [17/03/2016 15:15:26] Appel depuis la CN de: 212701601D
I> [17/03/2016 15:15:31] Le programme appelé depuis la CN est trouvé: C:\machines\T32 Bis\Programmes\LA CALHENE\212701601D.MZK
I> [17/03/2016 15:15:31] Programmes dans les fichiers demandés: Programme 1421 (212701601D), Programme 1422 (212701601D), Programme 1423 (212701601D), Programme 1424 (212701601D)
I> [17/03/2016 15:17:43] Emission de programme: Programme 1421 (212701601D)
I> [17/03/2016 15:19:18] Emission de programme: Programme 1422 (212701601D)
I> [17/03/2016 15:19:34] Emission de programme: Programme 1423 (212701601D)
I> [17/03/2016 15:19:49] Emission de programme: Programme 1424 (212701601D)
I> [17/03/2016 15:21:48] Appel depuis la CN de: 212701601
I> [17/03/2016 15:21:53] Le programme appelé depuis la CN est trouvé: C:\machines\T32 Bis\Programmes\LA CALHENE\212701601.MZK
I> [17/03/2016 15:21:53] Programmes dans les fichiers demandés: Programme 1544 (212701601)
I> [17/03/2016 15:24:01] Emission de programme: Programme 1544 (212701601)
I> [17/03/2016 15:25:17] Emission de programme: Programme 1544 (212701601)
I> [17/03/2016 15:30:52] Appel depuis la CN de: 212701601D
I> [17/03/2016 15:30:57] Le programme appelé depuis la CN est trouvé: C:\machines\T32 Bis\Programmes\LA CALHENE\212701601D.MZK
I> [17/03/2016 15:30:57] Programmes dans les fichiers demandés: Programme 1421 (212701601D), Programme 1422 (212701601D), Programme 1423 (212701601D), Programme 1424 (212701601D)
I> [17/03/2016 15:31:56] Emission de programme: Programme 1422 (212701601D)
