I> [17/01/2014 05:14:26] Port activé avec succès.
I> [17/01/2014 07:08:33] Réception: programme 6253 (47150202B)
I> [17/01/2014 07:08:39] Réception: programme 6259 (47150202B)
I> [17/01/2014 07:08:47] Réception: programme 6260 (47150202B)
I> [17/01/2014 07:08:57] Fichier reçu: C:\machines\T32 Bis\Programmes\47150202B.MZK
I> [17/01/2014 07:08:57] Programmes dans les fichiers demandés: Programme 6253 (47150202B), Programme 6259 (47150202B), Programme 6260 (47150202B)
I> [17/01/2014 07:09:14] Réception: programme 6253 (47150202B)
I> [17/01/2014 07:09:20] Réception: programme 6259 (47150202B)
I> [17/01/2014 07:09:28] Réception: programme 6260 (47150202B)
I> [17/01/2014 07:09:38] Fichier existant sauvegardé: C:\MACHINES\T32 BIS\SAUVEGARDES\47150202B_01.MZK
I> [17/01/2014 07:09:38] Fichier reçu: C:\machines\T32 Bis\Programmes\47150202B.MZK
I> [17/01/2014 07:09:38] Programmes dans les fichiers demandés: Programme 6253 (47150202B), Programme 6259 (47150202B), Programme 6260 (47150202B)
I> [17/01/2014 13:30:45] Réception: programme 6254 (47150105A)
I> [17/01/2014 13:30:50] Réception: programme 6255 (47150105A)
I> [17/01/2014 13:31:11] Réception: programme 6261 (47150105A)
I> [17/01/2014 13:31:24] Réception: programme 6262 (47150105A)
I> [17/01/2014 13:31:36] Fichier reçu: C:\machines\T32 Bis\Programmes\47150105A.MZK
I> [17/01/2014 13:31:36] Programmes dans les fichiers demandés: Programme 6254 (47150105A), Programme 6255 (47150105A), Programme 6261 (47150105A), Programme 6262 (47150105A)
I> [17/01/2014 13:33:41] Appel depuis la CN de: 47150105A
I> [17/01/2014 13:33:46] Le programme appelé depuis la CN est trouvé: C:\machines\T32 Bis\Programmes\47150105A.MZK
I> [17/01/2014 13:33:46] Programmes dans les fichiers demandés: Programme 6254 (47150105A), Programme 6255 (47150105A), Programme 6261 (47150105A), Programme 6262 (47150105A)
