I> [17/04/2012 04:47:04] Port activé avec succès.
I> [17/04/2012 09:21:09] Réception: programme 1295 (1149764201A)
I> [17/04/2012 09:21:22] Réception: programme 1299 (1149764201A)
I> [17/04/2012 09:21:35] Fichier reçu: C:\machines\T32 Bis\Programmes\1149764201A.MZK
I> [17/04/2012 09:21:35] Programmes dans les fichiers demandés: Programme 1295 (1149764201A), Programme 1299 (1149764201A)
I> [17/04/2012 09:23:22] Appel depuis la CN de: 1149764201A
I> [17/04/2012 09:23:27] Le programme appelé depuis la CN est trouvé: C:\machines\T32 Bis\Programmes\MEUNIER\1149764201A.MZK
I> [17/04/2012 09:23:27] Programmes dans les fichiers demandés: Programme 1295 (1149764201A), Programme 1299 (1149764201A)
I> [17/04/2012 09:46:24] Appel depuis la CN de: 137862
I> [17/04/2012 09:46:29] Le programme appelé depuis la CN est trouvé: C:\machines\T32 Bis\Programmes\FLOWSERVE\137862.MZK
I> [17/04/2012 09:46:29] Programmes dans les fichiers demandés: Programme 1281 (137862), Programme 1282 (137862), Programme 1287 (137862)
I> [17/04/2012 09:47:26] Emission de programme: Programme 1281 (137862)
I> [17/04/2012 09:47:33] Emission de programme: Programme 1282 (137862)
I> [17/04/2012 09:47:52] Appel depuis la CN de: 132503
I> [17/04/2012 09:47:56] Le programme appelé depuis la CN est trouvé: C:\machines\T32 Bis\Programmes\FLOWSERVE\132503.MZK
I> [17/04/2012 09:47:56] Programmes dans les fichiers demandés: Programme 1288 (132503)
I> [17/04/2012 12:46:30] Réception: programme 1300 (133301)
I> [17/04/2012 12:46:37] Réception: programme 1301 (133301)
I> [17/04/2012 12:46:54] Fichier reçu: C:\machines\T32 Bis\Programmes\133301.MZK
I> [17/04/2012 12:46:54] Programmes dans les fichiers demandés: Programme 1300 (133301), Programme 1301 (133301)
I> [17/04/2012 12:48:15] Appel depuis la CN de: 133301
I> [17/04/2012 12:48:20] Le programme appelé depuis la CN est trouvé: C:\machines\T32 Bis\Programmes\FLOWSERVE\133301.MZK
I> [17/04/2012 12:48:20] Programmes dans les fichiers demandés: Programme 1300 (133301), Programme 1301 (133301)
I> [17/04/2012 13:18:42] Appel depuis la CN de: 322613
I> [17/04/2012 13:18:47] Le programme appelé depuis la CN est trouvé: C:\machines\T32 Bis\Programmes\322613.MZK
I> [17/04/2012 13:18:47] Programmes dans les fichiers demandés: Programme 95, Données d'outil, Programme 70, Données d'outil, Programme 15, Données d'outil
I> [17/04/2012 13:19:39] Emission de programme: Programme 95
I> [17/04/2012 13:19:57] Emission de programme: Données d'outil
I> [17/04/2012 13:19:59] Emission de programme: Programme 70
I> [17/04/2012 13:20:13] Emission de programme: Données d'outil
I> [17/04/2012 13:20:14] Emission de programme: Programme 15
I> [17/04/2012 13:20:17] Emission de programme: Données d'outil
I> [17/04/2012 18:51:44] Appel depuis la CN de: 322613
I> [17/04/2012 18:51:48] Le programme appelé depuis la CN est trouvé: C:\machines\T32 Bis\Programmes\322613.MZK
I> [17/04/2012 18:51:48] Programmes dans les fichiers demandés: Programme 95, Données d'outil, Programme 70, Données d'outil, Programme 15, Données d'outil
I> [17/04/2012 18:51:57] Emission de programme: Programme 95
I> [17/04/2012 18:52:15] Emission de programme: Données d'outil
