I> [17/07/2012 05:00:44] Port activé avec succès.
I> [17/07/2012 10:44:37] Réception: programme 1344 (V16910A)
I> [17/07/2012 10:44:55] Fichier reçu: C:\machines\T32 Bis\Programmes\V16910A.MZK
I> [17/07/2012 10:44:55] Programmes dans les fichiers demandés: Programme 1344 (V16910A)
I> [17/07/2012 11:16:09] Appel depuis la CN de: D60 D50 L70
I> [17/07/2012 11:16:14] Le programme appelé depuis la CN est trouvé: C:\machines\T32 Bis\Programmes\D60 D50 L70.MZK
I> [17/07/2012 11:16:14] Programmes dans les fichiers demandés: Programme 45 (D60 D50 L70)
I> [17/07/2012 11:16:29] Emission de programme: Programme 45 (D60 D50 L70)
I> [17/07/2012 16:43:22] Réception: programme 1345 (D60 D50 L70)
I> [17/07/2012 16:43:38] Fichier existant sauvegardé: C:\MACHINES\T32 BIS\SAUVEGARDES\D60 D50 L70_01.MZK
I> [17/07/2012 16:43:38] Fichier reçu: C:\machines\T32 Bis\Programmes\D60 D50 L70.MZK
I> [17/07/2012 16:43:38] Programmes dans les fichiers demandés: Programme 1345 (D60 D50 L70)
I> [17/07/2012 18:50:21] Appel depuis la CN de: 00003860
E> [17/07/2012 18:50:26] N'a pu trouver le programme appelé depuis la CN: 3860.MZK [Premier répertoire recherché : C:\machines\T32 Bis\Programmes]
E> [17/07/2012 18:50:27] N'a pu émettre le fichier. [Previous remote request failed.]
I> [17/07/2012 18:50:56] Appel depuis la CN de: 00003860
E> [17/07/2012 18:51:01] N'a pu trouver le programme appelé depuis la CN: 3860.MZK [Premier répertoire recherché : C:\machines\T32 Bis\Programmes]
E> [17/07/2012 18:51:05] N'a pu émettre le fichier. [Previous remote request failed.]
I> [17/07/2012 18:51:43] Appel depuis la CN de: OOOO386O
E> [17/07/2012 18:51:48] N'a pu trouver le programme appelé depuis la CN: OOOO386O.MZK [Premier répertoire recherché : C:\machines\T32 Bis\Programmes]
E> [17/07/2012 18:51:52] N'a pu émettre le fichier. [Previous remote request failed.]
I> [17/07/2012 18:52:06] Appel depuis la CN de: OOOO386O
E> [17/07/2012 18:52:11] N'a pu trouver le programme appelé depuis la CN: OOOO386O.MZK [Premier répertoire recherché : C:\machines\T32 Bis\Programmes]
E> [17/07/2012 18:52:13] N'a pu émettre le fichier. [Previous remote request failed.]
I> [17/07/2012 18:58:42] Port activé avec succès.
