I> [17/07/06 05:02:47] Port activé avec succès.
I> [17/07/06 05:03:21] Appel depuis la CN de: 30270300101
I> [17/07/06 05:03:29] Le programme appelé depuis la CN est trouvé: C:\machines\T32\Programmes\La calhene\30270300101.MZK
I> [17/07/06 05:03:30] Programmes dans les fichiers demandés: Programme 3561 (30270300101), Programme 4084 (30270300101), Programme 4087 (30270300101), Programme 4088 (30270300101)
I> [17/07/06 05:03:45] Emission de programme: Programme 4088 (30270300101)
I> [17/07/06 07:21:05] Appel depuis la CN de: 31G97002
E> [17/07/06 07:21:13] N'a pu trouver le programme appelé depuis la CN: 31G97002.MZK [Premier répertoire recherché : C:\machines\T32\Programmes]
E> [17/07/06 07:21:13] N'a pu émettre le fichier. [Previous remote request failed.]
I> [17/07/06 07:23:42] Appel depuis la CN de: CHEMISE.MFI
E> [17/07/06 07:23:50] N'a pu émettre le fichier. [Previous remote request failed.]
I> [17/07/06 07:23:50] Le programme appelé depuis la CN est trouvé: C:\machines\T32\Programmes\Mfi\CHEMISE.MFI.MZK
I> [17/07/06 07:23:50] Programmes dans les fichiers demandés: Programme 3759 (CHEMISE.MFI), Programme 3760 (CHEMISE.MFI)
I> [17/07/06 07:24:03] Appel depuis la CN de: CHEMISE.MFI
I> [17/07/06 07:24:14] Le programme appelé depuis la CN est trouvé: C:\machines\T32\Programmes\Mfi\CHEMISE.MFI.MZK
I> [17/07/06 07:24:14] Programmes dans les fichiers demandés: Programme 3759 (CHEMISE.MFI), Programme 3760 (CHEMISE.MFI)
I> [17/07/06 07:24:19] Emission de programme: Programme 3759 (CHEMISE.MFI)
I> [17/07/06 07:24:32] Emission de programme: Programme 3760 (CHEMISE.MFI)
I> [17/07/06 08:06:55] Appel depuis la CN de: 1974549D
I> [17/07/06 08:07:03] Le programme appelé depuis la CN est trouvé: C:\machines\T32\Programmes\DRESSER\1974549D.MZK
I> [17/07/06 08:07:03] Programmes dans les fichiers demandés: Programme 3675 (1974549D)
I> [17/07/06 08:07:08] Emission de programme: Programme 3675 (1974549D)
I> [17/07/06 08:44:05] Port activé avec succès.
I> [17/07/06 20:49:07] Appel depuis la CN de: 1974550B
I> [17/07/06 20:49:15] Le programme appelé depuis la CN est trouvé: C:\machines\T32\Programmes\DRESSER\1974550B.MZK
I> [17/07/06 20:49:15] Programmes dans les fichiers demandés: Programme 3676 (1974550B)
I> [17/07/06 20:49:23] Emission de programme: Programme 3676 (1974550B)
