I> [17/05/2011 05:07:47] Port activé avec succès.
I> [17/05/2011 09:59:21] Réception: programme 1096 (012000913)
I> [17/05/2011 09:59:43] Réception: programme 1097 (012000913)
I> [17/05/2011 10:00:04] Réception: programme 1098 (012000913)
I> [17/05/2011 10:00:33] Fichier reçu: C:\machines\T32 Bis\Programmes\012000913.MZK
I> [17/05/2011 10:00:33] Programmes dans les fichiers demandés: Programme 1096 (012000913), Programme 1097 (012000913), Programme 1098 (012000913)
I> [17/05/2011 10:45:23] Appel depuis la CN de: 11270-01-01
I> [17/05/2011 10:45:35] Appel depuis la CN de: 11270-01-01
I> [17/05/2011 10:45:40] Le programme appelé depuis la CN est trouvé: C:\machines\T32 Bis\Programmes\LA CALHENE\11270-01-01.MZK
I> [17/05/2011 10:45:40] Programmes dans les fichiers demandés: Programme 1004 (11270-01-01), Programme 1005 (11270-01-01), Programme 739 (11270-01-01)
I> [17/05/2011 10:57:52] Emission de programme: Programme 1004 (11270-01-01)
I> [17/05/2011 10:59:31] Emission de programme: Programme 1005 (11270-01-01)
I> [17/05/2011 10:59:43] Emission de programme: Programme 739 (11270-01-01)
I> [17/05/2011 13:04:58] Appel depuis la CN de: 012000480
I> [17/05/2011 13:05:02] Le programme appelé depuis la CN est trouvé: C:\machines\T32 Bis\Programmes\ERCA FORMSEAL\012000480.MZK
I> [17/05/2011 13:05:03] Programmes dans les fichiers demandés: Programme 519 (012000480), Programme 520 (012000480), Programme 522 (012000480)
I> [17/05/2011 13:05:22] Emission de programme: Programme 519 (012000480)
I> [17/05/2011 13:05:44] Emission de programme: Programme 520 (012000480)
I> [17/05/2011 13:06:07] Emission de programme: Programme 522 (012000480)
I> [17/05/2011 20:07:44] Appel depuis la CN de: 113500103L
I> [17/05/2011 20:07:49] Le programme appelé depuis la CN est trouvé: C:\machines\T32 Bis\Programmes\LA CALHENE\113500103L.MZK
I> [17/05/2011 20:07:49] Programmes dans les fichiers demandés: Programme 1000 (113500103L), Programme 1001 (113500103L), Programme 1002 (113500103L), Programme 1003 (113500103L)
I> [17/05/2011 20:08:08] Emission de programme: Programme 1000 (113500103L)
I> [17/05/2011 20:08:22] Emission de programme: Programme 1001 (113500103L)
I> [17/05/2011 20:09:31] Emission de programme: Programme 1002 (113500103L)
E> [17/05/2011 20:13:16] Transmission avortée. [Délai de réponse dépassé, interruption de la transmission]
