I> [17/10/05 09:25:39] Réception: programme 4039 (79642-2C)
I> [17/10/05 09:25:47] Réception: programme 4040 (79642-2C)
I> [17/10/05 09:26:12] Réception: programme 4041 (79642-2C)
I> [17/10/05 09:26:25] Fichier reçu: C:\machines\T32\Programmes\79642-2C.MZK
I> [17/10/05 09:26:25] Programmes dans les fichiers demandés: Programme 4039 (79642-2C), Programme 4040 (79642-2C), Programme 4041 (79642-2C)
I> [17/10/05 15:36:51] Réception: programme 4042 (224803)
I> [17/10/05 15:37:04] Réception: programme 4043 (224803)
I> [17/10/05 15:37:13] Réception: programme 4044 (224803)
I> [17/10/05 15:37:25] Fichier reçu: C:\machines\T32\Programmes\224803.MZK
I> [17/10/05 15:37:25] Programmes dans les fichiers demandés: Programme 4042 (224803), Programme 4043 (224803), Programme 4044 (224803)
I> [17/10/05 19:24:38] Réception: programme 4045 (3973286A)
I> [17/10/05 19:24:50] Réception: programme 4045 (3973286A)
I> [17/10/05 19:25:03] Réception: programme 4046 (3973286A)
I> [17/10/05 19:25:27] Fichier reçu: C:\machines\T32\Programmes\3973286A.MZK
I> [17/10/05 19:25:27] Programmes dans les fichiers demandés: Programme 4045 (3973286A)
I> [17/10/05 19:25:27] Fichier existant sauvegardé: C:\MACHINES\T32\SAUVEGARDES\3973286A_01.MZK
I> [17/10/05 19:25:27] Fichier reçu: C:\machines\T32\Programmes\3973286A.MZK
I> [17/10/05 19:25:27] Programmes dans les fichiers demandés: Programme 4045 (3973286A), Programme 4046 (3973286A)
I> [17/10/05 19:53:06] Réception: programme 3473 (3160-24-14B)
I> [17/10/05 19:53:30] Réception: programme 3474 (3160-24-14B)
I> [17/10/05 19:53:48] Réception: programme 3475 (3160-24-14B)
I> [17/10/05 19:53:55] Réception: programme 3775 (3160-24-14B)
I> [17/10/05 19:54:06] Réception: programme 3776 (3160-24-14B)
I> [17/10/05 19:54:19] Fichier reçu: C:\machines\T32\Programmes\3160-24-14B.MZK
I> [17/10/05 19:54:19] Programmes dans les fichiers demandés: Programme 3473 (3160-24-14B), Programme 3474 (3160-24-14B), Programme 3475 (3160-24-14B), Programme 3775 (3160-24-14B), Programme 3776 (3160-24-14B)
