I> [17/11/2009 05:08:10] Port activé avec succès.
I> [17/11/2009 08:37:50] Appel depuis la CN de: 1227004202A
E> [17/11/2009 08:37:57] N'a pu trouver le programme appelé depuis la CN: 1227004202A.MZK [Premier répertoire recherché : C:\machines\T32 Bis\Programmes]
E> [17/11/2009 08:37:59] N'a pu émettre le fichier. [Previous remote request failed.]
I> [17/11/2009 08:38:50] Appel depuis la CN de: 122704202A
I> [17/11/2009 08:38:57] Le programme appelé depuis la CN est trouvé: C:\machines\T32 Bis\Programmes\LA CALHENE\122704202A.MZK
I> [17/11/2009 08:38:57] Programmes dans les fichiers demandés: Programme 25 (122704202A), Programme 26 (122704202A), Programme 619 (122704202A), Programme 620 (122704202A), Programme 621 (122704202A), Programme 622 (122704202A), Programme 4441 (122704202A), Programme 4443 (122704202A)
I> [17/11/2009 08:39:04] Emission de programme: Programme 25 (122704202A)
I> [17/11/2009 08:39:16] Emission de programme: Programme 26 (122704202A)
I> [17/11/2009 08:39:29] Emission de programme: Programme 619 (122704202A)
I> [17/11/2009 08:39:39] Emission de programme: Programme 620 (122704202A)
I> [17/11/2009 08:39:49] Emission de programme: Programme 621 (122704202A)
I> [17/11/2009 08:40:12] Emission de programme: Programme 622 (122704202A)
I> [17/11/2009 08:41:02] Emission de programme: Programme 4441 (122704202A)
I> [17/11/2009 08:41:08] Emission de programme: Programme 4443 (122704202A)
I> [17/11/2009 18:56:52] Appel depuis la CN de: GI 313
I> [17/11/2009 18:56:59] Le programme appelé depuis la CN est trouvé: C:\machines\T32 Bis\Programmes\GI 313.MZK
I> [17/11/2009 18:56:59] Programmes dans les fichiers demandés: Programme 4880 (GI 313), Programme 4881 (GI 313)
I> [17/11/2009 18:57:15] Emission de programme: Programme 4880 (GI 313)
I> [17/11/2009 18:57:30] Emission de programme: Programme 4881 (GI 313)
