I> [17/11/2016 07:26:13] Port activé avec succès.
I> [17/11/2016 17:58:05] Appel depuis la CN de: 202700301L
I> [17/11/2016 17:58:10] Le programme appelé depuis la CN est trouvé: C:\machines\T32 Bis\Programmes\LA CALHENE\202700301L.MZK
I> [17/11/2016 17:58:10] Programmes dans les fichiers demandés: Programme 1335 (202700301L), Programme 1336 (202700301L), Programme 1337 (202700301L), Programme 1338 (202700301L)
I> [17/11/2016 17:58:16] Emission de programme: Programme 1335 (202700301L)
I> [17/11/2016 17:58:39] Emission de programme: Programme 1336 (202700301L)
I> [17/11/2016 17:59:52] Emission de programme: Programme 1337 (202700301L)
I> [17/11/2016 18:00:28] Emission de programme: Programme 1338 (202700301L)
E> [17/11/2016 18:04:15] Transmission avortée. [Délai de réponse dépassé, interruption de la transmission]
I> [17/11/2016 20:48:13] Appel depuis la CN de: 30270300201
I> [17/11/2016 20:48:25] Le programme appelé depuis la CN est trouvé: C:\machines\T32 Bis\Programmes\LA CALHENE\30270300201.MZK
I> [17/11/2016 20:48:25] Programmes dans les fichiers demandés: Programme 1389 (30270300201), Programme 1390 (30270300201), Programme 1393 (30270300201), Programme 1394 (30270300201)
I> [17/11/2016 20:48:32] Appel depuis la CN de: 30270300201
I> [17/11/2016 20:48:39] Le programme appelé depuis la CN est trouvé: C:\machines\T32 Bis\Programmes\LA CALHENE\30270300201.MZK
I> [17/11/2016 20:48:39] Programmes dans les fichiers demandés: Programme 1389 (30270300201), Programme 1390 (30270300201), Programme 1393 (30270300201), Programme 1394 (30270300201)
I> [17/11/2016 20:48:41] Emission de programme: Programme 1389 (30270300201)
I> [17/11/2016 20:48:46] Emission de programme: Programme 1390 (30270300201)
I> [17/11/2016 20:48:58] Emission de programme: Programme 1393 (30270300201)
I> [17/11/2016 20:49:11] Emission de programme: Programme 1394 (30270300201)
I> [17/11/2016 20:50:07] Réception: programme 1389 (30270300201)
I> [17/11/2016 20:50:12] Réception: programme 1390 (30270300201)
I> [17/11/2016 20:50:24] Réception: programme 1393 (30270300201)
I> [17/11/2016 20:50:36] Réception: programme 1394 (30270300201)
I> [17/11/2016 20:51:15] Réception: programme 1578 (30270300201)
I> [17/11/2016 20:51:25] Fichier reçu: C:\machines\T32 Bis\Programmes\30270300201.MZK
I> [17/11/2016 20:51:26] Programmes dans les fichiers demandés: Programme 1389 (30270300201), Programme 1390 (30270300201), Programme 1393 (30270300201), Programme 1394 (30270300201), Programme 1578 (30270300201)
I> [17/11/2016 20:53:29] Appel depuis la CN de: 202700301L
I> [17/11/2016 20:53:33] Le programme appelé depuis la CN est trouvé: C:\machines\T32 Bis\Programmes\LA CALHENE\202700301L.MZK
I> [17/11/2016 20:53:34] Programmes dans les fichiers demandés: Programme 1335 (202700301L), Programme 1336 (202700301L), Programme 1337 (202700301L), Programme 1338 (202700301L)
I> [17/11/2016 20:53:44] Emission de programme: Programme 1338 (202700301L)
