I> [18/01/2012 05:11:03] Port activé avec succès.
I> [18/01/2012 11:38:28] Réception: programme 1233 (5996104A 14)
I> [18/01/2012 11:38:37] Réception: programme 1239 (5996104A 14)
I> [18/01/2012 11:38:46] Réception: programme 1245 (5996104A 14)
I> [18/01/2012 11:39:08] Fichier reçu: C:\machines\T32 Bis\Programmes\5996104A 14.MZK
I> [18/01/2012 11:39:08] Programmes dans les fichiers demandés: Programme 1233 (5996104A 14), Programme 1239 (5996104A 14), Programme 1245 (5996104A 14)
I> [18/01/2012 14:21:30] Réception: programme 1231 (5996103A 14)
I> [18/01/2012 14:21:39] Réception: programme 1238 (5996103A 14)
I> [18/01/2012 14:21:48] Réception: programme 1246 (5996103A 14)
I> [18/01/2012 14:22:10] Fichier reçu: C:\machines\T32 Bis\Programmes\5996103A 14.MZK
I> [18/01/2012 14:22:10] Programmes dans les fichiers demandés: Programme 1231 (5996103A 14), Programme 1238 (5996103A 14), Programme 1246 (5996103A 14)
I> [18/01/2012 14:23:53] Appel depuis la CN de: 5996103A 14
I> [18/01/2012 14:23:57] Le programme appelé depuis la CN est trouvé: C:\machines\T32 Bis\Programmes\FLOWSERVE\5996103A 14.MZK
I> [18/01/2012 14:23:57] Programmes dans les fichiers demandés: Programme 1231 (5996103A 14), Programme 1238 (5996103A 14), Programme 1246 (5996103A 14)
I> [18/01/2012 18:35:32] Réception: programme 1232 (5996122A 14)
I> [18/01/2012 18:35:41] Réception: programme 1240 (5996122A 14)
I> [18/01/2012 18:35:50] Réception: programme 1247 (5996122A 14)
I> [18/01/2012 18:36:09] Fichier reçu: C:\machines\T32 Bis\Programmes\5996122A 14.MZK
I> [18/01/2012 18:36:09] Programmes dans les fichiers demandés: Programme 1232 (5996122A 14), Programme 1240 (5996122A 14), Programme 1247 (5996122A 14)
I> [18/01/2012 18:37:01] Appel depuis la CN de: 5996122A 14
I> [18/01/2012 18:37:06] Le programme appelé depuis la CN est trouvé: C:\machines\T32 Bis\Programmes\FLOWSERVE\5996122A 14.MZK
I> [18/01/2012 18:37:06] Programmes dans les fichiers demandés: Programme 1232 (5996122A 14), Programme 1240 (5996122A 14), Programme 1247 (5996122A 14)
