I> [18/07/2011 05:03:07] Port activé avec succès.
I> [18/07/2011 14:55:34] Réception: programme 1128 (Z0868C)
I> [18/07/2011 14:55:39] Réception: programme 1129 (Z0868C)
I> [18/07/2011 14:55:57] Réception: programme 1130 (Z0868C)
I> [18/07/2011 14:56:22] Fichier reçu: C:\machines\T32 Bis\Programmes\Z0868C.MZK
I> [18/07/2011 14:56:22] Programmes dans les fichiers demandés: Programme 1128 (Z0868C), Programme 1129 (Z0868C), Programme 1130 (Z0868C)
I> [18/07/2011 14:59:04] Appel depuis la CN de: Z0868C
I> [18/07/2011 14:59:09] Le programme appelé depuis la CN est trouvé: C:\machines\T32 Bis\Programmes\ERVOR\Z0868C.MZK
I> [18/07/2011 14:59:09] Programmes dans les fichiers demandés: Programme 1128 (Z0868C), Programme 1129 (Z0868C), Programme 1130 (Z0868C)
I> [18/07/2011 15:07:44] Appel depuis la CN de: Z0868C
I> [18/07/2011 15:07:49] Le programme appelé depuis la CN est trouvé: C:\machines\T32 Bis\Programmes\ERVOR\Z0868C.MZK
I> [18/07/2011 15:07:49] Programmes dans les fichiers demandés: Programme 1128 (Z0868C), Programme 1129 (Z0868C), Programme 1130 (Z0868C)
I> [18/07/2011 15:36:59] Appel depuis la CN de: 43000410E
E> [18/07/2011 15:37:04] N'a pu trouver le programme appelé depuis la CN: 43000410E.MZK [Premier répertoire recherché : C:\machines\T32 Bis\Programmes]
E> [18/07/2011 15:37:35] N'a pu émettre le fichier. [Previous remote request failed.]
I> [18/07/2011 15:37:56] Appel depuis la CN de: 430000410E
I> [18/07/2011 15:38:01] Le programme appelé depuis la CN est trouvé: C:\machines\T32 Bis\Programmes\ERCA FORMSEAL\430000410E.MZK
I> [18/07/2011 15:38:01] Programmes dans les fichiers demandés: Programme 726 (430000410E), Programme 727 (430000410E), Programme 728 (430000410E), Programme 729 (430000410E), Programme 732 (430000410E), Programme 733 (430000410E), Programme 734 (430000410E)
I> [18/07/2011 15:38:30] Emission de programme: Programme 732 (430000410E)
I> [18/07/2011 15:38:43] Emission de programme: Programme 733 (430000410E)
I> [18/07/2011 15:38:53] Emission de programme: Programme 734 (430000410E)
I> [18/07/2011 15:50:13] Appel depuis la CN de: 430000422B
I> [18/07/2011 15:50:18] Le programme appelé depuis la CN est trouvé: C:\machines\T32 Bis\Programmes\ERCA FORMSEAL\430000422B.MZK
I> [18/07/2011 15:50:18] Programmes dans les fichiers demandés: Programme 724 (430000422B), Programme 725 (430000422B), Programme 730 (430000422B), Programme 731 (430000422B), Programme 735 (430000422B), Programme 736 (430000422B), Programme 737 (430000422B)
I> [18/07/2011 15:50:31] Emission de programme: Programme 735 (430000422B)
I> [18/07/2011 15:50:44] Emission de programme: Programme 736 (430000422B)
I> [18/07/2011 15:50:55] Emission de programme: Programme 737 (430000422B)
I> [18/07/2011 17:02:27] Appel depuis la CN de: 430000410E
I> [18/07/2011 17:02:31] Le programme appelé depuis la CN est trouvé: C:\machines\T32 Bis\Programmes\ERCA FORMSEAL\430000410E.MZK
I> [18/07/2011 17:02:31] Programmes dans les fichiers demandés: Programme 726 (430000410E), Programme 727 (430000410E), Programme 728 (430000410E), Programme 729 (430000410E), Programme 732 (430000410E), Programme 733 (430000410E), Programme 734 (430000410E)
I> [18/07/2011 17:02:43] Emission de programme: Programme 732 (430000410E)
