I> [18/07/2017 04:53:45] Port activé avec succès.
I> [18/07/2017 15:17:10] Appel depuis la CN de: 246367001A
I> [18/07/2017 15:17:15] Le programme appelé depuis la CN est trouvé: C:\machines\T32 Bis\Programmes\246367001A.MZK
I> [18/07/2017 15:17:15] Programmes dans les fichiers demandés: Programme 1543 (246367001A), Programme 1544 (246367001A)
I> [18/07/2017 15:17:23] Emission de programme: Programme 1543 (246367001A)
I> [18/07/2017 15:17:41] Emission de programme: Programme 1544 (246367001A)
I> [18/07/2017 19:31:59] Appel depuis la CN de: 9001-04-01
E> [18/07/2017 19:32:04] N'a pu trouver le programme appelé depuis la CN: 9001-04-01.MZK [Premier répertoire recherché : C:\machines\T32 Bis\Programmes]
E> [18/07/2017 19:32:18] N'a pu émettre le fichier. [Previous remote request failed.]
I> [18/07/2017 19:34:09] Appel depuis la CN de: 9001-04-01L
I> [18/07/2017 19:34:13] Le programme appelé depuis la CN est trouvé: C:\machines\T32 Bis\Programmes\LA CALHENE\9001-04-01L.MZK
I> [18/07/2017 19:34:13] Programmes dans les fichiers demandés: Programme 1546 (9001-04-01L), Programme 1548 (9001-04-01L), Programme 1550 (9001-04-01L), Programme 1553 (9001-04-01L)
I> [18/07/2017 19:34:23] Emission de programme: Programme 1546 (9001-04-01L)
I> [18/07/2017 19:34:34] Emission de programme: Programme 1548 (9001-04-01L)
I> [18/07/2017 19:34:40] Emission de programme: Programme 1550 (9001-04-01L)
I> [18/07/2017 19:35:04] Emission de programme: Programme 1553 (9001-04-01L)
I> [18/07/2017 19:35:46] Appel depuis la CN de: 9001-04-02G
I> [18/07/2017 19:35:50] Le programme appelé depuis la CN est trouvé: C:\machines\T32 Bis\Programmes\LA CALHENE\9001-04-02G.MZK
I> [18/07/2017 19:35:50] Programmes dans les fichiers demandés: Programme 1545 (9001-04-02G), Programme 1547 (9001-04-02G), Programme 1549 (9001-04-02G), Programme 1551 (9001-04-02G), Programme 1552 (9001-04-02G)
I> [18/07/2017 19:36:53] Emission de programme: Programme 1545 (9001-04-02G)
I> [18/07/2017 19:36:59] Emission de programme: Programme 1547 (9001-04-02G)
I> [18/07/2017 19:37:08] Emission de programme: Programme 1549 (9001-04-02G)
I> [18/07/2017 19:37:14] Emission de programme: Programme 1551 (9001-04-02G)
I> [18/07/2017 19:38:53] Emission de programme: Programme 1551 (9001-04-02G)
I> [18/07/2017 19:39:26] Emission de programme: Programme 1552 (9001-04-02G)
