I> [18/05/06 19:00:07] Réception: programme 4128 (5233136A)
I> [18/05/06 19:00:16] Réception: programme 4130 (5233136A)
I> [18/05/06 19:00:28] Fichier reçu: C:\machines\T32\Programmes\5233136A.MZK
I> [18/05/06 19:00:28] Programmes dans les fichiers demandés: Programme 4128 (5233136A), Programme 4130 (5233136A)
I> [18/05/06 19:00:57] Réception: programme 4129 (5233132A)
I> [18/05/06 19:01:08] Fichier reçu: C:\machines\T32\Programmes\5233132A.MZK
I> [18/05/06 19:01:08] Programmes dans les fichiers demandés: Programme 4129 (5233132A)
I> [18/05/06 19:21:20] Réception: programme 435 (U5873-0)
I> [18/05/06 19:21:27] Réception: programme 436 (U5873-0)
I> [18/05/06 19:21:44] Fichier reçu: C:\machines\T32\Programmes\U5873-0.MZK
I> [18/05/06 19:21:44] Programmes dans les fichiers demandés: Programme 435 (U5873-0), Programme 436 (U5873-0)
I> [18/05/06 19:21:56] Réception: programme 439 (U5874-0)
I> [18/05/06 19:22:06] Réception: programme 440 (U5874-0)
I> [18/05/06 19:22:16] Réception: programme 442 (U5874-0)
I> [18/05/06 19:22:34] Fichier reçu: C:\machines\T32\Programmes\U5874-0.MZK
I> [18/05/06 19:22:34] Programmes dans les fichiers demandés: Programme 439 (U5874-0), Programme 440 (U5874-0), Programme 442 (U5874-0)
I> [18/05/06 19:22:45] Réception: programme 437 (U5881-0)
I> [18/05/06 19:22:53] Réception: programme 438 (U5881-0)
I> [18/05/06 19:23:02] Réception: programme 441 (U5881-0)
I> [18/05/06 19:23:12] Fichier reçu: C:\machines\T32\Programmes\U5881-0.MZK
I> [18/05/06 19:23:12] Programmes dans les fichiers demandés: Programme 437 (U5881-0), Programme 438 (U5881-0), Programme 441 (U5881-0)
