I> [18/04/2017 04:47:46] Port activé avec succès.
I> [18/04/2017 05:09:55] Appel depuis la CN de: 4340-02-09
I> [18/04/2017 05:10:00] Le programme appelé depuis la CN est trouvé: C:\machines\T32 Bis\Programmes\LA CALHENE\4340-02-09.MZK
I> [18/04/2017 05:10:00] Programmes dans les fichiers demandés: Programme 998 (4340-02-09), Programme 999 (4340-02-09), Programme 1537 (4340-02-09)
I> [18/04/2017 05:10:08] Emission de programme: Programme 998 (4340-02-09)
I> [18/04/2017 05:11:13] Emission de programme: Programme 999 (4340-02-09)
I> [18/04/2017 05:12:21] Emission de programme: Programme 999 (4340-02-09)
I> [18/04/2017 05:12:33] Emission de programme: Programme 1537 (4340-02-09)
I> [18/04/2017 05:23:30] Réception: programme 998 (4340-02-09)
I> [18/04/2017 05:24:35] Réception: programme 999 (4340-02-09)
I> [18/04/2017 05:24:50] Réception: programme 1537 (4340-02-09)
I> [18/04/2017 05:25:13] Fichier reçu: C:\machines\T32 Bis\Programmes\4340-02-09.MZK
I> [18/04/2017 05:25:13] Programmes dans les fichiers demandés: Programme 998 (4340-02-09), Programme 999 (4340-02-09), Programme 1537 (4340-02-09)
I> [18/04/2017 05:28:30] Appel depuis la CN de: 121900101Q
E> [18/04/2017 05:28:35] N'a pu trouver le programme appelé depuis la CN: 121900101Q.MZK [Premier répertoire recherché : C:\machines\T32 Bis\Programmes]
E> [18/04/2017 05:28:56] N'a pu émettre le fichier. [Previous remote request failed.]
I> [18/04/2017 05:29:14] Appel depuis la CN de: 121900101Q
E> [18/04/2017 05:29:19] N'a pu trouver le programme appelé depuis la CN: 121900101Q.MZK [Premier répertoire recherché : C:\machines\T32 Bis\Programmes]
I> [18/04/2017 05:29:29] Appel depuis la CN de: 121900101Q
E> [18/04/2017 05:29:34] N'a pu trouver le programme appelé depuis la CN: 121900101Q.MZK [Premier répertoire recherché : C:\machines\T32 Bis\Programmes]
E> [18/04/2017 05:29:34] N'a pu émettre le fichier. [Previous remote request failed.]
I> [18/04/2017 05:31:24] Appel depuis la CN de: 121900101 Q
I> [18/04/2017 05:31:28] Le programme appelé depuis la CN est trouvé: C:\machines\T32 Bis\Programmes\LA CALHENE\121900101 Q.MZK
I> [18/04/2017 05:31:28] Programmes dans les fichiers demandés: Programme 840 (121900101Q), Programme 841 (121900101Q), Programme 842 (121900101Q), Programme 843 (121900101Q), Programme 844 (121900101Q), Programme 845 (121900101Q)
I> [18/04/2017 05:32:17] Emission de programme: Programme 840 (121900101Q)
I> [18/04/2017 05:32:25] Emission de programme: Programme 841 (121900101Q)
I> [18/04/2017 05:32:32] Emission de programme: Programme 842 (121900101Q)
I> [18/04/2017 05:32:48] Emission de programme: Programme 843 (121900101Q)
I> [18/04/2017 05:33:02] Emission de programme: Programme 844 (121900101Q)
I> [18/04/2017 05:33:30] Emission de programme: Programme 845 (121900101Q)
I> [18/04/2017 10:00:16] Appel depuis la CN de: 121900101 Q
I> [18/04/2017 10:00:21] Le programme appelé depuis la CN est trouvé: C:\machines\T32 Bis\Programmes\LA CALHENE\121900101 Q.MZK
I> [18/04/2017 10:00:21] Programmes dans les fichiers demandés: Programme 840 (121900101Q), Programme 841 (121900101Q), Programme 842 (121900101Q), Programme 843 (121900101Q), Programme 844 (121900101Q), Programme 845 (121900101Q)
I> [18/04/2017 10:01:16] Appel depuis la CN de: 121900101Q
I> [18/04/2017 10:01:21] Le programme appelé depuis la CN est trouvé: C:\machines\T32 Bis\Programmes\121900101Q.MZK
I> [18/04/2017 10:01:21] Programmes dans les fichiers demandés: Programme 5199 (121900101Q), Programme 5217 (121900101Q), Programme 5227 (121900101Q), Programme 5228 (121900101Q), Programme 5229 (121900101Q), Programme 5230 (121900101Q), Programme 5231 (121900101Q), Programme 5232 (121900101Q), Programme 5440 (121900101Q), Programme 5441 (121900101Q)
I> [18/04/2017 10:05:26] Emission de programme: Programme 5440 (121900101Q)
I> [18/04/2017 10:05:35] Emission de programme: Programme 5441 (121900101Q)
