I> [18/05/2009 06:40:33] Port activé avec succès.
I> [18/05/2009 07:15:48] Appel depuis la CN de: 3972017B
I> [18/05/2009 07:15:54] Le programme appelé depuis la CN est trouvé: C:\machines\T32 Bis\Programmes\FLOWSERVE\3972017B.MZK
I> [18/05/2009 07:15:54] Programmes dans les fichiers demandés: Programme 567 (3972017B), Programme 568 (3972017B), Programme 569 (3972017B)
I> [18/05/2009 07:18:02] Emission de programme: Programme 567 (3972017B)
I> [18/05/2009 07:18:06] Emission de programme: Programme 568 (3972017B)
I> [18/05/2009 07:18:22] Emission de programme: Programme 569 (3972017B)
I> [18/05/2009 09:51:30] Appel depuis la CN de: 4984118G-2
I> [18/05/2009 09:51:35] Le programme appelé depuis la CN est trouvé: C:\machines\T32 Bis\Programmes\4984118G-2.MZK
I> [18/05/2009 09:51:35] Programmes dans les fichiers demandés: Programme 39, Données d'outil, Programme 37, Données d'outil
I> [18/05/2009 09:52:36] Emission de programme: Programme 39
I> [18/05/2009 09:52:44] Emission de programme: Données d'outil
I> [18/05/2009 09:52:46] Emission de programme: Programme 37
I> [18/05/2009 09:52:53] Emission de programme: Données d'outil
I> [18/05/2009 19:37:19] Appel depuis la CN de: P362734I
I> [18/05/2009 19:37:31] Appel depuis la CN de: P362734I
I> [18/05/2009 19:37:37] Le programme appelé depuis la CN est trouvé: C:\machines\T32 Bis\Programmes\TOKHEIM\P362734I.MZK
I> [18/05/2009 19:37:37] Programmes dans les fichiers demandés: Programme 4 (P362734I)
I> [18/05/2009 19:37:54] Appel depuis la CN de: P362734I
I> [18/05/2009 19:38:01] Le programme appelé depuis la CN est trouvé: C:\machines\T32 Bis\Programmes\TOKHEIM\P362734I.MZK
I> [18/05/2009 19:38:01] Programmes dans les fichiers demandés: Programme 4 (P362734I)
I> [18/05/2009 19:38:05] Emission de programme: Programme 4 (P362734I)
