I> [18/09/2009 07:06:07] Port activé avec succès.
I> [18/09/2009 07:06:11] Appel depuis la CN de: 6340 01D
I> [18/09/2009 07:06:16] Le programme appelé depuis la CN est trouvé: C:\machines\T32 Bis\Programmes\LA CALHENE\6340 01D.MZK
I> [18/09/2009 07:06:16] Programmes dans les fichiers demandés: Programme 331 (6340 01D), Programme 332 (6340 01D), Programme 333 (6340 01D), Programme 334 (6340 01D), Programme 335 (6340 01D), Programme 415 (6340 01D)
I> [18/09/2009 07:06:28] Emission de programme: Programme 335 (6340 01D)
I> [18/09/2009 08:20:00] Appel depuis la CN de: 6120B
I> [18/09/2009 08:20:21] Le programme appelé depuis la CN est trouvé: C:\machines\T32 Bis\Programmes\LA CALHENE\6120B.MZK
I> [18/09/2009 08:20:21] Programmes dans les fichiers demandés: Programme 16, Données d'outil, Programme 11, Données d'outil, Programme 64, Données d'outil, Programme 11, Données d'outil
I> [18/09/2009 08:20:33] Appel depuis la CN de: 6120B
I> [18/09/2009 08:20:53] Le programme appelé depuis la CN est trouvé: C:\machines\T32 Bis\Programmes\LA CALHENE\6120B.MZK
I> [18/09/2009 08:20:53] Programmes dans les fichiers demandés: Programme 16, Données d'outil, Programme 11, Données d'outil, Programme 64, Données d'outil, Programme 11, Données d'outil
I> [18/09/2009 08:21:49] Appel depuis la CN de: 6120B
I> [18/09/2009 08:21:54] Le programme appelé depuis la CN est trouvé: C:\machines\T32 Bis\Programmes\LA CALHENE\6120B.MZK
I> [18/09/2009 08:21:54] Programmes dans les fichiers demandés: Programme 16, Données d'outil, Programme 11, Données d'outil, Programme 64, Données d'outil, Programme 11, Données d'outil
I> [18/09/2009 08:22:04] Emission de programme: Programme 16
I> [18/09/2009 08:22:07] Emission de programme: Données d'outil
I> [18/09/2009 08:22:08] Emission de programme: Programme 11
I> [18/09/2009 08:22:11] Emission de programme: Données d'outil
I> [18/09/2009 08:22:12] Emission de programme: Programme 64
I> [18/09/2009 08:22:25] Emission de programme: Données d'outil
I> [18/09/2009 08:22:26] Emission de programme: Programme 11
I> [18/09/2009 08:22:29] Emission de programme: Données d'outil
I> [18/09/2009 11:31:23] Port activé avec succès.
