I> [18/01/2007 09:28:37] Réception: programme 4353 (Q2433A)
I> [18/01/2007 09:28:53] Réception: programme 4354 (Q2432A)
I> [18/01/2007 09:29:12] Fichier reçu: C:\machines\T32\Programmes\Q2433A.MZK
I> [18/01/2007 09:29:12] Programmes dans les fichiers demandés: Programme 4353 (Q2433A), Programme 4354 (Q2432A)
I> [18/01/2007 09:34:58] Réception: programme 4354 (Q2432A)
I> [18/01/2007 09:35:16] Fichier reçu: C:\machines\T32\Programmes\Q2432A.MZK
I> [18/01/2007 09:35:16] Programmes dans les fichiers demandés: Programme 4354 (Q2432A)
I> [18/01/2007 09:42:03] Appel depuis la CN de: 11270-01-01
I> [18/01/2007 09:42:10] Le programme appelé depuis la CN est trouvé: C:\machines\T32\Programmes\LA CALHENE\11270-01-01.MZK
I> [18/01/2007 09:42:10] Programmes dans les fichiers demandés: Programme 4063 (11270-01-01), Programme 4065 (11270-01-01), Programme 4100 (11270-01-01), Programme 4101 (11270-01-01)
I> [18/01/2007 09:44:43] Emission de programme: Programme 4063 (11270-01-01)
I> [18/01/2007 09:45:15] Emission de programme: Programme 4065 (11270-01-01)
I> [18/01/2007 09:45:27] Emission de programme: Programme 4100 (11270-01-01)
I> [18/01/2007 09:45:59] Emission de programme: Programme 4101 (11270-01-01)
I> [18/01/2007 13:10:40] Appel depuis la CN de: 82844B
I> [18/01/2007 13:10:50] Le programme appelé depuis la CN est trouvé: C:\machines\T32\Programmes\SMTA\82844B.MZK
I> [18/01/2007 13:10:50] Programmes dans les fichiers demandés: Programme 4343 (82844B), Programme 4344 (82844B), Programme 4345 (82844B), Programme 4346 (82844B), Programme 4347 (82844B), Programme 4348 (82844B)
I> [18/01/2007 13:11:04] Appel depuis la CN de: 82844B
I> [18/01/2007 13:11:10] Le programme appelé depuis la CN est trouvé: C:\machines\T32\Programmes\SMTA\82844B.MZK
I> [18/01/2007 13:11:10] Programmes dans les fichiers demandés: Programme 4343 (82844B), Programme 4344 (82844B), Programme 4345 (82844B), Programme 4346 (82844B), Programme 4347 (82844B), Programme 4348 (82844B)
I> [18/01/2007 13:12:21] Emission de programme: Programme 4343 (82844B)
I> [18/01/2007 13:12:34] Emission de programme: Programme 4344 (82844B)
I> [18/01/2007 13:12:48] Emission de programme: Programme 4345 (82844B)
I> [18/01/2007 13:13:01] Emission de programme: Programme 4346 (82844B)
I> [18/01/2007 13:13:14] Emission de programme: Programme 4347 (82844B)
I> [18/01/2007 13:13:28] Emission de programme: Programme 4348 (82844B)
I> [18/01/2007 13:14:07] Emission de programme: Programme 4348 (82844B)
I> [18/01/2007 13:15:35] Réception: programme 4343 (82844B)
I> [18/01/2007 13:15:49] Réception: programme 4344 (82844B)
I> [18/01/2007 13:16:03] Réception: programme 4345 (82844B)
I> [18/01/2007 13:16:16] Réception: programme 4346 (82844B)
I> [18/01/2007 13:16:29] Réception: programme 4347 (82844B)
I> [18/01/2007 13:16:43] Réception: programme 4348 (82844B)
I> [18/01/2007 13:16:56] Réception: programme 4355 (82844B)
I> [18/01/2007 13:17:05] Réception: programme 4356 (82844B)
I> [18/01/2007 13:17:16] Fichier reçu: C:\machines\T32\Programmes\82844B.MZK
I> [18/01/2007 13:17:16] Programmes dans les fichiers demandés: Programme 4343 (82844B), Programme 4344 (82844B), Programme 4345 (82844B), Programme 4346 (82844B), Programme 4347 (82844B), Programme 4348 (82844B), Programme 4355 (82844B), Programme 4356 (82844B)
