I> [18/04/2011 06:09:01] Port activé avec succès.
I> [18/04/2011 10:20:27] Appel depuis la CN de: BA303-B
E> [18/04/2011 10:20:32] N'a pu trouver le programme appelé depuis la CN: BA303-B.MZK [Premier répertoire recherché : C:\machines\T32 Bis\Programmes]
E> [18/04/2011 10:20:32] N'a pu émettre le fichier. [Previous remote request failed.]
E> [18/04/2011 10:20:33] N'a pu émettre le fichier. [Previous remote request failed.]
E> [18/04/2011 10:20:34] N'a pu émettre le fichier. [Previous remote request failed.]
I> [18/04/2011 10:32:52] Appel depuis la CN de: BA 303
E> [18/04/2011 10:32:56] N'a pu émettre le fichier. [Previous remote request failed.]
I> [18/04/2011 10:32:57] Le programme appelé depuis la CN est trouvé: C:\machines\T32 Bis\Programmes\MECAMARC\BA 303.MZK
I> [18/04/2011 10:32:57] Programmes dans les fichiers demandés: Programme 222 (BA 303), Programme 223 (BA 303), Programme 224 (BA 303), Programme 225 (BA 303), Programme 226 (BA 303), Programme 371 (BA 303), Programme 372 (BA 303), Programme 373 (BA 303)
I> [18/04/2011 10:33:01] Emission de programme: Programme 222 (BA 303)
I> [18/04/2011 10:33:10] Emission de programme: Programme 223 (BA 303)
I> [18/04/2011 10:33:17] Emission de programme: Programme 224 (BA 303)
I> [18/04/2011 10:33:24] Emission de programme: Programme 225 (BA 303)
I> [18/04/2011 10:33:35] Emission de programme: Programme 226 (BA 303)
I> [18/04/2011 10:33:46] Emission de programme: Programme 371 (BA 303)
I> [18/04/2011 10:34:07] Emission de programme: Programme 372 (BA 303)
I> [18/04/2011 10:34:32] Emission de programme: Programme 373 (BA 303)
I> [18/04/2011 18:25:51] Réception: programme 1073 (BA 303 B)
I> [18/04/2011 18:26:00] Réception: programme 1074 (BA 303 B)
I> [18/04/2011 18:26:07] Réception: programme 1075 (BA 303 B)
I> [18/04/2011 18:26:20] Réception: programme 1076 (BA 303 B)
I> [18/04/2011 18:26:31] Réception: programme 1077 (BA 303 B)
I> [18/04/2011 18:26:44] Fichier reçu: C:\machines\T32 Bis\Programmes\BA 303 B.MZK
I> [18/04/2011 18:26:44] Programmes dans les fichiers demandés: Programme 1073 (BA 303 B), Programme 1074 (BA 303 B), Programme 1075 (BA 303 B), Programme 1076 (BA 303 B), Programme 1077 (BA 303 B)
I> [18/04/2011 18:34:50] Appel depuis la CN de: 112704601A
I> [18/04/2011 18:34:55] Le programme appelé depuis la CN est trouvé: C:\machines\T32 Bis\Programmes\LA CALHENE\112704601A.MZK
I> [18/04/2011 18:34:55] Programmes dans les fichiers demandés: Programme 863 (112704601A), Programme 864 (112704601A), Programme 865 (112704601A), Programme 866 (112704601A)
I> [18/04/2011 18:35:20] Emission de programme: Programme 863 (112704601A)
I> [18/04/2011 18:35:36] Emission de programme: Programme 864 (112704601A)
I> [18/04/2011 18:35:53] Emission de programme: Programme 865 (112704601A)
I> [18/04/2011 18:36:01] Emission de programme: Programme 866 (112704601A)
