I> [18/10/2008 05:07:45] Port activé avec succès.
I> [18/10/2008 06:19:07] Réception: programme 380 (136380A)
I> [18/10/2008 06:19:14] Réception: programme 387 (136380A)
I> [18/10/2008 06:19:22] Réception: programme 391 (136380A)
I> [18/10/2008 06:19:36] Fichier reçu: C:\machines\T32 Bis\Programmes\136380A.MZK
I> [18/10/2008 06:19:36] Programmes dans les fichiers demandés: Programme 380 (136380A), Programme 387 (136380A), Programme 391 (136380A)
I> [18/10/2008 06:20:10] Réception: programme 381 (223104B)
I> [18/10/2008 06:20:17] Réception: programme 386 (223104B)
I> [18/10/2008 06:20:26] Réception: programme 390 (223104B)
I> [18/10/2008 06:20:42] Fichier reçu: C:\machines\T32 Bis\Programmes\223104B.MZK
I> [18/10/2008 06:20:42] Programmes dans les fichiers demandés: Programme 381 (223104B), Programme 386 (223104B), Programme 390 (223104B)
I> [18/10/2008 06:21:13] Réception: programme 382 (224592)
I> [18/10/2008 06:21:20] Réception: programme 385 (224592)
I> [18/10/2008 06:21:28] Réception: programme 389 (224592)
I> [18/10/2008 06:21:42] Réception: programme 392 (224592)
I> [18/10/2008 06:21:50] Fichier reçu: C:\machines\T32 Bis\Programmes\224592.MZK
I> [18/10/2008 06:21:50] Programmes dans les fichiers demandés: Programme 382 (224592), Programme 385 (224592), Programme 389 (224592), Programme 392 (224592)
I> [18/10/2008 06:22:08] Réception: programme 383 (224411A)
I> [18/10/2008 06:22:15] Réception: programme 384 (224411A)
I> [18/10/2008 06:22:22] Réception: programme 388 (224411A)
I> [18/10/2008 06:22:37] Réception: programme 393 (224411A)
I> [18/10/2008 06:22:45] Fichier reçu: C:\machines\T32 Bis\Programmes\224411A.MZK
I> [18/10/2008 06:22:45] Programmes dans les fichiers demandés: Programme 383 (224411A), Programme 384 (224411A), Programme 388 (224411A), Programme 393 (224411A)
I> [18/10/2008 06:59:42] Appel depuis la CN de: EBAU-FUT
I> [18/10/2008 06:59:58] Appel depuis la CN de: EBAU-FUT
I> [18/10/2008 07:00:03] Le programme appelé depuis la CN est trouvé: C:\machines\T32 Bis\Programmes\MOTEURS JM\EBAU-FUT.mzk
I> [18/10/2008 07:00:03] Programmes dans les fichiers demandés: Programme 3690 (EBAU-FUT), Programme 3691 (EBAU-FUT)
I> [18/10/2008 07:00:07] Emission de programme: Programme 3690 (EBAU-FUT)
I> [18/10/2008 07:00:15] Emission de programme: Programme 3691 (EBAU-FUT)
I> [18/10/2008 07:00:56] Appel depuis la CN de: EBAU-PLATIN
I> [18/10/2008 07:01:01] Le programme appelé depuis la CN est trouvé: C:\machines\T32 Bis\Programmes\MOTEURS JM\EBAU-PLATIN.MZK
I> [18/10/2008 07:01:01] Programmes dans les fichiers demandés: Programme 3692 (EBAU-PLATIN), Programme 3693 (EBAU-PLATIN)
I> [18/10/2008 07:01:06] Emission de programme: Programme 3692 (EBAU-PLATIN)
I> [18/10/2008 07:01:13] Emission de programme: Programme 3693 (EBAU-PLATIN)
I> [18/10/2008 07:01:54] Appel depuis la CN de: EBAU-TUBE
I> [18/10/2008 07:01:59] Le programme appelé depuis la CN est trouvé: C:\machines\T32 Bis\Programmes\MOTEURS JM\EBAU-TUBE.MZK
I> [18/10/2008 07:01:59] Programmes dans les fichiers demandés: Programme 3688 (EBAU-TUBE), Programme 3689 (EBAU-TUBE)
I> [18/10/2008 07:02:04] Emission de programme: Programme 3688 (EBAU-TUBE)
I> [18/10/2008 07:02:11] Emission de programme: Programme 3689 (EBAU-TUBE)
