I> [18/11/2011 07:12:30] Port activé avec succès.
I> [18/11/2011 07:20:37] Appel depuis la CN de: 5998155A
E> [18/11/2011 07:20:41] N'a pu émettre le fichier: C:\machines\T32 Bis\Programmes\81B0004 E.MZK [Le système ne peut pas lire le périphérique indiqué]
I> [18/11/2011 07:20:42] Le programme appelé depuis la CN est trouvé: C:\machines\T32 Bis\Programmes\FLOWSERVE\5998155A.MZK
I> [18/11/2011 07:20:42] Programmes dans les fichiers demandés: Programme 882 (5998155A), Programme 883 (5998155A), Programme 884 (5998155A), Programme 860 (5998155A)
I> [18/11/2011 07:20:50] Appel depuis la CN de: 5998155A
I> [18/11/2011 07:20:54] Le programme appelé depuis la CN est trouvé: C:\machines\T32 Bis\Programmes\FLOWSERVE\5998155A.MZK
I> [18/11/2011 07:20:54] Programmes dans les fichiers demandés: Programme 882 (5998155A), Programme 883 (5998155A), Programme 884 (5998155A), Programme 860 (5998155A)
I> [18/11/2011 07:20:59] Emission de programme: Programme 882 (5998155A)
I> [18/11/2011 07:21:07] Emission de programme: Programme 883 (5998155A)
I> [18/11/2011 07:21:13] Emission de programme: Programme 884 (5998155A)
I> [18/11/2011 07:21:18] Emission de programme: Programme 860 (5998155A)
I> [18/11/2011 14:06:57] Appel depuis la CN de: 11190 16 01
I> [18/11/2011 14:07:02] Le programme appelé depuis la CN est trouvé: C:\machines\T32 Bis\Programmes\LA CALHENE\11190 16 01.MZK
I> [18/11/2011 14:07:02] Programmes dans les fichiers demandés: Programme 988 (11190 16 01), Programme 989 (11190 16 01), Programme 990 (11190 16 01), Programme 991 (11190 16 01)
I> [18/11/2011 14:07:16] Emission de programme: Programme 988 (11190 16 01)
I> [18/11/2011 14:07:53] Emission de programme: Programme 989 (11190 16 01)
I> [18/11/2011 14:08:07] Emission de programme: Programme 990 (11190 16 01)
I> [18/11/2011 14:08:17] Emission de programme: Programme 991 (11190 16 01)
I> [18/11/2011 15:59:00] Réception: programme 1209 (5998155A)
I> [18/11/2011 15:59:08] Réception: programme 1210 (5998155A)
I> [18/11/2011 15:59:17] Fichier reçu: C:\machines\T32 Bis\Programmes\5998155A.MZK
I> [18/11/2011 15:59:17] Programmes dans les fichiers demandés: Programme 1209 (5998155A), Programme 1210 (5998155A)
I> [18/11/2011 16:07:57] Réception: programme 1209 (4804534A)
I> [18/11/2011 16:08:05] Réception: programme 1210 (4804534A)
I> [18/11/2011 16:08:14] Fichier reçu: C:\machines\T32 Bis\Programmes\4804534A.MZK
I> [18/11/2011 16:08:14] Programmes dans les fichiers demandés: Programme 1209 (4804534A), Programme 1210 (4804534A)
