I> [18/10/2011 06:40:29] Port activé avec succès.
I> [18/10/2011 06:43:24] Réception: programme 1184 (3987514F)
I> [18/10/2011 06:44:07] Réception: programme 1185 (3987514F)
I> [18/10/2011 06:44:36] Réception: programme 1186 (3987514F)
I> [18/10/2011 06:44:46] Fichier reçu: C:\machines\T32 Bis\Programmes\3987514F.MZK
I> [18/10/2011 06:44:46] Programmes dans les fichiers demandés: Programme 1184 (3987514F), Programme 1185 (3987514F), Programme 1186 (3987514F)
I> [18/10/2011 06:48:12] Appel depuis la CN de: 81B0004E
E> [18/10/2011 06:48:17] N'a pu trouver le programme appelé depuis la CN: 81B0004E.MZK [Premier répertoire recherché : C:\machines\T32 Bis\Programmes]
E> [18/10/2011 06:48:18] N'a pu émettre le fichier. [Previous remote request failed.]
E> [18/10/2011 06:48:23] N'a pu émettre le fichier. [Previous remote request failed.]
E> [18/10/2011 06:48:27] N'a pu émettre le fichier. [Previous remote request failed.]
I> [18/10/2011 06:48:50] Appel depuis la CN de: 81B0004E
E> [18/10/2011 06:48:54] N'a pu trouver le programme appelé depuis la CN: 81B0004E.MZK [Premier répertoire recherché : C:\machines\T32 Bis\Programmes]
E> [18/10/2011 06:48:59] N'a pu émettre le fichier. [Previous remote request failed.]
I> [18/10/2011 06:50:31] Appel depuis la CN de: 81B0004 E
I> [18/10/2011 06:50:36] Le programme appelé depuis la CN est trouvé: C:\machines\T32 Bis\Programmes\81B0004 E.MZK
I> [18/10/2011 06:50:36] Programmes dans les fichiers demandés: Programme 103, Données d'outil, Programme 340, Données d'outil, Programme 276, Données d'outil
I> [18/10/2011 06:50:45] Emission de programme: Programme 103
I> [18/10/2011 06:51:04] Emission de programme: Données d'outil
I> [18/10/2011 06:51:05] Emission de programme: Programme 340
I> [18/10/2011 06:51:21] Emission de programme: Données d'outil
I> [18/10/2011 06:51:23] Emission de programme: Programme 276
I> [18/10/2011 06:51:27] Emission de programme: Données d'outil
I> [18/10/2011 11:43:05] Port arrêté.
I> [18/10/2011 11:43:09] Port activé avec succès.
I> [18/10/2011 11:47:39] Port arrêté.
I> [18/10/2011 11:47:44] Port activé avec succès.
I> [18/10/2011 13:06:41] Appel depuis la CN de: 41890202C
I> [18/10/2011 13:06:46] Le programme appelé depuis la CN est trouvé: C:\machines\T32 Bis\Programmes\LA CALHENE\41890202C.MZK
I> [18/10/2011 13:06:46] Programmes dans les fichiers demandés: Programme 914 (41890202C), Programme 915 (41890202C), Programme 938 (41890202C), Programme 941 (41890202C)
I> [18/10/2011 13:07:00] Emission de programme: Programme 914 (41890202C)
I> [18/10/2011 13:07:15] Emission de programme: Programme 915 (41890202C)
I> [18/10/2011 13:07:32] Emission de programme: Programme 938 (41890202C)
I> [18/10/2011 13:07:53] Emission de programme: Programme 941 (41890202C)
I> [18/10/2011 13:08:58] Appel depuis la CN de: 41890203C
I> [18/10/2011 13:09:03] Le programme appelé depuis la CN est trouvé: C:\machines\T32 Bis\Programmes\LA CALHENE\41890203C.MZK
I> [18/10/2011 13:09:03] Programmes dans les fichiers demandés: Programme 913 (41890203C), Programme 916 (41890203C), Programme 937 (41890203C), Programme 940 (41890203C)
I> [18/10/2011 13:11:46] Emission de programme: Programme 913 (41890203C)
I> [18/10/2011 13:12:03] Emission de programme: Programme 916 (41890203C)
I> [18/10/2011 13:12:19] Emission de programme: Programme 937 (41890203C)
I> [18/10/2011 13:12:45] Emission de programme: Programme 940 (41890203C)
I> [18/10/2011 20:32:37] Réception: programme 1187 (41890201B)
I> [18/10/2011 20:32:53] Fichier reçu: C:\machines\T32 Bis\Programmes\41890201B.MZK
I> [18/10/2011 20:32:53] Programmes dans les fichiers demandés: Programme 1187 (41890201B)
