I> [18/12/2012 04:56:07] Port activé avec succès.
I> [18/12/2012 05:06:46] Appel depuis la CN de: 241003332
E> [18/12/2012 05:06:53] N'a pu trouver le programme appelé depuis la CN: 241003332.MZK [Premier répertoire recherché : C:\machines\T32 Bis\Programmes]
E> [18/12/2012 05:07:45] N'a pu émettre le fichier. [Previous remote request failed.]
I> [18/12/2012 05:07:56] Appel depuis la CN de: 241003332
E> [18/12/2012 05:08:01] N'a pu trouver le programme appelé depuis la CN: 241003332.MZK [Premier répertoire recherché : C:\machines\T32 Bis\Programmes]
E> [18/12/2012 05:08:05] N'a pu émettre le fichier. [Previous remote request failed.]
E> [18/12/2012 05:08:06] N'a pu émettre le fichier. [Previous remote request failed.]
E> [18/12/2012 05:08:07] N'a pu émettre le fichier. [Previous remote request failed.]
E> [18/12/2012 05:08:08] N'a pu émettre le fichier. [Previous remote request failed.]
I> [18/12/2012 05:08:21] Appel depuis la CN de: 241003332
E> [18/12/2012 05:08:25] N'a pu trouver le programme appelé depuis la CN: 241003332.MZK [Premier répertoire recherché : C:\machines\T32 Bis\Programmes]
E> [18/12/2012 05:08:26] N'a pu émettre le fichier. [Previous remote request failed.]
E> [18/12/2012 05:08:28] N'a pu émettre le fichier. [Previous remote request failed.]
E> [18/12/2012 05:08:28] N'a pu émettre le fichier. [Previous remote request failed.]
I> [18/12/2012 05:10:48] Appel depuis la CN de: 241003332
I> [18/12/2012 05:10:53] Le programme appelé depuis la CN est trouvé: C:\machines\T32 Bis\Programmes\241003332.MZK
I> [18/12/2012 05:10:53] Programmes dans les fichiers demandés: Programme 40, Données d'outil, Programme 40, Données d'outil
I> [18/12/2012 05:10:56] Emission de programme: Programme 40
I> [18/12/2012 05:11:05] Emission de programme: Données d'outil
I> [18/12/2012 05:11:06] Emission de programme: Programme 40
I> [18/12/2012 05:11:14] Emission de programme: Données d'outil
I> [18/12/2012 10:13:13] Appel depuis la CN de: P362734J
E> [18/12/2012 10:13:20] N'a pu trouver le programme appelé depuis la CN: P362734J.MZK [Premier répertoire recherché : C:\machines\T32 Bis\Programmes]
E> [18/12/2012 10:13:21] N'a pu émettre le fichier. [Previous remote request failed.]
E> [18/12/2012 10:13:21] N'a pu émettre le fichier. [Previous remote request failed.]
I> [18/12/2012 10:15:49] Appel depuis la CN de: P362734I
E> [18/12/2012 10:15:54] N'a pu émettre le fichier. [Previous remote request failed.]
I> [18/12/2012 10:15:55] Le programme appelé depuis la CN est trouvé: C:\machines\T32 Bis\Programmes\TOKHEIM\P362734I.MZK
I> [18/12/2012 10:15:55] Programmes dans les fichiers demandés: Programme 1127 (P362734I), Programme 4 (P362734I)
I> [18/12/2012 10:16:05] Emission de programme: Programme 4 (P362734I)
