I> [18/11/2008 05:10:30] Port activé avec succès.
I> [18/11/2008 07:35:51] Réception: programme 418 (9001 61 01)
I> [18/11/2008 07:35:57] Réception: programme 420 (9001 61 01)
I> [18/11/2008 07:36:18] Réception: programme 421 (9001 61 01)
I> [18/11/2008 07:36:23] Réception: programme 424 (9001 61 01)
I> [18/11/2008 07:36:31] Fichier reçu: C:\machines\T32 Bis\Programmes\9001 61 01.MZK
I> [18/11/2008 07:36:32] Programmes dans les fichiers demandés: Programme 418 (9001 61 01), Programme 420 (9001 61 01), Programme 421 (9001 61 01), Programme 424 (9001 61 01)
I> [18/11/2008 07:36:57] Réception: programme 419 (9001 47 02)
I> [18/11/2008 07:37:02] Réception: programme 422 (9001 47 02)
I> [18/11/2008 07:37:16] Réception: programme 423 (9001 47 02)
I> [18/11/2008 07:37:25] Fichier reçu: C:\machines\T32 Bis\Programmes\9001 47 02.MZK
I> [18/11/2008 07:37:25] Programmes dans les fichiers demandés: Programme 419 (9001 47 02), Programme 422 (9001 47 02), Programme 423 (9001 47 02)
I> [18/11/2008 07:38:22] Appel depuis la CN de: 30120003073
I> [18/11/2008 07:38:27] Le programme appelé depuis la CN est trouvé: C:\machines\T32 Bis\Programmes\MECABOR\30120003073.MZK
I> [18/11/2008 07:38:27] Programmes dans les fichiers demandés: Programme 409 (30120003073)
I> [18/11/2008 07:38:37] Emission de programme: Programme 409 (30120003073)
I> [18/11/2008 07:41:25] Réception: programme 419 (9001 47 02B)
I> [18/11/2008 07:41:30] Réception: programme 422 (9001 47 02B)
I> [18/11/2008 07:41:44] Réception: programme 423 (9001 47 02B)
I> [18/11/2008 07:41:54] Fichier reçu: C:\machines\T32 Bis\Programmes\9001 47 02B.MZK
I> [18/11/2008 07:41:54] Programmes dans les fichiers demandés: Programme 419 (9001 47 02B), Programme 422 (9001 47 02B), Programme 423 (9001 47 02B)
I> [18/11/2008 16:49:49] Appel depuis la CN de: P362734I
I> [18/11/2008 16:49:54] Le programme appelé depuis la CN est trouvé: C:\machines\T32 Bis\Programmes\TOKHEIM\P362734I.MZK
I> [18/11/2008 16:49:54] Programmes dans les fichiers demandés: Programme 4 (P362734I)
I> [18/11/2008 16:50:02] Emission de programme: Programme 4 (P362734I)
