I> [19/03/2007 06:23:07] Port activé avec succès.
I> [19/03/2007 06:23:48] Réception: programme 4397 (83647A)
I> [19/03/2007 06:23:57] Fichier reçu: C:\machines\T32\Programmes\83647A.MZK
I> [19/03/2007 06:23:57] Programmes dans les fichiers demandés: Programme 4397 (83647A)
I> [19/03/2007 15:03:28] Appel depuis la CN de: 83766B
I> [19/03/2007 15:03:34] Le programme appelé depuis la CN est trouvé: C:\machines\T32\Programmes\SMTA\83766B.MZK
I> [19/03/2007 15:03:34] Programmes dans les fichiers demandés: Programme 4380 (83766B), Programme 4381 (83766B), Programme 4385 (83766B), Programme 4386 (83766B)
I> [19/03/2007 15:03:44] Emission de programme: Programme 4380 (83766B)
I> [19/03/2007 15:03:56] Emission de programme: Programme 4381 (83766B)
I> [19/03/2007 15:04:09] Emission de programme: Programme 4385 (83766B)
I> [19/03/2007 15:04:18] Emission de programme: Programme 4386 (83766B)
I> [19/03/2007 15:06:38] Réception: programme 4380 (83766B)
I> [19/03/2007 15:06:51] Réception: programme 4381 (83766B)
I> [19/03/2007 15:07:04] Réception: programme 4385 (83766B)
I> [19/03/2007 15:07:12] Réception: programme 4386 (83766B)
I> [19/03/2007 15:07:21] Réception: programme 4398 (83766B)
I> [19/03/2007 15:07:37] Réception: programme 4399 (83766B)
I> [19/03/2007 15:07:45] Fichier reçu: C:\machines\T32\Programmes\83766B.MZK
I> [19/03/2007 15:07:45] Programmes dans les fichiers demandés: Programme 4380 (83766B), Programme 4381 (83766B), Programme 4385 (83766B), Programme 4386 (83766B), Programme 4398 (83766B), Programme 4399 (83766B)
I> [19/03/2007 15:22:44] Appel depuis la CN de: 83766B
I> [19/03/2007 15:22:51] Le programme appelé depuis la CN est trouvé: C:\machines\T32\Programmes\SMTA\83766B.MZK
I> [19/03/2007 15:22:51] Programmes dans les fichiers demandés: Programme 4380 (83766B), Programme 4381 (83766B), Programme 4385 (83766B), Programme 4386 (83766B), Programme 4398 (83766B), Programme 4399 (83766B)
I> [19/03/2007 15:35:30] Appel depuis la CN de: 11270-01-01
I> [19/03/2007 15:35:37] Le programme appelé depuis la CN est trouvé: C:\machines\T32\Programmes\LA CALHENE\11270-01-01.MZK
I> [19/03/2007 15:35:37] Programmes dans les fichiers demandés: Programme 4063 (11270-01-01), Programme 4065 (11270-01-01), Programme 4100 (11270-01-01), Programme 4101 (11270-01-01)
I> [19/03/2007 15:36:19] Emission de programme: Programme 4063 (11270-01-01)
I> [19/03/2007 15:36:52] Emission de programme: Programme 4065 (11270-01-01)
I> [19/03/2007 15:37:04] Emission de programme: Programme 4100 (11270-01-01)
I> [19/03/2007 15:37:37] Emission de programme: Programme 4101 (11270-01-01)
