I> [19/09/2016 05:23:51] Port activé avec succès.
I> [19/09/2016 11:51:06] Appel depuis la CN de: 113500103L
I> [19/09/2016 11:51:11] Le programme appelé depuis la CN est trouvé: C:\machines\T32 Bis\Programmes\LA CALHENE\113500103L.MZK
I> [19/09/2016 11:51:11] Programmes dans les fichiers demandés: Programme 1000 (113500103L), Programme 1435 (113500103L), Programme 1001 (113500103L), Programme 1002 (113500103L), Programme 1003 (113500103L)
I> [19/09/2016 11:51:21] Emission de programme: Programme 1000 (113500103L)
I> [19/09/2016 11:51:27] Emission de programme: Programme 1435 (113500103L)
I> [19/09/2016 11:51:32] Emission de programme: Programme 1001 (113500103L)
E> [19/09/2016 11:55:45] Transmission avortée. [Délai de réponse dépassé, interruption de la transmission]
I> [19/09/2016 14:25:47] Appel depuis la CN de: 112705501
I> [19/09/2016 14:25:59] Le programme appelé depuis la CN est trouvé: C:\machines\T32 Bis\Programmes\LA CALHENE\112705501.MZK
I> [19/09/2016 14:25:59] Programmes dans les fichiers demandés: Programme 1534 (112705501), Programme 1439 (112705501), Programme 1440 (112705501), Programme 1441 (112705501)
I> [19/09/2016 14:26:09] Appel depuis la CN de: 112705501
I> [19/09/2016 14:26:16] Le programme appelé depuis la CN est trouvé: C:\machines\T32 Bis\Programmes\LA CALHENE\112705501.MZK
I> [19/09/2016 14:26:16] Programmes dans les fichiers demandés: Programme 1534 (112705501), Programme 1439 (112705501), Programme 1440 (112705501), Programme 1441 (112705501)
I> [19/09/2016 14:26:19] Emission de programme: Programme 1534 (112705501)
I> [19/09/2016 14:27:37] Emission de programme: Programme 1439 (112705501)
I> [19/09/2016 14:27:49] Emission de programme: Programme 1440 (112705501)
I> [19/09/2016 14:31:34] Réception: programme 1534 (112705501)
I> [19/09/2016 14:32:52] Réception: programme 1439 (112705501)
I> [19/09/2016 14:33:04] Réception: programme 1440 (112705501)
I> [19/09/2016 14:33:27] Réception: programme 1441 (112705501)
I> [19/09/2016 14:34:02] Fichier reçu: C:\machines\T32 Bis\Programmes\112705501.MZK
I> [19/09/2016 14:34:02] Programmes dans les fichiers demandés: Programme 1534 (112705501), Programme 1439 (112705501), Programme 1440 (112705501), Programme 1441 (112705501)
I> [19/09/2016 14:41:41] Appel depuis la CN de: 4340-02-09
I> [19/09/2016 14:41:46] Le programme appelé depuis la CN est trouvé: C:\machines\T32 Bis\Programmes\LA CALHENE\4340-02-09.MZK
I> [19/09/2016 14:41:46] Programmes dans les fichiers demandés: Programme 998 (4340-02-09), Programme 999 (4340-02-09), Programme 1537 (4340-02-09)
I> [19/09/2016 14:41:52] Emission de programme: Programme 998 (4340-02-09)
I> [19/09/2016 14:42:57] Emission de programme: Programme 999 (4340-02-09)
I> [19/09/2016 14:43:09] Emission de programme: Programme 1537 (4340-02-09)
