I> [19/02/2018 06:05:04] Port activé avec succès.
I> [19/02/2018 06:53:14] Port activé avec succès.
I> [19/02/2018 15:21:37] Appel depuis la CN de: 212700501
I> [19/02/2018 15:21:44] Le programme appelé depuis la CN est trouvé: C:\machines\T32 Bis\Programmes\LA CALHENE\212700501.MZK
I> [19/02/2018 15:21:44] Programmes dans les fichiers demandés: Programme 1463 (212700501), Programme 1464 (212700501), Programme 1465 (212700501), Programme 1466 (212700501), Programme 1467 (212700501)
I> [19/02/2018 15:21:48] Emission de programme: Programme 1463 (212700501)
I> [19/02/2018 15:22:21] Emission de programme: Programme 1464 (212700501)
I> [19/02/2018 15:22:49] Emission de programme: Programme 1465 (212700501)
I> [19/02/2018 15:23:40] Emission de programme: Programme 1466 (212700501)
I> [19/02/2018 15:25:59] Réception: programme 1463 (212700501)
I> [19/02/2018 15:26:32] Réception: programme 1464 (212700501)
I> [19/02/2018 15:27:00] Réception: programme 1465 (212700501)
I> [19/02/2018 15:27:51] Réception: programme 1466 (212700501)
I> [19/02/2018 15:28:21] Réception: programme 1467 (212700501)
I> [19/02/2018 15:28:53] Fichier reçu: C:\machines\T32 Bis\Programmes\212700501.MZK
I> [19/02/2018 15:28:53] Programmes dans les fichiers demandés: Programme 1463 (212700501), Programme 1464 (212700501), Programme 1465 (212700501), Programme 1466 (212700501), Programme 1467 (212700501)
I> [19/02/2018 15:36:28] Appel depuis la CN de: 30270300201
E> [19/02/2018 15:36:32] N'a pu émettre le fichier: C:\machines\T32 Bis\Programmes\212700501.MZK [Le système ne peut pas lire le périphérique indiqué]
I> [19/02/2018 15:36:33] Le programme appelé depuis la CN est trouvé: C:\machines\T32 Bis\Programmes\LA CALHENE\30270300201.MZK
I> [19/02/2018 15:36:33] Programmes dans les fichiers demandés: Programme 1389 (30270300201), Programme 1390 (30270300201), Programme 1393 (30270300201), Programme 1394 (30270300201), Programme 1578 (30270300201)
I> [19/02/2018 15:36:40] Emission de programme: Programme 1389 (30270300201)
I> [19/02/2018 15:36:45] Emission de programme: Programme 1390 (30270300201)
I> [19/02/2018 15:36:57] Emission de programme: Programme 1393 (30270300201)
I> [19/02/2018 15:37:10] Emission de programme: Programme 1394 (30270300201)
I> [19/02/2018 15:37:48] Emission de programme: Programme 1578 (30270300201)
I> [19/02/2018 18:58:50] Appel depuis la CN de: 30350300201
I> [19/02/2018 18:58:57] Le programme appelé depuis la CN est trouvé: C:\machines\T32 Bis\Programmes\LA CALHENE\30350300201.MZK
I> [19/02/2018 18:58:57] Programmes dans les fichiers demandés: Programme 1430 (30350300201), Programme 1431 (30350300201), Programme 1432 (30350300201), Programme 1433 (30350300201), Programme 1434 (30350300201)
I> [19/02/2018 18:59:11] Emission de programme: Programme 1430 (30350300201)
I> [19/02/2018 18:59:20] Emission de programme: Programme 1431 (30350300201)
I> [19/02/2018 18:59:47] Appel depuis la CN de: 30350300201
I> [19/02/2018 18:59:54] Le programme appelé depuis la CN est trouvé: C:\machines\T32 Bis\Programmes\LA CALHENE\30350300201.MZK
I> [19/02/2018 18:59:54] Programmes dans les fichiers demandés: Programme 1430 (30350300201), Programme 1431 (30350300201), Programme 1432 (30350300201), Programme 1433 (30350300201), Programme 1434 (30350300201)
I> [19/02/2018 19:00:01] Emission de programme: Programme 1432 (30350300201)
I> [19/02/2018 19:03:31] Appel depuis la CN de: 30350300201
I> [19/02/2018 19:03:36] Le programme appelé depuis la CN est trouvé: C:\machines\T32 Bis\Programmes\LA CALHENE\30350300201.MZK
I> [19/02/2018 19:03:36] Programmes dans les fichiers demandés: Programme 1430 (30350300201), Programme 1431 (30350300201), Programme 1432 (30350300201), Programme 1433 (30350300201), Programme 1434 (30350300201)
I> [19/02/2018 19:03:47] Appel depuis la CN de: 30270300201
I> [19/02/2018 19:03:52] Le programme appelé depuis la CN est trouvé: C:\machines\T32 Bis\Programmes\LA CALHENE\30270300201.MZK
I> [19/02/2018 19:03:52] Programmes dans les fichiers demandés: Programme 1389 (30270300201), Programme 1390 (30270300201), Programme 1393 (30270300201), Programme 1394 (30270300201), Programme 1578 (30270300201)
I> [19/02/2018 19:04:10] Emission de programme: Programme 1390 (30270300201)
