I> [19/01/2010 07:34:52] Port activé avec succès.
I> [19/01/2010 08:24:31] Réception: programme 749 (151900901A)
I> [19/01/2010 08:24:39] Réception: programme 750 (151900901A)
I> [19/01/2010 08:24:52] Réception: programme 751 (151900901A)
I> [19/01/2010 08:25:13] Fichier reçu: C:\machines\T32 Bis\Programmes\151900901A.MZK
I> [19/01/2010 08:25:13] Programmes dans les fichiers demandés: Programme 749 (151900901A), Programme 750 (151900901A), Programme 751 (151900901A)
I> [19/01/2010 08:45:06] Appel depuis la CN de: 241003638
I> [19/01/2010 08:45:13] Le programme appelé depuis la CN est trouvé: C:\machines\T32 Bis\Programmes\241003638.MZK
I> [19/01/2010 08:45:13] Programmes dans les fichiers demandés: Programme 279, Données d'outil, Programme 271, Données d'outil
I> [19/01/2010 08:45:16] Emission de programme: Programme 279
I> [19/01/2010 08:45:22] Emission de programme: Données d'outil
I> [19/01/2010 08:45:23] Emission de programme: Programme 271
I> [19/01/2010 08:45:26] Emission de programme: Données d'outil
I> [19/01/2010 11:01:55] Appel depuis la CN de: 3160241404B
E> [19/01/2010 11:02:02] N'a pu trouver le programme appelé depuis la CN: 3160241404B.MZK [Premier répertoire recherché : C:\machines\T32 Bis\Programmes]
I> [19/01/2010 11:02:12] Appel depuis la CN de: 3160241404B
E> [19/01/2010 11:02:19] N'a pu trouver le programme appelé depuis la CN: 3160241404B.MZK [Premier répertoire recherché : C:\machines\T32 Bis\Programmes]
E> [19/01/2010 11:02:19] N'a pu émettre le fichier. [Previous remote request failed.]
I> [19/01/2010 11:02:31] Appel depuis la CN de: 3160241404B
E> [19/01/2010 11:02:37] N'a pu trouver le programme appelé depuis la CN: 3160241404B.MZK [Premier répertoire recherché : C:\machines\T32 Bis\Programmes]
E> [19/01/2010 11:02:38] N'a pu émettre le fichier. [Previous remote request failed.]
I> [19/01/2010 11:03:27] Appel depuis la CN de: 3160-24-14B
I> [19/01/2010 11:03:34] Le programme appelé depuis la CN est trouvé: C:\machines\T32 Bis\Programmes\LA CALHENE\3160-24-14B.MZK
I> [19/01/2010 11:03:34] Programmes dans les fichiers demandés: Programme 3775 (3160-24-14B), Programme 3776 (3160-24-14B), Programme 4047 (3160-24-14B), Programme 4048 (3160-24-14B), Programme 4049 (3160-24-14B)
I> [19/01/2010 11:03:51] Emission de programme: Programme 3775 (3160-24-14B)
I> [19/01/2010 11:04:02] Emission de programme: Programme 3776 (3160-24-14B)
I> [19/01/2010 11:04:12] Emission de programme: Programme 4047 (3160-24-14B)
I> [19/01/2010 11:04:36] Emission de programme: Programme 4048 (3160-24-14B)
I> [19/01/2010 11:04:59] Emission de programme: Programme 4049 (3160-24-14B)
I> [19/01/2010 12:01:00] Réception: programme 752 (241003728)
I> [19/01/2010 12:01:11] Réception: programme 753 (241003728)
I> [19/01/2010 12:01:20] Fichier reçu: C:\machines\T32 Bis\Programmes\241003728.MZK
I> [19/01/2010 12:01:20] Programmes dans les fichiers demandés: Programme 752 (241003728), Programme 753 (241003728)
