I> [19/07/2010 07:15:27] Port activé avec succès.
I> [19/07/2010 08:19:28] Réception: programme 927 (206083)
I> [19/07/2010 08:19:41] Réception: programme 928 (206083)
I> [19/07/2010 08:19:56] Fichier reçu: C:\machines\T32 Bis\Programmes\206083.MZK
I> [19/07/2010 08:19:56] Programmes dans les fichiers demandés: Programme 927 (206083), Programme 928 (206083)
I> [19/07/2010 17:09:49] Réception: programme 929 (217162)
I> [19/07/2010 17:10:00] Réception: programme 930 (217162)
I> [19/07/2010 17:10:11] Réception: programme 931 (217162)
I> [19/07/2010 17:10:30] Fichier reçu: C:\machines\T32 Bis\Programmes\217162.MZK
I> [19/07/2010 17:10:30] Programmes dans les fichiers demandés: Programme 929 (217162), Programme 930 (217162), Programme 931 (217162)
I> [19/07/2010 17:19:40] Appel depuis la CN de: 217162
I> [19/07/2010 17:19:45] Le programme appelé depuis la CN est trouvé: C:\machines\T32 Bis\Programmes\FLOWSERVE\217162.MZK
I> [19/07/2010 17:19:45] Programmes dans les fichiers demandés: Programme 929 (217162), Programme 930 (217162), Programme 931 (217162)
I> [19/07/2010 20:38:00] Réception: programme 932 (305728)
I> [19/07/2010 20:38:09] Réception: programme 933 (305728)
I> [19/07/2010 20:38:22] Fichier reçu: C:\machines\T32 Bis\Programmes\305728.MZK
I> [19/07/2010 20:38:22] Programmes dans les fichiers demandés: Programme 932 (305728), Programme 933 (305728)
I> [19/07/2010 20:40:48] Appel depuis la CN de: 305728
E> [19/07/2010 20:40:53] N'a pu émettre le fichier: C:\machines\T32 Bis\Programmes\305728.MZK [Le système ne peut pas lire le périphérique indiqué]
I> [19/07/2010 20:40:53] Le programme appelé depuis la CN est trouvé: C:\machines\T32 Bis\Programmes\FLOWSERVE\305728.MZK
I> [19/07/2010 20:40:53] Programmes dans les fichiers demandés: Programme 932 (305728), Programme 933 (305728)
I> [19/07/2010 20:40:58] Appel depuis la CN de: 305728
I> [19/07/2010 20:41:03] Le programme appelé depuis la CN est trouvé: C:\machines\T32 Bis\Programmes\FLOWSERVE\305728.MZK
I> [19/07/2010 20:41:03] Programmes dans les fichiers demandés: Programme 932 (305728), Programme 933 (305728)
