I> [19/03/2011 05:43:25] Port activé avec succès.
I> [19/03/2011 06:00:22] Appel depuis la CN de: 1
I> [19/03/2011 06:00:27] Le programme appelé depuis la CN est trouvé: C:\machines\T32 Bis\Programmes\1.MZK
I> [19/03/2011 06:00:27] Programmes dans les fichiers demandés: Programme 4083 (30190300101), Programme 4090 (30190300101), Programme 4103 (30190300101), Programme 4104 (30190300101), Programme 5080 (30190300101), Programme 5081 (30190300101)
I> [19/03/2011 06:00:41] Emission de programme: Programme 4083 (30190300101)
I> [19/03/2011 06:00:53] Emission de programme: Programme 4090 (30190300101)
I> [19/03/2011 06:01:48] Emission de programme: Programme 4103 (30190300101)
I> [19/03/2011 06:02:04] Emission de programme: Programme 4104 (30190300101)
I> [19/03/2011 06:02:27] Emission de programme: Programme 5080 (30190300101)
I> [19/03/2011 06:02:40] Emission de programme: Programme 5081 (30190300101)
I> [19/03/2011 06:10:13] Appel depuis la CN de: 30190300101
I> [19/03/2011 06:10:19] Le programme appelé depuis la CN est trouvé: C:\machines\T32 Bis\Programmes\LA CALHENE\30190300101.MZK
I> [19/03/2011 06:10:19] Programmes dans les fichiers demandés: Programme 776 (30190300101), Programme 777 (30190300101), Programme 65 (30190300101), Programme 66 (30190300101), Programme 69 (30190300101), Programme 75 (30190300101)
I> [19/03/2011 06:13:41] Appel depuis la CN de: 30190300101
I> [19/03/2011 06:13:45] Le programme appelé depuis la CN est trouvé: C:\machines\T32 Bis\Programmes\LA CALHENE\30190300101.MZK
I> [19/03/2011 06:13:46] Programmes dans les fichiers demandés: Programme 776 (30190300101), Programme 777 (30190300101), Programme 65 (30190300101), Programme 66 (30190300101), Programme 69 (30190300101), Programme 75 (30190300101)
I> [19/03/2011 06:24:34] Emission de programme: Programme 69 (30190300101)
I> [19/03/2011 09:12:20] Appel depuis la CN de: 30270300101
I> [19/03/2011 09:12:24] Le programme appelé depuis la CN est trouvé: C:\machines\T32 Bis\Programmes\LA CALHENE\30270300101.MZK
I> [19/03/2011 09:12:25] Programmes dans les fichiers demandés: Programme 67 (30270300101), Programme 68 (30270300101), Programme 70 (30270300101), Programme 71 (30270300101), Programme 261 (30270300101), Programme 827 (30270300101), Programme 828 (30270300101)
I> [19/03/2011 09:15:42] Emission de programme: Programme 261 (30270300101)
