I> [19/09/05 07:40:13] Port activé avec succès.
I> [19/09/05 13:21:09] Réception: programme 4006 (1974621 1 1)
I> [19/09/05 13:21:26] Réception: programme 4009 (1974621 1 1)
I> [19/09/05 13:21:53] Fichier reçu: C:\machines\T32\Programmes\1974621 1 1.MZK
I> [19/09/05 13:21:54] Programmes dans les fichiers demandés: Programme 4006 (1974621 1 1), Programme 4009 (1974621 1 1)
I> [19/09/05 13:22:24] Réception: programme 4014 (MA24130DA)
I> [19/09/05 13:22:37] Réception: programme 4015 (MA24130DA)
I> [19/09/05 13:22:51] Fichier reçu: C:\machines\T32\Programmes\MA24130DA.MZK
I> [19/09/05 13:22:51] Programmes dans les fichiers demandés: Programme 4014 (MA24130DA), Programme 4015 (MA24130DA)
I> [19/09/05 15:09:50] Réception: programme 4016 (REP 402)
I> [19/09/05 15:10:16] Réception: programme 4017 (REP 402)
I> [19/09/05 15:10:40] Réception: programme 4018 (REP 402)
I> [19/09/05 15:10:58] Réception: programme 4019 (REP 402)
I> [19/09/05 15:11:19] Fichier reçu: C:\machines\T32\Programmes\REP 402.MZK
I> [19/09/05 15:11:19] Programmes dans les fichiers demandés: Programme 4016 (REP 402), Programme 4017 (REP 402), Programme 4018 (REP 402), Programme 4019 (REP 402)
I> [19/09/05 15:21:02] Réception: programme 3945 (151312-07)
I> [19/09/05 15:21:14] Réception: programme 3946 (151312-07)
I> [19/09/05 15:21:37] Fichier reçu: C:\machines\T32\Programmes\151312-07.MZK
I> [19/09/05 15:21:37] Programmes dans les fichiers demandés: Programme 3945 (151312-07), Programme 3946 (151312-07)
I> [19/09/05 20:24:31] Réception: programme 230 (CD200603222)
I> [19/09/05 20:24:46] Réception: programme 231 (CD200603222)
I> [19/09/05 20:24:56] Fichier reçu: C:\machines\T32\Programmes\CD200603222.MZK
I> [19/09/05 20:24:57] Programmes dans les fichiers demandés: Programme 230 (CD200603222), Programme 231 (CD200603222)
