I> [19/02/2009 08:26:54] Port activé avec succès.
I> [19/02/2009 09:08:15] Appel depuis la CN de: 1974630D
E> [19/02/2009 09:08:24] N'a pu trouver le programme appelé depuis la CN: 1974630D.MZK [Premier répertoire recherché : C:\machines\T32 Bis\Programmes]
I> [19/02/2009 09:09:33] Appel depuis la CN de: 1974630D
E> [19/02/2009 09:09:39] N'a pu émettre le fichier. [Previous remote request failed.]
E> [19/02/2009 09:09:40] N'a pu trouver le programme appelé depuis la CN: 1974630D.MZK [Premier répertoire recherché : C:\machines\T32 Bis\Programmes]
I> [19/02/2009 09:10:05] Appel depuis la CN de: 1974630 D
E> [19/02/2009 09:10:12] N'a pu trouver le programme appelé depuis la CN: 1974630 D.MZK [Premier répertoire recherché : C:\machines\T32 Bis\Programmes]
E> [19/02/2009 09:10:12] N'a pu émettre le fichier. [Previous remote request failed.]
I> [19/02/2009 09:12:28] Appel depuis la CN de: 1974630D
I> [19/02/2009 09:12:35] Le programme appelé depuis la CN est trouvé: C:\machines\T32 Bis\Programmes\1974630D.MZK
I> [19/02/2009 09:12:35] Programmes dans les fichiers demandés: Programme 4590 (1974630D), Programme 4591 (1974630D)
I> [19/02/2009 09:14:04] Emission de programme: Programme 4590 (1974630D)
I> [19/02/2009 09:14:26] Emission de programme: Programme 4591 (1974630D)
I> [19/02/2009 16:13:08] Réception: programme 478 (1974621D 1)
I> [19/02/2009 16:13:25] Réception: programme 481 (1974621D 1)
I> [19/02/2009 16:13:53] Fichier reçu: C:\machines\T32 Bis\Programmes\1974621D 1.MZK
I> [19/02/2009 16:13:53] Programmes dans les fichiers demandés: Programme 478 (1974621D 1), Programme 481 (1974621D 1)
I> [19/02/2009 16:14:05] Réception: programme 479 (1974630D 1)
I> [19/02/2009 16:14:25] Réception: programme 480 (1974630D 1)
I> [19/02/2009 16:14:52] Fichier reçu: C:\machines\T32 Bis\Programmes\1974630D 1.MZK
I> [19/02/2009 16:14:52] Programmes dans les fichiers demandés: Programme 479 (1974630D 1), Programme 480 (1974630D 1)
I> [19/02/2009 16:34:24] Appel depuis la CN de: 2981095C
I> [19/02/2009 16:34:31] Le programme appelé depuis la CN est trouvé: C:\machines\T32 Bis\Programmes\FLOWSERVE\2981095C.MZK
I> [19/02/2009 16:34:31] Programmes dans les fichiers demandés: Programme 276 (2981095C)
I> [19/02/2009 17:05:30] Emission de programme: Programme 276 (2981095C)
I> [19/02/2009 19:12:08] Appel depuis la CN de: 2981096C
I> [19/02/2009 19:12:14] Le programme appelé depuis la CN est trouvé: C:\machines\T32 Bis\Programmes\FLOWSERVE\2981096C.MZK
I> [19/02/2009 19:12:14] Programmes dans les fichiers demandés: Programme 277 (2981096C), Programme 278 (2981096C)
I> [19/02/2009 19:12:26] Emission de programme: Programme 277 (2981096C)
I> [19/02/2009 19:12:38] Emission de programme: Programme 278 (2981096C)
I> [19/02/2009 20:46:30] Appel depuis la CN de: 2981093C
I> [19/02/2009 20:46:37] Le programme appelé depuis la CN est trouvé: C:\machines\T32 Bis\Programmes\FLOWSERVE\2981093C.MZK
I> [19/02/2009 20:46:37] Programmes dans les fichiers demandés: Programme 214 (2981093C)
I> [19/02/2009 20:46:47] Emission de programme: Programme 214 (2981093C)
I> [19/02/2009 20:47:24] Appel depuis la CN de: 2981094C
I> [19/02/2009 20:47:30] Le programme appelé depuis la CN est trouvé: C:\machines\T32 Bis\Programmes\FLOWSERVE\2981094C.MZK
I> [19/02/2009 20:47:30] Programmes dans les fichiers demandés: Programme 214 (2981094C)
