I> [19/03/2014 04:51:37] Port activé avec succès.
I> [19/03/2014 11:39:03] Appel depuis la CN de: 30270300201
I> [19/03/2014 11:39:10] Le programme appelé depuis la CN est trouvé: C:\machines\T32 Bis\Programmes\LA CALHENE\30270300201.MZK
I> [19/03/2014 11:39:10] Programmes dans les fichiers demandés: Programme 1389 (30270300201), Programme 1390 (30270300201), Programme 1393 (30270300201), Programme 1394 (30270300201)
I> [19/03/2014 11:39:20] Emission de programme: Programme 1389 (30270300201)
I> [19/03/2014 11:39:25] Emission de programme: Programme 1390 (30270300201)
I> [19/03/2014 11:39:37] Emission de programme: Programme 1393 (30270300201)
I> [19/03/2014 11:41:16] Réception: programme 1389 (30270300201)
I> [19/03/2014 11:41:21] Réception: programme 1390 (30270300201)
I> [19/03/2014 11:41:32] Réception: programme 1393 (30270300201)
I> [19/03/2014 11:41:45] Réception: programme 1394 (30270300201)
I> [19/03/2014 11:42:24] Fichier reçu: C:\machines\T32 Bis\Programmes\30270300201.MZK
I> [19/03/2014 11:42:24] Programmes dans les fichiers demandés: Programme 1389 (30270300201), Programme 1390 (30270300201), Programme 1393 (30270300201), Programme 1394 (30270300201)
I> [19/03/2014 13:03:08] Appel depuis la CN de: 11270-55-01
I> [19/03/2014 13:03:13] Le programme appelé depuis la CN est trouvé: C:\machines\T32 Bis\Programmes\LA CALHENE\11270-55-01.MZK
I> [19/03/2014 13:03:13] Programmes dans les fichiers demandés: Programme 1438 (11270-55-01), Programme 1439 (11270-55-01), Programme 1440 (11270-55-01), Programme 1441 (11270-55-01)
I> [19/03/2014 13:03:47] Appel depuis la CN de: 11270-55-01
I> [19/03/2014 13:03:54] Le programme appelé depuis la CN est trouvé: C:\machines\T32 Bis\Programmes\LA CALHENE\11270-55-01.MZK
I> [19/03/2014 13:03:54] Programmes dans les fichiers demandés: Programme 1438 (11270-55-01), Programme 1439 (11270-55-01), Programme 1440 (11270-55-01), Programme 1441 (11270-55-01)
I> [19/03/2014 13:03:56] Emission de programme: Programme 1438 (11270-55-01)
I> [19/03/2014 13:05:34] Emission de programme: Programme 1439 (11270-55-01)
I> [19/03/2014 13:05:47] Emission de programme: Programme 1440 (11270-55-01)
I> [19/03/2014 13:06:10] Emission de programme: Programme 1441 (11270-55-01)
