I> [19/06/06 07:39:52] Port activé avec succès.
I> [19/06/06 09:09:33] Réception: programme 4157 (17087430K10)
I> [19/06/06 09:09:41] Réception: programme 4158 (17087430K10)
I> [19/06/06 09:09:53] Réception: programme 4159 (17087430K10)
I> [19/06/06 09:10:00] Fichier reçu: C:\machines\T32\Programmes\17087430K10.MZK
I> [19/06/06 09:10:00] Programmes dans les fichiers demandés: Programme 4157 (17087430K10), Programme 4158 (17087430K10), Programme 4159 (17087430K10)
I> [19/06/06 09:11:02] Appel depuis la CN de: 17152-530C
I> [19/06/06 09:11:13] Le programme appelé depuis la CN est trouvé: C:\machines\T32\Programmes\Moteurs jm\17152-530C.MZK
I> [19/06/06 09:11:13] Programmes dans les fichiers demandés: Programme 3793 (17152-530C), Programme 3794 (17152-530C)
I> [19/06/06 09:11:23] Appel depuis la CN de: 17152-530C
I> [19/06/06 09:11:32] Le programme appelé depuis la CN est trouvé: C:\machines\T32\Programmes\Moteurs jm\17152-530C.MZK
I> [19/06/06 09:11:32] Programmes dans les fichiers demandés: Programme 3793 (17152-530C), Programme 3794 (17152-530C)
I> [19/06/06 09:11:40] Emission de programme: Programme 3793 (17152-530C)
I> [19/06/06 09:11:47] Emission de programme: Programme 3794 (17152-530C)
I> [19/06/06 10:58:12] Port activé avec succès.
I> [19/06/06 11:12:47] Port activé avec succès.
I> [19/06/06 11:14:45] Port activé avec succès.
I> [19/06/06 11:17:55] Port activé avec succès.
I> [19/06/06 11:19:28] Port activé avec succès.
I> [19/06/06 13:50:13] Port activé avec succès.
I> [19/06/06 13:57:46] Port activé avec succès.
I> [19/06/06 14:10:01] Port activé avec succès.
I> [19/06/06 15:21:31] Réception: programme 4160 (363911A)
I> [19/06/06 15:21:37] Réception: programme 4163 (363911A)
I> [19/06/06 15:21:46] Fichier reçu: C:\machines\T32\Programmes\363911A.MZK
I> [19/06/06 15:21:46] Programmes dans les fichiers demandés: Programme 4160 (363911A), Programme 4163 (363911A)
I> [19/06/06 15:22:01] Réception: programme 4161 (363910)
I> [19/06/06 15:22:09] Réception: programme 4162 (363910)
I> [19/06/06 15:22:19] Fichier reçu: C:\machines\T32\Programmes\363910.MZK
I> [19/06/06 15:22:19] Programmes dans les fichiers demandés: Programme 4161 (363910), Programme 4162 (363910)
I> [19/06/06 15:24:05] Réception: programme 4161 (363910)
I> [19/06/06 15:24:13] Réception: programme 4162 (363910)
I> [19/06/06 15:24:22] Fichier existant sauvegardé: C:\MACHINES\T32\SAUVEGARDES\363910_01.MZK
I> [19/06/06 15:24:22] Fichier reçu: C:\machines\T32\Programmes\363910.MZK
I> [19/06/06 15:24:23] Programmes dans les fichiers demandés: Programme 4161 (363910), Programme 4162 (363910)
I> [19/06/06 15:25:54] Réception: programme 4160 (363911A)
I> [19/06/06 15:26:00] Réception: programme 4163 (363911A)
I> [19/06/06 15:26:09] Fichier existant sauvegardé: C:\MACHINES\T32\SAUVEGARDES\363911A_01.MZK
I> [19/06/06 15:26:09] Fichier reçu: C:\machines\T32\Programmes\363911A.MZK
I> [19/06/06 15:26:09] Programmes dans les fichiers demandés: Programme 4160 (363911A), Programme 4163 (363911A)
I> [19/06/06 15:41:01] Appel depuis la CN de: 1973675C
I> [19/06/06 15:41:09] Le programme appelé depuis la CN est trouvé: C:\machines\T32\Programmes\DRESSER\1973675C.MZK
I> [19/06/06 15:41:09] Programmes dans les fichiers demandés: Programme 3659 (1973675C), Programme 3660 (1973675C), Programme 3666 (1973675C)
I> [19/06/06 15:41:30] Emission de programme: Programme 3659 (1973675C)
I> [19/06/06 15:41:36] Emission de programme: Programme 3660 (1973675C)
I> [19/06/06 15:41:43] Emission de programme: Programme 3666 (1973675C)
I> [19/06/06 15:42:32] Appel depuis la CN de: 1973498B
E> [19/06/06 15:42:40] N'a pu trouver le programme appelé depuis la CN: 1973498B.MZK [Premier répertoire recherché : C:\machines\T32\Programmes]
E> [19/06/06 15:42:40] N'a pu émettre le fichier. [Previous remote request failed.]
I> [19/06/06 15:43:13] Appel depuis la CN de: 1973498
E> [19/06/06 15:43:22] N'a pu trouver le programme appelé depuis la CN: 1973498.MZK [Premier répertoire recherché : C:\machines\T32\Programmes]
E> [19/06/06 15:43:23] N'a pu émettre le fichier. [Previous remote request failed.]
I> [19/06/06 15:45:00] Réception: programme 3659 (1973675C)
I> [19/06/06 15:45:08] Fichier reçu: C:\machines\T32\Programmes\1973675C.MZK
I> [19/06/06 15:45:08] Programmes dans les fichiers demandés: Programme 3659 (1973675C)
I> [19/06/06 15:48:58] Port activé avec succès.
I> [19/06/06 19:28:26] Réception: programme 481 (1973498B)
I> [19/06/06 19:28:34] Réception: programme 482 (1973498B)
I> [19/06/06 19:28:40] Réception: programme 483 (1973498B)
I> [19/06/06 19:28:58] Fichier reçu: C:\machines\T32\Programmes\1973498B.MZK
I> [19/06/06 19:28:58] Programmes dans les fichiers demandés: Programme 481 (1973498B), Programme 482 (1973498B), Programme 483 (1973498B)
I> [19/06/06 19:29:36] Appel depuis la CN de: 1974480B
E> [19/06/06 19:29:45] N'a pu trouver le programme appelé depuis la CN: 1974480B.MZK [Premier répertoire recherché : C:\machines\T32\Programmes]
E> [19/06/06 19:29:51] N'a pu émettre le fichier. [Previous remote request failed.]
I> [19/06/06 19:30:19] Réception: programme 481 (1973498B)
I> [19/06/06 19:30:28] Réception: programme 482 (1973498B)
I> [19/06/06 19:30:34] Réception: programme 483 (1973498B)
I> [19/06/06 19:30:51] Fichier existant sauvegardé: C:\MACHINES\T32\SAUVEGARDES\1973498B_01.MZK
I> [19/06/06 19:30:51] Fichier reçu: C:\machines\T32\Programmes\1973498B.MZK
I> [19/06/06 19:30:51] Programmes dans les fichiers demandés: Programme 481 (1973498B), Programme 482 (1973498B), Programme 483 (1973498B)
I> [19/06/06 19:33:56] Appel depuis la CN de: 1974480B 1
I> [19/06/06 19:34:04] Le programme appelé depuis la CN est trouvé: C:\machines\T32\Programmes\DRESSER\1974480B 1.MZK
I> [19/06/06 19:34:04] Programmes dans les fichiers demandés: Programme 1504 (1974480B 1), Programme 1505 (1974480B 1), Programme 1506 (1974480B 1)
I> [19/06/06 19:34:12] Emission de programme: Programme 1504 (1974480B 1)
I> [19/06/06 19:34:19] Emission de programme: Programme 1505 (1974480B 1)
I> [19/06/06 19:34:26] Emission de programme: Programme 1506 (1974480B 1)
