I> [19/06/2008 13:31:23] Appel depuis la CN de: 9001 47 02
I> [19/06/2008 13:31:28] Le programme appelé depuis la CN est trouvé: C:\machines\T32 Bis\Programmes\LA CALHENE\9001 47 02.MZK
I> [19/06/2008 13:31:28] Programmes dans les fichiers demandés: Programme 305 (9001 47 02), Programme 306 (9001 47 02), Programme 307 (9001 47 02), Programme 314 (9001 47 02), Programme 315 (9001 47 02)
I> [19/06/2008 13:31:38] Emission de programme: Programme 315 (9001 47 02)
I> [19/06/2008 13:44:49] Réception: programme 316 (80D3139B)
I> [19/06/2008 13:44:59] Réception: programme 317 (80D3139B)
I> [19/06/2008 13:45:10] Réception: programme 318 (80D3139B)
I> [19/06/2008 13:45:24] Fichier reçu: C:\machines\T32 Bis\Programmes\80D3139B.MZK
I> [19/06/2008 13:45:24] Programmes dans les fichiers demandés: Programme 316 (80D3139B), Programme 317 (80D3139B), Programme 318 (80D3139B)
I> [19/06/2008 14:17:14] Port activé avec succès.
I> [19/06/2008 14:19:09] Port arrêté.
I> [19/06/2008 14:22:56] Port activé avec succès.
I> [19/06/2008 14:29:41] Port activé avec succès.
I> [19/06/2008 14:36:21] Port activé avec succès.
I> [19/06/2008 14:48:29] Port activé avec succès.
I> [19/06/2008 18:17:56] Réception: programme 319 (D2427A)
I> [19/06/2008 18:18:08] Réception: programme 320 (D2427A)
I> [19/06/2008 18:18:22] Réception: programme 321 (D2427A)
I> [19/06/2008 18:18:40] Fichier reçu: C:\machines\T32 Bis\Programmes\D2427A.MZK
I> [19/06/2008 18:18:40] Programmes dans les fichiers demandés: Programme 319 (D2427A), Programme 320 (D2427A), Programme 321 (D2427A)
