I> [19/01/2018 04:56:37] Port activé avec succès.
I> [19/01/2018 10:58:48] Appel depuis la CN de: 10350090201
I> [19/01/2018 10:58:53] Le programme appelé depuis la CN est trouvé: C:\machines\T32 Bis\Programmes\LA CALHENE\10350090201.MZK
I> [19/01/2018 10:58:53] Programmes dans les fichiers demandés: Programme 1442 (10350090201), Programme 1443 (10350090201), Programme 1444 (10350090201), Programme 1445 (10350090201), Programme 1446 (10350090201)
I> [19/01/2018 10:59:14] Emission de programme: Programme 1442 (10350090201)
I> [19/01/2018 10:59:23] Emission de programme: Programme 1443 (10350090201)
I> [19/01/2018 10:59:29] Emission de programme: Programme 1444 (10350090201)
I> [19/01/2018 10:59:45] Emission de programme: Programme 1445 (10350090201)
I> [19/01/2018 10:59:55] Emission de programme: Programme 1446 (10350090201)
I> [19/01/2018 11:28:04] Appel depuis la CN de: 113500103K1
I> [19/01/2018 11:28:08] Le programme appelé depuis la CN est trouvé: C:\machines\T32 Bis\Programmes\LA CALHENE\113500103K1.MZK
I> [19/01/2018 11:28:08] Programmes dans les fichiers demandés: Programme 1429 (113500103K1), Programme 326 (113500103K1), Programme 327 (113500103K1), Programme 328 (113500103K1), Programme 329 (113500103K1)
I> [19/01/2018 11:28:21] Emission de programme: Programme 1429 (113500103K1)
I> [19/01/2018 11:28:30] Emission de programme: Programme 326 (113500103K1)
I> [19/01/2018 11:28:35] Emission de programme: Programme 327 (113500103K1)
I> [19/01/2018 11:29:01] Emission de programme: Programme 328 (113500103K1)
I> [19/01/2018 11:29:14] Emission de programme: Programme 329 (113500103K1)
I> [19/01/2018 14:00:56] Appel depuis la CN de: 10350090201
I> [19/01/2018 14:01:01] Le programme appelé depuis la CN est trouvé: C:\machines\T32 Bis\Programmes\LA CALHENE\10350090201.MZK
I> [19/01/2018 14:01:01] Programmes dans les fichiers demandés: Programme 1442 (10350090201), Programme 1443 (10350090201), Programme 1444 (10350090201), Programme 1445 (10350090201), Programme 1446 (10350090201)
I> [19/01/2018 14:01:21] Emission de programme: Programme 1442 (10350090201)
I> [19/01/2018 14:01:30] Emission de programme: Programme 1443 (10350090201)
I> [19/01/2018 14:01:36] Emission de programme: Programme 1444 (10350090201)
I> [19/01/2018 14:01:52] Emission de programme: Programme 1445 (10350090201)
I> [19/01/2018 14:02:02] Emission de programme: Programme 1446 (10350090201)
