I> [19/11/2012 04:58:37] Port activé avec succès.
I> [19/11/2012 09:45:59] Appel depuis la CN de: 2974888E
E> [19/11/2012 09:46:07] N'a pu trouver le programme appelé depuis la CN: 2974888E.MZK [Premier répertoire recherché : C:\machines\T32 Bis\Programmes]
E> [19/11/2012 09:46:14] N'a pu émettre le fichier. [Previous remote request failed.]
I> [19/11/2012 09:47:22] Appel depuis la CN de: 297488E 2
E> [19/11/2012 09:47:27] N'a pu émettre le fichier. [Previous remote request failed.]
E> [19/11/2012 09:47:27] N'a pu trouver le programme appelé depuis la CN: 297488E 2.MZK [Premier répertoire recherché : C:\machines\T32 Bis\Programmes]
E> [19/11/2012 09:47:30] N'a pu émettre le fichier. [Previous remote request failed.]
I> [19/11/2012 09:48:58] Appel depuis la CN de: 2974888E 2
E> [19/11/2012 09:49:02] N'a pu émettre le fichier. [Previous remote request failed.]
I> [19/11/2012 09:49:03] Le programme appelé depuis la CN est trouvé: C:\machines\T32 Bis\Programmes\FLOWSERVE\2974888E 2.MZK
I> [19/11/2012 09:49:03] Programmes dans les fichiers demandés: Programme 4238 (2974888E 2), Programme 4239 (2974888E 2)
I> [19/11/2012 09:49:11] Emission de programme: Programme 4238 (2974888E 2)
I> [19/11/2012 09:49:33] Emission de programme: Programme 4239 (2974888E 2)
I> [19/11/2012 12:41:18] Appel depuis la CN de: 3976074C
I> [19/11/2012 12:41:42] Le programme appelé depuis la CN est trouvé: C:\machines\T32 Bis\Programmes\FLOWSERVE\3976074C.MZK
I> [19/11/2012 12:41:42] Programmes dans les fichiers demandés: Programme 1222 (3976074C), Programme 1223 (3976074C)
I> [19/11/2012 12:42:30] Appel depuis la CN de: 3976074C
I> [19/11/2012 12:42:35] Le programme appelé depuis la CN est trouvé: C:\machines\T32 Bis\Programmes\FLOWSERVE\3976074C.MZK
I> [19/11/2012 12:42:35] Programmes dans les fichiers demandés: Programme 1222 (3976074C), Programme 1223 (3976074C)
I> [19/11/2012 12:42:44] Emission de programme: Programme 1222 (3976074C)
I> [19/11/2012 12:43:03] Emission de programme: Programme 1223 (3976074C)
I> [19/11/2012 12:43:57] Appel depuis la CN de: 2975047E
E> [19/11/2012 12:44:04] N'a pu trouver le programme appelé depuis la CN: 2975047E.MZK [Premier répertoire recherché : C:\machines\T32 Bis\Programmes]
E> [19/11/2012 12:44:04] N'a pu émettre le fichier. [Previous remote request failed.]
E> [19/11/2012 12:44:07] N'a pu émettre le fichier. [Previous remote request failed.]
I> [19/11/2012 12:47:55] Appel depuis la CN de: 2975047E 2
I> [19/11/2012 12:48:00] Le programme appelé depuis la CN est trouvé: C:\machines\T32 Bis\Programmes\FLOWSERVE\2975047E 2.MZK
I> [19/11/2012 12:48:00] Programmes dans les fichiers demandés: Programme 490 (2975047E 2), Programme 491 (2975047E 2)
I> [19/11/2012 12:48:09] Emission de programme: Programme 490 (2975047E 2)
I> [19/11/2012 12:48:34] Emission de programme: Programme 491 (2975047E 2)
I> [19/11/2012 12:49:21] Appel depuis la CN de: 2974373F 2
E> [19/11/2012 12:49:26] N'a pu trouver le programme appelé depuis la CN: 2974373F 2.MZK [Premier répertoire recherché : C:\machines\T32 Bis\Programmes]
E> [19/11/2012 12:49:26] N'a pu émettre le fichier. [Previous remote request failed.]
E> [19/11/2012 12:49:29] N'a pu émettre le fichier. [Previous remote request failed.]
I> [19/11/2012 12:49:48] Appel depuis la CN de: 2974373E 2
I> [19/11/2012 12:49:53] Le programme appelé depuis la CN est trouvé: C:\machines\T32 Bis\Programmes\FLOWSERVE\2974373E 2.MZK
I> [19/11/2012 12:49:53] Programmes dans les fichiers demandés: Programme 4226 (2974373E 2), Programme 4229 (2974373E 2)
I> [19/11/2012 12:50:00] Emission de programme: Programme 4226 (2974373E 2)
I> [19/11/2012 12:50:23] Emission de programme: Programme 4229 (2974373E 2)
