I> [19/10/2011 04:55:38] Port activé avec succès.
I> [19/10/2011 05:15:22] Appel depuis la CN de: 3007-08-06H
I> [19/10/2011 05:15:27] Le programme appelé depuis la CN est trouvé: C:\machines\T32 Bis\Programmes\3007-08-06H.MZK
I> [19/10/2011 05:15:27] Programmes dans les fichiers demandés: Programme 54, Données d'outil, Programme 23, Données d'outil, Programme 22, Données d'outil, Programme 31, Données d'outil
I> [19/10/2011 05:18:28] Emission de programme: Programme 22
I> [19/10/2011 05:18:33] Emission de programme: Données d'outil
I> [19/10/2011 05:18:34] Emission de programme: Programme 31
I> [19/10/2011 05:18:41] Emission de programme: Données d'outil
I> [19/10/2011 05:21:23] Appel depuis la CN de: 3007-08-06H
I> [19/10/2011 05:21:28] Le programme appelé depuis la CN est trouvé: C:\machines\T32 Bis\Programmes\3007-08-06H.MZK
I> [19/10/2011 05:21:28] Programmes dans les fichiers demandés: Programme 58, Données d'outil, Programme 25, Données d'outil, Programme 23, Données d'outil, Programme 31, Données d'outil
I> [19/10/2011 05:30:41] Emission de programme: Programme 23
I> [19/10/2011 05:30:47] Emission de programme: Données d'outil
I> [19/10/2011 05:30:48] Emission de programme: Programme 31
I> [19/10/2011 05:30:54] Emission de programme: Données d'outil
I> [19/10/2011 20:35:38] Appel depuis la CN de: 5999929A
I> [19/10/2011 20:36:00] Appel depuis la CN de: 5999929A
I> [19/10/2011 20:36:05] Le programme appelé depuis la CN est trouvé: C:\machines\T32 Bis\Programmes\FLOWSERVE\5999929A.MZK
I> [19/10/2011 20:36:05] Programmes dans les fichiers demandés: Programme 1163 (5999929A)
I> [19/10/2011 20:36:10] Emission de programme: Programme 1163 (5999929A)
