I> [19/11/2014 05:00:16] Port activé avec succès.
I> [19/11/2014 05:12:20] Appel depuis la CN de: 11190 16 01
I> [19/11/2014 05:12:25] Le programme appelé depuis la CN est trouvé: C:\machines\T32 Bis\Programmes\LA CALHENE\11190 16 01.MZK
I> [19/11/2014 05:12:25] Programmes dans les fichiers demandés: Programme 1211 (11190 16 01), Programme 988 (11190 16 01), Programme 989 (11190 16 01), Programme 990 (11190 16 01), Programme 991 (11190 16 01)
I> [19/11/2014 05:12:30] Emission de programme: Programme 1211 (11190 16 01)
I> [19/11/2014 05:12:53] Emission de programme: Programme 988 (11190 16 01)
I> [19/11/2014 05:13:23] Emission de programme: Programme 989 (11190 16 01)
I> [19/11/2014 05:14:37] Emission de programme: Programme 989 (11190 16 01)
I> [19/11/2014 05:14:52] Emission de programme: Programme 990 (11190 16 01)
I> [19/11/2014 05:15:02] Emission de programme: Programme 991 (11190 16 01)
I> [19/11/2014 06:18:51] Appel depuis la CN de: 4340-02-09
I> [19/11/2014 06:18:58] Le programme appelé depuis la CN est trouvé: C:\machines\T32 Bis\Programmes\LA CALHENE\4340-02-09.MZK
I> [19/11/2014 06:18:58] Programmes dans les fichiers demandés: Programme 998 (4340-02-09), Programme 999 (4340-02-09)
I> [19/11/2014 06:19:02] Emission de programme: Programme 998 (4340-02-09)
I> [19/11/2014 06:20:07] Emission de programme: Programme 999 (4340-02-09)
I> [19/11/2014 18:08:51] Appel depuis la CN de: 1119061G
E> [19/11/2014 18:08:56] N'a pu trouver le programme appelé depuis la CN: 1119061G.MZK [Premier répertoire recherché : C:\machines\T32 Bis\Programmes]
E> [19/11/2014 18:08:59] N'a pu émettre le fichier. [Previous remote request failed.]
I> [19/11/2014 18:10:52] Appel depuis la CN de: 111901601
E> [19/11/2014 18:10:57] N'a pu trouver le programme appelé depuis la CN: 111901601.MZK [Premier répertoire recherché : C:\machines\T32 Bis\Programmes]
E> [19/11/2014 18:11:01] N'a pu émettre le fichier. [Previous remote request failed.]
E> [19/11/2014 18:11:13] N'a pu émettre le fichier. [Previous remote request failed.]
I> [19/11/2014 18:12:00] Appel depuis la CN de: 111901601
E> [19/11/2014 18:12:04] N'a pu trouver le programme appelé depuis la CN: 111901601.MZK [Premier répertoire recherché : C:\machines\T32 Bis\Programmes]
E> [19/11/2014 18:12:06] N'a pu émettre le fichier. [Previous remote request failed.]
I> [19/11/2014 18:12:59] Appel depuis la CN de: 111901601G
I> [19/11/2014 18:13:04] Le programme appelé depuis la CN est trouvé: C:\machines\T32 Bis\Programmes\LA CALHENE\111901601G.MZK
I> [19/11/2014 18:13:04] Programmes dans les fichiers demandés: Programme 469 (111901601G), Programme 470 (111901601G), Programme 471 (111901601G), Programme 472 (111901601G)
I> [19/11/2014 18:15:53] Appel depuis la CN de: 11190 16 01
I> [19/11/2014 18:15:57] Le programme appelé depuis la CN est trouvé: C:\machines\T32 Bis\Programmes\LA CALHENE\11190 16 01.MZK
I> [19/11/2014 18:15:58] Programmes dans les fichiers demandés: Programme 1211 (11190 16 01), Programme 988 (11190 16 01), Programme 989 (11190 16 01), Programme 990 (11190 16 01), Programme 991 (11190 16 01)
I> [19/11/2014 18:16:15] Emission de programme: Programme 1211 (11190 16 01)
I> [19/11/2014 18:16:38] Emission de programme: Programme 988 (11190 16 01)
I> [19/11/2014 18:17:07] Emission de programme: Programme 989 (11190 16 01)
I> [19/11/2014 18:17:22] Emission de programme: Programme 990 (11190 16 01)
I> [19/11/2014 18:17:32] Emission de programme: Programme 991 (11190 16 01)
E> [19/11/2014 18:21:22] Transmission avortée. [Délai de réponse dépassé, interruption de la transmission]
I> [19/11/2014 18:21:35] Appel depuis la CN de: 11190 16 01
I> [19/11/2014 18:21:40] Le programme appelé depuis la CN est trouvé: C:\machines\T32 Bis\Programmes\LA CALHENE\11190 16 01.MZK
I> [19/11/2014 18:21:40] Programmes dans les fichiers demandés: Programme 1211 (11190 16 01), Programme 988 (11190 16 01), Programme 989 (11190 16 01), Programme 990 (11190 16 01), Programme 991 (11190 16 01)
I> [19/11/2014 18:21:50] Emission de programme: Programme 1211 (11190 16 01)
I> [19/11/2014 18:22:13] Emission de programme: Programme 988 (11190 16 01)
I> [19/11/2014 18:22:43] Emission de programme: Programme 989 (11190 16 01)
I> [19/11/2014 18:22:57] Emission de programme: Programme 990 (11190 16 01)
I> [19/11/2014 18:23:08] Emission de programme: Programme 991 (11190 16 01)
