I> [19/11/2015 05:02:24] Port activé avec succès.
I> [19/11/2015 14:31:00] Appel depuis la CN de: 121900101Q
E> [19/11/2015 14:31:04] N'a pu émettre le fichier: C:\machines\T32 Bis\Programmes\21270080201.MZK [Le système ne peut pas lire le périphérique indiqué]
I> [19/11/2015 14:31:05] Le programme appelé depuis la CN est trouvé: C:\machines\T32 Bis\Programmes\121900101Q.MZK
I> [19/11/2015 14:31:05] Programmes dans les fichiers demandés: Programme 5199 (121900101Q), Programme 5217 (121900101Q), Programme 5227 (121900101Q), Programme 5228 (121900101Q), Programme 5229 (121900101Q), Programme 5230 (121900101Q), Programme 5231 (121900101Q), Programme 5232 (121900101Q), Programme 5440 (121900101Q), Programme 5441 (121900101Q)
I> [19/11/2015 14:31:28] Emission de programme: Programme 5199 (121900101Q)
I> [19/11/2015 14:31:34] Emission de programme: Programme 5217 (121900101Q)
I> [19/11/2015 14:31:39] Emission de programme: Programme 5231 (121900101Q)
I> [19/11/2015 14:32:07] Emission de programme: Programme 5232 (121900101Q)
I> [19/11/2015 14:32:50] Emission de programme: Programme 5440 (121900101Q)
I> [19/11/2015 14:32:59] Emission de programme: Programme 5441 (121900101Q)
I> [19/11/2015 18:57:41] Appel depuis la CN de: U0012 GMALE
I> [19/11/2015 18:57:46] Le programme appelé depuis la CN est trouvé: C:\machines\T32 Bis\Programmes\SECMAIR\U0012 GMALE.MZK
I> [19/11/2015 18:57:46] Programmes dans les fichiers demandés: Programme 1496 (U0012 GMALE)
I> [19/11/2015 18:57:51] Emission de programme: Programme 1496 (U0012 GMALE)
I> [19/11/2015 19:55:43] Appel depuis la CN de: U0012-02
I> [19/11/2015 19:55:54] Le programme appelé depuis la CN est trouvé: C:\machines\T32 Bis\Programmes\U0012-02.MZK
I> [19/11/2015 19:55:54] Programmes dans les fichiers demandés: Programme 4349 (U0012-02), Programme 4352 (U0012-02)
I> [19/11/2015 19:56:09] Appel depuis la CN de: U0012-02
I> [19/11/2015 19:56:17] Emission de programme: Programme 4349 (U0012-02)
I> [19/11/2015 19:56:30] Emission de programme: Programme 4352 (U0012-02)
I> [19/11/2015 19:56:45] Le programme appelé depuis la CN est trouvé: C:\machines\T32 Bis\Programmes\U0012-02.MZK
I> [19/11/2015 19:56:45] Programmes dans les fichiers demandés: Programme 4349 (U0012-02), Programme 4352 (U0012-02)
