I> [19/12/05 07:35:10] Port activé avec succès.
I> [19/12/05 17:05:19] Appel depuis la CN de: CHEMISE.MFI
I> [19/12/05 17:05:26] Le programme appelé depuis la CN est trouvé: C:\machines\T32\Programmes\Mfi\CHEMISE.MFI.MZK
I> [19/12/05 17:05:26] Programmes dans les fichiers demandés: Programme 3759 (CHEMISE.MFI), Programme 3760 (CHEMISE.MFI)
I> [19/12/05 17:05:39] Emission de programme: Programme 3759 (CHEMISE.MFI)
I> [19/12/05 17:05:51] Emission de programme: Programme 3760 (CHEMISE.MFI)
I> [19/12/05 19:04:50] Appel depuis la CN de: 3984751A
I> [19/12/05 19:04:57] Le programme appelé depuis la CN est trouvé: C:\machines\T32\Programmes\DRESSER\3984751A.MZK
I> [19/12/05 19:04:57] Programmes dans les fichiers demandés: Programme 3698 (3984751A), Programme 3699 (3984751A), Programme 3700 (3984751A), Programme 3701 (3984751A), Programme 3702 (3984751A), Programme 3703 (3984751A), Programme 3704 (3984751A), Programme 3705 (3984751A)
I> [19/12/05 19:05:09] Emission de programme: Programme 3698 (3984751A)
I> [19/12/05 19:05:22] Emission de programme: Programme 3699 (3984751A)
I> [19/12/05 19:05:46] Emission de programme: Programme 3700 (3984751A)
I> [19/12/05 19:06:01] Emission de programme: Programme 3701 (3984751A)
I> [19/12/05 19:06:16] Emission de programme: Programme 3702 (3984751A)
I> [19/12/05 19:06:31] Emission de programme: Programme 3703 (3984751A)
I> [19/12/05 19:06:45] Emission de programme: Programme 3704 (3984751A)
I> [19/12/05 19:06:59] Emission de programme: Programme 3705 (3984751A)
I> [19/12/05 19:07:49] Réception: programme 3698 (3984751A)
I> [19/12/05 19:08:02] Réception: programme 3699 (3984751A)
I> [19/12/05 19:08:26] Réception: programme 3700 (3984751A)
I> [19/12/05 19:08:41] Réception: programme 3701 (3984751A)
I> [19/12/05 19:08:56] Réception: programme 3702 (3984751A)
I> [19/12/05 19:09:10] Réception: programme 3703 (3984751A)
I> [19/12/05 19:09:24] Réception: programme 3704 (3984751A)
I> [19/12/05 19:09:39] Réception: programme 3705 (3984751A)
I> [19/12/05 19:09:53] Réception: programme 4081 (3984751A)
I> [19/12/05 19:10:20] Fichier reçu: C:\machines\T32\Programmes\3984751A.MZK
I> [19/12/05 19:10:20] Programmes dans les fichiers demandés: Programme 3698 (3984751A), Programme 3699 (3984751A), Programme 3700 (3984751A), Programme 3701 (3984751A), Programme 3702 (3984751A), Programme 3703 (3984751A), Programme 3704 (3984751A), Programme 3705 (3984751A), Programme 4081 (3984751A)
I> [19/12/05 19:14:27] Appel depuis la CN de: 3984751A
I> [19/12/05 19:14:33] Le programme appelé depuis la CN est trouvé: C:\machines\T32\Programmes\DRESSER\3984751A.MZK
I> [19/12/05 19:14:34] Programmes dans les fichiers demandés: Programme 3698 (3984751A), Programme 3699 (3984751A), Programme 3700 (3984751A), Programme 3701 (3984751A), Programme 3702 (3984751A), Programme 3703 (3984751A), Programme 3704 (3984751A), Programme 3705 (3984751A), Programme 4081 (3984751A)
I> [19/12/05 19:15:00] Emission de programme: Programme 3698 (3984751A)
I> [19/12/05 19:15:13] Emission de programme: Programme 3699 (3984751A)
I> [19/12/05 19:15:37] Emission de programme: Programme 3700 (3984751A)
I> [19/12/05 19:15:52] Emission de programme: Programme 3701 (3984751A)
I> [19/12/05 19:16:07] Emission de programme: Programme 3702 (3984751A)
I> [19/12/05 19:16:22] Emission de programme: Programme 3703 (3984751A)
I> [19/12/05 19:16:36] Emission de programme: Programme 3704 (3984751A)
I> [19/12/05 19:16:50] Emission de programme: Programme 3705 (3984751A)
I> [19/12/05 19:17:05] Emission de programme: Programme 4081 (3984751A)
