I> [20/06/2007 11:46:57] Réception: programme 4410 (122700301E)
I> [20/06/2007 11:47:08] Réception: programme 4411 (122700301E)
I> [20/06/2007 11:47:21] Réception: programme 4412 (122700301E)
I> [20/06/2007 11:47:50] Réception: programme 4413 (122700301E)
I> [20/06/2007 11:48:15] Réception: programme 4414 (122700301E)
I> [20/06/2007 11:48:32] Fichier reçu: C:\machines\T32\Programmes\122700301E.MZK
I> [20/06/2007 11:48:32] Programmes dans les fichiers demandés: Programme 4410 (122700301E), Programme 4411 (122700301E), Programme 4412 (122700301E), Programme 4413 (122700301E), Programme 4414 (122700301E)
I> [20/06/2007 13:43:18] Appel depuis la CN de: 2976 442D
I> [20/06/2007 13:43:29] Le programme appelé depuis la CN est trouvé: C:\machines\T32\Programmes\DRESSER\2976 442D.MZK
I> [20/06/2007 13:43:29] Programmes dans les fichiers demandés: Programme 1114 (2976 442D), Programme 3668 (2976 442D)
I> [20/06/2007 13:43:42] Emission de programme: Programme 1114 (2976 442D)
I> [20/06/2007 13:44:09] Emission de programme: Programme 3668 (2976 442D)
I> [20/06/2007 13:47:50] Appel depuis la CN de: 2976442D
E> [20/06/2007 13:48:01] N'a pu trouver le programme appelé depuis la CN: 2976442D.MZK [Premier répertoire recherché : C:\machines\T32\Programmes]
E> [20/06/2007 13:48:01] N'a pu émettre le fichier. [Previous remote request failed.]
I> [20/06/2007 13:48:34] Appel depuis la CN de: 2976443D
E> [20/06/2007 13:48:44] N'a pu trouver le programme appelé depuis la CN: 2976443D.MZK [Premier répertoire recherché : C:\machines\T32\Programmes]
E> [20/06/2007 13:48:46] N'a pu émettre le fichier. [Previous remote request failed.]
I> [20/06/2007 13:51:13] Appel depuis la CN de: 2976443D 1
I> [20/06/2007 13:51:24] Le programme appelé depuis la CN est trouvé: C:\machines\T32\Programmes\DRESSER\2976443D 1.MZK
I> [20/06/2007 13:51:24] Programmes dans les fichiers demandés: Programme 3313 (2976443D 1), Programme 3314 (2976443D 1), Programme 3315 (2976443D 1)
I> [20/06/2007 13:51:33] Emission de programme: Programme 3313 (2976443D 1)
I> [20/06/2007 13:51:43] Emission de programme: Programme 3314 (2976443D 1)
I> [20/06/2007 13:52:18] Emission de programme: Programme 3315 (2976443D 1)
I> [20/06/2007 13:53:16] Appel depuis la CN de: 2976 443 D
I> [20/06/2007 13:53:26] Le programme appelé depuis la CN est trouvé: C:\machines\T32\Programmes\DRESSER\2976 443 D.MZK
I> [20/06/2007 13:53:26] Programmes dans les fichiers demandés: Programme 3313 (2976 443 D), Programme 3314 (2976 443 D), Programme 3315 (2976 443 D)
