I> [20/09/2011 07:11:24] Port activé avec succès.
I> [20/09/2011 07:14:55] Appel depuis la CN de: 217166A
E> [20/09/2011 07:14:59] N'a pu émettre le fichier: C:\machines\T32 Bis\Programmes\2976518A.MZK [Le système ne peut pas lire le périphérique indiqué]
E> [20/09/2011 07:15:00] N'a pu trouver le programme appelé depuis la CN: 217166A.MZK [Premier répertoire recherché : C:\machines\T32 Bis\Programmes]
E> [20/09/2011 07:15:00] N'a pu émettre le fichier. [Previous remote request failed.]
E> [20/09/2011 07:15:01] N'a pu émettre le fichier. [Previous remote request failed.]
E> [20/09/2011 07:15:02] N'a pu émettre le fichier. [Previous remote request failed.]
I> [20/09/2011 07:15:15] Appel depuis la CN de: 217166A
E> [20/09/2011 07:15:19] N'a pu trouver le programme appelé depuis la CN: 217166A.MZK [Premier répertoire recherché : C:\machines\T32 Bis\Programmes]
E> [20/09/2011 07:15:20] N'a pu émettre le fichier. [Previous remote request failed.]
E> [20/09/2011 07:15:21] N'a pu émettre le fichier. [Previous remote request failed.]
E> [20/09/2011 07:15:21] N'a pu émettre le fichier. [Previous remote request failed.]
E> [20/09/2011 07:15:22] N'a pu émettre le fichier. [Previous remote request failed.]
I> [20/09/2011 07:15:56] Appel depuis la CN de: 217166 A
E> [20/09/2011 07:16:00] N'a pu émettre le fichier. [Previous remote request failed.]
E> [20/09/2011 07:16:00] N'a pu trouver le programme appelé depuis la CN: 217166 A.MZK [Premier répertoire recherché : C:\machines\T32 Bis\Programmes]
E> [20/09/2011 07:16:00] N'a pu émettre le fichier. [Previous remote request failed.]
E> [20/09/2011 07:16:01] N'a pu émettre le fichier. [Previous remote request failed.]
E> [20/09/2011 07:16:02] N'a pu émettre le fichier. [Previous remote request failed.]
I> [20/09/2011 07:17:39] Appel depuis la CN de: 217166A
I> [20/09/2011 07:17:44] Le programme appelé depuis la CN est trouvé: C:\machines\T32 Bis\Programmes\217166A.MZK
I> [20/09/2011 07:17:44] Programmes dans les fichiers demandés: Programme 5296 (217166A), Programme 5298 (217166A), Programme 5299 (217166A)
I> [20/09/2011 07:17:52] Emission de programme: Programme 5296 (217166A)
I> [20/09/2011 07:18:03] Emission de programme: Programme 5298 (217166A)
I> [20/09/2011 07:18:18] Emission de programme: Programme 5299 (217166A)
I> [20/09/2011 07:18:59] Appel depuis la CN de: 217166B
I> [20/09/2011 07:19:04] Le programme appelé depuis la CN est trouvé: C:\machines\T32 Bis\Programmes\217166B.MZK
I> [20/09/2011 07:19:04] Programmes dans les fichiers demandés: Programme 5295 (217166B), Programme 5297 (217166B)
I> [20/09/2011 07:19:12] Emission de programme: Programme 5295 (217166B)
I> [20/09/2011 07:19:23] Emission de programme: Programme 5297 (217166B)
I> [20/09/2011 10:13:22] Port activé avec succès.
I> [20/09/2011 14:30:55] Appel depuis la CN de: 361903D
E> [20/09/2011 14:30:59] N'a pu émettre le fichier: C:\machines\T32 Bis\Programmes\2976518A.MZK [Le système ne peut pas lire le périphérique indiqué]
I> [20/09/2011 14:31:00] Le programme appelé depuis la CN est trouvé: C:\machines\T32 Bis\Programmes\TOKHEIM\361903D.MZK
I> [20/09/2011 14:31:00] Programmes dans les fichiers demandés: Programme 427 (361903D)
I> [20/09/2011 14:31:09] Appel depuis la CN de: 361903D
I> [20/09/2011 14:31:14] Le programme appelé depuis la CN est trouvé: C:\machines\T32 Bis\Programmes\TOKHEIM\361903D.MZK
I> [20/09/2011 14:31:14] Programmes dans les fichiers demandés: Programme 427 (361903D)
I> [20/09/2011 14:31:21] Emission de programme: Programme 427 (361903D)
I> [20/09/2011 14:35:16] Appel depuis la CN de: 361903C
I> [20/09/2011 14:35:23] Le programme appelé depuis la CN est trouvé: C:\machines\T32 Bis\Programmes\361903C.MZK
I> [20/09/2011 14:35:23] Programmes dans les fichiers demandés: Programme 4543 (361903C), Programme 4544 (361903C)
I> [20/09/2011 14:35:30] Appel depuis la CN de: 361903C
I> [20/09/2011 14:35:37] Le programme appelé depuis la CN est trouvé: C:\machines\T32 Bis\Programmes\361903C.MZK
I> [20/09/2011 14:35:37] Programmes dans les fichiers demandés: Programme 4543 (361903C), Programme 4544 (361903C)
I> [20/09/2011 14:35:39] Emission de programme: Programme 4543 (361903C)
I> [20/09/2011 14:35:46] Emission de programme: Programme 4544 (361903C)
