I> [20/04/2007 05:10:38] Port activé avec succès.
I> [20/04/2007 05:12:16] Appel depuis la CN de: 30190300101
E> [20/04/2007 05:12:22] N'a pu émettre le fichier: C:\machines\T32\Programmes\4996684C.MZK [Le système ne peut pas lire le périphérique indiqué]
I> [20/04/2007 05:12:23] Le programme appelé depuis la CN est trouvé: C:\machines\T32\Programmes\LA CALHENE\30190300101.MZK
I> [20/04/2007 05:12:23] Programmes dans les fichiers demandés: Programme 4083 (30190300101), Programme 4090 (30190300101), Programme 4103 (30190300101), Programme 4104 (30190300101)
I> [20/04/2007 05:12:37] Appel depuis la CN de: 30190300101
I> [20/04/2007 05:12:46] Le programme appelé depuis la CN est trouvé: C:\machines\T32\Programmes\LA CALHENE\30190300101.MZK
I> [20/04/2007 05:12:46] Programmes dans les fichiers demandés: Programme 4083 (30190300101), Programme 4090 (30190300101), Programme 4103 (30190300101), Programme 4104 (30190300101)
I> [20/04/2007 05:12:48] Emission de programme: Programme 4083 (30190300101)
I> [20/04/2007 05:12:59] Emission de programme: Programme 4090 (30190300101)
I> [20/04/2007 05:13:52] Emission de programme: Programme 4103 (30190300101)
I> [20/04/2007 05:14:08] Emission de programme: Programme 4104 (30190300101)
I> [20/04/2007 05:18:24] Réception: programme 4083 (30190300101)
I> [20/04/2007 05:18:35] Réception: programme 4090 (30190300101)
I> [20/04/2007 05:19:26] Réception: programme 4103 (30190300101)
I> [20/04/2007 05:19:41] Réception: programme 4104 (30190300101)
I> [20/04/2007 05:20:05] Fichier reçu: C:\machines\T32\Programmes\30190300101.MZK
I> [20/04/2007 05:20:05] Programmes dans les fichiers demandés: Programme 4083 (30190300101), Programme 4090 (30190300101), Programme 4103 (30190300101), Programme 4104 (30190300101)
I> [20/04/2007 05:47:46] Réception: programme 4083 (30190300101)
I> [20/04/2007 05:47:57] Réception: programme 4090 (30190300101)
I> [20/04/2007 05:48:48] Réception: programme 4103 (30190300101)
I> [20/04/2007 05:49:03] Réception: programme 4104 (30190300101)
I> [20/04/2007 05:49:27] Fichier existant sauvegardé: C:\MACHINES\T32\SAUVEGARDES\30190300101_01.MZK
I> [20/04/2007 05:49:27] Fichier reçu: C:\machines\T32\Programmes\30190300101.MZK
I> [20/04/2007 05:49:27] Programmes dans les fichiers demandés: Programme 4083 (30190300101), Programme 4090 (30190300101), Programme 4103 (30190300101), Programme 4104 (30190300101)
I> [20/04/2007 12:04:55] Port activé avec succès.
