I> [20/05/2008 19:54:19] Appel depuis la CN de: 30270300101
I> [20/05/2008 19:54:24] Le programme appelé depuis la CN est trouvé: C:\machines\T32 Bis\Programmes\LA CALHENE\30270300101.MZK
I> [20/05/2008 19:54:24] Programmes dans les fichiers demandés: Programme 67 (30270300101), Programme 68 (30270300101), Programme 70 (30270300101), Programme 71 (30270300101)
I> [20/05/2008 19:54:42] Emission de programme: Programme 67 (30270300101)
I> [20/05/2008 19:54:57] Emission de programme: Programme 68 (30270300101)
I> [20/05/2008 19:55:15] Emission de programme: Programme 70 (30270300101)
I> [20/05/2008 19:55:38] Emission de programme: Programme 71 (30270300101)
E> [20/05/2008 19:59:44] Transmission avortée. [Délai de réponse dépassé, interruption de la transmission]
I> [20/05/2008 20:03:13] Réception: programme 252 (6160-07)
I> [20/05/2008 20:03:19] Réception: programme 253 (6160-07)
I> [20/05/2008 20:03:31] Réception: programme 254 (6160-07)
I> [20/05/2008 20:03:36] Réception: programme 255 (6160-07)
I> [20/05/2008 20:04:00] Fichier reçu: C:\machines\T32 Bis\Programmes\6160-07.MZK
I> [20/05/2008 20:04:00] Programmes dans les fichiers demandés: Programme 252 (6160-07), Programme 253 (6160-07), Programme 254 (6160-07), Programme 255 (6160-07)
I> [20/05/2008 20:04:36] Réception: programme 256 (6160-01)
I> [20/05/2008 20:04:46] Réception: programme 257 (6160-01)
I> [20/05/2008 20:04:53] Réception: programme 258 (6160-01)
I> [20/05/2008 20:04:57] Réception: programme 259 (6160-01)
I> [20/05/2008 20:05:03] Réception: programme 260 (6160-01)
I> [20/05/2008 20:05:10] Fichier reçu: C:\machines\T32 Bis\Programmes\6160-01.MZK
I> [20/05/2008 20:05:10] Programmes dans les fichiers demandés: Programme 256 (6160-01), Programme 257 (6160-01), Programme 258 (6160-01), Programme 259 (6160-01), Programme 260 (6160-01)
I> [20/05/2008 20:07:07] Appel depuis la CN de: 30270300101
E> [20/05/2008 20:07:12] N'a pu émettre le fichier: C:\machines\T32 Bis\Programmes\6160-01.MZK [Le système ne peut pas lire le périphérique indiqué]
I> [20/05/2008 20:07:13] Le programme appelé depuis la CN est trouvé: C:\machines\T32 Bis\Programmes\LA CALHENE\30270300101.MZK
I> [20/05/2008 20:07:13] Programmes dans les fichiers demandés: Programme 67 (30270300101), Programme 68 (30270300101), Programme 70 (30270300101), Programme 71 (30270300101)
I> [20/05/2008 20:07:22] Emission de programme: Programme 71 (30270300101)
I> [20/05/2008 20:09:08] Réception: programme 67 (30270300101)
I> [20/05/2008 20:09:23] Réception: programme 68 (30270300101)
I> [20/05/2008 20:09:41] Réception: programme 70 (30270300101)
I> [20/05/2008 20:10:04] Réception: programme 71 (30270300101)
I> [20/05/2008 20:10:59] Réception: programme 261 (30270300101)
I> [20/05/2008 20:11:05] Fichier reçu: C:\machines\T32 Bis\Programmes\30270300101.MZK
I> [20/05/2008 20:11:06] Programmes dans les fichiers demandés: Programme 67 (30270300101), Programme 68 (30270300101), Programme 70 (30270300101), Programme 71 (30270300101), Programme 261 (30270300101)
