I> [20/06/2012 07:48:42] Port activé avec succès.
I> [20/06/2012 15:32:06] Réception: programme 1335 (202700301L)
I> [20/06/2012 15:32:30] Réception: programme 1336 (202700301L)
I> [20/06/2012 15:33:46] Réception: programme 1337 (202700301L)
I> [20/06/2012 15:34:23] Réception: programme 1338 (202700301L)
I> [20/06/2012 15:34:52] Fichier reçu: C:\machines\T32 Bis\Programmes\202700301L.MZK
I> [20/06/2012 15:34:52] Programmes dans les fichiers demandés: Programme 1335 (202700301L), Programme 1336 (202700301L), Programme 1337 (202700301L), Programme 1338 (202700301L)
I> [20/06/2012 16:46:54] Appel depuis la CN de: 43000041006
I> [20/06/2012 16:47:03] Appel depuis la CN de: 43000041006
E> [20/06/2012 16:47:08] N'a pu émettre le fichier: C:\machines\T32 Bis\Programmes\202700301L.MZK [Le système ne peut pas lire le périphérique indiqué]
I> [20/06/2012 16:47:08] Le programme appelé depuis la CN est trouvé: C:\machines\T32 Bis\Programmes\ERCA FORMSEAL\43000041006.MZK
I> [20/06/2012 16:47:08] Programmes dans les fichiers demandés: Programme 726 (43000041006), Programme 727 (43000041006), Programme 728 (43000041006), Programme 729 (43000041006), Programme 732 (43000041006), Programme 733 (43000041006), Programme 734 (43000041006), Programme 771 (43000041006)
I> [20/06/2012 16:47:19] Emission de programme: Programme 732 (43000041006)
I> [20/06/2012 16:47:32] Emission de programme: Programme 733 (43000041006)
I> [20/06/2012 16:47:43] Emission de programme: Programme 734 (43000041006)
I> [20/06/2012 16:47:55] Emission de programme: Programme 771 (43000041006)
I> [20/06/2012 16:57:11] Appel depuis la CN de: 43000042203
I> [20/06/2012 16:57:15] Le programme appelé depuis la CN est trouvé: C:\machines\T32 Bis\Programmes\ERCA FORMSEAL\43000042203.MZK
I> [20/06/2012 16:57:15] Programmes dans les fichiers demandés: Programme 724 (43000042203), Programme 725 (43000042203), Programme 730 (43000042203), Programme 731 (43000042203), Programme 735 (43000042203), Programme 736 (43000042203), Programme 737 (43000042203)
I> [20/06/2012 16:57:33] Emission de programme: Programme 735 (43000042203)
I> [20/06/2012 16:57:46] Emission de programme: Programme 736 (43000042203)
I> [20/06/2012 16:57:57] Emission de programme: Programme 737 (43000042203)
