I> [20/05/2010 10:13:51] Réception: programme 850 (223095A URA)
I> [20/05/2010 10:13:59] Fichier reçu: C:\machines\T32 Bis\Programmes\223095A URA.MZK
I> [20/05/2010 10:13:59] Programmes dans les fichiers demandés: Programme 850 (223095A URA)
I> [20/05/2010 10:17:01] Appel depuis la CN de: 223095A URA
E> [20/05/2010 10:17:07] N'a pu émettre le fichier: C:\machines\T32 Bis\Programmes\223095A URA.MZK [Le système ne peut pas lire le périphérique indiqué]
I> [20/05/2010 10:17:08] Le programme appelé depuis la CN est trouvé: C:\machines\T32 Bis\Programmes\FLOWSERVE\223095A URA.MZK
I> [20/05/2010 10:17:08] Programmes dans les fichiers demandés: Programme 850 (223095A URA)
I> [20/05/2010 10:17:14] Appel depuis la CN de: 223095A URA
I> [20/05/2010 10:17:23] Le programme appelé depuis la CN est trouvé: C:\machines\T32 Bis\Programmes\FLOWSERVE\223095A URA.MZK
I> [20/05/2010 10:17:23] Programmes dans les fichiers demandés: Programme 850 (223095A URA)
I> [20/05/2010 13:32:59] Réception: programme 851 (223860 URAN)
I> [20/05/2010 13:33:08] Fichier reçu: C:\machines\T32 Bis\Programmes\223860 URAN.MZK
I> [20/05/2010 13:33:08] Programmes dans les fichiers demandés: Programme 851 (223860 URAN)
I> [20/05/2010 13:57:45] Appel depuis la CN de: 0361550
E> [20/05/2010 13:57:52] N'a pu émettre le fichier: C:\machines\T32 Bis\Programmes\223860 URAN.MZK [Le système ne peut pas lire le périphérique indiqué]
E> [20/05/2010 13:57:52] N'a pu trouver le programme appelé depuis la CN: 361550.MZK [Premier répertoire recherché : C:\machines\T32 Bis\Programmes]
I> [20/05/2010 13:59:44] Appel depuis la CN de: 70361550
I> [20/05/2010 13:59:51] Le programme appelé depuis la CN est trouvé: C:\machines\T32 Bis\Programmes\70361550.MZK
I> [20/05/2010 13:59:51] Programmes dans les fichiers demandés: Programme 5069 (70361550), Programme 5070 (70361550)
I> [20/05/2010 13:59:57] Emission de programme: Programme 5069 (70361550)
I> [20/05/2010 14:00:15] Emission de programme: Programme 5070 (70361550)
