I> [20/09/2006 08:33:49] Port activé avec succès.
I> [20/09/2006 08:35:38] Port activé avec succès.
I> [20/09/2006 08:40:49] Port activé avec succès.
I> [20/09/2006 09:24:55] Réception: programme 4206 (231A)
I> [20/09/2006 09:25:16] Réception: programme 4207 (231A)
I> [20/09/2006 09:25:38] Fichier reçu: C:\machines\T32\Programmes\231A.MZK
I> [20/09/2006 09:25:38] Programmes dans les fichiers demandés: Programme 4206 (231A), Programme 4207 (231A)
I> [20/09/2006 09:31:00] Appel depuis la CN de: 2976442D
E> [20/09/2006 09:31:08] N'a pu trouver le programme appelé depuis la CN: 2976442D.MZK [Premier répertoire recherché : C:\machines\T32\Programmes]
E> [20/09/2006 09:31:08] N'a pu émettre le fichier. [Previous remote request failed.]
E> [20/09/2006 09:31:12] N'a pu émettre le fichier. [Previous remote request failed.]
I> [20/09/2006 09:49:05] Réception: programme 1114 (2976 442D)
I> [20/09/2006 09:49:33] Réception: programme 3668 (2976 442D)
I> [20/09/2006 09:50:13] Fichier reçu: C:\machines\T32\Programmes\2976 442D.MZK
I> [20/09/2006 09:50:13] Programmes dans les fichiers demandés: Programme 1114 (2976 442D), Programme 3668 (2976 442D)
I> [20/09/2006 19:29:14] Appel depuis la CN de: 1973675C
E> [20/09/2006 19:29:22] N'a pu émettre le fichier: C:\machines\T32\Programmes\2976 442D.MZK [Le système ne peut pas lire le périphérique indiqué]
I> [20/09/2006 19:29:23] Le programme appelé depuis la CN est trouvé: C:\machines\T32\Programmes\DRESSER\1973675C.MZK
I> [20/09/2006 19:29:23] Programmes dans les fichiers demandés: Programme 3659 (1973675C), Programme 3660 (1973675C), Programme 3666 (1973675C)
I> [20/09/2006 19:29:32] Appel depuis la CN de: 1973675C
I> [20/09/2006 19:29:41] Le programme appelé depuis la CN est trouvé: C:\machines\T32\Programmes\DRESSER\1973675C.MZK
I> [20/09/2006 19:29:41] Programmes dans les fichiers demandés: Programme 3659 (1973675C), Programme 3660 (1973675C), Programme 3666 (1973675C)
I> [20/09/2006 19:29:46] Emission de programme: Programme 3659 (1973675C)
I> [20/09/2006 19:29:52] Emission de programme: Programme 3660 (1973675C)
I> [20/09/2006 19:29:59] Emission de programme: Programme 3666 (1973675C)
I> [20/09/2006 19:34:11] Réception: programme 3668 (2976 442D)
I> [20/09/2006 19:34:49] Réception: programme 1114 (2976 442D)
I> [20/09/2006 19:35:18] Fichier reçu: C:\machines\T32\Programmes\2976 442D.MZK
I> [20/09/2006 19:35:18] Programmes dans les fichiers demandés: Programme 3668 (2976 442D), Programme 1114 (2976 442D)
I> [20/09/2006 19:35:59] Appel depuis la CN de: 1974453B
I> [20/09/2006 19:36:09] Le programme appelé depuis la CN est trouvé: C:\machines\T32\Programmes\DRESSER\1974453B.MZK
I> [20/09/2006 19:36:09] Programmes dans les fichiers demandés: Programme 515 (1974453B), Programme 517 (1974453B), Programme 519 (1974453B)
I> [20/09/2006 19:36:24] Appel depuis la CN de: 1974453B
I> [20/09/2006 19:36:34] Le programme appelé depuis la CN est trouvé: C:\machines\T32\Programmes\DRESSER\1974453B.MZK
I> [20/09/2006 19:36:34] Programmes dans les fichiers demandés: Programme 515 (1974453B), Programme 517 (1974453B), Programme 519 (1974453B)
I> [20/09/2006 19:36:37] Emission de programme: Programme 515 (1974453B)
I> [20/09/2006 19:36:43] Emission de programme: Programme 517 (1974453B)
I> [20/09/2006 19:36:50] Emission de programme: Programme 519 (1974453B)
