I> [20/06/2011 05:21:14] Port activé avec succès.
I> [20/06/2011 05:23:12] Appel depuis la CN de: 3972949-3B
I> [20/06/2011 05:23:16] Le programme appelé depuis la CN est trouvé: C:\machines\T32 Bis\Programmes\FLOWSERVE\3972949-3B.MZK
I> [20/06/2011 05:23:16] Programmes dans les fichiers demandés: Programme 1062 (3972949-3B), Programme 1063 (3972949-3B), Programme 1064 (3972949-3B)
I> [20/06/2011 05:23:37] Emission de programme: Programme 1062 (3972949-3B)
I> [20/06/2011 05:24:08] Emission de programme: Programme 1063 (3972949-3B)
I> [20/06/2011 05:24:25] Emission de programme: Programme 1064 (3972949-3B)
I> [20/06/2011 12:16:12] Appel depuis la CN de: 3972949-2B
I> [20/06/2011 12:16:24] Appel depuis la CN de: 3972949-2B
I> [20/06/2011 12:16:29] Le programme appelé depuis la CN est trouvé: C:\machines\T32 Bis\Programmes\3972949-2B.MZK
I> [20/06/2011 12:16:29] Programmes dans les fichiers demandés: Programme 96, Données d'outil, Programme 42, Données d'outil, Programme 17, Données d'outil
I> [20/06/2011 12:16:35] Emission de programme: Programme 96
I> [20/06/2011 12:16:54] Emission de programme: Données d'outil
I> [20/06/2011 12:16:55] Emission de programme: Programme 42
I> [20/06/2011 12:17:04] Emission de programme: Données d'outil
I> [20/06/2011 12:17:05] Emission de programme: Programme 17
I> [20/06/2011 12:17:09] Emission de programme: Données d'outil
I> [20/06/2011 17:39:39] Appel depuis la CN de: 3971183-4C
E> [20/06/2011 17:39:44] N'a pu émettre le fichier: C:\machines\T32 Bis\Programmes\3972949-2B.MZK [Le système ne peut pas lire le périphérique indiqué]
I> [20/06/2011 17:39:44] Le programme appelé depuis la CN est trouvé: C:\machines\T32 Bis\Programmes\FLOWSERVE\3971183-4C.MZK
I> [20/06/2011 17:39:44] Programmes dans les fichiers demandés: Programme 352, Données d'outil, Programme 320, Données d'outil, Programme 17, Données d'outil
I> [20/06/2011 17:40:00] Appel depuis la CN de: 3971183-4C
I> [20/06/2011 17:40:05] Le programme appelé depuis la CN est trouvé: C:\machines\T32 Bis\Programmes\FLOWSERVE\3971183-4C.MZK
I> [20/06/2011 17:40:05] Programmes dans les fichiers demandés: Programme 352, Données d'outil, Programme 320, Données d'outil, Programme 17, Données d'outil
I> [20/06/2011 17:41:11] Emission de programme: Programme 352
I> [20/06/2011 17:41:29] Emission de programme: Données d'outil
I> [20/06/2011 17:41:30] Emission de programme: Programme 320
I> [20/06/2011 17:41:43] Emission de programme: Données d'outil
I> [20/06/2011 17:41:44] Emission de programme: Programme 17
I> [20/06/2011 17:41:48] Emission de programme: Données d'outil
