I> [20/01/2009 05:42:45] Port activé avec succès.
I> [20/01/2009 11:22:27] Réception: programme 446 (103024591)
I> [20/01/2009 11:22:32] Réception: programme 448 (103024591)
I> [20/01/2009 11:22:37] Réception: programme 450 (103024591)
I> [20/01/2009 11:22:48] Réception: programme 451 (103024591)
I> [20/01/2009 11:23:09] Réception: programme 454 (103024591)
I> [20/01/2009 11:23:22] Réception: programme 456 (103024591)
I> [20/01/2009 11:23:36] Réception: programme 457 (103024591)
I> [20/01/2009 11:24:03] Fichier reçu: C:\machines\T32 Bis\Programmes\103024591.MZK
I> [20/01/2009 11:24:04] Programmes dans les fichiers demandés: Programme 446 (103024591), Programme 448 (103024591), Programme 450 (103024591), Programme 451 (103024591), Programme 454 (103024591), Programme 456 (103024591), Programme 457 (103024591)
I> [20/01/2009 18:56:47] Réception: programme 445 (103024364)
I> [20/01/2009 18:56:52] Réception: programme 447 (103024364)
I> [20/01/2009 18:56:58] Réception: programme 449 (103024364)
I> [20/01/2009 18:57:10] Réception: programme 452 (103024364)
I> [20/01/2009 18:57:34] Réception: programme 453 (103024364)
I> [20/01/2009 18:57:46] Réception: programme 455 (103024364)
I> [20/01/2009 18:58:01] Réception: programme 458 (103024364)
I> [20/01/2009 18:58:31] Fichier reçu: C:\machines\T32 Bis\Programmes\103024364.MZK
I> [20/01/2009 18:58:31] Programmes dans les fichiers demandés: Programme 445 (103024364), Programme 447 (103024364), Programme 449 (103024364), Programme 452 (103024364), Programme 453 (103024364), Programme 455 (103024364), Programme 458 (103024364)
I> [20/01/2009 19:02:27] Appel depuis la CN de: P362734I
E> [20/01/2009 19:02:33] N'a pu émettre le fichier: C:\machines\T32 Bis\Programmes\103024364.MZK [Le système ne peut pas lire le périphérique indiqué]
I> [20/01/2009 19:02:34] Le programme appelé depuis la CN est trouvé: C:\machines\T32 Bis\Programmes\TOKHEIM\P362734I.MZK
I> [20/01/2009 19:02:34] Programmes dans les fichiers demandés: Programme 4 (P362734I)
I> [20/01/2009 19:02:47] Emission de programme: Programme 4 (P362734I)
