I> [20/07/2010 05:10:26] Port activé avec succès.
I> [20/07/2010 05:14:22] Appel depuis la CN de: 4977273A
I> [20/07/2010 05:14:27] Le programme appelé depuis la CN est trouvé: C:\machines\T32 Bis\Programmes\4977273A.MZK
I> [20/07/2010 05:14:27] Programmes dans les fichiers demandés: Programme 21, Données d'outil, Programme 46, Données d'outil
I> [20/07/2010 05:14:37] Emission de programme: Programme 21
I> [20/07/2010 05:14:42] Emission de programme: Données d'outil
I> [20/07/2010 05:14:43] Emission de programme: Programme 46
I> [20/07/2010 05:14:52] Emission de programme: Données d'outil
I> [20/07/2010 11:12:05] Réception: programme 934 (4977273A)
I> [20/07/2010 11:12:18] Réception: programme 935 (4977273A)
I> [20/07/2010 11:12:40] Fichier reçu: C:\machines\T32 Bis\Programmes\4977273A.MZK
I> [20/07/2010 11:12:40] Programmes dans les fichiers demandés: Programme 934 (4977273A), Programme 935 (4977273A)
I> [20/07/2010 11:51:24] Appel depuis la CN de: 206083
I> [20/07/2010 11:51:29] Le programme appelé depuis la CN est trouvé: C:\machines\T32 Bis\Programmes\FLOWSERVE\206083.MZK
I> [20/07/2010 11:51:29] Programmes dans les fichiers demandés: Programme 927 (206083), Programme 928 (206083)
I> [20/07/2010 11:51:35] Emission de programme: Programme 927 (206083)
I> [20/07/2010 11:51:48] Emission de programme: Programme 928 (206083)
I> [20/07/2010 16:38:55] Réception: programme 927 (206083)
I> [20/07/2010 16:39:09] Réception: programme 928 (206083)
I> [20/07/2010 16:39:22] Réception: programme 936 (206083)
I> [20/07/2010 16:39:47] Fichier reçu: C:\machines\T32 Bis\Programmes\206083.MZK
I> [20/07/2010 16:39:47] Programmes dans les fichiers demandés: Programme 927 (206083), Programme 928 (206083), Programme 936 (206083)
I> [20/07/2010 16:40:38] Appel depuis la CN de: 206083
I> [20/07/2010 16:40:43] Le programme appelé depuis la CN est trouvé: C:\machines\T32 Bis\Programmes\FLOWSERVE\206083.MZK
I> [20/07/2010 16:40:43] Programmes dans les fichiers demandés: Programme 927 (206083), Programme 928 (206083), Programme 936 (206083)
I> [20/07/2010 16:50:28] Appel depuis la CN de: 3007-14-02I
I> [20/07/2010 16:50:33] Le programme appelé depuis la CN est trouvé: C:\machines\T32 Bis\Programmes\LA CALHENE\3007-14-02I.MZK
I> [20/07/2010 16:50:33] Programmes dans les fichiers demandés: Programme 1029 (3007-14-02I), Programme 1030 (3007-14-02I), Programme 1089 (3007-14-02I), Programme 1090 (3007-14-02I), Programme 2217 (3007-14-02I), Programme 2218 (3007-14-02I)
I> [20/07/2010 16:50:46] Emission de programme: Programme 2217 (3007-14-02I)
I> [20/07/2010 16:50:50] Emission de programme: Programme 2218 (3007-14-02I)
I> [20/07/2010 20:18:40] Appel depuis la CN de: 2976442D
I> [20/07/2010 20:18:45] Le programme appelé depuis la CN est trouvé: C:\machines\T32 Bis\Programmes\FLOWSERVE\2976442D.MZK
I> [20/07/2010 20:18:45] Programmes dans les fichiers demandés: Programme 526 (2976442D), Programme 530 (2976442D)
I> [20/07/2010 20:19:44] Emission de programme: Programme 526 (2976442D)
I> [20/07/2010 20:20:22] Emission de programme: Programme 530 (2976442D)
I> [20/07/2010 20:21:11] Appel depuis la CN de: 2976626B
I> [20/07/2010 20:21:16] Le programme appelé depuis la CN est trouvé: C:\machines\T32 Bis\Programmes\FLOWSERVE\2976626B.MZK
I> [20/07/2010 20:21:16] Programmes dans les fichiers demandés: Programme 3669 (2976626B), Programme 3670 (2976626B)
I> [20/07/2010 20:22:40] Emission de programme: Programme 3669 (2976626B)
I> [20/07/2010 20:23:17] Emission de programme: Programme 3670 (2976626B)
