I> [20/01/2010 08:21:46] Port activé avec succès.
I> [20/01/2010 19:56:43] Réception: programme 754 (81D3017B)
I> [20/01/2010 19:56:49] Réception: programme 755 (81D3017B)
I> [20/01/2010 19:56:55] Réception: programme 761 (81D3017B)
I> [20/01/2010 19:57:08] Réception: programme 762 (81D3017B)
I> [20/01/2010 19:57:22] Réception: programme 763 (81D3017B)
I> [20/01/2010 19:57:33] Fichier reçu: C:\machines\T32 Bis\Programmes\81D3017B.MZK
I> [20/01/2010 19:57:33] Programmes dans les fichiers demandés: Programme 754 (81D3017B), Programme 755 (81D3017B), Programme 761 (81D3017B), Programme 762 (81D3017B), Programme 763 (81D3017B)
I> [20/01/2010 19:58:26] Réception: programme 756 (81D3019B)
I> [20/01/2010 19:58:32] Réception: programme 757 (81D3019B)
I> [20/01/2010 19:58:38] Réception: programme 758 (81D3019B)
I> [20/01/2010 19:58:45] Réception: programme 759 (81D3019B)
I> [20/01/2010 19:58:56] Réception: programme 760 (81D3019B)
I> [20/01/2010 19:59:10] Fichier reçu: C:\machines\T32 Bis\Programmes\81D3019B.MZK
I> [20/01/2010 19:59:10] Programmes dans les fichiers demandés: Programme 756 (81D3019B), Programme 757 (81D3019B), Programme 758 (81D3019B), Programme 759 (81D3019B), Programme 760 (81D3019B)
I> [20/01/2010 20:13:50] Appel depuis la CN de: 3007-14-02I
I> [20/01/2010 20:13:57] Le programme appelé depuis la CN est trouvé: C:\machines\T32 Bis\Programmes\LA CALHENE\3007-14-02I.MZK
I> [20/01/2010 20:13:57] Programmes dans les fichiers demandés: Programme 1029 (3007-14-02I), Programme 1030 (3007-14-02I), Programme 1089 (3007-14-02I), Programme 1090 (3007-14-02I), Programme 2217 (3007-14-02I), Programme 2218 (3007-14-02I)
I> [20/01/2010 20:14:22] Emission de programme: Programme 2217 (3007-14-02I)
I> [20/01/2010 20:14:26] Emission de programme: Programme 2218 (3007-14-02I)
