I> [20/11/2006 05:56:23] Port activé avec succès.
I> [20/11/2006 06:35:05] Réception: programme 4266 (3984608A 3)
I> [20/11/2006 06:35:25] Réception: programme 4267 (3984608A 3)
I> [20/11/2006 06:35:50] Fichier reçu: C:\machines\T32\Programmes\3984608A 3.MZK
I> [20/11/2006 06:35:50] Programmes dans les fichiers demandés: Programme 4266 (3984608A 3), Programme 4267 (3984608A 3)
I> [20/11/2006 06:36:58] Appel depuis la CN de: C21528D
I> [20/11/2006 06:37:20] Le programme appelé depuis la CN est trouvé: C:\machines\T32\Programmes\AMADA\C21528D.MZK
I> [20/11/2006 06:37:20] Programmes dans les fichiers demandés: Programme 2152 (C21528D), Programme 2153 (C21528D)
I> [20/11/2006 06:37:31] Appel depuis la CN de: C21528D
I> [20/11/2006 06:37:38] Le programme appelé depuis la CN est trouvé: C:\machines\T32\Programmes\AMADA\C21528D.MZK
I> [20/11/2006 06:37:38] Programmes dans les fichiers demandés: Programme 2152 (C21528D), Programme 2153 (C21528D)
I> [20/11/2006 06:37:56] Emission de programme: Programme 2152 (C21528D)
I> [20/11/2006 06:38:04] Emission de programme: Programme 2153 (C21528D)
I> [20/11/2006 13:36:49] Appel depuis la CN de: 2976442D
E> [20/11/2006 13:36:56] N'a pu trouver le programme appelé depuis la CN: 2976442D.MZK [Premier répertoire recherché : C:\machines\T32\Programmes]
E> [20/11/2006 13:36:56] N'a pu émettre le fichier. [Previous remote request failed.]
I> [20/11/2006 13:37:34] Appel depuis la CN de: 2976 442D
I> [20/11/2006 13:37:41] Le programme appelé depuis la CN est trouvé: C:\machines\T32\Programmes\DRESSER\2976 442D.MZK
I> [20/11/2006 13:37:41] Programmes dans les fichiers demandés: Programme 1114 (2976 442D), Programme 3668 (2976 442D)
I> [20/11/2006 13:37:58] Emission de programme: Programme 1114 (2976 442D)
I> [20/11/2006 13:38:24] Emission de programme: Programme 3668 (2976 442D)
I> [20/11/2006 13:40:05] Appel depuis la CN de: 2976443D 1
I> [20/11/2006 13:40:11] Le programme appelé depuis la CN est trouvé: C:\machines\T32\Programmes\DRESSER\2976443D 1.MZK
I> [20/11/2006 13:40:11] Programmes dans les fichiers demandés: Programme 3313 (2976443D 1), Programme 3314 (2976443D 1), Programme 3315 (2976443D 1)
I> [20/11/2006 13:40:45] Emission de programme: Programme 3313 (2976443D 1)
I> [20/11/2006 13:40:55] Emission de programme: Programme 3314 (2976443D 1)
I> [20/11/2006 13:41:29] Emission de programme: Programme 3315 (2976443D 1)
E> [20/11/2006 13:45:24] Transmission avortée. [Délai de réponse dépassé, interruption de la transmission]
I> [20/11/2006 20:56:45] Emission de programme: Programme 3315 (2976443D 1)
