I> [20/11/2017 04:56:39] Port activé avec succès.
I> [20/11/2017 06:14:44] Appel depuis la CN de: 11190 16 01
E> [20/11/2017 06:14:48] N'a pu émettre le fichier: C:\machines\T32 Bis\Programmes\21270080201.MZK [Le système ne peut pas lire le périphérique indiqué]
I> [20/11/2017 06:14:49] Le programme appelé depuis la CN est trouvé: C:\machines\T32 Bis\Programmes\LA CALHENE\11190 16 01.MZK
I> [20/11/2017 06:14:49] Programmes dans les fichiers demandés: Programme 1211 (11190 16 01), Programme 988 (11190 16 01), Programme 989 (11190 16 01), Programme 990 (11190 16 01), Programme 991 (11190 16 01)
I> [20/11/2017 06:15:01] Emission de programme: Programme 990 (11190 16 01)
I> [20/11/2017 12:32:31] Appel depuis la CN de: 113500101M
I> [20/11/2017 12:32:40] Le programme appelé depuis la CN est trouvé: C:\machines\T32 Bis\Programmes\LA CALHENE\113500101M.MZK
I> [20/11/2017 12:32:41] Programmes dans les fichiers demandés: Programme 4357 (113500101M), Programme 4359 (113500101M)
I> [20/11/2017 12:32:49] Appel depuis la CN de: 113500101M
I> [20/11/2017 12:32:55] Le programme appelé depuis la CN est trouvé: C:\machines\T32 Bis\Programmes\LA CALHENE\113500101M.MZK
I> [20/11/2017 12:32:55] Programmes dans les fichiers demandés: Programme 4357 (113500101M), Programme 4359 (113500101M)
I> [20/11/2017 12:32:58] Emission de programme: Programme 4357 (113500101M)
I> [20/11/2017 12:35:28] Appel depuis la CN de: 111900801J
I> [20/11/2017 12:35:38] Le programme appelé depuis la CN est trouvé: C:\machines\T32 Bis\Programmes\LA CALHENE\111900801J.MZK
I> [20/11/2017 12:35:38] Programmes dans les fichiers demandés: Programme 1450 (111900801J), Programme 1451 (111900801J), Programme 1452 (111900801J), Programme 1379 (111900801J)
I> [20/11/2017 12:35:43] Appel depuis la CN de: 111900801J
I> [20/11/2017 12:35:50] Le programme appelé depuis la CN est trouvé: C:\machines\T32 Bis\Programmes\LA CALHENE\111900801J.MZK
I> [20/11/2017 12:35:50] Programmes dans les fichiers demandés: Programme 1450 (111900801J), Programme 1451 (111900801J), Programme 1452 (111900801J), Programme 1379 (111900801J)
I> [20/11/2017 12:35:55] Emission de programme: Programme 1379 (111900801J)
I> [20/11/2017 18:48:42] Appel depuis la CN de: 113504901D
I> [20/11/2017 18:48:47] Le programme appelé depuis la CN est trouvé: C:\machines\T32 Bis\Programmes\LA CALHENE\113504901D.MZK
I> [20/11/2017 18:48:47] Programmes dans les fichiers demandés: Programme 4358 (113504901D), Programme 4359 (113504901D)
I> [20/11/2017 18:49:04] Emission de programme: Programme 4358 (113504901D)
I> [20/11/2017 18:49:21] Emission de programme: Programme 4359 (113504901D)
