I> [21/07/2016 04:47:33] Port activé avec succès.
I> [21/07/2016 05:47:51] Appel depuis la CN de: 202700207G
E> [21/07/2016 05:47:55] N'a pu émettre le fichier: C:\machines\T32 Bis\Programmes\21270080201.MZK [Le système ne peut pas lire le périphérique indiqué]
I> [21/07/2016 05:47:56] Le programme appelé depuis la CN est trouvé: C:\machines\T32 Bis\Programmes\202700207G.MZK
I> [21/07/2016 05:47:56] Programmes dans les fichiers demandés: Programme 6373 (202700207G), Programme 6374 (202700207G), Programme 6375 (202700207G), Programme 6376 (202700207G), Programme 6377 (202700207G)
I> [21/07/2016 05:48:13] Emission de programme: Programme 6373 (202700207G)
I> [21/07/2016 05:48:20] Emission de programme: Programme 6374 (202700207G)
I> [21/07/2016 05:48:36] Emission de programme: Programme 6375 (202700207G)
I> [21/07/2016 05:48:47] Emission de programme: Programme 6376 (202700207G)
I> [21/07/2016 05:49:14] Emission de programme: Programme 6377 (202700207G)
I> [21/07/2016 05:57:19] Réception: programme 1567 (202700207H)
I> [21/07/2016 05:57:25] Réception: programme 1568 (202700207H)
I> [21/07/2016 05:57:41] Réception: programme 1569 (202700207H)
I> [21/07/2016 05:57:53] Réception: programme 1570 (202700207H)
I> [21/07/2016 05:58:19] Réception: programme 1571 (202700207H)
I> [21/07/2016 05:58:50] Fichier reçu: C:\machines\T32 Bis\Programmes\202700207H.MZK
I> [21/07/2016 05:58:50] Programmes dans les fichiers demandés: Programme 1567 (202700207H), Programme 1568 (202700207H), Programme 1569 (202700207H), Programme 1570 (202700207H), Programme 1571 (202700207H)
I> [21/07/2016 06:04:38] Appel depuis la CN de: 111902901A
I> [21/07/2016 06:04:42] Le programme appelé depuis la CN est trouvé: C:\machines\T32 Bis\Programmes\111902901A.MZK
I> [21/07/2016 06:04:43] Programmes dans les fichiers demandés: Programme 723 (111902901A), Programme 724 (111902901A), Programme 725 (111902901A), Programme 726 (111902901A)
I> [21/07/2016 06:04:49] Emission de programme: Programme 723 (111902901A)
I> [21/07/2016 06:04:58] Emission de programme: Programme 724 (111902901A)
I> [21/07/2016 06:05:15] Emission de programme: Programme 725 (111902901A)
I> [21/07/2016 06:05:23] Emission de programme: Programme 726 (111902901A)
