I> [21/07/2014 04:58:25] Port activé avec succès.
I> [21/07/2014 14:13:40] Appel depuis la CN de: POULIE-280
I> [21/07/2014 14:13:47] Le programme appelé depuis la CN est trouvé: C:\machines\T32 Bis\Programmes\CRD\POULIE-280.MZK
I> [21/07/2014 14:13:47] Programmes dans les fichiers demandés: Programme 181 (POULIE-280), Programme 182 (POULIE-280)
I> [21/07/2014 14:14:00] Appel depuis la CN de: POULIE-280
I> [21/07/2014 14:14:08] Emission de programme: Programme 181 (POULIE-280)
I> [21/07/2014 14:14:14] Emission de programme: Programme 182 (POULIE-280)
I> [21/07/2014 14:14:25] Le programme appelé depuis la CN est trouvé: C:\machines\T32 Bis\Programmes\CRD\POULIE-280.MZK
I> [21/07/2014 14:14:25] Programmes dans les fichiers demandés: Programme 181 (POULIE-280), Programme 182 (POULIE-280)
I> [21/07/2014 18:17:44] Appel depuis la CN de: 3975892G-2
I> [21/07/2014 18:17:49] Le programme appelé depuis la CN est trouvé: C:\machines\T32 Bis\Programmes\3975892G-2.MZK
I> [21/07/2014 18:17:49] Programmes dans les fichiers demandés: Programme 44, Données d'outil, Programme 39, Données d'outil
I> [21/07/2014 18:17:54] Emission de programme: Programme 44
I> [21/07/2014 18:18:03] Emission de programme: Données d'outil
I> [21/07/2014 18:18:04] Emission de programme: Programme 39
I> [21/07/2014 18:18:12] Emission de programme: Données d'outil
I> [21/07/2014 19:12:47] Réception: programme 181 (POULIE-280)
I> [21/07/2014 19:12:54] Réception: programme 182 (POULIE-280)
I> [21/07/2014 19:13:05] Fichier reçu: C:\machines\T32 Bis\Programmes\POULIE-280.MZK
I> [21/07/2014 19:13:05] Programmes dans les fichiers demandés: Programme 181 (POULIE-280), Programme 182 (POULIE-280)
