I> [21/02/2017 05:01:22] Port activé avec succès.
I> [21/02/2017 06:18:12] Appel depuis la CN de: 621501K1C
I> [21/02/2017 06:18:17] Le programme appelé depuis la CN est trouvé: C:\machines\T32 Bis\Programmes\621501K1C.MZK
I> [21/02/2017 06:18:17] Programmes dans les fichiers demandés: Programme 6075 (621501K1C), Programme 6076 (621501K1C), Programme 6077 (621501K1C), Programme 6080 (621501K1C), Programme 6081 (621501K1C), Programme 6084 (621501K1C)
I> [21/02/2017 06:18:38] Emission de programme: Programme 6081 (621501K1C)
I> [21/02/2017 07:31:39] Appel depuis la CN de: 2127080201
I> [21/02/2017 07:31:51] Appel depuis la CN de: 2127080201
E> [21/02/2017 07:31:56] N'a pu trouver le programme appelé depuis la CN: 2127080201.MZK [Premier répertoire recherché : C:\machines\T32 Bis\Programmes]
E> [21/02/2017 07:32:06] N'a pu émettre le fichier. [Previous remote request failed.]
E> [21/02/2017 07:32:15] N'a pu émettre le fichier. [Previous remote request failed.]
I> [21/02/2017 07:32:26] Appel depuis la CN de: 2127080201
E> [21/02/2017 07:32:31] N'a pu trouver le programme appelé depuis la CN: 2127080201.MZK [Premier répertoire recherché : C:\machines\T32 Bis\Programmes]
E> [21/02/2017 07:32:33] N'a pu émettre le fichier. [Previous remote request failed.]
I> [21/02/2017 07:33:05] Appel depuis la CN de: 21270080201
I> [21/02/2017 07:33:10] Le programme appelé depuis la CN est trouvé: C:\machines\T32 Bis\Programmes\21270080201.MZK
I> [21/02/2017 07:33:10] Programmes dans les fichiers demandés: Programme 321 (21270080201), Programme 322 (21270080201), Programme 1152 (21270080201), Programme 1153 (21270080201), Programme 1328 (21270080201), Programme 1329 (21270080201)
I> [21/02/2017 07:59:26] Emission de programme: Programme 321 (21270080201)
I> [21/02/2017 07:59:32] Emission de programme: Programme 322 (21270080201)
I> [21/02/2017 07:59:38] Emission de programme: Programme 1152 (21270080201)
I> [21/02/2017 07:59:58] Emission de programme: Programme 1153 (21270080201)
I> [21/02/2017 08:00:12] Emission de programme: Programme 1328 (21270080201)
I> [21/02/2017 08:00:21] Emission de programme: Programme 1329 (21270080201)
