I> [21/01/2015 05:06:03] Port activé avec succès.
I> [21/01/2015 05:53:51] Appel depuis la CN de: 212700501
I> [21/01/2015 05:53:56] Le programme appelé depuis la CN est trouvé: C:\machines\T32 Bis\Programmes\LA CALHENE\212700501.MZK
I> [21/01/2015 05:53:56] Programmes dans les fichiers demandés: Programme 1463 (212700501), Programme 1464 (212700501), Programme 1465 (212700501), Programme 1466 (212700501), Programme 1467 (212700501)
I> [21/01/2015 05:54:19] Emission de programme: Programme 1467 (212700501)
E> [21/01/2015 06:03:59] Transmission avortée. [Délai de réponse dépassé, interruption de la transmission]
I> [21/01/2015 14:18:51] Appel depuis la CN de: 202700301L
I> [21/01/2015 14:18:56] Le programme appelé depuis la CN est trouvé: C:\machines\T32 Bis\Programmes\LA CALHENE\202700301L.MZK
I> [21/01/2015 14:18:56] Programmes dans les fichiers demandés: Programme 1335 (202700301L), Programme 1336 (202700301L), Programme 1337 (202700301L), Programme 1338 (202700301L)
I> [21/01/2015 14:19:19] Emission de programme: Programme 1335 (202700301L)
I> [21/01/2015 14:19:42] Emission de programme: Programme 1336 (202700301L)
I> [21/01/2015 14:20:59] Emission de programme: Programme 1337 (202700301L)
I> [21/01/2015 14:21:47] Réception: programme 1335 (202700301L)
I> [21/01/2015 14:22:11] Réception: programme 1336 (202700301L)
I> [21/01/2015 14:23:27] Réception: programme 1337 (202700301L)
I> [21/01/2015 14:24:04] Réception: programme 1338 (202700301L)
I> [21/01/2015 14:24:33] Fichier reçu: C:\machines\T32 Bis\Programmes\202700301L.MZK
I> [21/01/2015 14:24:33] Programmes dans les fichiers demandés: Programme 1335 (202700301L), Programme 1336 (202700301L), Programme 1337 (202700301L), Programme 1338 (202700301L)
I> [21/01/2015 15:05:08] Appel depuis la CN de: 355309
I> [21/01/2015 15:05:13] Le programme appelé depuis la CN est trouvé: C:\machines\T32 Bis\Programmes\TOKHEIM (satam)\355309.MZK
I> [21/01/2015 15:05:13] Programmes dans les fichiers demandés: Programme 684 (355309), Programme 685 (355309), Programme 686 (355309)
I> [21/01/2015 15:09:00] Emission de programme: Programme 684 (355309)
I> [21/01/2015 15:09:10] Emission de programme: Programme 685 (355309)
I> [21/01/2015 15:09:30] Emission de programme: Programme 686 (355309)
I> [21/01/2015 15:26:16] Appel depuis la CN de: 355309
I> [21/01/2015 15:26:21] Le programme appelé depuis la CN est trouvé: C:\machines\T32 Bis\Programmes\355309.MZK
I> [21/01/2015 15:26:21] Programmes dans les fichiers demandés: Programme 4725 (355309), Programme 4726 (355309), Programme 4804 (355309)
I> [21/01/2015 15:26:53] Emission de programme: Programme 4804 (355309)
I> [21/01/2015 16:13:52] Emission de programme: Programme 4725 (355309)
I> [21/01/2015 16:14:12] Emission de programme: Programme 4726 (355309)
E> [21/01/2015 16:18:00] Transmission avortée. [Délai de réponse dépassé, interruption de la transmission]
