I> [21/04/2015 05:03:06] Port activé avec succès.
I> [21/04/2015 15:10:18] Appel depuis la CN de: 113500103L
I> [21/04/2015 15:10:23] Le programme appelé depuis la CN est trouvé: C:\machines\T32 Bis\Programmes\LA CALHENE\113500103L.MZK
I> [21/04/2015 15:10:23] Programmes dans les fichiers demandés: Programme 1000 (113500103L), Programme 1435 (113500103L), Programme 1001 (113500103L), Programme 1002 (113500103L), Programme 1003 (113500103L)
I> [21/04/2015 15:11:39] Emission de programme: Programme 1000 (113500103L)
I> [21/04/2015 15:11:54] Emission de programme: Programme 1435 (113500103L)
I> [21/04/2015 15:12:00] Emission de programme: Programme 1001 (113500103L)
I> [21/04/2015 15:14:42] Appel depuis la CN de: 113500103L
I> [21/04/2015 15:14:47] Le programme appelé depuis la CN est trouvé: C:\machines\T32 Bis\Programmes\LA CALHENE\113500103L.MZK
I> [21/04/2015 15:14:47] Programmes dans les fichiers demandés: Programme 1000 (113500103L), Programme 1435 (113500103L), Programme 1001 (113500103L), Programme 1002 (113500103L), Programme 1003 (113500103L)
I> [21/04/2015 15:14:56] Emission de programme: Programme 1000 (113500103L)
I> [21/04/2015 15:15:11] Emission de programme: Programme 1435 (113500103L)
I> [21/04/2015 15:15:16] Emission de programme: Programme 1001 (113500103L)
I> [21/04/2015 15:16:30] Emission de programme: Programme 1002 (113500103L)
I> [21/04/2015 15:16:54] Emission de programme: Programme 1003 (113500103L)
I> [21/04/2015 15:57:30] Appel depuis la CN de: 113500103K
I> [21/04/2015 15:57:35] Le programme appelé depuis la CN est trouvé: C:\machines\T32 Bis\Programmes\LA CALHENE\113500103K.MZK
I> [21/04/2015 15:57:35] Programmes dans les fichiers demandés: Programme 4415 (113500103K), Programme 4416 (113500103K), Programme 4417 (113500103K), Programme 4418 (113500103K)
I> [21/04/2015 15:58:19] Appel depuis la CN de: 113500103K1
I> [21/04/2015 15:58:24] Le programme appelé depuis la CN est trouvé: C:\machines\T32 Bis\Programmes\LA CALHENE\113500103K1.MZK
I> [21/04/2015 15:58:24] Programmes dans les fichiers demandés: Programme 1429 (113500103K1), Programme 326 (113500103K1), Programme 327 (113500103K1), Programme 328 (113500103K1), Programme 329 (113500103K1)
I> [21/04/2015 15:59:31] Emission de programme: Programme 1429 (113500103K1)
I> [21/04/2015 16:04:42] Appel depuis la CN de: 11350003L
E> [21/04/2015 16:04:46] N'a pu trouver le programme appelé depuis la CN: 11350003L.MZK [Premier répertoire recherché : C:\machines\T32 Bis\Programmes]
E> [21/04/2015 16:04:47] N'a pu émettre le fichier. [Previous remote request failed.]
I> [21/04/2015 16:04:57] Appel depuis la CN de: 11350003L
E> [21/04/2015 16:05:02] N'a pu trouver le programme appelé depuis la CN: 11350003L.MZK [Premier répertoire recherché : C:\machines\T32 Bis\Programmes]
E> [21/04/2015 16:05:05] N'a pu émettre le fichier. [Previous remote request failed.]
I> [21/04/2015 16:05:24] Appel depuis la CN de: 113500103L
I> [21/04/2015 16:05:29] Le programme appelé depuis la CN est trouvé: C:\machines\T32 Bis\Programmes\LA CALHENE\113500103L.MZK
I> [21/04/2015 16:05:29] Programmes dans les fichiers demandés: Programme 1000 (113500103L), Programme 1435 (113500103L), Programme 1001 (113500103L), Programme 1002 (113500103L), Programme 1003 (113500103L)
I> [21/04/2015 16:05:40] Emission de programme: Programme 1000 (113500103L)
