I> [21/06/2010 05:10:05] Port activé avec succès.
I> [21/06/2010 05:16:47] Port activé avec succès.
I> [21/06/2010 05:40:51] Réception: programme 873 (3976072F)
I> [21/06/2010 05:41:17] Réception: programme 874 (3976072F)
I> [21/06/2010 05:41:34] Fichier reçu: C:\machines\T32 Bis\Programmes\3976072F.MZK
I> [21/06/2010 05:41:34] Programmes dans les fichiers demandés: Programme 873 (3976072F), Programme 874 (3976072F)
I> [21/06/2010 06:50:30] Appel depuis la CN de: 3985248C
I> [21/06/2010 06:50:37] Le programme appelé depuis la CN est trouvé: C:\machines\T32 Bis\Programmes\FLOWSERVE\3985248C.MZK
I> [21/06/2010 06:50:37] Programmes dans les fichiers demandés: Programme 240 (3985248C), Programme 241 (3985248C)
I> [21/06/2010 06:50:50] Emission de programme: Programme 240 (3985248C)
I> [21/06/2010 06:51:13] Emission de programme: Programme 241 (3985248C)
I> [21/06/2010 07:49:37] Emission de programme: Programme 240 (3985248C)
I> [21/06/2010 12:45:49] Réception: programme 875 (1128700603B)
I> [21/06/2010 12:46:07] Fichier reçu: C:\machines\T32 Bis\Programmes\1128700603B.MZK
I> [21/06/2010 12:46:07] Programmes dans les fichiers demandés: Programme 875 (1128700603B)
I> [21/06/2010 12:46:26] Réception: programme 876 (1127305002B)
I> [21/06/2010 12:46:41] Réception: programme 877 (1127305002B)
I> [21/06/2010 12:46:58] Fichier reçu: C:\machines\T32 Bis\Programmes\1127305002B.MZK
I> [21/06/2010 12:46:58] Programmes dans les fichiers demandés: Programme 876 (1127305002B), Programme 877 (1127305002B)
I> [21/06/2010 13:49:14] Appel depuis la CN de: 30270300101
I> [21/06/2010 13:49:21] Le programme appelé depuis la CN est trouvé: C:\machines\T32 Bis\Programmes\LA CALHENE\30270300101.MZK
I> [21/06/2010 13:49:21] Programmes dans les fichiers demandés: Programme 67 (30270300101), Programme 68 (30270300101), Programme 70 (30270300101), Programme 71 (30270300101), Programme 261 (30270300101), Programme 827 (30270300101), Programme 828 (30270300101)
I> [21/06/2010 13:50:23] Emission de programme: Programme 261 (30270300101)
I> [21/06/2010 13:51:11] Appel depuis la CN de: 30270300101
I> [21/06/2010 13:51:18] Le programme appelé depuis la CN est trouvé: C:\machines\T32 Bis\Programmes\LA CALHENE\30270300101.MZK
I> [21/06/2010 13:51:18] Programmes dans les fichiers demandés: Programme 67 (30270300101), Programme 68 (30270300101), Programme 70 (30270300101), Programme 71 (30270300101), Programme 261 (30270300101), Programme 827 (30270300101), Programme 828 (30270300101)
I> [21/06/2010 13:52:38] Appel depuis la CN de: 30270300101
I> [21/06/2010 13:52:44] Le programme appelé depuis la CN est trouvé: C:\machines\T32 Bis\Programmes\LA CALHENE\30270300101.MZK
I> [21/06/2010 13:52:45] Programmes dans les fichiers demandés: Programme 67 (30270300101), Programme 68 (30270300101), Programme 70 (30270300101), Programme 71 (30270300101), Programme 261 (30270300101), Programme 827 (30270300101), Programme 828 (30270300101)
I> [21/06/2010 13:52:51] Emission de programme: Programme 67 (30270300101)
I> [21/06/2010 13:53:06] Emission de programme: Programme 68 (30270300101)
I> [21/06/2010 13:53:24] Emission de programme: Programme 70 (30270300101)
I> [21/06/2010 13:53:47] Emission de programme: Programme 71 (30270300101)
I> [21/06/2010 13:54:43] Emission de programme: Programme 261 (30270300101)
I> [21/06/2010 13:54:47] Emission de programme: Programme 827 (30270300101)
I> [21/06/2010 13:55:11] Emission de programme: Programme 828 (30270300101)
I> [21/06/2010 18:03:17] Appel depuis la CN de: 2976836D
I> [21/06/2010 18:03:23] Le programme appelé depuis la CN est trouvé: C:\machines\T32 Bis\Programmes\FLOWSERVE\2976836D.MZK
I> [21/06/2010 18:03:23] Programmes dans les fichiers demandés: Programme 126 (2976836D), Programme 129 (2976836D)
I> [21/06/2010 18:03:31] Emission de programme: Programme 126 (2976836D)
I> [21/06/2010 18:03:45] Emission de programme: Programme 129 (2976836D)
I> [21/06/2010 18:04:33] Appel depuis la CN de: 2976862C
I> [21/06/2010 18:04:39] Le programme appelé depuis la CN est trouvé: C:\machines\T32 Bis\Programmes\FLOWSERVE\2976862C.MZK
I> [21/06/2010 18:04:39] Programmes dans les fichiers demandés: Programme 433 (2976862C), Programme 436 (2976862C)
I> [21/06/2010 18:05:13] Emission de programme: Programme 433 (2976862C)
I> [21/06/2010 18:05:28] Emission de programme: Programme 436 (2976862C)
I> [21/06/2010 18:06:00] Appel depuis la CN de: 2976839C
E> [21/06/2010 18:06:08] N'a pu trouver le programme appelé depuis la CN: 2976839C.MZK [Premier répertoire recherché : C:\machines\T32 Bis\Programmes]
I> [21/06/2010 18:06:16] Appel depuis la CN de: 2976839C
E> [21/06/2010 18:06:21] N'a pu émettre le fichier. [Previous remote request failed.]
E> [21/06/2010 18:06:21] N'a pu trouver le programme appelé depuis la CN: 2976839C.MZK [Premier répertoire recherché : C:\machines\T32 Bis\Programmes]
I> [21/06/2010 18:06:28] Appel depuis la CN de: 2976839C
E> [21/06/2010 18:06:33] N'a pu émettre le fichier. [Previous remote request failed.]
E> [21/06/2010 18:06:33] N'a pu trouver le programme appelé depuis la CN: 2976839C.MZK [Premier répertoire recherché : C:\machines\T32 Bis\Programmes]
I> [21/06/2010 18:07:28] Appel depuis la CN de: 2976839C 6
E> [21/06/2010 18:07:33] N'a pu émettre le fichier. [Previous remote request failed.]
I> [21/06/2010 18:07:33] Le programme appelé depuis la CN est trouvé: C:\machines\T32 Bis\Programmes\FLOWSERVE\2976839C 6.MZK
I> [21/06/2010 18:07:33] Programmes dans les fichiers demandés: Programme 204 (2976839C 6), Programme 206 (2976839C 6)
I> [21/06/2010 18:07:44] Appel depuis la CN de: 2976839C 6
I> [21/06/2010 18:07:49] Le programme appelé depuis la CN est trouvé: C:\machines\T32 Bis\Programmes\FLOWSERVE\2976839C 6.MZK
I> [21/06/2010 18:07:49] Programmes dans les fichiers demandés: Programme 204 (2976839C 6), Programme 206 (2976839C 6)
I> [21/06/2010 18:09:15] Emission de programme: Programme 204 (2976839C 6)
I> [21/06/2010 18:09:33] Emission de programme: Programme 206 (2976839C 6)
