I> [21/07/2009 05:14:31] Port activé avec succès.
I> [21/07/2009 10:52:19] Appel depuis la CN de: 81C0016L
E> [21/07/2009 10:52:25] N'a pu trouver le programme appelé depuis la CN: 81C0016L.MZK [Premier répertoire recherché : C:\machines\T32 Bis\Programmes]
E> [21/07/2009 10:52:29] N'a pu émettre le fichier. [Previous remote request failed.]
I> [21/07/2009 10:53:08] Appel depuis la CN de: 81C0016L
E> [21/07/2009 10:53:13] N'a pu trouver le programme appelé depuis la CN: 81C0016L.MZK [Premier répertoire recherché : C:\machines\T32 Bis\Programmes]
E> [21/07/2009 10:53:17] N'a pu émettre le fichier. [Previous remote request failed.]
I> [21/07/2009 10:54:34] Appel depuis la CN de: 81C0016L
I> [21/07/2009 10:54:39] Le programme appelé depuis la CN est trouvé: C:\machines\T32 Bis\Programmes\81C0016L.MZK
I> [21/07/2009 10:54:39] Programmes dans les fichiers demandés: Programme 4788 (81C0016L), Programme 4789 (81C0016L), Programme 4790 (81C0016L)
I> [21/07/2009 10:54:46] Emission de programme: Programme 4788 (81C0016L)
I> [21/07/2009 10:55:12] Emission de programme: Programme 4789 (81C0016L)
I> [21/07/2009 10:55:40] Emission de programme: Programme 4790 (81C0016L)
I> [21/07/2009 10:58:35] Appel depuis la CN de: 81C0016L
I> [21/07/2009 10:58:40] Le programme appelé depuis la CN est trouvé: C:\machines\T32 Bis\Programmes\81C0016L.MZK
I> [21/07/2009 10:58:40] Programmes dans les fichiers demandés: Programme 77, Données d'outil
I> [21/07/2009 10:58:45] Emission de programme: Programme 77
I> [21/07/2009 10:59:01] Emission de programme: Données d'outil
I> [21/07/2009 13:52:57] Appel depuis la CN de: 81C0016L
E> [21/07/2009 13:53:01] N'a pu émettre le fichier: C:\machines\T32 Bis\Programmes\81C0016L.MZK [Le système ne peut pas lire le périphérique indiqué]
E> [21/07/2009 13:53:02] N'a pu trouver le programme appelé depuis la CN: 81C0016L.MZK [Premier répertoire recherché : C:\machines\T32 Bis\Programmes]
I> [21/07/2009 13:53:07] Appel depuis la CN de: 81C0016L
E> [21/07/2009 13:53:12] N'a pu trouver le programme appelé depuis la CN: 81C0016L.MZK [Premier répertoire recherché : C:\machines\T32 Bis\Programmes]
E> [21/07/2009 13:53:15] N'a pu émettre le fichier. [Previous remote request failed.]
I> [21/07/2009 13:54:08] Appel depuis la CN de: 81C0016L
I> [21/07/2009 13:54:13] Le programme appelé depuis la CN est trouvé: C:\machines\T32 Bis\Programmes\81C0016L.MZK
I> [21/07/2009 13:54:13] Programmes dans les fichiers demandés: Programme 4788 (81C0016L), Programme 4789 (81C0016L), Programme 4790 (81C0016L)
I> [21/07/2009 13:54:29] Emission de programme: Programme 4789 (81C0016L)
