I> [21/04/06 05:59:40] Appel depuis la CN de: 5510-7-101B
I> [21/04/06 05:59:48] Le programme appelé depuis la CN est trouvé: C:\machines\T32\Programmes\BLANCHET\5510-7-101B.MZK
I> [21/04/06 05:59:49] Programmes dans les fichiers demandés: Programme 3937 (5510-7-101B), Programme 3938 (5510-7-101B), Programme 3939 (5510-7-101B), Programme 3940 (5510-7-101B), Programme 3941 (5510-7-101B), Programme 3942 (5510-7-101B), Programme 3943 (5510-7-101B), Programme 3944 (5510-7-101B), Programme 4116 (5510-7-101B)
I> [21/04/06 06:00:14] Emission de programme: Programme 3937 (5510-7-101B)
I> [21/04/06 06:00:21] Emission de programme: Programme 3938 (5510-7-101B)
I> [21/04/06 06:00:29] Emission de programme: Programme 3939 (5510-7-101B)
I> [21/04/06 06:00:33] Emission de programme: Programme 3940 (5510-7-101B)
I> [21/04/06 06:00:46] Emission de programme: Programme 3941 (5510-7-101B)
I> [21/04/06 06:00:56] Emission de programme: Programme 3942 (5510-7-101B)
I> [21/04/06 06:01:11] Emission de programme: Programme 3943 (5510-7-101B)
I> [21/04/06 06:01:25] Emission de programme: Programme 3944 (5510-7-101B)
I> [21/04/06 06:01:34] Emission de programme: Programme 4116 (5510-7-101B)
I> [21/04/06 15:42:21] Appel depuis la CN de: P392733
E> [21/04/06 15:42:32] N'a pu trouver le programme appelé depuis la CN: P392733.MZK [Premier répertoire recherché : C:\machines\T32\Programmes]
I> [21/04/06 15:42:49] Appel depuis la CN de: P392733
E> [21/04/06 15:42:57] N'a pu trouver le programme appelé depuis la CN: P392733.MZK [Premier répertoire recherché : C:\machines\T32\Programmes]
I> [21/04/06 15:43:03] Appel depuis la CN de: P392733
E> [21/04/06 15:43:11] N'a pu trouver le programme appelé depuis la CN: P392733.MZK [Premier répertoire recherché : C:\machines\T32\Programmes]
I> [21/04/06 15:43:29] Appel depuis la CN de: P362733
E> [21/04/06 15:43:37] N'a pu émettre le fichier. [Previous remote request failed.]
I> [21/04/06 15:43:37] Le programme appelé depuis la CN est trouvé: C:\machines\T32\Programmes\Tokheim\P362733.MZK
I> [21/04/06 15:43:38] Programmes dans les fichiers demandés: Programme 45, Données d'outil
I> [21/04/06 15:43:59] Emission de programme: Programme 45
I> [21/04/06 15:44:08] Emission de programme: Données d'outil
