I> [21/07/2011 06:34:23] Port activé avec succès.
I> [21/07/2011 16:48:40] Réception: programme 1131 (4989516E)
I> [21/07/2011 16:48:52] Réception: programme 1132 (4989516E)
I> [21/07/2011 16:49:02] Réception: programme 1135 (4989516E)
I> [21/07/2011 16:49:09] Réception: programme 1137 (4989516E)
I> [21/07/2011 16:49:20] Réception: programme 1138 (4989516E)
I> [21/07/2011 16:49:36] Fichier reçu: C:\machines\T32 Bis\Programmes\4989516E.MZK
I> [21/07/2011 16:49:36] Programmes dans les fichiers demandés: Programme 1131 (4989516E), Programme 1132 (4989516E), Programme 1135 (4989516E), Programme 1137 (4989516E), Programme 1138 (4989516E)
I> [21/07/2011 18:52:26] Réception: programme 1133 (4989327E)
I> [21/07/2011 18:52:37] Réception: programme 1134 (4989327E)
I> [21/07/2011 18:52:48] Réception: programme 1136 (4989327E)
I> [21/07/2011 18:52:54] Réception: programme 1139 (4989327E)
I> [21/07/2011 18:53:06] Réception: programme 1140 (4989327E)
I> [21/07/2011 18:53:22] Fichier reçu: C:\machines\T32 Bis\Programmes\4989327E.MZK
I> [21/07/2011 18:53:22] Programmes dans les fichiers demandés: Programme 1133 (4989327E), Programme 1134 (4989327E), Programme 1136 (4989327E), Programme 1139 (4989327E), Programme 1140 (4989327E)
I> [21/07/2011 18:59:21] Appel depuis la CN de: 3980180D
I> [21/07/2011 18:59:26] Le programme appelé depuis la CN est trouvé: C:\machines\T32 Bis\Programmes\FLOWSERVE\3980180D.MZK
I> [21/07/2011 18:59:26] Programmes dans les fichiers demandés: Programme 792 (3980180D), Programme 793 (3980180D), Programme 807 (3980180D), Programme 808 (3980180D)
I> [21/07/2011 18:59:51] Emission de programme: Programme 792 (3980180D)
I> [21/07/2011 19:00:00] Emission de programme: Programme 793 (3980180D)
I> [21/07/2011 19:00:09] Emission de programme: Programme 807 (3980180D)
I> [21/07/2011 19:00:19] Emission de programme: Programme 808 (3980180D)
