I> [21/06/2012 06:35:10] Port activé avec succès.
I> [21/06/2012 17:11:18] Appel depuis la CN de: 43000041006
I> [21/06/2012 17:11:23] Le programme appelé depuis la CN est trouvé: C:\machines\T32 Bis\Programmes\ERCA FORMSEAL\43000041006.MZK
I> [21/06/2012 17:11:23] Programmes dans les fichiers demandés: Programme 726 (43000041006), Programme 727 (43000041006), Programme 728 (43000041006), Programme 729 (43000041006), Programme 732 (43000041006), Programme 733 (43000041006), Programme 734 (43000041006), Programme 771 (43000041006)
I> [21/06/2012 17:12:29] Emission de programme: Programme 726 (43000041006)
I> [21/06/2012 17:12:39] Emission de programme: Programme 727 (43000041006)
I> [21/06/2012 17:12:52] Emission de programme: Programme 728 (43000041006)
I> [21/06/2012 17:13:01] Emission de programme: Programme 729 (43000041006)
I> [21/06/2012 17:13:13] Emission de programme: Programme 732 (43000041006)
I> [21/06/2012 17:13:27] Emission de programme: Programme 733 (43000041006)
I> [21/06/2012 17:13:37] Emission de programme: Programme 734 (43000041006)
I> [21/06/2012 17:14:04] Réception: programme 726 (43000041006)
I> [21/06/2012 17:14:14] Réception: programme 727 (43000041006)
I> [21/06/2012 17:14:27] Réception: programme 728 (43000041006)
I> [21/06/2012 17:14:36] Réception: programme 729 (43000041006)
I> [21/06/2012 17:14:49] Réception: programme 732 (43000041006)
I> [21/06/2012 17:15:02] Réception: programme 733 (43000041006)
I> [21/06/2012 17:15:12] Réception: programme 734 (43000041006)
I> [21/06/2012 17:15:24] Réception: programme 1341 (43000041006)
I> [21/06/2012 17:15:33] Fichier reçu: C:\machines\T32 Bis\Programmes\43000041006.MZK
I> [21/06/2012 17:15:33] Programmes dans les fichiers demandés: Programme 726 (43000041006), Programme 727 (43000041006), Programme 728 (43000041006), Programme 729 (43000041006), Programme 732 (43000041006), Programme 733 (43000041006), Programme 734 (43000041006), Programme 1341 (43000041006)
I> [21/06/2012 17:39:45] Appel depuis la CN de: 0361550 02
I> [21/06/2012 17:39:50] Le programme appelé depuis la CN est trouvé: C:\machines\T32 Bis\Programmes\MECABOR\0361550 02.MZK
I> [21/06/2012 17:39:50] Programmes dans les fichiers demandés: Programme 113 (0361550 02), Programme 114 (0361550 02)
I> [21/06/2012 17:39:56] Emission de programme: Programme 113 (0361550 02)
I> [21/06/2012 17:40:16] Emission de programme: Programme 114 (0361550 02)
