I> [21/02/2007 09:27:17] Appel depuis la CN de: 5992693A
I> [21/02/2007 09:27:23] Le programme appelé depuis la CN est trouvé: C:\machines\T32\Programmes\DRESSER\5992693A.MZK
I> [21/02/2007 09:27:23] Programmes dans les fichiers demandés: Programme 4272 (5992693A), Programme 4273 (5992693A)
I> [21/02/2007 09:27:31] Emission de programme: Programme 4272 (5992693A)
I> [21/02/2007 09:27:37] Emission de programme: Programme 4273 (5992693A)
I> [21/02/2007 13:17:40] Appel depuis la CN de: 5992598B
I> [21/02/2007 13:17:46] Le programme appelé depuis la CN est trouvé: C:\machines\T32\Programmes\DRESSER\5992598B.MZK
I> [21/02/2007 13:17:46] Programmes dans les fichiers demandés: Programme 4285 (5992598B), Programme 4286 (5992598B), Programme 4291 (5992598B), Programme 4292 (5992598B)
I> [21/02/2007 13:17:55] Emission de programme: Programme 4285 (5992598B)
I> [21/02/2007 13:18:07] Emission de programme: Programme 4286 (5992598B)
I> [21/02/2007 13:18:17] Emission de programme: Programme 4291 (5992598B)
I> [21/02/2007 13:18:26] Emission de programme: Programme 4292 (5992598B)
I> [21/02/2007 16:20:35] Réception: programme 4369 (5999271A)
I> [21/02/2007 16:20:46] Réception: programme 4370 (5999271A)
I> [21/02/2007 16:21:00] Fichier reçu: C:\machines\T32\Programmes\5999271A.MZK
I> [21/02/2007 16:21:00] Programmes dans les fichiers demandés: Programme 4369 (5999271A), Programme 4370 (5999271A)
I> [21/02/2007 16:41:17] Appel depuis la CN de: F09369801A
I> [21/02/2007 16:41:24] Le programme appelé depuis la CN est trouvé: C:\machines\T32\Programmes\F09369801A.MZK
I> [21/02/2007 16:41:24] Programmes dans les fichiers demandés: Programme 37, Données d'outil
I> [21/02/2007 16:41:31] Emission de programme: Programme 37
I> [21/02/2007 16:41:38] Emission de programme: Données d'outil
