I> [21/01/2010 08:02:19] Port activé avec succès.
I> [21/01/2010 10:07:37] Appel depuis la CN de: 3007-14-02I
E> [21/01/2010 10:07:44] N'a pu émettre le fichier: C:\machines\T32 Bis\Programmes\D70-D60-D50.MZK [Le système ne peut pas lire le périphérique indiqué]
E> [21/01/2010 10:07:44] N'a pu trouver le programme appelé depuis la CN: 3007-14-02I.MZK [Premier répertoire recherché : C:\machines\T32 Bis\Programmes]
I> [21/01/2010 10:07:51] Appel depuis la CN de: 3007-14-02I
E> [21/01/2010 10:07:57] N'a pu émettre le fichier. [Previous remote request failed.]
E> [21/01/2010 10:07:58] N'a pu trouver le programme appelé depuis la CN: 3007-14-02I.MZK [Premier répertoire recherché : C:\machines\T32 Bis\Programmes]
I> [21/01/2010 10:08:36] Appel depuis la CN de: 3007-14-02I
E> [21/01/2010 10:08:43] N'a pu émettre le fichier. [Previous remote request failed.]
E> [21/01/2010 10:08:43] N'a pu trouver le programme appelé depuis la CN: 3007-14-02I.MZK [Premier répertoire recherché : C:\machines\T32 Bis\Programmes]
I> [21/01/2010 10:09:49] Appel depuis la CN de: 3007-14-02I
E> [21/01/2010 10:09:55] N'a pu émettre le fichier. [Previous remote request failed.]
I> [21/01/2010 10:09:56] Le programme appelé depuis la CN est trouvé: C:\machines\T32 Bis\Programmes\LA CALHENE\3007-14-02I.MZK
I> [21/01/2010 10:09:56] Programmes dans les fichiers demandés: Programme 1029 (3007-14-02I), Programme 1030 (3007-14-02I), Programme 1089 (3007-14-02I), Programme 1090 (3007-14-02I), Programme 2217 (3007-14-02I), Programme 2218 (3007-14-02I)
I> [21/01/2010 10:10:06] Appel depuis la CN de: 3007-14-02I
I> [21/01/2010 10:10:16] Le programme appelé depuis la CN est trouvé: C:\machines\T32 Bis\Programmes\LA CALHENE\3007-14-02I.MZK
I> [21/01/2010 10:10:16] Programmes dans les fichiers demandés: Programme 1029 (3007-14-02I), Programme 1030 (3007-14-02I), Programme 1089 (3007-14-02I), Programme 1090 (3007-14-02I), Programme 2217 (3007-14-02I), Programme 2218 (3007-14-02I)
I> [21/01/2010 10:10:22] Emission de programme: Programme 1029 (3007-14-02I)
I> [21/01/2010 10:10:29] Emission de programme: Programme 1030 (3007-14-02I)
I> [21/01/2010 10:10:35] Emission de programme: Programme 1089 (3007-14-02I)
I> [21/01/2010 10:10:47] Emission de programme: Programme 1090 (3007-14-02I)
I> [21/01/2010 10:12:13] Réception: programme 1029 (3007-14-02I)
I> [21/01/2010 10:12:19] Réception: programme 1030 (3007-14-02I)
I> [21/01/2010 10:12:25] Réception: programme 1089 (3007-14-02I)
I> [21/01/2010 10:12:37] Réception: programme 1090 (3007-14-02I)
I> [21/01/2010 10:12:50] Réception: programme 2217 (3007-14-02I)
I> [21/01/2010 10:12:55] Réception: programme 2218 (3007-14-02I)
I> [21/01/2010 10:13:05] Fichier reçu: C:\machines\T32 Bis\Programmes\3007-14-02I.MZK
I> [21/01/2010 10:13:05] Programmes dans les fichiers demandés: Programme 1029 (3007-14-02I), Programme 1030 (3007-14-02I), Programme 1089 (3007-14-02I), Programme 1090 (3007-14-02I), Programme 2217 (3007-14-02I), Programme 2218 (3007-14-02I)
