I> [21/03/06 07:11:21] Appel depuis la CN de: DCM075 EBAU
I> [21/03/06 07:11:29] Le programme appelé depuis la CN est trouvé: C:\machines\T32\Programmes\MECAMARC\DCM075 EBAU.MZK
I> [21/03/06 07:11:30] Programmes dans les fichiers demandés: Programme 3972 (DCM075 EBAU), Programme 3973 (DCM075 EBAU)
I> [21/03/06 07:11:39] Emission de programme: Programme 3972 (DCM075 EBAU)
I> [21/03/06 07:11:58] Emission de programme: Programme 3973 (DCM075 EBAU)
I> [21/03/06 11:38:11] Réception: programme 4107 (DCM007B EBA)
I> [21/03/06 11:38:29] Réception: programme 4108 (DCM007B EBA)
I> [21/03/06 11:38:49] Fichier reçu: C:\machines\T32\Programmes\DCM007B EBA.MZK
I> [21/03/06 11:38:50] Programmes dans les fichiers demandés: Programme 4107 (DCM007B EBA), Programme 4108 (DCM007B EBA)
I> [21/03/06 11:57:25] Appel depuis la CN de: 364351
I> [21/03/06 11:57:34] Le programme appelé depuis la CN est trouvé: C:\machines\T32\Programmes\T20\Programmes\Tokheim\364351.MZK
I> [21/03/06 11:57:34] Programmes dans les fichiers demandés: Programme 39, Données d'outil, Programme 50, Données d'outil, Programme 11, Données d'outil
I> [21/03/06 11:57:44] Emission de programme: Programme 39
I> [21/03/06 11:57:52] Emission de programme: Données d'outil
I> [21/03/06 11:57:53] Emission de programme: Programme 50
I> [21/03/06 11:58:03] Emission de programme: Données d'outil
I> [21/03/06 11:58:05] Emission de programme: Programme 11
I> [21/03/06 11:58:07] Emission de programme: Données d'outil
I> [21/03/06 12:21:08] Appel depuis la CN de: 151396-06
E> [21/03/06 12:21:16] N'a pu trouver le programme appelé depuis la CN: 151396-06.MZK [Premier répertoire recherché : C:\machines\T32\Programmes]
E> [21/03/06 12:21:17] N'a pu émettre le fichier. [Previous remote request failed.]
E> [21/03/06 12:21:25] N'a pu émettre le fichier. [Previous remote request failed.]
I> [21/03/06 12:21:54] Appel depuis la CN de: 151396-06
E> [21/03/06 12:22:02] N'a pu trouver le programme appelé depuis la CN: 151396-06.MZK [Premier répertoire recherché : C:\machines\T32\Programmes]
E> [21/03/06 12:22:06] N'a pu émettre le fichier. [Previous remote request failed.]
I> [21/03/06 12:23:42] Appel depuis la CN de: 151396-06 P
I> [21/03/06 12:23:50] Le programme appelé depuis la CN est trouvé: C:\machines\T32\Programmes\T20\Programmes\ARO\151396-06 P.MZK
I> [21/03/06 12:23:50] Programmes dans les fichiers demandés: Programme 11, Données d'outil
I> [21/03/06 12:24:10] Emission de programme: Programme 11
I> [21/03/06 12:24:13] Emission de programme: Données d'outil
