I> [21/02/2008 07:30:18] Appel depuis la CN de: 122700301E
I> [21/02/2008 07:30:24] Le programme appelé depuis la CN est trouvé: C:\machines\T32 Bis\Programmes\LA CALHENE\122700301E.MZK
I> [21/02/2008 07:30:24] Programmes dans les fichiers demandés: Programme 4410 (122700301E), Programme 4411 (122700301E), Programme 4412 (122700301E), Programme 4413 (122700301E), Programme 4414 (122700301E), Programme 4441 (122700301E), Programme 4443 (122700301E)
I> [21/02/2008 07:30:46] Appel depuis la CN de: 122700301E
I> [21/02/2008 07:30:51] Le programme appelé depuis la CN est trouvé: C:\machines\T32 Bis\Programmes\LA CALHENE\122700301E.MZK
I> [21/02/2008 07:30:51] Programmes dans les fichiers demandés: Programme 4410 (122700301E), Programme 4411 (122700301E), Programme 4412 (122700301E), Programme 4413 (122700301E), Programme 4414 (122700301E), Programme 4441 (122700301E), Programme 4443 (122700301E)
I> [21/02/2008 07:31:09] Emission de programme: Programme 4412 (122700301E)
I> [21/02/2008 07:31:39] Emission de programme: Programme 4413 (122700301E)
I> [21/02/2008 07:32:04] Emission de programme: Programme 4414 (122700301E)
I> [21/02/2008 07:32:19] Emission de programme: Programme 4441 (122700301E)
I> [21/02/2008 07:32:25] Emission de programme: Programme 4443 (122700301E)
I> [21/02/2008 08:29:22] Appel depuis la CN de: 122700301E
I> [21/02/2008 08:29:28] Le programme appelé depuis la CN est trouvé: C:\machines\T32 Bis\Programmes\LA CALHENE\122700301E.MZK
I> [21/02/2008 08:29:28] Programmes dans les fichiers demandés: Programme 4410 (122700301E), Programme 4411 (122700301E), Programme 4412 (122700301E), Programme 4413 (122700301E), Programme 4414 (122700301E), Programme 4441 (122700301E), Programme 4443 (122700301E)
I> [21/02/2008 08:29:54] Emission de programme: Programme 4410 (122700301E)
I> [21/02/2008 08:30:06] Emission de programme: Programme 4411 (122700301E)
I> [21/02/2008 08:30:18] Emission de programme: Programme 4413 (122700301E)
I> [21/02/2008 08:30:43] Emission de programme: Programme 4414 (122700301E)
I> [21/02/2008 09:41:17] Appel depuis la CN de: 2973978C 3
I> [21/02/2008 09:41:29] Appel depuis la CN de: 2973978C 3
E> [21/02/2008 09:41:35] N'a pu trouver le programme appelé depuis la CN: 2973978C 3.MZK [Premier répertoire recherché : C:\machines\T32 Bis\Programmes]
E> [21/02/2008 09:41:35] N'a pu émettre le fichier. [Previous remote request failed.]
I> [21/02/2008 09:42:02] Appel depuis la CN de: 2973978 C 3
E> [21/02/2008 09:42:07] N'a pu émettre le fichier. [Previous remote request failed.]
I> [21/02/2008 09:42:08] Le programme appelé depuis la CN est trouvé: C:\machines\T32 Bis\Programmes\DRESSER\2973978 C 3.MZK
I> [21/02/2008 09:42:08] Programmes dans les fichiers demandés: Programme 4164 (2973978 C 3), Programme 4165 (2973978 C 3)
I> [21/02/2008 09:44:43] Appel depuis la CN de: 2973978 C 3
I> [21/02/2008 09:44:48] Le programme appelé depuis la CN est trouvé: C:\machines\T32 Bis\Programmes\DRESSER\2973978 C 3.MZK
I> [21/02/2008 09:44:48] Programmes dans les fichiers demandés: Programme 4164 (2973978 C 3), Programme 4165 (2973978 C 3)
I> [21/02/2008 09:44:54] Emission de programme: Programme 4164 (2973978 C 3)
I> [21/02/2008 09:45:22] Emission de programme: Programme 4165 (2973978 C 3)
