I> [21/10/2009 05:05:54] Port activé avec succès.
I> [21/10/2009 08:39:44] Appel depuis la CN de: 30350300101
I> [21/10/2009 08:39:49] Le programme appelé depuis la CN est trouvé: C:\machines\T32 Bis\Programmes\LA CALHENE\30350300101.MZK
I> [21/10/2009 08:39:49] Programmes dans les fichiers demandés: Programme 3539 (30350300101), Programme 4085 (30350300101), Programme 4086 (30350300101), Programme 4089 (30350300101)
I> [21/10/2009 08:43:19] Appel depuis la CN de: 3035030010
I> [21/10/2009 08:43:24] Le programme appelé depuis la CN est trouvé: C:\machines\T32 Bis\Programmes\3035030010.MZK
I> [21/10/2009 08:43:24] Programmes dans les fichiers demandés: Programme 3539 (30350300101), Programme 4085 (30350300101), Programme 4086 (30350300101), Programme 4089 (30350300101)
I> [21/10/2009 08:45:07] Appel depuis la CN de: 30270300101
I> [21/10/2009 08:45:12] Le programme appelé depuis la CN est trouvé: C:\machines\T32 Bis\Programmes\LA CALHENE\30270300101.MZK
I> [21/10/2009 08:45:12] Programmes dans les fichiers demandés: Programme 67 (30270300101), Programme 68 (30270300101), Programme 70 (30270300101), Programme 71 (30270300101), Programme 261 (30270300101)
I> [21/10/2009 08:46:53] Appel depuis la CN de: 30270300101
I> [21/10/2009 08:46:57] Le programme appelé depuis la CN est trouvé: C:\machines\T32 Bis\Programmes\LA CALHENE\30270300101.MZK
I> [21/10/2009 08:46:57] Programmes dans les fichiers demandés: Programme 67 (30270300101), Programme 68 (30270300101), Programme 70 (30270300101), Programme 71 (30270300101), Programme 261 (30270300101)
I> [21/10/2009 08:47:13] Emission de programme: Programme 261 (30270300101)
I> [21/10/2009 15:15:11] Appel depuis la CN de: 30270300101
I> [21/10/2009 15:15:16] Le programme appelé depuis la CN est trouvé: C:\machines\T32 Bis\Programmes\LA CALHENE\30270300101.MZK
I> [21/10/2009 15:15:16] Programmes dans les fichiers demandés: Programme 67 (30270300101), Programme 68 (30270300101), Programme 70 (30270300101), Programme 71 (30270300101), Programme 261 (30270300101)
I> [21/10/2009 15:15:35] Emission de programme: Programme 261 (30270300101)
I> [21/10/2009 18:43:56] Appel depuis la CN de: DCM041A
I> [21/10/2009 18:44:01] Le programme appelé depuis la CN est trouvé: C:\machines\T32 Bis\Programmes\DCM041A.MZK
I> [21/10/2009 18:44:01] Programmes dans les fichiers demandés: Programme 4926 (DCM041A), Programme 4927 (DCM041A), Programme 4676 (DCM041A), Programme 4677 (DCM041A)
I> [21/10/2009 18:44:15] Emission de programme: Programme 4926 (DCM041A)
I> [21/10/2009 18:44:30] Emission de programme: Programme 4927 (DCM041A)
