I> [21/11/2012 05:52:37] Appel depuis la CN de: POULIE-280
I> [21/11/2012 05:52:42] Le programme appelé depuis la CN est trouvé: C:\machines\T32 Bis\Programmes\CRD\POULIE-280.MZK
I> [21/11/2012 05:52:42] Programmes dans les fichiers demandés: Programme 181 (POULIE-280), Programme 182 (POULIE-280)
I> [21/11/2012 05:53:25] Appel depuis la CN de: POULIE 280
I> [21/11/2012 05:53:29] Le programme appelé depuis la CN est trouvé: C:\machines\T32 Bis\Programmes\CRD\POULIE 280.MZK
I> [21/11/2012 05:53:30] Programmes dans les fichiers demandés: Programme 4133 (POULIE 280), Programme 4134 (POULIE 280), Programme 4135 (POULIE 280)
I> [21/11/2012 05:58:59] Appel depuis la CN de: POULIE 280
I> [21/11/2012 05:59:07] Emission de programme: Programme 4133 (POULIE 280)
I> [21/11/2012 05:59:18] Emission de programme: Programme 4134 (POULIE 280)
I> [21/11/2012 05:59:27] Emission de programme: Programme 4135 (POULIE 280)
I> [21/11/2012 05:59:43] Le programme appelé depuis la CN est trouvé: C:\machines\T32 Bis\Programmes\CRD\POULIE 280.MZK
I> [21/11/2012 05:59:43] Programmes dans les fichiers demandés: Programme 4133 (POULIE 280), Programme 4134 (POULIE 280), Programme 4135 (POULIE 280)
I> [21/11/2012 07:10:02] Appel depuis la CN de: 280
I> [21/11/2012 07:10:07] Le programme appelé depuis la CN est trouvé: C:\machines\T32 Bis\Programmes\280.MZK
I> [21/11/2012 07:10:07] Programmes dans les fichiers demandés: Programme 17, Données d'outil, Programme 15, Données d'outil
I> [21/11/2012 07:10:18] Emission de programme: Programme 17
I> [21/11/2012 07:10:22] Emission de programme: Données d'outil
I> [21/11/2012 07:10:23] Emission de programme: Programme 15
I> [21/11/2012 07:10:27] Emission de programme: Données d'outil
I> [21/11/2012 16:06:15] Appel depuis la CN de: P362734I
E> [21/11/2012 16:06:19] N'a pu émettre le fichier: C:\machines\T32 Bis\Programmes\280.MZK [Le système ne peut pas lire le périphérique indiqué]
I> [21/11/2012 16:06:20] Le programme appelé depuis la CN est trouvé: C:\machines\T32 Bis\Programmes\TOKHEIM\P362734I.MZK
I> [21/11/2012 16:06:20] Programmes dans les fichiers demandés: Programme 1127 (P362734I), Programme 4 (P362734I)
I> [21/11/2012 16:06:28] Emission de programme: Programme 4 (P362734I)
I> [21/11/2012 16:07:08] Appel depuis la CN de: P362733J
I> [21/11/2012 16:07:26] Appel depuis la CN de: P362733J
I> [21/11/2012 16:07:31] Le programme appelé depuis la CN est trouvé: C:\machines\T32 Bis\Programmes\TOKHEIM\P362733J.MZK
I> [21/11/2012 16:07:31] Programmes dans les fichiers demandés: Programme 1127 (P362733J), Programme 5 (P362733J)
I> [21/11/2012 16:08:12] Emission de programme: Programme 5 (P362733J)
I> [21/11/2012 16:48:15] Réception: programme 1425 (POULIE 280)
I> [21/11/2012 16:48:26] Réception: programme 1426 (POULIE 280)
I> [21/11/2012 16:48:37] Fichier reçu: C:\machines\T32 Bis\Programmes\POULIE 280.MZK
I> [21/11/2012 16:48:37] Programmes dans les fichiers demandés: Programme 1425 (POULIE 280), Programme 1426 (POULIE 280)
I> [21/11/2012 16:52:38] Réception: programme 1425 (OULIE 280 1)
I> [21/11/2012 16:52:49] Réception: programme 1426 (OULIE 280 1)
I> [21/11/2012 16:52:59] Fichier reçu: C:\machines\T32 Bis\Programmes\OULIE 280 1.MZK
I> [21/11/2012 16:52:59] Programmes dans les fichiers demandés: Programme 1425 (OULIE 280 1), Programme 1426 (OULIE 280 1)
I> [21/11/2012 16:54:32] Appel depuis la CN de: 2976864D
I> [21/11/2012 16:54:37] Le programme appelé depuis la CN est trouvé: C:\machines\T32 Bis\Programmes\FLOWSERVE\2976864D.MZK
I> [21/11/2012 16:54:37] Programmes dans les fichiers demandés: Programme 435 (2976864D), Programme 437 (2976864D)
I> [21/11/2012 16:54:43] Emission de programme: Programme 435 (2976864D)
I> [21/11/2012 16:55:01] Emission de programme: Programme 437 (2976864D)
I> [21/11/2012 16:55:54] Appel depuis la CN de: 2976839C 6
I> [21/11/2012 16:55:59] Le programme appelé depuis la CN est trouvé: C:\machines\T32 Bis\Programmes\FLOWSERVE\2976839C 6.MZK
I> [21/11/2012 16:55:59] Programmes dans les fichiers demandés: Programme 204 (2976839C 6), Programme 206 (2976839C 6)
I> [21/11/2012 16:58:33] Emission de programme: Programme 204 (2976839C 6)
I> [21/11/2012 16:58:52] Emission de programme: Programme 206 (2976839C 6)
