I> [21/12/2011 04:55:23] Port activé avec succès.
I> [21/12/2011 04:57:18] Port activé avec succès.
I> [21/12/2011 05:01:37] Appel depuis la CN de: 3976074C
E> [21/12/2011 05:01:41] N'a pu émettre le fichier: C:\machines\T32 Bis\Programmes\81B0004 E.MZK [Le système ne peut pas lire le périphérique indiqué]
I> [21/12/2011 05:01:42] Le programme appelé depuis la CN est trouvé: C:\machines\T32 Bis\Programmes\3976074C.MZK
I> [21/12/2011 05:01:42] Programmes dans les fichiers demandés: Programme 4884 (3976074C), Programme 4885 (3976074C)
I> [21/12/2011 05:01:55] Appel depuis la CN de: 3976074C
I> [21/12/2011 05:02:02] Le programme appelé depuis la CN est trouvé: C:\machines\T32 Bis\Programmes\3976074C.MZK
I> [21/12/2011 05:02:02] Programmes dans les fichiers demandés: Programme 4884 (3976074C), Programme 4885 (3976074C)
I> [21/12/2011 05:02:03] Emission de programme: Programme 4884 (3976074C)
I> [21/12/2011 05:02:24] Emission de programme: Programme 4885 (3976074C)
I> [21/12/2011 10:32:04] Réception: programme 1222 (3976074C)
I> [21/12/2011 10:32:23] Réception: programme 1223 (3976074C)
I> [21/12/2011 10:32:47] Fichier reçu: C:\machines\T32 Bis\Programmes\3976074C.MZK
I> [21/12/2011 10:32:47] Programmes dans les fichiers demandés: Programme 1222 (3976074C), Programme 1223 (3976074C)
I> [21/12/2011 11:04:07] Appel depuis la CN de: DIA 50 H8
E> [21/12/2011 11:04:12] N'a pu émettre le fichier: C:\machines\T32 Bis\Programmes\3976074C.MZK [Le système ne peut pas lire le périphérique indiqué]
I> [21/12/2011 11:04:12] Le programme appelé depuis la CN est trouvé: C:\machines\T32 Bis\Programmes\DIA 50 H8.MZK
I> [21/12/2011 11:04:12] Programmes dans les fichiers demandés: Programme 21, Données d'outil, Programme 21, Données d'outil, Programme 10, Données d'outil, Programme 10, Données d'outil
I> [21/12/2011 11:04:25] Appel depuis la CN de: DIA 50 H8
I> [21/12/2011 11:04:31] Le programme appelé depuis la CN est trouvé: C:\machines\T32 Bis\Programmes\DIA 50 H8.MZK
I> [21/12/2011 11:04:31] Programmes dans les fichiers demandés: Programme 21, Données d'outil, Programme 21, Données d'outil, Programme 10, Données d'outil, Programme 10, Données d'outil
I> [21/12/2011 11:04:33] Emission de programme: Programme 21
I> [21/12/2011 11:04:37] Emission de programme: Données d'outil
I> [21/12/2011 11:04:39] Emission de programme: Programme 21
I> [21/12/2011 11:04:44] Emission de programme: Données d'outil
I> [21/12/2011 11:04:45] Emission de programme: Programme 10
I> [21/12/2011 11:04:48] Emission de programme: Données d'outil
I> [21/12/2011 11:04:49] Emission de programme: Programme 10
I> [21/12/2011 11:04:51] Emission de programme: Données d'outil
I> [21/12/2011 14:06:41] Appel depuis la CN de: 225012
E> [21/12/2011 14:06:45] N'a pu émettre le fichier: C:\machines\T32 Bis\Programmes\DIA 50 H8.MZK [Le système ne peut pas lire le périphérique indiqué]
I> [21/12/2011 14:06:45] Le programme appelé depuis la CN est trouvé: C:\machines\T32 Bis\Programmes\FLOWSERVE\225012.MZK
I> [21/12/2011 14:06:46] Programmes dans les fichiers demandés: Programme 1173 (225012), Programme 1174 (225012)
I> [21/12/2011 14:06:49] Emission de programme: Programme 1173 (225012)
I> [21/12/2011 14:07:01] Emission de programme: Programme 1174 (225012)
I> [21/12/2011 15:53:34] Réception: programme 1173 (225012)
I> [21/12/2011 15:53:45] Réception: programme 1174 (225012)
I> [21/12/2011 15:53:55] Fichier reçu: C:\machines\T32 Bis\Programmes\225012.MZK
I> [21/12/2011 15:53:55] Programmes dans les fichiers demandés: Programme 1173 (225012), Programme 1174 (225012)
I> [21/12/2011 16:49:55] Réception: programme 1224 (225010)
I> [21/12/2011 16:50:06] Réception: programme 1225 (225010)
I> [21/12/2011 16:50:16] Fichier reçu: C:\machines\T32 Bis\Programmes\225010.MZK
I> [21/12/2011 16:50:17] Programmes dans les fichiers demandés: Programme 1224 (225010), Programme 1225 (225010)
I> [21/12/2011 17:38:31] Appel depuis la CN de: 60500101N
I> [21/12/2011 17:38:36] Le programme appelé depuis la CN est trouvé: C:\machines\T32 Bis\Programmes\LA CALHENE\60500101N.MZK
I> [21/12/2011 17:38:36] Programmes dans les fichiers demandés: Programme 1023 (60500101N), Programme 1024 (60500101N), Programme 1026 (60500101N), Programme 1028 (60500101N)
I> [21/12/2011 17:38:42] Emission de programme: Programme 1023 (60500101N)
I> [21/12/2011 17:38:54] Emission de programme: Programme 1024 (60500101N)
I> [21/12/2011 17:39:06] Emission de programme: Programme 1026 (60500101N)
I> [21/12/2011 17:39:16] Emission de programme: Programme 1028 (60500101N)
