I> [21/11/2017 04:57:35] Port activé avec succès.
I> [21/11/2017 17:52:09] Appel depuis la CN de: 212701601D
I> [21/11/2017 17:52:14] Le programme appelé depuis la CN est trouvé: C:\machines\T32 Bis\Programmes\LA CALHENE\212701601D.MZK
I> [21/11/2017 17:52:14] Programmes dans les fichiers demandés: Programme 1421 (212701601D), Programme 1422 (212701601D), Programme 1423 (212701601D), Programme 1424 (212701601D)
I> [21/11/2017 17:53:10] Appel depuis la CN de: 212701601
I> [21/11/2017 17:53:15] Le programme appelé depuis la CN est trouvé: C:\machines\T32 Bis\Programmes\LA CALHENE\212701601.MZK
I> [21/11/2017 17:53:15] Programmes dans les fichiers demandés: Programme 1544 (212701601)
I> [21/11/2017 17:58:16] Appel depuis la CN de: 212701601D
I> [21/11/2017 17:58:20] Le programme appelé depuis la CN est trouvé: C:\machines\T32 Bis\Programmes\LA CALHENE\212701601D.MZK
I> [21/11/2017 17:58:20] Programmes dans les fichiers demandés: Programme 1421 (212701601D), Programme 1422 (212701601D), Programme 1423 (212701601D), Programme 1424 (212701601D)
I> [21/11/2017 17:58:44] Emission de programme: Programme 1421 (212701601D)
I> [21/11/2017 18:00:20] Emission de programme: Programme 1422 (212701601D)
I> [21/11/2017 18:00:36] Emission de programme: Programme 1423 (212701601D)
I> [21/11/2017 18:00:51] Emission de programme: Programme 1424 (212701601D)
I> [21/11/2017 18:03:16] Emission de programme: Programme 1424 (212701601D)
I> [21/11/2017 19:54:54] Appel depuis la CN de: 212701601
I> [21/11/2017 19:54:59] Le programme appelé depuis la CN est trouvé: C:\machines\T32 Bis\Programmes\LA CALHENE\212701601.MZK
I> [21/11/2017 19:54:59] Programmes dans les fichiers demandés: Programme 1544 (212701601)
I> [21/11/2017 19:55:08] Emission de programme: Programme 1544 (212701601)
I> [21/11/2017 19:56:48] Emission de programme: Programme 1544 (212701601)
I> [21/11/2017 20:10:30] Appel depuis la CN de: 212701601D
I> [21/11/2017 20:10:35] Le programme appelé depuis la CN est trouvé: C:\machines\T32 Bis\Programmes\LA CALHENE\212701601D.MZK
I> [21/11/2017 20:10:35] Programmes dans les fichiers demandés: Programme 1421 (212701601D), Programme 1422 (212701601D), Programme 1423 (212701601D), Programme 1424 (212701601D)
I> [21/11/2017 20:11:21] Emission de programme: Programme 1424 (212701601D)
