I> [22/07/2016 04:49:44] Port activé avec succès.
I> [22/07/2016 10:41:46] Réception: programme 1572 (111902901A)
I> [22/07/2016 10:41:56] Réception: programme 1573 (111902901A)
I> [22/07/2016 10:42:12] Réception: programme 1574 (111902901A)
I> [22/07/2016 10:42:20] Réception: programme 1575 (111902901A)
I> [22/07/2016 10:42:45] Fichier existant sauvegardé: C:\MACHINES\T32 BIS\SAUVEGARDES\111902901A_01.MZK
I> [22/07/2016 10:42:45] Fichier reçu: C:\machines\T32 Bis\Programmes\111902901A.MZK
I> [22/07/2016 10:42:45] Programmes dans les fichiers demandés: Programme 1572 (111902901A), Programme 1573 (111902901A), Programme 1574 (111902901A), Programme 1575 (111902901A)
I> [22/07/2016 10:50:46] Appel depuis la CN de: 11190 16 01
E> [22/07/2016 10:50:50] N'a pu émettre le fichier: C:\machines\T32 Bis\Programmes\111902901A.MZK [Le système ne peut pas lire le périphérique indiqué]
I> [22/07/2016 10:50:50] Le programme appelé depuis la CN est trouvé: C:\machines\T32 Bis\Programmes\LA CALHENE\11190 16 01.MZK
I> [22/07/2016 10:50:50] Programmes dans les fichiers demandés: Programme 1211 (11190 16 01), Programme 988 (11190 16 01), Programme 989 (11190 16 01), Programme 990 (11190 16 01), Programme 991 (11190 16 01)
I> [22/07/2016 10:52:11] Emission de programme: Programme 1211 (11190 16 01)
I> [22/07/2016 10:52:34] Emission de programme: Programme 988 (11190 16 01)
I> [22/07/2016 10:53:04] Emission de programme: Programme 989 (11190 16 01)
I> [22/07/2016 10:53:19] Emission de programme: Programme 990 (11190 16 01)
I> [22/07/2016 10:53:37] Emission de programme: Programme 991 (11190 16 01)
I> [22/07/2016 13:04:02] Appel depuis la CN de: 11190801J
E> [22/07/2016 13:04:07] N'a pu trouver le programme appelé depuis la CN: 11190801J.MZK [Premier répertoire recherché : C:\machines\T32 Bis\Programmes]
E> [22/07/2016 13:04:07] N'a pu émettre le fichier. [Previous remote request failed.]
I> [22/07/2016 13:05:21] Appel depuis la CN de: 111900801J
I> [22/07/2016 13:05:26] Le programme appelé depuis la CN est trouvé: C:\machines\T32 Bis\Programmes\LA CALHENE\111900801J.MZK
I> [22/07/2016 13:05:26] Programmes dans les fichiers demandés: Programme 1450 (111900801J), Programme 1451 (111900801J), Programme 1452 (111900801J), Programme 1379 (111900801J)
I> [22/07/2016 13:06:02] Emission de programme: Programme 1450 (111900801J)
I> [22/07/2016 13:06:25] Emission de programme: Programme 1451 (111900801J)
