I> [22/03/2012 04:58:38] Port activé avec succès.
I> [22/03/2012 05:03:38] Port activé avec succès.
I> [22/03/2012 05:40:28] Appel depuis la CN de: 5999928A
I> [22/03/2012 05:40:33] Le programme appelé depuis la CN est trouvé: C:\machines\T32 Bis\Programmes\FLOWSERVE\5999928A.MZK
I> [22/03/2012 05:40:33] Programmes dans les fichiers demandés: Programme 186 (5999928A), Programme 191 (5999928A), Programme 192 (5999928A)
I> [22/03/2012 05:40:42] Emission de programme: Programme 186 (5999928A)
I> [22/03/2012 05:40:49] Emission de programme: Programme 191 (5999928A)
I> [22/03/2012 09:00:54] Réception: programme 1280 (132502)
I> [22/03/2012 09:01:01] Réception: programme 1284 (132502)
I> [22/03/2012 09:01:08] Réception: programme 1285 (132502)
I> [22/03/2012 09:01:27] Fichier reçu: C:\machines\T32 Bis\Programmes\132502.MZK
I> [22/03/2012 09:01:27] Programmes dans les fichiers demandés: Programme 1280 (132502), Programme 1284 (132502), Programme 1285 (132502)
I> [22/03/2012 09:02:08] Appel depuis la CN de: 132502
I> [22/03/2012 09:02:12] Le programme appelé depuis la CN est trouvé: C:\machines\T32 Bis\Programmes\FLOWSERVE\132502.MZK
I> [22/03/2012 09:02:12] Programmes dans les fichiers demandés: Programme 1280 (132502), Programme 1284 (132502), Programme 1285 (132502)
I> [22/03/2012 09:21:22] Réception: programme 1279 (137861)
I> [22/03/2012 09:21:28] Réception: programme 1283 (137861)
I> [22/03/2012 09:21:36] Réception: programme 1286 (137861)
I> [22/03/2012 09:21:55] Fichier reçu: C:\machines\T32 Bis\Programmes\137861.MZK
I> [22/03/2012 09:21:55] Programmes dans les fichiers demandés: Programme 1279 (137861), Programme 1283 (137861), Programme 1286 (137861)
I> [22/03/2012 09:25:09] Appel depuis la CN de: 137861
I> [22/03/2012 09:25:14] Le programme appelé depuis la CN est trouvé: C:\machines\T32 Bis\Programmes\FLOWSERVE\137861.MZK
I> [22/03/2012 09:25:14] Programmes dans les fichiers demandés: Programme 1279 (137861), Programme 1283 (137861), Programme 1286 (137861)
I> [22/03/2012 10:12:36] Réception: programme 1281 (137862)
I> [22/03/2012 10:12:43] Réception: programme 1282 (137862)
I> [22/03/2012 10:12:50] Réception: programme 1287 (137862)
I> [22/03/2012 10:13:09] Fichier reçu: C:\machines\T32 Bis\Programmes\137862.MZK
I> [22/03/2012 10:13:09] Programmes dans les fichiers demandés: Programme 1281 (137862), Programme 1282 (137862), Programme 1287 (137862)
I> [22/03/2012 10:14:10] Réception: programme 1281 (137862)
I> [22/03/2012 10:14:17] Réception: programme 1282 (137862)
I> [22/03/2012 10:14:24] Réception: programme 1287 (137862)
I> [22/03/2012 10:14:43] Fichier reçu: C:\machines\T32 Bis\Programmes\137862.MZK
I> [22/03/2012 10:14:43] Programmes dans les fichiers demandés: Programme 1281 (137862), Programme 1282 (137862), Programme 1287 (137862)
I> [22/03/2012 10:15:29] Appel depuis la CN de: 137862
I> [22/03/2012 10:15:34] Le programme appelé depuis la CN est trouvé: C:\machines\T32 Bis\Programmes\FLOWSERVE\137862.MZK
I> [22/03/2012 10:15:34] Programmes dans les fichiers demandés: Programme 1281 (137862), Programme 1282 (137862), Programme 1287 (137862)
I> [22/03/2012 11:00:28] Réception: programme 1288 (132503)
I> [22/03/2012 11:00:46] Fichier reçu: C:\machines\T32 Bis\Programmes\132503.MZK
I> [22/03/2012 11:00:46] Programmes dans les fichiers demandés: Programme 1288 (132503)
I> [22/03/2012 11:03:34] Appel depuis la CN de: 132503
I> [22/03/2012 11:03:39] Le programme appelé depuis la CN est trouvé: C:\machines\T32 Bis\Programmes\FLOWSERVE\132503.MZK
I> [22/03/2012 11:03:39] Programmes dans les fichiers demandés: Programme 1288 (132503)
I> [22/03/2012 11:07:32] Appel depuis la CN de: 132912920
I> [22/03/2012 11:07:37] Le programme appelé depuis la CN est trouvé: C:\machines\T32 Bis\Programmes\132912920.MZK
I> [22/03/2012 11:07:37] Programmes dans les fichiers demandés: Programme 16, Données d'outil
I> [22/03/2012 11:09:35] Emission de programme: Programme 16
I> [22/03/2012 11:09:38] Emission de programme: Données d'outil
I> [22/03/2012 15:15:23] Appel depuis la CN de: 012000444
I> [22/03/2012 15:15:28] Le programme appelé depuis la CN est trouvé: C:\machines\T32 Bis\Programmes\ERCA FORMSEAL\012000444.MZK
I> [22/03/2012 15:15:28] Programmes dans les fichiers demandés: Programme 740 (012000444), Programme 741 (012000444)
I> [22/03/2012 15:16:03] Appel depuis la CN de: 012000444
I> [22/03/2012 15:16:08] Le programme appelé depuis la CN est trouvé: C:\machines\T32 Bis\Programmes\ERCA FORMSEAL\012000444.MZK
I> [22/03/2012 15:16:08] Programmes dans les fichiers demandés: Programme 740 (012000444), Programme 741 (012000444)
I> [22/03/2012 15:20:20] Emission de programme: Programme 740 (012000444)
I> [22/03/2012 15:20:33] Emission de programme: Programme 741 (012000444)
I> [22/03/2012 16:47:12] Emission de programme: Programme 740 (012000444)
I> [22/03/2012 16:47:25] Emission de programme: Programme 741 (012000444)
