I> [22/06/2011 07:52:45] Port activé avec succès.
I> [22/06/2011 08:57:40] Réception: programme 1103 (3972949-2B)
I> [22/06/2011 08:58:12] Réception: programme 1105 (3972949-2B)
I> [22/06/2011 08:58:29] Réception: programme 1107 (3972949-2B)
I> [22/06/2011 08:58:39] Fichier reçu: C:\machines\T32 Bis\Programmes\3972949-2B.MZK
I> [22/06/2011 08:58:39] Programmes dans les fichiers demandés: Programme 1103 (3972949-2B), Programme 1105 (3972949-2B), Programme 1107 (3972949-2B)
I> [22/06/2011 11:17:40] Réception: programme 1104 (3971183-4C)
I> [22/06/2011 11:18:12] Réception: programme 1106 (3971183-4C)
I> [22/06/2011 11:18:28] Réception: programme 1108 (3971183-4C)
I> [22/06/2011 11:18:38] Fichier reçu: C:\machines\T32 Bis\Programmes\3971183-4C.MZK
I> [22/06/2011 11:18:38] Programmes dans les fichiers demandés: Programme 1104 (3971183-4C), Programme 1106 (3971183-4C), Programme 1108 (3971183-4C)
I> [22/06/2011 11:42:29] Appel depuis la CN de: 81B0002-1
I> [22/06/2011 11:42:34] Le programme appelé depuis la CN est trouvé: C:\machines\T32 Bis\Programmes\FLOWSERVE\81B0002-1.MZK
I> [22/06/2011 11:42:34] Programmes dans les fichiers demandés: Programme 4094 (81B0002-1), Programme 4097 (81B0002-1)
I> [22/06/2011 12:29:06] Emission de programme: Programme 4094 (81B0002-1)
I> [22/06/2011 12:29:40] Emission de programme: Programme 4097 (81B0002-1)
I> [22/06/2011 14:35:46] Appel depuis la CN de: 81B0002-1
I> [22/06/2011 14:35:51] Le programme appelé depuis la CN est trouvé: C:\machines\T32 Bis\Programmes\81B0002-1.MZK
I> [22/06/2011 14:35:51] Programmes dans les fichiers demandés: Programme 103, Données d'outil, Programme 58, Données d'outil, Programme 278, Données d'outil
I> [22/06/2011 14:37:05] Emission de programme: Programme 278
I> [22/06/2011 14:37:10] Emission de programme: Données d'outil
I> [22/06/2011 20:13:04] Appel depuis la CN de: 4305810730
I> [22/06/2011 20:13:08] Le programme appelé depuis la CN est trouvé: C:\machines\T32 Bis\Programmes\4305810730.MZK
I> [22/06/2011 20:13:08] Programmes dans les fichiers demandés: Programme 8, Données d'outil, Programme 15, Données d'outil
I> [22/06/2011 20:14:29] Emission de programme: Programme 8
I> [22/06/2011 20:14:32] Emission de programme: Données d'outil
I> [22/06/2011 20:14:33] Emission de programme: Programme 15
I> [22/06/2011 20:14:36] Emission de programme: Données d'outil
I> [22/06/2011 20:32:01] Appel depuis la CN de: 4305810730
I> [22/06/2011 20:32:06] Le programme appelé depuis la CN est trouvé: C:\machines\T32 Bis\Programmes\4305810730.MZK
I> [22/06/2011 20:32:06] Programmes dans les fichiers demandés: Programme 7, Données d'outil, Programme 11, Données d'outil, Programme 27, Données d'outil, Programme 6, Données d'outil
I> [22/06/2011 20:32:22] Emission de programme: Programme 7
I> [22/06/2011 20:32:24] Emission de programme: Données d'outil
I> [22/06/2011 20:32:25] Emission de programme: Programme 11
I> [22/06/2011 20:32:28] Emission de programme: Données d'outil
I> [22/06/2011 20:32:29] Emission de programme: Programme 27
I> [22/06/2011 20:32:35] Emission de programme: Données d'outil
I> [22/06/2011 20:32:36] Emission de programme: Programme 6
I> [22/06/2011 20:32:38] Emission de programme: Données d'outil
