I> [22/07/2014 05:01:05] Port activé avec succès.
I> [22/07/2014 16:55:35] Appel depuis la CN de: 3975947F
I> [22/07/2014 16:55:42] Le programme appelé depuis la CN est trouvé: C:\machines\T32 Bis\Programmes\FLOWSERVE\3975947F.MZK
I> [22/07/2014 16:55:42] Programmes dans les fichiers demandés: Programme 635 (3975947F), Programme 636 (3975947F)
I> [22/07/2014 16:55:54] Appel depuis la CN de: 3975947F
I> [22/07/2014 16:56:01] Le programme appelé depuis la CN est trouvé: C:\machines\T32 Bis\Programmes\FLOWSERVE\3975947F.MZK
I> [22/07/2014 16:56:01] Programmes dans les fichiers demandés: Programme 635 (3975947F), Programme 636 (3975947F)
I> [22/07/2014 16:56:23] Emission de programme: Programme 635 (3975947F)
I> [22/07/2014 16:56:43] Emission de programme: Programme 636 (3975947F)
I> [22/07/2014 17:16:20] Emission de programme: Programme 635 (3975947F)
I> [22/07/2014 19:43:43] Appel depuis la CN de: 3676068E
E> [22/07/2014 19:43:53] N'a pu trouver le programme appelé depuis la CN: 3676068E.MZK [Premier répertoire recherché : C:\machines\T32 Bis\Programmes]
I> [22/07/2014 19:44:00] Appel depuis la CN de: 3676068E
E> [22/07/2014 19:44:04] N'a pu émettre le fichier. [Previous remote request failed.]
E> [22/07/2014 19:44:05] N'a pu trouver le programme appelé depuis la CN: 3676068E.MZK [Premier répertoire recherché : C:\machines\T32 Bis\Programmes]
E> [22/07/2014 19:44:06] N'a pu émettre le fichier. [Previous remote request failed.]
E> [22/07/2014 19:44:18] N'a pu émettre le fichier. [Previous remote request failed.]
I> [22/07/2014 19:44:26] Appel depuis la CN de: 3676068E
E> [22/07/2014 19:44:30] N'a pu émettre le fichier. [Previous remote request failed.]
E> [22/07/2014 19:44:30] N'a pu trouver le programme appelé depuis la CN: 3676068E.MZK [Premier répertoire recherché : C:\machines\T32 Bis\Programmes]
I> [22/07/2014 19:46:44] Appel depuis la CN de: 3976068E
E> [22/07/2014 19:46:48] N'a pu émettre le fichier. [Previous remote request failed.]
I> [22/07/2014 19:46:49] Le programme appelé depuis la CN est trouvé: C:\machines\T32 Bis\Programmes\FLOWSERVE\3976068E.MZK
I> [22/07/2014 19:46:49] Programmes dans les fichiers demandés: Programme 1274 (3976068E), Programme 1275 (3976068E)
I> [22/07/2014 19:46:54] Emission de programme: Programme 1274 (3976068E)
I> [22/07/2014 19:47:14] Emission de programme: Programme 1275 (3976068E)
I> [22/07/2014 19:48:14] Appel depuis la CN de: 3976070F-2
I> [22/07/2014 19:48:21] Le programme appelé depuis la CN est trouvé: C:\machines\T32 Bis\Programmes\FLOWSERVE\3976070F-2.MZK
I> [22/07/2014 19:48:21] Programmes dans les fichiers demandés: Programme 1014 (3976070F-2), Programme 1015 (3976070F-2)
I> [22/07/2014 19:48:27] Emission de programme: Programme 1014 (3976070F-2)
I> [22/07/2014 19:48:48] Emission de programme: Programme 1015 (3976070F-2)
