I> [22/06/2007 09:59:04] Appel depuis la CN de: 007-14-11-M
I> [22/06/2007 09:59:37] Appel depuis la CN de: 3007-14-11M
I> [22/06/2007 10:00:10] Appel depuis la CN de: 3007-14-11M
I> [22/06/2007 10:00:21] Le programme appelé depuis la CN est trouvé: C:\machines\T32\Programmes\LA CALHENE\3007-14-11M.MZK
I> [22/06/2007 10:00:21] Programmes dans les fichiers demandés: Programme 845 (3007-14-11M), Programme 846 (3007-14-11M), Programme 1986 (3007-14-11M), Programme 2647 (3007-14-11M), Programme 2672 (3007-14-11M), Programme 2673 (3007-14-11M), Programme 3673 (3007-14-11M), Programme 3674 (3007-14-11M)
I> [22/06/2007 10:01:37] Appel depuis la CN de: 3007-14-11M
I> [22/06/2007 10:01:47] Le programme appelé depuis la CN est trouvé: C:\machines\T32\Programmes\LA CALHENE\3007-14-11M.MZK
I> [22/06/2007 10:01:47] Programmes dans les fichiers demandés: Programme 845 (3007-14-11M), Programme 846 (3007-14-11M), Programme 1986 (3007-14-11M), Programme 2647 (3007-14-11M), Programme 2672 (3007-14-11M), Programme 2673 (3007-14-11M), Programme 3673 (3007-14-11M), Programme 3674 (3007-14-11M)
I> [22/06/2007 10:02:15] Appel depuis la CN de: 3007-14-11M
I> [22/06/2007 10:02:25] Le programme appelé depuis la CN est trouvé: C:\machines\T32\Programmes\LA CALHENE\3007-14-11M.MZK
I> [22/06/2007 10:02:25] Programmes dans les fichiers demandés: Programme 845 (3007-14-11M), Programme 846 (3007-14-11M), Programme 1986 (3007-14-11M), Programme 2647 (3007-14-11M), Programme 2672 (3007-14-11M), Programme 2673 (3007-14-11M), Programme 3673 (3007-14-11M), Programme 3674 (3007-14-11M)
I> [22/06/2007 10:02:33] Emission de programme: Programme 845 (3007-14-11M)
I> [22/06/2007 10:02:58] Emission de programme: Programme 846 (3007-14-11M)
I> [22/06/2007 10:03:13] Emission de programme: Programme 1986 (3007-14-11M)
I> [22/06/2007 10:03:31] Emission de programme: Programme 2647 (3007-14-11M)
I> [22/06/2007 10:04:12] Emission de programme: Programme 2672 (3007-14-11M)
I> [22/06/2007 10:04:28] Emission de programme: Programme 2673 (3007-14-11M)
I> [22/06/2007 10:04:33] Emission de programme: Programme 3673 (3007-14-11M)
I> [22/06/2007 10:04:57] Emission de programme: Programme 3674 (3007-14-11M)
I> [22/06/2007 18:13:30] Appel depuis la CN de: 2973968B 3
I> [22/06/2007 18:13:43] Le programme appelé depuis la CN est trouvé: C:\machines\T32\Programmes\DRESSER\2973968B 3.MZK
I> [22/06/2007 18:13:43] Programmes dans les fichiers demandés: Programme 4072 (2973968B 3), Programme 4073 (2973968B 3)
I> [22/06/2007 18:14:03] Appel depuis la CN de: 2973968B 3
I> [22/06/2007 18:14:16] Le programme appelé depuis la CN est trouvé: C:\machines\T32\Programmes\DRESSER\2973968B 3.MZK
I> [22/06/2007 18:14:16] Programmes dans les fichiers demandés: Programme 4072 (2973968B 3), Programme 4073 (2973968B 3)
I> [22/06/2007 18:14:17] Emission de programme: Programme 4072 (2973968B 3)
I> [22/06/2007 18:14:44] Emission de programme: Programme 4073 (2973968B 3)
I> [22/06/2007 18:16:39] Appel depuis la CN de: 2973964B 3
I> [22/06/2007 18:16:52] Le programme appelé depuis la CN est trouvé: C:\machines\T32\Programmes\DRESSER\2973964B 3.MZK
I> [22/06/2007 18:16:52] Programmes dans les fichiers demandés: Programme 4071 (2973964B 3), Programme 4074 (2973964B 3)
I> [22/06/2007 18:17:00] Appel depuis la CN de: 2973964B 3
I> [22/06/2007 18:17:11] Le programme appelé depuis la CN est trouvé: C:\machines\T32\Programmes\DRESSER\2973964B 3.MZK
I> [22/06/2007 18:17:11] Programmes dans les fichiers demandés: Programme 4071 (2973964B 3), Programme 4074 (2973964B 3)
I> [22/06/2007 18:17:19] Emission de programme: Programme 4071 (2973964B 3)
I> [22/06/2007 18:17:46] Emission de programme: Programme 4074 (2973964B 3)
