I> [22/06/06 13:46:53] Appel depuis la CN de: 2973964B 3
I> [22/06/06 13:47:01] Le programme appelé depuis la CN est trouvé: C:\machines\T32\Programmes\DRESSER\2973964B 3.MZK
I> [22/06/06 13:47:01] Programmes dans les fichiers demandés: Programme 4071 (2973964B 3), Programme 4074 (2973964B 3)
I> [22/06/06 13:47:14] Emission de programme: Programme 4071 (2973964B 3)
I> [22/06/06 13:47:39] Emission de programme: Programme 4074 (2973964B 3)
I> [22/06/06 14:10:32] Réception: programme 4072 (2973968B 3)
I> [22/06/06 14:10:59] Réception: programme 4073 (2973968B 3)
I> [22/06/06 14:11:21] Fichier reçu: C:\machines\T32\Programmes\2973968B 3.MZK
I> [22/06/06 14:11:21] Programmes dans les fichiers demandés: Programme 4072 (2973968B 3), Programme 4073 (2973968B 3)
I> [22/06/06 15:39:25] Appel depuis la CN de: 2973978C 3
E> [22/06/06 15:39:33] N'a pu trouver le programme appelé depuis la CN: 2973978C 3.MZK [Premier répertoire recherché : C:\machines\T32\Programmes]
E> [22/06/06 15:39:34] N'a pu émettre le fichier. [Previous remote request failed.]
I> [22/06/06 15:40:12] Appel depuis la CN de: 2973978B 3
E> [22/06/06 15:40:21] N'a pu trouver le programme appelé depuis la CN: 2973978B 3.MZK [Premier répertoire recherché : C:\machines\T32\Programmes]
E> [22/06/06 15:40:22] N'a pu émettre le fichier. [Previous remote request failed.]
I> [22/06/06 15:41:59] Appel depuis la CN de: 2973978 C 3
I> [22/06/06 15:42:07] Le programme appelé depuis la CN est trouvé: C:\machines\T32\Programmes\DRESSER\2973978 C 3.MZK
I> [22/06/06 15:42:07] Programmes dans les fichiers demandés: Programme 3597 (2973978 C 3), Programme 3598 (2973978 C 3)
I> [22/06/06 15:42:14] Emission de programme: Programme 3597 (2973978 C 3)
I> [22/06/06 15:42:35] Emission de programme: Programme 3598 (2973978 C 3)
