I> [22/09/2011 05:01:17] Port activé avec succès.
I> [22/09/2011 09:56:37] Appel depuis la CN de: 5998155A1
I> [22/09/2011 09:56:42] Le programme appelé depuis la CN est trouvé: C:\machines\T32 Bis\Programmes\5998155A1.MZK
I> [22/09/2011 09:56:42] Programmes dans les fichiers demandés: Programme 5481 (5998155A), Programme 5482 (5998155A), Programme 5484 (5998155A), Programme 5258 (5998155A)
I> [22/09/2011 09:57:03] Appel depuis la CN de: 5998155A1
I> [22/09/2011 09:57:10] Le programme appelé depuis la CN est trouvé: C:\machines\T32 Bis\Programmes\5998155A1.MZK
I> [22/09/2011 09:57:10] Programmes dans les fichiers demandés: Programme 5481 (5998155A), Programme 5482 (5998155A), Programme 5484 (5998155A), Programme 5258 (5998155A)
I> [22/09/2011 09:57:16] Emission de programme: Programme 5258 (5998155A)
I> [22/09/2011 09:58:42] Réception: programme 882 (5998155A)
I> [22/09/2011 09:58:50] Réception: programme 883 (5998155A)
I> [22/09/2011 09:58:56] Réception: programme 884 (5998155A)
I> [22/09/2011 09:59:01] Réception: programme 860 (5998155A)
I> [22/09/2011 09:59:18] Fichier reçu: C:\machines\T32 Bis\Programmes\5998155A.MZK
I> [22/09/2011 09:59:18] Programmes dans les fichiers demandés: Programme 882 (5998155A), Programme 883 (5998155A), Programme 884 (5998155A), Programme 860 (5998155A)
I> [22/09/2011 12:22:48] Réception: programme 1162 (5992270-1E)
I> [22/09/2011 12:23:06] Fichier reçu: C:\machines\T32 Bis\Programmes\5992270-1E.MZK
I> [22/09/2011 12:23:06] Programmes dans les fichiers demandés: Programme 1162 (5992270-1E)
I> [22/09/2011 12:28:54] Appel depuis la CN de: 5999929A
I> [22/09/2011 12:28:58] Le programme appelé depuis la CN est trouvé: C:\machines\T32 Bis\Programmes\5999929A.MZK
I> [22/09/2011 12:28:58] Programmes dans les fichiers demandés: Programme 5339 (5999929A), Programme 5341 (5999929A), Programme 5344 (5999929A), Programme 5345 (5999929A)
I> [22/09/2011 12:29:09] Emission de programme: Programme 5339 (5999929A)
I> [22/09/2011 12:29:16] Emission de programme: Programme 5341 (5999929A)
I> [22/09/2011 12:29:27] Emission de programme: Programme 5344 (5999929A)
I> [22/09/2011 12:29:33] Emission de programme: Programme 5345 (5999929A)
I> [22/09/2011 19:35:30] Réception: programme 1163 (5999929A)
I> [22/09/2011 19:35:48] Fichier existant sauvegardé: C:\MACHINES\T32 BIS\SAUVEGARDES\5999929A_01.MZK
I> [22/09/2011 19:35:48] Fichier reçu: C:\machines\T32 Bis\Programmes\5999929A.MZK
I> [22/09/2011 19:35:48] Programmes dans les fichiers demandés: Programme 1163 (5999929A)
I> [22/09/2011 19:36:02] Réception: programme 1163 (5999929A)
I> [22/09/2011 19:36:19] Fichier existant sauvegardé: C:\MACHINES\T32 BIS\SAUVEGARDES\5999929A_02.MZK
I> [22/09/2011 19:36:19] Fichier reçu: C:\machines\T32 Bis\Programmes\5999929A.MZK
I> [22/09/2011 19:36:19] Programmes dans les fichiers demandés: Programme 1163 (5999929A)
I> [22/09/2011 19:39:40] Appel depuis la CN de: 308181
E> [22/09/2011 19:39:45] N'a pu émettre le fichier: C:\machines\T32 Bis\Programmes\5999929A.MZK [Le système ne peut pas lire le périphérique indiqué]
I> [22/09/2011 19:39:45] Le programme appelé depuis la CN est trouvé: C:\machines\T32 Bis\Programmes\308181.MZK
I> [22/09/2011 19:39:45] Programmes dans les fichiers demandés: Programme 169 (308181), Programme 170 (308181), Programme 38 (308181), Programme 39 (308181)
I> [22/09/2011 19:39:56] Appel depuis la CN de: 308181
I> [22/09/2011 19:40:03] Le programme appelé depuis la CN est trouvé: C:\machines\T32 Bis\Programmes\308181.MZK
I> [22/09/2011 19:40:03] Programmes dans les fichiers demandés: Programme 169 (308181), Programme 170 (308181), Programme 38 (308181), Programme 39 (308181)
I> [22/09/2011 19:40:11] Emission de programme: Programme 169 (308181)
I> [22/09/2011 19:40:18] Emission de programme: Programme 170 (308181)
I> [22/09/2011 19:40:25] Emission de programme: Programme 38 (308181)
I> [22/09/2011 19:40:35] Emission de programme: Programme 39 (308181)
