I> [22/09/2009 06:44:56] Port activé avec succès.
I> [22/09/2009 07:17:43] Appel depuis la CN de: POULIE 150
I> [22/09/2009 07:17:48] Le programme appelé depuis la CN est trouvé: C:\machines\T32 Bis\Programmes\POULIE 150.MZK
I> [22/09/2009 07:17:48] Programmes dans les fichiers demandés: Programme 16, Données d'outil, Programme 14, Données d'outil
I> [22/09/2009 07:17:58] Emission de programme: Programme 16
I> [22/09/2009 07:18:01] Emission de programme: Données d'outil
I> [22/09/2009 07:18:03] Emission de programme: Programme 14
I> [22/09/2009 07:18:06] Emission de programme: Données d'outil
I> [22/09/2009 07:18:41] Appel depuis la CN de: POULI150BIS
E> [22/09/2009 07:18:56] Erreur de réception. [Format de fichier illégal]
I> [22/09/2009 07:19:00] Le programme appelé depuis la CN est trouvé: C:\machines\T32 Bis\Programmes\POULI150BIS.MZK
I> [22/09/2009 07:19:00] Programmes dans les fichiers demandés: Programme 13, Données d'outil, Programme 68, Données d'outil
I> [22/09/2009 07:19:06] Appel depuis la CN de: POULI150BIS
I> [22/09/2009 07:19:11] Le programme appelé depuis la CN est trouvé: C:\machines\T32 Bis\Programmes\POULI150BIS.MZK
I> [22/09/2009 07:19:12] Programmes dans les fichiers demandés: Programme 13, Données d'outil, Programme 68, Données d'outil
I> [22/09/2009 07:19:16] Emission de programme: Programme 13
I> [22/09/2009 07:19:19] Emission de programme: Données d'outil
I> [22/09/2009 07:19:20] Emission de programme: Programme 68
I> [22/09/2009 07:19:33] Emission de programme: Données d'outil
I> [22/09/2009 19:14:57] Réception: programme 677 (POULI150BIS)
I> [22/09/2009 19:15:03] Réception: programme 678 (POULI150BIS)
I> [22/09/2009 19:15:26] Réception: programme 679 (POULI150BIS)
I> [22/09/2009 19:15:54] Fichier existant sauvegardé: C:\MACHINES\T32 BIS\SAUVEGARDES\POULI150BIS_01.MZK
I> [22/09/2009 19:15:54] Fichier reçu: C:\machines\T32 Bis\Programmes\POULI150BIS.MZK
I> [22/09/2009 19:15:54] Programmes dans les fichiers demandés: Programme 677 (POULI150BIS), Programme 678 (POULI150BIS), Programme 679 (POULI150BIS)
I> [22/09/2009 19:17:57] Réception: programme 677 (POULI150BIS)
I> [22/09/2009 19:18:04] Réception: programme 678 (POULI150BIS)
I> [22/09/2009 19:18:26] Réception: programme 679 (POULI150BIS)
I> [22/09/2009 19:18:55] Fichier reçu: C:\machines\T32 Bis\Programmes\POULI150BIS.MZK
I> [22/09/2009 19:18:55] Programmes dans les fichiers demandés: Programme 677 (POULI150BIS), Programme 678 (POULI150BIS), Programme 679 (POULI150BIS)
