I> [22/05/06 05:27:36] Port activé avec succès.
I> [22/05/06 05:31:11] Appel depuis la CN de: 11270-55-11
E> [22/05/06 05:31:19] N'a pu trouver le programme appelé depuis la CN: 11270-55-11.MZK [Premier répertoire recherché : C:\machines\T32\Programmes]
E> [22/05/06 05:31:26] N'a pu émettre le fichier. [Previous remote request failed.]
I> [22/05/06 05:31:53] Appel depuis la CN de: 11270-55-11
E> [22/05/06 05:32:01] N'a pu trouver le programme appelé depuis la CN: 11270-55-11.MZK [Premier répertoire recherché : C:\machines\T32\Programmes]
E> [22/05/06 05:32:02] N'a pu émettre le fichier. [Previous remote request failed.]
I> [22/05/06 05:33:32] Programmes dans les fichiers demandés: Programme 4064 (11270-55-01), Programme 4066 (11270-55-01), Programme 4099 (11270-55-01), Programme 4101 (11270-55-01)
I> [22/05/06 05:35:26] Appel depuis la CN de: 11270-55-11
E> [22/05/06 05:35:37] N'a pu trouver le programme appelé depuis la CN: 11270-55-11.MZK [Premier répertoire recherché : C:\machines\T32\Programmes]
E> [22/05/06 05:35:45] N'a pu émettre le fichier. [Previous remote request failed.]
E> [22/05/06 05:35:51] N'a pu émettre le fichier. [Previous remote request failed.]
E> [22/05/06 05:35:56] N'a pu émettre le fichier. [Previous remote request failed.]
I> [22/05/06 05:36:36] Programmes dans les fichiers demandés: Programme 4064 (11270-55-01), Programme 4066 (11270-55-01), Programme 4099 (11270-55-01), Programme 4101 (11270-55-01)
I> [22/05/06 05:36:56] Emission de programme: Programme 4064 (11270-55-01)
I> [22/05/06 05:50:27] Appel depuis la CN de: 4340-02-09A
I> [22/05/06 05:50:38] Le programme appelé depuis la CN est trouvé: C:\machines\T32\Programmes\La calhene\4340-02-09A.MZK
I> [22/05/06 05:50:38] Programmes dans les fichiers demandés: Programme 3762 (4340-02-09A), Programme 3763 (4340-02-09A)
I> [22/05/06 05:50:50] Appel depuis la CN de: 4340-02-09A
I> [22/05/06 05:51:01] Le programme appelé depuis la CN est trouvé: C:\machines\T32\Programmes\La calhene\4340-02-09A.MZK
I> [22/05/06 05:51:02] Programmes dans les fichiers demandés: Programme 3762 (4340-02-09A), Programme 3763 (4340-02-09A)
I> [22/05/06 05:51:08] Emission de programme: Programme 3762 (4340-02-09A)
