I> [22/01/2010 07:37:40] Port activé avec succès.
I> [22/01/2010 09:18:42] Réception: programme 88 (3160241404B)
I> [22/01/2010 09:18:53] Réception: programme 89 (3160241404B)
I> [22/01/2010 09:19:04] Réception: programme 90 (3160241404B)
I> [22/01/2010 09:19:28] Réception: programme 91 (3160241404B)
I> [22/01/2010 09:19:54] Fichier reçu: C:\machines\T32 Bis\Programmes\3160241404B.MZK
I> [22/01/2010 09:19:54] Programmes dans les fichiers demandés: Programme 88 (3160241404B), Programme 89 (3160241404B), Programme 90 (3160241404B), Programme 91 (3160241404B)
I> [22/01/2010 09:55:46] Appel depuis la CN de: 2976325C
I> [22/01/2010 09:55:53] Le programme appelé depuis la CN est trouvé: C:\machines\T32 Bis\Programmes\FLOWSERVE\2976325C.MZK
I> [22/01/2010 09:55:53] Programmes dans les fichiers demandés: Programme 128 (2976325C), Programme 131 (2976325C)
I> [22/01/2010 09:56:01] Emission de programme: Programme 128 (2976325C)
I> [22/01/2010 09:56:15] Emission de programme: Programme 131 (2976325C)
I> [22/01/2010 09:58:29] Appel depuis la CN de: 2976864D
I> [22/01/2010 09:58:36] Le programme appelé depuis la CN est trouvé: C:\machines\T32 Bis\Programmes\FLOWSERVE\2976864D.MZK
I> [22/01/2010 09:58:36] Programmes dans les fichiers demandés: Programme 435 (2976864D), Programme 437 (2976864D)
I> [22/01/2010 09:58:50] Appel depuis la CN de: 2976864D
I> [22/01/2010 09:58:57] Le programme appelé depuis la CN est trouvé: C:\machines\T32 Bis\Programmes\FLOWSERVE\2976864D.MZK
I> [22/01/2010 09:58:57] Programmes dans les fichiers demandés: Programme 435 (2976864D), Programme 437 (2976864D)
I> [22/01/2010 09:59:03] Emission de programme: Programme 435 (2976864D)
I> [22/01/2010 09:59:18] Emission de programme: Programme 437 (2976864D)
