I> [22/03/2011 05:36:53] Port activé avec succès.
I> [22/03/2011 08:23:49] Appel depuis la CN de: 0361550 02
E> [22/03/2011 08:23:53] N'a pu émettre le fichier: C:\machines\T32 Bis\Programmes\2976518A.MZK [Le système ne peut pas lire le périphérique indiqué]
I> [22/03/2011 08:23:54] Le programme appelé depuis la CN est trouvé: C:\machines\T32 Bis\Programmes\MECABOR\0361550 02.MZK
I> [22/03/2011 08:23:54] Programmes dans les fichiers demandés: Programme 113 (0361550), Programme 114 (0361550)
I> [22/03/2011 08:24:03] Emission de programme: Programme 113 (0361550)
I> [22/03/2011 08:24:22] Emission de programme: Programme 114 (0361550)
I> [22/03/2011 08:52:13] Appel depuis la CN de: 0361550
E> [22/03/2011 08:52:21] N'a pu trouver le programme appelé depuis la CN: 361550.MZK [Premier répertoire recherché : C:\machines\T32 Bis\Programmes]
E> [22/03/2011 08:52:21] N'a pu émettre le fichier. [Previous remote request failed.]
E> [22/03/2011 08:52:22] N'a pu émettre le fichier. [Previous remote request failed.]
E> [22/03/2011 08:52:29] N'a pu émettre le fichier. [Previous remote request failed.]
I> [22/03/2011 08:52:35] Appel depuis la CN de: 0361550
E> [22/03/2011 08:52:40] N'a pu trouver le programme appelé depuis la CN: 361550.MZK [Premier répertoire recherché : C:\machines\T32 Bis\Programmes]
E> [22/03/2011 08:52:40] N'a pu émettre le fichier. [Previous remote request failed.]
E> [22/03/2011 08:52:41] N'a pu émettre le fichier. [Previous remote request failed.]
E> [22/03/2011 08:52:44] N'a pu émettre le fichier. [Previous remote request failed.]
I> [22/03/2011 08:52:53] Appel depuis la CN de: 0361550
E> [22/03/2011 08:52:57] N'a pu émettre le fichier. [Previous remote request failed.]
E> [22/03/2011 08:52:58] N'a pu trouver le programme appelé depuis la CN: 361550.MZK [Premier répertoire recherché : C:\machines\T32 Bis\Programmes]
E> [22/03/2011 08:52:58] N'a pu émettre le fichier. [Previous remote request failed.]
E> [22/03/2011 08:52:59] N'a pu émettre le fichier. [Previous remote request failed.]
E> [22/03/2011 08:52:59] N'a pu émettre le fichier. [Previous remote request failed.]
E> [22/03/2011 08:53:00] N'a pu émettre le fichier. [Previous remote request failed.]
E> [22/03/2011 08:53:00] N'a pu émettre le fichier. [Previous remote request failed.]
E> [22/03/2011 08:53:00] N'a pu émettre le fichier. [Previous remote request failed.]
I> [22/03/2011 08:54:32] Appel depuis la CN de: 0361550
E> [22/03/2011 08:54:37] N'a pu trouver le programme appelé depuis la CN: 361550.MZK [Premier répertoire recherché : C:\machines\T32 Bis\Programmes]
E> [22/03/2011 08:54:38] N'a pu émettre le fichier. [Previous remote request failed.]
E> [22/03/2011 08:54:39] N'a pu émettre le fichier. [Previous remote request failed.]
E> [22/03/2011 08:54:39] N'a pu émettre le fichier. [Previous remote request failed.]
E> [22/03/2011 08:54:40] N'a pu émettre le fichier. [Previous remote request failed.]
E> [22/03/2011 08:54:40] N'a pu émettre le fichier. [Previous remote request failed.]
I> [22/03/2011 08:55:19] Appel depuis la CN de: 0361550
E> [22/03/2011 08:55:23] N'a pu émettre le fichier. [Previous remote request failed.]
E> [22/03/2011 08:55:23] N'a pu trouver le programme appelé depuis la CN: 361550.MZK [Premier répertoire recherché : C:\machines\T32 Bis\Programmes]
E> [22/03/2011 08:55:24] N'a pu émettre le fichier. [Previous remote request failed.]
E> [22/03/2011 08:55:25] N'a pu émettre le fichier. [Previous remote request failed.]
I> [22/03/2011 08:56:16] Appel depuis la CN de: 0361550
E> [22/03/2011 08:56:21] N'a pu trouver le programme appelé depuis la CN: 361550.MZK [Premier répertoire recherché : C:\machines\T32 Bis\Programmes]
E> [22/03/2011 08:56:22] N'a pu émettre le fichier. [Previous remote request failed.]
E> [22/03/2011 08:56:23] N'a pu émettre le fichier. [Previous remote request failed.]
E> [22/03/2011 08:56:24] N'a pu émettre le fichier. [Previous remote request failed.]
I> [22/03/2011 08:56:51] Appel depuis la CN de: 0361550 02
I> [22/03/2011 08:56:55] Le programme appelé depuis la CN est trouvé: C:\machines\T32 Bis\Programmes\MECABOR\0361550 02.MZK
I> [22/03/2011 08:56:56] Programmes dans les fichiers demandés: Programme 113 (0361550), Programme 114 (0361550)
I> [22/03/2011 08:57:56] Appel depuis la CN de: 0361550
E> [22/03/2011 08:58:01] N'a pu trouver le programme appelé depuis la CN: 361550.MZK [Premier répertoire recherché : C:\machines\T32 Bis\Programmes]
E> [22/03/2011 08:58:08] N'a pu émettre le fichier. [Previous remote request failed.]
E> [22/03/2011 08:58:08] N'a pu émettre le fichier. [Previous remote request failed.]
E> [22/03/2011 08:58:09] N'a pu émettre le fichier. [Previous remote request failed.]
E> [22/03/2011 08:58:09] N'a pu émettre le fichier. [Previous remote request failed.]
I> [22/03/2011 09:52:28] Appel depuis la CN de: 0361550
E> [22/03/2011 09:52:33] N'a pu trouver le programme appelé depuis la CN: 361550.MZK [Premier répertoire recherché : C:\machines\T32 Bis\Programmes]
E> [22/03/2011 09:52:33] N'a pu émettre le fichier. [Previous remote request failed.]
E> [22/03/2011 09:52:34] N'a pu émettre le fichier. [Previous remote request failed.]
E> [22/03/2011 09:52:35] N'a pu émettre le fichier. [Previous remote request failed.]
E> [22/03/2011 09:52:35] N'a pu émettre le fichier. [Previous remote request failed.]
I> [22/03/2011 09:57:47] Appel depuis la CN de: 0361550
E> [22/03/2011 09:57:51] N'a pu trouver le programme appelé depuis la CN: 361550.MZK [Premier répertoire recherché : C:\machines\T32 Bis\Programmes]
E> [22/03/2011 09:57:55] N'a pu émettre le fichier. [Previous remote request failed.]
I> [22/03/2011 09:58:36] Appel depuis la CN de: 361550
E> [22/03/2011 09:58:41] N'a pu émettre le fichier. [Previous remote request failed.]
I> [22/03/2011 09:58:42] Le programme appelé depuis la CN est trouvé: C:\machines\T32 Bis\Programmes\MECABOR\361550.MZK
I> [22/03/2011 09:58:42] Programmes dans les fichiers demandés: Programme 113 (0361550), Programme 114 (0361550), Programme 357 (0361550)
I> [22/03/2011 09:59:07] Emission de programme: Programme 113 (0361550)
I> [22/03/2011 09:59:24] Emission de programme: Programme 114 (0361550)
I> [22/03/2011 09:59:32] Emission de programme: Programme 357 (0361550)
