I> [22/02/2011 05:07:03] Port activé avec succès.
I> [22/02/2011 10:05:19] Appel depuis la CN de: 430000422B
I> [22/02/2011 10:05:24] Le programme appelé depuis la CN est trouvé: C:\machines\T32 Bis\Programmes\ERCA FORMSEAL\430000422B.MZK
I> [22/02/2011 10:05:24] Programmes dans les fichiers demandés: Programme 724 (430000422B), Programme 725 (430000422B), Programme 730 (430000422B), Programme 731 (430000422B), Programme 735 (430000422B), Programme 736 (430000422B), Programme 737 (430000422B)
I> [22/02/2011 10:05:27] Emission de programme: Programme 724 (430000422B)
I> [22/02/2011 10:05:38] Emission de programme: Programme 725 (430000422B)
I> [22/02/2011 10:05:51] Emission de programme: Programme 730 (430000422B)
I> [22/02/2011 10:06:00] Emission de programme: Programme 731 (430000422B)
I> [22/02/2011 10:06:12] Emission de programme: Programme 735 (430000422B)
I> [22/02/2011 10:06:25] Emission de programme: Programme 736 (430000422B)
I> [22/02/2011 10:06:35] Emission de programme: Programme 737 (430000422B)
I> [22/02/2011 15:05:40] Réception: programme 857 (130108311)
I> [22/02/2011 15:06:08] Réception: programme 858 (130108311)
I> [22/02/2011 15:06:31] Réception: programme 730 (430000422B)
I> [22/02/2011 15:06:40] Réception: programme 731 (430000422B)
I> [22/02/2011 15:06:53] Réception: programme 735 (430000422B)
I> [22/02/2011 15:07:06] Réception: programme 736 (430000422B)
I> [22/02/2011 15:07:16] Réception: programme 737 (430000422B)
I> [22/02/2011 15:07:30] Fichier reçu: C:\machines\T32 Bis\Programmes\130108311.MZK
I> [22/02/2011 15:07:30] Programmes dans les fichiers demandés: Programme 857 (130108311), Programme 858 (130108311), Programme 730 (430000422B), Programme 731 (430000422B), Programme 735 (430000422B), Programme 736 (430000422B), Programme 737 (430000422B)
