I> [22/01/2013 04:53:42] Port activé avec succès.
I> [22/01/2013 13:25:16] Appel depuis la CN de: 5992268C
I> [22/01/2013 13:25:20] Le programme appelé depuis la CN est trouvé: C:\machines\T32 Bis\Programmes\5992268C.MZK
I> [22/01/2013 13:25:20] Programmes dans les fichiers demandés: Programme 5640 (5992268C), Programme 5641 (5992268C), Programme 5673 (5992268C)
I> [22/01/2013 13:25:25] Emission de programme: Programme 5640 (5992268C)
I> [22/01/2013 13:25:32] Emission de programme: Programme 5641 (5992268C)
I> [22/01/2013 13:25:38] Emission de programme: Programme 5673 (5992268C)
I> [22/01/2013 13:28:47] Appel depuis la CN de: 5992269C
I> [22/01/2013 13:28:52] Le programme appelé depuis la CN est trouvé: C:\machines\T32 Bis\Programmes\5992269C.MZK
I> [22/01/2013 13:28:52] Programmes dans les fichiers demandés: Programme 5642 (5992269C), Programme 5643 (5992269C), Programme 5672 (5992269C)
I> [22/01/2013 13:28:58] Emission de programme: Programme 5642 (5992269C)
I> [22/01/2013 13:29:07] Emission de programme: Programme 5643 (5992269C)
I> [22/01/2013 13:29:17] Emission de programme: Programme 5672 (5992269C)
I> [22/01/2013 20:02:44] Appel depuis la CN de: 30350300201
I> [22/01/2013 20:02:49] Le programme appelé depuis la CN est trouvé: C:\machines\T32 Bis\Programmes\LA CALHENE\30350300201.MZK
I> [22/01/2013 20:02:49] Programmes dans les fichiers demandés: Programme 1430 (30350300201), Programme 1431 (30350300201), Programme 1432 (30350300201), Programme 1433 (30350300201), Programme 1434 (30350300201)
I> [22/01/2013 20:02:56] Emission de programme: Programme 1430 (30350300201)
I> [22/01/2013 20:03:05] Emission de programme: Programme 1431 (30350300201)
I> [22/01/2013 20:03:09] Emission de programme: Programme 1432 (30350300201)
I> [22/01/2013 20:03:22] Emission de programme: Programme 1433 (30350300201)
I> [22/01/2013 20:03:35] Emission de programme: Programme 1434 (30350300201)
