I> [22/10/2014 05:03:22] Port activé avec succès.
I> [22/10/2014 09:08:43] Appel depuis la CN de: 11270-01-01
I> [22/10/2014 09:08:53] Le programme appelé depuis la CN est trouvé: C:\machines\T32 Bis\Programmes\LA CALHENE\11270-01-01.MZK
I> [22/10/2014 09:08:53] Programmes dans les fichiers demandés: Programme 739 (11270-01-01), Programme 1438 (11270-01-01), Programme 1439 (11270-01-01)
I> [22/10/2014 09:09:10] Appel depuis la CN de: 11270-01-01
I> [22/10/2014 09:09:17] Le programme appelé depuis la CN est trouvé: C:\machines\T32 Bis\Programmes\LA CALHENE\11270-01-01.MZK
I> [22/10/2014 09:09:17] Programmes dans les fichiers demandés: Programme 739 (11270-01-01), Programme 1438 (11270-01-01), Programme 1439 (11270-01-01)
I> [22/10/2014 09:09:22] Emission de programme: Programme 739 (11270-01-01)
I> [22/10/2014 09:36:41] Appel depuis la CN de: 26500013301
I> [22/10/2014 09:36:50] Le programme appelé depuis la CN est trouvé: C:\machines\T32 Bis\Programmes\26500013301.MZK
I> [22/10/2014 09:36:50] Programmes dans les fichiers demandés: Programme 28, Données d'outil, Programme 29, Données d'outil, Programme 10, Données d'outil
I> [22/10/2014 09:36:57] Appel depuis la CN de: 26500013301
I> [22/10/2014 09:37:04] Le programme appelé depuis la CN est trouvé: C:\machines\T32 Bis\Programmes\26500013301.MZK
I> [22/10/2014 09:37:04] Programmes dans les fichiers demandés: Programme 28, Données d'outil, Programme 29, Données d'outil, Programme 10, Données d'outil
I> [22/10/2014 09:38:18] Emission de programme: Programme 28
I> [22/10/2014 09:38:24] Emission de programme: Données d'outil
I> [22/10/2014 09:38:25] Emission de programme: Programme 29
I> [22/10/2014 09:38:32] Emission de programme: Données d'outil
I> [22/10/2014 09:38:33] Emission de programme: Programme 10
I> [22/10/2014 09:38:36] Emission de programme: Données d'outil
