I> [23/06/2011 09:05:02] Réception: programme 1109 (4305810730)
I> [23/06/2011 09:05:08] Réception: programme 1110 (4305810730)
I> [23/06/2011 09:05:20] Fichier reçu: C:\machines\T32 Bis\Programmes\4305810730.MZK
I> [23/06/2011 09:05:20] Programmes dans les fichiers demandés: Programme 1109 (4305810730), Programme 1110 (4305810730)
I> [23/06/2011 12:55:23] Réception: programme 1111 (BA 427)
I> [23/06/2011 12:55:38] Réception: programme 1112 (BA 427)
I> [23/06/2011 12:55:55] Fichier reçu: C:\machines\T32 Bis\Programmes\BA 427.MZK
I> [23/06/2011 12:55:55] Programmes dans les fichiers demandés: Programme 1111 (BA 427), Programme 1112 (BA 427)
I> [23/06/2011 15:38:18] Réception: programme 1113 (BA 340B)
I> [23/06/2011 15:38:31] Réception: programme 1114 (BA 340B)
I> [23/06/2011 15:38:43] Fichier reçu: C:\machines\T32 Bis\Programmes\BA 340B.MZK
I> [23/06/2011 15:38:43] Programmes dans les fichiers demandés: Programme 1113 (BA 340B), Programme 1114 (BA 340B)
I> [23/06/2011 15:41:38] Appel depuis la CN de: BA 340B
I> [23/06/2011 15:41:43] Le programme appelé depuis la CN est trouvé: C:\machines\T32 Bis\Programmes\MECAMARC\BA 340B.MZK
I> [23/06/2011 15:41:43] Programmes dans les fichiers demandés: Programme 1113 (BA 340B), Programme 1114 (BA 340B)
I> [23/06/2011 15:42:14] Appel depuis la CN de: 4305810730
I> [23/06/2011 15:42:19] Le programme appelé depuis la CN est trouvé: C:\machines\T32 Bis\Programmes\BIGOT\4305810730.MZK
I> [23/06/2011 15:42:19] Programmes dans les fichiers demandés: Programme 1109 (4305810730), Programme 1110 (4305810730)
I> [23/06/2011 15:51:44] Appel depuis la CN de: 4340-02-09
I> [23/06/2011 15:51:49] Le programme appelé depuis la CN est trouvé: C:\machines\T32 Bis\Programmes\LA CALHENE\4340-02-09.MZK
I> [23/06/2011 15:51:49] Programmes dans les fichiers demandés: Programme 998 (4340-02-09), Programme 999 (4340-02-09)
I> [23/06/2011 15:51:54] Emission de programme: Programme 998 (4340-02-09)
I> [23/06/2011 15:52:58] Emission de programme: Programme 999 (4340-02-09)
