I> [23/07/2009 05:23:27] Port activé avec succès.
I> [23/07/2009 05:39:31] Appel depuis la CN de: 81C0016L
I> [23/07/2009 05:39:36] Le programme appelé depuis la CN est trouvé: C:\machines\T32 Bis\Programmes\FLOWSERVE\81C0016L.MZK
I> [23/07/2009 05:39:36] Programmes dans les fichiers demandés: Programme 623 (81C0016L), Programme 624 (81C0016L)
I> [23/07/2009 05:39:44] Emission de programme: Programme 623 (81C0016L)
I> [23/07/2009 05:40:07] Emission de programme: Programme 624 (81C0016L)
I> [23/07/2009 06:30:43] Emission de programme: Programme 623 (81C0016L)
I> [23/07/2009 06:31:06] Emission de programme: Programme 624 (81C0016L)
I> [23/07/2009 12:22:07] Réception: programme 625 (81C0004J)
I> [23/07/2009 12:22:17] Fichier reçu: C:\machines\T32 Bis\Programmes\81C0004J.MZK
I> [23/07/2009 12:22:17] Programmes dans les fichiers demandés: Programme 625 (81C0004J)
I> [23/07/2009 12:34:39] Appel depuis la CN de: 81C0008M IN
I> [23/07/2009 12:34:44] Le programme appelé depuis la CN est trouvé: C:\machines\T32 Bis\Programmes\81C0008M IN.MZK
I> [23/07/2009 12:34:44] Programmes dans les fichiers demandés: Programme 330, Données d'outil, Programme 331, Données d'outil, Programme 286, Données d'outil
I> [23/07/2009 12:34:58] Emission de programme: Programme 330
I> [23/07/2009 12:35:12] Emission de programme: Données d'outil
I> [23/07/2009 12:35:13] Emission de programme: Programme 331
I> [23/07/2009 12:35:28] Emission de programme: Données d'outil
I> [23/07/2009 12:35:30] Emission de programme: Programme 286
I> [23/07/2009 12:35:36] Emission de programme: Données d'outil
I> [23/07/2009 14:10:57] Appel depuis la CN de: 81C0004J
E> [23/07/2009 14:11:02] N'a pu émettre le fichier: C:\machines\T32 Bis\Programmes\81C0008M IN.MZK [Le système ne peut pas lire le périphérique indiqué]
I> [23/07/2009 14:11:02] Le programme appelé depuis la CN est trouvé: C:\machines\T32 Bis\Programmes\FLOWSERVE\81C0004J.MZK
I> [23/07/2009 14:11:02] Programmes dans les fichiers demandés: Programme 625 (81C0004J)
I> [23/07/2009 14:11:10] Appel depuis la CN de: 81C0004J
I> [23/07/2009 14:11:17] Le programme appelé depuis la CN est trouvé: C:\machines\T32 Bis\Programmes\FLOWSERVE\81C0004J.MZK
I> [23/07/2009 14:11:17] Programmes dans les fichiers demandés: Programme 625 (81C0004J)
I> [23/07/2009 15:16:53] Réception: programme 626 (81C0008M)
I> [23/07/2009 15:17:03] Fichier reçu: C:\machines\T32 Bis\Programmes\81C0008M.MZK
I> [23/07/2009 15:17:03] Programmes dans les fichiers demandés: Programme 626 (81C0008M)
I> [23/07/2009 15:29:22] Appel depuis la CN de: 2981728A
E> [23/07/2009 15:29:27] N'a pu émettre le fichier: C:\machines\T32 Bis\Programmes\81C0008M.MZK [Le système ne peut pas lire le périphérique indiqué]
I> [23/07/2009 15:29:28] Le programme appelé depuis la CN est trouvé: C:\machines\T32 Bis\Programmes\2981728A.MZK
I> [23/07/2009 15:29:28] Programmes dans les fichiers demandés: Programme 94, Données d'outil, Programme 52, Données d'outil, Programme 13, Données d'outil
I> [23/07/2009 15:29:33] Appel depuis la CN de: 2981728A
I> [23/07/2009 15:29:39] Le programme appelé depuis la CN est trouvé: C:\machines\T32 Bis\Programmes\2981728A.MZK
I> [23/07/2009 15:29:39] Programmes dans les fichiers demandés: Programme 94, Données d'outil, Programme 52, Données d'outil, Programme 13, Données d'outil
I> [23/07/2009 15:29:44] Emission de programme: Programme 13
I> [23/07/2009 15:29:47] Emission de programme: Données d'outil
I> [23/07/2009 17:44:20] Appel depuis la CN de: 81B0003E
I> [23/07/2009 17:44:25] Le programme appelé depuis la CN est trouvé: C:\machines\T32 Bis\Programmes\81B0003E.MZK
I> [23/07/2009 17:44:25] Programmes dans les fichiers demandés: Programme 93, Données d'outil, Programme 62, Données d'outil, Programme 12, Données d'outil
I> [23/07/2009 17:44:38] Emission de programme: Programme 12
I> [23/07/2009 17:44:41] Emission de programme: Données d'outil
I> [23/07/2009 20:21:15] Appel depuis la CN de: 81B0001E
I> [23/07/2009 20:21:21] Le programme appelé depuis la CN est trouvé: C:\machines\T32 Bis\Programmes\81B0001E.MZK
I> [23/07/2009 20:21:21] Programmes dans les fichiers demandés: Programme 93, Données d'outil, Programme 325, Données d'outil, Programme 272, Données d'outil
I> [23/07/2009 20:22:08] Emission de programme: Programme 272
I> [23/07/2009 20:22:12] Emission de programme: Données d'outil
