I> [23/01/2008 16:16:06] Port activé avec succès.
I> [23/01/2008 16:16:27] Port arrêté.
I> [23/01/2008 16:16:32] Port activé avec succès.
I> [23/01/2008 16:18:40] Réception: programme 113 (0361550)
I> [23/01/2008 16:18:58] Réception: programme 114 (0361550)
I> [23/01/2008 16:19:08] Fichier reçu: C:\machines\T32 Bis\Programmes\0361550.MZK
I> [23/01/2008 16:19:08] Programmes dans les fichiers demandés: Programme 113 (0361550), Programme 114 (0361550)
I> [23/01/2008 16:20:28] Port arrêté.
I> [23/01/2008 16:20:28] Port activé avec succès.
I> [23/01/2008 16:21:26] Réception: programme 113 (0361550)
I> [23/01/2008 16:21:44] Réception: programme 114 (0361550)
I> [23/01/2008 16:21:54] Fichier existant sauvegardé: C:\MACHINES\T32 BIS\SAUVEGARDES\0361550_01.MZK
I> [23/01/2008 16:21:54] Fichier reçu: C:\machines\T32 Bis\Programmes\0361550.MZK
I> [23/01/2008 16:21:54] Programmes dans les fichiers demandés: Programme 113 (0361550), Programme 114 (0361550)
I> [23/01/2008 16:22:20] Port arrêté.
I> [23/01/2008 16:23:34] Port activé avec succès.
I> [23/01/2008 16:23:51] Réception: programme 113 (0361550)
I> [23/01/2008 16:24:09] Réception: programme 114 (0361550)
I> [23/01/2008 16:24:18] Fichier existant sauvegardé: C:\MACHINES\T32 BIS\SAUVEGARDES\0361550_02.MZK
I> [23/01/2008 16:24:18] Fichier reçu: C:\machines\T32 Bis\Programmes\0361550.MZK
I> [23/01/2008 16:24:18] Programmes dans les fichiers demandés: Programme 113 (0361550), Programme 114 (0361550)
I> [23/01/2008 16:32:11] Réception: programme 113 (0361550)
I> [23/01/2008 16:32:29] Réception: programme 114 (0361550)
I> [23/01/2008 16:32:39] Fichier reçu: C:\machines\T32 Bis\Programmes\0361550.MZK
I> [23/01/2008 16:32:39] Programmes dans les fichiers demandés: Programme 113 (0361550), Programme 114 (0361550)
I> [23/01/2008 16:53:20] Appel depuis la CN de: 80070F AS
I> [23/01/2008 16:53:26] Le programme appelé depuis la CN est trouvé: C:\machines\T32 Bis\Programmes\SMTA\80070F AS.MZK
I> [23/01/2008 16:53:26] Programmes dans les fichiers demandés: Programme 4311 (80070F AS), Programme 4312 (80070F AS)
I> [23/01/2008 16:53:30] Emission de programme: Programme 4311 (80070F AS)
I> [23/01/2008 16:53:39] Emission de programme: Programme 4312 (80070F AS)
