I> [23/05/2012 05:39:56] Port activé avec succès.
I> [23/05/2012 09:26:03] Port activé avec succès.
I> [23/05/2012 17:10:47] Réception: programme 1317 (4805918A)
I> [23/05/2012 17:10:54] Réception: programme 1318 (4805918A)
I> [23/05/2012 17:11:07] Réception: programme 1319 (4805918A)
I> [23/05/2012 17:11:17] Réception: programme 1320 (4805918A)
I> [23/05/2012 17:11:34] Réception: programme 1321 (4805918A)
I> [23/05/2012 17:12:00] Réception: programme 1322 (4805918A)
I> [23/05/2012 17:12:09] Fichier existant sauvegardé: C:\MACHINES\T32 BIS\SAUVEGARDES\4805918A_01.MZK
I> [23/05/2012 17:12:09] Fichier reçu: C:\machines\T32 Bis\Programmes\4805918A.MZK
I> [23/05/2012 17:12:09] Programmes dans les fichiers demandés: Programme 1317 (4805918A), Programme 1318 (4805918A), Programme 1319 (4805918A), Programme 1320 (4805918A), Programme 1321 (4805918A), Programme 1322 (4805918A)
I> [23/05/2012 17:27:40] Appel depuis la CN de: 2976862C
I> [23/05/2012 17:27:45] Le programme appelé depuis la CN est trouvé: C:\machines\T32 Bis\Programmes\FLOWSERVE\2976862C.MZK
I> [23/05/2012 17:27:45] Programmes dans les fichiers demandés: Programme 433 (2976862C), Programme 436 (2976862C)
I> [23/05/2012 17:28:18] Emission de programme: Programme 433 (2976862C)
I> [23/05/2012 17:28:33] Emission de programme: Programme 436 (2976862C)
I> [23/05/2012 17:30:10] Appel depuis la CN de: 2976839C
E> [23/05/2012 17:30:15] N'a pu trouver le programme appelé depuis la CN: 2976839C.MZK [Premier répertoire recherché : C:\machines\T32 Bis\Programmes]
E> [23/05/2012 17:30:25] N'a pu émettre le fichier. [Previous remote request failed.]
E> [23/05/2012 17:30:26] N'a pu émettre le fichier. [Previous remote request failed.]
E> [23/05/2012 17:30:27] N'a pu émettre le fichier. [Previous remote request failed.]
I> [23/05/2012 17:32:59] Appel depuis la CN de: 2976839C 6
I> [23/05/2012 17:33:03] Le programme appelé depuis la CN est trouvé: C:\machines\T32 Bis\Programmes\FLOWSERVE\2976839C 6.MZK
I> [23/05/2012 17:33:03] Programmes dans les fichiers demandés: Programme 204 (2976839C 6), Programme 206 (2976839C 6)
I> [23/05/2012 17:33:07] Emission de programme: Programme 204 (2976839C 6)
I> [23/05/2012 17:33:25] Emission de programme: Programme 206 (2976839C 6)
I> [23/05/2012 20:48:06] Appel depuis la CN de: 2976862C
I> [23/05/2012 20:48:13] Le programme appelé depuis la CN est trouvé: C:\machines\T32 Bis\Programmes\FLOWSERVE\2976862C.MZK
I> [23/05/2012 20:48:13] Programmes dans les fichiers demandés: Programme 433 (2976862C), Programme 436 (2976862C)
I> [23/05/2012 20:48:23] Emission de programme: Programme 433 (2976862C)
