I> [23/02/06 12:43:39] Réception: programme 4063 (11270-01-01)
I> [23/02/06 12:44:07] Réception: programme 4065 (11270-01-01)
I> [23/02/06 12:44:21] Réception: programme 4067 (11270-01-01)
I> [23/02/06 12:44:56] Réception: programme 4070 (11270-01-01)
I> [23/02/06 12:45:13] Réception: programme 4100 (11270-01-01)
I> [23/02/06 12:45:46] Réception: programme 4101 (11270-01-01)
I> [23/02/06 12:46:14] Fichier reçu: C:\machines\T32\Programmes\11270-01-01.MZK
I> [23/02/06 12:46:15] Programmes dans les fichiers demandés: Programme 4063 (11270-01-01), Programme 4065 (11270-01-01), Programme 4067 (11270-01-01), Programme 4070 (11270-01-01), Programme 4100 (11270-01-01), Programme 4101 (11270-01-01)
I> [23/02/06 12:49:36] Appel depuis la CN de: 11270-55-01
I> [23/02/06 12:49:42] Le programme appelé depuis la CN est trouvé: C:\machines\T32\Programmes\La calhene\11270-55-01.MZK
I> [23/02/06 12:49:42] Programmes dans les fichiers demandés: Programme 4064 (11270-55-01), Programme 4066 (11270-55-01), Programme 4068 (11270-55-01), Programme 4099 (11270-55-01)
I> [23/02/06 12:49:53] Emission de programme: Programme 4064 (11270-55-01)
I> [23/02/06 12:50:24] Emission de programme: Programme 4066 (11270-55-01)
I> [23/02/06 12:50:37] Emission de programme: Programme 4068 (11270-55-01)
I> [23/02/06 12:51:04] Emission de programme: Programme 4099 (11270-55-01)
I> [23/02/06 12:51:43] Réception: programme 4064 (11270-55-01)
I> [23/02/06 12:52:14] Réception: programme 4066 (11270-55-01)
I> [23/02/06 12:52:28] Réception: programme 4068 (11270-55-01)
I> [23/02/06 12:52:55] Réception: programme 4099 (11270-55-01)
I> [23/02/06 12:53:18] Réception: programme 4101 (11270-55-01)
I> [23/02/06 12:53:45] Fichier reçu: C:\machines\T32\Programmes\11270-55-01.MZK
I> [23/02/06 12:53:46] Programmes dans les fichiers demandés: Programme 4064 (11270-55-01), Programme 4066 (11270-55-01), Programme 4068 (11270-55-01), Programme 4099 (11270-55-01), Programme 4101 (11270-55-01)
I> [23/02/06 13:03:56] Appel depuis la CN de: 4340-02-09A
I> [23/02/06 13:04:01] Le programme appelé depuis la CN est trouvé: C:\machines\T32\Programmes\La calhene\4340-02-09A.MZK
I> [23/02/06 13:04:01] Programmes dans les fichiers demandés: Programme 3762 (4340-02-09A), Programme 3763 (4340-02-09A)
I> [23/02/06 13:04:10] Emission de programme: Programme 3762 (4340-02-09A)
I> [23/02/06 13:04:39] Emission de programme: Programme 3763 (4340-02-09A)
