I> [23/04/2012 05:28:16] Port activé avec succès.
I> [23/04/2012 10:23:08] Réception: programme 1302 (322570)
I> [23/04/2012 10:23:42] Réception: programme 1304 (322570)
I> [23/04/2012 10:24:04] Réception: programme 1308 (322570)
I> [23/04/2012 10:24:13] Fichier reçu: C:\machines\T32 Bis\Programmes\322570.MZK
I> [23/04/2012 10:24:13] Programmes dans les fichiers demandés: Programme 1302 (322570), Programme 1304 (322570), Programme 1308 (322570)
E> [23/04/2012 11:08:10] N'a pu émettre le fichier: C:\machines\T32 Bis\Programmes\322570.MZK [Le système ne peut pas lire le périphérique indiqué]
I> [23/04/2012 11:08:32] Appel depuis la CN de: 3972948A-4
I> [23/04/2012 11:08:36] Le programme appelé depuis la CN est trouvé: C:\machines\T32 Bis\Programmes\3972948A-4.MZK
I> [23/04/2012 11:08:37] Programmes dans les fichiers demandés: Programme 336, Données d'outil, Programme 309, Données d'outil, Programme 24, Données d'outil
I> [23/04/2012 11:08:51] Emission de programme: Programme 24
I> [23/04/2012 11:08:57] Emission de programme: Données d'outil
I> [23/04/2012 13:51:10] Appel depuis la CN de: 5998154A
I> [23/04/2012 13:51:16] Le programme appelé depuis la CN est trouvé: C:\machines\T32 Bis\Programmes\FLOWSERVE\5998154A.MZK
I> [23/04/2012 13:51:16] Programmes dans les fichiers demandés: Programme 861 (5998154A)
I> [23/04/2012 13:51:27] Appel depuis la CN de: 5998154A
I> [23/04/2012 13:51:34] Le programme appelé depuis la CN est trouvé: C:\machines\T32 Bis\Programmes\FLOWSERVE\5998154A.MZK
I> [23/04/2012 13:51:34] Programmes dans les fichiers demandés: Programme 861 (5998154A)
I> [23/04/2012 13:51:35] Emission de programme: Programme 861 (5998154A)
I> [23/04/2012 13:53:47] Appel depuis la CN de: 5998154B
I> [23/04/2012 13:53:54] Le programme appelé depuis la CN est trouvé: C:\machines\T32 Bis\Programmes\5998154B.MZK
I> [23/04/2012 13:53:54] Programmes dans les fichiers demandés: Programme 5251 (5998154A), Programme 5252 (5998154A), Programme 5253 (5998154A), Programme 5257 (5998154A)
I> [23/04/2012 13:54:04] Appel depuis la CN de: 5998154B
I> [23/04/2012 13:54:08] Le programme appelé depuis la CN est trouvé: C:\machines\T32 Bis\Programmes\5998154B.MZK
I> [23/04/2012 13:54:08] Programmes dans les fichiers demandés: Programme 5251 (5998154A), Programme 5252 (5998154A), Programme 5253 (5998154A), Programme 5257 (5998154A)
I> [23/04/2012 13:54:19] Appel depuis la CN de: 5998154B
I> [23/04/2012 13:54:26] Le programme appelé depuis la CN est trouvé: C:\machines\T32 Bis\Programmes\5998154B.MZK
I> [23/04/2012 13:54:26] Programmes dans les fichiers demandés: Programme 5251 (5998154A), Programme 5252 (5998154A), Programme 5253 (5998154A), Programme 5257 (5998154A)
I> [23/04/2012 13:54:29] Emission de programme: Programme 5251 (5998154A)
I> [23/04/2012 13:54:36] Emission de programme: Programme 5252 (5998154A)
I> [23/04/2012 13:54:43] Emission de programme: Programme 5253 (5998154A)
I> [23/04/2012 13:54:48] Emission de programme: Programme 5257 (5998154A)
I> [23/04/2012 14:12:04] Appel depuis la CN de: 3970587
E> [23/04/2012 14:12:09] N'a pu émettre le fichier: C:\machines\T32 Bis\Programmes\5998154B.MZK [Le système ne peut pas lire le périphérique indiqué]
I> [23/04/2012 14:12:09] Le programme appelé depuis la CN est trouvé: C:\machines\T32 Bis\Programmes\3970587.MZK
I> [23/04/2012 14:12:09] Programmes dans les fichiers demandés: Programme 5206 (3970587), Programme 5207 (3970587), Programme 5208 (3970587)
I> [23/04/2012 14:12:20] Appel depuis la CN de: 3970587
I> [23/04/2012 14:12:25] Le programme appelé depuis la CN est trouvé: C:\machines\T32 Bis\Programmes\3970587.MZK
I> [23/04/2012 14:12:25] Programmes dans les fichiers demandés: Programme 5206 (3970587), Programme 5207 (3970587), Programme 5208 (3970587)
I> [23/04/2012 14:13:26] Emission de programme: Programme 5206 (3970587)
I> [23/04/2012 14:13:35] Emission de programme: Programme 5207 (3970587)
I> [23/04/2012 14:13:48] Emission de programme: Programme 5208 (3970587)
