I> [23/03/2010 07:33:39] Port activé avec succès.
I> [23/03/2010 15:15:21] Réception: programme 813 (4803109E)
I> [23/03/2010 15:15:42] Fichier reçu: C:\machines\T32 Bis\Programmes\4803109E.MZK
I> [23/03/2010 15:15:42] Programmes dans les fichiers demandés: Programme 813 (4803109E)
I> [23/03/2010 15:26:38] Appel depuis la CN de: 2974885D 2
I> [23/03/2010 15:26:43] Le programme appelé depuis la CN est trouvé: C:\machines\T32 Bis\Programmes\FLOWSERVE\2974885D 2.MZK
I> [23/03/2010 15:26:43] Programmes dans les fichiers demandés: Programme 4224 (2974885D 2), Programme 4225 (2974885D 2)
I> [23/03/2010 15:26:55] Emission de programme: Programme 4224 (2974885D 2)
I> [23/03/2010 15:27:21] Emission de programme: Programme 4225 (2974885D 2)
I> [23/03/2010 18:46:27] Appel depuis la CN de: 30207200101
E> [23/03/2010 18:46:32] N'a pu trouver le programme appelé depuis la CN: 30207200101.MZK [Premier répertoire recherché : C:\machines\T32 Bis\Programmes]
E> [23/03/2010 18:46:32] N'a pu émettre le fichier. [Previous remote request failed.]
E> [23/03/2010 18:46:36] N'a pu émettre le fichier. [Previous remote request failed.]
I> [23/03/2010 18:46:42] Appel depuis la CN de: 30207200101
E> [23/03/2010 18:46:46] N'a pu émettre le fichier. [Previous remote request failed.]
E> [23/03/2010 18:46:46] N'a pu trouver le programme appelé depuis la CN: 30207200101.MZK [Premier répertoire recherché : C:\machines\T32 Bis\Programmes]
I> [23/03/2010 18:47:06] Appel depuis la CN de: 30270300101
I> [23/03/2010 18:47:11] Le programme appelé depuis la CN est trouvé: C:\machines\T32 Bis\Programmes\30270300101.MZK
I> [23/03/2010 18:47:11] Programmes dans les fichiers demandés: Programme 3561 (30270300101), Programme 4084 (30270300101), Programme 4087 (30270300101), Programme 4088 (30270300101), Programme 5082 (30270300101), Programme 5083 (30270300101), Programme 5110 (30270300101), Programme 5111 (30270300101)
I> [23/03/2010 18:47:26] Emission de programme: Programme 5111 (30270300101)
