I> [23/09/2009 07:13:52] Port activé avec succès.
I> [23/09/2009 07:57:44] Réception: programme 680 (D42-D30-L45)
I> [23/09/2009 07:57:56] Fichier reçu: C:\machines\T32 Bis\Programmes\D42-D30-L45.MZK
I> [23/09/2009 07:57:57] Programmes dans les fichiers demandés: Programme 680 (D42-D30-L45)
I> [23/09/2009 08:15:07] Appel depuis la CN de: P362734J
E> [23/09/2009 08:15:12] N'a pu trouver le programme appelé depuis la CN: P362734J.MZK [Premier répertoire recherché : C:\machines\T32 Bis\Programmes]
E> [23/09/2009 08:15:12] N'a pu émettre le fichier. [Previous remote request failed.]
E> [23/09/2009 08:15:13] N'a pu émettre le fichier. [Previous remote request failed.]
I> [23/09/2009 08:15:40] Appel depuis la CN de: P362734I
I> [23/09/2009 08:15:46] Le programme appelé depuis la CN est trouvé: C:\machines\T32 Bis\Programmes\TOKHEIM\P362734I.MZK
I> [23/09/2009 08:15:46] Programmes dans les fichiers demandés: Programme 4 (P362734I)
I> [23/09/2009 08:15:50] Emission de programme: Programme 4 (P362734I)
I> [23/09/2009 13:04:40] Réception: programme 672 (6120B)
I> [23/09/2009 13:04:44] Réception: programme 673 (6120B)
I> [23/09/2009 13:04:49] Réception: programme 674 (6120B)
I> [23/09/2009 13:04:54] Réception: programme 675 (6120B)
I> [23/09/2009 13:05:23] Réception: programme 676 (6120B)
I> [23/09/2009 13:05:31] Fichier reçu: C:\machines\T32 Bis\Programmes\6120B.MZK
I> [23/09/2009 13:05:31] Programmes dans les fichiers demandés: Programme 672 (6120B), Programme 673 (6120B), Programme 674 (6120B), Programme 675 (6120B), Programme 676 (6120B)
I> [23/09/2009 20:54:36] Port activé avec succès.
