I> [23/07/2018 06:05:06] Port activé avec succès.
I> [23/07/2018 09:46:38] Appel depuis la CN de: AE6627962
I> [23/07/2018 09:46:43] Le programme appelé depuis la CN est trouvé: C:\machines\T32 Bis\Programmes\AE6627962.MZK
I> [23/07/2018 09:46:43] Programmes dans les fichiers demandés: Programme 7, Données d'outil, Programme 13, Données d'outil, Programme 9, Données d'outil, Programme 10, Données d'outil
I> [23/07/2018 09:47:07] Emission de programme: Programme 7
I> [23/07/2018 09:47:09] Emission de programme: Données d'outil
I> [23/07/2018 09:47:10] Emission de programme: Programme 13
I> [23/07/2018 09:47:13] Emission de programme: Données d'outil
I> [23/07/2018 09:47:14] Emission de programme: Programme 9
I> [23/07/2018 09:47:16] Emission de programme: Données d'outil
I> [23/07/2018 09:47:17] Emission de programme: Programme 10
I> [23/07/2018 09:47:20] Emission de programme: Données d'outil
I> [23/07/2018 20:53:45] Appel depuis la CN de: 6683642A
I> [23/07/2018 20:53:50] Le programme appelé depuis la CN est trouvé: C:\machines\T32 Bis\Programmes\AMADA\6683642A.MZK
I> [23/07/2018 20:53:51] Programmes dans les fichiers demandés: Programme 1624 (6683642A), Programme 1625 (6683642A)
I> [23/07/2018 20:54:15] Emission de programme: Programme 1624 (6683642A)
I> [23/07/2018 20:54:25] Emission de programme: Programme 1625 (6683642A)
I> [23/07/2018 21:01:17] Réception: programme 1624 (6683642A)
I> [23/07/2018 21:01:28] Réception: programme 1625 (6683642A)
I> [23/07/2018 21:01:37] Réception: programme 1627 (6683642A)
I> [23/07/2018 21:01:45] Fichier reçu: C:\machines\T32 Bis\Programmes\6683642A.MZK
I> [23/07/2018 21:01:45] Programmes dans les fichiers demandés: Programme 1624 (6683642A), Programme 1625 (6683642A), Programme 1627 (6683642A)
