I> [23/03/2007 06:40:44] Port activé avec succès.
I> [23/03/2007 10:13:29] Réception: programme 4400 (5999340A)
I> [23/03/2007 10:13:39] Réception: programme 4401 (5999340A)
I> [23/03/2007 10:13:58] Fichier reçu: C:\machines\T32\Programmes\5999340A.MZK
I> [23/03/2007 10:13:58] Programmes dans les fichiers demandés: Programme 4400 (5999340A), Programme 4401 (5999340A)
I> [23/03/2007 10:20:54] Appel depuis la CN de: 29733979C 3
E> [23/03/2007 10:21:00] N'a pu trouver le programme appelé depuis la CN: 29733979C 3.MZK [Premier répertoire recherché : C:\machines\T32\Programmes]
E> [23/03/2007 10:21:05] N'a pu émettre le fichier. [Previous remote request failed.]
I> [23/03/2007 10:21:33] Appel depuis la CN de: 2973979C 3
E> [23/03/2007 10:21:39] N'a pu émettre le fichier. [Previous remote request failed.]
I> [23/03/2007 10:21:40] Le programme appelé depuis la CN est trouvé: C:\machines\T32\Programmes\DRESSER\2973979C 3.MZK
I> [23/03/2007 10:21:40] Programmes dans les fichiers demandés: Programme 4321 (2973979C 3), Programme 4322 (2973979C 3)
I> [23/03/2007 10:22:04] Appel depuis la CN de: 2973979C 3
I> [23/03/2007 10:22:13] Le programme appelé depuis la CN est trouvé: C:\machines\T32\Programmes\DRESSER\2973979C 3.MZK
I> [23/03/2007 10:22:13] Programmes dans les fichiers demandés: Programme 4321 (2973979C 3), Programme 4322 (2973979C 3)
I> [23/03/2007 10:22:15] Emission de programme: Programme 4321 (2973979C 3)
I> [23/03/2007 10:22:39] Emission de programme: Programme 4322 (2973979C 3)
I> [23/03/2007 10:23:55] Appel depuis la CN de: 2973968B 3
I> [23/03/2007 10:24:03] Le programme appelé depuis la CN est trouvé: C:\machines\T32\Programmes\DRESSER\2973968B 3.MZK
I> [23/03/2007 10:24:04] Programmes dans les fichiers demandés: Programme 4072 (2973968B 3), Programme 4073 (2973968B 3)
I> [23/03/2007 10:24:16] Appel depuis la CN de: 2973968B 3
I> [23/03/2007 10:24:25] Le programme appelé depuis la CN est trouvé: C:\machines\T32\Programmes\DRESSER\2973968B 3.MZK
I> [23/03/2007 10:24:25] Programmes dans les fichiers demandés: Programme 4072 (2973968B 3), Programme 4073 (2973968B 3)
I> [23/03/2007 10:24:27] Emission de programme: Programme 4072 (2973968B 3)
I> [23/03/2007 10:24:53] Emission de programme: Programme 4073 (2973968B 3)
