I> [23/07/2013 07:39:19] Port activé avec succès.
I> [23/07/2013 12:35:36] Réception: programme 1295 (1149764201A)
I> [23/07/2013 12:35:49] Réception: programme 1299 (1149764201A)
I> [23/07/2013 12:36:02] Fichier reçu: C:\machines\T32 Bis\Programmes\1149764201A.MZK
I> [23/07/2013 12:36:02] Programmes dans les fichiers demandés: Programme 1295 (1149764201A), Programme 1299 (1149764201A)
I> [23/07/2013 12:52:38] Appel depuis la CN de: U0012 GMALE
I> [23/07/2013 12:52:44] Le programme appelé depuis la CN est trouvé: C:\machines\T32 Bis\Programmes\SECMAIR\U0012 GMALE.MZK
I> [23/07/2013 12:52:44] Programmes dans les fichiers demandés: Programme 1496 (U0012 GMALE)
I> [23/07/2013 12:54:08] Emission de programme: Programme 1496 (U0012 GMALE)
I> [23/07/2013 12:56:38] Appel depuis la CN de: U0012-01
I> [23/07/2013 12:56:43] Le programme appelé depuis la CN est trouvé: C:\machines\T32 Bis\Programmes\U0012-01.MZK
I> [23/07/2013 12:56:43] Programmes dans les fichiers demandés: Programme 25, Données d'outil, Programme 5, Données d'outil, Programme 5, Données d'outil
I> [23/07/2013 12:57:22] Emission de programme: Programme 5
I> [23/07/2013 12:57:24] Emission de programme: Données d'outil
I> [23/07/2013 12:57:25] Emission de programme: Programme 5
I> [23/07/2013 12:57:26] Emission de programme: Données d'outil
I> [23/07/2013 16:47:58] Appel depuis la CN de: 1127305004B
I> [23/07/2013 16:48:03] Le programme appelé depuis la CN est trouvé: C:\machines\T32 Bis\Programmes\1127305004B.MZK
I> [23/07/2013 16:48:03] Programmes dans les fichiers demandés: Programme 6, Données d'outil, Programme 21, Données d'outil, Programme 15, Données d'outil, Programme 10, Données d'outil, Programme 11, Données d'outil, Programme 11, Données d'outil, Programme 46, Données d'outil, Programme 27, Données d'outil
I> [23/07/2013 16:48:14] Emission de programme: Programme 6
I> [23/07/2013 16:48:16] Emission de programme: Données d'outil
I> [23/07/2013 16:48:17] Emission de programme: Programme 21
I> [23/07/2013 16:48:22] Emission de programme: Données d'outil
I> [23/07/2013 16:48:24] Emission de programme: Programme 15
I> [23/07/2013 16:48:27] Emission de programme: Données d'outil
I> [23/07/2013 16:48:28] Emission de programme: Programme 10
I> [23/07/2013 16:48:31] Emission de programme: Données d'outil
I> [23/07/2013 16:48:32] Emission de programme: Programme 11
I> [23/07/2013 16:48:34] Emission de programme: Données d'outil
I> [23/07/2013 16:48:35] Emission de programme: Programme 11
I> [23/07/2013 16:48:38] Emission de programme: Données d'outil
I> [23/07/2013 16:48:39] Emission de programme: Programme 46
I> [23/07/2013 16:48:48] Emission de programme: Données d'outil
I> [23/07/2013 16:48:50] Emission de programme: Programme 27
I> [23/07/2013 16:48:56] Emission de programme: Données d'outil
