I> [23/01/2017 05:04:32] Port activé avec succès.
I> [23/01/2017 05:37:23] Appel depuis la CN de: FZ59988-01
I> [23/01/2017 05:37:28] Le programme appelé depuis la CN est trouvé: C:\machines\T32 Bis\Programmes\FLOWSERVE\FZ59988-01.MZK
I> [23/01/2017 05:37:28] Programmes dans les fichiers demandés: Programme 1576 (FZ59988-01), Programme 1577 (FZ59988-01)
I> [23/01/2017 05:37:40] Emission de programme: Programme 1576 (FZ59988-01)
I> [23/01/2017 05:37:58] Emission de programme: Programme 1577 (FZ59988-01)
I> [23/01/2017 15:39:00] Appel depuis la CN de: FZ59988-01
I> [23/01/2017 15:39:05] Le programme appelé depuis la CN est trouvé: C:\machines\T32 Bis\Programmes\FLOWSERVE\FZ59988-01.MZK
I> [23/01/2017 15:39:05] Programmes dans les fichiers demandés: Programme 1576 (FZ59988-01), Programme 1577 (FZ59988-01)
I> [23/01/2017 15:39:27] Appel depuis la CN de: 30270300201
I> [23/01/2017 15:39:32] Le programme appelé depuis la CN est trouvé: C:\machines\T32 Bis\Programmes\LA CALHENE\30270300201.MZK
I> [23/01/2017 15:39:32] Programmes dans les fichiers demandés: Programme 1389 (30270300201), Programme 1390 (30270300201), Programme 1393 (30270300201), Programme 1394 (30270300201), Programme 1578 (30270300201)
I> [23/01/2017 15:39:42] Emission de programme: Programme 1389 (30270300201)
I> [23/01/2017 15:39:47] Emission de programme: Programme 1390 (30270300201)
I> [23/01/2017 15:39:59] Emission de programme: Programme 1393 (30270300201)
I> [23/01/2017 15:40:12] Emission de programme: Programme 1578 (30270300201)
I> [23/01/2017 15:42:12] Réception: programme 1389 (30270300201)
I> [23/01/2017 15:42:18] Réception: programme 1390 (30270300201)
I> [23/01/2017 15:42:29] Réception: programme 1393 (30270300201)
I> [23/01/2017 15:42:42] Réception: programme 1394 (30270300201)
I> [23/01/2017 15:43:21] Réception: programme 1578 (30270300201)
I> [23/01/2017 15:43:32] Fichier reçu: C:\machines\T32 Bis\Programmes\30270300201.MZK
I> [23/01/2017 15:43:32] Programmes dans les fichiers demandés: Programme 1389 (30270300201), Programme 1390 (30270300201), Programme 1393 (30270300201), Programme 1394 (30270300201), Programme 1578 (30270300201)
I> [23/01/2017 15:57:37] Appel depuis la CN de: 212700501
I> [23/01/2017 15:57:42] Le programme appelé depuis la CN est trouvé: C:\machines\T32 Bis\Programmes\LA CALHENE\212700501.MZK
I> [23/01/2017 15:57:42] Programmes dans les fichiers demandés: Programme 1463 (212700501), Programme 1464 (212700501), Programme 1465 (212700501), Programme 1466 (212700501), Programme 1467 (212700501)
I> [23/01/2017 15:57:47] Emission de programme: Programme 1463 (212700501)
I> [23/01/2017 15:58:20] Emission de programme: Programme 1464 (212700501)
I> [23/01/2017 15:58:49] Emission de programme: Programme 1465 (212700501)
I> [23/01/2017 15:59:40] Emission de programme: Programme 1466 (212700501)
I> [23/01/2017 16:00:10] Emission de programme: Programme 1467 (212700501)
I> [23/01/2017 19:03:40] Emission de programme: Programme 1463 (212700501)
I> [23/01/2017 19:04:36] Emission de programme: Programme 1463 (212700501)
I> [23/01/2017 19:07:08] Appel depuis la CN de: 212700501
I> [23/01/2017 19:07:13] Le programme appelé depuis la CN est trouvé: C:\machines\T32 Bis\Programmes\LA CALHENE\212700501.MZK
I> [23/01/2017 19:07:13] Programmes dans les fichiers demandés: Programme 1463 (212700501), Programme 1464 (212700501), Programme 1465 (212700501), Programme 1466 (212700501), Programme 1467 (212700501)
I> [23/01/2017 19:07:20] Emission de programme: Programme 1464 (212700501)
I> [23/01/2017 19:07:48] Emission de programme: Programme 1465 (212700501)
I> [23/01/2017 19:08:38] Emission de programme: Programme 1466 (212700501)
I> [23/01/2017 19:09:08] Emission de programme: Programme 1467 (212700501)
