I> [23/05/2016 04:55:45] Port activé avec succès.
I> [23/05/2016 05:29:30] Appel depuis la CN de: 113500103L
E> [23/05/2016 05:29:34] N'a pu émettre le fichier: C:\machines\T32 Bis\Programmes\21270080201.MZK [Le système ne peut pas lire le périphérique indiqué]
I> [23/05/2016 05:29:35] Le programme appelé depuis la CN est trouvé: C:\machines\T32 Bis\Programmes\113500103L.MZK
I> [23/05/2016 05:29:35] Programmes dans les fichiers demandés: Programme 1000 (113500103L), Programme 1435 (113500103L), Programme 1001 (113500103L), Programme 1002 (113500103L), Programme 1003 (113500103L)
I> [23/05/2016 05:29:48] Emission de programme: Programme 1000 (113500103L)
I> [23/05/2016 05:29:54] Emission de programme: Programme 1435 (113500103L)
I> [23/05/2016 05:30:00] Emission de programme: Programme 1001 (113500103L)
I> [23/05/2016 05:31:14] Emission de programme: Programme 1003 (113500103L)
I> [23/05/2016 05:34:44] Réception: programme 1000 (113500103L)
I> [23/05/2016 05:34:50] Réception: programme 1435 (113500103L)
I> [23/05/2016 05:34:56] Réception: programme 1001 (113500103L)
I> [23/05/2016 05:36:09] Réception: programme 1002 (113500103L)
I> [23/05/2016 05:36:33] Réception: programme 1003 (113500103L)
I> [23/05/2016 05:37:06] Fichier existant sauvegardé: C:\MACHINES\T32 BIS\SAUVEGARDES\113500103L_02.MZK
I> [23/05/2016 05:37:06] Fichier reçu: C:\machines\T32 Bis\Programmes\113500103L.MZK
I> [23/05/2016 05:37:06] Programmes dans les fichiers demandés: Programme 1000 (113500103L), Programme 1435 (113500103L), Programme 1001 (113500103L), Programme 1002 (113500103L), Programme 1003 (113500103L)
I> [23/05/2016 06:08:46] Appel depuis la CN de: 11270-55-01
E> [23/05/2016 06:08:51] N'a pu émettre le fichier: C:\machines\T32 Bis\Programmes\113500103L.MZK [Le système ne peut pas lire le périphérique indiqué]
I> [23/05/2016 06:08:51] Le programme appelé depuis la CN est trouvé: C:\machines\T32 Bis\Programmes\LA CALHENE\11270-55-01.MZK
I> [23/05/2016 06:08:52] Programmes dans les fichiers demandés: Programme 1438 (11270-55-01), Programme 1439 (11270-55-01), Programme 1440 (11270-55-01), Programme 1441 (11270-55-01)
I> [23/05/2016 06:08:59] Emission de programme: Programme 1438 (11270-55-01)
I> [23/05/2016 06:10:56] Emission de programme: Programme 1439 (11270-55-01)
I> [23/05/2016 06:11:08] Emission de programme: Programme 1440 (11270-55-01)
I> [23/05/2016 06:13:12] Appel depuis la CN de: 11270-01-01
I> [23/05/2016 06:13:24] Le programme appelé depuis la CN est trouvé: C:\machines\T32 Bis\Programmes\LA CALHENE\11270-01-01.MZK
I> [23/05/2016 06:13:24] Programmes dans les fichiers demandés: Programme 739 (11270-01-01), Programme 1438 (11270-01-01), Programme 1439 (11270-01-01)
I> [23/05/2016 06:13:37] Appel depuis la CN de: 11270-01-01
I> [23/05/2016 06:13:44] Le programme appelé depuis la CN est trouvé: C:\machines\T32 Bis\Programmes\LA CALHENE\11270-01-01.MZK
I> [23/05/2016 06:13:44] Programmes dans les fichiers demandés: Programme 739 (11270-01-01), Programme 1438 (11270-01-01), Programme 1439 (11270-01-01)
I> [23/05/2016 06:13:51] Emission de programme: Programme 739 (11270-01-01)
I> [23/05/2016 06:14:44] Appel depuis la CN de: 112705501
I> [23/05/2016 06:14:53] Le programme appelé depuis la CN est trouvé: C:\machines\T32 Bis\Programmes\LA CALHENE\112705501.MZK
I> [23/05/2016 06:14:53] Programmes dans les fichiers demandés: Programme 1534 (112705501), Programme 1439 (112705501), Programme 1440 (112705501), Programme 1441 (112705501)
I> [23/05/2016 06:14:59] Appel depuis la CN de: 112705501
I> [23/05/2016 06:15:06] Le programme appelé depuis la CN est trouvé: C:\machines\T32 Bis\Programmes\LA CALHENE\112705501.MZK
I> [23/05/2016 06:15:06] Programmes dans les fichiers demandés: Programme 1534 (112705501), Programme 1439 (112705501), Programme 1440 (112705501), Programme 1441 (112705501)
I> [23/05/2016 06:15:16] Emission de programme: Programme 1534 (112705501)
