I> [23/03/2009 05:09:14] Port activé avec succès.
I> [23/03/2009 16:23:30] Appel depuis la CN de: 10302636802
I> [23/03/2009 16:23:43] Le programme appelé depuis la CN est trouvé: C:\machines\T32 Bis\Programmes\ARO\10302636802.MZK
I> [23/03/2009 16:23:43] Programmes dans les fichiers demandés: Programme 510 (10302636802), Programme 511 (10302636802), Programme 512 (10302636802), Programme 513 (10302636802), Programme 514 (10302636802), Programme 515 (10302636802)
I> [23/03/2009 16:24:09] Appel depuis la CN de: 10302636802
I> [23/03/2009 16:24:22] Le programme appelé depuis la CN est trouvé: C:\machines\T32 Bis\Programmes\ARO\10302636802.MZK
I> [23/03/2009 16:24:23] Programmes dans les fichiers demandés: Programme 510 (10302636802), Programme 511 (10302636802), Programme 512 (10302636802), Programme 513 (10302636802), Programme 514 (10302636802), Programme 515 (10302636802)
I> [23/03/2009 16:26:41] Appel depuis la CN de: 10302636802
I> [23/03/2009 16:26:46] Le programme appelé depuis la CN est trouvé: C:\machines\T32 Bis\Programmes\ARO\10302636802.MZK
I> [23/03/2009 16:26:47] Programmes dans les fichiers demandés: Programme 510 (10302636802), Programme 511 (10302636802), Programme 512 (10302636802), Programme 513 (10302636802), Programme 514 (10302636802), Programme 515 (10302636802)
I> [23/03/2009 16:27:00] Appel depuis la CN de: 10302636802
I> [23/03/2009 16:27:05] Le programme appelé depuis la CN est trouvé: C:\machines\T32 Bis\Programmes\ARO\10302636802.MZK
I> [23/03/2009 16:27:05] Programmes dans les fichiers demandés: Programme 510 (10302636802), Programme 511 (10302636802), Programme 512 (10302636802), Programme 513 (10302636802), Programme 514 (10302636802), Programme 515 (10302636802)
I> [23/03/2009 16:27:39] Appel depuis la CN de: 10302636802
I> [23/03/2009 16:27:44] Le programme appelé depuis la CN est trouvé: C:\machines\T32 Bis\Programmes\ARO\10302636802.MZK
I> [23/03/2009 16:27:44] Programmes dans les fichiers demandés: Programme 510 (10302636802), Programme 511 (10302636802), Programme 512 (10302636802), Programme 513 (10302636802), Programme 514 (10302636802), Programme 515 (10302636802)
I> [23/03/2009 16:28:54] Port arrêté.
I> [23/03/2009 16:28:59] Port activé avec succès.
I> [23/03/2009 16:29:53] Appel depuis la CN de: 10302636802
I> [23/03/2009 16:29:58] Le programme appelé depuis la CN est trouvé: C:\machines\T32 Bis\Programmes\ARO\10302636802.MZK
I> [23/03/2009 16:29:58] Programmes dans les fichiers demandés: Programme 510 (10302636802), Programme 511 (10302636802), Programme 512 (10302636802), Programme 513 (10302636802), Programme 514 (10302636802), Programme 515 (10302636802)
I> [23/03/2009 16:30:05] Emission de programme: Programme 510 (10302636802)
I> [23/03/2009 16:30:12] Emission de programme: Programme 511 (10302636802)
I> [23/03/2009 16:30:29] Emission de programme: Programme 512 (10302636802)
I> [23/03/2009 16:30:51] Emission de programme: Programme 513 (10302636802)
I> [23/03/2009 16:31:01] Emission de programme: Programme 514 (10302636802)
I> [23/03/2009 16:31:19] Emission de programme: Programme 515 (10302636802)
I> [23/03/2009 16:41:04] Réception: programme 510 (10302636802)
I> [23/03/2009 16:41:11] Réception: programme 511 (10302636802)
I> [23/03/2009 16:41:28] Réception: programme 512 (10302636802)
I> [23/03/2009 16:41:50] Réception: programme 513 (10302636802)
I> [23/03/2009 16:42:00] Réception: programme 514 (10302636802)
I> [23/03/2009 16:42:18] Réception: programme 515 (10302636802)
I> [23/03/2009 16:42:46] Fichier reçu: C:\machines\T32 Bis\Programmes\10302636802.MZK
I> [23/03/2009 16:42:46] Programmes dans les fichiers demandés: Programme 510 (10302636802), Programme 511 (10302636802), Programme 512 (10302636802), Programme 513 (10302636802), Programme 514 (10302636802), Programme 515 (10302636802)
