I> [23/03/2012 05:28:17] Port activé avec succès.
I> [23/03/2012 05:34:01] Port activé avec succès.
I> [23/03/2012 06:21:43] Appel depuis la CN de: 2976835D
I> [23/03/2012 06:21:47] Le programme appelé depuis la CN est trouvé: C:\machines\T32 Bis\Programmes\FLOWSERVE\2976835D.MZK
I> [23/03/2012 06:21:48] Programmes dans les fichiers demandés: Programme 50 (2976835D), Programme 51 (2976835D)
I> [23/03/2012 06:21:52] Emission de programme: Programme 50 (2976835D)
I> [23/03/2012 06:22:04] Emission de programme: Programme 51 (2976835D)
I> [23/03/2012 06:22:39] Appel depuis la CN de: 2976835D
I> [23/03/2012 06:22:43] Le programme appelé depuis la CN est trouvé: C:\machines\T32 Bis\Programmes\FLOWSERVE\2976835D.MZK
I> [23/03/2012 06:22:43] Programmes dans les fichiers demandés: Programme 50 (2976835D), Programme 51 (2976835D)
I> [23/03/2012 06:22:52] Appel depuis la CN de: 2976836D
I> [23/03/2012 06:22:57] Le programme appelé depuis la CN est trouvé: C:\machines\T32 Bis\Programmes\FLOWSERVE\2976836D.MZK
I> [23/03/2012 06:22:57] Programmes dans les fichiers demandés: Programme 126 (2976836D), Programme 129 (2976836D)
I> [23/03/2012 06:23:02] Emission de programme: Programme 126 (2976836D)
I> [23/03/2012 06:23:18] Emission de programme: Programme 129 (2976836D)
I> [23/03/2012 06:23:51] Appel depuis la CN de: 2976862C
I> [23/03/2012 06:23:55] Le programme appelé depuis la CN est trouvé: C:\machines\T32 Bis\Programmes\FLOWSERVE\2976862C.MZK
I> [23/03/2012 06:23:55] Programmes dans les fichiers demandés: Programme 433 (2976862C), Programme 436 (2976862C)
I> [23/03/2012 06:24:05] Emission de programme: Programme 433 (2976862C)
I> [23/03/2012 06:24:20] Emission de programme: Programme 436 (2976862C)
