I> [23/09/2008 05:24:22] Port activé avec succès.
I> [23/09/2008 05:30:19] Appel depuis la CN de: 3984608A 3
E> [23/09/2008 05:30:23] N'a pu émettre le fichier: C:\machines\T32 Bis\Programmes\LA CALHENE\121900401G.MZK [Le système ne peut pas lire le périphérique indiqué]
I> [23/09/2008 05:30:24] Le programme appelé depuis la CN est trouvé: C:\machines\T32 Bis\Programmes\DRESSER\3984608A 3.MZK
I> [23/09/2008 05:30:24] Programmes dans les fichiers demandés: Programme 4266 (3984608A 3), Programme 4267 (3984608A 3)
I> [23/09/2008 05:30:46] Emission de programme: Programme 4266 (3984608A 3)
I> [23/09/2008 05:31:07] Emission de programme: Programme 4267 (3984608A 3)
I> [23/09/2008 05:31:50] Appel depuis la CN de: 3984610A
I> [23/09/2008 05:31:58] Le programme appelé depuis la CN est trouvé: C:\machines\T32 Bis\Programmes\DRESSER\3984610A.MZK
I> [23/09/2008 05:31:58] Programmes dans les fichiers demandés: Programme 39 (3984610A), Programme 47 (3984610A)
I> [23/09/2008 05:32:06] Emission de programme: Programme 39 (3984610A)
I> [23/09/2008 05:32:26] Emission de programme: Programme 47 (3984610A)
I> [23/09/2008 12:06:13] Appel depuis la CN de: 2978653A-3
E> [23/09/2008 12:06:18] N'a pu trouver le programme appelé depuis la CN: 2978653A-3.MZK [Premier répertoire recherché : C:\machines\T32 Bis\Programmes]
E> [23/09/2008 12:06:23] N'a pu émettre le fichier. [Previous remote request failed.]
E> [23/09/2008 12:06:24] N'a pu émettre le fichier. [Previous remote request failed.]
E> [23/09/2008 12:06:25] N'a pu émettre le fichier. [Previous remote request failed.]
E> [23/09/2008 12:06:26] N'a pu émettre le fichier. [Previous remote request failed.]
E> [23/09/2008 12:06:27] N'a pu émettre le fichier. [Previous remote request failed.]
E> [23/09/2008 12:06:27] N'a pu émettre le fichier. [Previous remote request failed.]
E> [23/09/2008 12:06:27] N'a pu émettre le fichier. [Previous remote request failed.]
E> [23/09/2008 12:06:28] N'a pu émettre le fichier. [Previous remote request failed.]
E> [23/09/2008 12:06:28] N'a pu émettre le fichier. [Previous remote request failed.]
E> [23/09/2008 12:06:29] N'a pu émettre le fichier. [Previous remote request failed.]
E> [23/09/2008 12:06:29] N'a pu émettre le fichier. [Previous remote request failed.]
I> [23/09/2008 12:07:01] Appel depuis la CN de: 2978653A-3
E> [23/09/2008 12:07:05] N'a pu émettre le fichier. [Previous remote request failed.]
E> [23/09/2008 12:07:05] N'a pu trouver le programme appelé depuis la CN: 2978653A-3.MZK [Premier répertoire recherché : C:\machines\T32 Bis\Programmes]
I> [23/09/2008 12:08:43] Appel depuis la CN de: 2978653A 3
E> [23/09/2008 12:08:48] N'a pu émettre le fichier. [Previous remote request failed.]
I> [23/09/2008 12:08:48] Le programme appelé depuis la CN est trouvé: C:\machines\T32 Bis\Programmes\DRESSER\2978653A 3.MZK
I> [23/09/2008 12:08:48] Programmes dans les fichiers demandés: Programme 164 (2978653A 3), Programme 169 (2978653A 3)
I> [23/09/2008 12:08:58] Emission de programme: Programme 164 (2978653A 3)
I> [23/09/2008 12:09:14] Emission de programme: Programme 169 (2978653A 3)
I> [23/09/2008 18:27:24] Appel depuis la CN de: P362734I
I> [23/09/2008 18:27:29] Le programme appelé depuis la CN est trouvé: C:\machines\T32 Bis\Programmes\TOKHEIM\P362734I.MZK
I> [23/09/2008 18:27:29] Programmes dans les fichiers demandés: Programme 4 (P362734I)
I> [23/09/2008 18:30:28] Emission de programme: Programme 4 (P362734I)
I> [23/09/2008 18:30:37] Emission de programme: Programme 4 (P362734I)
