I> [23/05/2011 05:06:55] Port activé avec succès.
I> [23/05/2011 05:34:07] Appel depuis la CN de: 113500103L
I> [23/05/2011 05:34:12] Le programme appelé depuis la CN est trouvé: C:\machines\T32 Bis\Programmes\LA CALHENE\113500103L.MZK
I> [23/05/2011 05:34:13] Programmes dans les fichiers demandés: Programme 1000 (113500103L), Programme 1001 (113500103L), Programme 1002 (113500103L), Programme 1003 (113500103L)
I> [23/05/2011 05:34:20] Emission de programme: Programme 1000 (113500103L)
I> [23/05/2011 05:34:52] Réception: programme 1000 (113500103L)
I> [23/05/2011 05:35:07] Réception: programme 1001 (113500103L)
I> [23/05/2011 05:36:17] Réception: programme 1002 (113500103L)
I> [23/05/2011 05:36:39] Réception: programme 1003 (113500103L)
I> [23/05/2011 05:37:05] Fichier reçu: C:\machines\T32 Bis\Programmes\113500103L.MZK
I> [23/05/2011 05:37:06] Programmes dans les fichiers demandés: Programme 1000 (113500103L), Programme 1001 (113500103L), Programme 1002 (113500103L), Programme 1003 (113500103L)
I> [23/05/2011 17:21:47] Réception: programme 1000 (113500103L)
I> [23/05/2011 17:22:02] Réception: programme 1001 (113500103L)
I> [23/05/2011 17:23:13] Réception: programme 1002 (113500103L)
I> [23/05/2011 17:23:34] Réception: programme 1003 (113500103L)
I> [23/05/2011 17:24:02] Fichier reçu: C:\machines\T32 Bis\Programmes\113500103L.MZK
I> [23/05/2011 17:24:02] Programmes dans les fichiers demandés: Programme 1000 (113500103L), Programme 1001 (113500103L), Programme 1002 (113500103L), Programme 1003 (113500103L)
I> [23/05/2011 18:59:46] Appel depuis la CN de: 21270050101
E> [23/05/2011 18:59:51] N'a pu émettre le fichier: C:\machines\T32 Bis\Programmes\113500103L.MZK [Le système ne peut pas lire le périphérique indiqué]
I> [23/05/2011 18:59:51] Le programme appelé depuis la CN est trouvé: C:\machines\T32 Bis\Programmes\LA CALHENE\21270050101.MZK
I> [23/05/2011 18:59:51] Programmes dans les fichiers demandés: Programme 1006 (21270050101), Programme 1007 (21270050101), Programme 1008 (21270050101), Programme 1009 (21270050101)
I> [23/05/2011 18:59:58] Emission de programme: Programme 1006 (21270050101)
I> [23/05/2011 19:00:21] Emission de programme: Programme 1007 (21270050101)
I> [23/05/2011 19:01:36] Emission de programme: Programme 1008 (21270050101)
I> [23/05/2011 19:02:07] Emission de programme: Programme 1009 (21270050101)
