I> [23/06/2010 05:37:34] Port activé avec succès.
I> [23/06/2010 05:37:39] Appel depuis la CN de: 55-30.5-300
I> [23/06/2010 05:37:45] Le programme appelé depuis la CN est trouvé: C:\machines\T32 Bis\Programmes\FIAULT\55-30.5-300.MZK
I> [23/06/2010 05:37:45] Programmes dans les fichiers demandés: Programme 605 (55-30.5-300)
I> [23/06/2010 05:37:49] Emission de programme: Programme 605 (55-30.5-300)
I> [23/06/2010 08:12:38] Appel depuis la CN de: K64299D
I> [23/06/2010 08:12:44] Le programme appelé depuis la CN est trouvé: C:\machines\T32 Bis\Programmes\FLOWSERVE\K64299D.MZK
I> [23/06/2010 08:12:44] Programmes dans les fichiers demandés: Programme 395 (K64299D), Programme 397 (K64299D), Programme 421 (K64299D), Programme 422 (K64299D)
I> [23/06/2010 08:13:07] Emission de programme: Programme 395 (K64299D)
I> [23/06/2010 08:13:20] Emission de programme: Programme 397 (K64299D)
I> [23/06/2010 08:13:31] Emission de programme: Programme 421 (K64299D)
I> [23/06/2010 08:13:41] Emission de programme: Programme 422 (K64299D)
I> [23/06/2010 18:34:50] Réception: programme 878 (K64299D)
I> [23/06/2010 18:35:03] Réception: programme 879 (K64299D)
I> [23/06/2010 18:35:14] Réception: programme 880 (K64299D)
I> [23/06/2010 18:35:23] Réception: programme 881 (K64299D)
I> [23/06/2010 18:35:30] Fichier reçu: C:\machines\T32 Bis\Programmes\K64299D.MZK
I> [23/06/2010 18:35:30] Programmes dans les fichiers demandés: Programme 878 (K64299D), Programme 879 (K64299D), Programme 880 (K64299D), Programme 881 (K64299D)
I> [23/06/2010 18:36:49] Appel depuis la CN de: K64299D
E> [23/06/2010 18:36:54] N'a pu émettre le fichier: C:\machines\T32 Bis\Programmes\K64299D.MZK [Le système ne peut pas lire le périphérique indiqué]
I> [23/06/2010 18:36:55] Le programme appelé depuis la CN est trouvé: C:\machines\T32 Bis\Programmes\FLOWSERVE\K64299D.MZK
I> [23/06/2010 18:36:55] Programmes dans les fichiers demandés: Programme 878 (K64299D), Programme 879 (K64299D), Programme 880 (K64299D), Programme 881 (K64299D)
I> [23/06/2010 18:36:59] Appel depuis la CN de: K64299D
I> [23/06/2010 18:37:07] Le programme appelé depuis la CN est trouvé: C:\machines\T32 Bis\Programmes\FLOWSERVE\K64299D.MZK
I> [23/06/2010 18:37:07] Programmes dans les fichiers demandés: Programme 878 (K64299D), Programme 879 (K64299D), Programme 880 (K64299D), Programme 881 (K64299D)
I> [23/06/2010 18:45:55] Appel depuis la CN de: 2974893K
I> [23/06/2010 18:46:00] Le programme appelé depuis la CN est trouvé: C:\machines\T32 Bis\Programmes\FLOWSERVE\2974893K.MZK
I> [23/06/2010 18:46:00] Programmes dans les fichiers demandés: Programme 781 (2974893K), Programme 783 (2974893K)
I> [23/06/2010 18:46:39] Emission de programme: Programme 781 (2974893K)
I> [23/06/2010 18:46:59] Emission de programme: Programme 783 (2974893K)
