I> [23/05/2008 08:22:02] Réception: programme 266 (212427-1E)
I> [23/05/2008 08:22:10] Réception: programme 267 (212427-1E)
I> [23/05/2008 08:22:23] Réception: programme 268 (212427-1E)
I> [23/05/2008 08:22:47] Réception: programme 269 (212427-1E)
I> [23/05/2008 08:22:57] Fichier reçu: C:\machines\T32 Bis\Programmes\212427-1E.MZK
I> [23/05/2008 08:22:57] Programmes dans les fichiers demandés: Programme 266 (212427-1E), Programme 267 (212427-1E), Programme 268 (212427-1E), Programme 269 (212427-1E)
I> [23/05/2008 08:24:53] Appel depuis la CN de: 212427-1E
E> [23/05/2008 08:24:58] N'a pu émettre le fichier: C:\machines\T32 Bis\Programmes\212427-1E.MZK [Le système ne peut pas lire le périphérique indiqué]
I> [23/05/2008 08:24:58] Le programme appelé depuis la CN est trouvé: C:\machines\T32 Bis\Programmes\DRESSER\212427-1E.MZK
I> [23/05/2008 08:24:58] Programmes dans les fichiers demandés: Programme 266 (212427-1E), Programme 267 (212427-1E), Programme 268 (212427-1E), Programme 269 (212427-1E)
I> [23/05/2008 08:25:06] Appel depuis la CN de: 212427-1E
I> [23/05/2008 08:25:11] Le programme appelé depuis la CN est trouvé: C:\machines\T32 Bis\Programmes\DRESSER\212427-1E.MZK
I> [23/05/2008 08:25:11] Programmes dans les fichiers demandés: Programme 266 (212427-1E), Programme 267 (212427-1E), Programme 268 (212427-1E), Programme 269 (212427-1E)
I> [23/05/2008 08:27:20] Appel depuis la CN de: 84922-01
I> [23/05/2008 08:27:26] Le programme appelé depuis la CN est trouvé: C:\machines\T32 Bis\Programmes\ARO\84922-01.MZK
I> [23/05/2008 08:27:26] Programmes dans les fichiers demandés: Programme 2530 (84922-01), Programme 2531 (84922-01)
I> [23/05/2008 08:28:27] Emission de programme: Programme 2530 (84922-01)
I> [23/05/2008 08:28:36] Emission de programme: Programme 2531 (84922-01)
I> [23/05/2008 16:31:25] Réception: programme 270 (84922-01)
I> [23/05/2008 16:31:30] Réception: programme 271 (84922-01)
I> [23/05/2008 16:31:39] Réception: programme 272 (84922-01)
I> [23/05/2008 16:31:50] Fichier reçu: C:\machines\T32 Bis\Programmes\84922-01.MZK
I> [23/05/2008 16:31:50] Programmes dans les fichiers demandés: Programme 270 (84922-01), Programme 271 (84922-01), Programme 272 (84922-01)
