I> [23/04/2014 05:00:27] Port activé avec succès.
I> [23/04/2014 10:36:22] Appel depuis la CN de: 012000448
E> [23/04/2014 10:36:29] N'a pu trouver le programme appelé depuis la CN: 012000448.MZK [Premier répertoire recherché : C:\machines\T32 Bis\Programmes]
E> [23/04/2014 10:36:29] N'a pu émettre le fichier. [Previous remote request failed.]
E> [23/04/2014 10:36:31] N'a pu émettre le fichier. [Previous remote request failed.]
E> [23/04/2014 10:36:33] N'a pu émettre le fichier. [Previous remote request failed.]
I> [23/04/2014 10:37:42] Appel depuis la CN de: 012000448B
I> [23/04/2014 10:37:46] Le programme appelé depuis la CN est trouvé: C:\machines\T32 Bis\Programmes\ERCA FORMSEAL\012000448B.MZK
I> [23/04/2014 10:37:47] Programmes dans les fichiers demandés: Programme 518 (012000448B), Programme 521 (012000448B), Programme 523 (012000448B)
I> [23/04/2014 10:37:51] Emission de programme: Programme 518 (012000448B)
I> [23/04/2014 10:38:14] Emission de programme: Programme 521 (012000448B)
I> [23/04/2014 10:38:37] Emission de programme: Programme 523 (012000448B)
I> [23/04/2014 10:39:47] Appel depuis la CN de: 012000480
I> [23/04/2014 10:39:54] Le programme appelé depuis la CN est trouvé: C:\machines\T32 Bis\Programmes\ERCA FORMSEAL\012000480.MZK
I> [23/04/2014 10:39:54] Programmes dans les fichiers demandés: Programme 519 (012000480), Programme 520 (012000480), Programme 522 (012000480)
I> [23/04/2014 10:40:00] Emission de programme: Programme 519 (012000480)
I> [23/04/2014 10:40:22] Emission de programme: Programme 520 (012000480)
I> [23/04/2014 10:40:45] Emission de programme: Programme 522 (012000480)
I> [23/04/2014 19:08:04] Appel depuis la CN de: 01200039505
I> [23/04/2014 19:08:09] Le programme appelé depuis la CN est trouvé: C:\machines\T32 Bis\Programmes\01200039505.MZK
I> [23/04/2014 19:08:09] Programmes dans les fichiers demandés: Programme 187 (01200039505), Programme 189 (01200039505), Programme 191 (01200039505)
I> [23/04/2014 19:08:27] Emission de programme: Programme 187 (01200039505)
I> [23/04/2014 19:08:49] Emission de programme: Programme 189 (01200039505)
I> [23/04/2014 19:09:04] Emission de programme: Programme 191 (01200039505)
I> [23/04/2014 20:26:54] Appel depuis la CN de: 01200013606
I> [23/04/2014 20:26:59] Le programme appelé depuis la CN est trouvé: C:\machines\T32 Bis\Programmes\01200013606.MZK
I> [23/04/2014 20:26:59] Programmes dans les fichiers demandés: Programme 188 (01200013606), Programme 190 (01200013606), Programme 192 (01200013606)
I> [23/04/2014 20:27:09] Emission de programme: Programme 188 (01200013606)
I> [23/04/2014 20:27:29] Emission de programme: Programme 190 (01200013606)
I> [23/04/2014 20:27:46] Emission de programme: Programme 192 (01200013606)
I> [23/04/2014 20:29:34] Emission de programme: Programme 188 (01200013606)
I> [23/04/2014 20:29:53] Emission de programme: Programme 190 (01200013606)
I> [23/04/2014 20:30:11] Emission de programme: Programme 192 (01200013606)
