I> [23/01/2012 04:51:19] Port activé avec succès.
I> [23/01/2012 06:38:22] Appel depuis la CN de: 81B0065
I> [23/01/2012 06:38:26] Le programme appelé depuis la CN est trouvé: C:\machines\T32 Bis\Programmes\81B0065.MZK
I> [23/01/2012 06:38:27] Programmes dans les fichiers demandés: Programme 145 (81B0065), Programme 146 (81B0065), Programme 147 (81B0065)
I> [23/01/2012 06:38:31] Emission de programme: Programme 145 (81B0065)
I> [23/01/2012 06:39:03] Emission de programme: Programme 146 (81B0065)
E> [23/01/2012 06:42:48] Transmission avortée. [Délai de réponse dépassé, interruption de la transmission]
I> [23/01/2012 08:14:37] Appel depuis la CN de: 3987514F
I> [23/01/2012 08:14:42] Le programme appelé depuis la CN est trouvé: C:\machines\T32 Bis\Programmes\FLOWSERVE\3987514F.MZK
I> [23/01/2012 08:14:42] Programmes dans les fichiers demandés: Programme 1184 (3987514F), Programme 1185 (3987514F), Programme 1186 (3987514F)
I> [23/01/2012 08:16:54] Emission de programme: Programme 1184 (3987514F)
I> [23/01/2012 10:14:58] Emission de programme: Programme 1184 (3987514F)
I> [23/01/2012 10:47:21] Emission de programme: Programme 1184 (3987514F)
I> [23/01/2012 15:02:24] Réception: programme 1248 (MB18441DE)
I> [23/01/2012 15:02:57] Fichier reçu: C:\machines\T32 Bis\Programmes\MB18441DE.MZK
I> [23/01/2012 15:02:57] Programmes dans les fichiers demandés: Programme 1248 (MB18441DE)
I> [23/01/2012 15:03:03] Réception: programme 1249 (2985296A)
I> [23/01/2012 15:03:35] Fichier reçu: C:\machines\T32 Bis\Programmes\2985296A.MZK
I> [23/01/2012 15:03:35] Programmes dans les fichiers demandés: Programme 1249 (2985296A)
I> [23/01/2012 15:09:02] Réception: programme 1250 (2975422A)
I> [23/01/2012 15:09:32] Fichier reçu: C:\machines\T32 Bis\Programmes\2975422A.MZK
I> [23/01/2012 15:09:32] Programmes dans les fichiers demandés: Programme 1250 (2975422A)
I> [23/01/2012 15:09:48] Réception: programme 1251 (MB10118 2)
I> [23/01/2012 15:10:19] Fichier reçu: C:\machines\T32 Bis\Programmes\MB10118 2.MZK
I> [23/01/2012 15:10:19] Programmes dans les fichiers demandés: Programme 1251 (MB10118 2)
I> [23/01/2012 15:10:28] Réception: programme 1252 (MC21787DA)
I> [23/01/2012 15:10:55] Fichier reçu: C:\machines\T32 Bis\Programmes\MC21787DA.MZK
I> [23/01/2012 15:10:55] Programmes dans les fichiers demandés: Programme 1252 (MC21787DA)
I> [23/01/2012 15:11:08] Réception: programme 1253 (3988463A)
I> [23/01/2012 15:11:40] Fichier reçu: C:\machines\T32 Bis\Programmes\3988463A.MZK
I> [23/01/2012 15:11:41] Programmes dans les fichiers demandés: Programme 1253 (3988463A)
I> [23/01/2012 15:18:05] Appel depuis la CN de: MB18441DE
I> [23/01/2012 15:18:10] Le programme appelé depuis la CN est trouvé: C:\machines\T32 Bis\Programmes\FLOWSERVE\MB18441DE.MZK
I> [23/01/2012 15:18:10] Programmes dans les fichiers demandés: Programme 1248 (MB18441DE)
I> [23/01/2012 15:18:14] Emission de programme: Programme 1248 (MB18441DE)
I> [23/01/2012 19:13:27] Réception: programme 1248 (MB18441DE)
I> [23/01/2012 19:13:59] Réception: programme 1254 (MB18441DE)
I> [23/01/2012 19:14:24] Fichier reçu: C:\machines\T32 Bis\Programmes\MB18441DE.MZK
I> [23/01/2012 19:14:24] Programmes dans les fichiers demandés: Programme 1248 (MB18441DE), Programme 1254 (MB18441DE)
I> [23/01/2012 19:19:05] Appel depuis la CN de: 2985296A
I> [23/01/2012 19:19:10] Le programme appelé depuis la CN est trouvé: C:\machines\T32 Bis\Programmes\FLOWSERVE\2985296A.MZK
I> [23/01/2012 19:19:10] Programmes dans les fichiers demandés: Programme 1249 (2985296A)
I> [23/01/2012 19:19:22] Emission de programme: Programme 1249 (2985296A)
