I> [23/03/06 07:50:00] Appel depuis la CN de: 151475-02
I> [23/03/06 07:50:08] Le programme appelé depuis la CN est trouvé: C:\machines\T32\Programmes\T20\Programmes\ARO\151475-02.MZK
I> [23/03/06 07:50:08] Programmes dans les fichiers demandés: Programme 25, Données d'outil, Programme 17, Données d'outil
I> [23/03/06 07:50:35] Emission de programme: Programme 25
I> [23/03/06 07:50:40] Emission de programme: Données d'outil
I> [23/03/06 07:50:42] Emission de programme: Programme 17
I> [23/03/06 08:04:53] Réception: programme 4020 (151475-02)
I> [23/03/06 08:05:03] Réception: programme 4021 (151475-02)
I> [23/03/06 08:05:15] Réception: programme 1535 (151475-02)
I> [23/03/06 08:05:26] Réception: programme 1543 (151475-02)
I> [23/03/06 08:05:35] Fichier reçu: C:\machines\T32\Programmes\151475-02.MZK
I> [23/03/06 08:05:35] Programmes dans les fichiers demandés: Programme 4020 (151475-02), Programme 4021 (151475-02), Programme 1535 (151475-02), Programme 1543 (151475-02)
I> [23/03/06 08:08:24] Appel depuis la CN de: 151475-02
I> [23/03/06 08:08:32] Le programme appelé depuis la CN est trouvé: C:\machines\T32\Programmes\T20\Programmes\ARO\151475-02.MZK
I> [23/03/06 08:08:32] Programmes dans les fichiers demandés: Programme 25, Données d'outil, Programme 17, Données d'outil
I> [23/03/06 08:13:26] Appel depuis la CN de: 151475-02
I> [23/03/06 08:13:34] Le programme appelé depuis la CN est trouvé: C:\machines\T32\Programmes\ARO\151475-02.MZK
I> [23/03/06 08:13:34] Programmes dans les fichiers demandés: Programme 25, Données d'outil, Programme 17, Données d'outil
I> [23/03/06 08:13:40] Emission de programme: Programme 25
I> [23/03/06 08:13:45] Emission de programme: Données d'outil
I> [23/03/06 08:13:47] Emission de programme: Programme 17
I> [23/03/06 08:14:32] Réception: programme 4020 (151475-02)
I> [23/03/06 08:14:42] Réception: programme 4021 (151475-02)
I> [23/03/06 08:14:55] Réception: programme 1535 (151475-02)
I> [23/03/06 08:15:05] Réception: programme 1543 (151475-02)
I> [23/03/06 08:15:15] Fichier reçu: C:\machines\T32\Programmes\151475-02.MZK
I> [23/03/06 08:15:15] Programmes dans les fichiers demandés: Programme 4020 (151475-02), Programme 4021 (151475-02), Programme 1535 (151475-02), Programme 1543 (151475-02)
I> [23/03/06 08:16:08] Appel depuis la CN de: 151475-02
I> [23/03/06 08:16:16] Le programme appelé depuis la CN est trouvé: C:\machines\T32\Programmes\ARO\151475-02.MZK
I> [23/03/06 08:16:17] Programmes dans les fichiers demandés: Programme 4020 (151475-02), Programme 4021 (151475-02), Programme 1535 (151475-02), Programme 1543 (151475-02)
I> [23/03/06 08:16:25] Emission de programme: Programme 4020 (151475-02)
I> [23/03/06 08:16:35] Emission de programme: Programme 4021 (151475-02)
I> [23/03/06 08:16:48] Emission de programme: Programme 1535 (151475-02)
I> [23/03/06 08:16:58] Emission de programme: Programme 1543 (151475-02)
I> [23/03/06 16:41:06] Appel depuis la CN de: 07303007CF
I> [23/03/06 16:41:14] Le programme appelé depuis la CN est trouvé: C:\machines\T32\Programmes\MECAMARC\07303007CF.MZK
I> [23/03/06 16:41:14] Programmes dans les fichiers demandés: Programme 36, Données d'outil, Programme 30, Données d'outil
I> [23/03/06 16:41:18] Emission de programme: Programme 36
I> [23/03/06 16:41:26] Emission de programme: Données d'outil
I> [23/03/06 16:41:27] Emission de programme: Programme 30
I> [23/03/06 16:41:33] Emission de programme: Données d'outil
