I> [23/04/2018 05:08:32] Port activé avec succès.
I> [23/04/2018 05:19:16] Appel depuis la CN de: 121900101K1
I> [23/04/2018 05:19:24] Le programme appelé depuis la CN est trouvé: C:\machines\T32 Bis\Programmes\121900101K1.MZK
I> [23/04/2018 05:19:24] Programmes dans les fichiers demandés: Programme 6704 (121900101K1), Programme 6705 (121900101K1), Programme 6706 (121900101KI), Programme 6707 (121900101K1), Programme 6708 (121900101K1), Programme 6709 (121900101K1)
I> [23/04/2018 05:19:36] Emission de programme: Programme 6704 (121900101K1)
I> [23/04/2018 05:19:45] Emission de programme: Programme 6705 (121900101K1)
I> [23/04/2018 05:19:51] Emission de programme: Programme 6706 (121900101KI)
I> [23/04/2018 05:20:09] Emission de programme: Programme 6707 (121900101K1)
I> [23/04/2018 05:20:22] Emission de programme: Programme 6708 (121900101K1)
I> [23/04/2018 05:20:51] Emission de programme: Programme 6709 (121900101K1)
I> [23/04/2018 10:05:51] Appel depuis la CN de: 121900101 Q
I> [23/04/2018 10:05:56] Le programme appelé depuis la CN est trouvé: C:\machines\T32 Bis\Programmes\LA CALHENE\121900101 Q.MZK
I> [23/04/2018 10:05:56] Programmes dans les fichiers demandés: Programme 840 (121900101Q), Programme 841 (121900101Q), Programme 842 (121900101Q), Programme 843 (121900101Q), Programme 844 (121900101Q), Programme 845 (121900101Q)
I> [23/04/2018 10:06:12] Emission de programme: Programme 843 (121900101Q)
I> [23/04/2018 16:57:25] Appel depuis la CN de: 121900101Q
I> [23/04/2018 16:58:02] Appel depuis la CN de: 121900101Q
I> [23/04/2018 16:58:07] Le programme appelé depuis la CN est trouvé: C:\machines\T32 Bis\Programmes\121900101Q.MZK
I> [23/04/2018 16:58:07] Programmes dans les fichiers demandés: Programme 5199 (121900101Q), Programme 5217 (121900101Q), Programme 5227 (121900101Q), Programme 5228 (121900101Q), Programme 5229 (121900101Q), Programme 5230 (121900101Q), Programme 5231 (121900101Q), Programme 5232 (121900101Q), Programme 5440 (121900101Q), Programme 5441 (121900101Q)
I> [23/04/2018 16:58:55] Emission de programme: Programme 5199 (121900101Q)
I> [23/04/2018 16:59:01] Emission de programme: Programme 5217 (121900101Q)
I> [23/04/2018 16:59:05] Emission de programme: Programme 5227 (121900101Q)
I> [23/04/2018 16:59:13] Emission de programme: Programme 5228 (121900101Q)
I> [23/04/2018 16:59:20] Emission de programme: Programme 5229 (121900101Q)
I> [23/04/2018 16:59:37] Emission de programme: Programme 5230 (121900101Q)
I> [23/04/2018 16:59:51] Emission de programme: Programme 5231 (121900101Q)
I> [23/04/2018 17:00:19] Emission de programme: Programme 5232 (121900101Q)
I> [23/04/2018 17:01:02] Emission de programme: Programme 5440 (121900101Q)
I> [23/04/2018 17:01:11] Emission de programme: Programme 5441 (121900101Q)
I> [23/04/2018 17:04:11] Emission de programme: Programme 5441 (121900101Q)
