I> [23/07/2010 07:37:30] Port activé avec succès.
I> [23/07/2010 13:17:43] Réception: programme 913 (41890203C)
I> [23/07/2010 13:18:00] Réception: programme 916 (41890203C)
I> [23/07/2010 13:18:16] Réception: programme 937 (41890203C)
I> [23/07/2010 13:18:42] Réception: programme 940 (41890203C)
I> [23/07/2010 13:18:58] Fichier reçu: C:\machines\T32 Bis\Programmes\41890203C.MZK
I> [23/07/2010 13:18:58] Programmes dans les fichiers demandés: Programme 913 (41890203C), Programme 916 (41890203C), Programme 937 (41890203C), Programme 940 (41890203C)
I> [23/07/2010 13:20:25] Appel depuis la CN de: 41890203C
I> [23/07/2010 13:20:30] Le programme appelé depuis la CN est trouvé: C:\machines\T32 Bis\Programmes\LA CALHENE\41890203C.MZK
I> [23/07/2010 13:20:30] Programmes dans les fichiers demandés: Programme 913 (41890203C), Programme 916 (41890203C), Programme 937 (41890203C), Programme 940 (41890203C)
I> [23/07/2010 15:02:32] Réception: programme 914 (41890202C)
I> [23/07/2010 15:02:48] Réception: programme 915 (41890202C)
I> [23/07/2010 15:03:04] Réception: programme 938 (41890202C)
I> [23/07/2010 15:03:25] Réception: programme 939 (41890202C)
I> [23/07/2010 15:03:40] Fichier reçu: C:\machines\T32 Bis\Programmes\41890202C.MZK
I> [23/07/2010 15:03:40] Programmes dans les fichiers demandés: Programme 914 (41890202C), Programme 915 (41890202C), Programme 938 (41890202C), Programme 939 (41890202C)
I> [23/07/2010 15:04:34] Appel depuis la CN de: 41890202C
I> [23/07/2010 15:04:39] Le programme appelé depuis la CN est trouvé: C:\machines\T32 Bis\Programmes\LA CALHENE\41890202C.MZK
I> [23/07/2010 15:04:39] Programmes dans les fichiers demandés: Programme 914 (41890202C), Programme 915 (41890202C), Programme 938 (41890202C), Programme 939 (41890202C)
I> [23/07/2010 15:28:13] Appel depuis la CN de: 2979992A
E> [23/07/2010 15:28:18] N'a pu trouver le programme appelé depuis la CN: 2979992A.MZK [Premier répertoire recherché : C:\machines\T32 Bis\Programmes]
E> [23/07/2010 15:28:19] N'a pu émettre le fichier. [Previous remote request failed.]
I> [23/07/2010 15:28:28] Appel depuis la CN de: 2979992A
E> [23/07/2010 15:28:33] N'a pu trouver le programme appelé depuis la CN: 2979992A.MZK [Premier répertoire recherché : C:\machines\T32 Bis\Programmes]
E> [23/07/2010 15:28:34] N'a pu émettre le fichier. [Previous remote request failed.]
I> [23/07/2010 15:33:31] Appel depuis la CN de: 652000F
I> [23/07/2010 15:33:35] Le programme appelé depuis la CN est trouvé: C:\machines\T32 Bis\Programmes\LA CALHENE\652000F.MZK
I> [23/07/2010 15:33:35] Programmes dans les fichiers demandés: Programme 262 (652000F), Programme 263 (652000F), Programme 264 (652000F), Programme 265 (652000F), Programme 273 (652000F)
I> [23/07/2010 15:35:44] Emission de programme: Programme 262 (652000F)
I> [23/07/2010 15:35:50] Emission de programme: Programme 263 (652000F)
I> [23/07/2010 15:35:58] Emission de programme: Programme 264 (652000F)
I> [23/07/2010 15:36:26] Emission de programme: Programme 265 (652000F)
I> [23/07/2010 15:36:34] Emission de programme: Programme 273 (652000F)
I> [23/07/2010 16:43:43] Port activé avec succès.
