I> [23/11/2009 07:29:43] Port activé avec succès.
I> [23/11/2009 10:06:34] Réception: programme 724 (430000422B)
I> [23/11/2009 10:06:44] Réception: programme 725 (430000422B)
I> [23/11/2009 10:06:58] Réception: programme 730 (430000422B)
I> [23/11/2009 10:07:08] Réception: programme 731 (430000422B)
I> [23/11/2009 10:07:23] Fichier reçu: C:\machines\T32 Bis\Programmes\430000422B.MZK
I> [23/11/2009 10:07:23] Programmes dans les fichiers demandés: Programme 724 (430000422B), Programme 725 (430000422B), Programme 730 (430000422B), Programme 731 (430000422B)
I> [23/11/2009 10:07:53] Réception: programme 726 (430000410E)
I> [23/11/2009 10:08:03] Réception: programme 727 (430000410E)
I> [23/11/2009 10:08:16] Réception: programme 728 (430000410E)
I> [23/11/2009 10:08:25] Réception: programme 729 (430000410E)
I> [23/11/2009 10:08:39] Fichier reçu: C:\machines\T32 Bis\Programmes\430000410E.MZK
I> [23/11/2009 10:08:39] Programmes dans les fichiers demandés: Programme 726 (430000410E), Programme 727 (430000410E), Programme 728 (430000410E), Programme 729 (430000410E)
I> [23/11/2009 10:28:50] Appel depuis la CN de: 113500101M
I> [23/11/2009 10:28:57] Le programme appelé depuis la CN est trouvé: C:\machines\T32 Bis\Programmes\LA CALHENE\113500101M.MZK
I> [23/11/2009 10:28:57] Programmes dans les fichiers demandés: Programme 4357 (113500101M), Programme 4359 (113500101M)
I> [23/11/2009 10:29:27] Emission de programme: Programme 4357 (113500101M)
I> [23/11/2009 10:29:49] Emission de programme: Programme 4359 (113500101M)
E> [23/11/2009 10:33:33] Transmission avortée. [Délai de réponse dépassé, interruption de la transmission]
I> [23/11/2009 10:38:35] Appel depuis la CN de: 4340 02 09A
I> [23/11/2009 10:38:42] Le programme appelé depuis la CN est trouvé: C:\machines\T32 Bis\Programmes\LA CALHENE\4340 02 09A.MZK
I> [23/11/2009 10:38:42] Programmes dans les fichiers demandés: Programme 2 (4340 02 09A)
I> [23/11/2009 10:40:29] Emission de programme: Programme 2 (4340 02 09A)
