I> [23/12/2010 07:54:13] Port activé avec succès.
I> [23/12/2010 13:14:36] Appel depuis la CN de: 121900101Q
I> [23/12/2010 13:14:41] Le programme appelé depuis la CN est trouvé: C:\machines\T32 Bis\Programmes\LA CALHENE\121900101Q.MZK
I> [23/12/2010 13:14:41] Programmes dans les fichiers demandés: Programme 840 (121900101Q), Programme 841 (121900101Q), Programme 842 (121900101Q), Programme 843 (121900101Q), Programme 844 (121900101Q), Programme 845 (121900101Q)
I> [23/12/2010 13:15:11] Emission de programme: Programme 840 (121900101Q)
I> [23/12/2010 13:15:19] Emission de programme: Programme 841 (121900101Q)
I> [23/12/2010 13:15:25] Emission de programme: Programme 842 (121900101Q)
I> [23/12/2010 13:15:42] Emission de programme: Programme 843 (121900101Q)
I> [23/12/2010 13:15:56] Emission de programme: Programme 844 (121900101Q)
I> [23/12/2010 13:16:24] Emission de programme: Programme 845 (121900101Q)
I> [23/12/2010 13:17:45] Appel depuis la CN de: 121900101Q2
I> [23/12/2010 13:17:50] Le programme appelé depuis la CN est trouvé: C:\machines\T32 Bis\Programmes\121900101Q2.MZK
I> [23/12/2010 13:17:50] Programmes dans les fichiers demandés: Programme 5199 (121900101Q), Programme 5217 (121900101Q), Programme 5227 (121900101Q), Programme 5228 (121900101Q), Programme 5229 (121900101Q), Programme 5230 (121900101Q), Programme 5231 (121900101Q), Programme 5232 (121900101Q), Programme 5440 (121900101Q), Programme 5441 (121900101Q)
I> [23/12/2010 13:20:49] Emission de programme: Programme 5217 (121900101Q)
I> [23/12/2010 16:28:39] Appel depuis la CN de: DIA 50 H8
I> [23/12/2010 16:28:48] Le programme appelé depuis la CN est trouvé: C:\machines\T32 Bis\Programmes\DIA 50 H8.MZK
I> [23/12/2010 16:28:48] Programmes dans les fichiers demandés: Programme 21, Données d'outil, Programme 21, Données d'outil, Programme 10, Données d'outil, Programme 10, Données d'outil
I> [23/12/2010 16:28:56] Appel depuis la CN de: DIA 50 H8
I> [23/12/2010 16:29:03] Le programme appelé depuis la CN est trouvé: C:\machines\T32 Bis\Programmes\DIA 50 H8.MZK
I> [23/12/2010 16:29:03] Programmes dans les fichiers demandés: Programme 21, Données d'outil, Programme 21, Données d'outil, Programme 10, Données d'outil, Programme 10, Données d'outil
I> [23/12/2010 16:29:13] Emission de programme: Programme 10
I> [23/12/2010 16:29:16] Emission de programme: Données d'outil
I> [23/12/2010 16:29:17] Emission de programme: Programme 10
I> [23/12/2010 16:29:19] Emission de programme: Données d'outil
