I> [23/11/2015 04:53:27] Port activé avec succès.
I> [23/11/2015 18:25:34] Réception: programme 1554 (U0012-02)
I> [23/11/2015 18:25:50] Fichier existant sauvegardé: C:\MACHINES\T32 BIS\SAUVEGARDES\U0012-02_01.MZK
I> [23/11/2015 18:25:50] Fichier reçu: C:\machines\T32 Bis\Programmes\U0012-02.MZK
I> [23/11/2015 18:25:50] Programmes dans les fichiers demandés: Programme 1554 (U0012-02)
I> [23/11/2015 18:28:01] Appel depuis la CN de: U0012-02
I> [23/11/2015 18:28:05] Le programme appelé depuis la CN est trouvé: C:\machines\T32 Bis\Programmes\U0012-02.MZK
I> [23/11/2015 18:28:05] Programmes dans les fichiers demandés: Programme 1554 (U0012-02)
I> [23/11/2015 18:28:28] Emission de programme: Programme 1554 (U0012-02)
I> [23/11/2015 18:29:05] Réception: programme 1554 (U0012-02)
I> [23/11/2015 18:29:19] Réception: programme 1555 (U0012-02)
I> [23/11/2015 18:29:36] Fichier existant sauvegardé: C:\MACHINES\T32 BIS\SAUVEGARDES\U0012-02_02.MZK
I> [23/11/2015 18:29:36] Fichier reçu: C:\machines\T32 Bis\Programmes\U0012-02.MZK
I> [23/11/2015 18:29:36] Programmes dans les fichiers demandés: Programme 1554 (U0012-02), Programme 1555 (U0012-02)
I> [23/11/2015 18:31:45] Appel depuis la CN de: U0012-02
I> [23/11/2015 18:31:50] Le programme appelé depuis la CN est trouvé: C:\machines\T32 Bis\Programmes\SECMAIR\U0012-02.MZK
I> [23/11/2015 18:31:50] Programmes dans les fichiers demandés: Programme 1554 (U0012-02), Programme 1555 (U0012-02)
I> [23/11/2015 18:46:45] Appel depuis la CN de: 362734K
I> [23/11/2015 18:46:50] Le programme appelé depuis la CN est trouvé: C:\machines\T32 Bis\Programmes\362734K.MZK
I> [23/11/2015 18:46:50] Programmes dans les fichiers demandés: Programme 1006 (362734K), Programme 1007 (362734K)
I> [23/11/2015 18:47:09] Emission de programme: Programme 1006 (362734K)
I> [23/11/2015 18:47:19] Emission de programme: Programme 1007 (362734K)
