I> [23/12/2011 07:35:55] Port activé avec succès.
I> [23/12/2011 07:58:43] Appel depuis la CN de: 43000041006
E> [23/12/2011 07:58:48] N'a pu émettre le fichier: C:\machines\T32 Bis\Programmes\81B0004 E.MZK [Le système ne peut pas lire le périphérique indiqué]
I> [23/12/2011 07:58:48] Le programme appelé depuis la CN est trouvé: C:\machines\T32 Bis\Programmes\ERCA FORMSEAL\43000041006.MZK
I> [23/12/2011 07:58:48] Programmes dans les fichiers demandés: Programme 726 (43000041006), Programme 727 (43000041006), Programme 728 (43000041006), Programme 729 (43000041006), Programme 732 (43000041006), Programme 733 (43000041006), Programme 734 (43000041006)
I> [23/12/2011 07:59:03] Appel depuis la CN de: 43000041006
I> [23/12/2011 07:59:08] Le programme appelé depuis la CN est trouvé: C:\machines\T32 Bis\Programmes\ERCA FORMSEAL\43000041006.MZK
I> [23/12/2011 07:59:08] Programmes dans les fichiers demandés: Programme 726 (43000041006), Programme 727 (43000041006), Programme 728 (43000041006), Programme 729 (43000041006), Programme 732 (43000041006), Programme 733 (43000041006), Programme 734 (43000041006)
I> [23/12/2011 07:59:12] Emission de programme: Programme 726 (43000041006)
I> [23/12/2011 07:59:22] Emission de programme: Programme 727 (43000041006)
I> [23/12/2011 07:59:36] Emission de programme: Programme 728 (43000041006)
I> [23/12/2011 07:59:44] Emission de programme: Programme 729 (43000041006)
I> [23/12/2011 07:59:57] Emission de programme: Programme 732 (43000041006)
I> [23/12/2011 08:00:10] Emission de programme: Programme 733 (43000041006)
I> [23/12/2011 08:00:21] Emission de programme: Programme 734 (43000041006)
I> [23/12/2011 08:01:07] Appel depuis la CN de: 43000042203
I> [23/12/2011 08:01:12] Le programme appelé depuis la CN est trouvé: C:\machines\T32 Bis\Programmes\ERCA FORMSEAL\43000042203.MZK
I> [23/12/2011 08:01:12] Programmes dans les fichiers demandés: Programme 724 (43000042203), Programme 725 (43000042203), Programme 730 (43000042203), Programme 731 (43000042203), Programme 735 (43000042203), Programme 736 (43000042203), Programme 737 (43000042203)
I> [23/12/2011 08:01:17] Appel depuis la CN de: 43000042203
I> [23/12/2011 08:01:22] Le programme appelé depuis la CN est trouvé: C:\machines\T32 Bis\Programmes\ERCA FORMSEAL\43000042203.MZK
I> [23/12/2011 08:01:22] Programmes dans les fichiers demandés: Programme 724 (43000042203), Programme 725 (43000042203), Programme 730 (43000042203), Programme 731 (43000042203), Programme 735 (43000042203), Programme 736 (43000042203), Programme 737 (43000042203)
I> [23/12/2011 08:01:34] Emission de programme: Programme 724 (43000042203)
I> [23/12/2011 08:01:45] Emission de programme: Programme 725 (43000042203)
I> [23/12/2011 08:01:59] Emission de programme: Programme 730 (43000042203)
I> [23/12/2011 08:02:08] Emission de programme: Programme 731 (43000042203)
I> [23/12/2011 08:02:21] Emission de programme: Programme 735 (43000042203)
I> [23/12/2011 08:02:34] Emission de programme: Programme 736 (43000042203)
I> [23/12/2011 08:02:44] Emission de programme: Programme 737 (43000042203)
