I> [23/11/2011 07:35:07] Port activé avec succès.
I> [23/11/2011 08:53:57] Port activé avec succès.
I> [23/11/2011 10:57:01] Réception: programme 1212 (54001001D)
I> [23/11/2011 10:57:11] Réception: programme 1213 (54001001D)
I> [23/11/2011 10:57:18] Réception: programme 1214 (54001001D)
I> [23/11/2011 10:57:31] Réception: programme 1215 (54001001D)
I> [23/11/2011 10:57:46] Fichier reçu: C:\machines\T32 Bis\Programmes\54001001D.MZK
I> [23/11/2011 10:57:46] Programmes dans les fichiers demandés: Programme 1212 (54001001D), Programme 1213 (54001001D), Programme 1214 (54001001D), Programme 1215 (54001001D)
I> [23/11/2011 12:43:41] Appel depuis la CN de: 308181
E> [23/11/2011 12:43:46] N'a pu trouver le programme appelé depuis la CN: 308181.MZK [Premier répertoire recherché : C:\machines\T32 Bis\Programmes]
E> [23/11/2011 12:44:27] N'a pu émettre le fichier. [Previous remote request failed.]
E> [23/11/2011 12:46:47] N'a pu émettre le fichier. [Previous remote request failed.]
I> [23/11/2011 12:46:57] Appel depuis la CN de: 308181
I> [23/11/2011 12:47:02] Le programme appelé depuis la CN est trouvé: C:\machines\T32 Bis\Programmes\308181.MZK
I> [23/11/2011 12:47:02] Programmes dans les fichiers demandés: Programme 169 (308181), Programme 170 (308181), Programme 38 (308181), Programme 39 (308181)
I> [23/11/2011 12:49:08] Emission de programme: Programme 169 (308181)
I> [23/11/2011 12:49:15] Emission de programme: Programme 170 (308181)
I> [23/11/2011 12:49:22] Emission de programme: Programme 38 (308181)
I> [23/11/2011 12:49:33] Emission de programme: Programme 39 (308181)
I> [23/11/2011 14:44:18] Appel depuis la CN de: 3984608A 3
I> [23/11/2011 14:44:23] Le programme appelé depuis la CN est trouvé: C:\machines\T32 Bis\Programmes\FLOWSERVE\3984608A 3.MZK
I> [23/11/2011 14:44:23] Programmes dans les fichiers demandés: Programme 4266 (3984608A 3), Programme 4267 (3984608A 3)
I> [23/11/2011 14:46:01] Emission de programme: Programme 4266 (3984608A 3)
I> [23/11/2011 14:46:21] Emission de programme: Programme 4267 (3984608A 3)
