I> [24/07/2012 04:55:26] Port activé avec succès.
I> [24/07/2012 07:27:28] Réception: programme 1347 (2986563A)
I> [24/07/2012 07:27:35] Réception: programme 1348 (2986563A)
I> [24/07/2012 07:28:05] Réception: programme 1351 (2986563A)
I> [24/07/2012 07:28:49] Fichier reçu: C:\machines\T32 Bis\Programmes\2986563A.MZK
I> [24/07/2012 07:28:49] Programmes dans les fichiers demandés: Programme 1347 (2986563A), Programme 1348 (2986563A), Programme 1351 (2986563A)
I> [24/07/2012 08:05:24] Appel depuis la CN de: 1149764201A
I> [24/07/2012 08:05:28] Le programme appelé depuis la CN est trouvé: C:\machines\T32 Bis\Programmes\MEUNIER\1149764201A.MZK
I> [24/07/2012 08:05:28] Programmes dans les fichiers demandés: Programme 1295 (1149764201A), Programme 1299 (1149764201A)
I> [24/07/2012 08:05:57] Appel depuis la CN de: 1149764201A
I> [24/07/2012 08:06:04] Le programme appelé depuis la CN est trouvé: C:\machines\T32 Bis\Programmes\MEUNIER\1149764201A.MZK
I> [24/07/2012 08:06:04] Programmes dans les fichiers demandés: Programme 1295 (1149764201A), Programme 1299 (1149764201A)
I> [24/07/2012 08:06:05] Emission de programme: Programme 1295 (1149764201A)
I> [24/07/2012 08:06:18] Emission de programme: Programme 1299 (1149764201A)
I> [24/07/2012 18:34:31] Appel depuis la CN de: 103046584
I> [24/07/2012 18:34:36] Le programme appelé depuis la CN est trouvé: C:\machines\T32 Bis\Programmes\103046584.MZK
I> [24/07/2012 18:34:36] Programmes dans les fichiers demandés: Programme 5657 (103046584), Programme 5658 (103046584)
I> [24/07/2012 18:34:57] Emission de programme: Programme 5657 (103046584)
I> [24/07/2012 18:35:10] Emission de programme: Programme 5658 (103046584)
I> [24/07/2012 20:21:02] Emission de programme: Programme 5657 (103046584)
