I> [24/01/2017 07:24:51] Port activé avec succès.
I> [24/01/2017 19:00:39] Appel depuis la CN de: 11520550-02
E> [24/01/2017 19:00:43] N'a pu émettre le fichier: C:\machines\T32 Bis\Programmes\21270080201.MZK [Le système ne peut pas lire le périphérique indiqué]
E> [24/01/2017 19:00:44] N'a pu trouver le programme appelé depuis la CN: 11520550-02.MZK [Premier répertoire recherché : C:\machines\T32 Bis\Programmes]
E> [24/01/2017 19:00:44] N'a pu émettre le fichier. [Previous remote request failed.]
E> [24/01/2017 19:00:45] N'a pu émettre le fichier. [Previous remote request failed.]
I> [24/01/2017 19:00:54] Appel depuis la CN de: 11520550-02
E> [24/01/2017 19:00:58] N'a pu émettre le fichier. [Previous remote request failed.]
E> [24/01/2017 19:00:59] N'a pu trouver le programme appelé depuis la CN: 11520550-02.MZK [Premier répertoire recherché : C:\machines\T32 Bis\Programmes]
E> [24/01/2017 19:01:00] N'a pu émettre le fichier. [Previous remote request failed.]
I> [24/01/2017 19:01:24] Appel depuis la CN de: 11520650-02
E> [24/01/2017 19:01:28] N'a pu émettre le fichier. [Previous remote request failed.]
I> [24/01/2017 19:01:29] Le programme appelé depuis la CN est trouvé: C:\machines\T32 Bis\Programmes\MEUNIER\11520650-02.MZK
I> [24/01/2017 19:01:29] Programmes dans les fichiers demandés: Programme 1476 (11520650-02), Programme 1480 (11520650-02)
I> [24/01/2017 19:01:34] Emission de programme: Programme 1480 (11520650-02)
I> [24/01/2017 19:08:27] Appel depuis la CN de: 1158330702C
I> [24/01/2017 19:08:38] Le programme appelé depuis la CN est trouvé: C:\machines\T32 Bis\Programmes\1158330702C.MZK
I> [24/01/2017 19:08:38] Programmes dans les fichiers demandés: Programme 36, Données d'outil, Programme 20, Données d'outil
I> [24/01/2017 19:08:43] Appel depuis la CN de: 1158330702C
I> [24/01/2017 19:08:48] Le programme appelé depuis la CN est trouvé: C:\machines\T32 Bis\Programmes\1158330702C.MZK
I> [24/01/2017 19:08:48] Programmes dans les fichiers demandés: Programme 36, Données d'outil, Programme 20, Données d'outil
I> [24/01/2017 19:08:51] Emission de programme: Programme 20
I> [24/01/2017 19:08:56] Emission de programme: Données d'outil
