I> [24/06/2009 05:50:17] Port activé avec succès.
I> [24/06/2009 06:28:44] Réception: programme 553 (8690303)
I> [24/06/2009 06:28:51] Réception: programme 554 (8690303)
I> [24/06/2009 06:29:15] Réception: programme 559 (8690303)
I> [24/06/2009 06:29:45] Réception: programme 560 (8690303)
I> [24/06/2009 06:30:11] Fichier reçu: C:\machines\T32 Bis\Programmes\8690303.MZK
I> [24/06/2009 06:30:11] Programmes dans les fichiers demandés: Programme 553 (8690303), Programme 554 (8690303), Programme 559 (8690303), Programme 560 (8690303)
I> [24/06/2009 06:31:55] Réception: programme 553 (8690303)
I> [24/06/2009 06:32:02] Réception: programme 554 (8690303)
I> [24/06/2009 06:32:26] Réception: programme 559 (8690303)
I> [24/06/2009 06:32:56] Réception: programme 560 (8690303)
I> [24/06/2009 06:33:20] Réception: programme 561 (8690303)
I> [24/06/2009 06:33:44] Fichier reçu: C:\machines\T32 Bis\Programmes\8690303.MZK
I> [24/06/2009 06:33:44] Programmes dans les fichiers demandés: Programme 553 (8690303), Programme 554 (8690303), Programme 559 (8690303), Programme 560 (8690303), Programme 561 (8690303)
I> [24/06/2009 06:46:32] Appel depuis la CN de: 55-30.5-300
E> [24/06/2009 06:46:36] N'a pu émettre le fichier: C:\machines\T32 Bis\Programmes\8690303.MZK [Le système ne peut pas lire le périphérique indiqué]
I> [24/06/2009 06:46:36] Le programme appelé depuis la CN est trouvé: C:\machines\T32 Bis\Programmes\55-30.5-300.MZK
I> [24/06/2009 06:46:36] Programmes dans les fichiers demandés: Programme 20, Données d'outil
I> [24/06/2009 06:46:42] Emission de programme: Programme 20
I> [24/06/2009 06:46:46] Emission de programme: Données d'outil
I> [24/06/2009 11:33:55] Réception: programme 605 (55-30.5-300)
I> [24/06/2009 11:34:06] Fichier reçu: C:\machines\T32 Bis\Programmes\55-30.5-300.MZK
I> [24/06/2009 11:34:06] Programmes dans les fichiers demandés: Programme 605 (55-30.5-300)
I> [24/06/2009 12:13:22] Appel depuis la CN de: 205008095
I> [24/06/2009 12:13:28] Le programme appelé depuis la CN est trouvé: C:\machines\T32 Bis\Programmes\ERCA FORMSEAL\205008095.MZK
I> [24/06/2009 12:13:28] Programmes dans les fichiers demandés: Programme 498 (205008095), Programme 501 (205008095)
I> [24/06/2009 12:13:43] Emission de programme: Programme 498 (205008095)
I> [24/06/2009 12:13:54] Emission de programme: Programme 501 (205008095)
I> [24/06/2009 17:56:25] Réception: programme 498 (205008095)
I> [24/06/2009 17:56:38] Réception: programme 501 (205008095)
I> [24/06/2009 17:56:51] Fichier reçu: C:\machines\T32 Bis\Programmes\205008095.MZK
I> [24/06/2009 17:56:51] Programmes dans les fichiers demandés: Programme 498 (205008095), Programme 501 (205008095)
I> [24/06/2009 17:59:23] Appel depuis la CN de: 205009118
I> [24/06/2009 17:59:28] Le programme appelé depuis la CN est trouvé: C:\machines\T32 Bis\Programmes\ERCA FORMSEAL\205009118.MZK
I> [24/06/2009 17:59:28] Programmes dans les fichiers demandés: Programme 500 (205009118), Programme 509 (205009118)
I> [24/06/2009 17:59:37] Emission de programme: Programme 500 (205009118)
I> [24/06/2009 17:59:48] Emission de programme: Programme 509 (205009118)
I> [24/06/2009 20:34:30] Réception: programme 606 (205008113A)
I> [24/06/2009 20:34:44] Réception: programme 607 (205008113A)
I> [24/06/2009 20:35:00] Fichier reçu: C:\machines\T32 Bis\Programmes\205008113A.MZK
I> [24/06/2009 20:35:01] Programmes dans les fichiers demandés: Programme 606 (205008113A), Programme 607 (205008113A)
