I> [24/04/2007 02:37:57] Appel depuis la CN de: 122700301E
I> [24/04/2007 02:38:03] Le programme appelé depuis la CN est trouvé: C:\machines\T32\Programmes\LA CALHENE\122700301E.MZK
I> [24/04/2007 02:38:03] Programmes dans les fichiers demandés: Programme 4410 (122700301E), Programme 4411 (122700301E), Programme 4412 (122700301E), Programme 4413 (122700301E), Programme 4414 (122700301E)
I> [24/04/2007 02:38:17] Emission de programme: Programme 4410 (122700301E)
I> [24/04/2007 02:38:28] Emission de programme: Programme 4411 (122700301E)
I> [24/04/2007 02:38:41] Emission de programme: Programme 4412 (122700301E)
I> [24/04/2007 02:39:10] Emission de programme: Programme 4413 (122700301E)
I> [24/04/2007 02:39:33] Emission de programme: Programme 4414 (122700301E)
I> [24/04/2007 09:21:39] Appel depuis la CN de: 3160241440D
E> [24/04/2007 09:22:27] Erreur de réception. [Format de fichier illégal]
I> [24/04/2007 09:22:31] Le programme appelé depuis la CN est trouvé: C:\machines\T32\Programmes\LA CALHENE\3160241440D.MZK
I> [24/04/2007 09:22:31] Programmes dans les fichiers demandés: Programme 7, Données d'outil, Programme 23, Données d'outil, Programme 33, Données d'outil
I> [24/04/2007 09:22:37] Appel depuis la CN de: 3160241440D
I> [24/04/2007 09:22:44] Le programme appelé depuis la CN est trouvé: C:\machines\T32\Programmes\LA CALHENE\3160241440D.MZK
I> [24/04/2007 09:22:44] Programmes dans les fichiers demandés: Programme 7, Données d'outil, Programme 23, Données d'outil, Programme 33, Données d'outil
I> [24/04/2007 09:22:55] Appel depuis la CN de: 3160241440D
I> [24/04/2007 09:23:01] Le programme appelé depuis la CN est trouvé: C:\machines\T32\Programmes\LA CALHENE\3160241440D.MZK
I> [24/04/2007 09:23:01] Programmes dans les fichiers demandés: Programme 7, Données d'outil, Programme 23, Données d'outil, Programme 33, Données d'outil
I> [24/04/2007 09:23:14] Emission de programme: Programme 7
I> [24/04/2007 09:23:16] Emission de programme: Données d'outil
I> [24/04/2007 09:23:17] Emission de programme: Programme 23
I> [24/04/2007 09:23:22] Emission de programme: Données d'outil
I> [24/04/2007 09:23:24] Emission de programme: Programme 33
I> [24/04/2007 09:23:31] Emission de programme: Données d'outil
I> [24/04/2007 15:34:27] Réception: programme 4422 (3160241440D)
I> [24/04/2007 15:34:40] Réception: programme 4423 (3160241440D)
I> [24/04/2007 15:34:53] Fichier reçu: C:\machines\T32\Programmes\3160241440D.MZK
I> [24/04/2007 15:34:53] Programmes dans les fichiers demandés: Programme 4422 (3160241440D), Programme 4423 (3160241440D)
I> [24/04/2007 23:55:34] Appel depuis la CN de: POULIE 280
I> [24/04/2007 23:55:40] Le programme appelé depuis la CN est trouvé: C:\machines\T32\Programmes\CRD\POULIE 280.MZK
I> [24/04/2007 23:55:40] Programmes dans les fichiers demandés: Programme 4133 (POULIE 280), Programme 4134 (POULIE 280), Programme 4135 (POULIE 280)
I> [24/04/2007 23:56:13] Emission de programme: Programme 4133 (POULIE 280)
I> [24/04/2007 23:56:24] Emission de programme: Programme 4134 (POULIE 280)
I> [24/04/2007 23:56:33] Emission de programme: Programme 4135 (POULIE 280)
