I> [24/02/2012 05:12:32] Port activé avec succès.
I> [24/02/2012 05:58:01] Appel depuis la CN de: 3007-08-06H
I> [24/02/2012 05:58:05] Le programme appelé depuis la CN est trouvé: C:\machines\T32 Bis\Programmes\3007-08-06H.MZK
I> [24/02/2012 05:58:05] Programmes dans les fichiers demandés: Programme 54, Données d'outil, Programme 23, Données d'outil, Programme 22, Données d'outil, Programme 31, Données d'outil
I> [24/02/2012 05:58:11] Emission de programme: Programme 54
I> [24/02/2012 05:58:21] Emission de programme: Données d'outil
I> [24/02/2012 05:58:23] Emission de programme: Programme 23
I> [24/02/2012 05:58:28] Emission de programme: Données d'outil
I> [24/02/2012 05:58:29] Emission de programme: Programme 22
I> [24/02/2012 05:58:34] Emission de programme: Données d'outil
I> [24/02/2012 05:58:35] Emission de programme: Programme 31
I> [24/02/2012 05:58:41] Emission de programme: Données d'outil
I> [24/02/2012 08:07:17] Appel depuis la CN de: 121900101Q
I> [24/02/2012 08:07:22] Le programme appelé depuis la CN est trouvé: C:\machines\T32 Bis\Programmes\LA CALHENE\121900101Q.MZK
I> [24/02/2012 08:07:22] Programmes dans les fichiers demandés: Programme 840 (121900101Q), Programme 841 (121900101Q), Programme 842 (121900101Q), Programme 843 (121900101Q), Programme 844 (121900101Q), Programme 845 (121900101Q)
I> [24/02/2012 08:09:34] Appel depuis la CN de: 121900101Q
I> [24/02/2012 08:09:38] Le programme appelé depuis la CN est trouvé: C:\machines\T32 Bis\Programmes\121900101Q.MZK
I> [24/02/2012 08:09:39] Programmes dans les fichiers demandés: Programme 5199 (121900101Q), Programme 5217 (121900101Q), Programme 5227 (121900101Q), Programme 5228 (121900101Q), Programme 5229 (121900101Q), Programme 5230 (121900101Q), Programme 5231 (121900101Q), Programme 5232 (121900101Q), Programme 5440 (121900101Q), Programme 5441 (121900101Q)
I> [24/02/2012 08:12:00] Emission de programme: Programme 5199 (121900101Q)
I> [24/02/2012 11:55:14] Appel depuis la CN de: 122700101K
I> [24/02/2012 11:55:18] Le programme appelé depuis la CN est trouvé: C:\machines\T32 Bis\Programmes\122700101K.MZK
I> [24/02/2012 11:55:18] Programmes dans les fichiers demandés: Programme 5616 (122700101K), Programme 5617 (122700101K), Programme 5618 (122700101K), Programme 5619 (122700101K), Programme 5624 (122700101K), Programme 5625 (122700101K), Programme 5626 (122700101K), Programme 5627 (122700101K), Programme 5665 (122700101K), Programme 5666 (122700101K)
I> [24/02/2012 11:55:52] Emission de programme: Programme 5665 (122700101K)
