I> [24/05/06 13:05:44] Appel depuis la CN de: 30190300101
I> [24/05/06 13:05:53] Le programme appelé depuis la CN est trouvé: C:\machines\T32\Programmes\La calhene\30190300101.MZK
I> [24/05/06 13:05:53] Programmes dans les fichiers demandés: Programme 4083 (30190300101), Programme 4090 (30190300101), Programme 4103 (30190300101), Programme 4104 (30190300101)
I> [24/05/06 13:06:05] Emission de programme: Programme 4083 (30190300101)
I> [24/05/06 13:06:17] Emission de programme: Programme 4103 (30190300101)
I> [24/05/06 13:06:32] Emission de programme: Programme 4104 (30190300101)
I> [24/05/06 13:10:22] Réception: programme 4083 (30190300101)
I> [24/05/06 13:10:33] Réception: programme 4090 (30190300101)
I> [24/05/06 13:11:26] Réception: programme 4103 (30190300101)
I> [24/05/06 13:11:42] Réception: programme 4104 (30190300101)
I> [24/05/06 13:12:07] Fichier reçu: C:\machines\T32\Programmes\30190300101.MZK
I> [24/05/06 13:12:08] Programmes dans les fichiers demandés: Programme 4083 (30190300101), Programme 4090 (30190300101), Programme 4103 (30190300101), Programme 4104 (30190300101)
I> [24/05/06 13:41:14] Appel depuis la CN de: P362734G
E> [24/05/06 13:41:22] N'a pu trouver le programme appelé depuis la CN: P362734G.MZK [Premier répertoire recherché : C:\machines\T32\Programmes]
E> [24/05/06 13:41:23] N'a pu émettre le fichier. [Previous remote request failed.]
E> [24/05/06 13:41:34] N'a pu émettre le fichier. [Previous remote request failed.]
E> [24/05/06 13:41:44] N'a pu émettre le fichier. [Previous remote request failed.]
I> [24/05/06 13:47:27] Appel depuis la CN de: P362734
I> [24/05/06 13:47:36] Le programme appelé depuis la CN est trouvé: C:\machines\T32\Programmes\Tokheim\P362734.MZK
I> [24/05/06 13:47:36] Programmes dans les fichiers demandés: Programme 46, Données d'outil
I> [24/05/06 13:47:44] Emission de programme: Programme 46
I> [24/05/06 13:47:53] Emission de programme: Données d'outil
I> [24/05/06 13:48:44] Appel depuis la CN de: P362733
I> [24/05/06 13:48:53] Le programme appelé depuis la CN est trouvé: C:\machines\T32\Programmes\P362733.MZK
I> [24/05/06 13:48:53] Programmes dans les fichiers demandés: Programme 45, Données d'outil
I> [24/05/06 13:49:06] Emission de programme: Programme 45
I> [24/05/06 13:49:14] Emission de programme: Données d'outil
