I> [24/01/2012 04:49:30] Port activé avec succès.
I> [24/01/2012 06:40:12] Réception: programme 1249 (2985296A)
I> [24/01/2012 06:40:41] Réception: programme 1255 (2985296A)
I> [24/01/2012 06:41:12] Fichier reçu: C:\machines\T32 Bis\Programmes\2985296A.MZK
I> [24/01/2012 06:41:12] Programmes dans les fichiers demandés: Programme 1249 (2985296A), Programme 1255 (2985296A)
I> [24/01/2012 06:41:52] Appel depuis la CN de: 2985296A
I> [24/01/2012 06:41:57] Le programme appelé depuis la CN est trouvé: C:\machines\T32 Bis\Programmes\FLOWSERVE\2985296A.MZK
I> [24/01/2012 06:41:57] Programmes dans les fichiers demandés: Programme 1249 (2985296A), Programme 1255 (2985296A)
I> [24/01/2012 06:50:50] Appel depuis la CN de: 3987514F
I> [24/01/2012 06:50:55] Le programme appelé depuis la CN est trouvé: C:\machines\T32 Bis\Programmes\FLOWSERVE\3987514F.MZK
I> [24/01/2012 06:50:55] Programmes dans les fichiers demandés: Programme 1184 (3987514F), Programme 1185 (3987514F), Programme 1186 (3987514F)
I> [24/01/2012 06:51:04] Emission de programme: Programme 1185 (3987514F)
I> [24/01/2012 07:29:10] Appel depuis la CN de: 3987514F
I> [24/01/2012 07:29:18] Le programme appelé depuis la CN est trouvé: C:\machines\T32 Bis\Programmes\FLOWSERVE\3987514F.MZK
I> [24/01/2012 07:29:18] Programmes dans les fichiers demandés: Programme 1184 (3987514F), Programme 1185 (3987514F), Programme 1186 (3987514F)
I> [24/01/2012 07:29:21] Emission de programme: Programme 1184 (3987514F)
I> [24/01/2012 09:22:37] Appel depuis la CN de: 81B0065
I> [24/01/2012 09:22:41] Le programme appelé depuis la CN est trouvé: C:\machines\T32 Bis\Programmes\81B0065.MZK
I> [24/01/2012 09:22:41] Programmes dans les fichiers demandés: Programme 145 (81B0065), Programme 146 (81B0065), Programme 147 (81B0065)
I> [24/01/2012 09:22:51] Emission de programme: Programme 146 (81B0065)
I> [24/01/2012 11:01:36] Appel depuis la CN de: MC21787DA
I> [24/01/2012 11:01:40] Le programme appelé depuis la CN est trouvé: C:\machines\T32 Bis\Programmes\FLOWSERVE\MC21787DA.MZK
I> [24/01/2012 11:01:40] Programmes dans les fichiers demandés: Programme 1252 (MC21787DA)
I> [24/01/2012 11:01:45] Emission de programme: Programme 1252 (MC21787DA)
I> [24/01/2012 12:50:40] Réception: programme 1252 (MC21787DA)
I> [24/01/2012 12:51:04] Réception: programme 1256 (MC21787DA)
I> [24/01/2012 12:51:30] Fichier reçu: C:\machines\T32 Bis\Programmes\MC21787DA.MZK
I> [24/01/2012 12:51:30] Programmes dans les fichiers demandés: Programme 1252 (MC21787DA), Programme 1256 (MC21787DA)
I> [24/01/2012 12:53:49] Appel depuis la CN de: MC21787DA
I> [24/01/2012 12:53:54] Le programme appelé depuis la CN est trouvé: C:\machines\T32 Bis\Programmes\FLOWSERVE\MC21787DA.MZK
I> [24/01/2012 12:53:54] Programmes dans les fichiers demandés: Programme 1252 (MC21787DA), Programme 1256 (MC21787DA)
I> [24/01/2012 14:12:20] Appel depuis la CN de: 3988463A
I> [24/01/2012 14:12:24] Le programme appelé depuis la CN est trouvé: C:\machines\T32 Bis\Programmes\FLOWSERVE\3988463A.MZK
I> [24/01/2012 14:12:24] Programmes dans les fichiers demandés: Programme 1253 (3988463A)
I> [24/01/2012 14:12:33] Emission de programme: Programme 1253 (3988463A)
I> [24/01/2012 17:26:49] Réception: programme 1253 (3988463A)
I> [24/01/2012 17:27:20] Réception: programme 1257 (3988463A)
I> [24/01/2012 17:27:45] Fichier reçu: C:\machines\T32 Bis\Programmes\3988463A.MZK
I> [24/01/2012 17:27:45] Programmes dans les fichiers demandés: Programme 1253 (3988463A), Programme 1257 (3988463A)
I> [24/01/2012 17:43:02] Appel depuis la CN de: 3988463A
I> [24/01/2012 17:43:06] Le programme appelé depuis la CN est trouvé: C:\machines\T32 Bis\Programmes\FLOWSERVE\3988463A.MZK
I> [24/01/2012 17:43:06] Programmes dans les fichiers demandés: Programme 1253 (3988463A), Programme 1257 (3988463A)
I> [24/01/2012 17:44:36] Appel depuis la CN de: MB10118 2
I> [24/01/2012 17:44:41] Le programme appelé depuis la CN est trouvé: C:\machines\T32 Bis\Programmes\FLOWSERVE\MB10118 2.MZK
I> [24/01/2012 17:44:41] Programmes dans les fichiers demandés: Programme 1251 (MB10118 2)
I> [24/01/2012 17:44:45] Emission de programme: Programme 1251 (MB10118 2)
I> [24/01/2012 19:44:12] Réception: programme 1251 (MB10118 2)
I> [24/01/2012 19:44:40] Réception: programme 1258 (MB10118 2)
I> [24/01/2012 19:45:08] Fichier reçu: C:\machines\T32 Bis\Programmes\MB10118 2.MZK
I> [24/01/2012 19:45:08] Programmes dans les fichiers demandés: Programme 1251 (MB10118 2), Programme 1258 (MB10118 2)
I> [24/01/2012 20:02:09] Réception: programme 1252 (MC21787DA)
I> [24/01/2012 20:02:33] Réception: programme 1256 (MC21787DA)
I> [24/01/2012 20:03:00] Fichier reçu: C:\machines\T32 Bis\Programmes\MC21787DA.MZK
I> [24/01/2012 20:03:00] Programmes dans les fichiers demandés: Programme 1252 (MC21787DA), Programme 1256 (MC21787DA)
I> [24/01/2012 20:05:23] Appel depuis la CN de: 2975422A
I> [24/01/2012 20:05:28] Le programme appelé depuis la CN est trouvé: C:\machines\T32 Bis\Programmes\FLOWSERVE\2975422A.MZK
I> [24/01/2012 20:05:28] Programmes dans les fichiers demandés: Programme 1250 (2975422A)
I> [24/01/2012 20:05:41] Emission de programme: Programme 1250 (2975422A)
I> [24/01/2012 20:06:34] Appel depuis la CN de: 2975421A
E> [24/01/2012 20:06:39] N'a pu trouver le programme appelé depuis la CN: 2975421A.MZK [Premier répertoire recherché : C:\machines\T32 Bis\Programmes]
E> [24/01/2012 20:06:44] N'a pu émettre le fichier. [Previous remote request failed.]
E> [24/01/2012 20:06:53] N'a pu émettre le fichier. [Previous remote request failed.]
I> [24/01/2012 20:07:15] Appel depuis la CN de: 2975421 A
E> [24/01/2012 20:07:20] N'a pu trouver le programme appelé depuis la CN: 2975421 A.MZK [Premier répertoire recherché : C:\machines\T32 Bis\Programmes]
E> [24/01/2012 20:07:20] N'a pu émettre le fichier. [Previous remote request failed.]
I> [24/01/2012 20:09:55] Appel depuis la CN de: 2975421A
I> [24/01/2012 20:10:00] Le programme appelé depuis la CN est trouvé: C:\machines\T32 Bis\Programmes\2975421A.MZK
I> [24/01/2012 20:10:00] Programmes dans les fichiers demandés: Programme 78, Données d'outil, Programme 329, Données d'outil, Programme 268, Données d'outil
I> [24/01/2012 20:10:06] Emission de programme: Programme 78
I> [24/01/2012 20:10:21] Emission de programme: Données d'outil
I> [24/01/2012 20:10:22] Emission de programme: Programme 329
I> [24/01/2012 20:10:36] Emission de programme: Données d'outil
I> [24/01/2012 20:10:38] Emission de programme: Programme 268
I> [24/01/2012 20:10:41] Emission de programme: Données d'outil
