I> [24/03/2011 05:11:38] Port activé avec succès.
I> [24/03/2011 05:15:49] Appel depuis la CN de: 149507010
E> [24/03/2011 05:15:54] N'a pu trouver le programme appelé depuis la CN: 149507010.MZK [Premier répertoire recherché : C:\machines\T32 Bis\Programmes]
E> [24/03/2011 05:16:03] N'a pu émettre le fichier. [Previous remote request failed.]
E> [24/03/2011 05:16:04] N'a pu émettre le fichier. [Previous remote request failed.]
E> [24/03/2011 05:16:04] N'a pu émettre le fichier. [Previous remote request failed.]
E> [24/03/2011 05:16:05] N'a pu émettre le fichier. [Previous remote request failed.]
E> [24/03/2011 05:18:23] N'a pu émettre le fichier. [Previous remote request failed.]
I> [24/03/2011 05:18:30] Appel depuis la CN de: 149507010
E> [24/03/2011 05:18:34] N'a pu émettre le fichier. [Previous remote request failed.]
I> [24/03/2011 05:18:34] Le programme appelé depuis la CN est trouvé: C:\machines\T32 Bis\Programmes\149507010.MZK
I> [24/03/2011 05:18:34] Programmes dans les fichiers demandés: Programme 74, Données d'outil, Programme 48, Données d'outil
I> [24/03/2011 05:18:39] Emission de programme: Programme 74
I> [24/03/2011 05:18:53] Emission de programme: Données d'outil
I> [24/03/2011 05:18:55] Emission de programme: Programme 48
I> [24/03/2011 05:19:04] Emission de programme: Données d'outil
I> [24/03/2011 12:54:38] Appel depuis la CN de: DOR0071
I> [24/03/2011 12:54:42] Le programme appelé depuis la CN est trouvé: C:\machines\T32 Bis\Programmes\DOR0071.MZK
I> [24/03/2011 12:54:42] Programmes dans les fichiers demandés: Programme 5062 (DOR007), Programme 5065 (DOR007), Programme 5066 (DOR007)
I> [24/03/2011 12:55:04] Emission de programme: Programme 5062 (DOR007)
I> [24/03/2011 12:55:17] Emission de programme: Programme 5065 (DOR007)
I> [24/03/2011 12:55:25] Emission de programme: Programme 5066 (DOR007)
I> [24/03/2011 18:48:50] Appel depuis la CN de: 050008220E
I> [24/03/2011 18:49:11] Appel depuis la CN de: 050008220E
I> [24/03/2011 18:49:16] Le programme appelé depuis la CN est trouvé: C:\machines\T32 Bis\Programmes\ERCA FORMSEAL\050008220E.MZK
I> [24/03/2011 18:49:16] Programmes dans les fichiers demandés: Programme 839 (050008220E)
I> [24/03/2011 18:49:38] Emission de programme: Programme 839 (050008220E)
E> [24/03/2011 18:54:26] Transmission avortée. [Délai de réponse dépassé, interruption de la transmission]
