I> [24/02/2016 07:17:46] Port activé avec succès.
I> [24/02/2016 17:36:13] Appel depuis la CN de: 121900101Q
I> [24/02/2016 17:36:18] Le programme appelé depuis la CN est trouvé: C:\machines\T32 Bis\Programmes\121900101Q.MZK
I> [24/02/2016 17:36:18] Programmes dans les fichiers demandés: Programme 5199 (121900101Q), Programme 5217 (121900101Q), Programme 5227 (121900101Q), Programme 5228 (121900101Q), Programme 5229 (121900101Q), Programme 5230 (121900101Q), Programme 5231 (121900101Q), Programme 5232 (121900101Q), Programme 5440 (121900101Q), Programme 5441 (121900101Q)
I> [24/02/2016 17:37:26] Emission de programme: Programme 5227 (121900101Q)
I> [24/02/2016 17:37:34] Emission de programme: Programme 5228 (121900101Q)
I> [24/02/2016 17:37:40] Emission de programme: Programme 5229 (121900101Q)
I> [24/02/2016 17:37:57] Emission de programme: Programme 5230 (121900101Q)
I> [24/02/2016 18:56:21] Appel depuis la CN de: 21270050102
I> [24/02/2016 18:56:35] Le programme appelé depuis la CN est trouvé: C:\machines\T32 Bis\Programmes\21270050102.MZK
I> [24/02/2016 18:56:35] Programmes dans les fichiers demandés: Programme 6529 (21270050102), Programme 6530 (21270050102), Programme 6531 (21270050102), Programme 6532 (21270050102), Programme 6533 (21270050102)
I> [24/02/2016 18:56:50] Appel depuis la CN de: 21270050102
I> [24/02/2016 18:56:57] Le programme appelé depuis la CN est trouvé: C:\machines\T32 Bis\Programmes\21270050102.MZK
I> [24/02/2016 18:56:57] Programmes dans les fichiers demandés: Programme 6529 (21270050102), Programme 6530 (21270050102), Programme 6531 (21270050102), Programme 6532 (21270050102), Programme 6533 (21270050102)
I> [24/02/2016 18:57:04] Emission de programme: Programme 6532 (21270050102)
I> [24/02/2016 18:57:24] Emission de programme: Programme 6533 (21270050102)
I> [24/02/2016 18:58:36] Réception: programme 6529 (21270050102)
I> [24/02/2016 18:58:42] Réception: programme 6530 (21270050102)
I> [24/02/2016 18:59:09] Réception: programme 6531 (21270050102)
I> [24/02/2016 18:59:37] Réception: programme 6532 (21270050102)
I> [24/02/2016 18:59:58] Réception: programme 6533 (21270050102)
I> [24/02/2016 19:00:37] Fichier reçu: C:\machines\T32 Bis\Programmes\21270050102.MZK
I> [24/02/2016 19:00:37] Programmes dans les fichiers demandés: Programme 6529 (21270050102), Programme 6530 (21270050102), Programme 6531 (21270050102), Programme 6532 (21270050102), Programme 6533 (21270050102)
