I> [24/10/2018 04:56:09] Port activé avec succès.
I> [24/10/2018 07:05:48] Appel depuis la CN de: 160-50-70
I> [24/10/2018 07:05:53] Le programme appelé depuis la CN est trouvé: C:\machines\T32 Bis\Programmes\160-50-70.MZK
I> [24/10/2018 07:05:53] Programmes dans les fichiers demandés: Programme 24, Données d'outil, Programme 25, Données d'outil
I> [24/10/2018 07:06:09] Emission de programme: Programme 24
I> [24/10/2018 07:06:14] Emission de programme: Données d'outil
I> [24/10/2018 07:06:15] Emission de programme: Programme 25
I> [24/10/2018 07:06:21] Emission de programme: Données d'outil
I> [24/10/2018 12:44:07] Appel depuis la CN de: GALETD200
I> [24/10/2018 12:45:09] Appel depuis la CN de: GALETD200
E> [24/10/2018 12:45:14] N'a pu trouver le programme appelé depuis la CN: GALETD200.MZK [Premier répertoire recherché : C:\machines\T32 Bis\Programmes]
E> [24/10/2018 12:45:15] N'a pu émettre le fichier. [Previous remote request failed.]
I> [24/10/2018 12:46:31] Appel depuis la CN de: GALET D200
I> [24/10/2018 12:46:36] Le programme appelé depuis la CN est trouvé: C:\machines\T32 Bis\Programmes\GALET D200.MZK
I> [24/10/2018 12:46:36] Programmes dans les fichiers demandés: Programme 21, Données d'outil, Programme 19, Données d'outil
I> [24/10/2018 12:46:42] Emission de programme: Programme 21
I> [24/10/2018 12:46:47] Emission de programme: Données d'outil
I> [24/10/2018 12:46:49] Emission de programme: Programme 19
I> [24/10/2018 12:46:53] Emission de programme: Données d'outil
I> [24/10/2018 18:16:17] Programmes dans les fichiers demandés: Programme 1579 (GALET D200), Programme 1580 (GALET D200)
I> [24/10/2018 18:25:11] Emission de programme: Programme 1579 (GALET D200)
I> [24/10/2018 18:28:23] Emission de programme: Programme 1579 (GALET D200)
I> [24/10/2018 18:28:36] Emission de programme: Programme 1580 (GALET D200)
