I> [24/10/2017 05:01:43] Port activé avec succès.
I> [24/10/2017 10:09:36] Port activé avec succès.
I> [24/10/2017 11:09:02] Appel depuis la CN de: 1161934302A
I> [24/10/2017 11:09:07] Le programme appelé depuis la CN est trouvé: C:\machines\T32 Bis\Programmes\MEUNIER\1161934302A.MZK
I> [24/10/2017 11:09:07] Programmes dans les fichiers demandés: Programme 1606 (1161934302A), Programme 1607 (1161934302A), Programme 1608 (1161934302A)
I> [24/10/2017 11:09:16] Emission de programme: Programme 1606 (1161934302A)
I> [24/10/2017 11:09:20] Emission de programme: Programme 1607 (1161934302A)
I> [24/10/2017 11:09:30] Emission de programme: Programme 1608 (1161934302A)
I> [24/10/2017 18:01:58] Réception: programme 1606 (1161934302A)
I> [24/10/2017 18:02:02] Réception: programme 1607 (1161934302A)
I> [24/10/2017 18:02:12] Réception: programme 1608 (1161934302A)
I> [24/10/2017 18:02:19] Réception: programme 1609 (1161934302A)
I> [24/10/2017 18:02:28] Fichier reçu: C:\machines\T32 Bis\Programmes\1161934302A.MZK
I> [24/10/2017 18:02:28] Programmes dans les fichiers demandés: Programme 1606 (1161934302A), Programme 1607 (1161934302A), Programme 1608 (1161934302A), Programme 1609 (1161934302A)
I> [24/10/2017 18:07:44] Appel depuis la CN de: 212700501
I> [24/10/2017 18:07:49] Le programme appelé depuis la CN est trouvé: C:\machines\T32 Bis\Programmes\LA CALHENE\212700501.MZK
I> [24/10/2017 18:07:49] Programmes dans les fichiers demandés: Programme 1463 (212700501), Programme 1464 (212700501), Programme 1465 (212700501), Programme 1466 (212700501), Programme 1467 (212700501)
I> [24/10/2017 18:07:58] Emission de programme: Programme 1463 (212700501)
I> [24/10/2017 18:08:31] Emission de programme: Programme 1464 (212700501)
I> [24/10/2017 18:08:59] Emission de programme: Programme 1465 (212700501)
I> [24/10/2017 18:09:50] Emission de programme: Programme 1466 (212700501)
I> [24/10/2017 18:10:20] Emission de programme: Programme 1467 (212700501)
