I> [24/11/2010 06:10:56] Port activé avec succès.
I> [24/11/2010 06:23:35] Appel depuis la CN de: 6340 01D
I> [24/11/2010 06:23:40] Le programme appelé depuis la CN est trouvé: C:\machines\T32 Bis\Programmes\LA CALHENE\6340 01D.MZK
I> [24/11/2010 06:23:40] Programmes dans les fichiers demandés: Programme 331 (6340 01D), Programme 332 (6340 01D), Programme 333 (6340 01D), Programme 334 (6340 01D), Programme 335 (6340 01D), Programme 415 (6340 01D)
I> [24/11/2010 06:23:51] Emission de programme: Programme 331 (6340 01D)
I> [24/11/2010 06:24:00] Emission de programme: Programme 332 (6340 01D)
I> [24/11/2010 06:24:13] Emission de programme: Programme 333 (6340 01D)
I> [24/11/2010 06:24:21] Emission de programme: Programme 334 (6340 01D)
I> [24/11/2010 06:24:41] Emission de programme: Programme 335 (6340 01D)
I> [24/11/2010 06:24:56] Emission de programme: Programme 415 (6340 01D)
I> [24/11/2010 07:57:52] Emission de programme: Programme 415 (6340 01D)
I> [24/11/2010 20:34:54] Appel depuis la CN de: 6340 01D
I> [24/11/2010 20:34:59] Le programme appelé depuis la CN est trouvé: C:\machines\T32 Bis\Programmes\LA CALHENE\6340 01D.MZK
I> [24/11/2010 20:34:59] Programmes dans les fichiers demandés: Programme 331 (6340 01D), Programme 332 (6340 01D), Programme 333 (6340 01D), Programme 334 (6340 01D), Programme 335 (6340 01D), Programme 415 (6340 01D)
I> [24/11/2010 20:35:46] Emission de programme: Programme 331 (6340 01D)
I> [24/11/2010 20:35:56] Emission de programme: Programme 332 (6340 01D)
I> [24/11/2010 20:36:09] Emission de programme: Programme 415 (6340 01D)
I> [24/11/2010 20:36:51] Réception: programme 331 (6340 01D)
I> [24/11/2010 20:37:01] Réception: programme 332 (6340 01D)
I> [24/11/2010 20:37:14] Réception: programme 333 (6340 01D)
I> [24/11/2010 20:37:24] Réception: programme 334 (6340 01D)
I> [24/11/2010 20:37:44] Réception: programme 335 (6340 01D)
I> [24/11/2010 20:37:59] Réception: programme 415 (6340 01D)
I> [24/11/2010 20:38:13] Fichier reçu: C:\machines\T32 Bis\Programmes\6340 01D.MZK
I> [24/11/2010 20:38:13] Programmes dans les fichiers demandés: Programme 331 (6340 01D), Programme 332 (6340 01D), Programme 333 (6340 01D), Programme 334 (6340 01D), Programme 335 (6340 01D), Programme 415 (6340 01D)
