I> [24/10/2012 07:55:00] Port activé avec succès.
I> [24/10/2012 13:11:42] Réception: programme 1403 (616011EA357)
I> [24/10/2012 13:11:53] Réception: programme 1404 (616011EA357)
I> [24/10/2012 13:12:17] Réception: programme 1405 (616011EA357)
I> [24/10/2012 13:12:33] Fichier reçu: C:\machines\T32 Bis\Programmes\616011EA357.MZK
I> [24/10/2012 13:12:33] Programmes dans les fichiers demandés: Programme 1403 (616011EA357), Programme 1404 (616011EA357), Programme 1405 (616011EA357)
I> [24/10/2012 13:16:50] Appel depuis la CN de: 4808046A
I> [24/10/2012 13:16:55] Le programme appelé depuis la CN est trouvé: C:\machines\T32 Bis\Programmes\4808046A.MZK
I> [24/10/2012 13:16:55] Programmes dans les fichiers demandés: Programme 637 (4808046A), Programme 640 (4808046A)
I> [24/10/2012 13:17:04] Emission de programme: Programme 637 (4808046A)
I> [24/10/2012 13:17:15] Emission de programme: Programme 640 (4808046A)
I> [24/10/2012 20:04:42] Réception: programme 1406 (4808046A)
I> [24/10/2012 20:04:54] Réception: programme 1409 (4808046A)
I> [24/10/2012 20:05:18] Fichier existant sauvegardé: C:\MACHINES\T32 BIS\SAUVEGARDES\4808046A_01.MZK
I> [24/10/2012 20:05:18] Fichier reçu: C:\machines\T32 Bis\Programmes\4808046A.MZK
I> [24/10/2012 20:05:18] Programmes dans les fichiers demandés: Programme 1406 (4808046A), Programme 1409 (4808046A)
I> [24/10/2012 20:07:02] Réception: programme 1406 (4808046A)
I> [24/10/2012 20:07:13] Réception: programme 1409 (4808046A)
I> [24/10/2012 20:07:37] Fichier reçu: C:\machines\T32 Bis\Programmes\4808046A.MZK
I> [24/10/2012 20:07:37] Programmes dans les fichiers demandés: Programme 1406 (4808046A), Programme 1409 (4808046A)
