I> [25/02/2009 05:28:42] Port activé avec succès.
I> [25/02/2009 07:42:46] Réception: programme 487 (7940MANCHON)
I> [25/02/2009 07:42:56] Réception: programme 488 (7940MANCHON)
I> [25/02/2009 07:43:15] Fichier reçu: C:\machines\T32 Bis\Programmes\7940MANCHON.MZK
I> [25/02/2009 07:43:15] Programmes dans les fichiers demandés: Programme 487 (7940MANCHON), Programme 488 (7940MANCHON)
I> [25/02/2009 07:54:08] Appel depuis la CN de: 43790201
I> [25/02/2009 07:54:15] Le programme appelé depuis la CN est trouvé: C:\machines\T32 Bis\Programmes\LA CALHENE\43790201.MZK
I> [25/02/2009 07:54:15] Programmes dans les fichiers demandés: Programme 475 (43790201), Programme 476 (43790201), Programme 477 (43790201)
I> [25/02/2009 07:54:21] Emission de programme: Programme 475 (43790201)
I> [25/02/2009 07:54:36] Emission de programme: Programme 476 (43790201)
I> [25/02/2009 07:54:46] Emission de programme: Programme 477 (43790201)
I> [25/02/2009 11:17:01] Appel depuis la CN de: 3T01329314A
I> [25/02/2009 11:17:07] Le programme appelé depuis la CN est trouvé: C:\machines\T32 Bis\Programmes\TECHVAL\3T01329314A.MZK
I> [25/02/2009 11:17:07] Programmes dans les fichiers demandés: Programme 3546 (3T01329314A)
I> [25/02/2009 11:17:16] Emission de programme: Programme 3546 (3T01329314A)
I> [25/02/2009 18:54:41] Appel depuis la CN de: 3984608A 3
I> [25/02/2009 18:54:47] Le programme appelé depuis la CN est trouvé: C:\machines\T32 Bis\Programmes\FLOWSERVE\3984608A 3.MZK
I> [25/02/2009 18:54:48] Programmes dans les fichiers demandés: Programme 4266 (3984608A 3), Programme 4267 (3984608A 3)
I> [25/02/2009 19:06:02] Emission de programme: Programme 4266 (3984608A 3)
I> [25/02/2009 19:06:22] Emission de programme: Programme 4267 (3984608A 3)
