I> [25/01/2012 04:58:24] Port activé avec succès.
I> [25/01/2012 04:58:49] Appel depuis la CN de: 2975421A
I> [25/01/2012 04:58:54] Le programme appelé depuis la CN est trouvé: C:\machines\T32 Bis\Programmes\2975421A.MZK
I> [25/01/2012 04:58:54] Programmes dans les fichiers demandés: Programme 78, Données d'outil, Programme 329, Données d'outil, Programme 268, Données d'outil
I> [25/01/2012 04:59:05] Emission de programme: Programme 329
I> [25/01/2012 04:59:19] Emission de programme: Données d'outil
E> [25/01/2012 05:02:50] Transmission avortée. [Délai de réponse dépassé, interruption de la transmission]
I> [25/01/2012 05:13:16] Appel depuis la CN de: 2975423A
I> [25/01/2012 05:13:20] Le programme appelé depuis la CN est trouvé: C:\machines\T32 Bis\Programmes\2975423A.MZK
I> [25/01/2012 05:13:20] Programmes dans les fichiers demandés: Programme 78, Données d'outil, Programme 69, Données d'outil, Programme 12, Données d'outil
I> [25/01/2012 05:13:30] Emission de programme: Programme 69
I> [25/01/2012 05:13:43] Emission de programme: Données d'outil
I> [25/01/2012 05:16:54] Appel depuis la CN de: 2975423A
I> [25/01/2012 05:16:59] Le programme appelé depuis la CN est trouvé: C:\machines\T32 Bis\Programmes\2975423A.MZK
I> [25/01/2012 05:16:59] Programmes dans les fichiers demandés: Programme 78, Données d'outil, Programme 69, Données d'outil, Programme 12, Données d'outil
I> [25/01/2012 05:17:04] Emission de programme: Programme 12
I> [25/01/2012 05:17:07] Emission de programme: Données d'outil
I> [25/01/2012 08:32:08] Réception: programme 1250 (2975422A)
I> [25/01/2012 08:32:35] Réception: programme 1259 (2975422A)
I> [25/01/2012 08:32:59] Réception: programme 1260 (2975422A)
I> [25/01/2012 08:33:07] Fichier reçu: C:\machines\T32 Bis\Programmes\2975422A.MZK
I> [25/01/2012 08:33:07] Programmes dans les fichiers demandés: Programme 1250 (2975422A), Programme 1259 (2975422A), Programme 1260 (2975422A)
I> [25/01/2012 08:34:26] Appel depuis la CN de: 2975422A
I> [25/01/2012 08:34:31] Le programme appelé depuis la CN est trouvé: C:\machines\T32 Bis\Programmes\FLOWSERVE\2975422A.MZK
I> [25/01/2012 08:34:31] Programmes dans les fichiers demandés: Programme 1250 (2975422A), Programme 1259 (2975422A), Programme 1260 (2975422A)
I> [25/01/2012 08:49:41] Appel depuis la CN de: 2985296A
I> [25/01/2012 08:49:53] Appel depuis la CN de: 2985296A
I> [25/01/2012 08:49:58] Le programme appelé depuis la CN est trouvé: C:\machines\T32 Bis\Programmes\FLOWSERVE\2985296A.MZK
I> [25/01/2012 08:49:58] Programmes dans les fichiers demandés: Programme 1249 (2985296A), Programme 1255 (2985296A)
I> [25/01/2012 08:50:03] Emission de programme: Programme 1249 (2985296A)
I> [25/01/2012 08:50:32] Emission de programme: Programme 1255 (2985296A)
I> [25/01/2012 09:39:43] Réception: programme 1249 (2985296A)
I> [25/01/2012 09:40:13] Réception: programme 1255 (2985296A)
I> [25/01/2012 09:40:41] Réception: programme 1261 (2985296A)
I> [25/01/2012 09:40:49] Fichier reçu: C:\machines\T32 Bis\Programmes\2985296A.MZK
I> [25/01/2012 09:40:49] Programmes dans les fichiers demandés: Programme 1249 (2985296A), Programme 1255 (2985296A), Programme 1261 (2985296A)
I> [25/01/2012 09:42:09] Appel depuis la CN de: 2985296A
I> [25/01/2012 09:42:14] Le programme appelé depuis la CN est trouvé: C:\machines\T32 Bis\Programmes\FLOWSERVE\2985296A.MZK
I> [25/01/2012 09:42:14] Programmes dans les fichiers demandés: Programme 1249 (2985296A), Programme 1255 (2985296A), Programme 1261 (2985296A)
I> [25/01/2012 09:44:56] Appel depuis la CN de: MB18441DE
I> [25/01/2012 09:45:01] Le programme appelé depuis la CN est trouvé: C:\machines\T32 Bis\Programmes\FLOWSERVE\MB18441DE.MZK
I> [25/01/2012 09:45:01] Programmes dans les fichiers demandés: Programme 1248 (MB18441DE), Programme 1254 (MB18441DE)
I> [25/01/2012 09:45:37] Emission de programme: Programme 1248 (MB18441DE)
I> [25/01/2012 09:46:09] Emission de programme: Programme 1254 (MB18441DE)
I> [25/01/2012 11:20:17] Réception: programme 1248 (MB18441DE)
I> [25/01/2012 11:20:48] Réception: programme 1254 (MB18441DE)
I> [25/01/2012 11:21:11] Réception: programme 1262 (MB18441DE)
I> [25/01/2012 11:21:19] Fichier reçu: C:\machines\T32 Bis\Programmes\MB18441DE.MZK
I> [25/01/2012 11:21:19] Programmes dans les fichiers demandés: Programme 1248 (MB18441DE), Programme 1254 (MB18441DE), Programme 1262 (MB18441DE)
I> [25/01/2012 11:22:03] Appel depuis la CN de: MB18441DE
I> [25/01/2012 11:22:08] Le programme appelé depuis la CN est trouvé: C:\machines\T32 Bis\Programmes\FLOWSERVE\MB18441DE.MZK
I> [25/01/2012 11:22:08] Programmes dans les fichiers demandés: Programme 1248 (MB18441DE), Programme 1254 (MB18441DE), Programme 1262 (MB18441DE)
I> [25/01/2012 11:22:49] Appel depuis la CN de: 3988463A
I> [25/01/2012 11:22:54] Le programme appelé depuis la CN est trouvé: C:\machines\T32 Bis\Programmes\FLOWSERVE\3988463A.MZK
I> [25/01/2012 11:22:54] Programmes dans les fichiers demandés: Programme 1253 (3988463A), Programme 1257 (3988463A)
I> [25/01/2012 11:23:01] Emission de programme: Programme 1253 (3988463A)
I> [25/01/2012 11:23:31] Emission de programme: Programme 1257 (3988463A)
I> [25/01/2012 12:46:53] Réception: programme 1253 (3988463A)
I> [25/01/2012 12:47:23] Réception: programme 1257 (3988463A)
I> [25/01/2012 12:47:46] Réception: programme 1263 (3988463A)
I> [25/01/2012 12:47:55] Fichier reçu: C:\machines\T32 Bis\Programmes\3988463A.MZK
I> [25/01/2012 12:47:55] Programmes dans les fichiers demandés: Programme 1253 (3988463A), Programme 1257 (3988463A), Programme 1263 (3988463A)
I> [25/01/2012 12:48:49] Appel depuis la CN de: 3988463A
I> [25/01/2012 12:48:53] Le programme appelé depuis la CN est trouvé: C:\machines\T32 Bis\Programmes\FLOWSERVE\3988463A.MZK
I> [25/01/2012 12:48:53] Programmes dans les fichiers demandés: Programme 1253 (3988463A), Programme 1257 (3988463A), Programme 1263 (3988463A)
I> [25/01/2012 12:52:46] Appel depuis la CN de: 2975423A
I> [25/01/2012 12:52:51] Le programme appelé depuis la CN est trouvé: C:\machines\T32 Bis\Programmes\2975423A.MZK
I> [25/01/2012 12:52:51] Programmes dans les fichiers demandés: Programme 78, Données d'outil, Programme 69, Données d'outil, Programme 12, Données d'outil
I> [25/01/2012 12:53:09] Emission de programme: Programme 69
I> [25/01/2012 12:53:22] Emission de programme: Données d'outil
I> [25/01/2012 13:12:51] Appel depuis la CN de: 81B0065
I> [25/01/2012 13:12:56] Le programme appelé depuis la CN est trouvé: C:\machines\T32 Bis\Programmes\81B0065.MZK
I> [25/01/2012 13:12:56] Programmes dans les fichiers demandés: Programme 145 (81B0065), Programme 146 (81B0065), Programme 147 (81B0065)
I> [25/01/2012 13:13:09] Emission de programme: Programme 145 (81B0065)
I> [25/01/2012 13:13:40] Emission de programme: Programme 146 (81B0065)
I> [25/01/2012 13:14:04] Emission de programme: Programme 147 (81B0065)
I> [25/01/2012 15:47:23] Appel depuis la CN de: MC21787DA
I> [25/01/2012 15:47:28] Le programme appelé depuis la CN est trouvé: C:\machines\T32 Bis\Programmes\FLOWSERVE\MC21787DA.MZK
I> [25/01/2012 15:47:28] Programmes dans les fichiers demandés: Programme 1252 (MC21787DA), Programme 1256 (MC21787DA)
I> [25/01/2012 15:47:38] Emission de programme: Programme 1252 (MC21787DA)
I> [25/01/2012 15:48:03] Emission de programme: Programme 1256 (MC21787DA)
I> [25/01/2012 15:50:03] Réception: programme 1252 (MC21787DA)
E> [25/01/2012 15:53:43] Transmission avortée. [Délai de réponse dépassé, interruption de la transmission]
I> [25/01/2012 15:56:09] Réception: programme 1252 (MC21787DA)
I> [25/01/2012 15:56:34] Réception: programme 1256 (MC21787DA)
I> [25/01/2012 15:56:57] Réception: programme 1264 (MC21787DA)
I> [25/01/2012 15:57:06] Fichier reçu: C:\machines\T32 Bis\Programmes\MC21787DA.MZK
I> [25/01/2012 15:57:06] Programmes dans les fichiers demandés: Programme 1252 (MC21787DA), Programme 1256 (MC21787DA), Programme 1264 (MC21787DA)
