I> [25/04/2007 09:30:04] Appel depuis la CN de: BAGUE
I> [25/04/2007 09:30:10] Le programme appelé depuis la CN est trouvé: C:\machines\T32\Programmes\CRD\BAGUE.MZK
I> [25/04/2007 09:30:10] Programmes dans les fichiers demandés: Programme 19, Données d'outil, Programme 25, Données d'outil
I> [25/04/2007 09:30:14] Emission de programme: Programme 19
I> [25/04/2007 09:30:19] Emission de programme: Données d'outil
I> [25/04/2007 09:30:20] Emission de programme: Programme 25
I> [25/04/2007 09:30:26] Emission de programme: Données d'outil
I> [25/04/2007 10:22:52] Appel depuis la CN de: 151475-02
I> [25/04/2007 10:22:59] Le programme appelé depuis la CN est trouvé: C:\machines\T32\Programmes\ARO\151475-02.MZK
I> [25/04/2007 10:22:59] Programmes dans les fichiers demandés: Programme 4020 (151475-02), Programme 4021 (151475-02), Programme 1535 (151475-02), Programme 1543 (151475-02)
I> [25/04/2007 10:23:05] Emission de programme: Programme 4020 (151475-02)
I> [25/04/2007 10:23:15] Emission de programme: Programme 4021 (151475-02)
I> [25/04/2007 10:23:27] Emission de programme: Programme 1535 (151475-02)
I> [25/04/2007 10:23:37] Emission de programme: Programme 1543 (151475-02)
I> [25/04/2007 14:59:52] Réception: programme 2993 (2971773D 2)
I> [25/04/2007 15:00:04] Réception: programme 3004 (2971773D 2)
I> [25/04/2007 15:00:24] Réception: programme 3005 (2971773D 2)
I> [25/04/2007 15:00:31] Fichier reçu: C:\machines\T32\Programmes\2971773D 2.MZK
I> [25/04/2007 15:00:31] Programmes dans les fichiers demandés: Programme 2993 (2971773D 2), Programme 3004 (2971773D 2), Programme 3005 (2971773D 2)
I> [25/04/2007 19:48:13] Réception: programme 4428 (3975508A 2)
I> [25/04/2007 19:48:24] Réception: programme 4429 (3975508A 2)
I> [25/04/2007 19:48:47] Fichier reçu: C:\machines\T32\Programmes\3975508A 2.MZK
I> [25/04/2007 19:48:47] Programmes dans les fichiers demandés: Programme 4428 (3975508A 2), Programme 4429 (3975508A 2)
