I> [25/07/2011 05:46:57] Port activé avec succès.
I> [25/07/2011 06:35:03] Appel depuis la CN de: 241003573
E> [25/07/2011 06:35:07] N'a pu émettre le fichier: C:\machines\T32 Bis\Programmes\2976518A.MZK [Le système ne peut pas lire le périphérique indiqué]
I> [25/07/2011 06:35:08] Le programme appelé depuis la CN est trouvé: C:\machines\T32 Bis\Programmes\241003573.MZK
I> [25/07/2011 06:35:08] Programmes dans les fichiers demandés: Programme 22, Données d'outil, Programme 15, Données d'outil
I> [25/07/2011 06:35:11] Emission de programme: Programme 22
I> [25/07/2011 06:35:16] Emission de programme: Données d'outil
I> [25/07/2011 06:35:17] Emission de programme: Programme 15
I> [25/07/2011 06:35:21] Emission de programme: Données d'outil
I> [25/07/2011 08:18:53] Appel depuis la CN de: 012007150A
E> [25/07/2011 08:18:58] N'a pu trouver le programme appelé depuis la CN: 012007150A.MZK [Premier répertoire recherché : C:\machines\T32 Bis\Programmes]
E> [25/07/2011 08:20:12] N'a pu émettre le fichier. [Previous remote request failed.]
E> [25/07/2011 08:20:13] N'a pu émettre le fichier. [Previous remote request failed.]
E> [25/07/2011 08:20:14] N'a pu émettre le fichier. [Previous remote request failed.]
I> [25/07/2011 08:33:14] Appel depuis la CN de: 012007150A
E> [25/07/2011 08:33:19] N'a pu émettre le fichier. [Previous remote request failed.]
I> [25/07/2011 08:33:19] Le programme appelé depuis la CN est trouvé: C:\machines\T32 Bis\Programmes\012007150A.MZK
I> [25/07/2011 08:33:19] Programmes dans les fichiers demandés: Programme 4801 (012007150A), Programme 4802 (012007150A), Programme 4803 (012007150A)
I> [25/07/2011 08:33:29] Emission de programme: Programme 4802 (012007150A)
I> [25/07/2011 10:36:18] Appel depuis la CN de: 2981342C
I> [25/07/2011 10:36:23] Le programme appelé depuis la CN est trouvé: C:\machines\T32 Bis\Programmes\FLOWSERVE\2981342C.MZK
I> [25/07/2011 10:36:23] Programmes dans les fichiers demandés: Programme 1057 (2981342C), Programme 1058 (2981342C)
I> [25/07/2011 10:36:31] Emission de programme: Programme 1057 (2981342C)
I> [25/07/2011 10:37:00] Emission de programme: Programme 1058 (2981342C)
I> [25/07/2011 10:43:00] Appel depuis la CN de: 2981342C1
I> [25/07/2011 10:43:08] Le programme appelé depuis la CN est trouvé: C:\machines\T32 Bis\Programmes\2981342C1.MZK
I> [25/07/2011 10:43:08] Programmes dans les fichiers demandés: Programme 95, Données d'outil, Programme 60, Données d'outil, Programme 271, Données d'outil
I> [25/07/2011 10:43:13] Emission de programme: Programme 95
I> [25/07/2011 10:43:31] Emission de programme: Données d'outil
I> [25/07/2011 10:43:32] Emission de programme: Programme 60
I> [25/07/2011 10:43:44] Emission de programme: Données d'outil
I> [25/07/2011 10:43:45] Emission de programme: Programme 271
I> [25/07/2011 10:43:49] Emission de programme: Données d'outil
