I> [25/02/2011 05:33:46] Port activé avec succès.
I> [25/02/2011 15:05:42] Réception: programme 1050 (30121201A)
I> [25/02/2011 15:06:08] Réception: programme 1051 (30121201A)
I> [25/02/2011 15:06:25] Fichier reçu: C:\machines\T32 Bis\Programmes\30121201A.MZK
I> [25/02/2011 15:06:25] Programmes dans les fichiers demandés: Programme 1050 (30121201A), Programme 1051 (30121201A)
I> [25/02/2011 15:13:34] Appel depuis la CN de: 111901601G
I> [25/02/2011 15:13:39] Le programme appelé depuis la CN est trouvé: C:\machines\T32 Bis\Programmes\LA CALHENE\111901601G.MZK
I> [25/02/2011 15:13:39] Programmes dans les fichiers demandés: Programme 469 (111901601G), Programme 470 (111901601G), Programme 471 (111901601G), Programme 472 (111901601G)
I> [25/02/2011 15:13:50] Emission de programme: Programme 469 (111901601G)
I> [25/02/2011 15:14:05] Emission de programme: Programme 470 (111901601G)
I> [25/02/2011 15:14:10] Emission de programme: Programme 471 (111901601G)
I> [25/02/2011 15:14:25] Emission de programme: Programme 472 (111901601G)
I> [25/02/2011 15:17:31] Appel depuis la CN de: 11190 16 01
I> [25/02/2011 15:17:51] Appel depuis la CN de: 11190 16 01
I> [25/02/2011 15:17:56] Le programme appelé depuis la CN est trouvé: C:\machines\T32 Bis\Programmes\LA CALHENE\11190 16 01.MZK
I> [25/02/2011 15:17:56] Programmes dans les fichiers demandés: Programme 988 (11190 16 01), Programme 989 (11190 16 01), Programme 990 (11190 16 01), Programme 991 (11190 16 01)
I> [25/02/2011 15:18:04] Emission de programme: Programme 988 (11190 16 01)
I> [25/02/2011 15:18:42] Emission de programme: Programme 989 (11190 16 01)
I> [25/02/2011 15:18:56] Emission de programme: Programme 990 (11190 16 01)
I> [25/02/2011 15:19:05] Emission de programme: Programme 991 (11190 16 01)
I> [25/02/2011 16:08:33] Appel depuis la CN de: 202700301L
I> [25/02/2011 16:08:38] Le programme appelé depuis la CN est trouvé: C:\machines\T32 Bis\Programmes\LA CALHENE\202700301L.MZK
I> [25/02/2011 16:08:38] Programmes dans les fichiers demandés: Programme 959 (202700301L), Programme 960 (202700301L), Programme 961 (202700301L)
I> [25/02/2011 16:08:56] Emission de programme: Programme 959 (202700301L)
I> [25/02/2011 16:09:21] Emission de programme: Programme 960 (202700301L)
I> [25/02/2011 16:09:42] Emission de programme: Programme 961 (202700301L)
