I> [25/06/2012 05:03:26] Port activé avec succès.
I> [25/06/2012 14:23:08] Appel depuis la CN de: 01200015205
E> [25/06/2012 14:23:12] N'a pu émettre le fichier: C:\machines\T32 Bis\Programmes\81B0004 E.MZK [Le système ne peut pas lire le périphérique indiqué]
I> [25/06/2012 14:23:13] Le programme appelé depuis la CN est trouvé: C:\machines\T32 Bis\Programmes\ERCA FORMSEAL\01200015205.MZK
I> [25/06/2012 14:23:13] Programmes dans les fichiers demandés: Programme 1329 (01200015205), Programme 1331 (01200015205), Programme 1334 (01200015205)
I> [25/06/2012 14:23:22] Appel depuis la CN de: 01200015205
I> [25/06/2012 14:23:29] Le programme appelé depuis la CN est trouvé: C:\machines\T32 Bis\Programmes\ERCA FORMSEAL\01200015205.MZK
I> [25/06/2012 14:23:29] Programmes dans les fichiers demandés: Programme 1329 (01200015205), Programme 1331 (01200015205), Programme 1334 (01200015205)
I> [25/06/2012 14:23:31] Emission de programme: Programme 1329 (01200015205)
I> [25/06/2012 14:23:53] Emission de programme: Programme 1331 (01200015205)
I> [25/06/2012 14:24:14] Emission de programme: Programme 1334 (01200015205)
I> [25/06/2012 20:08:33] Appel depuis la CN de: 6340 01D
I> [25/06/2012 20:08:39] Le programme appelé depuis la CN est trouvé: C:\machines\T32 Bis\Programmes\LA CALHENE\6340 01D.MZK
I> [25/06/2012 20:08:40] Programmes dans les fichiers demandés: Programme 331 (6340 01D), Programme 332 (6340 01D), Programme 333 (6340 01D), Programme 334 (6340 01D), Programme 335 (6340 01D), Programme 415 (6340 01D)
I> [25/06/2012 20:08:46] Appel depuis la CN de: 6340 01D
I> [25/06/2012 20:08:53] Le programme appelé depuis la CN est trouvé: C:\machines\T32 Bis\Programmes\LA CALHENE\6340 01D.MZK
I> [25/06/2012 20:08:53] Programmes dans les fichiers demandés: Programme 331 (6340 01D), Programme 332 (6340 01D), Programme 333 (6340 01D), Programme 334 (6340 01D), Programme 335 (6340 01D), Programme 415 (6340 01D)
I> [25/06/2012 20:08:55] Emission de programme: Programme 331 (6340 01D)
I> [25/06/2012 20:09:05] Emission de programme: Programme 332 (6340 01D)
I> [25/06/2012 20:09:18] Emission de programme: Programme 333 (6340 01D)
I> [25/06/2012 20:09:28] Emission de programme: Programme 334 (6340 01D)
I> [25/06/2012 20:09:47] Emission de programme: Programme 335 (6340 01D)
I> [25/06/2012 20:10:03] Emission de programme: Programme 415 (6340 01D)
