I> [25/06/2010 08:23:30] Port activé avec succès.
I> [25/06/2010 15:23:40] Appel depuis la CN de: 5998155A
I> [25/06/2010 15:23:48] Le programme appelé depuis la CN est trouvé: C:\machines\T32 Bis\Programmes\FLOWSERVE\5998155A.MZK
I> [25/06/2010 15:23:48] Programmes dans les fichiers demandés: Programme 861 (5998155A)
I> [25/06/2010 15:23:55] Appel depuis la CN de: 5998155A
I> [25/06/2010 15:24:02] Le programme appelé depuis la CN est trouvé: C:\machines\T32 Bis\Programmes\FLOWSERVE\5998155A.MZK
I> [25/06/2010 15:24:02] Programmes dans les fichiers demandés: Programme 861 (5998155A)
I> [25/06/2010 15:25:12] Emission de programme: Programme 861 (5998155A)
I> [25/06/2010 15:27:41] Appel depuis la CN de: 5998155A
I> [25/06/2010 15:27:46] Le programme appelé depuis la CN est trouvé: C:\machines\T32 Bis\Programmes\FLOWSERVE\5998155A.MZK
I> [25/06/2010 15:27:46] Programmes dans les fichiers demandés: Programme 861 (5998155A)
I> [25/06/2010 15:28:08] Appel depuis la CN de: 5998154A
E> [25/06/2010 15:28:16] N'a pu trouver le programme appelé depuis la CN: 5998154A.MZK [Premier répertoire recherché : C:\machines\T32 Bis\Programmes]
I> [25/06/2010 15:28:52] Appel depuis la CN de: 5998155A
E> [25/06/2010 15:28:56] N'a pu émettre le fichier. [Previous remote request failed.]
I> [25/06/2010 15:28:57] Le programme appelé depuis la CN est trouvé: C:\machines\T32 Bis\Programmes\FLOWSERVE\5998155A.MZK
I> [25/06/2010 15:28:57] Programmes dans les fichiers demandés: Programme 861 (5998155A)
I> [25/06/2010 15:29:04] Appel depuis la CN de: 5998155A
I> [25/06/2010 15:29:10] Le programme appelé depuis la CN est trouvé: C:\machines\T32 Bis\Programmes\FLOWSERVE\5998155A.MZK
I> [25/06/2010 15:29:10] Programmes dans les fichiers demandés: Programme 861 (5998155A)
I> [25/06/2010 15:37:16] Appel depuis la CN de: 5998155A
I> [25/06/2010 15:37:21] Le programme appelé depuis la CN est trouvé: C:\machines\T32 Bis\Programmes\FLOWSERVE\5998155A.MZK
I> [25/06/2010 15:37:21] Programmes dans les fichiers demandés: Programme 861 (5998155A)
I> [25/06/2010 15:37:29] Appel depuis la CN de: 5998155A
I> [25/06/2010 15:37:37] Le programme appelé depuis la CN est trouvé: C:\machines\T32 Bis\Programmes\FLOWSERVE\5998155A.MZK
I> [25/06/2010 15:37:38] Programmes dans les fichiers demandés: Programme 861 (5998155A)
I> [25/06/2010 15:44:50] Emission de programme: Programme 861 (5998155A)
I> [25/06/2010 15:45:22] Réception: programme 861 (5998154A)
I> [25/06/2010 15:45:38] Fichier reçu: C:\machines\T32 Bis\Programmes\5998154A.MZK
I> [25/06/2010 15:45:38] Programmes dans les fichiers demandés: Programme 861 (5998154A)
I> [25/06/2010 15:46:38] Réception: programme 882 (5998155A)
I> [25/06/2010 15:46:45] Réception: programme 883 (5998155A)
I> [25/06/2010 15:46:52] Réception: programme 884 (5998155A)
I> [25/06/2010 15:46:59] Fichier reçu: C:\machines\T32 Bis\Programmes\5998155A.MZK
I> [25/06/2010 15:46:59] Programmes dans les fichiers demandés: Programme 882 (5998155A), Programme 883 (5998155A), Programme 884 (5998155A)
I> [25/06/2010 16:52:06] Réception: programme 885 (5993177D)
I> [25/06/2010 16:52:12] Réception: programme 886 (5993177D)
I> [25/06/2010 16:52:21] Fichier reçu: C:\machines\T32 Bis\Programmes\5993177D.MZK
I> [25/06/2010 16:52:21] Programmes dans les fichiers demandés: Programme 885 (5993177D), Programme 886 (5993177D)
I> [25/06/2010 16:53:32] Appel depuis la CN de: 5993177D
E> [25/06/2010 16:53:36] N'a pu émettre le fichier: C:\machines\T32 Bis\Programmes\5993177D.MZK [Le système ne peut pas lire le périphérique indiqué]
I> [25/06/2010 16:53:37] Le programme appelé depuis la CN est trouvé: C:\machines\T32 Bis\Programmes\FLOWSERVE\5993177D.MZK
I> [25/06/2010 16:53:37] Programmes dans les fichiers demandés: Programme 885 (5993177D), Programme 886 (5993177D)
I> [25/06/2010 16:53:43] Appel depuis la CN de: 5993177D
I> [25/06/2010 16:53:48] Le programme appelé depuis la CN est trouvé: C:\machines\T32 Bis\Programmes\FLOWSERVE\5993177D.MZK
I> [25/06/2010 16:53:48] Programmes dans les fichiers demandés: Programme 885 (5993177D), Programme 886 (5993177D)
