I> [25/06/2007 07:39:49] Port activé avec succès.
I> [25/06/2007 09:24:15] Appel depuis la CN de: 122700301E
I> [25/06/2007 09:24:26] Le programme appelé depuis la CN est trouvé: C:\machines\T32\Programmes\LA CALHENE\122700301E.MZK
I> [25/06/2007 09:24:26] Programmes dans les fichiers demandés: Programme 4410 (122700301E), Programme 4411 (122700301E), Programme 4412 (122700301E), Programme 4413 (122700301E), Programme 4414 (122700301E)
I> [25/06/2007 09:24:41] Emission de programme: Programme 4410 (122700301E)
I> [25/06/2007 09:24:53] Emission de programme: Programme 4411 (122700301E)
I> [25/06/2007 09:25:05] Emission de programme: Programme 4412 (122700301E)
I> [25/06/2007 09:25:34] Emission de programme: Programme 4413 (122700301E)
I> [25/06/2007 09:25:59] Emission de programme: Programme 4414 (122700301E)
I> [25/06/2007 19:06:11] Réception: programme 4410 (122700301E)
I> [25/06/2007 19:06:23] Réception: programme 4411 (122700301E)
I> [25/06/2007 19:06:35] Réception: programme 4412 (122700301E)
I> [25/06/2007 19:07:04] Réception: programme 4413 (122700301E)
I> [25/06/2007 19:07:28] Réception: programme 4414 (122700301E)
I> [25/06/2007 19:07:43] Réception: programme 4441 (122700301E)
I> [25/06/2007 19:07:51] Fichier reçu: C:\machines\T32\Programmes\122700301E.MZK
I> [25/06/2007 19:07:51] Programmes dans les fichiers demandés: Programme 4410 (122700301E), Programme 4411 (122700301E), Programme 4412 (122700301E), Programme 4413 (122700301E), Programme 4414 (122700301E), Programme 4441 (122700301E)
I> [25/06/2007 19:10:35] Appel depuis la CN de: 122700301E
I> [25/06/2007 19:10:46] Le programme appelé depuis la CN est trouvé: C:\machines\T32\Programmes\LA CALHENE\122700301E.MZK
I> [25/06/2007 19:10:46] Programmes dans les fichiers demandés: Programme 4410 (122700301E), Programme 4411 (122700301E), Programme 4412 (122700301E), Programme 4413 (122700301E), Programme 4414 (122700301E), Programme 4441 (122700301E)
I> [25/06/2007 19:20:14] Appel depuis la CN de: 121900401G
I> [25/06/2007 19:20:24] Le programme appelé depuis la CN est trouvé: C:\machines\T32\Programmes\LA CALHENE\121900401G.MZK
I> [25/06/2007 19:20:25] Programmes dans les fichiers demandés: Programme 4424 (121900401G), Programme 4425 (121900401G), Programme 4426 (121900401G), Programme 4427 (121900401G), Programme 4430 (121900401G)
I> [25/06/2007 19:20:52] Emission de programme: Programme 4424 (121900401G)
I> [25/06/2007 19:21:05] Emission de programme: Programme 4425 (121900401G)
I> [25/06/2007 19:21:19] Emission de programme: Programme 4426 (121900401G)
I> [25/06/2007 19:21:48] Emission de programme: Programme 4427 (121900401G)
I> [25/06/2007 19:22:11] Emission de programme: Programme 4430 (121900401G)
