I> [25/01/2008 08:39:26] Réception: programme 122 (A4801010A)
I> [25/01/2008 08:39:34] Réception: programme 123 (A4801010A)
I> [25/01/2008 08:39:48] Fichier reçu: C:\machines\T32 Bis\Programmes\A4801010A.MZK
I> [25/01/2008 08:39:48] Programmes dans les fichiers demandés: Programme 122 (A4801010A), Programme 123 (A4801010A)
I> [25/01/2008 08:49:05] Appel depuis la CN de: 5999064A
E> [25/01/2008 08:49:10] N'a pu émettre le fichier: C:\machines\T32 Bis\Programmes\A4801010A.MZK [Le système ne peut pas lire le périphérique indiqué]
I> [25/01/2008 08:49:10] Le programme appelé depuis la CN est trouvé: C:\machines\T32 Bis\Programmes\DRESSER\5999064A.MZK
I> [25/01/2008 08:49:10] Programmes dans les fichiers demandés: Programme 4259 (5999064A), Programme 4260 (5999064A)
I> [25/01/2008 08:49:30] Appel depuis la CN de: 5999064A
I> [25/01/2008 08:51:00] Appel depuis la CN de: 5999064A
I> [25/01/2008 08:51:07] Le programme appelé depuis la CN est trouvé: C:\machines\T32 Bis\Programmes\DRESSER\5999064A.MZK
I> [25/01/2008 08:51:07] Programmes dans les fichiers demandés: Programme 4259 (5999064A), Programme 4260 (5999064A)
I> [25/01/2008 08:54:22] Appel depuis la CN de: 5999064
I> [25/01/2008 08:54:30] Le programme appelé depuis la CN est trouvé: C:\machines\T32 Bis\Programmes\5999064.MZK
I> [25/01/2008 08:54:30] Programmes dans les fichiers demandés: Programme 32, Données d'outil, Programme 275, Données d'outil
I> [25/01/2008 08:54:41] Appel depuis la CN de: 5999064
I> [25/01/2008 08:54:47] Le programme appelé depuis la CN est trouvé: C:\machines\T32 Bis\Programmes\5999064.MZK
I> [25/01/2008 08:54:47] Programmes dans les fichiers demandés: Programme 32, Données d'outil, Programme 275, Données d'outil
I> [25/01/2008 08:54:49] Emission de programme: Programme 32
I> [25/01/2008 08:54:56] Emission de programme: Données d'outil
I> [25/01/2008 08:54:57] Emission de programme: Programme 275
I> [25/01/2008 08:55:02] Emission de programme: Données d'outil
I> [25/01/2008 14:08:18] Port activé avec succès.
I> [25/01/2008 14:30:13] Réception: programme 124 (5999064)
I> [25/01/2008 14:30:26] Réception: programme 125 (5999064)
I> [25/01/2008 14:30:36] Fichier existant sauvegardé: C:\MACHINES\T32 BIS\SAUVEGARDES\5999064_01.MZK
I> [25/01/2008 14:30:36] Fichier reçu: C:\machines\T32 Bis\Programmes\5999064.MZK
I> [25/01/2008 14:30:36] Programmes dans les fichiers demandés: Programme 124 (5999064), Programme 125 (5999064)
I> [25/01/2008 14:48:38] Appel depuis la CN de: 2976836D
I> [25/01/2008 14:48:43] Le programme appelé depuis la CN est trouvé: C:\machines\T32 Bis\Programmes\2976836D.MZK
I> [25/01/2008 14:48:43] Programmes dans les fichiers demandés: Programme 42, Données d'outil, Programme 39, Données d'outil
I> [25/01/2008 14:48:51] Emission de programme: Programme 42
I> [25/01/2008 14:49:00] Emission de programme: Données d'outil
I> [25/01/2008 14:49:01] Emission de programme: Programme 39
I> [25/01/2008 14:49:09] Emission de programme: Données d'outil
