I> [25/11/2009 07:34:37] Port activé avec succès.
I> [25/11/2009 12:03:04] Appel depuis la CN de: 4588-05-01A
I> [25/11/2009 12:03:11] Le programme appelé depuis la CN est trouvé: C:\machines\T32 Bis\Programmes\LA CALHENE\4588-05-01A.MZK
I> [25/11/2009 12:03:11] Programmes dans les fichiers demandés: Programme 337 (4588-05-01A), Programme 338 (4588-05-01A), Programme 339 (4588-05-01A), Programme 340 (4588-05-01A), Programme 341 (4588-05-01A)
I> [25/11/2009 12:03:23] Emission de programme: Programme 337 (4588-05-01A)
I> [25/11/2009 12:03:29] Emission de programme: Programme 338 (4588-05-01A)
I> [25/11/2009 18:00:17] Réception: programme 726 (430000410E)
I> [25/11/2009 18:00:27] Réception: programme 727 (430000410E)
I> [25/11/2009 18:00:40] Réception: programme 728 (430000410E)
I> [25/11/2009 18:00:49] Réception: programme 729 (430000410E)
I> [25/11/2009 18:01:02] Réception: programme 732 (430000410E)
I> [25/11/2009 18:01:15] Réception: programme 733 (430000410E)
I> [25/11/2009 18:01:25] Réception: programme 734 (430000410E)
I> [25/11/2009 18:01:39] Fichier reçu: C:\machines\T32 Bis\Programmes\430000410E.MZK
I> [25/11/2009 18:01:39] Programmes dans les fichiers demandés: Programme 726 (430000410E), Programme 727 (430000410E), Programme 728 (430000410E), Programme 729 (430000410E), Programme 732 (430000410E), Programme 733 (430000410E), Programme 734 (430000410E)
I> [25/11/2009 18:13:49] Réception: programme 724 (430000422B)
I> [25/11/2009 18:13:59] Réception: programme 725 (430000422B)
I> [25/11/2009 18:14:13] Réception: programme 730 (430000422B)
I> [25/11/2009 18:14:22] Réception: programme 731 (430000422B)
I> [25/11/2009 18:14:35] Réception: programme 735 (430000422B)
I> [25/11/2009 18:14:48] Réception: programme 736 (430000422B)
I> [25/11/2009 18:14:58] Réception: programme 737 (430000422B)
I> [25/11/2009 18:15:12] Fichier reçu: C:\machines\T32 Bis\Programmes\430000422B.MZK
I> [25/11/2009 18:15:12] Programmes dans les fichiers demandés: Programme 724 (430000422B), Programme 725 (430000422B), Programme 730 (430000422B), Programme 731 (430000422B), Programme 735 (430000422B), Programme 736 (430000422B), Programme 737 (430000422B)
