I> [26/04/2007 00:51:07] Appel depuis la CN de: 81B0002-1
I> [26/04/2007 00:51:14] Le programme appelé depuis la CN est trouvé: C:\machines\T32\Programmes\DRESSER\81B0002-1.MZK
I> [26/04/2007 00:51:14] Programmes dans les fichiers demandés: Programme 4094 (81B0002-1), Programme 4097 (81B0002-1)
I> [26/04/2007 00:53:37] Emission de programme: Programme 4094 (81B0002-1)
I> [26/04/2007 00:54:11] Emission de programme: Programme 4097 (81B0002-1)
E> [26/04/2007 00:58:03] Transmission avortée. [Délai de réponse dépassé, interruption de la transmission]
I> [26/04/2007 05:26:31] Emission de programme: Programme 4097 (81B0002-1)
I> [26/04/2007 08:02:42] Appel depuis la CN de: 151475-02
I> [26/04/2007 08:03:03] Appel depuis la CN de: 151475-02
I> [26/04/2007 08:03:09] Le programme appelé depuis la CN est trouvé: C:\machines\T32\Programmes\ARO\151475-02.MZK
I> [26/04/2007 08:03:09] Programmes dans les fichiers demandés: Programme 4020 (151475-02), Programme 4021 (151475-02), Programme 1535 (151475-02), Programme 1543 (151475-02)
I> [26/04/2007 08:03:17] Emission de programme: Programme 4020 (151475-02)
I> [26/04/2007 08:03:28] Emission de programme: Programme 4021 (151475-02)
I> [26/04/2007 08:03:40] Emission de programme: Programme 1535 (151475-02)
I> [26/04/2007 08:03:50] Emission de programme: Programme 1543 (151475-02)
I> [26/04/2007 13:14:53] Appel depuis la CN de: 81B0002-1
I> [26/04/2007 13:14:59] Le programme appelé depuis la CN est trouvé: C:\machines\T32\Programmes\81B0002-1.MZK
I> [26/04/2007 13:14:59] Programmes dans les fichiers demandés: Programme 103, Données d'outil, Programme 58, Données d'outil, Programme 278, Données d'outil
I> [26/04/2007 13:15:35] Emission de programme: Programme 278
I> [26/04/2007 13:15:39] Emission de programme: Données d'outil
I> [26/04/2007 16:35:58] Appel depuis la CN de: 2975421A
I> [26/04/2007 16:36:05] Le programme appelé depuis la CN est trouvé: C:\machines\T32\Programmes\2975421A.mzk
I> [26/04/2007 16:36:05] Programmes dans les fichiers demandés: Programme 78, Données d'outil, Programme 329, Données d'outil, Programme 268, Données d'outil
I> [26/04/2007 16:36:26] Emission de programme: Programme 78
I> [26/04/2007 16:36:41] Emission de programme: Données d'outil
I> [26/04/2007 16:36:42] Emission de programme: Programme 329
I> [26/04/2007 16:36:56] Emission de programme: Données d'outil
I> [26/04/2007 16:36:58] Emission de programme: Programme 268
I> [26/04/2007 16:37:01] Emission de programme: Données d'outil
