I> [26/06/2007 05:10:18] Appel depuis la CN de: 122700301E
I> [26/06/2007 05:10:29] Le programme appelé depuis la CN est trouvé: C:\machines\T32\Programmes\LA CALHENE\122700301E.MZK
I> [26/06/2007 05:10:29] Programmes dans les fichiers demandés: Programme 4410 (122700301E), Programme 4411 (122700301E), Programme 4412 (122700301E), Programme 4413 (122700301E), Programme 4414 (122700301E), Programme 4441 (122700301E)
I> [26/06/2007 05:10:44] Emission de programme: Programme 4441 (122700301E)
I> [26/06/2007 08:21:55] Réception: programme 4424 (121900401G)
I> [26/06/2007 08:22:08] Réception: programme 4425 (121900401G)
I> [26/06/2007 08:22:22] Réception: programme 4426 (121900401G)
I> [26/06/2007 08:22:52] Réception: programme 4427 (121900401G)
I> [26/06/2007 08:23:16] Réception: programme 4430 (121900401G)
I> [26/06/2007 08:23:30] Réception: programme 4442 (121900401G)
I> [26/06/2007 08:23:39] Fichier reçu: C:\machines\T32\Programmes\121900401G.MZK
I> [26/06/2007 08:23:39] Programmes dans les fichiers demandés: Programme 4424 (121900401G), Programme 4425 (121900401G), Programme 4426 (121900401G), Programme 4427 (121900401G), Programme 4430 (121900401G), Programme 4442 (121900401G)
I> [26/06/2007 08:26:15] Appel depuis la CN de: 122700301E
I> [26/06/2007 08:26:26] Le programme appelé depuis la CN est trouvé: C:\machines\T32\Programmes\LA CALHENE\122700301E.MZK
I> [26/06/2007 08:26:26] Programmes dans les fichiers demandés: Programme 4410 (122700301E), Programme 4411 (122700301E), Programme 4412 (122700301E), Programme 4413 (122700301E), Programme 4414 (122700301E), Programme 4441 (122700301E)
I> [26/06/2007 08:26:32] Emission de programme: Programme 4410 (122700301E)
I> [26/06/2007 08:26:44] Emission de programme: Programme 4411 (122700301E)
I> [26/06/2007 08:26:56] Emission de programme: Programme 4412 (122700301E)
I> [26/06/2007 08:27:25] Emission de programme: Programme 4413 (122700301E)
I> [26/06/2007 08:27:50] Emission de programme: Programme 4414 (122700301E)
I> [26/06/2007 08:28:05] Emission de programme: Programme 4441 (122700301E)
I> [26/06/2007 12:48:51] Réception: programme 4410 (122700301E)
I> [26/06/2007 12:49:03] Réception: programme 4411 (122700301E)
I> [26/06/2007 12:49:15] Réception: programme 4412 (122700301E)
I> [26/06/2007 12:49:44] Réception: programme 4413 (122700301E)
I> [26/06/2007 12:50:08] Réception: programme 4414 (122700301E)
I> [26/06/2007 12:50:23] Réception: programme 4441 (122700301E)
I> [26/06/2007 12:50:29] Réception: programme 4443 (122700301E)
I> [26/06/2007 12:50:36] Fichier reçu: C:\machines\T32\Programmes\122700301E.MZK
I> [26/06/2007 12:50:36] Programmes dans les fichiers demandés: Programme 4410 (122700301E), Programme 4411 (122700301E), Programme 4412 (122700301E), Programme 4413 (122700301E), Programme 4414 (122700301E), Programme 4441 (122700301E), Programme 4443 (122700301E)
I> [26/06/2007 13:28:05] Appel depuis la CN de: 2973964B 1
I> [26/06/2007 13:28:16] Le programme appelé depuis la CN est trouvé: C:\machines\T32\Programmes\DRESSER\2973964B 1.MZK
I> [26/06/2007 13:28:16] Programmes dans les fichiers demandés: Programme 2323 (2973964B 1), Programme 2326 (2973964B 1)
I> [26/06/2007 13:30:07] Emission de programme: Programme 2323 (2973964B 1)
I> [26/06/2007 13:30:30] Emission de programme: Programme 2326 (2973964B 1)
