I> [26/01/2012 04:51:18] Port activé avec succès.
I> [26/01/2012 06:03:26] Réception: programme 1265 (PP01743DA)
I> [26/01/2012 06:03:32] Réception: programme 1266 (PP01743DA)
I> [26/01/2012 06:03:39] Réception: programme 1267 (PP01743DA)
I> [26/01/2012 06:03:58] Fichier reçu: C:\machines\T32 Bis\Programmes\PP01743DA.MZK
I> [26/01/2012 06:03:59] Programmes dans les fichiers demandés: Programme 1265 (PP01743DA), Programme 1266 (PP01743DA), Programme 1267 (PP01743DA)
I> [26/01/2012 06:05:31] Appel depuis la CN de: PP01743DA
I> [26/01/2012 06:05:36] Le programme appelé depuis la CN est trouvé: C:\machines\T32 Bis\Programmes\FLOWSERVE\PP01743DA.MZK
I> [26/01/2012 06:05:36] Programmes dans les fichiers demandés: Programme 1265 (PP01743DA), Programme 1266 (PP01743DA), Programme 1267 (PP01743DA)
I> [26/01/2012 06:16:11] Appel depuis la CN de: 11270-01-01
I> [26/01/2012 06:16:16] Le programme appelé depuis la CN est trouvé: C:\machines\T32 Bis\Programmes\LA CALHENE\11270-01-01.MZK
I> [26/01/2012 06:16:16] Programmes dans les fichiers demandés: Programme 1004 (11270-01-01), Programme 1005 (11270-01-01), Programme 739 (11270-01-01)
I> [26/01/2012 06:16:23] Emission de programme: Programme 1004 (11270-01-01)
I> [26/01/2012 06:18:01] Emission de programme: Programme 1005 (11270-01-01)
I> [26/01/2012 06:18:14] Emission de programme: Programme 739 (11270-01-01)
I> [26/01/2012 17:23:49] Appel depuis la CN de: 112704601A
I> [26/01/2012 17:23:54] Le programme appelé depuis la CN est trouvé: C:\machines\T32 Bis\Programmes\LA CALHENE\112704601A.MZK
I> [26/01/2012 17:23:54] Programmes dans les fichiers demandés: Programme 863 (112704601A), Programme 864 (112704601A), Programme 865 (112704601A), Programme 866 (112704601A)
I> [26/01/2012 17:24:29] Emission de programme: Programme 863 (112704601A)
I> [26/01/2012 19:28:28] Réception: programme 1268 (291130000CN)
I> [26/01/2012 19:28:40] Fichier reçu: C:\machines\T32 Bis\Programmes\291130000CN.MZK
I> [26/01/2012 19:28:40] Programmes dans les fichiers demandés: Programme 1268 (291130000CN)
