I> [26/04/2012 07:17:00] Port activé avec succès.
I> [26/04/2012 11:20:13] Réception: programme 1313 (DN18913551E)
I> [26/04/2012 11:20:30] Réception: programme 1314 (DN18913551E)
I> [26/04/2012 11:20:40] Réception: programme 1315 (DN18913551E)
I> [26/04/2012 11:20:52] Fichier reçu: C:\machines\T32 Bis\Programmes\DN18913551E.MZK
I> [26/04/2012 11:20:52] Programmes dans les fichiers demandés: Programme 1313 (DN18913551E), Programme 1314 (DN18913551E), Programme 1315 (DN18913551E)
I> [26/04/2012 11:35:09] Appel depuis la CN de: DN0131201B
E> [26/04/2012 11:35:14] N'a pu trouver le programme appelé depuis la CN: DN0131201B.MZK [Premier répertoire recherché : C:\machines\T32 Bis\Programmes]
E> [26/04/2012 11:35:15] N'a pu émettre le fichier. [Previous remote request failed.]
I> [26/04/2012 11:35:27] Appel depuis la CN de: DN0131201B
E> [26/04/2012 11:35:31] N'a pu trouver le programme appelé depuis la CN: DN0131201B.MZK [Premier répertoire recherché : C:\machines\T32 Bis\Programmes]
E> [26/04/2012 11:36:10] N'a pu émettre le fichier. [Previous remote request failed.]
I> [26/04/2012 11:36:59] Appel depuis la CN de: DN01312101B
I> [26/04/2012 11:37:04] Le programme appelé depuis la CN est trouvé: C:\machines\T32 Bis\Programmes\LA CALHENE\DN01312101B.MZK
I> [26/04/2012 11:37:04] Programmes dans les fichiers demandés: Programme 1206 (DN01312101B), Programme 1207 (DN01312101B), Programme 1208 (DN01312101B), Programme 4221 (DN01312101B), Programme 4222 (DN01312101B)
I> [26/04/2012 11:37:12] Emission de programme: Programme 1206 (DN01312101B)
I> [26/04/2012 11:37:16] Emission de programme: Programme 1207 (DN01312101B)
I> [26/04/2012 11:37:23] Emission de programme: Programme 1208 (DN01312101B)
I> [26/04/2012 11:37:29] Emission de programme: Programme 4221 (DN01312101B)
I> [26/04/2012 11:38:02] Emission de programme: Programme 4222 (DN01312101B)
I> [26/04/2012 11:39:21] Appel depuis la CN de: DN01312102B
I> [26/04/2012 11:39:25] Le programme appelé depuis la CN est trouvé: C:\machines\T32 Bis\Programmes\LA CALHENE\DN01312102B.MZK
I> [26/04/2012 11:39:25] Programmes dans les fichiers demandés: Programme 1206 (DN01312102B), Programme 1207 (DN01312102B), Programme 1208 (DN01312102B), Programme 4220 (DN01312102B), Programme 4223 (DN01312102B)
I> [26/04/2012 11:40:23] Emission de programme: Programme 4220 (DN01312102B)
I> [26/04/2012 11:40:54] Emission de programme: Programme 4223 (DN01312102B)
