I> [26/04/2010 05:06:35] Port activé avec succès.
I> [26/04/2010 10:37:57] Appel depuis la CN de: DOR007
I> [26/04/2010 10:38:06] Le programme appelé depuis la CN est trouvé: C:\machines\T32 Bis\Programmes\DOR007.MZK
I> [26/04/2010 10:38:06] Programmes dans les fichiers demandés: Programme 5062 (DOR007), Programme 5065 (DOR007), Programme 5066 (DOR007)
I> [26/04/2010 10:38:17] Appel depuis la CN de: DOR007
I> [26/04/2010 10:38:26] Le programme appelé depuis la CN est trouvé: C:\machines\T32 Bis\Programmes\DOR007.MZK
I> [26/04/2010 10:38:26] Programmes dans les fichiers demandés: Programme 5062 (DOR007), Programme 5065 (DOR007), Programme 5066 (DOR007)
I> [26/04/2010 10:38:29] Emission de programme: Programme 5062 (DOR007)
I> [26/04/2010 10:38:42] Emission de programme: Programme 5065 (DOR007)
I> [26/04/2010 10:38:50] Emission de programme: Programme 5066 (DOR007)
I> [26/04/2010 14:26:35] Appel depuis la CN de: 4802907A
E> [26/04/2010 14:26:41] N'a pu émettre le fichier: C:\machines\T32 Bis\Programmes\DOR007.MZK [Le système ne peut pas lire le périphérique indiqué]
I> [26/04/2010 14:26:41] Le programme appelé depuis la CN est trouvé: C:\machines\T32 Bis\Programmes\FLOWSERVE\4802907A.MZK
I> [26/04/2010 14:26:41] Programmes dans les fichiers demandés: Programme 84 (4802907A), Programme 85 (4802907A), Programme 829 (4802907A), Programme 830 (4802907A)
I> [26/04/2010 14:26:46] Appel depuis la CN de: 4802907A
I> [26/04/2010 14:26:53] Le programme appelé depuis la CN est trouvé: C:\machines\T32 Bis\Programmes\FLOWSERVE\4802907A.MZK
I> [26/04/2010 14:26:53] Programmes dans les fichiers demandés: Programme 84 (4802907A), Programme 85 (4802907A), Programme 829 (4802907A), Programme 830 (4802907A)
I> [26/04/2010 14:27:50] Emission de programme: Programme 84 (4802907A)
I> [26/04/2010 14:28:01] Emission de programme: Programme 85 (4802907A)
I> [26/04/2010 14:28:09] Emission de programme: Programme 829 (4802907A)
I> [26/04/2010 14:28:17] Emission de programme: Programme 830 (4802907A)
I> [26/04/2010 14:31:18] Appel depuis la CN de: 4997448A
I> [26/04/2010 14:31:27] Le programme appelé depuis la CN est trouvé: C:\machines\T32 Bis\Programmes\FLOWSERVE\4997448A.MZK
I> [26/04/2010 14:31:27] Programmes dans les fichiers demandés: Programme 824 (4997448A), Programme 825 (4997448A)
I> [26/04/2010 14:31:35] Appel depuis la CN de: 4997448A
I> [26/04/2010 14:31:43] Le programme appelé depuis la CN est trouvé: C:\machines\T32 Bis\Programmes\FLOWSERVE\4997448A.MZK
I> [26/04/2010 14:31:43] Programmes dans les fichiers demandés: Programme 824 (4997448A), Programme 825 (4997448A)
I> [26/04/2010 14:32:20] Emission de programme: Programme 824 (4997448A)
I> [26/04/2010 14:32:32] Emission de programme: Programme 825 (4997448A)
I> [26/04/2010 14:35:25] Appel depuis la CN de: 4994115B
I> [26/04/2010 14:35:34] Le programme appelé depuis la CN est trouvé: C:\machines\T32 Bis\Programmes\FLOWSERVE\4994115B.MZK
I> [26/04/2010 14:35:34] Programmes dans les fichiers demandés: Programme 823 (4994115B), Programme 826 (4994115B)
I> [26/04/2010 14:35:41] Appel depuis la CN de: 4994115B
I> [26/04/2010 14:35:50] Le programme appelé depuis la CN est trouvé: C:\machines\T32 Bis\Programmes\FLOWSERVE\4994115B.MZK
I> [26/04/2010 14:35:50] Programmes dans les fichiers demandés: Programme 823 (4994115B), Programme 826 (4994115B)
I> [26/04/2010 14:35:55] Emission de programme: Programme 823 (4994115B)
I> [26/04/2010 14:36:06] Emission de programme: Programme 826 (4994115B)
I> [26/04/2010 16:30:21] Réception: programme 84 (4802907A)
I> [26/04/2010 16:30:32] Réception: programme 85 (4802907A)
I> [26/04/2010 16:30:40] Réception: programme 829 (4802907A)
I> [26/04/2010 16:30:48] Réception: programme 830 (4802907A)
I> [26/04/2010 16:30:54] Réception: programme 835 (4802907A)
I> [26/04/2010 16:31:03] Fichier reçu: C:\machines\T32 Bis\Programmes\4802907A.MZK
I> [26/04/2010 16:31:03] Programmes dans les fichiers demandés: Programme 84 (4802907A), Programme 85 (4802907A), Programme 829 (4802907A), Programme 830 (4802907A), Programme 835 (4802907A)
I> [26/04/2010 16:32:13] Appel depuis la CN de: 4802907A
I> [26/04/2010 16:32:20] Le programme appelé depuis la CN est trouvé: C:\machines\T32 Bis\Programmes\FLOWSERVE\4802907A.MZK
I> [26/04/2010 16:32:20] Programmes dans les fichiers demandés: Programme 84 (4802907A), Programme 85 (4802907A), Programme 829 (4802907A), Programme 830 (4802907A), Programme 835 (4802907A)
I> [26/04/2010 16:52:03] Appel depuis la CN de: 4802907A
I> [26/04/2010 16:52:12] Le programme appelé depuis la CN est trouvé: C:\machines\T32 Bis\Programmes\FLOWSERVE\4802907A.MZK
I> [26/04/2010 16:52:12] Programmes dans les fichiers demandés: Programme 84 (4802907A), Programme 85 (4802907A), Programme 829 (4802907A), Programme 830 (4802907A), Programme 835 (4802907A)
I> [26/04/2010 16:53:10] Appel depuis la CN de: 4802727B
I> [26/04/2010 16:53:16] Le programme appelé depuis la CN est trouvé: C:\machines\T32 Bis\Programmes\FLOWSERVE\4802727B.MZK
I> [26/04/2010 16:53:16] Programmes dans les fichiers demandés: Programme 86 (4802727B), Programme 87 (4802727B)
I> [26/04/2010 16:53:50] Emission de programme: Programme 86 (4802727B)
I> [26/04/2010 16:54:02] Emission de programme: Programme 87 (4802727B)
I> [26/04/2010 17:24:46] Réception: programme 86 (4802727B)
I> [26/04/2010 17:24:57] Réception: programme 87 (4802727B)
I> [26/04/2010 17:25:04] Réception: programme 836 (4802727B)
I> [26/04/2010 17:25:13] Fichier reçu: C:\machines\T32 Bis\Programmes\4802727B.MZK
I> [26/04/2010 17:25:14] Programmes dans les fichiers demandés: Programme 86 (4802727B), Programme 87 (4802727B), Programme 836 (4802727B)
I> [26/04/2010 17:25:50] Appel depuis la CN de: 4802727B
E> [26/04/2010 17:25:56] N'a pu émettre le fichier: C:\machines\T32 Bis\Programmes\4802727B.MZK [Le système ne peut pas lire le périphérique indiqué]
I> [26/04/2010 17:25:56] Le programme appelé depuis la CN est trouvé: C:\machines\T32 Bis\Programmes\FLOWSERVE\4802727B.MZK
I> [26/04/2010 17:25:56] Programmes dans les fichiers demandés: Programme 86 (4802727B), Programme 87 (4802727B), Programme 836 (4802727B)
I> [26/04/2010 17:26:01] Appel depuis la CN de: 4802727B
I> [26/04/2010 17:26:10] Le programme appelé depuis la CN est trouvé: C:\machines\T32 Bis\Programmes\FLOWSERVE\4802727B.MZK
I> [26/04/2010 17:26:10] Programmes dans les fichiers demandés: Programme 86 (4802727B), Programme 87 (4802727B), Programme 836 (4802727B)
I> [26/04/2010 17:38:27] Appel depuis la CN de: 2976862C
I> [26/04/2010 17:38:33] Le programme appelé depuis la CN est trouvé: C:\machines\T32 Bis\Programmes\FLOWSERVE\2976862C.MZK
I> [26/04/2010 17:38:33] Programmes dans les fichiers demandés: Programme 433 (2976862C), Programme 436 (2976862C)
I> [26/04/2010 17:39:25] Emission de programme: Programme 433 (2976862C)
I> [26/04/2010 17:39:41] Emission de programme: Programme 436 (2976862C)
I> [26/04/2010 17:40:14] Appel depuis la CN de: 2976864D
I> [26/04/2010 17:40:23] Le programme appelé depuis la CN est trouvé: C:\machines\T32 Bis\Programmes\FLOWSERVE\2976864D.MZK
I> [26/04/2010 17:40:23] Programmes dans les fichiers demandés: Programme 435 (2976864D), Programme 437 (2976864D)
I> [26/04/2010 17:40:27] Appel depuis la CN de: 2976864D
I> [26/04/2010 17:40:34] Le programme appelé depuis la CN est trouvé: C:\machines\T32 Bis\Programmes\FLOWSERVE\2976864D.MZK
I> [26/04/2010 17:40:34] Programmes dans les fichiers demandés: Programme 435 (2976864D), Programme 437 (2976864D)
I> [26/04/2010 17:41:02] Emission de programme: Programme 435 (2976864D)
I> [26/04/2010 17:41:17] Emission de programme: Programme 437 (2976864D)
