I> [26/03/2013 07:25:34] Port activé avec succès.
I> [26/03/2013 08:30:45] Réception: programme 1458 (4808514A)
I> [26/03/2013 08:31:00] Réception: programme 1459 (4808514A)
I> [26/03/2013 08:31:28] Réception: programme 1461 (4808514A)
I> [26/03/2013 08:31:47] Fichier reçu: C:\machines\T32 Bis\Programmes\4808514A.MZK
I> [26/03/2013 08:31:47] Programmes dans les fichiers demandés: Programme 1458 (4808514A), Programme 1459 (4808514A), Programme 1461 (4808514A)
I> [26/03/2013 08:38:35] Réception: programme 1457 (4808515A)
I> [26/03/2013 08:38:53] Réception: programme 1460 (4808515A)
I> [26/03/2013 08:39:21] Réception: programme 1462 (4808515A)
I> [26/03/2013 08:39:40] Fichier reçu: C:\machines\T32 Bis\Programmes\4808515A.MZK
I> [26/03/2013 08:39:40] Programmes dans les fichiers demandés: Programme 1457 (4808515A), Programme 1460 (4808515A), Programme 1462 (4808515A)
I> [26/03/2013 13:30:30] Appel depuis la CN de: 2976325C
I> [26/03/2013 13:30:40] Le programme appelé depuis la CN est trouvé: C:\machines\T32 Bis\Programmes\FLOWSERVE\2976325C.MZK
I> [26/03/2013 13:30:40] Programmes dans les fichiers demandés: Programme 128 (2976325C), Programme 131 (2976325C)
I> [26/03/2013 13:32:03] Emission de programme: Programme 128 (2976325C)
I> [26/03/2013 13:32:19] Emission de programme: Programme 131 (2976325C)
I> [26/03/2013 13:37:29] Appel depuis la CN de: 2976840C 6
I> [26/03/2013 13:37:38] Le programme appelé depuis la CN est trouvé: C:\machines\T32 Bis\Programmes\FLOWSERVE\2976840C 6.MZK
I> [26/03/2013 13:37:38] Programmes dans les fichiers demandés: Programme 205 (2976840C 6), Programme 207 (2976840C 6)
I> [26/03/2013 13:37:43] Emission de programme: Programme 205 (2976840C 6)
I> [26/03/2013 13:38:01] Emission de programme: Programme 207 (2976840C 6)
I> [26/03/2013 13:38:34] Appel depuis la CN de: 2976839C 6
I> [26/03/2013 13:38:42] Appel depuis la CN de: 2976839C 6
I> [26/03/2013 13:38:53] Le programme appelé depuis la CN est trouvé: C:\machines\T32 Bis\Programmes\FLOWSERVE\2976839C 6.MZK
I> [26/03/2013 13:38:53] Programmes dans les fichiers demandés: Programme 204 (2976839C 6), Programme 206 (2976839C 6)
I> [26/03/2013 13:38:58] Emission de programme: Programme 204 (2976839C 6)
I> [26/03/2013 13:39:17] Emission de programme: Programme 206 (2976839C 6)
I> [26/03/2013 13:39:48] Appel depuis la CN de: 2976326D
I> [26/03/2013 13:40:07] Le programme appelé depuis la CN est trouvé: C:\machines\T32 Bis\Programmes\FLOWSERVE\2976326D.MZK
I> [26/03/2013 13:40:07] Programmes dans les fichiers demandés: Programme 633 (2976326D), Programme 634 (2976326D)
I> [26/03/2013 13:40:10] Appel depuis la CN de: 2976326D
I> [26/03/2013 13:40:22] Le programme appelé depuis la CN est trouvé: C:\machines\T32 Bis\Programmes\FLOWSERVE\2976326D.MZK
I> [26/03/2013 13:40:22] Programmes dans les fichiers demandés: Programme 633 (2976326D), Programme 634 (2976326D)
I> [26/03/2013 13:40:23] Emission de programme: Programme 633 (2976326D)
I> [26/03/2013 13:40:38] Emission de programme: Programme 634 (2976326D)
