I> [26/07/2011 05:07:28] Port activé avec succès.
I> [26/07/2011 12:50:48] Réception: programme 1141 (2981342C)
I> [26/07/2011 12:51:20] Réception: programme 1057 (2981342C)
I> [26/07/2011 12:51:48] Réception: programme 1058 (2981342C)
I> [26/07/2011 12:52:01] Fichier reçu: C:\machines\T32 Bis\Programmes\2981342C.MZK
I> [26/07/2011 12:52:01] Programmes dans les fichiers demandés: Programme 1141 (2981342C), Programme 1057 (2981342C), Programme 1058 (2981342C)
I> [26/07/2011 13:06:32] Appel depuis la CN de: 3980180D
I> [26/07/2011 13:06:37] Le programme appelé depuis la CN est trouvé: C:\machines\T32 Bis\Programmes\FLOWSERVE\3980180D.MZK
I> [26/07/2011 13:06:37] Programmes dans les fichiers demandés: Programme 792 (3980180D), Programme 793 (3980180D), Programme 807 (3980180D), Programme 808 (3980180D)
I> [26/07/2011 13:08:07] Emission de programme: Programme 792 (3980180D)
I> [26/07/2011 13:08:15] Emission de programme: Programme 793 (3980180D)
I> [26/07/2011 13:08:25] Emission de programme: Programme 807 (3980180D)
I> [26/07/2011 13:08:35] Emission de programme: Programme 808 (3980180D)
I> [26/07/2011 17:12:17] Réception: programme 792 (3980180D)
I> [26/07/2011 17:12:26] Réception: programme 793 (3980180D)
I> [26/07/2011 17:12:35] Réception: programme 807 (3980180D)
I> [26/07/2011 17:12:45] Réception: programme 808 (3980180D)
I> [26/07/2011 17:13:01] Fichier reçu: C:\machines\T32 Bis\Programmes\3980180D.MZK
I> [26/07/2011 17:13:01] Programmes dans les fichiers demandés: Programme 792 (3980180D), Programme 793 (3980180D), Programme 807 (3980180D), Programme 808 (3980180D)
I> [26/07/2011 17:14:24] Appel depuis la CN de: 3980180D
I> [26/07/2011 17:14:28] Le programme appelé depuis la CN est trouvé: C:\machines\T32 Bis\Programmes\FLOWSERVE\3980180D.MZK
I> [26/07/2011 17:14:28] Programmes dans les fichiers demandés: Programme 792 (3980180D), Programme 793 (3980180D), Programme 807 (3980180D), Programme 808 (3980180D)
I> [26/07/2011 17:14:47] Emission de programme: Programme 792 (3980180D)
I> [26/07/2011 17:14:55] Emission de programme: Programme 793 (3980180D)
I> [26/07/2011 17:15:04] Emission de programme: Programme 807 (3980180D)
I> [26/07/2011 17:15:14] Emission de programme: Programme 808 (3980180D)
