I> [26/05/2016 04:52:28] Port activé avec succès.
I> [26/05/2016 11:28:23] Appel depuis la CN de: 10350090201
I> [26/05/2016 11:28:28] Le programme appelé depuis la CN est trouvé: C:\machines\T32 Bis\Programmes\LA CALHENE\10350090201.MZK
I> [26/05/2016 11:28:28] Programmes dans les fichiers demandés: Programme 1442 (10350090201), Programme 1443 (10350090201), Programme 1444 (10350090201), Programme 1445 (10350090201), Programme 1446 (10350090201)
I> [26/05/2016 11:28:35] Emission de programme: Programme 1442 (10350090201)
I> [26/05/2016 11:28:44] Emission de programme: Programme 1443 (10350090201)
I> [26/05/2016 11:28:50] Emission de programme: Programme 1445 (10350090201)
I> [26/05/2016 11:29:00] Emission de programme: Programme 1446 (10350090201)
I> [26/05/2016 11:32:28] Réception: programme 1442 (10350090201)
I> [26/05/2016 11:32:37] Réception: programme 1443 (10350090201)
I> [26/05/2016 11:32:43] Réception: programme 1444 (10350090201)
I> [26/05/2016 11:33:00] Réception: programme 1445 (10350090201)
I> [26/05/2016 11:33:09] Réception: programme 1446 (10350090201)
I> [26/05/2016 11:33:45] Fichier reçu: C:\machines\T32 Bis\Programmes\10350090201.MZK
I> [26/05/2016 11:33:45] Programmes dans les fichiers demandés: Programme 1442 (10350090201), Programme 1443 (10350090201), Programme 1444 (10350090201), Programme 1445 (10350090201), Programme 1446 (10350090201)
I> [26/05/2016 12:05:25] Appel depuis la CN de: 113500103L
I> [26/05/2016 12:05:30] Le programme appelé depuis la CN est trouvé: C:\machines\T32 Bis\Programmes\LA CALHENE\113500103L.MZK
I> [26/05/2016 12:05:30] Programmes dans les fichiers demandés: Programme 1000 (113500103L), Programme 1435 (113500103L), Programme 1001 (113500103L), Programme 1002 (113500103L), Programme 1003 (113500103L)
I> [26/05/2016 12:05:34] Emission de programme: Programme 1000 (113500103L)
I> [26/05/2016 12:05:40] Emission de programme: Programme 1435 (113500103L)
I> [26/05/2016 12:05:46] Emission de programme: Programme 1001 (113500103L)
I> [26/05/2016 12:07:00] Emission de programme: Programme 1002 (113500103L)
I> [26/05/2016 12:07:24] Emission de programme: Programme 1003 (113500103L)
