I> [26/03/2009 12:31:18] Réception: programme 524 (7940SPECIAL)
I> [26/03/2009 12:31:28] Réception: programme 525 (7940SPECIAL)
I> [26/03/2009 12:31:46] Fichier reçu: C:\machines\T32 Bis\Programmes\7940SPECIAL.MZK
I> [26/03/2009 12:31:46] Programmes dans les fichiers demandés: Programme 524 (7940SPECIAL), Programme 525 (7940SPECIAL)
I> [26/03/2009 12:43:35] Appel depuis la CN de: 2976443D
E> [26/03/2009 12:43:42] N'a pu trouver le programme appelé depuis la CN: 2976443D.MZK [Premier répertoire recherché : C:\machines\T32 Bis\Programmes]
E> [26/03/2009 12:43:44] N'a pu émettre le fichier. [Previous remote request failed.]
I> [26/03/2009 12:44:36] Appel depuis la CN de: 2976443D
E> [26/03/2009 12:44:42] N'a pu trouver le programme appelé depuis la CN: 2976443D.MZK [Premier répertoire recherché : C:\machines\T32 Bis\Programmes]
E> [26/03/2009 12:44:43] N'a pu émettre le fichier. [Previous remote request failed.]
I> [26/03/2009 12:45:14] Appel depuis la CN de: 2976442D
I> [26/03/2009 12:45:21] Le programme appelé depuis la CN est trouvé: C:\machines\T32 Bis\Programmes\2976442D.MZK
I> [26/03/2009 12:45:21] Programmes dans les fichiers demandés: Programme 3668 (2976442D), Programme 1114 (2976442D)
I> [26/03/2009 12:45:36] Emission de programme: Programme 3668 (2976442D)
I> [26/03/2009 12:46:14] Emission de programme: Programme 1114 (2976442D)
I> [26/03/2009 12:47:04] Appel depuis la CN de: 2976443D
E> [26/03/2009 12:47:10] N'a pu trouver le programme appelé depuis la CN: 2976443D.MZK [Premier répertoire recherché : C:\machines\T32 Bis\Programmes]
E> [26/03/2009 12:47:18] N'a pu émettre le fichier. [Previous remote request failed.]
I> [26/03/2009 14:47:01] Appel depuis la CN de: GI 334
I> [26/03/2009 14:47:07] Le programme appelé depuis la CN est trouvé: C:\machines\T32 Bis\Programmes\GI 334.MZK
I> [26/03/2009 14:47:07] Programmes dans les fichiers demandés: Programme 4834 (GI 334), Programme 4835 (GI 334), Programme 4836 (GI 334)
I> [26/03/2009 14:47:20] Emission de programme: Programme 4834 (GI 334)
I> [26/03/2009 14:47:26] Emission de programme: Programme 4835 (GI 334)
I> [26/03/2009 14:47:37] Emission de programme: Programme 4836 (GI 334)
I> [26/03/2009 20:07:02] Appel depuis la CN de: 2976443D
E> [26/03/2009 20:07:08] N'a pu trouver le programme appelé depuis la CN: 2976443D.MZK [Premier répertoire recherché : C:\machines\T32 Bis\Programmes]
E> [26/03/2009 20:07:09] N'a pu émettre le fichier. [Previous remote request failed.]
E> [26/03/2009 20:07:16] N'a pu émettre le fichier. [Previous remote request failed.]
I> [26/03/2009 20:07:31] Appel depuis la CN de: 2976443D
E> [26/03/2009 20:07:37] N'a pu émettre le fichier. [Previous remote request failed.]
E> [26/03/2009 20:07:37] N'a pu trouver le programme appelé depuis la CN: 2976443D.MZK [Premier répertoire recherché : C:\machines\T32 Bis\Programmes]
I> [26/03/2009 20:09:29] Appel depuis la CN de: 2976443D 1
E> [26/03/2009 20:09:35] N'a pu émettre le fichier. [Previous remote request failed.]
I> [26/03/2009 20:09:36] Le programme appelé depuis la CN est trouvé: C:\machines\T32 Bis\Programmes\FLOWSERVE\2976443D 1.MZK
I> [26/03/2009 20:09:36] Programmes dans les fichiers demandés: Programme 3313 (2976443D 1), Programme 3314 (2976443D 1), Programme 3315 (2976443D 1)
I> [26/03/2009 20:13:41] Appel depuis la CN de: 2976443D 1
I> [26/03/2009 20:13:48] Le programme appelé depuis la CN est trouvé: C:\machines\T32 Bis\Programmes\2976443D 1.MZK
I> [26/03/2009 20:13:48] Programmes dans les fichiers demandés: Programme 3313 (2976443D 1), Programme 3314 (2976443D 1), Programme 3315 (2976443D 1)
I> [26/03/2009 20:13:58] Emission de programme: Programme 3313 (2976443D 1)
I> [26/03/2009 20:14:08] Emission de programme: Programme 3314 (2976443D 1)
I> [26/03/2009 20:14:43] Emission de programme: Programme 3315 (2976443D 1)
