I> [26/05/2010 05:55:30] Port activé avec succès.
I> [26/05/2010 18:59:08] Réception: programme 855 (2981780C)
I> [26/05/2010 18:59:39] Réception: programme 856 (2981780C)
I> [26/05/2010 19:00:06] Fichier reçu: C:\machines\T32 Bis\Programmes\2981780C.MZK
I> [26/05/2010 19:00:06] Programmes dans les fichiers demandés: Programme 855 (2981780C), Programme 856 (2981780C)
I> [26/05/2010 19:07:21] Appel depuis la CN de: 2981780C
E> [26/05/2010 19:07:28] N'a pu émettre le fichier: C:\machines\T32 Bis\Programmes\2981780C.MZK [Le système ne peut pas lire le périphérique indiqué]
I> [26/05/2010 19:07:28] Le programme appelé depuis la CN est trouvé: C:\machines\T32 Bis\Programmes\FLOWSERVE\2981780C.MZK
I> [26/05/2010 19:07:28] Programmes dans les fichiers demandés: Programme 855 (2981780C), Programme 856 (2981780C)
I> [26/05/2010 19:07:33] Appel depuis la CN de: 2981780C
I> [26/05/2010 19:07:42] Le programme appelé depuis la CN est trouvé: C:\machines\T32 Bis\Programmes\FLOWSERVE\2981780C.MZK
I> [26/05/2010 19:07:42] Programmes dans les fichiers demandés: Programme 855 (2981780C), Programme 856 (2981780C)
I> [26/05/2010 19:14:45] Appel depuis la CN de: 3984790-2E
I> [26/05/2010 19:14:54] Le programme appelé depuis la CN est trouvé: C:\machines\T32 Bis\Programmes\3984790-2E.MZK
I> [26/05/2010 19:14:54] Programmes dans les fichiers demandés: Programme 54, Données d'outil, Programme 42, Données d'outil
I> [26/05/2010 19:14:59] Appel depuis la CN de: 3984790-2E
I> [26/05/2010 19:15:06] Le programme appelé depuis la CN est trouvé: C:\machines\T32 Bis\Programmes\3984790-2E.MZK
I> [26/05/2010 19:15:06] Programmes dans les fichiers demandés: Programme 54, Données d'outil, Programme 42, Données d'outil
I> [26/05/2010 19:15:21] Emission de programme: Programme 54
I> [26/05/2010 19:15:31] Emission de programme: Données d'outil
I> [26/05/2010 19:15:33] Emission de programme: Programme 42
I> [26/05/2010 19:15:41] Emission de programme: Données d'outil
