I> [26/06/2015 04:59:52] Port activé avec succès.
I> [26/06/2015 06:37:43] Appel depuis la CN de: 30270300201
E> [26/06/2015 06:37:47] N'a pu émettre le fichier: C:\machines\T32 Bis\Programmes\121900208G.MZK [Le système ne peut pas lire le périphérique indiqué]
I> [26/06/2015 06:37:48] Le programme appelé depuis la CN est trouvé: C:\machines\T32 Bis\Programmes\LA CALHENE\30270300201.MZK
I> [26/06/2015 06:37:48] Programmes dans les fichiers demandés: Programme 1389 (30270300201), Programme 1390 (30270300201), Programme 1393 (30270300201), Programme 1394 (30270300201)
I> [26/06/2015 06:37:56] Emission de programme: Programme 1394 (30270300201)
I> [26/06/2015 11:16:33] Appel depuis la CN de: 113500101M
I> [26/06/2015 11:17:30] Appel depuis la CN de: 113500101M
I> [26/06/2015 11:17:34] Le programme appelé depuis la CN est trouvé: C:\machines\T32 Bis\Programmes\LA CALHENE\113500101M.MZK
I> [26/06/2015 11:17:34] Programmes dans les fichiers demandés: Programme 4357 (113500101M), Programme 4359 (113500101M)
I> [26/06/2015 11:19:26] Appel depuis la CN de: 113500101N
E> [26/06/2015 11:19:31] N'a pu trouver le programme appelé depuis la CN: 113500101N.MZK [Premier répertoire recherché : C:\machines\T32 Bis\Programmes]
I> [26/06/2015 11:19:52] Appel depuis la CN de: 113500101N
E> [26/06/2015 11:19:56] N'a pu trouver le programme appelé depuis la CN: 113500101N.MZK [Premier répertoire recherché : C:\machines\T32 Bis\Programmes]
E> [26/06/2015 11:20:01] N'a pu émettre le fichier. [Previous remote request failed.]
E> [26/06/2015 11:24:15] N'a pu émettre le fichier. [Previous remote request failed.]
I> [26/06/2015 11:24:28] Appel depuis la CN de: 4340 02 9A
E> [26/06/2015 11:24:33] N'a pu trouver le programme appelé depuis la CN: 4340 02 9A.MZK [Premier répertoire recherché : C:\machines\T32 Bis\Programmes]
E> [26/06/2015 11:24:33] N'a pu émettre le fichier. [Previous remote request failed.]
I> [26/06/2015 11:25:47] Appel depuis la CN de: 4340 0209A
E> [26/06/2015 11:25:52] N'a pu trouver le programme appelé depuis la CN: 4340 0209A.MZK [Premier répertoire recherché : C:\machines\T32 Bis\Programmes]
E> [26/06/2015 11:25:52] N'a pu émettre le fichier. [Previous remote request failed.]
I> [26/06/2015 11:27:09] Appel depuis la CN de: 4340-02-9A
E> [26/06/2015 11:27:14] N'a pu trouver le programme appelé depuis la CN: 4340-02-9A.MZK [Premier répertoire recherché : C:\machines\T32 Bis\Programmes]
E> [26/06/2015 11:27:21] N'a pu émettre le fichier. [Previous remote request failed.]
I> [26/06/2015 11:27:31] Appel depuis la CN de: 4340-02-9A
E> [26/06/2015 11:27:36] N'a pu trouver le programme appelé depuis la CN: 4340-02-9A.MZK [Premier répertoire recherché : C:\machines\T32 Bis\Programmes]
E> [26/06/2015 11:27:37] N'a pu émettre le fichier. [Previous remote request failed.]
I> [26/06/2015 11:29:13] Appel depuis la CN de: 4340-02-09
I> [26/06/2015 11:29:18] Le programme appelé depuis la CN est trouvé: C:\machines\T32 Bis\Programmes\LA CALHENE\4340-02-09.MZK
I> [26/06/2015 11:29:18] Programmes dans les fichiers demandés: Programme 998 (4340-02-09), Programme 999 (4340-02-09), Programme 1537 (4340-02-09)
I> [26/06/2015 11:29:36] Emission de programme: Programme 998 (4340-02-09)
I> [26/06/2015 11:30:41] Emission de programme: Programme 999 (4340-02-09)
I> [26/06/2015 11:30:53] Emission de programme: Programme 1537 (4340-02-09)
