I> [26/06/06 08:08:40] Port activé avec succès.
I> [26/06/06 12:45:55] Réception: programme 4166 (4972478C 3)
I> [26/06/06 12:46:17] Réception: programme 4167 (4972478C 3)
I> [26/06/06 12:46:33] Fichier reçu: C:\machines\T32\Programmes\4972478C 3.MZK
I> [26/06/06 12:46:33] Programmes dans les fichiers demandés: Programme 4166 (4972478C 3), Programme 4167 (4972478C 3)
I> [26/06/06 17:36:23] Réception: programme 4168 (00800460022)
I> [26/06/06 17:36:52] Fichier reçu: C:\machines\T32\Programmes\00800460022.MZK
I> [26/06/06 17:36:52] Programmes dans les fichiers demandés: Programme 4168 (00800460022)
I> [26/06/06 17:38:22] Appel depuis la CN de: 4340-02-09A
I> [26/06/06 17:38:31] Le programme appelé depuis la CN est trouvé: C:\machines\T32\Programmes\La calhene\4340-02-09A.MZK
I> [26/06/06 17:38:31] Programmes dans les fichiers demandés: Programme 3762 (4340-02-09A), Programme 3763 (4340-02-09A)
I> [26/06/06 17:39:01] Emission de programme: Programme 3762 (4340-02-09A)
I> [26/06/06 17:39:37] Emission de programme: Programme 3763 (4340-02-09A)
I> [26/06/06 18:45:48] Appel depuis la CN de: 3984608A
I> [26/06/06 18:45:59] Le programme appelé depuis la CN est trouvé: C:\machines\T32\Programmes\3984608A.MZK
I> [26/06/06 18:45:59] Programmes dans les fichiers demandés: Programme 36, Données d'outil, Programme 45, Données d'outil
I> [26/06/06 18:46:09] Appel depuis la CN de: 3984608A
I> [26/06/06 18:46:19] Le programme appelé depuis la CN est trouvé: C:\machines\T32\Programmes\3984608A.MZK
I> [26/06/06 18:46:19] Programmes dans les fichiers demandés: Programme 36, Données d'outil, Programme 45, Données d'outil
I> [26/06/06 18:46:28] Emission de programme: Programme 45
I> [26/06/06 18:46:37] Emission de programme: Données d'outil
I> [26/06/06 18:47:34] Appel depuis la CN de: 3984610A 2
I> [26/06/06 18:47:43] Le programme appelé depuis la CN est trouvé: C:\machines\T32\Programmes\3984610A 2.MZK
I> [26/06/06 18:47:43] Programmes dans les fichiers demandés: Programme 36, Données d'outil, Programme 40, Données d'outil
I> [26/06/06 18:47:59] Emission de programme: Programme 40
I> [26/06/06 18:48:07] Emission de programme: Données d'outil
