I> [26/07/2012 05:08:44] Port activé avec succès.
I> [26/07/2012 09:47:11] Appel depuis la CN de: P362754J
I> [26/07/2012 09:47:16] Le programme appelé depuis la CN est trouvé: C:\machines\T32 Bis\Programmes\TOKHEIM\P362754J.MZK
I> [26/07/2012 09:47:16] Programmes dans les fichiers demandés: Programme 6 (P362754J)
I> [26/07/2012 09:47:30] Emission de programme: Programme 6 (P362754J)
I> [26/07/2012 11:56:51] Appel depuis la CN de: P362734I
I> [26/07/2012 11:56:59] Le programme appelé depuis la CN est trouvé: C:\machines\T32 Bis\Programmes\TOKHEIM\P362734I.MZK
I> [26/07/2012 11:56:59] Programmes dans les fichiers demandés: Programme 1127 (P362734I), Programme 4 (P362734I)
I> [26/07/2012 11:57:06] Emission de programme: Programme 4 (P362734I)
I> [26/07/2012 16:11:54] Appel depuis la CN de: 122705501A
I> [26/07/2012 16:12:17] Le programme appelé depuis la CN est trouvé: C:\machines\T32 Bis\Programmes\122705501A.MZK
I> [26/07/2012 16:12:17] Programmes dans les fichiers demandés: Programme 477 (122705501A), Programme 478 (122705501A), Programme 479 (122705501A), Programme 480 (122705501A), Programme 481 (122705501A), Programme 482 (122705501A), Programme 483 (122705501A)
I> [26/07/2012 16:12:30] Appel depuis la CN de: 122705501A
I> [26/07/2012 16:12:38] Le programme appelé depuis la CN est trouvé: C:\machines\T32 Bis\Programmes\122705501A.MZK
I> [26/07/2012 16:12:38] Programmes dans les fichiers demandés: Programme 477 (122705501A), Programme 478 (122705501A), Programme 479 (122705501A), Programme 480 (122705501A), Programme 481 (122705501A), Programme 482 (122705501A), Programme 483 (122705501A)
I> [26/07/2012 16:12:42] Emission de programme: Programme 477 (122705501A)
I> [26/07/2012 16:12:49] Emission de programme: Programme 478 (122705501A)
I> [26/07/2012 16:12:55] Emission de programme: Programme 479 (122705501A)
I> [26/07/2012 16:13:06] Emission de programme: Programme 480 (122705501A)
I> [26/07/2012 16:13:13] Emission de programme: Programme 481 (122705501A)
I> [26/07/2012 16:13:23] Emission de programme: Programme 482 (122705501A)
I> [26/07/2012 16:13:44] Emission de programme: Programme 483 (122705501A)
