I> [26/08/2010 08:00:57] Port activé avec succès.
I> [26/08/2010 09:36:42] Appel depuis la CN de: 6120 B
E> [26/08/2010 09:36:49] N'a pu trouver le programme appelé depuis la CN: 6120 B.MZK [Premier répertoire recherché : C:\machines\T32 Bis\Programmes]
E> [26/08/2010 09:36:54] N'a pu émettre le fichier. [Previous remote request failed.]
E> [26/08/2010 09:36:55] N'a pu émettre le fichier. [Previous remote request failed.]
E> [26/08/2010 09:36:56] N'a pu émettre le fichier. [Previous remote request failed.]
I> [26/08/2010 09:37:40] Appel depuis la CN de: 6120 B
E> [26/08/2010 09:37:44] N'a pu trouver le programme appelé depuis la CN: 6120 B.MZK [Premier répertoire recherché : C:\machines\T32 Bis\Programmes]
E> [26/08/2010 09:37:47] N'a pu émettre le fichier. [Previous remote request failed.]
E> [26/08/2010 09:37:49] N'a pu émettre le fichier. [Previous remote request failed.]
I> [26/08/2010 09:38:05] Appel depuis la CN de: 6120B
I> [26/08/2010 09:38:10] Le programme appelé depuis la CN est trouvé: C:\machines\T32 Bis\Programmes\LA CALHENE\6120B.MZK
I> [26/08/2010 09:38:10] Programmes dans les fichiers demandés: Programme 672 (6120B), Programme 673 (6120B), Programme 674 (6120B), Programme 675 (6120B), Programme 676 (6120B)
I> [26/08/2010 09:38:23] Emission de programme: Programme 672 (6120B)
I> [26/08/2010 09:38:27] Emission de programme: Programme 673 (6120B)
I> [26/08/2010 09:38:32] Emission de programme: Programme 674 (6120B)
I> [26/08/2010 09:38:37] Emission de programme: Programme 675 (6120B)
I> [26/08/2010 09:39:06] Emission de programme: Programme 676 (6120B)
I> [26/08/2010 10:51:16] Appel depuis la CN de: DN01312101B
I> [26/08/2010 10:51:21] Le programme appelé depuis la CN est trouvé: C:\machines\T32 Bis\Programmes\LA CALHENE\DN01312101B.MZK
I> [26/08/2010 10:51:21] Programmes dans les fichiers demandés: Programme 4221 (DN01312101B), Programme 4222 (DN01312101B)
I> [26/08/2010 10:51:40] Emission de programme: Programme 4221 (DN01312101B)
I> [26/08/2010 10:52:13] Emission de programme: Programme 4222 (DN01312101B)
I> [26/08/2010 10:53:42] Appel depuis la CN de: DN01312102B
I> [26/08/2010 10:53:48] Le programme appelé depuis la CN est trouvé: C:\machines\T32 Bis\Programmes\LA CALHENE\DN01312102B.MZK
I> [26/08/2010 10:53:48] Programmes dans les fichiers demandés: Programme 4220 (DN01312102B), Programme 4223 (DN01312102B)
I> [26/08/2010 10:53:56] Emission de programme: Programme 4220 (DN01312102B)
I> [26/08/2010 10:54:27] Emission de programme: Programme 4223 (DN01312102B)
