I> [26/10/2009 07:35:40] Port activé avec succès.
I> [26/10/2009 07:50:47] Appel depuis la CN de: 310931-1-F
I> [26/10/2009 07:50:56] Le programme appelé depuis la CN est trouvé: C:\machines\T32 Bis\Programmes\FLOWSERVE\310931-1-F.MZK
I> [26/10/2009 07:50:56] Programmes dans les fichiers demandés: Programme 2986 (310931-1-F), Programme 2987 (310931-1-F), Programme 2988 (310931-1-F), Programme 3465 (310931-1-F)
I> [26/10/2009 07:51:07] Appel depuis la CN de: 310931-1-F
I> [26/10/2009 07:51:14] Le programme appelé depuis la CN est trouvé: C:\machines\T32 Bis\Programmes\FLOWSERVE\310931-1-F.MZK
I> [26/10/2009 07:51:14] Programmes dans les fichiers demandés: Programme 2986 (310931-1-F), Programme 2987 (310931-1-F), Programme 2988 (310931-1-F), Programme 3465 (310931-1-F)
I> [26/10/2009 07:51:33] Emission de programme: Programme 2988 (310931-1-F)
I> [26/10/2009 07:51:48] Emission de programme: Programme 3465 (310931-1-F)
I> [26/10/2009 07:59:37] Réception: programme 707 (1817801634)
I> [26/10/2009 07:59:44] Réception: programme 708 (1817801634)
I> [26/10/2009 08:00:05] Réception: programme 709 (1817801634)
I> [26/10/2009 08:00:27] Réception: programme 710 (1817801634)
I> [26/10/2009 08:00:44] Réception: programme 711 (1817801634)
I> [26/10/2009 08:00:55] Fichier reçu: C:\machines\T32 Bis\Programmes\1817801634.MZK
I> [26/10/2009 08:00:55] Programmes dans les fichiers demandés: Programme 707 (1817801634), Programme 708 (1817801634), Programme 709 (1817801634), Programme 710 (1817801634), Programme 711 (1817801634)
I> [26/10/2009 18:27:22] Appel depuis la CN de: 3160241440D
I> [26/10/2009 18:27:29] Le programme appelé depuis la CN est trouvé: C:\machines\T32 Bis\Programmes\LA CALHENE\3160241440D.MZK
I> [26/10/2009 18:27:29] Programmes dans les fichiers demandés: Programme 4422 (3160241440D), Programme 4423 (3160241440D)
I> [26/10/2009 18:31:02] Emission de programme: Programme 4422 (3160241440D)
I> [26/10/2009 18:31:15] Emission de programme: Programme 4423 (3160241440D)
