I> [26/11/2010 07:17:12] Appel depuis la CN de: 3975892G-2
I> [26/11/2010 07:17:17] Le programme appelé depuis la CN est trouvé: C:\machines\T32 Bis\Programmes\3975892G-2.MZK
I> [26/11/2010 07:17:17] Programmes dans les fichiers demandés: Programme 44, Données d'outil, Programme 39, Données d'outil
I> [26/11/2010 07:17:46] Appel depuis la CN de: 3975892G-2
I> [26/11/2010 07:17:53] Le programme appelé depuis la CN est trouvé: C:\machines\T32 Bis\Programmes\3975892G-2.MZK
I> [26/11/2010 07:17:53] Programmes dans les fichiers demandés: Programme 44, Données d'outil, Programme 39, Données d'outil
I> [26/11/2010 07:17:54] Emission de programme: Programme 44
I> [26/11/2010 07:18:03] Emission de programme: Données d'outil
I> [26/11/2010 07:18:05] Emission de programme: Programme 39
I> [26/11/2010 07:18:12] Emission de programme: Données d'outil
I> [26/11/2010 10:04:34] Appel depuis la CN de: 2974390F-2
I> [26/11/2010 10:04:39] Le programme appelé depuis la CN est trouvé: C:\machines\T32 Bis\Programmes\2974390F-2.MZK
I> [26/11/2010 10:04:39] Programmes dans les fichiers demandés: Programme 40, Données d'outil, Programme 26, Données d'outil
I> [26/11/2010 10:04:44] Emission de programme: Programme 40
I> [26/11/2010 10:04:52] Emission de programme: Données d'outil
I> [26/11/2010 10:04:54] Emission de programme: Programme 26
I> [26/11/2010 10:04:59] Emission de programme: Données d'outil
I> [26/11/2010 11:38:14] Appel depuis la CN de: 2974932D-2
I> [26/11/2010 11:38:35] Appel depuis la CN de: 2974932D-2
I> [26/11/2010 11:38:39] Le programme appelé depuis la CN est trouvé: C:\machines\T32 Bis\Programmes\2974932D-2.MZK
I> [26/11/2010 11:38:39] Programmes dans les fichiers demandés: Programme 42, Données d'outil, Programme 291, Données d'outil
I> [26/11/2010 11:38:50] Emission de programme: Programme 42
I> [26/11/2010 11:38:58] Emission de programme: Données d'outil
I> [26/11/2010 11:39:00] Emission de programme: Programme 291
I> [26/11/2010 11:39:07] Emission de programme: Données d'outil
I> [26/11/2010 13:55:49] Appel depuis la CN de: 2976328D-2
E> [26/11/2010 13:55:53] N'a pu émettre le fichier: C:\machines\T32 Bis\Programmes\2974932D-2.MZK [Le système ne peut pas lire le périphérique indiqué]
I> [26/11/2010 13:55:54] Le programme appelé depuis la CN est trouvé: C:\machines\T32 Bis\Programmes\2976328D-2.MZK
I> [26/11/2010 13:55:54] Programmes dans les fichiers demandés: Programme 44, Données d'outil, Programme 26, Données d'outil
I> [26/11/2010 13:56:21] Appel depuis la CN de: 2976328D-2
I> [26/11/2010 13:56:26] Le programme appelé depuis la CN est trouvé: C:\machines\T32 Bis\Programmes\2976328D-2.MZK
I> [26/11/2010 13:56:26] Programmes dans les fichiers demandés: Programme 44, Données d'outil, Programme 26, Données d'outil
I> [26/11/2010 14:00:58] Appel depuis la CN de: 2976328D
E> [26/11/2010 14:01:02] N'a pu trouver le programme appelé depuis la CN: 2976328D.MZK [Premier répertoire recherché : C:\machines\T32 Bis\Programmes]
E> [26/11/2010 14:01:13] N'a pu émettre le fichier. [Previous remote request failed.]
E> [26/11/2010 14:01:15] N'a pu émettre le fichier. [Previous remote request failed.]
E> [26/11/2010 14:01:15] N'a pu émettre le fichier. [Previous remote request failed.]
I> [26/11/2010 14:02:16] Appel depuis la CN de: 2976328D
E> [26/11/2010 14:02:21] N'a pu émettre le fichier. [Previous remote request failed.]
I> [26/11/2010 14:02:21] Le programme appelé depuis la CN est trouvé: C:\machines\T32 Bis\Programmes\2976328D.MZK
I> [26/11/2010 14:02:21] Programmes dans les fichiers demandés: Programme 40, Données d'outil, Programme 20, Données d'outil
I> [26/11/2010 14:02:25] Emission de programme: Programme 40
I> [26/11/2010 14:02:33] Emission de programme: Données d'outil
I> [26/11/2010 14:02:35] Emission de programme: Programme 20
I> [26/11/2010 14:02:39] Emission de programme: Données d'outil
