I> [27/07/2009 05:19:11] Port activé avec succès.
I> [27/07/2009 06:30:41] Appel depuis la CN de: 4802118A
I> [27/07/2009 06:30:49] Le programme appelé depuis la CN est trouvé: C:\machines\T32 Bis\Programmes\FLOWSERVE\4802118A.MZK
I> [27/07/2009 06:30:49] Programmes dans les fichiers demandés: Programme 4257 (4802118A), Programme 4258 (4802118A)
I> [27/07/2009 06:31:38] Appel depuis la CN de: 4802118A
I> [27/07/2009 06:31:45] Le programme appelé depuis la CN est trouvé: C:\machines\T32 Bis\Programmes\FLOWSERVE\4802118A.MZK
I> [27/07/2009 06:31:45] Programmes dans les fichiers demandés: Programme 4257 (4802118A), Programme 4258 (4802118A)
I> [27/07/2009 06:33:04] Emission de programme: Programme 4257 (4802118A)
I> [27/07/2009 06:33:14] Emission de programme: Programme 4258 (4802118A)
I> [27/07/2009 07:13:02] Réception: programme 627 (3973224A)
I> [27/07/2009 07:13:19] Réception: programme 628 (3973224A)
I> [27/07/2009 07:13:36] Fichier reçu: C:\machines\T32 Bis\Programmes\3973224A.MZK
I> [27/07/2009 07:13:36] Programmes dans les fichiers demandés: Programme 627 (3973224A), Programme 628 (3973224A)
I> [27/07/2009 07:14:33] Appel depuis la CN de: 3973224A
E> [27/07/2009 07:14:38] N'a pu émettre le fichier: C:\machines\T32 Bis\Programmes\3973224A.MZK [Le système ne peut pas lire le périphérique indiqué]
I> [27/07/2009 07:14:39] Le programme appelé depuis la CN est trouvé: C:\machines\T32 Bis\Programmes\FLOWSERVE\3973224A.MZK
I> [27/07/2009 07:14:39] Programmes dans les fichiers demandés: Programme 627 (3973224A), Programme 628 (3973224A)
I> [27/07/2009 07:14:45] Appel depuis la CN de: 3973224A
I> [27/07/2009 07:14:52] Le programme appelé depuis la CN est trouvé: C:\machines\T32 Bis\Programmes\FLOWSERVE\3973224A.MZK
I> [27/07/2009 07:14:52] Programmes dans les fichiers demandés: Programme 627 (3973224A), Programme 628 (3973224A)
I> [27/07/2009 10:35:12] Réception: programme 629 (2983433A)
I> [27/07/2009 10:35:29] Fichier reçu: C:\machines\T32 Bis\Programmes\2983433A.MZK
I> [27/07/2009 10:35:30] Programmes dans les fichiers demandés: Programme 629 (2983433A)
I> [27/07/2009 12:59:41] Appel depuis la CN de: 87288
I> [27/07/2009 12:59:46] Le programme appelé depuis la CN est trouvé: C:\machines\T32 Bis\Programmes\87288.MZK
I> [27/07/2009 12:59:46] Programmes dans les fichiers demandés: Programme 4737 (87288), Programme 4738 (87288), Programme 4739 (87288)
I> [27/07/2009 13:11:16] Emission de programme: Programme 4737 (87288)
I> [27/07/2009 13:11:29] Emission de programme: Programme 4738 (87288)
I> [27/07/2009 13:11:44] Emission de programme: Programme 4739 (87288)
I> [27/07/2009 20:42:10] Réception: programme 630 (87288)
I> [27/07/2009 20:42:24] Réception: programme 631 (87288)
I> [27/07/2009 20:42:39] Réception: programme 632 (87288)
I> [27/07/2009 20:43:00] Fichier existant sauvegardé: C:\MACHINES\T32 BIS\SAUVEGARDES\87288_01.MZK
I> [27/07/2009 20:43:00] Fichier reçu: C:\machines\T32 Bis\Programmes\87288.MZK
I> [27/07/2009 20:43:00] Programmes dans les fichiers demandés: Programme 630 (87288), Programme 631 (87288), Programme 632 (87288)
