I> [27/05/2008 07:34:36] Réception: programme 262 (652000F)
I> [27/05/2008 07:34:42] Réception: programme 263 (652000F)
I> [27/05/2008 07:34:50] Réception: programme 264 (652000F)
I> [27/05/2008 07:35:15] Réception: programme 265 (652000F)
I> [27/05/2008 07:35:23] Réception: programme 273 (652000F)
I> [27/05/2008 07:35:33] Fichier reçu: C:\machines\T32 Bis\Programmes\652000F.MZK
I> [27/05/2008 07:35:33] Programmes dans les fichiers demandés: Programme 262 (652000F), Programme 263 (652000F), Programme 264 (652000F), Programme 265 (652000F), Programme 273 (652000F)
I> [27/05/2008 11:42:52] Réception: programme 274 (4803518A)
I> [27/05/2008 11:43:01] Réception: programme 275 (4803518A)
I> [27/05/2008 11:43:15] Fichier reçu: C:\machines\T32 Bis\Programmes\4803518A.MZK
I> [27/05/2008 11:43:15] Programmes dans les fichiers demandés: Programme 274 (4803518A), Programme 275 (4803518A)
I> [27/05/2008 11:51:37] Appel depuis la CN de: P362734G
E> [27/05/2008 11:51:43] N'a pu trouver le programme appelé depuis la CN: P362734G.MZK [Premier répertoire recherché : C:\machines\T32 Bis\Programmes]
E> [27/05/2008 11:51:47] N'a pu émettre le fichier. [Previous remote request failed.]
E> [27/05/2008 11:51:49] N'a pu émettre le fichier. [Previous remote request failed.]
E> [27/05/2008 11:51:52] N'a pu émettre le fichier. [Previous remote request failed.]
E> [27/05/2008 11:51:54] N'a pu émettre le fichier. [Previous remote request failed.]
I> [27/05/2008 11:52:02] Appel depuis la CN de: P362734G
E> [27/05/2008 11:52:07] N'a pu émettre le fichier. [Previous remote request failed.]
E> [27/05/2008 11:52:07] N'a pu trouver le programme appelé depuis la CN: P362734G.MZK [Premier répertoire recherché : C:\machines\T32 Bis\Programmes]
I> [27/05/2008 11:52:17] Appel depuis la CN de: P362734G
E> [27/05/2008 11:52:22] N'a pu émettre le fichier. [Previous remote request failed.]
E> [27/05/2008 11:52:23] N'a pu trouver le programme appelé depuis la CN: P362734G.MZK [Premier répertoire recherché : C:\machines\T32 Bis\Programmes]
I> [27/05/2008 11:53:13] Appel depuis la CN de: P362734
E> [27/05/2008 11:53:18] N'a pu émettre le fichier. [Previous remote request failed.]
I> [27/05/2008 11:53:18] Le programme appelé depuis la CN est trouvé: C:\machines\T32 Bis\Programmes\TOKHEIM\P362734.MZK
I> [27/05/2008 11:53:19] Programmes dans les fichiers demandés: Programme 4131 (P362734)
I> [27/05/2008 11:55:10] Emission de programme: Programme 4131 (P362734)
I> [27/05/2008 13:41:54] Appel depuis la CN de: P362734I
I> [27/05/2008 13:42:02] Le programme appelé depuis la CN est trouvé: C:\machines\T32 Bis\Programmes\P362734I.MZK
I> [27/05/2008 13:42:02] Programmes dans les fichiers demandés: Programme 42, Données d'outil
I> [27/05/2008 13:42:44] Appel depuis la CN de: P362734I
I> [27/05/2008 13:42:50] Le programme appelé depuis la CN est trouvé: C:\machines\T32 Bis\Programmes\P362734I.MZK
I> [27/05/2008 13:42:50] Programmes dans les fichiers demandés: Programme 42, Données d'outil
I> [27/05/2008 13:45:25] Emission de programme: Programme 42
I> [27/05/2008 13:45:33] Emission de programme: Données d'outil
