I> [27/07/2011 06:56:18] Port activé avec succès.
I> [27/07/2011 09:34:24] Appel depuis la CN de: 3980149C
E> [27/07/2011 09:34:29] N'a pu émettre le fichier: C:\machines\T32 Bis\Programmes\2976518A.MZK [Le système ne peut pas lire le périphérique indiqué]
I> [27/07/2011 09:34:29] Le programme appelé depuis la CN est trouvé: C:\machines\T32 Bis\Programmes\FLOWSERVE\3980149C.MZK
I> [27/07/2011 09:34:29] Programmes dans les fichiers demandés: Programme 465 (3980149C), Programme 683 (3980149C), Programme 1075 (3980149C), Programme 1076 (3980149C)
I> [27/07/2011 09:36:09] Emission de programme: Programme 465 (3980149C)
I> [27/07/2011 09:36:21] Emission de programme: Programme 683 (3980149C)
I> [27/07/2011 09:36:30] Emission de programme: Programme 1075 (3980149C)
I> [27/07/2011 09:36:44] Emission de programme: Programme 1076 (3980149C)
I> [27/07/2011 10:03:17] Appel depuis la CN de: 3980149C1
I> [27/07/2011 10:03:22] Le programme appelé depuis la CN est trouvé: C:\machines\T32 Bis\Programmes\3980149C1.MZK
I> [27/07/2011 10:03:22] Programmes dans les fichiers demandés: Programme 18, Données d'outil, Programme 14, Données d'outil, Programme 24, Données d'outil, Programme 40, Données d'outil, Programme 26, Données d'outil, Programme 41, Données d'outil
I> [27/07/2011 10:03:29] Emission de programme: Programme 18
I> [27/07/2011 10:03:33] Emission de programme: Données d'outil
I> [27/07/2011 10:03:34] Emission de programme: Programme 14
I> [27/07/2011 10:03:37] Emission de programme: Données d'outil
I> [27/07/2011 10:03:38] Emission de programme: Programme 24
I> [27/07/2011 10:03:43] Emission de programme: Données d'outil
I> [27/07/2011 10:03:45] Emission de programme: Programme 40
I> [27/07/2011 10:03:53] Emission de programme: Données d'outil
I> [27/07/2011 10:03:54] Emission de programme: Programme 26
I> [27/07/2011 10:04:00] Emission de programme: Données d'outil
I> [27/07/2011 10:04:01] Emission de programme: Programme 41
I> [27/07/2011 10:04:09] Emission de programme: Données d'outil
I> [27/07/2011 20:39:17] Appel depuis la CN de: 2976326D
I> [27/07/2011 20:39:27] Le programme appelé depuis la CN est trouvé: C:\machines\T32 Bis\Programmes\FLOWSERVE\2976326D.MZK
I> [27/07/2011 20:39:27] Programmes dans les fichiers demandés: Programme 633 (2976326D), Programme 634 (2976326D)
I> [27/07/2011 20:39:33] Emission de programme: Programme 633 (2976326D)
I> [27/07/2011 20:39:49] Emission de programme: Programme 634 (2976326D)
I> [27/07/2011 20:40:22] Appel depuis la CN de: 2976841D
I> [27/07/2011 20:40:27] Le programme appelé depuis la CN est trouvé: C:\machines\T32 Bis\Programmes\FLOWSERVE\2976841D.MZK
I> [27/07/2011 20:40:27] Programmes dans les fichiers demandés: Programme 126 (2976841D), Programme 163 (2976841D)
I> [27/07/2011 20:40:31] Emission de programme: Programme 126 (2976841D)
I> [27/07/2011 20:40:45] Emission de programme: Programme 163 (2976841D)
I> [27/07/2011 20:41:14] Appel depuis la CN de: 2976863C
I> [27/07/2011 20:41:29] Le programme appelé depuis la CN est trouvé: C:\machines\T32 Bis\Programmes\FLOWSERVE\2976863C.MZK
I> [27/07/2011 20:41:29] Programmes dans les fichiers demandés: Programme 434 (2976863C), Programme 438 (2976863C)
I> [27/07/2011 20:41:40] Emission de programme: Programme 434 (2976863C)
I> [27/07/2011 20:41:55] Emission de programme: Programme 438 (2976863C)
