I> [27/01/2010 05:11:42] Port activé avec succès.
I> [27/01/2010 12:13:09] Appel depuis la CN de: 2973979C 2
I> [27/01/2010 12:13:16] Le programme appelé depuis la CN est trouvé: C:\machines\T32 Bis\Programmes\FLOWSERVE\2973979C 2.MZK
I> [27/01/2010 12:13:16] Programmes dans les fichiers demandés: Programme 4033 (2973979C 2), Programme 4034 (2973979C 2)
I> [27/01/2010 12:13:30] Emission de programme: Programme 4033 (2973979C 2)
I> [27/01/2010 12:13:53] Emission de programme: Programme 4034 (2973979C 2)
I> [27/01/2010 12:15:14] Appel depuis la CN de: 2973979C 3
I> [27/01/2010 12:15:21] Le programme appelé depuis la CN est trouvé: C:\machines\T32 Bis\Programmes\FLOWSERVE\2973979C 3.MZK
I> [27/01/2010 12:15:21] Programmes dans les fichiers demandés: Programme 439 (2973979C 3), Programme 440 (2973979C 3)
I> [27/01/2010 12:15:26] Emission de programme: Programme 439 (2973979C 3)
I> [27/01/2010 12:15:54] Emission de programme: Programme 440 (2973979C 3)
I> [27/01/2010 13:16:38] Appel depuis la CN de: 2973979C 2
I> [27/01/2010 13:16:45] Le programme appelé depuis la CN est trouvé: C:\machines\T32 Bis\Programmes\FLOWSERVE\2973979C 2.MZK
I> [27/01/2010 13:16:45] Programmes dans les fichiers demandés: Programme 4033 (2973979C 2), Programme 4034 (2973979C 2)
I> [27/01/2010 13:21:12] Appel depuis la CN de: 2973979C 2
I> [27/01/2010 13:21:18] Le programme appelé depuis la CN est trouvé: C:\machines\T32 Bis\Programmes\2973979C 2.MZK
I> [27/01/2010 13:21:19] Programmes dans les fichiers demandés: Programme 4033 (2973979C 2), Programme 4034 (2973979C 2)
I> [27/01/2010 13:21:35] Emission de programme: Programme 4033 (2973979C 2)
I> [27/01/2010 13:21:56] Emission de programme: Programme 4034 (2973979C 2)
I> [27/01/2010 13:24:04] Appel depuis la CN de: 2973979C 3
I> [27/01/2010 13:24:11] Le programme appelé depuis la CN est trouvé: C:\machines\T32 Bis\Programmes\FLOWSERVE\2973979C 3.MZK
I> [27/01/2010 13:24:11] Programmes dans les fichiers demandés: Programme 439 (2973979C 3), Programme 440 (2973979C 3)
I> [27/01/2010 13:24:23] Emission de programme: Programme 439 (2973979C 3)
I> [27/01/2010 13:24:50] Emission de programme: Programme 440 (2973979C 3)
