I> [27/06/2007 11:23:45] Appel depuis la CN de: 3984610A
I> [27/06/2007 11:23:55] Le programme appelé depuis la CN est trouvé: C:\machines\T32\Programmes\DRESSER\3984610A.MZK
I> [27/06/2007 11:23:55] Programmes dans les fichiers demandés: Programme 3932 (3984610A), Programme 3935 (3984610A)
I> [27/06/2007 11:24:05] Emission de programme: Programme 3932 (3984610A)
I> [27/06/2007 11:24:25] Emission de programme: Programme 3935 (3984610A)
I> [27/06/2007 17:17:45] Réception: programme 4444 (3972521B 8)
I> [27/06/2007 17:18:09] Réception: programme 4445 (3972521B 8)
I> [27/06/2007 17:18:26] Fichier reçu: C:\machines\T32\Programmes\3972521B 8.MZK
I> [27/06/2007 17:18:26] Programmes dans les fichiers demandés: Programme 4444 (3972521B 8), Programme 4445 (3972521B 8)
I> [27/06/2007 20:22:37] Appel depuis la CN de: 1974550B 2
I> [27/06/2007 20:22:48] Le programme appelé depuis la CN est trouvé: C:\machines\T32\Programmes\DRESSER\1974550B 2.MZK
I> [27/06/2007 20:22:48] Programmes dans les fichiers demandés: Programme 3676 (1974550B 2)
I> [27/06/2007 20:23:51] Appel depuis la CN de: 1974550B
I> [27/06/2007 20:24:01] Le programme appelé depuis la CN est trouvé: C:\machines\T32\Programmes\DRESSER\1974550B.MZK
I> [27/06/2007 20:24:01] Programmes dans les fichiers demandés: Programme 3676 (1974550B)
I> [27/06/2007 20:24:23] Appel depuis la CN de: 1974550B
I> [27/06/2007 20:24:36] Le programme appelé depuis la CN est trouvé: C:\machines\T32\Programmes\DRESSER\1974550B.MZK
I> [27/06/2007 20:24:36] Programmes dans les fichiers demandés: Programme 3676 (1974550B)
I> [27/06/2007 20:24:54] Appel depuis la CN de: 1974550B 2
I> [27/06/2007 20:25:07] Le programme appelé depuis la CN est trouvé: C:\machines\T32\Programmes\DRESSER\1974550B 2.MZK
I> [27/06/2007 20:25:07] Programmes dans les fichiers demandés: Programme 3676 (1974550B 2)
I> [27/06/2007 20:25:32] Emission de programme: Programme 3676 (1974550B 2)
I> [27/06/2007 20:27:39] Appel depuis la CN de: 1974550B
I> [27/06/2007 20:27:49] Le programme appelé depuis la CN est trouvé: C:\machines\T32\Programmes\DRESSER\1974550B.MZK
I> [27/06/2007 20:27:49] Programmes dans les fichiers demandés: Programme 3676 (1974550B)
I> [27/06/2007 20:28:25] Appel depuis la CN de: 1974550B
I> [27/06/2007 20:28:36] Le programme appelé depuis la CN est trouvé: C:\machines\T32\Programmes\DRESSER\1974550B.MZK
I> [27/06/2007 20:28:36] Programmes dans les fichiers demandés: Programme 3676 (1974550B)
I> [27/06/2007 20:28:42] Emission de programme: Programme 3676 (1974550B)
I> [27/06/2007 20:59:14] Appel depuis la CN de: 1974550B 2
I> [27/06/2007 20:59:24] Le programme appelé depuis la CN est trouvé: C:\machines\T32\Programmes\DRESSER\1974550B 2.MZK
I> [27/06/2007 20:59:24] Programmes dans les fichiers demandés: Programme 3676 (1974550B 2)
I> [27/06/2007 20:59:37] Emission de programme: Programme 3676 (1974550B 2)
