I> [27/04/2010 06:14:52] Port activé avec succès.
I> [27/04/2010 14:11:18] Appel depuis la CN de: DOR007
I> [27/04/2010 14:11:26] Le programme appelé depuis la CN est trouvé: C:\machines\T32 Bis\Programmes\MECAMARC\DOR007.MZK
I> [27/04/2010 14:11:26] Programmes dans les fichiers demandés: Programme 784 (DOR007), Programme 785 (DOR007)
I> [27/04/2010 14:11:37] Appel depuis la CN de: DOR007
I> [27/04/2010 14:11:43] Le programme appelé depuis la CN est trouvé: C:\machines\T32 Bis\Programmes\MECAMARC\DOR007.MZK
I> [27/04/2010 14:11:43] Programmes dans les fichiers demandés: Programme 784 (DOR007), Programme 785 (DOR007)
I> [27/04/2010 14:11:50] Emission de programme: Programme 784 (DOR007)
I> [27/04/2010 14:12:06] Emission de programme: Programme 785 (DOR007)
I> [27/04/2010 16:46:52] Appel depuis la CN de: DOR028
I> [27/04/2010 16:47:00] Le programme appelé depuis la CN est trouvé: C:\machines\T32 Bis\Programmes\DOR028.MZK
I> [27/04/2010 16:47:00] Programmes dans les fichiers demandés: Programme 5063 (DOR028), Programme 5064 (DOR028)
I> [27/04/2010 16:47:05] Appel depuis la CN de: DOR028
I> [27/04/2010 16:47:12] Le programme appelé depuis la CN est trouvé: C:\machines\T32 Bis\Programmes\DOR028.MZK
I> [27/04/2010 16:47:13] Programmes dans les fichiers demandés: Programme 5063 (DOR028), Programme 5064 (DOR028)
I> [27/04/2010 16:48:46] Emission de programme: Programme 5063 (DOR028)
I> [27/04/2010 16:49:12] Emission de programme: Programme 5064 (DOR028)
I> [27/04/2010 19:46:42] Appel depuis la CN de: 2974893K
I> [27/04/2010 19:46:47] Le programme appelé depuis la CN est trouvé: C:\machines\T32 Bis\Programmes\FLOWSERVE\2974893K.MZK
I> [27/04/2010 19:46:47] Programmes dans les fichiers demandés: Programme 781 (2974893K), Programme 783 (2974893K)
I> [27/04/2010 19:47:32] Emission de programme: Programme 781 (2974893K)
I> [27/04/2010 19:47:53] Emission de programme: Programme 783 (2974893K)
