I> [27/10/2011 06:32:12] Port activé avec succès.
I> [27/10/2011 08:47:25] Port activé avec succès.
I> [27/10/2011 09:31:21] Réception: programme 1193 (AXE D50L690)
I> [27/10/2011 09:31:47] Réception: programme 1194 (AXE D50L690)
I> [27/10/2011 09:31:59] Fichier reçu: C:\machines\T32 Bis\Programmes\AXE D50L690.MZK
I> [27/10/2011 09:31:59] Programmes dans les fichiers demandés: Programme 1193 (AXE D50L690), Programme 1194 (AXE D50L690)
I> [27/10/2011 09:40:48] Appel depuis la CN de: AXE D50L690
E> [27/10/2011 09:40:53] N'a pu émettre le fichier: C:\machines\T32 Bis\Programmes\AXE D50L690.MZK [Le système ne peut pas lire le périphérique indiqué]
I> [27/10/2011 09:40:53] Le programme appelé depuis la CN est trouvé: C:\machines\T32 Bis\Programmes\FPMA\AXE D50L690.MZK
I> [27/10/2011 09:40:53] Programmes dans les fichiers demandés: Programme 1193 (AXE D50L690), Programme 1194 (AXE D50L690)
I> [27/10/2011 09:41:02] Appel depuis la CN de: AXE D50L690
I> [27/10/2011 09:41:09] Le programme appelé depuis la CN est trouvé: C:\machines\T32 Bis\Programmes\FPMA\AXE D50L690.MZK
I> [27/10/2011 09:41:09] Programmes dans les fichiers demandés: Programme 1193 (AXE D50L690), Programme 1194 (AXE D50L690)
I> [27/10/2011 09:45:37] Appel depuis la CN de: P362733J
I> [27/10/2011 09:45:44] Le programme appelé depuis la CN est trouvé: C:\machines\T32 Bis\Programmes\TOKHEIM\P362733J.MZK
I> [27/10/2011 09:45:44] Programmes dans les fichiers demandés: Programme 1127 (P362733J), Programme 5 (P362733J)
I> [27/10/2011 09:45:54] Appel depuis la CN de: P362733J
I> [27/10/2011 09:46:00] Le programme appelé depuis la CN est trouvé: C:\machines\T32 Bis\Programmes\TOKHEIM\P362733J.MZK
I> [27/10/2011 09:46:00] Programmes dans les fichiers demandés: Programme 1127 (P362733J), Programme 5 (P362733J)
I> [27/10/2011 09:47:28] Emission de programme: Programme 1127 (P362733J)
I> [27/10/2011 09:47:32] Emission de programme: Programme 5 (P362733J)
I> [27/10/2011 14:42:38] Port activé avec succès.
