I> [27/10/2009 06:35:59] Port activé avec succès.
I> [27/10/2009 11:44:31] Réception: programme 712 (3160241440D)
I> [27/10/2009 11:44:40] Réception: programme 713 (3160241440D)
I> [27/10/2009 11:44:57] Fichier reçu: C:\machines\T32 Bis\Programmes\3160241440D.MZK
I> [27/10/2009 11:44:57] Programmes dans les fichiers demandés: Programme 712 (3160241440D), Programme 713 (3160241440D)
I> [27/10/2009 11:50:33] Appel depuis la CN de: 3160241440D
I> [27/10/2009 11:50:40] Le programme appelé depuis la CN est trouvé: C:\machines\T32 Bis\Programmes\LA CALHENE\3160241440D.MZK
I> [27/10/2009 11:50:40] Programmes dans les fichiers demandés: Programme 4422 (3160241440D), Programme 4423 (3160241440D)
I> [27/10/2009 11:52:52] Emission de programme: Programme 4422 (3160241440D)
I> [27/10/2009 11:53:05] Emission de programme: Programme 4423 (3160241440D)
I> [27/10/2009 11:54:24] Réception: programme 712 (3160241440D)
I> [27/10/2009 11:54:33] Réception: programme 713 (3160241440D)
I> [27/10/2009 11:54:51] Fichier reçu: C:\machines\T32 Bis\Programmes\3160241440D.MZK
I> [27/10/2009 11:54:51] Programmes dans les fichiers demandés: Programme 712 (3160241440D), Programme 713 (3160241440D)
I> [27/10/2009 16:54:37] Appel depuis la CN de: 5999928A
E> [27/10/2009 16:54:43] N'a pu émettre le fichier: C:\machines\T32 Bis\Programmes\3160241440D.MZK [Le système ne peut pas lire le périphérique indiqué]
I> [27/10/2009 16:54:44] Le programme appelé depuis la CN est trouvé: C:\machines\T32 Bis\Programmes\FLOWSERVE\5999928A.MZK
I> [27/10/2009 16:54:44] Programmes dans les fichiers demandés: Programme 186 (5999928A), Programme 191 (5999928A), Programme 192 (5999928A)
I> [27/10/2009 17:00:51] Emission de programme: Programme 186 (5999928A)
I> [27/10/2009 17:00:58] Emission de programme: Programme 191 (5999928A)
I> [27/10/2009 17:01:06] Emission de programme: Programme 192 (5999928A)
I> [27/10/2009 17:14:04] Réception: programme 707 (1817801634)
I> [27/10/2009 17:14:10] Réception: programme 708 (1817801634)
I> [27/10/2009 17:14:31] Réception: programme 709 (1817801634)
I> [27/10/2009 17:14:53] Réception: programme 710 (1817801634)
I> [27/10/2009 17:15:09] Réception: programme 711 (1817801634)
I> [27/10/2009 17:15:18] Réception: programme 714 (1817801634)
I> [27/10/2009 17:15:29] Fichier reçu: C:\machines\T32 Bis\Programmes\1817801634.MZK
I> [27/10/2009 17:15:29] Programmes dans les fichiers demandés: Programme 707 (1817801634), Programme 708 (1817801634), Programme 709 (1817801634), Programme 710 (1817801634), Programme 711 (1817801634), Programme 714 (1817801634)
