I> [28/03/2011 05:08:08] Port activé avec succès.
I> [28/03/2011 05:14:16] Appel depuis la CN de: 3975899H-2
I> [28/03/2011 05:14:21] Le programme appelé depuis la CN est trouvé: C:\machines\T32 Bis\Programmes\3975899H-2.MZK
I> [28/03/2011 05:14:21] Programmes dans les fichiers demandés: Programme 37, Données d'outil, Programme 277, Données d'outil
I> [28/03/2011 05:14:28] Emission de programme: Programme 37
I> [28/03/2011 05:14:35] Emission de programme: Données d'outil
I> [28/03/2011 05:14:37] Emission de programme: Programme 277
I> [28/03/2011 05:14:41] Emission de programme: Données d'outil
I> [28/03/2011 08:30:00] Appel depuis la CN de: 4984518C-2
I> [28/03/2011 08:30:04] Le programme appelé depuis la CN est trouvé: C:\machines\T32 Bis\Programmes\4984518C-2.MZK
I> [28/03/2011 08:30:04] Programmes dans les fichiers demandés: Programme 50, Données d'outil, Programme 276, Données d'outil
I> [28/03/2011 08:30:12] Emission de programme: Programme 50
I> [28/03/2011 08:30:22] Emission de programme: Données d'outil
I> [28/03/2011 08:30:24] Emission de programme: Programme 276
I> [28/03/2011 08:30:28] Emission de programme: Données d'outil
I> [28/03/2011 14:28:33] Appel depuis la CN de: 2974891I-2
I> [28/03/2011 14:28:37] Le programme appelé depuis la CN est trouvé: C:\machines\T32 Bis\Programmes\2974891I-2.MZK
I> [28/03/2011 14:28:37] Programmes dans les fichiers demandés: Programme 296, Données d'outil, Programme 278, Données d'outil
I> [28/03/2011 14:28:45] Emission de programme: Programme 296
I> [28/03/2011 14:28:53] Emission de programme: Données d'outil
I> [28/03/2011 14:28:55] Emission de programme: Programme 278
I> [28/03/2011 14:28:59] Emission de programme: Données d'outil
I> [28/03/2011 14:45:02] Appel depuis la CN de: 3984610A
I> [28/03/2011 14:45:09] Le programme appelé depuis la CN est trouvé: C:\machines\T32 Bis\Programmes\FLOWSERVE\3984610A.MZK
I> [28/03/2011 14:45:09] Programmes dans les fichiers demandés: Programme 39 (3984610A), Programme 47 (3984610A)
I> [28/03/2011 14:45:14] Emission de programme: Programme 39 (3984610A)
I> [28/03/2011 14:45:35] Emission de programme: Programme 47 (3984610A)
