I> [28/04/2010 05:09:37] Port activé avec succès.
I> [28/04/2010 15:41:27] Appel depuis la CN de: 3971874G-3
I> [28/04/2010 15:41:32] Le programme appelé depuis la CN est trouvé: C:\machines\T32 Bis\Programmes\FLOWSERVE\3971874G-3.MZK
I> [28/04/2010 15:41:32] Programmes dans les fichiers demandés: Programme 245 (3971874G-3), Programme 246 (3971874G-3)
I> [28/04/2010 15:44:20] Appel depuis la CN de: 3971874G-2
I> [28/04/2010 15:44:26] Le programme appelé depuis la CN est trouvé: C:\machines\T32 Bis\Programmes\3971874G-2.MZK
I> [28/04/2010 15:44:26] Programmes dans les fichiers demandés: Programme 42, Données d'outil, Programme 34, Données d'outil
I> [28/04/2010 15:46:15] Emission de programme: Programme 42
I> [28/04/2010 15:46:23] Emission de programme: Données d'outil
I> [28/04/2010 15:46:25] Emission de programme: Programme 34
I> [28/04/2010 15:46:32] Emission de programme: Données d'outil
I> [28/04/2010 15:49:02] Appel depuis la CN de: 3971874G-3
I> [28/04/2010 15:49:07] Le programme appelé depuis la CN est trouvé: C:\machines\T32 Bis\Programmes\FLOWSERVE\3971874G-3.MZK
I> [28/04/2010 15:49:07] Programmes dans les fichiers demandés: Programme 245 (3971874G-3), Programme 246 (3971874G-3)
I> [28/04/2010 15:49:12] Emission de programme: Programme 245 (3971874G-3)
I> [28/04/2010 15:49:30] Emission de programme: Programme 246 (3971874G-3)
I> [28/04/2010 17:21:41] Appel depuis la CN de: 3971874G-3
I> [28/04/2010 17:21:49] Le programme appelé depuis la CN est trouvé: C:\machines\T32 Bis\Programmes\FLOWSERVE\3971874G-3.MZK
I> [28/04/2010 17:21:49] Programmes dans les fichiers demandés: Programme 245 (3971874G-3), Programme 246 (3971874G-3)
I> [28/04/2010 17:21:51] Emission de programme: Programme 246 (3971874G-3)
I> [28/04/2010 19:47:22] Appel depuis la CN de: 4984523C
I> [28/04/2010 19:47:27] Le programme appelé depuis la CN est trouvé: C:\machines\T32 Bis\Programmes\4984523C.MZK
I> [28/04/2010 19:47:27] Programmes dans les fichiers demandés: Programme 36, Données d'outil, Programme 23, Données d'outil
I> [28/04/2010 19:49:19] Emission de programme: Programme 36
I> [28/04/2010 19:49:26] Emission de programme: Données d'outil
I> [28/04/2010 19:49:28] Emission de programme: Programme 23
I> [28/04/2010 19:49:33] Emission de programme: Données d'outil
