I> [28/06/2012 07:36:41] Port activé avec succès.
I> [28/06/2012 09:43:15] Appel depuis la CN de: 3971874G-3
I> [28/06/2012 09:43:20] Le programme appelé depuis la CN est trouvé: C:\machines\T32 Bis\Programmes\FLOWSERVE\3971874G-3.MZK
I> [28/06/2012 09:43:20] Programmes dans les fichiers demandés: Programme 245 (3971874G-3), Programme 246 (3971874G-3)
I> [28/06/2012 09:43:36] Emission de programme: Programme 245 (3971874G-3)
I> [28/06/2012 09:43:55] Emission de programme: Programme 246 (3971874G-3)
I> [28/06/2012 12:57:54] Réception: programme 1342 (3971874G-3)
I> [28/06/2012 12:58:13] Réception: programme 1343 (3971874G-3)
I> [28/06/2012 12:58:32] Fichier reçu: C:\machines\T32 Bis\Programmes\3971874G-3.MZK
I> [28/06/2012 12:58:32] Programmes dans les fichiers demandés: Programme 1342 (3971874G-3), Programme 1343 (3971874G-3)
I> [28/06/2012 13:10:28] Réception: programme 1342 (3989149A)
I> [28/06/2012 13:10:47] Réception: programme 1343 (3989149A)
I> [28/06/2012 13:11:06] Fichier reçu: C:\machines\T32 Bis\Programmes\3989149A.MZK
I> [28/06/2012 13:11:06] Programmes dans les fichiers demandés: Programme 1342 (3989149A), Programme 1343 (3989149A)
I> [28/06/2012 13:23:34] Appel depuis la CN de: 3970901C 1
I> [28/06/2012 13:23:39] Le programme appelé depuis la CN est trouvé: C:\machines\T32 Bis\Programmes\3970901C 1.MZK
I> [28/06/2012 13:23:39] Programmes dans les fichiers demandés: Programme 2578 (3970901C 1), Programme 2580 (3970901C 1)
I> [28/06/2012 13:23:53] Emission de programme: Programme 2578 (3970901C 1)
I> [28/06/2012 13:24:12] Emission de programme: Programme 2580 (3970901C 1)
I> [28/06/2012 16:35:55] Réception: programme 2578 (3970901E 1)
I> [28/06/2012 16:36:14] Réception: programme 2580 (3970901E 1)
I> [28/06/2012 16:36:34] Fichier reçu: C:\machines\T32 Bis\Programmes\3970901E 1.MZK
I> [28/06/2012 16:36:34] Programmes dans les fichiers demandés: Programme 2578 (3970901E 1), Programme 2580 (3970901E 1)
I> [28/06/2012 16:52:28] Appel depuis la CN de: 2974932D
E> [28/06/2012 16:52:32] N'a pu émettre le fichier: C:\machines\T32 Bis\Programmes\3970901E 1.MZK [Le système ne peut pas lire le périphérique indiqué]
E> [28/06/2012 16:52:32] N'a pu trouver le programme appelé depuis la CN: 2974932D.MZK [Premier répertoire recherché : C:\machines\T32 Bis\Programmes]
E> [28/06/2012 16:52:33] N'a pu émettre le fichier. [Previous remote request failed.]
E> [28/06/2012 16:52:34] N'a pu émettre le fichier. [Previous remote request failed.]
I> [28/06/2012 16:54:05] Appel depuis la CN de: 2974932D-2
E> [28/06/2012 16:54:09] N'a pu émettre le fichier. [Previous remote request failed.]
I> [28/06/2012 16:54:10] Le programme appelé depuis la CN est trouvé: C:\machines\T32 Bis\Programmes\2974932D-2.MZK
I> [28/06/2012 16:54:10] Programmes dans les fichiers demandés: Programme 42, Données d'outil, Programme 291, Données d'outil
I> [28/06/2012 16:54:13] Emission de programme: Programme 42
I> [28/06/2012 16:54:22] Emission de programme: Données d'outil
I> [28/06/2012 16:54:23] Emission de programme: Programme 291
I> [28/06/2012 16:54:30] Emission de programme: Données d'outil
I> [28/06/2012 20:19:08] Appel depuis la CN de: 4984118G-2
E> [28/06/2012 20:19:12] N'a pu émettre le fichier: C:\machines\T32 Bis\Programmes\2974932D-2.MZK [Le système ne peut pas lire le périphérique indiqué]
I> [28/06/2012 20:19:13] Le programme appelé depuis la CN est trouvé: C:\machines\T32 Bis\Programmes\FLOWSERVE\4984118G-2.MZK
I> [28/06/2012 20:19:13] Programmes dans les fichiers demandés: Programme 957 (4984118G-2), Programme 958 (4984118G-2)
I> [28/06/2012 20:19:28] Emission de programme: Programme 957 (4984118G-2)
I> [28/06/2012 20:19:48] Emission de programme: Programme 958 (4984118G-2)
