I> [28/04/2011 05:11:01] Port activé avec succès.
I> [28/04/2011 05:20:41] Appel depuis la CN de: 01
E> [28/04/2011 05:20:46] N'a pu trouver le programme appelé depuis la CN: 1.MZK [Premier répertoire recherché : C:\machines\T32 Bis\Programmes]
E> [28/04/2011 05:20:57] N'a pu émettre le fichier. [Previous remote request failed.]
I> [28/04/2011 05:21:09] Appel depuis la CN de: 01
E> [28/04/2011 05:21:14] N'a pu trouver le programme appelé depuis la CN: 1.MZK [Premier répertoire recherché : C:\machines\T32 Bis\Programmes]
E> [28/04/2011 05:21:14] N'a pu émettre le fichier. [Previous remote request failed.]
I> [28/04/2011 05:23:25] Appel depuis la CN de: A
I> [28/04/2011 05:23:30] Le programme appelé depuis la CN est trouvé: C:\machines\T32 Bis\Programmes\A.MZK
I> [28/04/2011 05:23:30] Programmes dans les fichiers demandés: Programme 2 (12190 24 01), Programme 3 (12190 24 01), Programme 4 (12190 24 01)
I> [28/04/2011 05:23:35] Emission de programme: Programme 2 (12190 24 01)
I> [28/04/2011 05:23:42] Emission de programme: Programme 3 (12190 24 01)
I> [28/04/2011 05:23:50] Emission de programme: Programme 4 (12190 24 01)
I> [28/04/2011 06:51:52] Appel depuis la CN de: 121902401C
I> [28/04/2011 06:52:00] Le programme appelé depuis la CN est trouvé: C:\machines\T32 Bis\Programmes\LA CALHENE\121902401C.MZK
I> [28/04/2011 06:52:00] Programmes dans les fichiers demandés: Programme 1071 (121902401C), Programme 1072 (121902401C)
I> [28/04/2011 06:53:25] Appel depuis la CN de: 121902401C
I> [28/04/2011 06:53:30] Le programme appelé depuis la CN est trouvé: C:\machines\T32 Bis\Programmes\LA CALHENE\121902401C.MZK
I> [28/04/2011 06:53:30] Programmes dans les fichiers demandés: Programme 1071 (121902401C), Programme 1072 (121902401C)
I> [28/04/2011 06:53:51] Emission de programme: Programme 1071 (121902401C)
I> [28/04/2011 06:53:58] Emission de programme: Programme 1072 (121902401C)
