I> [28/01/2014 05:54:27] Port activé avec succès.
I> [28/01/2014 06:05:14] Appel depuis la CN de: 113504901D
I> [28/01/2014 06:05:19] Le programme appelé depuis la CN est trouvé: C:\machines\T32 Bis\Programmes\LA CALHENE\113504901D.MZK
I> [28/01/2014 06:05:19] Programmes dans les fichiers demandés: Programme 4358 (113504901D), Programme 4359 (113504901D)
I> [28/01/2014 06:05:30] Emission de programme: Programme 4358 (113504901D)
I> [28/01/2014 06:05:49] Emission de programme: Programme 4359 (113504901D)
E> [28/01/2014 06:09:40] Transmission avortée. [Délai de réponse dépassé, interruption de la transmission]
I> [28/01/2014 08:03:39] Appel depuis la CN de: 11270-55-01
I> [28/01/2014 08:03:46] Le programme appelé depuis la CN est trouvé: C:\machines\T32 Bis\Programmes\LA CALHENE\11270-55-01.MZK
I> [28/01/2014 08:03:46] Programmes dans les fichiers demandés: Programme 1438 (11270-55-01), Programme 1439 (11270-55-01), Programme 1440 (11270-55-01), Programme 1441 (11270-55-01)
I> [28/01/2014 08:03:55] Emission de programme: Programme 1438 (11270-55-01)
I> [28/01/2014 08:05:32] Emission de programme: Programme 1439 (11270-55-01)
I> [28/01/2014 08:06:35] Réception: programme 1438 (11270-55-01)
I> [28/01/2014 08:08:12] Réception: programme 1439 (11270-55-01)
I> [28/01/2014 08:08:24] Réception: programme 1440 (11270-55-01)
I> [28/01/2014 08:08:47] Réception: programme 1441 (11270-55-01)
I> [28/01/2014 08:09:18] Fichier reçu: C:\machines\T32 Bis\Programmes\11270-55-01.MZK
I> [28/01/2014 08:09:18] Programmes dans les fichiers demandés: Programme 1438 (11270-55-01), Programme 1439 (11270-55-01), Programme 1440 (11270-55-01), Programme 1441 (11270-55-01)
I> [28/01/2014 08:12:33] Appel depuis la CN de: 113504901D
I> [28/01/2014 08:12:38] Le programme appelé depuis la CN est trouvé: C:\machines\T32 Bis\Programmes\LA CALHENE\113504901D.MZK
I> [28/01/2014 08:12:38] Programmes dans les fichiers demandés: Programme 4358 (113504901D), Programme 4359 (113504901D)
I> [28/01/2014 08:12:49] Emission de programme: Programme 4359 (113504901D)
I> [28/01/2014 18:38:32] Appel depuis la CN de: 360785
I> [28/01/2014 18:38:39] Le programme appelé depuis la CN est trouvé: C:\machines\T32 Bis\Programmes\TOKHEIM (satam)\360785.MZK
I> [28/01/2014 18:38:39] Programmes dans les fichiers demandés: Programme 416 (360785), Programme 417 (360785)
I> [28/01/2014 18:38:43] Emission de programme: Programme 416 (360785)
I> [28/01/2014 18:38:51] Emission de programme: Programme 417 (360785)
