I> [28/05/2013 05:12:07] Port activé avec succès.
I> [28/05/2013 10:12:37] Port arrêté.
I> [28/05/2013 10:19:25] Port activé avec succès.
I> [28/05/2013 13:48:04] Réception: programme 1468 (1972483A)
I> [28/05/2013 13:48:11] Réception: programme 1469 (1972483A)
I> [28/05/2013 13:48:22] Réception: programme 1470 (1972483A)
I> [28/05/2013 13:48:43] Fichier reçu: C:\machines\T32 Bis\Programmes\1972483A.MZK
I> [28/05/2013 13:48:43] Programmes dans les fichiers demandés: Programme 1468 (1972483A), Programme 1469 (1972483A), Programme 1470 (1972483A)
I> [28/05/2013 13:56:48] Port arrêté.
I> [28/05/2013 14:00:37] Port activé avec succès.
I> [28/05/2013 19:08:58] Réception: programme 1471 (2972978)
I> [28/05/2013 19:09:04] Réception: programme 1472 (2972978)
I> [28/05/2013 19:09:19] Réception: programme 1473 (2972978)
I> [28/05/2013 19:09:41] Fichier reçu: C:\machines\T32 Bis\Programmes\2972978.MZK
I> [28/05/2013 19:09:41] Programmes dans les fichiers demandés: Programme 1471 (2972978), Programme 1472 (2972978), Programme 1473 (2972978)
I> [28/05/2013 19:14:02] Port arrêté.
I> [28/05/2013 19:35:39] Port activé avec succès.
I> [28/05/2013 19:41:08] Appel depuis la CN de: 114824901B
E> [28/05/2013 19:41:13] N'a pu trouver le programme appelé depuis la CN: 114824901B.MZK [Premier répertoire recherché : C:\machines\T32 Bis\Programmes]
E> [28/05/2013 19:41:17] N'a pu émettre le fichier. [Previous remote request failed.]
I> [28/05/2013 19:41:24] Appel depuis la CN de: 114824901B
E> [28/05/2013 19:41:29] N'a pu trouver le programme appelé depuis la CN: 114824901B.MZK [Premier répertoire recherché : C:\machines\T32 Bis\Programmes]
I> [28/05/2013 19:41:45] Appel depuis la CN de: 1148246901B
E> [28/05/2013 19:41:50] N'a pu émettre le fichier. [Previous remote request failed.]
I> [28/05/2013 19:41:50] Le programme appelé depuis la CN est trouvé: C:\machines\T32 Bis\Programmes\1148246901B.MZK
I> [28/05/2013 19:41:50] Programmes dans les fichiers demandés: Programme 79 (1148246901B)
I> [28/05/2013 19:41:56] Emission de programme: Programme 79 (1148246901B)
