I> [28/07/2009 05:17:36] Port activé avec succès.
I> [28/07/2009 07:47:31] Appel depuis la CN de: 4996684C
I> [28/07/2009 07:47:36] Le programme appelé depuis la CN est trouvé: C:\machines\T32 Bis\Programmes\FLOWSERVE\4996684C.MZK
I> [28/07/2009 07:47:36] Programmes dans les fichiers demandés: Programme 4402 (4996684C), Programme 4407 (4996684C)
I> [28/07/2009 07:47:45] Emission de programme: Programme 4402 (4996684C)
I> [28/07/2009 07:48:00] Emission de programme: Programme 4407 (4996684C)
I> [28/07/2009 07:53:19] Appel depuis la CN de: 5995915B
I> [28/07/2009 07:53:26] Le programme appelé depuis la CN est trouvé: C:\machines\T32 Bis\Programmes\FLOWSERVE\5995915B.MZK
I> [28/07/2009 07:53:26] Programmes dans les fichiers demandés: Programme 4403 (5995915B), Programme 4406 (5995915B)
I> [28/07/2009 07:53:48] Appel depuis la CN de: 5995915B
I> [28/07/2009 07:53:55] Le programme appelé depuis la CN est trouvé: C:\machines\T32 Bis\Programmes\FLOWSERVE\5995915B.MZK
I> [28/07/2009 07:53:55] Programmes dans les fichiers demandés: Programme 4403 (5995915B), Programme 4406 (5995915B)
I> [28/07/2009 07:53:59] Emission de programme: Programme 4403 (5995915B)
I> [28/07/2009 07:54:11] Emission de programme: Programme 4406 (5995915B)
I> [28/07/2009 14:28:53] Appel depuis la CN de: 2976327D
I> [28/07/2009 14:29:04] Appel depuis la CN de: 2976327D
I> [28/07/2009 14:29:09] Le programme appelé depuis la CN est trouvé: C:\machines\T32 Bis\Programmes\FLOWSERVE\2976327D.MZK
I> [28/07/2009 14:29:09] Programmes dans les fichiers demandés: Programme 127 (2976327D), Programme 130 (2976327D)
I> [28/07/2009 14:29:16] Emission de programme: Programme 127 (2976327D)
I> [28/07/2009 14:29:29] Emission de programme: Programme 130 (2976327D)
