I> [28/07/2015 04:53:03] Port activé avec succès.
I> [28/07/2015 13:49:28] Réception: programme 1538 (213500307G)
I> [28/07/2015 13:49:35] Réception: programme 1539 (213500307G)
I> [28/07/2015 13:49:51] Réception: programme 1540 (213500307G)
I> [28/07/2015 13:50:04] Réception: programme 1541 (213500307G)
I> [28/07/2015 13:50:41] Réception: programme 1542 (213500307G)
I> [28/07/2015 13:51:13] Fichier reçu: C:\machines\T32 Bis\Programmes\213500307G.MZK
I> [28/07/2015 13:51:13] Programmes dans les fichiers demandés: Programme 1538 (213500307G), Programme 1539 (213500307G), Programme 1540 (213500307G), Programme 1541 (213500307G), Programme 1542 (213500307G)
I> [28/07/2015 13:53:21] Appel depuis la CN de: 213500307G
I> [28/07/2015 13:53:26] Le programme appelé depuis la CN est trouvé: C:\machines\T32 Bis\Programmes\LA CALHENE\213500307G.MZK
I> [28/07/2015 13:53:26] Programmes dans les fichiers demandés: Programme 1538 (213500307G), Programme 1539 (213500307G), Programme 1540 (213500307G), Programme 1541 (213500307G), Programme 1542 (213500307G)
I> [28/07/2015 14:10:05] Appel depuis la CN de: DN01312101B
I> [28/07/2015 14:10:10] Le programme appelé depuis la CN est trouvé: C:\machines\T32 Bis\Programmes\LA CALHENE\DN01312101B.MZK
I> [28/07/2015 14:10:10] Programmes dans les fichiers demandés: Programme 1206 (DN01312101B), Programme 1207 (DN01312101B), Programme 1208 (DN01312101B), Programme 4221 (DN01312101B), Programme 4222 (DN01312101B)
I> [28/07/2015 14:10:18] Emission de programme: Programme 1206 (DN01312101B)
I> [28/07/2015 14:10:22] Emission de programme: Programme 1207 (DN01312101B)
I> [28/07/2015 14:10:29] Emission de programme: Programme 1208 (DN01312101B)
I> [28/07/2015 14:10:35] Emission de programme: Programme 4221 (DN01312101B)
I> [28/07/2015 14:11:07] Emission de programme: Programme 4222 (DN01312101B)
I> [28/07/2015 14:12:37] Appel depuis la CN de: DN01312102B
I> [28/07/2015 14:12:42] Le programme appelé depuis la CN est trouvé: C:\machines\T32 Bis\Programmes\LA CALHENE\DN01312102B.MZK
I> [28/07/2015 14:12:42] Programmes dans les fichiers demandés: Programme 1206 (DN01312102B), Programme 1207 (DN01312102B), Programme 1208 (DN01312102B), Programme 4220 (DN01312102B), Programme 4223 (DN01312102B)
I> [28/07/2015 14:13:06] Emission de programme: Programme 4220 (DN01312102B)
I> [28/07/2015 14:13:36] Emission de programme: Programme 4223 (DN01312102B)
