I> [28/01/2010 05:05:46] Port activé avec succès.
I> [28/01/2010 12:15:44] Réception: programme 764 (2973979C 2)
I> [28/01/2010 12:16:04] Réception: programme 765 (2973979C 2)
I> [28/01/2010 12:16:29] Fichier existant sauvegardé: C:\MACHINES\T32 BIS\SAUVEGARDES\2973979C 2_01.MZK
I> [28/01/2010 12:16:29] Fichier reçu: C:\machines\T32 Bis\Programmes\2973979C 2.MZK
I> [28/01/2010 12:16:29] Programmes dans les fichiers demandés: Programme 764 (2973979C 2), Programme 765 (2973979C 2)
I> [28/01/2010 13:43:28] Appel depuis la CN de: 151312-06
I> [28/01/2010 13:43:35] Le programme appelé depuis la CN est trouvé: C:\machines\T32 Bis\Programmes\ARO\151312-06.MZK
I> [28/01/2010 13:43:35] Programmes dans les fichiers demandés: Programme 4653 (151312-06)
I> [28/01/2010 13:43:46] Emission de programme: Programme 4653 (151312-06)
I> [28/01/2010 18:35:05] Réception: programme 766 (151312-06)
I> [28/01/2010 18:35:18] Fichier reçu: C:\machines\T32 Bis\Programmes\151312-06.MZK
I> [28/01/2010 18:35:18] Programmes dans les fichiers demandés: Programme 766 (151312-06)
I> [28/01/2010 19:47:17] Appel depuis la CN de: 149504510C
I> [28/01/2010 19:47:24] Le programme appelé depuis la CN est trouvé: C:\machines\T32 Bis\Programmes\149504510C.MZK
I> [28/01/2010 19:47:24] Programmes dans les fichiers demandés: Programme 5, Données d'outil, Programme 5, Données d'outil, Programme 61, Données d'outil, Programme 57, Données d'outil
I> [28/01/2010 19:48:34] Emission de programme: Programme 5
I> [28/01/2010 19:48:35] Emission de programme: Données d'outil
I> [28/01/2010 19:48:36] Emission de programme: Programme 5
I> [28/01/2010 19:48:38] Emission de programme: Données d'outil
I> [28/01/2010 19:48:39] Emission de programme: Programme 61
I> [28/01/2010 19:48:51] Emission de programme: Données d'outil
I> [28/01/2010 19:48:53] Emission de programme: Programme 57
I> [28/01/2010 19:49:04] Emission de programme: Données d'outil
