I> [28/06/2010 05:25:15] Port activé avec succès.
I> [28/06/2010 07:17:56] Réception: programme 887 (139264-1)
I> [28/06/2010 07:18:03] Réception: programme 889 (139264-1)
I> [28/06/2010 07:18:11] Fichier reçu: C:\machines\T32 Bis\Programmes\139264-1.MZK
I> [28/06/2010 07:18:11] Programmes dans les fichiers demandés: Programme 887 (139264-1), Programme 889 (139264-1)
I> [28/06/2010 07:22:38] Réception: programme 888 (139264-2)
I> [28/06/2010 07:22:45] Réception: programme 890 (139264-2)
I> [28/06/2010 07:22:53] Fichier reçu: C:\machines\T32 Bis\Programmes\139264-2.MZK
I> [28/06/2010 07:22:53] Programmes dans les fichiers demandés: Programme 888 (139264-2), Programme 890 (139264-2)
I> [28/06/2010 07:24:12] Appel depuis la CN de: 139264-1
E> [28/06/2010 07:24:17] N'a pu émettre le fichier: C:\machines\T32 Bis\Programmes\139264-2.MZK [Le système ne peut pas lire le périphérique indiqué]
I> [28/06/2010 07:24:17] Le programme appelé depuis la CN est trouvé: C:\machines\T32 Bis\Programmes\FLOWSERVE\139264-1.MZK
I> [28/06/2010 07:24:17] Programmes dans les fichiers demandés: Programme 887 (139264-1), Programme 889 (139264-1)
I> [28/06/2010 07:24:22] Appel depuis la CN de: 139264-1
I> [28/06/2010 07:24:28] Le programme appelé depuis la CN est trouvé: C:\machines\T32 Bis\Programmes\FLOWSERVE\139264-1.MZK
I> [28/06/2010 07:24:28] Programmes dans les fichiers demandés: Programme 887 (139264-1), Programme 889 (139264-1)
I> [28/06/2010 07:24:43] Appel depuis la CN de: 139264-2
I> [28/06/2010 07:24:51] Le programme appelé depuis la CN est trouvé: C:\machines\T32 Bis\Programmes\FLOWSERVE\139264-2.MZK
I> [28/06/2010 07:24:51] Programmes dans les fichiers demandés: Programme 888 (139264-2), Programme 890 (139264-2)
I> [28/06/2010 07:24:57] Appel depuis la CN de: 139264-2
I> [28/06/2010 07:25:04] Le programme appelé depuis la CN est trouvé: C:\machines\T32 Bis\Programmes\FLOWSERVE\139264-2.MZK
I> [28/06/2010 07:25:04] Programmes dans les fichiers demandés: Programme 888 (139264-2), Programme 890 (139264-2)
I> [28/06/2010 07:27:54] Appel depuis la CN de: 3970789H
I> [28/06/2010 07:28:00] Le programme appelé depuis la CN est trouvé: C:\machines\T32 Bis\Programmes\3970789H.MZK
I> [28/06/2010 07:28:00] Programmes dans les fichiers demandés: Programme 92, Données d'outil, Programme 298, Données d'outil, Programme 271, Données d'outil
I> [28/06/2010 07:29:59] Emission de programme: Programme 92
I> [28/06/2010 07:30:17] Emission de programme: Données d'outil
I> [28/06/2010 07:30:19] Emission de programme: Programme 298
I> [28/06/2010 07:30:27] Emission de programme: Données d'outil
I> [28/06/2010 07:30:28] Emission de programme: Programme 271
I> [28/06/2010 07:30:32] Emission de programme: Données d'outil
I> [28/06/2010 16:01:48] Appel depuis la CN de: 3975907C
I> [28/06/2010 16:01:53] Le programme appelé depuis la CN est trouvé: C:\machines\T32 Bis\Programmes\3975907C.MZK
I> [28/06/2010 16:01:53] Programmes dans les fichiers demandés: Programme 93, Données d'outil, Programme 55, Données d'outil, Programme 12, Données d'outil
I> [28/06/2010 16:02:00] Appel depuis la CN de: 3975907C
I> [28/06/2010 16:02:05] Le programme appelé depuis la CN est trouvé: C:\machines\T32 Bis\Programmes\3975907C.MZK
I> [28/06/2010 16:02:05] Programmes dans les fichiers demandés: Programme 93, Données d'outil, Programme 55, Données d'outil, Programme 12, Données d'outil
I> [28/06/2010 16:02:07] Emission de programme: Programme 93
I> [28/06/2010 16:02:25] Emission de programme: Données d'outil
I> [28/06/2010 16:02:26] Emission de programme: Programme 55
I> [28/06/2010 16:02:37] Emission de programme: Données d'outil
I> [28/06/2010 16:02:39] Emission de programme: Programme 12
I> [28/06/2010 16:02:42] Emission de programme: Données d'outil
I> [28/06/2010 18:33:55] Appel depuis la CN de: 2975417A
I> [28/06/2010 18:34:00] Le programme appelé depuis la CN est trouvé: C:\machines\T32 Bis\Programmes\2975417a.MZK
I> [28/06/2010 18:34:00] Programmes dans les fichiers demandés: Programme 83, Données d'outil, Programme 306, Données d'outil, Programme 291, Données d'outil
I> [28/06/2010 18:34:08] Emission de programme: Programme 83
I> [28/06/2010 18:34:24] Emission de programme: Données d'outil
I> [28/06/2010 18:34:26] Emission de programme: Programme 306
I> [28/06/2010 18:34:36] Emission de programme: Données d'outil
I> [28/06/2010 18:34:37] Emission de programme: Programme 291
I> [28/06/2010 18:34:44] Emission de programme: Données d'outil
