I> [28/04/2017 05:03:16] Port activé avec succès.
I> [28/04/2017 14:41:07] Appel depuis la CN de: 4603-06-01
E> [28/04/2017 14:41:12] N'a pu émettre le fichier: C:\machines\T32 Bis\Programmes\21270080201.MZK [Le système ne peut pas lire le périphérique indiqué]
I> [28/04/2017 14:41:12] Le programme appelé depuis la CN est trouvé: C:\machines\T32 Bis\Programmes\LA CALHENE\4603-06-01.MZK
I> [28/04/2017 14:41:12] Programmes dans les fichiers demandés: Programme 155 (4603-06-01), Programme 156 (4603-06-01), Programme 157 (4603-06-01), Programme 158 (4603-06-01), Programme 159 (4603-06-01), Programme 160 (4603-06-01), Programme 176 (4603-06-01)
I> [28/04/2017 14:41:28] Appel depuis la CN de: 4603-06-01
I> [28/04/2017 14:41:33] Le programme appelé depuis la CN est trouvé: C:\machines\T32 Bis\Programmes\LA CALHENE\4603-06-01.MZK
I> [28/04/2017 14:41:33] Programmes dans les fichiers demandés: Programme 155 (4603-06-01), Programme 156 (4603-06-01), Programme 157 (4603-06-01), Programme 158 (4603-06-01), Programme 159 (4603-06-01), Programme 160 (4603-06-01), Programme 176 (4603-06-01)
I> [28/04/2017 14:41:54] Emission de programme: Programme 155 (4603-06-01)
I> [28/04/2017 14:41:59] Emission de programme: Programme 156 (4603-06-01)
I> [28/04/2017 14:42:03] Emission de programme: Programme 157 (4603-06-01)
I> [28/04/2017 14:42:15] Emission de programme: Programme 160 (4603-06-01)
I> [28/04/2017 14:42:36] Emission de programme: Programme 176 (4603-06-01)
I> [28/04/2017 14:46:07] Réception: programme 155 (4603-06-01)
I> [28/04/2017 14:46:12] Réception: programme 156 (4603-06-01)
I> [28/04/2017 14:46:16] Réception: programme 157 (4603-06-01)
I> [28/04/2017 14:46:28] Réception: programme 158 (4603-06-01)
I> [28/04/2017 14:46:39] Réception: programme 159 (4603-06-01)
I> [28/04/2017 14:46:56] Réception: programme 160 (4603-06-01)
I> [28/04/2017 14:47:17] Réception: programme 176 (4603-06-01)
I> [28/04/2017 14:47:27] Fichier reçu: C:\machines\T32 Bis\Programmes\4603-06-01.MZK
I> [28/04/2017 14:47:27] Programmes dans les fichiers demandés: Programme 155 (4603-06-01), Programme 156 (4603-06-01), Programme 157 (4603-06-01), Programme 158 (4603-06-01), Programme 159 (4603-06-01), Programme 160 (4603-06-01), Programme 176 (4603-06-01)
