I> [28/02/2012 07:17:42] Port activé avec succès.
I> [28/02/2012 07:25:22] Port activé avec succès.
I> [28/02/2012 07:47:02] Appel depuis la CN de: 2976835D
E> [28/02/2012 07:47:07] N'a pu émettre le fichier: C:\machines\T32 Bis\Programmes\81B0004 E.MZK [Le système ne peut pas lire le périphérique indiqué]
I> [28/02/2012 07:47:07] Le programme appelé depuis la CN est trouvé: C:\machines\T32 Bis\Programmes\FLOWSERVE\2976835D.MZK
I> [28/02/2012 07:47:07] Programmes dans les fichiers demandés: Programme 50 (2976835D), Programme 51 (2976835D)
I> [28/02/2012 07:47:40] Appel depuis la CN de: 2976835D
I> [28/02/2012 07:47:48] Emission de programme: Programme 50 (2976835D)
I> [28/02/2012 07:48:00] Emission de programme: Programme 51 (2976835D)
I> [28/02/2012 07:48:19] Le programme appelé depuis la CN est trouvé: C:\machines\T32 Bis\Programmes\FLOWSERVE\2976835D.MZK
I> [28/02/2012 07:48:19] Programmes dans les fichiers demandés: Programme 50 (2976835D), Programme 51 (2976835D)
I> [28/02/2012 08:41:56] Port activé avec succès.
I> [28/02/2012 08:48:08] Appel depuis la CN de: 121900101Q
I> [28/02/2012 08:48:13] Le programme appelé depuis la CN est trouvé: C:\machines\T32 Bis\Programmes\121900101Q.MZK
I> [28/02/2012 08:48:13] Programmes dans les fichiers demandés: Programme 5199 (121900101Q), Programme 5217 (121900101Q), Programme 5227 (121900101Q), Programme 5228 (121900101Q), Programme 5229 (121900101Q), Programme 5230 (121900101Q), Programme 5231 (121900101Q), Programme 5232 (121900101Q), Programme 5440 (121900101Q), Programme 5441 (121900101Q)
I> [28/02/2012 08:58:08] Emission de programme: Programme 5217 (121900101Q)
I> [28/02/2012 11:07:53] Appel depuis la CN de: 122700101K
I> [28/02/2012 11:07:58] Le programme appelé depuis la CN est trouvé: C:\machines\T32 Bis\Programmes\122700101K.MZK
I> [28/02/2012 11:07:58] Programmes dans les fichiers demandés: Programme 5616 (122700101K), Programme 5617 (122700101K), Programme 5618 (122700101K), Programme 5619 (122700101K), Programme 5624 (122700101K), Programme 5625 (122700101K), Programme 5626 (122700101K), Programme 5627 (122700101K), Programme 5665 (122700101K), Programme 5666 (122700101K)
I> [28/02/2012 11:08:27] Emission de programme: Programme 5666 (122700101K)
I> [28/02/2012 17:20:32] Appel depuis la CN de: 21270080201
I> [28/02/2012 17:20:36] Le programme appelé depuis la CN est trouvé: C:\machines\T32 Bis\Programmes\21270080201.MZK
I> [28/02/2012 17:20:37] Programmes dans les fichiers demandés: Programme 4476 (21270080201), Programme 4477 (21270080201), Programme 4478 (21270080201), Programme 4479 (21270080201), Programme 4480 (21270080201), Programme 4490 (21270080201), Programme 4491 (21270080201), Programme 5138 (21270080201), Programme 5139 (21270080201)
I> [28/02/2012 17:20:51] Emission de programme: Programme 4490 (21270080201)
I> [28/02/2012 17:20:57] Emission de programme: Programme 4491 (21270080201)
E> [28/02/2012 17:25:17] Transmission avortée. [Délai de réponse dépassé, interruption de la transmission]
