I> [28/03/2012 07:34:58] Port activé avec succès.
I> [28/03/2012 07:39:09] Appel depuis la CN de: NOIX CHAINE
E> [28/03/2012 07:39:14] N'a pu trouver le programme appelé depuis la CN: NOIX CHAINE.MZK [Premier répertoire recherché : C:\machines\T32 Bis\Programmes]
E> [28/03/2012 07:39:28] N'a pu émettre le fichier. [Previous remote request failed.]
I> [28/03/2012 07:41:07] Port activé avec succès.
I> [28/03/2012 07:42:06] Appel depuis la CN de: NOIX CHAINE
I> [28/03/2012 07:42:11] Le programme appelé depuis la CN est trouvé: C:\machines\T32 Bis\Programmes\NOIX CHAINE.MZK
I> [28/03/2012 07:42:11] Programmes dans les fichiers demandés: Programme 14, Données d'outil, Programme 22, Données d'outil, Programme 13, Données d'outil, Programme 11, Données d'outil, Programme 33, Données d'outil, Programme 37, Données d'outil
I> [28/03/2012 07:42:21] Emission de programme: Programme 14
I> [28/03/2012 07:42:24] Emission de programme: Données d'outil
I> [28/03/2012 07:42:25] Emission de programme: Programme 22
I> [28/03/2012 07:42:30] Emission de programme: Données d'outil
I> [28/03/2012 07:42:31] Emission de programme: Programme 13
I> [28/03/2012 07:42:34] Emission de programme: Données d'outil
I> [28/03/2012 07:42:36] Emission de programme: Programme 11
I> [28/03/2012 07:42:38] Emission de programme: Données d'outil
I> [28/03/2012 07:42:39] Emission de programme: Programme 33
I> [28/03/2012 07:42:46] Emission de programme: Données d'outil
I> [28/03/2012 07:42:47] Emission de programme: Programme 37
I> [28/03/2012 07:42:55] Emission de programme: Données d'outil
I> [28/03/2012 12:20:55] Réception: programme 1289 (NOIX CHAINE)
I> [28/03/2012 12:21:01] Réception: programme 1290 (NOIX CHAINE)
I> [28/03/2012 12:21:07] Réception: programme 1291 (NOIX CHAINE)
I> [28/03/2012 12:21:13] Réception: programme 1292 (NOIX CHAINE)
I> [28/03/2012 12:21:21] Réception: programme 1293 (NOIX CHAINE)
I> [28/03/2012 12:21:28] Réception: programme 1294 (NOIX CHAINE)
I> [28/03/2012 12:21:36] Fichier existant sauvegardé: C:\MACHINES\T32 BIS\SAUVEGARDES\NOIX CHAINE_01.MZK
I> [28/03/2012 12:21:36] Fichier reçu: C:\machines\T32 Bis\Programmes\NOIX CHAINE.MZK
I> [28/03/2012 12:21:36] Programmes dans les fichiers demandés: Programme 1289 (NOIX CHAINE), Programme 1290 (NOIX CHAINE), Programme 1291 (NOIX CHAINE), Programme 1292 (NOIX CHAINE), Programme 1293 (NOIX CHAINE), Programme 1294 (NOIX CHAINE)
I> [28/03/2012 12:32:21] Appel depuis la CN de: NOIX CHAINE
E> [28/03/2012 12:32:25] N'a pu émettre le fichier: C:\machines\T32 Bis\Programmes\NOIX CHAINE.MZK [Le système ne peut pas lire le périphérique indiqué]
I> [28/03/2012 12:32:26] Le programme appelé depuis la CN est trouvé: C:\machines\T32 Bis\Programmes\CRD\NOIX CHAINE.MZK
I> [28/03/2012 12:32:26] Programmes dans les fichiers demandés: Programme 1289 (NOIX CHAINE), Programme 1290 (NOIX CHAINE), Programme 1291 (NOIX CHAINE), Programme 1292 (NOIX CHAINE), Programme 1293 (NOIX CHAINE), Programme 1294 (NOIX CHAINE)
I> [28/03/2012 12:32:37] Appel depuis la CN de: NOIX CHAINE
I> [28/03/2012 12:32:44] Le programme appelé depuis la CN est trouvé: C:\machines\T32 Bis\Programmes\CRD\NOIX CHAINE.MZK
I> [28/03/2012 12:32:44] Programmes dans les fichiers demandés: Programme 1289 (NOIX CHAINE), Programme 1290 (NOIX CHAINE), Programme 1291 (NOIX CHAINE), Programme 1292 (NOIX CHAINE), Programme 1293 (NOIX CHAINE), Programme 1294 (NOIX CHAINE)
I> [28/03/2012 12:35:20] Appel depuis la CN de: E100001060
I> [28/03/2012 12:35:27] Le programme appelé depuis la CN est trouvé: C:\machines\T32 Bis\Programmes\ERCA FORMSEAL\E100001060.MZK
I> [28/03/2012 12:35:27] Programmes dans les fichiers demandés: Programme 1142 (E100001060), Programme 1143 (E100001060)
I> [28/03/2012 12:35:40] Appel depuis la CN de: E100001060
I> [28/03/2012 12:35:46] Le programme appelé depuis la CN est trouvé: C:\machines\T32 Bis\Programmes\ERCA FORMSEAL\E100001060.MZK
I> [28/03/2012 12:35:46] Programmes dans les fichiers demandés: Programme 1142 (E100001060), Programme 1143 (E100001060)
I> [28/03/2012 12:35:49] Emission de programme: Programme 1142 (E100001060)
I> [28/03/2012 12:36:02] Emission de programme: Programme 1143 (E100001060)
I> [28/03/2012 17:57:38] Appel depuis la CN de: 241003573
I> [28/03/2012 17:57:43] Le programme appelé depuis la CN est trouvé: C:\machines\T32 Bis\Programmes\241003573.MZK
I> [28/03/2012 17:57:43] Programmes dans les fichiers demandés: Programme 22, Données d'outil, Programme 15, Données d'outil
I> [28/03/2012 17:58:26] Emission de programme: Programme 22
I> [28/03/2012 17:58:30] Emission de programme: Données d'outil
I> [28/03/2012 17:58:32] Emission de programme: Programme 15
I> [28/03/2012 17:58:35] Emission de programme: Données d'outil
I> [28/03/2012 19:04:36] Appel depuis la CN de: 241003630D
I> [28/03/2012 19:04:48] Le programme appelé depuis la CN est trouvé: C:\machines\T32 Bis\Programmes\ERCA FORMSEAL\241003630D.MZK
I> [28/03/2012 19:04:48] Programmes dans les fichiers demandés: Programme 1068 (241003630D), Programme 1069 (241003630D), Programme 1070 (241003630D)
I> [28/03/2012 19:04:55] Emission de programme: Programme 1068 (241003630D)
I> [28/03/2012 19:05:08] Emission de programme: Programme 1069 (241003630D)
I> [28/03/2012 19:05:17] Emission de programme: Programme 1070 (241003630D)
