I> [28/10/2010 05:51:24] Port activé avec succès.
I> [28/10/2010 07:00:33] Réception: programme 1000 (113500103L)
I> [28/10/2010 07:00:48] Réception: programme 1001 (113500103L)
I> [28/10/2010 07:01:57] Réception: programme 1002 (113500103L)
I> [28/10/2010 07:02:18] Réception: programme 1003 (113500103L)
I> [28/10/2010 07:02:44] Fichier reçu: C:\machines\T32 Bis\Programmes\113500103L.MZK
I> [28/10/2010 07:02:45] Programmes dans les fichiers demandés: Programme 1000 (113500103L), Programme 1001 (113500103L), Programme 1002 (113500103L), Programme 1003 (113500103L)
I> [28/10/2010 08:34:30] Appel depuis la CN de: 4340-02-09
I> [28/10/2010 08:34:35] Le programme appelé depuis la CN est trouvé: C:\machines\T32 Bis\Programmes\LA CALHENE\4340-02-09.MZK
I> [28/10/2010 08:34:35] Programmes dans les fichiers demandés: Programme 998 (4340-02-09), Programme 999 (4340-02-09)
I> [28/10/2010 08:34:45] Emission de programme: Programme 998 (4340-02-09)
I> [28/10/2010 08:35:50] Emission de programme: Programme 999 (4340-02-09)
I> [28/10/2010 09:10:39] Appel depuis la CN de: 11270-01-01
I> [28/10/2010 09:10:43] Le programme appelé depuis la CN est trouvé: C:\machines\T32 Bis\Programmes\LA CALHENE\11270-01-01.MZK
I> [28/10/2010 09:10:43] Programmes dans les fichiers demandés: Programme 4063 (11270-01-01), Programme 4065 (11270-01-01), Programme 4100 (11270-01-01), Programme 4101 (11270-01-01)
I> [28/10/2010 16:10:45] Appel depuis la CN de: 11270-01-01
I> [28/10/2010 16:10:50] Le programme appelé depuis la CN est trouvé: C:\machines\T32 Bis\Programmes\LA CALHENE\11270-01-01.MZK
I> [28/10/2010 16:10:50] Programmes dans les fichiers demandés: Programme 4063 (11270-01-01), Programme 4065 (11270-01-01), Programme 4100 (11270-01-01), Programme 4101 (11270-01-01)
I> [28/10/2010 16:11:02] Emission de programme: Programme 4065 (11270-01-01)
I> [28/10/2010 17:24:03] Appel depuis la CN de: 30270300101
I> [28/10/2010 17:24:08] Le programme appelé depuis la CN est trouvé: C:\machines\T32 Bis\Programmes\LA CALHENE\30270300101.MZK
I> [28/10/2010 17:24:08] Programmes dans les fichiers demandés: Programme 67 (30270300101), Programme 68 (30270300101), Programme 70 (30270300101), Programme 71 (30270300101), Programme 261 (30270300101), Programme 827 (30270300101), Programme 828 (30270300101)
I> [28/10/2010 17:24:17] Emission de programme: Programme 827 (30270300101)
