I> [28/11/2012 05:01:12] Port activé avec succès.
I> [28/11/2012 07:36:30] Port activé avec succès.
I> [28/11/2012 13:28:27] Appel depuis la CN de: 70-60-50L30
I> [28/11/2012 13:28:34] Le programme appelé depuis la CN est trouvé: C:\machines\T32 Bis\Programmes\70-60-50L30.MZK
I> [28/11/2012 13:28:34] Programmes dans les fichiers demandés: Programme 19, Données d'outil, Programme 23, Données d'outil, Programme 5, Données d'outil
I> [28/11/2012 13:28:56] Emission de programme: Programme 19
I> [28/11/2012 13:29:01] Emission de programme: Données d'outil
I> [28/11/2012 13:29:02] Emission de programme: Programme 23
I> [28/11/2012 13:29:07] Emission de programme: Données d'outil
I> [28/11/2012 13:29:08] Emission de programme: Programme 5
I> [28/11/2012 13:29:10] Emission de programme: Données d'outil
I> [28/11/2012 16:12:00] Appel depuis la CN de: 2976325C
I> [28/11/2012 16:12:04] Le programme appelé depuis la CN est trouvé: C:\machines\T32 Bis\Programmes\FLOWSERVE\2976325C.MZK
I> [28/11/2012 16:12:04] Programmes dans les fichiers demandés: Programme 128 (2976325C), Programme 131 (2976325C)
I> [28/11/2012 16:12:12] Emission de programme: Programme 128 (2976325C)
I> [28/11/2012 16:12:29] Emission de programme: Programme 131 (2976325C)
I> [28/11/2012 16:13:06] Appel depuis la CN de: 2976326D
I> [28/11/2012 16:13:13] Le programme appelé depuis la CN est trouvé: C:\machines\T32 Bis\Programmes\FLOWSERVE\2976326D.MZK
I> [28/11/2012 16:13:13] Programmes dans les fichiers demandés: Programme 633 (2976326D), Programme 634 (2976326D)
I> [28/11/2012 16:13:17] Emission de programme: Programme 633 (2976326D)
I> [28/11/2012 16:13:33] Emission de programme: Programme 634 (2976326D)
I> [28/11/2012 17:19:49] Appel depuis la CN de: 2976864D
I> [28/11/2012 17:19:56] Appel depuis la CN de: 2976864D
I> [28/11/2012 17:20:00] Le programme appelé depuis la CN est trouvé: C:\machines\T32 Bis\Programmes\FLOWSERVE\2976864D.MZK
I> [28/11/2012 17:20:00] Programmes dans les fichiers demandés: Programme 435 (2976864D), Programme 437 (2976864D)
I> [28/11/2012 17:20:05] Emission de programme: Programme 435 (2976864D)
I> [28/11/2012 17:20:23] Emission de programme: Programme 437 (2976864D)
