I> [29/09/2008 05:21:55] Port activé avec succès.
I> [29/09/2008 11:44:27] Appel depuis la CN de: 134721B
E> [29/09/2008 11:44:32] N'a pu trouver le programme appelé depuis la CN: 134721B.MZK [Premier répertoire recherché : C:\machines\T32 Bis\Programmes]
E> [29/09/2008 11:44:52] N'a pu émettre le fichier. [Previous remote request failed.]
I> [29/09/2008 11:45:22] Appel depuis la CN de: 134721 B
E> [29/09/2008 11:45:26] N'a pu émettre le fichier. [Previous remote request failed.]
I> [29/09/2008 11:45:27] Le programme appelé depuis la CN est trouvé: C:\machines\T32 Bis\Programmes\134721 B.MZK
I> [29/09/2008 11:45:27] Programmes dans les fichiers demandés: Programme 18, Données d'outil, Programme 33, Données d'outil
I> [29/09/2008 11:47:01] Appel depuis la CN de: 134721 B
I> [29/09/2008 11:47:06] Le programme appelé depuis la CN est trouvé: C:\machines\T32 Bis\Programmes\134721 B.MZK
I> [29/09/2008 11:47:06] Programmes dans les fichiers demandés: Programme 18, Données d'outil, Programme 33, Données d'outil
I> [29/09/2008 11:47:13] Emission de programme: Programme 18
I> [29/09/2008 11:47:17] Emission de programme: Données d'outil
I> [29/09/2008 11:47:19] Emission de programme: Programme 33
I> [29/09/2008 11:47:26] Emission de programme: Données d'outil
I> [29/09/2008 13:14:07] Réception: programme 369 (DCM041A)
I> [29/09/2008 13:14:20] Réception: programme 370 (DCM041A)
I> [29/09/2008 13:14:34] Fichier reçu: C:\machines\T32 Bis\Programmes\DCM041A.MZK
I> [29/09/2008 13:14:34] Programmes dans les fichiers demandés: Programme 369 (DCM041A), Programme 370 (DCM041A)
I> [29/09/2008 19:54:14] Appel depuis la CN de: 2973964B 3
I> [29/09/2008 19:54:18] Le programme appelé depuis la CN est trouvé: C:\machines\T32 Bis\Programmes\FLOWSERVE\2973964B 3.MZK
I> [29/09/2008 19:54:19] Programmes dans les fichiers demandés: Programme 4071 (2973964B 3), Programme 4074 (2973964B 3)
I> [29/09/2008 19:54:42] Appel depuis la CN de: 2973964B 3
I> [29/09/2008 19:54:49] Le programme appelé depuis la CN est trouvé: C:\machines\T32 Bis\Programmes\FLOWSERVE\2973964B 3.MZK
I> [29/09/2008 19:54:49] Programmes dans les fichiers demandés: Programme 4071 (2973964B 3), Programme 4074 (2973964B 3)
I> [29/09/2008 19:54:59] Emission de programme: Programme 4071 (2973964B 3)
I> [29/09/2008 19:55:25] Emission de programme: Programme 4074 (2973964B 3)
I> [29/09/2008 19:57:10] Appel depuis la CN de: 2973964B 3
I> [29/09/2008 19:57:19] Appel depuis la CN de: 2973964B 3
I> [29/09/2008 19:57:25] Le programme appelé depuis la CN est trouvé: C:\machines\T32 Bis\Programmes\FLOWSERVE\2973964B 3.MZK
I> [29/09/2008 19:57:26] Programmes dans les fichiers demandés: Programme 4071 (2973964B 3), Programme 4074 (2973964B 3)
I> [29/09/2008 19:57:31] Emission de programme: Programme 4074 (2973964B 3)
