I> [29/09/2011 05:13:53] Port activé avec succès.
I> [29/09/2011 05:15:45] Appel depuis la CN de: 81D3086
I> [29/09/2011 05:15:50] Le programme appelé depuis la CN est trouvé: C:\machines\T32 Bis\Programmes\FLOWSERVE\81D3086.MZK
I> [29/09/2011 05:15:50] Programmes dans les fichiers demandés: Programme 546 (81D3086), Programme 547 (81D3086), Programme 548 (81D3086), Programme 549 (81D3086), Programme 550 (81D3086), Programme 551 (81D3086), Programme 552 (81D3086)
I> [29/09/2011 05:16:02] Emission de programme: Programme 546 (81D3086)
I> [29/09/2011 05:16:09] Emission de programme: Programme 547 (81D3086)
I> [29/09/2011 05:16:16] Emission de programme: Programme 548 (81D3086)
I> [29/09/2011 05:16:21] Emission de programme: Programme 549 (81D3086)
I> [29/09/2011 05:16:33] Emission de programme: Programme 550 (81D3086)
I> [29/09/2011 05:16:45] Emission de programme: Programme 551 (81D3086)
I> [29/09/2011 05:17:04] Emission de programme: Programme 552 (81D3086)
I> [29/09/2011 09:06:00] Appel depuis la CN de: 5999929A
I> [29/09/2011 09:06:07] Le programme appelé depuis la CN est trouvé: C:\machines\T32 Bis\Programmes\FLOWSERVE\5999929A.MZK
I> [29/09/2011 09:06:07] Programmes dans les fichiers demandés: Programme 1163 (5999929A)
I> [29/09/2011 09:06:31] Appel depuis la CN de: 5999929A
I> [29/09/2011 09:06:35] Le programme appelé depuis la CN est trouvé: C:\machines\T32 Bis\Programmes\FLOWSERVE\5999929A.MZK
I> [29/09/2011 09:06:35] Programmes dans les fichiers demandés: Programme 1163 (5999929A)
I> [29/09/2011 09:06:46] Emission de programme: Programme 1163 (5999929A)
I> [29/09/2011 12:26:43] Réception: programme 1164 (5802279A)
I> [29/09/2011 12:26:49] Réception: programme 1165 (5802279A)
I> [29/09/2011 12:26:56] Réception: programme 1166 (5802279A)
I> [29/09/2011 12:27:09] Réception: programme 1167 (5802279A)
I> [29/09/2011 12:27:23] Réception: programme 1168 (5802279A)
I> [29/09/2011 12:27:32] Fichier reçu: C:\machines\T32 Bis\Programmes\5802279A.MZK
I> [29/09/2011 12:27:32] Programmes dans les fichiers demandés: Programme 1164 (5802279A), Programme 1165 (5802279A), Programme 1166 (5802279A), Programme 1167 (5802279A), Programme 1168 (5802279A)
I> [29/09/2011 12:44:25] Appel depuis la CN de: 5802279A
I> [29/09/2011 12:44:30] Le programme appelé depuis la CN est trouvé: C:\machines\T32 Bis\Programmes\FLOWSERVE\5802279A.MZK
I> [29/09/2011 12:44:30] Programmes dans les fichiers demandés: Programme 1164 (5802279A), Programme 1165 (5802279A), Programme 1166 (5802279A), Programme 1167 (5802279A), Programme 1168 (5802279A)
I> [29/09/2011 16:24:43] Réception: programme 1169 (5980512C)
I> [29/09/2011 16:24:54] Réception: programme 1170 (5980512C)
I> [29/09/2011 16:25:08] Fichier reçu: C:\machines\T32 Bis\Programmes\5980512C.MZK
I> [29/09/2011 16:25:08] Programmes dans les fichiers demandés: Programme 1169 (5980512C), Programme 1170 (5980512C)
I> [29/09/2011 16:38:48] Appel depuis la CN de: 5980812C
E> [29/09/2011 16:38:53] N'a pu trouver le programme appelé depuis la CN: 5980812C.MZK [Premier répertoire recherché : C:\machines\T32 Bis\Programmes]
E> [29/09/2011 16:38:59] N'a pu émettre le fichier. [Previous remote request failed.]
I> [29/09/2011 16:39:15] Appel depuis la CN de: 5980512C
I> [29/09/2011 16:39:20] Le programme appelé depuis la CN est trouvé: C:\machines\T32 Bis\Programmes\FLOWSERVE\5980512C.MZK
I> [29/09/2011 16:39:20] Programmes dans les fichiers demandés: Programme 1169 (5980512C), Programme 1170 (5980512C)
I> [29/09/2011 17:10:34] Emission de programme: Programme 1169 (5980512C)
I> [29/09/2011 19:33:25] Réception: programme 1171 (MA99689L00C)
I> [29/09/2011 19:33:40] Réception: programme 1172 (MA99689L00C)
I> [29/09/2011 19:34:00] Fichier reçu: C:\machines\T32 Bis\Programmes\MA99689L00C.MZK
I> [29/09/2011 19:34:00] Programmes dans les fichiers demandés: Programme 1171 (MA99689L00C), Programme 1172 (MA99689L00C)
I> [29/09/2011 19:46:29] Appel depuis la CN de: MA99689L00C
I> [29/09/2011 19:46:34] Le programme appelé depuis la CN est trouvé: C:\machines\T32 Bis\Programmes\FLOWSERVE\MA99689L00C.MZK
I> [29/09/2011 19:46:34] Programmes dans les fichiers demandés: Programme 1171 (MA99689L00C), Programme 1172 (MA99689L00C)
