I> [29/07/2009 05:44:37] Port activé avec succès.
I> [29/07/2009 06:18:06] Appel depuis la CN de: 2976327D
I> [29/07/2009 06:18:14] Le programme appelé depuis la CN est trouvé: C:\machines\T32 Bis\Programmes\FLOWSERVE\2976327D.MZK
I> [29/07/2009 06:18:14] Programmes dans les fichiers demandés: Programme 127 (2976327D), Programme 130 (2976327D)
I> [29/07/2009 06:18:32] Emission de programme: Programme 127 (2976327D)
I> [29/07/2009 06:18:45] Emission de programme: Programme 130 (2976327D)
I> [29/07/2009 11:43:01] Réception: programme 633 (2976326D)
I> [29/07/2009 11:43:16] Réception: programme 634 (2976326D)
I> [29/07/2009 11:43:39] Fichier reçu: C:\machines\T32 Bis\Programmes\2976326D.MZK
I> [29/07/2009 11:43:39] Programmes dans les fichiers demandés: Programme 633 (2976326D), Programme 634 (2976326D)
I> [29/07/2009 18:54:37] Réception: programme 635 (3975947F-2)
I> [29/07/2009 18:54:56] Réception: programme 636 (3975947F-2)
I> [29/07/2009 18:55:13] Fichier reçu: C:\machines\T32 Bis\Programmes\3975947F-2.MZK
I> [29/07/2009 18:55:13] Programmes dans les fichiers demandés: Programme 635 (3975947F-2), Programme 636 (3975947F-2)
E> [29/07/2009 18:58:56] N'a pu émettre le fichier: C:\machines\T32 Bis\Programmes\3975947F-2.MZK [Le système ne peut pas lire le périphérique indiqué]
I> [29/07/2009 18:59:49] Appel depuis la CN de: 4984118G-2
E> [29/07/2009 18:59:53] N'a pu émettre le fichier: C:\machines\T32 Bis\Programmes\3975947F-2.MZK [Le système ne peut pas lire le périphérique indiqué]
I> [29/07/2009 18:59:54] Le programme appelé depuis la CN est trouvé: C:\machines\T32 Bis\Programmes\4984118G-2.MZK
I> [29/07/2009 18:59:54] Programmes dans les fichiers demandés: Programme 39, Données d'outil, Programme 37, Données d'outil
I> [29/07/2009 19:00:24] Appel depuis la CN de: 4984118G-2
I> [29/07/2009 19:00:29] Le programme appelé depuis la CN est trouvé: C:\machines\T32 Bis\Programmes\4984118G-2.MZK
I> [29/07/2009 19:00:29] Programmes dans les fichiers demandés: Programme 39, Données d'outil, Programme 37, Données d'outil
I> [29/07/2009 19:00:36] Emission de programme: Programme 39
I> [29/07/2009 19:00:44] Emission de programme: Données d'outil
I> [29/07/2009 19:00:45] Emission de programme: Programme 37
I> [29/07/2009 19:00:53] Emission de programme: Données d'outil
