I> [29/04/2011 06:39:10] Port activé avec succès.
I> [29/04/2011 06:41:29] Réception: programme 1080 (MA99719L00C)
I> [29/04/2011 06:41:43] Réception: programme 1081 (MA99719L00C)
I> [29/04/2011 06:41:57] Réception: programme 1082 (MA99719L00C)
I> [29/04/2011 06:42:04] Réception: programme 1083 (MA99719L00C)
I> [29/04/2011 06:42:12] Réception: programme 1084 (MA99719L00C)
I> [29/04/2011 06:42:22] Réception: programme 1085 (MA99719L00C)
I> [29/04/2011 06:42:39] Réception: programme 1086 (MA99719L00C)
I> [29/04/2011 06:42:47] Fichier reçu: C:\machines\T32 Bis\Programmes\MA99719L00C.MZK
I> [29/04/2011 06:42:47] Programmes dans les fichiers demandés: Programme 1080 (MA99719L00C), Programme 1081 (MA99719L00C), Programme 1082 (MA99719L00C), Programme 1083 (MA99719L00C), Programme 1084 (MA99719L00C), Programme 1085 (MA99719L00C), Programme 1086 (MA99719L00C)
I> [29/04/2011 14:00:09] Réception: programme 1078 (MA99762L00C)
I> [29/04/2011 14:00:20] Réception: programme 1079 (MA99762L00C)
I> [29/04/2011 14:00:31] Réception: programme 1087 (MA99762L00C)
I> [29/04/2011 14:00:38] Réception: programme 1088 (MA99762L00C)
I> [29/04/2011 14:00:45] Réception: programme 1089 (MA99762L00C)
I> [29/04/2011 14:00:53] Réception: programme 1090 (MA99762L00C)
I> [29/04/2011 14:01:05] Fichier reçu: C:\machines\T32 Bis\Programmes\MA99762L00C.MZK
I> [29/04/2011 14:01:05] Programmes dans les fichiers demandés: Programme 1078 (MA99762L00C), Programme 1079 (MA99762L00C), Programme 1087 (MA99762L00C), Programme 1088 (MA99762L00C), Programme 1089 (MA99762L00C), Programme 1090 (MA99762L00C)
I> [29/04/2011 14:18:57] Appel depuis la CN de: 2976836D
I> [29/04/2011 14:19:01] Le programme appelé depuis la CN est trouvé: C:\machines\T32 Bis\Programmes\FLOWSERVE\2976836D.MZK
I> [29/04/2011 14:19:01] Programmes dans les fichiers demandés: Programme 126 (2976836D), Programme 129 (2976836D)
I> [29/04/2011 14:19:17] Emission de programme: Programme 126 (2976836D)
I> [29/04/2011 14:19:30] Emission de programme: Programme 129 (2976836D)
I> [29/04/2011 16:27:29] Appel depuis la CN de: 2976835D
I> [29/04/2011 16:27:34] Le programme appelé depuis la CN est trouvé: C:\machines\T32 Bis\Programmes\FLOWSERVE\2976835D.MZK
I> [29/04/2011 16:27:34] Programmes dans les fichiers demandés: Programme 50 (2976835D), Programme 51 (2976835D)
I> [29/04/2011 16:27:44] Emission de programme: Programme 50 (2976835D)
I> [29/04/2011 16:27:55] Emission de programme: Programme 51 (2976835D)
