I> [29/04/2010 05:06:14] Port activé avec succès.
I> [29/04/2010 08:47:55] Appel depuis la CN de: 4984118G-2
I> [29/04/2010 08:48:00] Le programme appelé depuis la CN est trouvé: C:\machines\T32 Bis\Programmes\4984118G-2.MZK
I> [29/04/2010 08:48:00] Programmes dans les fichiers demandés: Programme 39, Données d'outil, Programme 37, Données d'outil
I> [29/04/2010 08:48:07] Emission de programme: Programme 39
I> [29/04/2010 08:48:15] Emission de programme: Données d'outil
I> [29/04/2010 08:48:16] Emission de programme: Programme 37
I> [29/04/2010 08:48:24] Emission de programme: Données d'outil
I> [29/04/2010 14:09:59] Appel depuis la CN de: DCM693A
I> [29/04/2010 14:10:05] Le programme appelé depuis la CN est trouvé: C:\machines\T32 Bis\Programmes\DCM693A.MZK
I> [29/04/2010 14:10:05] Programmes dans les fichiers demandés: Programme 5116 (DCM693A), Programme 5117 (DCM693A), Programme 5126 (DCM693A), Programme 5127 (DCM693A)
I> [29/04/2010 14:10:11] Emission de programme: Programme 5116 (DCM693A)
I> [29/04/2010 14:10:26] Emission de programme: Programme 5117 (DCM693A)
I> [29/04/2010 14:10:41] Emission de programme: Programme 5126 (DCM693A)
I> [29/04/2010 14:11:04] Emission de programme: Programme 5127 (DCM693A)
I> [29/04/2010 18:01:23] Appel depuis la CN de: DCM075
I> [29/04/2010 18:01:32] Le programme appelé depuis la CN est trouvé: C:\machines\T32 Bis\Programmes\MECAMARC\DCM075.MZK
I> [29/04/2010 18:01:32] Programmes dans les fichiers demandés: Programme 831 (DCM075), Programme 832 (DCM075)
I> [29/04/2010 18:01:39] Appel depuis la CN de: DCM075
I> [29/04/2010 18:01:47] Le programme appelé depuis la CN est trouvé: C:\machines\T32 Bis\Programmes\MECAMARC\DCM075.MZK
I> [29/04/2010 18:01:47] Programmes dans les fichiers demandés: Programme 831 (DCM075), Programme 832 (DCM075)
I> [29/04/2010 18:02:17] Emission de programme: Programme 831 (DCM075)
I> [29/04/2010 18:02:32] Emission de programme: Programme 832 (DCM075)
