I> [29/06/2015 07:26:18] Port activé avec succès.
I> [29/06/2015 12:56:17] Réception: programme 998 (4340-02-09)
I> [29/06/2015 12:57:22] Réception: programme 999 (4340-02-09)
I> [29/06/2015 12:57:35] Réception: programme 1537 (4340-02-09)
I> [29/06/2015 12:57:57] Fichier reçu: C:\machines\T32 Bis\Programmes\4340-02-09.MZK
I> [29/06/2015 12:57:57] Programmes dans les fichiers demandés: Programme 998 (4340-02-09), Programme 999 (4340-02-09), Programme 1537 (4340-02-09)
I> [29/06/2015 13:03:21] Appel depuis la CN de: 21270 55 01
E> [29/06/2015 13:03:26] N'a pu émettre le fichier: C:\machines\T32 Bis\Programmes\4340-02-09.MZK [Le système ne peut pas lire le périphérique indiqué]
E> [29/06/2015 13:03:26] N'a pu trouver le programme appelé depuis la CN: 21270 55 01.MZK [Premier répertoire recherché : C:\machines\T32 Bis\Programmes]
E> [29/06/2015 13:03:27] N'a pu émettre le fichier. [Previous remote request failed.]
E> [29/06/2015 13:03:28] N'a pu émettre le fichier. [Previous remote request failed.]
I> [29/06/2015 13:04:03] Appel depuis la CN de: 11270 55 01
E> [29/06/2015 13:04:08] N'a pu émettre le fichier. [Previous remote request failed.]
E> [29/06/2015 13:04:08] N'a pu trouver le programme appelé depuis la CN: 11270 55 01.MZK [Premier répertoire recherché : C:\machines\T32 Bis\Programmes]
E> [29/06/2015 13:04:09] N'a pu émettre le fichier. [Previous remote request failed.]
I> [29/06/2015 13:04:16] Appel depuis la CN de: 11270 55 01
E> [29/06/2015 13:04:21] N'a pu émettre le fichier. [Previous remote request failed.]
E> [29/06/2015 13:04:21] N'a pu trouver le programme appelé depuis la CN: 11270 55 01.MZK [Premier répertoire recherché : C:\machines\T32 Bis\Programmes]
I> [29/06/2015 13:05:56] Appel depuis la CN de: 112705501
I> [29/06/2015 13:06:01] Le programme appelé depuis la CN est trouvé: C:\machines\T32 Bis\Programmes\LA CALHENE\112705501.MZK
I> [29/06/2015 13:06:01] Programmes dans les fichiers demandés: Programme 1534 (112705501), Programme 1439 (112705501), Programme 1440 (112705501), Programme 1441 (112705501)
I> [29/06/2015 13:06:05] Emission de programme: Programme 1534 (112705501)
I> [29/06/2015 13:07:24] Emission de programme: Programme 1439 (112705501)
I> [29/06/2015 13:07:37] Emission de programme: Programme 1440 (112705501)
I> [29/06/2015 13:08:00] Emission de programme: Programme 1441 (112705501)
E> [29/06/2015 13:11:53] Transmission avortée. [Délai de réponse dépassé, interruption de la transmission]
