I> [29/03/2011 08:09:30] Port activé avec succès.
I> [29/03/2011 11:10:47] Appel depuis la CN de: 2976330D-2
I> [29/03/2011 11:10:52] Le programme appelé depuis la CN est trouvé: C:\machines\T32 Bis\Programmes\2976330D-2.MZK
I> [29/03/2011 11:10:52] Programmes dans les fichiers demandés: Programme 46, Données d'outil, Programme 34, Données d'outil
I> [29/03/2011 11:10:58] Emission de programme: Programme 46
I> [29/03/2011 11:11:07] Emission de programme: Données d'outil
I> [29/03/2011 11:11:09] Emission de programme: Programme 34
I> [29/03/2011 11:11:16] Emission de programme: Données d'outil
I> [29/03/2011 11:24:26] Appel depuis la CN de: 2976330D 1
I> [29/03/2011 11:24:31] Le programme appelé depuis la CN est trouvé: C:\machines\T32 Bis\Programmes\2976330D 1.MZK
I> [29/03/2011 11:24:31] Programmes dans les fichiers demandés: Programme 2339 (2976330D 1), Programme 2340 (2976330D 1)
I> [29/03/2011 14:27:53] Appel depuis la CN de: 2976328D-2
I> [29/03/2011 14:27:58] Le programme appelé depuis la CN est trouvé: C:\machines\T32 Bis\Programmes\2976328D-2.MZK
I> [29/03/2011 14:27:58] Programmes dans les fichiers demandés: Programme 44, Données d'outil, Programme 26, Données d'outil
I> [29/03/2011 14:28:19] Emission de programme: Programme 44
I> [29/03/2011 14:28:28] Emission de programme: Données d'outil
I> [29/03/2011 14:28:29] Emission de programme: Programme 26
I> [29/03/2011 14:28:35] Emission de programme: Données d'outil
I> [29/03/2011 16:16:11] Appel depuis la CN de: 2976330D-1
I> [29/03/2011 16:16:16] Le programme appelé depuis la CN est trouvé: C:\machines\T32 Bis\Programmes\2976330D-1.MZK
I> [29/03/2011 16:16:16] Programmes dans les fichiers demandés: Programme 46, Données d'outil, Programme 29, Données d'outil
I> [29/03/2011 16:16:38] Emission de programme: Programme 46
I> [29/03/2011 16:16:47] Emission de programme: Données d'outil
I> [29/03/2011 16:16:48] Emission de programme: Programme 29
I> [29/03/2011 16:16:54] Emission de programme: Données d'outil
I> [29/03/2011 19:52:16] Appel depuis la CN de: 2976327D
I> [29/03/2011 19:52:21] Le programme appelé depuis la CN est trouvé: C:\machines\T32 Bis\Programmes\FLOWSERVE\2976327D.MZK
I> [29/03/2011 19:52:21] Programmes dans les fichiers demandés: Programme 127 (2976327D), Programme 130 (2976327D)
I> [29/03/2011 19:52:48] Emission de programme: Programme 127 (2976327D)
I> [29/03/2011 19:53:01] Emission de programme: Programme 130 (2976327D)
