I> [29/05/2012 05:05:05] Port activé avec succès.
I> [29/05/2012 07:14:28] Appel depuis la CN de: 227076
E> [29/05/2012 07:14:32] N'a pu émettre le fichier: C:\machines\T32 Bis\Programmes\81B0004 E.MZK [Le système ne peut pas lire le périphérique indiqué]
I> [29/05/2012 07:14:33] Le programme appelé depuis la CN est trouvé: C:\machines\T32 Bis\Programmes\227076.MZK
I> [29/05/2012 07:14:33] Programmes dans les fichiers demandés: Programme 5451 (227076), Programme 5452 (227076)
I> [29/05/2012 07:14:38] Emission de programme: Programme 5452 (227076)
I> [29/05/2012 09:47:28] Appel depuis la CN de: 227076
I> [29/05/2012 09:47:33] Le programme appelé depuis la CN est trouvé: C:\machines\T32 Bis\Programmes\227076.MZK
I> [29/05/2012 09:47:33] Programmes dans les fichiers demandés: Programme 5451 (227076), Programme 5452 (227076)
I> [29/05/2012 09:47:39] Emission de programme: Programme 5451 (227076)
I> [29/05/2012 09:48:32] Réception: programme 5451 (227076)
I> [29/05/2012 09:48:52] Réception: programme 5452 (227076)
I> [29/05/2012 09:49:05] Fichier existant sauvegardé: C:\MACHINES\T32 BIS\SAUVEGARDES\227076_01.MZK
I> [29/05/2012 09:49:05] Fichier reçu: C:\machines\T32 Bis\Programmes\227076.MZK
I> [29/05/2012 09:49:05] Programmes dans les fichiers demandés: Programme 5451 (227076), Programme 5452 (227076)
I> [29/05/2012 09:55:05] Réception: programme 1323 (225361)
I> [29/05/2012 09:55:27] Réception: programme 1324 (225361)
I> [29/05/2012 09:55:40] Fichier reçu: C:\machines\T32 Bis\Programmes\225361.MZK
I> [29/05/2012 09:55:40] Programmes dans les fichiers demandés: Programme 1323 (225361), Programme 1324 (225361)
I> [29/05/2012 10:33:28] Appel depuis la CN de: 241003573
I> [29/05/2012 10:33:33] Le programme appelé depuis la CN est trouvé: C:\machines\T32 Bis\Programmes\241003573.MZK
I> [29/05/2012 10:33:33] Programmes dans les fichiers demandés: Programme 22, Données d'outil, Programme 15, Données d'outil
I> [29/05/2012 10:33:38] Emission de programme: Programme 22
I> [29/05/2012 10:33:43] Emission de programme: Données d'outil
I> [29/05/2012 10:33:45] Emission de programme: Programme 15
I> [29/05/2012 10:33:48] Emission de programme: Données d'outil
I> [29/05/2012 10:34:26] Appel depuis la CN de: 241003485
I> [29/05/2012 10:34:36] Appel depuis la CN de: 241003485
I> [29/05/2012 10:34:40] Le programme appelé depuis la CN est trouvé: C:\machines\T32 Bis\Programmes\241003485.MZK
I> [29/05/2012 10:34:40] Programmes dans les fichiers demandés: Programme 278, Données d'outil, Programme 271, Données d'outil
I> [29/05/2012 10:34:48] Emission de programme: Programme 278
I> [29/05/2012 10:34:53] Emission de programme: Données d'outil
I> [29/05/2012 10:34:54] Emission de programme: Programme 271
I> [29/05/2012 10:34:58] Emission de programme: Données d'outil
I> [29/05/2012 14:05:10] Réception: programme 1325 (241003485)
I> [29/05/2012 14:05:20] Réception: programme 1326 (241003485)
I> [29/05/2012 14:05:29] Fichier existant sauvegardé: C:\MACHINES\T32 BIS\SAUVEGARDES\241003485_01.MZK
I> [29/05/2012 14:05:29] Fichier reçu: C:\machines\T32 Bis\Programmes\241003485.MZK
I> [29/05/2012 14:05:29] Programmes dans les fichiers demandés: Programme 1325 (241003485), Programme 1326 (241003485)
I> [29/05/2012 14:07:40] Réception: programme 1325 (241003485)
I> [29/05/2012 14:07:50] Réception: programme 1326 (241003485)
I> [29/05/2012 14:07:59] Fichier reçu: C:\machines\T32 Bis\Programmes\241003485.MZK
I> [29/05/2012 14:07:59] Programmes dans les fichiers demandés: Programme 1325 (241003485), Programme 1326 (241003485)
E> [29/05/2012 14:37:09] N'a pu émettre le fichier: C:\machines\T32 Bis\Programmes\241003485.MZK [Le système ne peut pas lire le périphérique indiqué]
I> [29/05/2012 14:37:38] Appel depuis la CN de: 241003485
E> [29/05/2012 14:37:43] N'a pu émettre le fichier: C:\machines\T32 Bis\Programmes\241003485.MZK [Le système ne peut pas lire le périphérique indiqué]
I> [29/05/2012 14:37:43] Le programme appelé depuis la CN est trouvé: C:\machines\T32 Bis\Programmes\ERCA FORMSEAL\241003485.MZK
I> [29/05/2012 14:37:43] Programmes dans les fichiers demandés: Programme 1325 (241003485), Programme 1326 (241003485)
I> [29/05/2012 14:37:53] Appel depuis la CN de: 241003485
I> [29/05/2012 14:37:59] Le programme appelé depuis la CN est trouvé: C:\machines\T32 Bis\Programmes\ERCA FORMSEAL\241003485.MZK
I> [29/05/2012 14:37:59] Programmes dans les fichiers demandés: Programme 1325 (241003485), Programme 1326 (241003485)
I> [29/05/2012 14:38:00] Emission de programme: Programme 1325 (241003485)
I> [29/05/2012 14:38:10] Emission de programme: Programme 1326 (241003485)
I> [29/05/2012 16:45:39] Réception: programme 1327 (241003573)
I> [29/05/2012 16:45:49] Réception: programme 1328 (241003573)
I> [29/05/2012 16:45:58] Fichier reçu: C:\machines\T32 Bis\Programmes\241003573.MZK
I> [29/05/2012 16:45:58] Programmes dans les fichiers demandés: Programme 1327 (241003573), Programme 1328 (241003573)
I> [29/05/2012 17:13:30] Appel depuis la CN de: 43000041006
I> [29/05/2012 17:13:35] Le programme appelé depuis la CN est trouvé: C:\machines\T32 Bis\Programmes\ERCA FORMSEAL\43000041006.MZK
I> [29/05/2012 17:13:35] Programmes dans les fichiers demandés: Programme 726 (43000041006), Programme 727 (43000041006), Programme 728 (43000041006), Programme 729 (43000041006), Programme 732 (43000041006), Programme 733 (43000041006), Programme 734 (43000041006), Programme 771 (43000041006)
I> [29/05/2012 17:14:03] Emission de programme: Programme 726 (43000041006)
I> [29/05/2012 17:14:13] Emission de programme: Programme 727 (43000041006)
I> [29/05/2012 17:14:26] Emission de programme: Programme 728 (43000041006)
I> [29/05/2012 17:14:35] Emission de programme: Programme 729 (43000041006)
I> [29/05/2012 17:14:48] Emission de programme: Programme 732 (43000041006)
I> [29/05/2012 17:15:01] Emission de programme: Programme 733 (43000041006)
I> [29/05/2012 17:15:12] Emission de programme: Programme 734 (43000041006)
I> [29/05/2012 17:15:24] Emission de programme: Programme 771 (43000041006)
