I> [29/04/2014 04:51:33] Port activé avec succès.
I> [29/04/2014 11:08:32] Appel depuis la CN de: 07306003F F
I> [29/04/2014 11:08:36] Le programme appelé depuis la CN est trouvé: C:\machines\T32 Bis\Programmes\07306003F F.MZK
I> [29/04/2014 11:08:36] Programmes dans les fichiers demandés: Programme 26, Données d'outil
I> [29/04/2014 11:08:44] Emission de programme: Programme 26
I> [29/04/2014 11:08:49] Emission de programme: Données d'outil
I> [29/04/2014 11:10:06] Appel depuis la CN de: 07306003HF
E> [29/04/2014 11:10:11] N'a pu trouver le programme appelé depuis la CN: 07306003HF.MZK [Premier répertoire recherché : C:\machines\T32 Bis\Programmes]
E> [29/04/2014 11:10:12] N'a pu émettre le fichier. [Previous remote request failed.]
I> [29/04/2014 11:10:47] Appel depuis la CN de: 07306003H F
I> [29/04/2014 11:10:52] Le programme appelé depuis la CN est trouvé: C:\machines\T32 Bis\Programmes\MECAMARC\07306003H F.MZK
I> [29/04/2014 11:10:52] Programmes dans les fichiers demandés: Programme 978 (07306003H F)
I> [29/04/2014 11:11:02] Emission de programme: Programme 978 (07306003H F)
I> [29/04/2014 14:42:40] Appel depuis la CN de: 11270-55-01
I> [29/04/2014 14:42:54] Le programme appelé depuis la CN est trouvé: C:\machines\T32 Bis\Programmes\LA CALHENE\11270-55-01.MZK
I> [29/04/2014 14:42:54] Programmes dans les fichiers demandés: Programme 1438 (11270-55-01), Programme 1439 (11270-55-01), Programme 1440 (11270-55-01), Programme 1441 (11270-55-01)
I> [29/04/2014 14:42:58] Appel depuis la CN de: 11270-55-01
I> [29/04/2014 14:43:07] Emission de programme: Programme 1438 (11270-55-01)
I> [29/04/2014 14:44:45] Emission de programme: Programme 1439 (11270-55-01)
I> [29/04/2014 14:44:58] Emission de programme: Programme 1440 (11270-55-01)
I> [29/04/2014 14:45:21] Emission de programme: Programme 1441 (11270-55-01)
I> [29/04/2014 14:45:52] Le programme appelé depuis la CN est trouvé: C:\machines\T32 Bis\Programmes\LA CALHENE\11270-55-01.MZK
I> [29/04/2014 14:45:52] Programmes dans les fichiers demandés: Programme 1438 (11270-55-01), Programme 1439 (11270-55-01), Programme 1440 (11270-55-01), Programme 1441 (11270-55-01)
