I> [29/01/2008 05:44:17] Appel depuis la CN de: 2976836D
I> [29/01/2008 05:44:25] Le programme appelé depuis la CN est trouvé: C:\machines\T32 Bis\Programmes\2976836D.MZK
I> [29/01/2008 05:44:25] Programmes dans les fichiers demandés: Programme 42, Données d'outil, Programme 39, Données d'outil
I> [29/01/2008 05:44:29] Emission de programme: Programme 39
I> [29/01/2008 05:44:37] Emission de programme: Données d'outil
I> [29/01/2008 09:18:06] Réception: programme 126 (2976836D)
I> [29/01/2008 09:18:20] Réception: programme 129 (2976836D)
I> [29/01/2008 09:18:39] Fichier existant sauvegardé: C:\MACHINES\T32 BIS\SAUVEGARDES\2976836D_01.MZK
I> [29/01/2008 09:18:39] Fichier reçu: C:\machines\T32 Bis\Programmes\2976836D.MZK
I> [29/01/2008 09:18:39] Programmes dans les fichiers demandés: Programme 126 (2976836D), Programme 129 (2976836D)
I> [29/01/2008 11:11:37] Réception: programme 126 (2976836D)
I> [29/01/2008 11:11:50] Réception: programme 129 (2976836D)
I> [29/01/2008 11:12:10] Fichier reçu: C:\machines\T32 Bis\Programmes\2976836D.MZK
I> [29/01/2008 11:12:10] Programmes dans les fichiers demandés: Programme 126 (2976836D), Programme 129 (2976836D)
I> [29/01/2008 16:30:32] Réception: programme 127 (2976327D)
I> [29/01/2008 16:30:45] Réception: programme 130 (2976327D)
I> [29/01/2008 16:31:04] Fichier reçu: C:\machines\T32 Bis\Programmes\2976327D.MZK
I> [29/01/2008 16:31:04] Programmes dans les fichiers demandés: Programme 127 (2976327D), Programme 130 (2976327D)
I> [29/01/2008 16:31:15] Réception: programme 128 (2976325C)
I> [29/01/2008 16:31:28] Réception: programme 131 (2976325C)
I> [29/01/2008 16:31:47] Fichier reçu: C:\machines\T32 Bis\Programmes\2976325C.MZK
I> [29/01/2008 16:31:47] Programmes dans les fichiers demandés: Programme 128 (2976325C), Programme 131 (2976325C)
