I> [29/07/2016 04:49:49] Port activé avec succès.
I> [29/07/2016 10:18:21] Appel depuis la CN de: 112705501
I> [29/07/2016 10:18:26] Le programme appelé depuis la CN est trouvé: C:\machines\T32 Bis\Programmes\LA CALHENE\112705501.MZK
I> [29/07/2016 10:18:26] Programmes dans les fichiers demandés: Programme 1534 (112705501), Programme 1439 (112705501), Programme 1440 (112705501), Programme 1441 (112705501)
I> [29/07/2016 10:18:37] Emission de programme: Programme 1534 (112705501)
I> [29/07/2016 10:20:58] Appel depuis la CN de: 112705501
I> [29/07/2016 10:21:02] Le programme appelé depuis la CN est trouvé: C:\machines\T32 Bis\Programmes\LA CALHENE\112705501.MZK
I> [29/07/2016 10:21:03] Programmes dans les fichiers demandés: Programme 1534 (112705501), Programme 1439 (112705501), Programme 1440 (112705501), Programme 1441 (112705501)
I> [29/07/2016 10:21:12] Emission de programme: Programme 1534 (112705501)
I> [29/07/2016 10:22:31] Emission de programme: Programme 1439 (112705501)
I> [29/07/2016 10:22:43] Emission de programme: Programme 1440 (112705501)
I> [29/07/2016 10:25:05] Emission de programme: Programme 1440 (112705501)
I> [29/07/2016 10:25:28] Emission de programme: Programme 1441 (112705501)
I> [29/07/2016 11:03:07] Appel depuis la CN de: 11190 16 01
I> [29/07/2016 11:03:12] Le programme appelé depuis la CN est trouvé: C:\machines\T32 Bis\Programmes\LA CALHENE\11190 16 01.MZK
I> [29/07/2016 11:03:12] Programmes dans les fichiers demandés: Programme 1211 (11190 16 01), Programme 988 (11190 16 01), Programme 989 (11190 16 01), Programme 990 (11190 16 01), Programme 991 (11190 16 01)
I> [29/07/2016 11:03:20] Emission de programme: Programme 1211 (11190 16 01)
I> [29/07/2016 11:03:43] Emission de programme: Programme 988 (11190 16 01)
I> [29/07/2016 11:04:13] Emission de programme: Programme 989 (11190 16 01)
I> [29/07/2016 11:04:27] Emission de programme: Programme 990 (11190 16 01)
I> [29/07/2016 11:04:45] Emission de programme: Programme 991 (11190 16 01)
I> [29/07/2016 11:05:27] Emission de programme: Programme 991 (11190 16 01)
I> [29/07/2016 11:07:31] Réception: programme 1211 (11190 16 01)
I> [29/07/2016 11:07:54] Réception: programme 988 (11190 16 01)
I> [29/07/2016 11:08:24] Réception: programme 989 (11190 16 01)
I> [29/07/2016 11:08:38] Réception: programme 990 (11190 16 01)
I> [29/07/2016 11:08:56] Réception: programme 991 (11190 16 01)
I> [29/07/2016 11:09:31] Fichier reçu: C:\machines\T32 Bis\Programmes\11190 16 01.MZK
I> [29/07/2016 11:09:31] Programmes dans les fichiers demandés: Programme 1211 (11190 16 01), Programme 988 (11190 16 01), Programme 989 (11190 16 01), Programme 990 (11190 16 01), Programme 991 (11190 16 01)
