I> [29/01/2013 05:20:14] Port activé avec succès.
I> [29/01/2013 12:15:13] Appel depuis la CN de: 30270300201
I> [29/01/2013 12:15:18] Le programme appelé depuis la CN est trouvé: C:\machines\T32 Bis\Programmes\LA CALHENE\30270300201.MZK
I> [29/01/2013 12:15:18] Programmes dans les fichiers demandés: Programme 1389 (30270300201), Programme 1390 (30270300201), Programme 1393 (30270300201), Programme 1394 (30270300201)
I> [29/01/2013 12:15:40] Emission de programme: Programme 1389 (30270300201)
I> [29/01/2013 12:15:45] Emission de programme: Programme 1390 (30270300201)
I> [29/01/2013 12:15:57] Emission de programme: Programme 1393 (30270300201)
I> [29/01/2013 12:16:10] Emission de programme: Programme 1394 (30270300201)
I> [29/01/2013 13:03:02] Appel depuis la CN de: 30190300201
I> [29/01/2013 13:03:07] Le programme appelé depuis la CN est trouvé: C:\machines\T32 Bis\Programmes\LA CALHENE\30190300201.MZK
I> [29/01/2013 13:03:07] Programmes dans les fichiers demandés: Programme 1388 (30190300201), Programme 1391 (30190300201), Programme 1392 (30190300201), Programme 1394 (30270300201)
I> [29/01/2013 13:03:50] Emission de programme: Programme 1391 (30190300201)
I> [29/01/2013 13:04:00] Emission de programme: Programme 1392 (30190300201)
I> [29/01/2013 13:06:25] Réception: programme 1388 (30190300201)
I> [29/01/2013 13:06:29] Réception: programme 1391 (30190300201)
I> [29/01/2013 13:06:39] Réception: programme 1392 (30190300201)
I> [29/01/2013 13:06:51] Réception: programme 1395 (30190300201)
I> [29/01/2013 13:07:28] Fichier reçu: C:\machines\T32 Bis\Programmes\30190300201.MZK
I> [29/01/2013 13:07:28] Programmes dans les fichiers demandés: Programme 1388 (30190300201), Programme 1391 (30190300201), Programme 1392 (30190300201), Programme 1395 (30190300201)
I> [29/01/2013 13:08:29] Appel depuis la CN de: 30190300201
I> [29/01/2013 13:08:34] Le programme appelé depuis la CN est trouvé: C:\machines\T32 Bis\Programmes\LA CALHENE\30190300201.MZK
I> [29/01/2013 13:08:34] Programmes dans les fichiers demandés: Programme 1388 (30190300201), Programme 1391 (30190300201), Programme 1392 (30190300201), Programme 1395 (30190300201)
I> [29/01/2013 15:41:34] Réception: programme 1389 (30270300201)
I> [29/01/2013 15:41:40] Réception: programme 1390 (30270300201)
I> [29/01/2013 15:41:52] Réception: programme 1393 (30270300201)
I> [29/01/2013 15:42:05] Réception: programme 1394 (30270300201)
I> [29/01/2013 15:42:47] Fichier reçu: C:\machines\T32 Bis\Programmes\30270300201.MZK
I> [29/01/2013 15:42:47] Programmes dans les fichiers demandés: Programme 1389 (30270300201), Programme 1390 (30270300201), Programme 1393 (30270300201), Programme 1394 (30270300201)
