I> [29/01/2009 05:06:42] Port activé avec succès.
I> [29/01/2009 12:02:32] Réception: programme 459 (MB99433DA)
I> [29/01/2009 12:02:39] Réception: programme 460 (MB99433DA)
I> [29/01/2009 12:02:59] Réception: programme 461 (MB99433DA)
I> [29/01/2009 12:03:11] Réception: programme 462 (MB99433DA)
I> [29/01/2009 12:03:26] Fichier reçu: C:\machines\T32 Bis\Programmes\MB99433DA.MZK
I> [29/01/2009 12:03:27] Programmes dans les fichiers demandés: Programme 459 (MB99433DA), Programme 460 (MB99433DA), Programme 461 (MB99433DA), Programme 462 (MB99433DA)
I> [29/01/2009 16:07:18] Réception: programme 463 (583004010)
I> [29/01/2009 16:07:33] Réception: programme 464 (583004010)
I> [29/01/2009 16:07:50] Fichier reçu: C:\machines\T32 Bis\Programmes\583004010.MZK
I> [29/01/2009 16:07:50] Programmes dans les fichiers demandés: Programme 463 (583004010), Programme 464 (583004010)
I> [29/01/2009 16:31:36] Appel depuis la CN de: 3980149C
I> [29/01/2009 16:31:42] Le programme appelé depuis la CN est trouvé: C:\machines\T32 Bis\Programmes\FLOWSERVE\3980149C.MZK
I> [29/01/2009 16:31:42] Programmes dans les fichiers demandés: Programme 1025 (3980149C), Programme 1026 (3980149C), Programme 1075 (3980149C), Programme 1076 (3980149C)
I> [29/01/2009 16:31:56] Emission de programme: Programme 1025 (3980149C)
I> [29/01/2009 16:32:04] Emission de programme: Programme 1026 (3980149C)
I> [29/01/2009 16:32:13] Emission de programme: Programme 1075 (3980149C)
I> [29/01/2009 16:32:27] Emission de programme: Programme 1076 (3980149C)
I> [29/01/2009 16:42:26] Appel depuis la CN de: 3980149C
I> [29/01/2009 16:42:33] Le programme appelé depuis la CN est trouvé: C:\machines\T32 Bis\Programmes\3980149C.MZK
I> [29/01/2009 16:42:33] Programmes dans les fichiers demandés: Programme 19, Données d'outil, Programme 17, Données d'outil, Programme 24, Données d'outil, Programme 40, Données d'outil, Programme 27, Données d'outil, Programme 44, Données d'outil
I> [29/01/2009 16:43:33] Appel depuis la CN de: 3980149C
I> [29/01/2009 16:43:42] Le programme appelé depuis la CN est trouvé: C:\machines\T32 Bis\Programmes\3980149C.MZK
I> [29/01/2009 16:43:42] Programmes dans les fichiers demandés: Programme 19, Données d'outil, Programme 17, Données d'outil, Programme 24, Données d'outil, Programme 40, Données d'outil, Programme 27, Données d'outil, Programme 44, Données d'outil
I> [29/01/2009 16:43:44] Emission de programme: Programme 19
I> [29/01/2009 16:43:49] Emission de programme: Données d'outil
I> [29/01/2009 16:43:50] Emission de programme: Programme 17
I> [29/01/2009 16:43:54] Emission de programme: Données d'outil
I> [29/01/2009 16:43:55] Emission de programme: Programme 24
I> [29/01/2009 16:44:00] Emission de programme: Données d'outil
I> [29/01/2009 16:44:01] Emission de programme: Programme 40
I> [29/01/2009 16:44:09] Emission de programme: Données d'outil
I> [29/01/2009 16:44:11] Emission de programme: Programme 27
I> [29/01/2009 16:44:17] Emission de programme: Données d'outil
I> [29/01/2009 16:44:18] Emission de programme: Programme 44
I> [29/01/2009 16:44:27] Emission de programme: Données d'outil
I> [29/01/2009 20:52:53] Port activé avec succès.
