I> [29/09/2009 05:22:59] Port activé avec succès.
I> [29/09/2009 05:23:00] Appel depuis la CN de: 4802907A
E> [29/09/2009 05:23:07] N'a pu trouver le programme appelé depuis la CN: 4802907A.MZK [Premier répertoire recherché : C:\machines\T32 Bis\Programmes]
E> [29/09/2009 05:23:10] N'a pu émettre le fichier. [Previous remote request failed.]
I> [29/09/2009 05:23:24] Appel depuis la CN de: 4802907A
E> [29/09/2009 05:23:29] N'a pu trouver le programme appelé depuis la CN: 4802907A.MZK [Premier répertoire recherché : C:\machines\T32 Bis\Programmes]
E> [29/09/2009 05:23:30] N'a pu émettre le fichier. [Previous remote request failed.]
I> [29/09/2009 05:23:50] Appel depuis la CN de: 4802907A
E> [29/09/2009 05:23:54] N'a pu émettre le fichier. [Previous remote request failed.]
E> [29/09/2009 05:23:55] N'a pu trouver le programme appelé depuis la CN: 4802907A.MZK [Premier répertoire recherché : C:\machines\T32 Bis\Programmes]
I> [29/09/2009 05:24:15] Appel depuis la CN de: 4802907 A
E> [29/09/2009 05:24:19] N'a pu émettre le fichier. [Previous remote request failed.]
E> [29/09/2009 05:24:20] N'a pu trouver le programme appelé depuis la CN: 4802907 A.MZK [Premier répertoire recherché : C:\machines\T32 Bis\Programmes]
I> [29/09/2009 05:26:33] Appel depuis la CN de: 4802907A
I> [29/09/2009 05:26:39] Le programme appelé depuis la CN est trouvé: C:\machines\T32 Bis\Programmes\FLOWSERVE\4802907A.MZK
I> [29/09/2009 05:26:39] Programmes dans les fichiers demandés: Programme 4630 (4802907A), Programme 4632 (4802907A)
I> [29/09/2009 05:28:54] Emission de programme: Programme 4630 (4802907A)
I> [29/09/2009 05:29:06] Emission de programme: Programme 4632 (4802907A)
I> [29/09/2009 05:29:37] Appel depuis la CN de: 4802727B
I> [29/09/2009 05:29:44] Le programme appelé depuis la CN est trouvé: C:\machines\T32 Bis\Programmes\FLOWSERVE\4802727B.MZK
I> [29/09/2009 05:29:44] Programmes dans les fichiers demandés: Programme 4631 (4802727B), Programme 4633 (4802727B)
I> [29/09/2009 05:30:17] Appel depuis la CN de: 4802727B
I> [29/09/2009 05:30:24] Le programme appelé depuis la CN est trouvé: C:\machines\T32 Bis\Programmes\FLOWSERVE\4802727B.MZK
I> [29/09/2009 05:30:24] Programmes dans les fichiers demandés: Programme 4631 (4802727B), Programme 4633 (4802727B)
I> [29/09/2009 05:30:26] Emission de programme: Programme 4631 (4802727B)
I> [29/09/2009 05:30:37] Emission de programme: Programme 4633 (4802727B)
I> [29/09/2009 08:53:54] Réception: programme 84 (4802907A)
I> [29/09/2009 08:54:05] Réception: programme 85 (4802907A)
I> [29/09/2009 08:54:15] Fichier reçu: C:\machines\T32 Bis\Programmes\4802907A.MZK
I> [29/09/2009 08:54:15] Programmes dans les fichiers demandés: Programme 84 (4802907A), Programme 85 (4802907A)
I> [29/09/2009 08:54:28] Réception: programme 86 (4802727B)
I> [29/09/2009 08:54:40] Réception: programme 87 (4802727B)
I> [29/09/2009 08:54:49] Fichier reçu: C:\machines\T32 Bis\Programmes\4802727B.MZK
I> [29/09/2009 08:54:50] Programmes dans les fichiers demandés: Programme 86 (4802727B), Programme 87 (4802727B)
I> [29/09/2009 09:02:15] Appel depuis la CN de: 80D3198B
E> [29/09/2009 09:02:20] N'a pu trouver le programme appelé depuis la CN: 80D3198B.MZK [Premier répertoire recherché : C:\machines\T32 Bis\Programmes]
E> [29/09/2009 09:02:32] N'a pu émettre le fichier. [Previous remote request failed.]
I> [29/09/2009 09:02:45] Appel depuis la CN de: 80D3198B
E> [29/09/2009 09:02:50] N'a pu trouver le programme appelé depuis la CN: 80D3198B.MZK [Premier répertoire recherché : C:\machines\T32 Bis\Programmes]
E> [29/09/2009 09:02:51] N'a pu émettre le fichier. [Previous remote request failed.]
I> [29/09/2009 09:03:13] Appel depuis la CN de: 80D3198 B
E> [29/09/2009 09:03:18] N'a pu émettre le fichier. [Previous remote request failed.]
E> [29/09/2009 09:03:18] N'a pu trouver le programme appelé depuis la CN: 80D3198 B.MZK [Premier répertoire recherché : C:\machines\T32 Bis\Programmes]
I> [29/09/2009 09:05:24] Appel depuis la CN de: 80D3139B
I> [29/09/2009 09:05:29] Le programme appelé depuis la CN est trouvé: C:\machines\T32 Bis\Programmes\FLOWSERVE\80D3139B.MZK
I> [29/09/2009 09:05:29] Programmes dans les fichiers demandés: Programme 316 (80D3139B), Programme 317 (80D3139B), Programme 318 (80D3139B)
I> [29/09/2009 09:05:37] Emission de programme: Programme 316 (80D3139B)
I> [29/09/2009 09:05:46] Emission de programme: Programme 317 (80D3139B)
I> [29/09/2009 09:05:57] Emission de programme: Programme 318 (80D3139B)
