I> [29/07/2011 06:04:49] Port activé avec succès.
I> [29/07/2011 06:07:28] Appel depuis la CN de: 241003573
I> [29/07/2011 06:07:33] Le programme appelé depuis la CN est trouvé: C:\machines\T32 Bis\Programmes\ERCA FORMSEAL\241003573.MZK
I> [29/07/2011 06:07:33] Programmes dans les fichiers demandés: Programme 22, Données d'outil, Programme 15, Données d'outil
I> [29/07/2011 06:07:37] Emission de programme: Programme 22
I> [29/07/2011 06:07:42] Emission de programme: Données d'outil
I> [29/07/2011 06:07:43] Emission de programme: Programme 15
I> [29/07/2011 06:07:46] Emission de programme: Données d'outil
I> [29/07/2011 09:22:08] Réception: programme 1141 (E100001060)
I> [29/07/2011 09:22:21] Réception: programme 1142 (E100001060)
I> [29/07/2011 09:22:33] Fichier reçu: C:\machines\T32 Bis\Programmes\E100001060.MZK
I> [29/07/2011 09:22:33] Programmes dans les fichiers demandés: Programme 1141 (E100001060), Programme 1142 (E100001060)
I> [29/07/2011 09:24:49] Réception: programme 1142 (E100001060)
I> [29/07/2011 09:25:02] Réception: programme 1143 (E100001060)
I> [29/07/2011 09:25:13] Fichier existant sauvegardé: C:\MACHINES\T32 BIS\SAUVEGARDES\E100001060_01.MZK
I> [29/07/2011 09:25:13] Fichier reçu: C:\machines\T32 Bis\Programmes\E100001060.MZK
I> [29/07/2011 09:25:13] Programmes dans les fichiers demandés: Programme 1142 (E100001060), Programme 1143 (E100001060)
I> [29/07/2011 09:27:10] Appel depuis la CN de: E100001060
E> [29/07/2011 09:27:14] N'a pu émettre le fichier: C:\machines\T32 Bis\Programmes\E100001060.MZK [Le système ne peut pas lire le périphérique indiqué]
I> [29/07/2011 09:27:15] Le programme appelé depuis la CN est trouvé: C:\machines\T32 Bis\Programmes\ERCA FORMSEAL\E100001060.MZK
I> [29/07/2011 09:27:15] Programmes dans les fichiers demandés: Programme 1142 (E100001060), Programme 1143 (E100001060)
I> [29/07/2011 09:27:24] Appel depuis la CN de: E100001060
I> [29/07/2011 09:27:29] Le programme appelé depuis la CN est trouvé: C:\machines\T32 Bis\Programmes\ERCA FORMSEAL\E100001060.MZK
I> [29/07/2011 09:27:29] Programmes dans les fichiers demandés: Programme 1142 (E100001060), Programme 1143 (E100001060)
I> [29/07/2011 09:49:02] Appel depuis la CN de: 0361550 02
I> [29/07/2011 09:49:09] Le programme appelé depuis la CN est trouvé: C:\machines\T32 Bis\Programmes\MECABOR\0361550 02.MZK
I> [29/07/2011 09:49:09] Programmes dans les fichiers demandés: Programme 113 (0361550), Programme 114 (0361550)
I> [29/07/2011 09:49:18] Appel depuis la CN de: 0361550 02
I> [29/07/2011 09:49:25] Le programme appelé depuis la CN est trouvé: C:\machines\T32 Bis\Programmes\MECABOR\0361550 02.MZK
I> [29/07/2011 09:49:26] Programmes dans les fichiers demandés: Programme 113 (0361550), Programme 114 (0361550)
I> [29/07/2011 09:49:28] Emission de programme: Programme 113 (0361550)
I> [29/07/2011 09:49:47] Emission de programme: Programme 114 (0361550)
I> [29/07/2011 09:51:16] Appel depuis la CN de: 0361550
E> [29/07/2011 09:51:22] N'a pu trouver le programme appelé depuis la CN: 361550.MZK [Premier répertoire recherché : C:\machines\T32 Bis\Programmes]
I> [29/07/2011 09:51:38] Appel depuis la CN de: 0361550
E> [29/07/2011 09:51:43] N'a pu émettre le fichier. [Previous remote request failed.]
E> [29/07/2011 09:51:43] N'a pu trouver le programme appelé depuis la CN: 361550.MZK [Premier répertoire recherché : C:\machines\T32 Bis\Programmes]
I> [29/07/2011 09:51:55] Appel depuis la CN de: 0361550
E> [29/07/2011 09:51:59] N'a pu émettre le fichier. [Previous remote request failed.]
E> [29/07/2011 09:52:00] N'a pu trouver le programme appelé depuis la CN: 361550.MZK [Premier répertoire recherché : C:\machines\T32 Bis\Programmes]
I> [29/07/2011 09:53:06] Appel depuis la CN de: 0361550
E> [29/07/2011 09:53:11] N'a pu trouver le programme appelé depuis la CN: 361550.MZK [Premier répertoire recherché : C:\machines\T32 Bis\Programmes]
E> [29/07/2011 09:53:11] N'a pu émettre le fichier. [Previous remote request failed.]
I> [29/07/2011 09:53:54] Appel depuis la CN de: 0361550
E> [29/07/2011 09:53:58] N'a pu émettre le fichier. [Previous remote request failed.]
E> [29/07/2011 09:53:59] N'a pu trouver le programme appelé depuis la CN: 361550.MZK [Premier répertoire recherché : C:\machines\T32 Bis\Programmes]
