I> [29/10/2009 06:24:10] Port activé avec succès.
I> [29/10/2009 08:49:39] Réception: programme 715 (5999928AFOR)
I> [29/10/2009 08:49:47] Réception: programme 716 (5999928AFOR)
I> [29/10/2009 08:50:04] Réception: programme 717 (5999928AFOR)
I> [29/10/2009 08:50:19] Fichier reçu: C:\machines\T32 Bis\Programmes\5999928AFOR.MZK
I> [29/10/2009 08:50:19] Programmes dans les fichiers demandés: Programme 715 (5999928AFOR), Programme 716 (5999928AFOR), Programme 717 (5999928AFOR)
I> [29/10/2009 08:50:58] Appel depuis la CN de: 5999928A
I> [29/10/2009 08:51:05] Le programme appelé depuis la CN est trouvé: C:\machines\T32 Bis\Programmes\FLOWSERVE\5999928A.MZK
I> [29/10/2009 08:51:05] Programmes dans les fichiers demandés: Programme 186 (5999928A), Programme 191 (5999928A), Programme 715 (5999928A), Programme 716 (5999928A), Programme 192 (5999928A)
I> [29/10/2009 08:51:40] Emission de programme: Programme 192 (5999928A)
I> [29/10/2009 08:52:27] Réception: programme 186 (5999928A)
I> [29/10/2009 08:52:34] Réception: programme 191 (5999928A)
I> [29/10/2009 08:52:42] Réception: programme 192 (5999928A)
I> [29/10/2009 08:52:57] Fichier reçu: C:\machines\T32 Bis\Programmes\5999928A.MZK
I> [29/10/2009 08:52:57] Programmes dans les fichiers demandés: Programme 186 (5999928A), Programme 191 (5999928A), Programme 192 (5999928A)
I> [29/10/2009 08:53:05] Réception: programme 186 (5999928A)
I> [29/10/2009 08:53:12] Réception: programme 191 (5999928A)
I> [29/10/2009 08:53:19] Réception: programme 192 (5999928A)
I> [29/10/2009 08:53:35] Fichier existant sauvegardé: C:\MACHINES\T32 BIS\SAUVEGARDES\5999928A_02.MZK
I> [29/10/2009 08:53:35] Fichier reçu: C:\machines\T32 Bis\Programmes\5999928A.MZK
I> [29/10/2009 08:53:35] Programmes dans les fichiers demandés: Programme 186 (5999928A), Programme 191 (5999928A), Programme 192 (5999928A)
I> [29/10/2009 19:08:41] Appel depuis la CN de: 5999928AFOR
I> [29/10/2009 19:08:48] Le programme appelé depuis la CN est trouvé: C:\machines\T32 Bis\Programmes\FLOWSERVE\5999928AFOR.MZK
I> [29/10/2009 19:08:48] Programmes dans les fichiers demandés: Programme 715 (5999928AFOR), Programme 716 (5999928AFOR), Programme 717 (5999928AFOR)
I> [29/10/2009 19:09:26] Emission de programme: Programme 717 (5999928AFOR)
