I> [29/11/2010 04:55:00] Port activé avec succès.
I> [29/11/2010 05:17:55] Appel depuis la CN de: 2978653A
E> [29/11/2010 05:18:00] N'a pu trouver le programme appelé depuis la CN: 2978653A.MZK [Premier répertoire recherché : C:\machines\T32 Bis\Programmes]
E> [29/11/2010 05:18:02] N'a pu émettre le fichier. [Previous remote request failed.]
E> [29/11/2010 05:18:04] N'a pu émettre le fichier. [Previous remote request failed.]
I> [29/11/2010 05:18:25] Appel depuis la CN de: 2978653A-1
E> [29/11/2010 05:18:30] N'a pu émettre le fichier. [Previous remote request failed.]
E> [29/11/2010 05:18:30] N'a pu trouver le programme appelé depuis la CN: 2978653A-1.MZK [Premier répertoire recherché : C:\machines\T32 Bis\Programmes]
E> [29/11/2010 05:18:31] N'a pu émettre le fichier. [Previous remote request failed.]
E> [29/11/2010 05:18:31] N'a pu émettre le fichier. [Previous remote request failed.]
I> [29/11/2010 05:22:40] Appel depuis la CN de: 2978653A 3
I> [29/11/2010 05:22:45] Le programme appelé depuis la CN est trouvé: C:\machines\T32 Bis\Programmes\FLOWSERVE\2978653A 3.MZK
I> [29/11/2010 05:22:45] Programmes dans les fichiers demandés: Programme 164 (2978653A 3), Programme 169 (2978653A 3)
I> [29/11/2010 05:22:49] Emission de programme: Programme 164 (2978653A 3)
I> [29/11/2010 05:23:05] Emission de programme: Programme 169 (2978653A 3)
I> [29/11/2010 07:48:49] Appel depuis la CN de: 2976439D-1
I> [29/11/2010 07:48:54] Le programme appelé depuis la CN est trouvé: C:\machines\T32 Bis\Programmes\2976439D-1.MZK
I> [29/11/2010 07:48:54] Programmes dans les fichiers demandés: Programme 29, Données d'outil, Programme 43, Données d'outil
I> [29/11/2010 07:49:03] Emission de programme: Programme 29
I> [29/11/2010 07:49:09] Emission de programme: Données d'outil
I> [29/11/2010 07:49:10] Emission de programme: Programme 43
I> [29/11/2010 07:49:19] Emission de programme: Données d'outil
I> [29/11/2010 10:08:28] Appel depuis la CN de: 2976440F-2
E> [29/11/2010 10:08:36] Erreur de réception. [Format de fichier illégal]
E> [29/11/2010 10:08:40] N'a pu trouver le programme appelé depuis la CN: 2976440F-2.MZK [Premier répertoire recherché : C:\machines\T32 Bis\Programmes]
I> [29/11/2010 10:08:46] Appel depuis la CN de: 2976440F-2
E> [29/11/2010 10:08:51] N'a pu trouver le programme appelé depuis la CN: 2976440F-2.MZK [Premier répertoire recherché : C:\machines\T32 Bis\Programmes]
E> [29/11/2010 10:08:51] N'a pu émettre le fichier. [Previous remote request failed.]
E> [29/11/2010 10:08:53] N'a pu émettre le fichier. [Previous remote request failed.]
E> [29/11/2010 10:08:53] N'a pu émettre le fichier. [Previous remote request failed.]
I> [29/11/2010 10:12:55] Appel depuis la CN de: 2976440 F
E> [29/11/2010 10:12:59] N'a pu émettre le fichier. [Previous remote request failed.]
I> [29/11/2010 10:13:00] Le programme appelé depuis la CN est trouvé: C:\machines\T32 Bis\Programmes\2976440 F.MZK
I> [29/11/2010 10:13:00] Programmes dans les fichiers demandés: Programme 41, Données d'outil, Programme 283, Données d'outil
I> [29/11/2010 10:13:04] Emission de programme: Programme 41
I> [29/11/2010 10:13:12] Emission de programme: Données d'outil
I> [29/11/2010 10:13:14] Emission de programme: Programme 283
I> [29/11/2010 10:13:20] Emission de programme: Données d'outil
I> [29/11/2010 11:56:30] Appel depuis la CN de: 2976575C1
I> [29/11/2010 11:56:35] Le programme appelé depuis la CN est trouvé: C:\machines\T32 Bis\Programmes\2976575C1.MZK
I> [29/11/2010 11:56:35] Programmes dans les fichiers demandés: Programme 38, Données d'outil, Programme 287, Données d'outil
I> [29/11/2010 11:56:59] Emission de programme: Programme 38
I> [29/11/2010 11:57:07] Emission de programme: Données d'outil
I> [29/11/2010 11:57:08] Emission de programme: Programme 287
I> [29/11/2010 11:57:15] Emission de programme: Données d'outil
I> [29/11/2010 15:01:18] Appel depuis la CN de: 2977738B
I> [29/11/2010 15:01:29] Appel depuis la CN de: 2977738B
I> [29/11/2010 15:01:34] Le programme appelé depuis la CN est trouvé: C:\machines\T32 Bis\Programmes\FLOWSERVE\2977738B.MZK
I> [29/11/2010 15:01:34] Programmes dans les fichiers demandés: Programme 611 (2977738B), Programme 612 (2977738B)
I> [29/11/2010 15:01:39] Emission de programme: Programme 611 (2977738B)
I> [29/11/2010 15:02:16] Emission de programme: Programme 612 (2977738B)
