I> [30/03/2011 07:32:46] Port activé avec succès.
I> [30/03/2011 09:15:17] Appel depuis la CN de: 2976327D
I> [30/03/2011 09:15:22] Le programme appelé depuis la CN est trouvé: C:\machines\T32 Bis\Programmes\FLOWSERVE\2976327D.MZK
I> [30/03/2011 09:15:22] Programmes dans les fichiers demandés: Programme 127 (2976327D), Programme 130 (2976327D)
I> [30/03/2011 09:15:31] Emission de programme: Programme 127 (2976327D)
E> [30/03/2011 09:19:14] Transmission avortée. [Délai de réponse dépassé, interruption de la transmission]
I> [30/03/2011 16:15:44] Appel depuis la CN de: D70-D60-D50
I> [30/03/2011 16:15:48] Le programme appelé depuis la CN est trouvé: C:\machines\T32 Bis\Programmes\CRD\D70-D60-D50.MZK
I> [30/03/2011 16:15:48] Programmes dans les fichiers demandés: Programme 742 (D70-D60-D50), Programme 743 (D70-D60-D50)
I> [30/03/2011 16:15:53] Emission de programme: Programme 742 (D70-D60-D50)
I> [30/03/2011 16:16:00] Emission de programme: Programme 743 (D70-D60-D50)
I> [30/03/2011 16:17:47] Appel depuis la CN de: BAGUE BRONZ
I> [30/03/2011 16:17:52] Le programme appelé depuis la CN est trouvé: C:\machines\T32 Bis\Programmes\CRD\BAGUE BRONZ.MZK
I> [30/03/2011 16:17:52] Programmes dans les fichiers demandés: Programme 586 (BAGUE BRONZ)
I> [30/03/2011 16:17:55] Emission de programme: Programme 586 (BAGUE BRONZ)
I> [30/03/2011 20:01:32] Appel depuis la CN de: 3972949-3B
I> [30/03/2011 20:01:39] Le programme appelé depuis la CN est trouvé: C:\machines\T32 Bis\Programmes\3972949-3B.MZK
I> [30/03/2011 20:01:39] Programmes dans les fichiers demandés: Programme 94, Données d'outil, Programme 42, Données d'outil, Programme 273, Données d'outil
I> [30/03/2011 20:01:43] Emission de programme: Programme 94
I> [30/03/2011 20:02:01] Emission de programme: Données d'outil
I> [30/03/2011 20:02:02] Emission de programme: Programme 42
I> [30/03/2011 20:02:11] Emission de programme: Données d'outil
I> [30/03/2011 20:02:12] Emission de programme: Programme 273
I> [30/03/2011 20:02:16] Emission de programme: Données d'outil
