I> [30/09/2009 05:12:15] Port activé avec succès.
I> [30/09/2009 05:12:37] Appel depuis la CN de: 3980149C
I> [30/09/2009 05:12:42] Le programme appelé depuis la CN est trouvé: C:\machines\T32 Bis\Programmes\FLOWSERVE\3980149C.MZK
I> [30/09/2009 05:12:42] Programmes dans les fichiers demandés: Programme 1025 (3980149C), Programme 1026 (3980149C), Programme 1075 (3980149C), Programme 1076 (3980149C)
I> [30/09/2009 05:13:16] Appel depuis la CN de: 3980149C
I> [30/09/2009 05:13:22] Le programme appelé depuis la CN est trouvé: C:\machines\T32 Bis\Programmes\FLOWSERVE\3980149C.MZK
I> [30/09/2009 05:13:22] Programmes dans les fichiers demandés: Programme 1025 (3980149C), Programme 1026 (3980149C), Programme 1075 (3980149C), Programme 1076 (3980149C)
I> [30/09/2009 05:18:41] Emission de programme: Programme 1025 (3980149C)
I> [30/09/2009 05:18:50] Emission de programme: Programme 1026 (3980149C)
I> [30/09/2009 05:18:58] Emission de programme: Programme 1075 (3980149C)
I> [30/09/2009 05:19:12] Emission de programme: Programme 1076 (3980149C)
I> [30/09/2009 06:27:26] Appel depuis la CN de: 3980149C
I> [30/09/2009 06:27:33] Le programme appelé depuis la CN est trouvé: C:\machines\T32 Bis\Programmes\3980149C.MZK
I> [30/09/2009 06:27:33] Programmes dans les fichiers demandés: Programme 19, Données d'outil, Programme 17, Données d'outil, Programme 24, Données d'outil, Programme 40, Données d'outil, Programme 26, Données d'outil, Programme 41, Données d'outil
I> [30/09/2009 06:27:49] Appel depuis la CN de: 3980149C
I> [30/09/2009 06:27:56] Le programme appelé depuis la CN est trouvé: C:\machines\T32 Bis\Programmes\3980149C.MZK
I> [30/09/2009 06:27:56] Programmes dans les fichiers demandés: Programme 19, Données d'outil, Programme 17, Données d'outil, Programme 24, Données d'outil, Programme 40, Données d'outil, Programme 26, Données d'outil, Programme 41, Données d'outil
I> [30/09/2009 06:28:02] Emission de programme: Programme 19
I> [30/09/2009 06:28:06] Emission de programme: Données d'outil
I> [30/09/2009 06:28:07] Emission de programme: Programme 17
I> [30/09/2009 06:28:11] Emission de programme: Données d'outil
I> [30/09/2009 06:28:12] Emission de programme: Programme 24
I> [30/09/2009 06:28:17] Emission de programme: Données d'outil
I> [30/09/2009 06:28:19] Emission de programme: Programme 40
I> [30/09/2009 06:28:27] Emission de programme: Données d'outil
I> [30/09/2009 06:28:28] Emission de programme: Programme 26
I> [30/09/2009 06:28:34] Emission de programme: Données d'outil
I> [30/09/2009 06:28:35] Emission de programme: Programme 41
I> [30/09/2009 06:28:43] Emission de programme: Données d'outil
I> [30/09/2009 16:54:01] Réception: programme 465 (3980149C)
I> [30/09/2009 16:54:13] Réception: programme 683 (3980149C)
I> [30/09/2009 16:54:22] Réception: programme 1075 (3980149C)
I> [30/09/2009 16:54:36] Réception: programme 1076 (3980149C)
I> [30/09/2009 16:54:54] Fichier reçu: C:\machines\T32 Bis\Programmes\3980149C.MZK
I> [30/09/2009 16:54:54] Programmes dans les fichiers demandés: Programme 465 (3980149C), Programme 683 (3980149C), Programme 1075 (3980149C), Programme 1076 (3980149C)
