I> [30/06/2010 06:23:03] Port activé avec succès.
I> [30/06/2010 06:23:30] Réception: programme 892 (MC99494DA)
I> [30/06/2010 06:23:53] Réception: programme 894 (MC99494DA)
I> [30/06/2010 06:24:16] Fichier reçu: C:\machines\T32 Bis\Programmes\MC99494DA.MZK
I> [30/06/2010 06:24:16] Programmes dans les fichiers demandés: Programme 892 (MC99494DA), Programme 894 (MC99494DA)
I> [30/06/2010 06:26:44] Appel depuis la CN de: MC99494DA
I> [30/06/2010 06:26:50] Le programme appelé depuis la CN est trouvé: C:\machines\T32 Bis\Programmes\FLOWSERVE\MC99494DA.MZK
I> [30/06/2010 06:26:50] Programmes dans les fichiers demandés: Programme 892 (MC99494DA), Programme 894 (MC99494DA)
I> [30/06/2010 08:08:44] Appel depuis la CN de: T1458C
I> [30/06/2010 08:08:50] Le programme appelé depuis la CN est trouvé: C:\machines\T32 Bis\Programmes\T1458C.MZK
I> [30/06/2010 08:08:50] Programmes dans les fichiers demandés: Programme 27, Données d'outil
I> [30/06/2010 08:11:08] Emission de programme: Programme 27
I> [30/06/2010 08:11:13] Emission de programme: Données d'outil
I> [30/06/2010 08:15:35] Appel depuis la CN de: T1290C
I> [30/06/2010 08:15:41] Le programme appelé depuis la CN est trouvé: C:\machines\T32 Bis\Programmes\T1290C.MZK
I> [30/06/2010 08:15:41] Programmes dans les fichiers demandés: Programme 32, Données d'outil, Programme 273, Données d'outil
I> [30/06/2010 08:16:12] Emission de programme: Programme 32
I> [30/06/2010 08:16:19] Emission de programme: Données d'outil
I> [30/06/2010 08:16:20] Emission de programme: Programme 273
I> [30/06/2010 08:16:24] Emission de programme: Données d'outil
