I> [30/05/2008 08:21:49] Réception: programme 277 (2981096C)
I> [30/05/2008 08:22:01] Réception: programme 278 (2981096C)
I> [30/05/2008 08:22:12] Fichier reçu: C:\machines\T32 Bis\Programmes\2981096C.MZK
I> [30/05/2008 08:22:12] Programmes dans les fichiers demandés: Programme 277 (2981096C), Programme 278 (2981096C)
I> [30/05/2008 08:29:17] Réception: programme 274 (4803518A)
I> [30/05/2008 08:29:26] Réception: programme 275 (4803518A)
I> [30/05/2008 08:29:41] Fichier reçu: C:\machines\T32 Bis\Programmes\4803518A.MZK
I> [30/05/2008 08:29:41] Programmes dans les fichiers demandés: Programme 274 (4803518A), Programme 275 (4803518A)
I> [30/05/2008 12:33:31] Réception: programme 279 (81C1014B)
I> [30/05/2008 12:33:39] Réception: programme 280 (81C1014B)
I> [30/05/2008 12:33:50] Fichier reçu: C:\machines\T32 Bis\Programmes\81C1014B.MZK
I> [30/05/2008 12:33:50] Programmes dans les fichiers demandés: Programme 279 (81C1014B), Programme 280 (81C1014B)
I> [30/05/2008 12:41:45] Appel depuis la CN de: 0361550
I> [30/05/2008 12:41:58] Appel depuis la CN de: 0361550
E> [30/05/2008 12:42:04] N'a pu trouver le programme appelé depuis la CN: 361550.MZK [Premier répertoire recherché : C:\machines\T32 Bis\Programmes]
E> [30/05/2008 12:42:04] N'a pu émettre le fichier. [Previous remote request failed.]
E> [30/05/2008 12:42:08] N'a pu émettre le fichier. [Previous remote request failed.]
I> [30/05/2008 12:42:15] Appel depuis la CN de: 0361550
E> [30/05/2008 12:42:20] N'a pu trouver le programme appelé depuis la CN: 361550.MZK [Premier répertoire recherché : C:\machines\T32 Bis\Programmes]
E> [30/05/2008 12:42:20] N'a pu émettre le fichier. [Previous remote request failed.]
E> [30/05/2008 12:42:23] N'a pu émettre le fichier. [Previous remote request failed.]
I> [30/05/2008 12:43:55] Appel depuis la CN de: 0361550 02
E> [30/05/2008 12:44:00] N'a pu émettre le fichier. [Previous remote request failed.]
I> [30/05/2008 12:44:01] Le programme appelé depuis la CN est trouvé: C:\machines\T32 Bis\Programmes\MECABOR\0361550 02.MZK
I> [30/05/2008 12:44:01] Programmes dans les fichiers demandés: Programme 113 (0361550), Programme 114 (0361550)
I> [30/05/2008 12:44:12] Emission de programme: Programme 113 (0361550)
I> [30/05/2008 12:44:29] Emission de programme: Programme 114 (0361550)
