I> [30/06/2011 06:15:21] Port activé avec succès.
I> [30/06/2011 08:34:10] Appel depuis la CN de: GI 310
E> [30/06/2011 08:34:14] N'a pu émettre le fichier: C:\machines\T32 Bis\Programmes\2976518A.MZK [Le système ne peut pas lire le périphérique indiqué]
I> [30/06/2011 08:34:15] Le programme appelé depuis la CN est trouvé: C:\machines\T32 Bis\Programmes\GI 310.MZK
I> [30/06/2011 08:34:15] Programmes dans les fichiers demandés: Programme 14, Données d'outil, Programme 15, Données d'outil, Programme 40, Données d'outil, Programme 38, Données d'outil, Programme 32, Données d'outil, Programme 32, Données d'outil
I> [30/06/2011 08:35:20] Appel depuis la CN de: GI 310
I> [30/06/2011 08:35:27] Le programme appelé depuis la CN est trouvé: C:\machines\T32 Bis\Programmes\GI 310.MZK
I> [30/06/2011 08:35:28] Programmes dans les fichiers demandés: Programme 14, Données d'outil, Programme 15, Données d'outil, Programme 40, Données d'outil, Programme 38, Données d'outil, Programme 32, Données d'outil, Programme 32, Données d'outil
I> [30/06/2011 08:36:09] Appel depuis la CN de: GI 310
I> [30/06/2011 08:36:16] Le programme appelé depuis la CN est trouvé: C:\machines\T32 Bis\Programmes\GI 310.MZK
I> [30/06/2011 08:36:16] Programmes dans les fichiers demandés: Programme 14, Données d'outil, Programme 15, Données d'outil, Programme 40, Données d'outil, Programme 38, Données d'outil, Programme 32, Données d'outil, Programme 32, Données d'outil
I> [30/06/2011 08:36:23] Emission de programme: Programme 14
I> [30/06/2011 08:36:26] Emission de programme: Données d'outil
I> [30/06/2011 08:36:27] Emission de programme: Programme 15
I> [30/06/2011 08:36:31] Emission de programme: Données d'outil
I> [30/06/2011 08:36:32] Emission de programme: Programme 40
I> [30/06/2011 08:36:40] Emission de programme: Données d'outil
I> [30/06/2011 08:36:41] Emission de programme: Programme 38
I> [30/06/2011 08:36:49] Emission de programme: Données d'outil
I> [30/06/2011 08:36:50] Emission de programme: Programme 32
I> [30/06/2011 08:36:57] Emission de programme: Données d'outil
I> [30/06/2011 08:36:58] Emission de programme: Programme 32
I> [30/06/2011 08:37:05] Emission de programme: Données d'outil
I> [30/06/2011 17:33:26] Réception: programme 1117 (GI 310)
I> [30/06/2011 17:33:40] Réception: programme 1118 (GI 310)
I> [30/06/2011 17:33:51] Fichier reçu: C:\machines\T32 Bis\Programmes\GI 310.MZK
I> [30/06/2011 17:33:51] Programmes dans les fichiers demandés: Programme 1117 (GI 310), Programme 1118 (GI 310)
I> [30/06/2011 17:39:36] Appel depuis la CN de: 1126805205A
I> [30/06/2011 17:40:37] Appel depuis la CN de: 1126805205A
I> [30/06/2011 17:40:46] Appel depuis la CN de: 1126805205A
I> [30/06/2011 17:40:51] Le programme appelé depuis la CN est trouvé: C:\machines\T32 Bis\Programmes\1126805205A.MZK
I> [30/06/2011 17:40:51] Programmes dans les fichiers demandés: Programme 11, Données d'outil, Programme 11, Données d'outil, Programme 6, Données d'outil, Programme 21, Données d'outil, Programme 15, Données d'outil, Programme 33, Données d'outil, Programme 38, Données d'outil, Programme 10, Données d'outil, Programme 6, Données d'outil
I> [30/06/2011 17:41:09] Emission de programme: Programme 6
I> [30/06/2011 17:41:11] Emission de programme: Données d'outil
