I> [30/04/2010 06:52:10] Port activé avec succès.
I> [30/04/2010 06:52:32] Réception: programme 831 (DCM075)
I> [30/04/2010 06:52:47] Réception: programme 832 (DCM075)
I> [30/04/2010 06:53:02] Réception: programme 837 (DCM075)
I> [30/04/2010 06:53:25] Réception: programme 838 (DCM075)
I> [30/04/2010 06:53:48] Fichier reçu: C:\machines\T32 Bis\Programmes\DCM075.MZK
I> [30/04/2010 06:53:48] Programmes dans les fichiers demandés: Programme 831 (DCM075), Programme 832 (DCM075), Programme 837 (DCM075), Programme 838 (DCM075)
I> [30/04/2010 13:59:43] Appel depuis la CN de: DCM075
E> [30/04/2010 13:59:48] N'a pu émettre le fichier: C:\machines\T32 Bis\Programmes\DCM075.MZK [Le système ne peut pas lire le périphérique indiqué]
I> [30/04/2010 13:59:49] Le programme appelé depuis la CN est trouvé: C:\machines\T32 Bis\Programmes\MECAMARC\DCM075.MZK
I> [30/04/2010 13:59:49] Programmes dans les fichiers demandés: Programme 831 (DCM075), Programme 832 (DCM075), Programme 837 (DCM075), Programme 838 (DCM075)
I> [30/04/2010 14:01:11] Appel depuis la CN de: V16436B
I> [30/04/2010 14:01:16] Le programme appelé depuis la CN est trouvé: C:\machines\T32 Bis\Programmes\V16436B.MZK
I> [30/04/2010 14:01:16] Programmes dans les fichiers demandés: Programme 261, Données d'outil, Programme 263, Données d'outil, Programme 295, Données d'outil, Programme 265, Données d'outil, Programme 33, Données d'outil
I> [30/04/2010 14:01:29] Emission de programme: Programme 261
I> [30/04/2010 14:01:31] Emission de programme: Données d'outil
I> [30/04/2010 14:01:32] Emission de programme: Programme 263
I> [30/04/2010 14:01:34] Emission de programme: Données d'outil
I> [30/04/2010 14:01:35] Emission de programme: Programme 295
I> [30/04/2010 14:01:43] Emission de programme: Données d'outil
I> [30/04/2010 14:01:44] Emission de programme: Programme 265
I> [30/04/2010 14:01:47] Emission de programme: Données d'outil
I> [30/04/2010 14:01:48] Emission de programme: Programme 33
I> [30/04/2010 14:01:55] Emission de programme: Données d'outil
E> [30/04/2010 14:09:27] Transmission avortée. [Délai de réponse dépassé, interruption de la transmission]
