I> [30/05/2013 05:05:24] Port activé avec succès.
I> [30/05/2013 07:57:18] Réception: programme 1474 (4000 14 12)
I> [30/05/2013 07:57:23] Réception: programme 1475 (4000 14 12)
I> [30/05/2013 07:57:35] Fichier reçu: C:\machines\T32 Bis\Programmes\4000 14 12.MZK
I> [30/05/2013 07:57:35] Programmes dans les fichiers demandés: Programme 1474 (4000 14 12), Programme 1475 (4000 14 12)
I> [30/05/2013 08:05:32] Appel depuis la CN de: 11190 16 01
I> [30/05/2013 08:05:37] Le programme appelé depuis la CN est trouvé: C:\machines\T32 Bis\Programmes\LA CALHENE\11190 16 01.MZK
I> [30/05/2013 08:05:37] Programmes dans les fichiers demandés: Programme 1211 (11190 16 01), Programme 988 (11190 16 01), Programme 989 (11190 16 01), Programme 990 (11190 16 01), Programme 991 (11190 16 01)
I> [30/05/2013 08:05:49] Emission de programme: Programme 1211 (11190 16 01)
I> [30/05/2013 08:06:12] Emission de programme: Programme 988 (11190 16 01)
I> [30/05/2013 08:06:42] Emission de programme: Programme 989 (11190 16 01)
I> [30/05/2013 08:06:56] Emission de programme: Programme 990 (11190 16 01)
I> [30/05/2013 08:07:06] Emission de programme: Programme 991 (11190 16 01)
I> [30/05/2013 08:25:52] Réception: programme 1211 (11190 16 01)
I> [30/05/2013 08:26:15] Réception: programme 988 (11190 16 01)
I> [30/05/2013 08:26:45] Réception: programme 989 (11190 16 01)
I> [30/05/2013 08:26:59] Réception: programme 990 (11190 16 01)
I> [30/05/2013 08:27:10] Réception: programme 991 (11190 16 01)
I> [30/05/2013 08:27:35] Fichier reçu: C:\machines\T32 Bis\Programmes\11190 16 01.MZK
I> [30/05/2013 08:27:35] Programmes dans les fichiers demandés: Programme 1211 (11190 16 01), Programme 988 (11190 16 01), Programme 989 (11190 16 01), Programme 990 (11190 16 01), Programme 991 (11190 16 01)
I> [30/05/2013 08:51:21] Appel depuis la CN de: 111900801J
I> [30/05/2013 08:51:27] Le programme appelé depuis la CN est trouvé: C:\machines\T32 Bis\Programmes\LA CALHENE\111900801J.MZK
I> [30/05/2013 08:51:27] Programmes dans les fichiers demandés: Programme 1450 (111900801J), Programme 1451 (111900801J), Programme 1452 (111900801J)
I> [30/05/2013 08:51:41] Appel depuis la CN de: 111900801J
I> [30/05/2013 08:51:46] Le programme appelé depuis la CN est trouvé: C:\machines\T32 Bis\Programmes\LA CALHENE\111900801J.MZK
I> [30/05/2013 08:51:46] Programmes dans les fichiers demandés: Programme 1450 (111900801J), Programme 1451 (111900801J), Programme 1452 (111900801J)
I> [30/05/2013 08:51:51] Emission de programme: Programme 1450 (111900801J)
I> [30/05/2013 08:52:14] Emission de programme: Programme 1451 (111900801J)
I> [30/05/2013 08:52:44] Emission de programme: Programme 1452 (111900801J)
