I> [30/09/2008 06:09:20] Port activé avec succès.
I> [30/09/2008 10:00:24] Appel depuis la CN de: BA303
E> [30/09/2008 10:00:29] N'a pu trouver le programme appelé depuis la CN: BA303.MZK [Premier répertoire recherché : C:\machines\T32 Bis\Programmes]
E> [30/09/2008 10:00:34] N'a pu émettre le fichier. [Previous remote request failed.]
I> [30/09/2008 10:01:51] Appel depuis la CN de: BA 303
I> [30/09/2008 10:01:55] Le programme appelé depuis la CN est trouvé: C:\machines\T32 Bis\Programmes\MECAMARC\BA 303.MZK
I> [30/09/2008 10:01:55] Programmes dans les fichiers demandés: Programme 222 (BA 303), Programme 223 (BA 303), Programme 224 (BA 303), Programme 225 (BA 303), Programme 226 (BA 303), Programme 371 (BA 303), Programme 372 (BA 303), Programme 373 (BA 303)
I> [30/09/2008 10:03:33] Emission de programme: Programme 373 (BA 303)
I> [30/09/2008 16:32:09] Réception: programme 377 (2973964B 3)
I> [30/09/2008 16:32:34] Réception: programme 378 (2973964B 3)
I> [30/09/2008 16:33:00] Fichier reçu: C:\machines\T32 Bis\Programmes\2973964B 3.MZK
I> [30/09/2008 16:33:00] Programmes dans les fichiers demandés: Programme 377 (2973964B 3), Programme 378 (2973964B 3)
I> [30/09/2008 16:39:30] Appel depuis la CN de: 3971874G-3
I> [30/09/2008 16:39:58] Le programme appelé depuis la CN est trouvé: C:\machines\T32 Bis\Programmes\FLOWSERVE\3971874G-3.MZK
I> [30/09/2008 16:39:58] Programmes dans les fichiers demandés: Programme 245 (3971874G-3), Programme 246 (3971874G-3)
I> [30/09/2008 16:40:05] Appel depuis la CN de: 3971874G-3
I> [30/09/2008 16:40:10] Le programme appelé depuis la CN est trouvé: C:\machines\T32 Bis\Programmes\FLOWSERVE\3971874G-3.MZK
I> [30/09/2008 16:40:10] Programmes dans les fichiers demandés: Programme 245 (3971874G-3), Programme 246 (3971874G-3)
I> [30/09/2008 16:40:21] Emission de programme: Programme 245 (3971874G-3)
I> [30/09/2008 16:40:39] Emission de programme: Programme 246 (3971874G-3)
I> [30/09/2008 20:52:30] Port activé avec succès.
