I> [30/03/2009 08:30:12] Port activé avec succès.
I> [30/03/2009 16:14:22] Réception: programme 527 (2976443D 1)
I> [30/03/2009 16:14:32] Réception: programme 528 (2976443D 1)
I> [30/03/2009 16:15:06] Réception: programme 529 (2976443D 1)
I> [30/03/2009 16:15:37] Fichier existant sauvegardé: C:\MACHINES\T32 BIS\SAUVEGARDES\2976443D 1_01.MZK
I> [30/03/2009 16:15:37] Fichier reçu: C:\machines\T32 Bis\Programmes\2976443D 1.MZK
I> [30/03/2009 16:15:37] Programmes dans les fichiers demandés: Programme 527 (2976443D 1), Programme 528 (2976443D 1), Programme 529 (2976443D 1)
I> [30/03/2009 16:17:25] Appel depuis la CN de: 2976443D 1
E> [30/03/2009 16:17:31] N'a pu émettre le fichier: C:\machines\T32 Bis\Programmes\2976443D 1.MZK [Le système ne peut pas lire le périphérique indiqué]
I> [30/03/2009 16:17:32] Le programme appelé depuis la CN est trouvé: C:\machines\T32 Bis\Programmes\FLOWSERVE\2976443D 1.MZK
I> [30/03/2009 16:17:32] Programmes dans les fichiers demandés: Programme 527 (2976443D 1), Programme 528 (2976443D 1), Programme 529 (2976443D 1)
I> [30/03/2009 16:17:37] Appel depuis la CN de: 2976443D 1
I> [30/03/2009 16:17:43] Le programme appelé depuis la CN est trouvé: C:\machines\T32 Bis\Programmes\FLOWSERVE\2976443D 1.MZK
I> [30/03/2009 16:17:43] Programmes dans les fichiers demandés: Programme 527 (2976443D 1), Programme 528 (2976443D 1), Programme 529 (2976443D 1)
I> [30/03/2009 19:19:50] Réception: programme 526 (2976442D)
I> [30/03/2009 19:20:27] Réception: programme 530 (2976442D)
I> [30/03/2009 19:20:57] Fichier reçu: C:\machines\T32 Bis\Programmes\2976442D.MZK
I> [30/03/2009 19:20:57] Programmes dans les fichiers demandés: Programme 526 (2976442D), Programme 530 (2976442D)
I> [30/03/2009 19:22:24] Appel depuis la CN de: 2972442D
E> [30/03/2009 19:22:30] N'a pu émettre le fichier: C:\machines\T32 Bis\Programmes\2976442D.MZK [Le système ne peut pas lire le périphérique indiqué]
E> [30/03/2009 19:22:31] N'a pu trouver le programme appelé depuis la CN: 2972442D.MZK [Premier répertoire recherché : C:\machines\T32 Bis\Programmes]
I> [30/03/2009 19:22:36] Appel depuis la CN de: 2972442D
E> [30/03/2009 19:22:43] N'a pu trouver le programme appelé depuis la CN: 2972442D.MZK [Premier répertoire recherché : C:\machines\T32 Bis\Programmes]
E> [30/03/2009 19:22:59] N'a pu émettre le fichier. [Previous remote request failed.]
I> [30/03/2009 19:23:21] Appel depuis la CN de: 2976442D
E> [30/03/2009 19:23:27] N'a pu émettre le fichier. [Previous remote request failed.]
I> [30/03/2009 19:23:27] Le programme appelé depuis la CN est trouvé: C:\machines\T32 Bis\Programmes\FLOWSERVE\2976442D.MZK
I> [30/03/2009 19:23:27] Programmes dans les fichiers demandés: Programme 526 (2976442D), Programme 530 (2976442D)
I> [30/03/2009 19:23:35] Appel depuis la CN de: 2976442D
I> [30/03/2009 19:23:44] Le programme appelé depuis la CN est trouvé: C:\machines\T32 Bis\Programmes\FLOWSERVE\2976442D.MZK
I> [30/03/2009 19:23:44] Programmes dans les fichiers demandés: Programme 526 (2976442D), Programme 530 (2976442D)
I> [30/03/2009 19:38:14] Appel depuis la CN de: 2976863C
I> [30/03/2009 19:38:20] Le programme appelé depuis la CN est trouvé: C:\machines\T32 Bis\Programmes\FLOWSERVE\2976863C.MZK
I> [30/03/2009 19:38:20] Programmes dans les fichiers demandés: Programme 434 (2976863C), Programme 438 (2976863C)
I> [30/03/2009 19:38:25] Emission de programme: Programme 434 (2976863C)
I> [30/03/2009 19:38:41] Emission de programme: Programme 438 (2976863C)
