I> [30/09/2011 05:06:20] Port activé avec succès.
I> [30/09/2011 06:57:22] Appel depuis la CN de: 4994115B
I> [30/09/2011 06:57:27] Le programme appelé depuis la CN est trouvé: C:\machines\T32 Bis\Programmes\FLOWSERVE\4994115B.MZK
I> [30/09/2011 06:57:27] Programmes dans les fichiers demandés: Programme 823 (4994115B), Programme 826 (4994115B)
I> [30/09/2011 06:59:56] Appel depuis la CN de: 4802727A
E> [30/09/2011 07:00:01] N'a pu trouver le programme appelé depuis la CN: 4802727A.MZK [Premier répertoire recherché : C:\machines\T32 Bis\Programmes]
E> [30/09/2011 07:00:08] N'a pu émettre le fichier. [Previous remote request failed.]
I> [30/09/2011 07:00:28] Appel depuis la CN de: 4802727A
E> [30/09/2011 07:00:33] N'a pu trouver le programme appelé depuis la CN: 4802727A.MZK [Premier répertoire recherché : C:\machines\T32 Bis\Programmes]
E> [30/09/2011 07:00:35] N'a pu émettre le fichier. [Previous remote request failed.]
I> [30/09/2011 07:02:01] Appel depuis la CN de: 4802727B
I> [30/09/2011 07:02:05] Le programme appelé depuis la CN est trouvé: C:\machines\T32 Bis\Programmes\FLOWSERVE\4802727B.MZK
I> [30/09/2011 07:02:05] Programmes dans les fichiers demandés: Programme 86 (4802727B), Programme 87 (4802727B), Programme 836 (4802727B)
I> [30/09/2011 07:02:12] Emission de programme: Programme 86 (4802727B)
I> [30/09/2011 07:02:24] Emission de programme: Programme 87 (4802727B)
I> [30/09/2011 07:02:32] Emission de programme: Programme 836 (4802727B)
I> [30/09/2011 09:51:24] Réception: programme 1173 (225012)
I> [30/09/2011 09:51:36] Réception: programme 1174 (225012)
I> [30/09/2011 09:51:46] Fichier reçu: C:\machines\T32 Bis\Programmes\225012.MZK
I> [30/09/2011 09:51:46] Programmes dans les fichiers demandés: Programme 1173 (225012), Programme 1174 (225012)
I> [30/09/2011 10:06:15] Appel depuis la CN de: 2975420A
I> [30/09/2011 10:06:20] Le programme appelé depuis la CN est trouvé: C:\machines\T32 Bis\Programmes\2975420A.MZK
I> [30/09/2011 10:06:20] Programmes dans les fichiers demandés: Programme 79, Données d'outil, Programme 74, Données d'outil, Programme 12, Données d'outil
I> [30/09/2011 10:06:26] Emission de programme: Programme 79
I> [30/09/2011 10:06:41] Emission de programme: Données d'outil
I> [30/09/2011 10:06:43] Emission de programme: Programme 74
I> [30/09/2011 10:06:57] Emission de programme: Données d'outil
I> [30/09/2011 10:06:58] Emission de programme: Programme 12
I> [30/09/2011 10:07:01] Emission de programme: Données d'outil
I> [30/09/2011 15:45:56] Appel depuis la CN de: 30190300101
I> [30/09/2011 15:46:01] Le programme appelé depuis la CN est trouvé: C:\machines\T32 Bis\Programmes\LA CALHENE\30190300101.MZK
I> [30/09/2011 15:46:01] Programmes dans les fichiers demandés: Programme 776 (30190300101), Programme 777 (30190300101), Programme 65 (30190300101), Programme 66 (30190300101), Programme 69 (30190300101), Programme 75 (30190300101)
I> [30/09/2011 15:46:12] Emission de programme: Programme 776 (30190300101)
