I> [30/01/2012 06:28:19] Port activé avec succès.
I> [30/01/2012 06:28:21] Appel depuis la CN de: 11270-01-01
E> [30/01/2012 06:28:25] N'a pu émettre le fichier: C:\machines\T32 Bis\Programmes\81B0004 E.MZK [Le système ne peut pas lire le périphérique indiqué]
I> [30/01/2012 06:28:26] Le programme appelé depuis la CN est trouvé: C:\machines\T32 Bis\Programmes\LA CALHENE\11270-01-01.MZK
I> [30/01/2012 06:28:26] Programmes dans les fichiers demandés: Programme 1004 (11270-01-01), Programme 1005 (11270-01-01), Programme 739 (11270-01-01)
I> [30/01/2012 06:28:39] Emission de programme: Programme 739 (11270-01-01)
I> [30/01/2012 18:33:31] Appel depuis la CN de: 2976836D
I> [30/01/2012 18:33:36] Le programme appelé depuis la CN est trouvé: C:\machines\T32 Bis\Programmes\FLOWSERVE\2976836D.MZK
I> [30/01/2012 18:33:36] Programmes dans les fichiers demandés: Programme 126 (2976836D), Programme 129 (2976836D)
I> [30/01/2012 18:35:48] Emission de programme: Programme 126 (2976836D)
I> [30/01/2012 18:36:04] Emission de programme: Programme 129 (2976836D)
I> [30/01/2012 18:37:35] Appel depuis la CN de: 2976841D
I> [30/01/2012 18:37:39] Le programme appelé depuis la CN est trouvé: C:\machines\T32 Bis\Programmes\FLOWSERVE\2976841D.MZK
I> [30/01/2012 18:37:39] Programmes dans les fichiers demandés: Programme 126 (2976841D), Programme 163 (2976841D)
I> [30/01/2012 18:38:26] Emission de programme: Programme 126 (2976841D)
I> [30/01/2012 18:38:42] Emission de programme: Programme 163 (2976841D)
I> [30/01/2012 18:41:17] Appel depuis la CN de: 2976864D
I> [30/01/2012 18:41:22] Le programme appelé depuis la CN est trouvé: C:\machines\T32 Bis\Programmes\FLOWSERVE\2976864D.MZK
I> [30/01/2012 18:41:22] Programmes dans les fichiers demandés: Programme 435 (2976864D), Programme 437 (2976864D)
I> [30/01/2012 18:41:32] Emission de programme: Programme 435 (2976864D)
I> [30/01/2012 18:41:50] Emission de programme: Programme 437 (2976864D)
I> [30/01/2012 18:43:01] Appel depuis la CN de: 2976835D
I> [30/01/2012 18:43:06] Le programme appelé depuis la CN est trouvé: C:\machines\T32 Bis\Programmes\FLOWSERVE\2976835D.MZK
I> [30/01/2012 18:43:06] Programmes dans les fichiers demandés: Programme 50 (2976835D), Programme 51 (2976835D)
I> [30/01/2012 18:43:24] Emission de programme: Programme 50 (2976835D)
I> [30/01/2012 18:43:35] Emission de programme: Programme 51 (2976835D)
