I> [30/10/2012 04:59:54] Port activé avec succès.
I> [30/10/2012 05:13:59] Appel depuis la CN de: 5992391C
I> [30/10/2012 05:14:04] Le programme appelé depuis la CN est trouvé: C:\machines\T32 Bis\Programmes\5992391C.MZK
I> [30/10/2012 05:14:04] Programmes dans les fichiers demandés: Programme 409 (5992391C)
I> [30/10/2012 05:14:45] Emission de programme: Programme 409 (5992391C)
I> [30/10/2012 09:31:18] Appel depuis la CN de: 5992269C
I> [30/10/2012 09:31:30] Le programme appelé depuis la CN est trouvé: C:\machines\T32 Bis\Programmes\5992269C.MZK
I> [30/10/2012 09:31:30] Programmes dans les fichiers demandés: Programme 5642 (5992269C), Programme 5643 (5992269C), Programme 5672 (5992269C)
I> [30/10/2012 09:31:32] Appel depuis la CN de: 5992269C
I> [30/10/2012 09:31:37] Le programme appelé depuis la CN est trouvé: C:\machines\T32 Bis\Programmes\5992269C.MZK
I> [30/10/2012 09:31:37] Programmes dans les fichiers demandés: Programme 5642 (5992269C), Programme 5643 (5992269C), Programme 5672 (5992269C)
I> [30/10/2012 09:31:52] Emission de programme: Programme 5672 (5992269C)
I> [30/10/2012 12:32:01] Appel depuis la CN de: 5992268C
I> [30/10/2012 12:32:06] Le programme appelé depuis la CN est trouvé: C:\machines\T32 Bis\Programmes\5992268C.MZK
I> [30/10/2012 12:32:06] Programmes dans les fichiers demandés: Programme 5640 (5992268C), Programme 5641 (5992268C), Programme 5673 (5992268C)
I> [30/10/2012 12:32:16] Emission de programme: Programme 5673 (5992268C)
I> [30/10/2012 12:59:34] Appel depuis la CN de: 5992269C
I> [30/10/2012 12:59:39] Le programme appelé depuis la CN est trouvé: C:\machines\T32 Bis\Programmes\5992269C.MZK
I> [30/10/2012 12:59:39] Programmes dans les fichiers demandés: Programme 5642 (5992269C), Programme 5643 (5992269C), Programme 5672 (5992269C)
I> [30/10/2012 12:59:55] Emission de programme: Programme 5672 (5992269C)
I> [30/10/2012 20:42:36] Réception: programme 1416 (28100100401)
I> [30/10/2012 20:42:47] Réception: programme 1417 (28100100401)
I> [30/10/2012 20:42:59] Réception: programme 1418 (28100100401)
I> [30/10/2012 20:43:07] Réception: programme 1419 (28100100401)
I> [30/10/2012 20:43:17] Réception: programme 1420 (28100100401)
I> [30/10/2012 20:43:28] Fichier reçu: C:\machines\T32 Bis\Programmes\28100100401.MZK
I> [30/10/2012 20:43:28] Programmes dans les fichiers demandés: Programme 1416 (28100100401), Programme 1417 (28100100401), Programme 1418 (28100100401), Programme 1419 (28100100401), Programme 1420 (28100100401)
