I> [30/11/2006 05:26:12] Appel depuis la CN de: 5997793A
I> [30/11/2006 05:26:19] Le programme appelé depuis la CN est trouvé: C:\machines\T32\Programmes\DRESSER\5997793A.MZK
I> [30/11/2006 05:26:19] Programmes dans les fichiers demandés: Programme 4215 (5997793A), Programme 4217 (5997793A)
I> [30/11/2006 05:26:30] Emission de programme: Programme 4215 (5997793A)
I> [30/11/2006 05:26:39] Emission de programme: Programme 4217 (5997793A)
I> [30/11/2006 14:08:09] Réception: programme 4274 (5993014A)
I> [30/11/2006 14:08:14] Réception: programme 4275 (5993014A)
I> [30/11/2006 14:08:34] Fichier reçu: C:\machines\T32\Programmes\5993014A.MZK
I> [30/11/2006 14:08:34] Programmes dans les fichiers demandés: Programme 4274 (5993014A), Programme 4275 (5993014A)
I> [30/11/2006 14:09:28] Réception: programme 4272 (5992693A)
I> [30/11/2006 14:09:33] Réception: programme 4273 (5992693A)
I> [30/11/2006 14:09:53] Fichier reçu: C:\machines\T32\Programmes\5992693A.MZK
I> [30/11/2006 14:09:53] Programmes dans les fichiers demandés: Programme 4272 (5992693A), Programme 4273 (5992693A)
I> [30/11/2006 14:28:16] Appel depuis la CN de: 2974885D 2
E> [30/11/2006 14:28:23] N'a pu trouver le programme appelé depuis la CN: 2974885D 2.MZK [Premier répertoire recherché : C:\machines\T32\Programmes]
E> [30/11/2006 14:28:32] N'a pu émettre le fichier. [Previous remote request failed.]
I> [30/11/2006 14:28:40] Appel depuis la CN de: 2974885D 2
E> [30/11/2006 14:28:46] N'a pu trouver le programme appelé depuis la CN: 2974885D 2.MZK [Premier répertoire recherché : C:\machines\T32\Programmes]
E> [30/11/2006 14:28:46] N'a pu émettre le fichier. [Previous remote request failed.]
I> [30/11/2006 14:29:20] Appel depuis la CN de: 2974885D 2
E> [30/11/2006 14:29:26] N'a pu émettre le fichier. [Previous remote request failed.]
E> [30/11/2006 14:29:26] N'a pu trouver le programme appelé depuis la CN: 2974885D 2.MZK [Premier répertoire recherché : C:\machines\T32\Programmes]
I> [30/11/2006 14:31:02] Port activé avec succès.
I> [30/11/2006 14:32:26] Appel depuis la CN de: 2974885D 2
E> [30/11/2006 14:32:32] N'a pu émettre le fichier: C:\machines\T32\Programmes\1179900616.MZK [Le système ne peut pas lire le périphérique indiqué]
E> [30/11/2006 14:32:33] N'a pu trouver le programme appelé depuis la CN: 2974885D 2.MZK [Premier répertoire recherché : C:\machines\T32\Programmes]
I> [30/11/2006 14:33:11] Appel depuis la CN de: 2974885D 2
E> [30/11/2006 14:33:16] N'a pu émettre le fichier. [Previous remote request failed.]
E> [30/11/2006 14:33:16] N'a pu trouver le programme appelé depuis la CN: 2974885D 2.MZK [Premier répertoire recherché : C:\machines\T32\Programmes]
I> [30/11/2006 14:34:45] Appel depuis la CN de: 2974885D 2
E> [30/11/2006 14:34:50] N'a pu émettre le fichier. [Previous remote request failed.]
E> [30/11/2006 14:34:51] N'a pu trouver le programme appelé depuis la CN: 2974885D 2.MZK [Premier répertoire recherché : C:\machines\T32\Programmes]
I> [30/11/2006 14:37:03] Port activé avec succès.
I> [30/11/2006 14:37:42] Appel depuis la CN de: 2974885D 2
E> [30/11/2006 14:37:46] N'a pu émettre le fichier: C:\machines\T32\Programmes\1179900616.MZK [Le système ne peut pas lire le périphérique indiqué]
E> [30/11/2006 14:37:47] N'a pu trouver le programme appelé depuis la CN: 2974885D 2.MZK [Premier répertoire recherché : C:\machines\T32\Programmes]
I> [30/11/2006 14:40:02] Appel depuis la CN de: 5992693A
E> [30/11/2006 14:40:07] N'a pu trouver le programme appelé depuis la CN: 5992693A.MZK [Premier répertoire recherché : C:\machines\T32\Programmes]
E> [30/11/2006 14:40:08] N'a pu émettre le fichier. [Previous remote request failed.]
I> [30/11/2006 14:40:30] Port arrêté.
I> [30/11/2006 14:40:34] Port activé avec succès.
I> [30/11/2006 14:41:39] Appel depuis la CN de: 2974885D 2
E> [30/11/2006 14:41:44] N'a pu émettre le fichier. [Previous remote request failed.]
E> [30/11/2006 14:41:45] N'a pu trouver le programme appelé depuis la CN: 2974885D 2.MZK [Premier répertoire recherché : C:\machines\T32\Programmes]
I> [30/11/2006 14:45:13] Appel depuis la CN de: 2974885D 2
E> [30/11/2006 14:45:18] N'a pu émettre le fichier. [Previous remote request failed.]
I> [30/11/2006 14:45:18] Le programme appelé depuis la CN est trouvé: C:\machines\T32\Programmes\DRESSER\2974885D 2.MZK
I> [30/11/2006 14:45:18] Programmes dans les fichiers demandés: Programme 4224 (2974885D 2), Programme 4225 (2974885D 2)
I> [30/11/2006 14:46:33] Port arrêté.
I> [30/11/2006 14:46:37] Port activé avec succès.
I> [30/11/2006 14:47:15] Appel depuis la CN de: 2974885D 2
I> [30/11/2006 14:47:21] Le programme appelé depuis la CN est trouvé: C:\machines\T32\Programmes\DRESSER\2974885D 2.MZK
I> [30/11/2006 14:47:21] Programmes dans les fichiers demandés: Programme 4224 (2974885D 2), Programme 4225 (2974885D 2)
I> [30/11/2006 14:47:29] Emission de programme: Programme 4224 (2974885D 2)
I> [30/11/2006 14:47:54] Emission de programme: Programme 4225 (2974885D 2)
I> [30/11/2006 18:25:17] Appel depuis la CN de: 3984608A 3
I> [30/11/2006 18:25:22] Le programme appelé depuis la CN est trouvé: C:\machines\T32\Programmes\DRESSER\3984608A 3.MZK
I> [30/11/2006 18:25:22] Programmes dans les fichiers demandés: Programme 4266 (3984608A 3), Programme 4267 (3984608A 3)
I> [30/11/2006 18:25:30] Emission de programme: Programme 4266 (3984608A 3)
I> [30/11/2006 18:25:51] Emission de programme: Programme 4267 (3984608A 3)
I> [30/11/2006 20:15:14] Appel depuis la CN de: 3984610A
I> [30/11/2006 20:15:19] Le programme appelé depuis la CN est trouvé: C:\machines\T32\Programmes\DRESSER\3984610A.MZK
I> [30/11/2006 20:15:19] Programmes dans les fichiers demandés: Programme 3932 (3984610A), Programme 3935 (3984610A)
I> [30/11/2006 20:15:37] Emission de programme: Programme 3932 (3984610A)
I> [30/11/2006 20:15:53] Emission de programme: Programme 3935 (3984610A)
