I> [31/08/2018 04:56:16] Port activé avec succès.
I> [31/08/2018 06:25:21] Appel depuis la CN de: 3972017B
I> [31/08/2018 06:25:26] Le programme appelé depuis la CN est trouvé: C:\machines\T32 Bis\Programmes\FLOWSERVE\3972017B.MZK
I> [31/08/2018 06:25:26] Programmes dans les fichiers demandés: Programme 567 (3972017B), Programme 568 (3972017B), Programme 569 (3972017B)
I> [31/08/2018 06:25:31] Emission de programme: Programme 567 (3972017B)
I> [31/08/2018 06:25:35] Emission de programme: Programme 568 (3972017B)
I> [31/08/2018 06:26:38] Emission de programme: Programme 568 (3972017B)
I> [31/08/2018 06:26:54] Emission de programme: Programme 569 (3972017B)
E> [31/08/2018 06:30:25] Transmission avortée. [Délai de réponse dépassé, interruption de la transmission]
I> [31/08/2018 08:49:51] Appel depuis la CN de: 112705501
I> [31/08/2018 08:49:57] Le programme appelé depuis la CN est trouvé: C:\machines\T32 Bis\Programmes\LA CALHENE\112705501.MZK
I> [31/08/2018 08:49:57] Programmes dans les fichiers demandés: Programme 1534 (112705501), Programme 1439 (112705501), Programme 1440 (112705501), Programme 1441 (112705501)
I> [31/08/2018 08:50:39] Appel depuis la CN de: 112705501
I> [31/08/2018 08:50:47] Le programme appelé depuis la CN est trouvé: C:\machines\T32 Bis\Programmes\LA CALHENE\112705501.MZK
I> [31/08/2018 08:50:47] Programmes dans les fichiers demandés: Programme 1534 (112705501), Programme 1439 (112705501), Programme 1440 (112705501), Programme 1441 (112705501)
I> [31/08/2018 08:50:58] Emission de programme: Programme 1441 (112705501)
I> [31/08/2018 08:51:40] Emission de programme: Programme 1441 (112705501)
I> [31/08/2018 08:52:39] Réception: programme 1534 (112705501)
I> [31/08/2018 08:53:58] Réception: programme 1439 (112705501)
I> [31/08/2018 08:54:10] Réception: programme 1440 (112705501)
I> [31/08/2018 08:54:33] Réception: programme 1441 (112705501)
I> [31/08/2018 08:55:08] Fichier reçu: C:\machines\T32 Bis\Programmes\112705501.MZK
I> [31/08/2018 08:55:08] Programmes dans les fichiers demandés: Programme 1534 (112705501), Programme 1439 (112705501), Programme 1440 (112705501), Programme 1441 (112705501)
