I> [31/03/2010 07:33:41] Port activé avec succès.
I> [31/03/2010 07:33:42] Réception: programme 821 (300726B)
I> [31/03/2010 07:33:48] Réception: programme 822 (300726B)
I> [31/03/2010 07:34:16] Fichier reçu: C:\machines\T32 Bis\Programmes\300726B.MZK
I> [31/03/2010 07:34:16] Programmes dans les fichiers demandés: Programme 821 (300726B), Programme 822 (300726B)
I> [31/03/2010 15:14:40] Réception: programme 824 (4997448A)
I> [31/03/2010 15:14:52] Réception: programme 825 (4997448A)
I> [31/03/2010 15:15:01] Fichier reçu: C:\machines\T32 Bis\Programmes\4997448A.MZK
I> [31/03/2010 15:15:01] Programmes dans les fichiers demandés: Programme 824 (4997448A), Programme 825 (4997448A)
I> [31/03/2010 15:15:53] Appel depuis la CN de: 4997448A
I> [31/03/2010 15:16:00] Le programme appelé depuis la CN est trouvé: C:\machines\T32 Bis\Programmes\FLOWSERVE\4997448A.MZK
I> [31/03/2010 15:16:00] Programmes dans les fichiers demandés: Programme 824 (4997448A), Programme 825 (4997448A)
I> [31/03/2010 16:03:25] Réception: programme 823 (4994115B)
I> [31/03/2010 16:03:36] Réception: programme 826 (4994115B)
I> [31/03/2010 16:03:45] Fichier reçu: C:\machines\T32 Bis\Programmes\4994115B.MZK
I> [31/03/2010 16:03:45] Programmes dans les fichiers demandés: Programme 823 (4994115B), Programme 826 (4994115B)
I> [31/03/2010 16:04:45] Appel depuis la CN de: 4994115B
I> [31/03/2010 16:04:52] Le programme appelé depuis la CN est trouvé: C:\machines\T32 Bis\Programmes\FLOWSERVE\4994115B.MZK
I> [31/03/2010 16:04:52] Programmes dans les fichiers demandés: Programme 823 (4994115B), Programme 826 (4994115B)
I> [31/03/2010 16:16:02] Appel depuis la CN de: 6120B
I> [31/03/2010 16:16:11] Le programme appelé depuis la CN est trouvé: C:\machines\T32 Bis\Programmes\LA CALHENE\6120B.MZK
I> [31/03/2010 16:16:11] Programmes dans les fichiers demandés: Programme 672 (6120B), Programme 673 (6120B), Programme 674 (6120B), Programme 675 (6120B), Programme 676 (6120B)
I> [31/03/2010 16:16:17] Appel depuis la CN de: 6120B
I> [31/03/2010 16:16:25] Le programme appelé depuis la CN est trouvé: C:\machines\T32 Bis\Programmes\LA CALHENE\6120B.MZK
I> [31/03/2010 16:16:25] Programmes dans les fichiers demandés: Programme 672 (6120B), Programme 673 (6120B), Programme 674 (6120B), Programme 675 (6120B), Programme 676 (6120B)
I> [31/03/2010 16:18:04] Emission de programme: Programme 672 (6120B)
I> [31/03/2010 16:18:08] Emission de programme: Programme 673 (6120B)
I> [31/03/2010 16:18:13] Emission de programme: Programme 674 (6120B)
I> [31/03/2010 16:18:18] Emission de programme: Programme 675 (6120B)
I> [31/03/2010 16:18:47] Emission de programme: Programme 676 (6120B)
I> [31/03/2010 16:19:21] Appel depuis la CN de: DN01312101B
I> [31/03/2010 16:19:30] Le programme appelé depuis la CN est trouvé: C:\machines\T32 Bis\Programmes\LA CALHENE\DN01312101B.MZK
I> [31/03/2010 16:19:30] Programmes dans les fichiers demandés: Programme 4221 (DN01312101B), Programme 4222 (DN01312101B)
I> [31/03/2010 16:19:38] Appel depuis la CN de: DN01312101B
I> [31/03/2010 16:19:44] Le programme appelé depuis la CN est trouvé: C:\machines\T32 Bis\Programmes\LA CALHENE\DN01312101B.MZK
I> [31/03/2010 16:19:44] Programmes dans les fichiers demandés: Programme 4221 (DN01312101B), Programme 4222 (DN01312101B)
I> [31/03/2010 16:20:03] Appel depuis la CN de: DN01312101B
I> [31/03/2010 16:20:11] Le programme appelé depuis la CN est trouvé: C:\machines\T32 Bis\Programmes\LA CALHENE\DN01312101B.MZK
I> [31/03/2010 16:20:12] Programmes dans les fichiers demandés: Programme 4221 (DN01312101B), Programme 4222 (DN01312101B)
I> [31/03/2010 16:24:27] Emission de programme: Programme 4221 (DN01312101B)
I> [31/03/2010 16:25:00] Emission de programme: Programme 4222 (DN01312101B)
I> [31/03/2010 16:26:03] Appel depuis la CN de: DN01312102B
I> [31/03/2010 16:26:12] Le programme appelé depuis la CN est trouvé: C:\machines\T32 Bis\Programmes\LA CALHENE\DN01312102B.MZK
I> [31/03/2010 16:26:12] Programmes dans les fichiers demandés: Programme 4220 (DN01312102B), Programme 4223 (DN01312102B)
I> [31/03/2010 16:26:17] Appel depuis la CN de: DN01312102B
I> [31/03/2010 16:26:24] Le programme appelé depuis la CN est trouvé: C:\machines\T32 Bis\Programmes\LA CALHENE\DN01312102B.MZK
I> [31/03/2010 16:26:24] Programmes dans les fichiers demandés: Programme 4220 (DN01312102B), Programme 4223 (DN01312102B)
I> [31/03/2010 16:27:36] Emission de programme: Programme 4220 (DN01312102B)
I> [31/03/2010 16:28:06] Emission de programme: Programme 4223 (DN01312102B)
