I> [31/08/2009 08:14:15] Port activé avec succès.
I> [31/08/2009 09:07:14] Réception: programme 637 (4990885A)
I> [31/08/2009 09:07:19] Réception: programme 638 (4990885A)
I> [31/08/2009 09:07:31] Réception: programme 642 (4990885A)
I> [31/08/2009 09:07:42] Réception: programme 649 (4990885A)
I> [31/08/2009 09:07:48] Réception: programme 650 (4990885A)
I> [31/08/2009 09:08:00] Fichier reçu: C:\machines\T32 Bis\Programmes\4990885A.MZK
I> [31/08/2009 09:08:00] Programmes dans les fichiers demandés: Programme 637 (4990885A), Programme 638 (4990885A), Programme 642 (4990885A), Programme 649 (4990885A), Programme 650 (4990885A)
I> [31/08/2009 09:09:10] Réception: programme 639 (4999002A)
I> [31/08/2009 09:09:15] Réception: programme 640 (4999002A)
I> [31/08/2009 09:09:27] Réception: programme 641 (4999002A)
I> [31/08/2009 09:09:38] Réception: programme 647 (4999002A)
I> [31/08/2009 09:09:44] Réception: programme 648 (4999002A)
I> [31/08/2009 09:09:56] Fichier reçu: C:\machines\T32 Bis\Programmes\4999002A.MZK
I> [31/08/2009 09:09:56] Programmes dans les fichiers demandés: Programme 639 (4999002A), Programme 640 (4999002A), Programme 641 (4999002A), Programme 647 (4999002A), Programme 648 (4999002A)
I> [31/08/2009 15:26:31] Réception: programme 651 (4990885 A)
I> [31/08/2009 15:26:40] Réception: programme 652 (4990885 A)
I> [31/08/2009 15:26:54] Fichier reçu: C:\machines\T32 Bis\Programmes\4990885 A.MZK
I> [31/08/2009 15:26:54] Programmes dans les fichiers demandés: Programme 651 (4990885 A), Programme 652 (4990885 A)
I> [31/08/2009 20:33:01] Réception: programme 653 (4999002 A)
I> [31/08/2009 20:33:10] Réception: programme 654 (4999002 A)
I> [31/08/2009 20:33:24] Fichier reçu: C:\machines\T32 Bis\Programmes\4999002 A.MZK
I> [31/08/2009 20:33:24] Programmes dans les fichiers demandés: Programme 653 (4999002 A), Programme 654 (4999002 A)
I> [31/08/2009 20:46:21] Appel depuis la CN de: 5992598BA
I> [31/08/2009 20:46:26] Le programme appelé depuis la CN est trouvé: C:\machines\T32 Bis\Programmes\5992598BA.MZK
I> [31/08/2009 20:46:26] Programmes dans les fichiers demandés: Programme 18, Données d'outil, Programme 13, Données d'outil, Programme 13, Données d'outil, Programme 13, Données d'outil, Programme 19, Données d'outil
I> [31/08/2009 20:48:26] Emission de programme: Programme 13
I> [31/08/2009 20:48:29] Emission de programme: Données d'outil
I> [31/08/2009 20:48:30] Emission de programme: Programme 19
I> [31/08/2009 20:48:35] Emission de programme: Données d'outil
