I> [31/08/2011 07:41:04] Port activé avec succès.
I> [31/08/2011 08:39:21] Réception: programme 1144 (MC10707L00C)
I> [31/08/2011 08:39:55] Réception: programme 1145 (MC10707L00C)
I> [31/08/2011 08:40:24] Fichier reçu: C:\machines\T32 Bis\Programmes\MC10707L00C.MZK
I> [31/08/2011 08:40:24] Programmes dans les fichiers demandés: Programme 1144 (MC10707L00C), Programme 1145 (MC10707L00C)
I> [31/08/2011 08:40:43] Réception: programme 1144 (MC10707L00C)
I> [31/08/2011 08:41:17] Réception: programme 1145 (MC10707L00C)
I> [31/08/2011 08:41:46] Fichier existant sauvegardé: C:\MACHINES\T32 BIS\SAUVEGARDES\MC10707L00C_01.MZK
I> [31/08/2011 08:41:46] Fichier reçu: C:\machines\T32 Bis\Programmes\MC10707L00C.MZK
I> [31/08/2011 08:41:46] Programmes dans les fichiers demandés: Programme 1144 (MC10707L00C), Programme 1145 (MC10707L00C)
I> [31/08/2011 08:50:16] Appel depuis la CN de: 2981094C
I> [31/08/2011 08:50:20] Le programme appelé depuis la CN est trouvé: C:\machines\T32 Bis\Programmes\FLOWSERVE\2981094C.MZK
I> [31/08/2011 08:50:21] Programmes dans les fichiers demandés: Programme 214 (2981094C)
I> [31/08/2011 08:50:29] Emission de programme: Programme 214 (2981094C)
I> [31/08/2011 12:09:15] Appel depuis la CN de: 41580301C
I> [31/08/2011 12:09:22] Le programme appelé depuis la CN est trouvé: C:\machines\T32 Bis\Programmes\LA CALHENE\41580301C.MZK
I> [31/08/2011 12:09:22] Programmes dans les fichiers demandés: Programme 668 (41580301C), Programme 669 (41580301C), Programme 670 (41580301C), Programme 671 (41580301C)
I> [31/08/2011 12:09:31] Appel depuis la CN de: 41580301C
I> [31/08/2011 12:09:36] Le programme appelé depuis la CN est trouvé: C:\machines\T32 Bis\Programmes\LA CALHENE\41580301C.MZK
I> [31/08/2011 12:09:36] Programmes dans les fichiers demandés: Programme 668 (41580301C), Programme 669 (41580301C), Programme 670 (41580301C), Programme 671 (41580301C)
I> [31/08/2011 12:09:40] Emission de programme: Programme 668 (41580301C)
I> [31/08/2011 12:09:54] Emission de programme: Programme 669 (41580301C)
I> [31/08/2011 12:10:14] Emission de programme: Programme 670 (41580301C)
I> [31/08/2011 12:10:32] Emission de programme: Programme 671 (41580301C)
