I> [31/07/2008 08:26:42] Port activé avec succès.
I> [31/07/2008 08:26:43] Réception: programme 354 (4982849A)
I> [31/07/2008 08:26:55] Réception: programme 355 (4982849A)
I> [31/07/2008 08:27:14] Réception: programme 356 (4982849A)
I> [31/07/2008 08:27:25] Fichier reçu: C:\machines\T32 Bis\Programmes\4982849A.MZK
I> [31/07/2008 08:27:25] Programmes dans les fichiers demandés: Programme 354 (4982849A), Programme 355 (4982849A), Programme 356 (4982849A)
I> [31/07/2008 08:40:20] Appel depuis la CN de: 70361550
E> [31/07/2008 08:40:36] Erreur de réception. [Format de fichier illégal]
E> [31/07/2008 08:40:41] N'a pu trouver le programme appelé depuis la CN: 70361550.MZK [Premier répertoire recherché : C:\machines\T32 Bis\Programmes]
I> [31/07/2008 08:40:43] Appel depuis la CN de: 70361550
E> [31/07/2008 08:40:48] N'a pu émettre le fichier. [Previous remote request failed.]
E> [31/07/2008 08:40:49] N'a pu trouver le programme appelé depuis la CN: 70361550.MZK [Premier répertoire recherché : C:\machines\T32 Bis\Programmes]
E> [31/07/2008 08:40:50] N'a pu émettre le fichier. [Previous remote request failed.]
E> [31/07/2008 08:40:51] N'a pu émettre le fichier. [Previous remote request failed.]
I> [31/07/2008 08:42:01] Appel depuis la CN de: 0361550
E> [31/07/2008 08:42:06] N'a pu trouver le programme appelé depuis la CN: 361550.MZK [Premier répertoire recherché : C:\machines\T32 Bis\Programmes]
E> [31/07/2008 08:42:06] N'a pu émettre le fichier. [Previous remote request failed.]
E> [31/07/2008 08:42:07] N'a pu émettre le fichier. [Previous remote request failed.]
I> [31/07/2008 08:57:42] Appel depuis la CN de: 0361550.02
E> [31/07/2008 08:57:47] N'a pu trouver le programme appelé depuis la CN: 0361550.02.MZK [Premier répertoire recherché : C:\machines\T32 Bis\Programmes]
E> [31/07/2008 08:57:47] N'a pu émettre le fichier. [Previous remote request failed.]
E> [31/07/2008 08:57:48] N'a pu émettre le fichier. [Previous remote request failed.]
E> [31/07/2008 08:57:49] N'a pu émettre le fichier. [Previous remote request failed.]
I> [31/07/2008 08:59:10] Appel depuis la CN de: 0361550 02
E> [31/07/2008 08:59:14] N'a pu émettre le fichier. [Previous remote request failed.]
I> [31/07/2008 08:59:15] Le programme appelé depuis la CN est trouvé: C:\machines\T32 Bis\Programmes\MECABOR\0361550 02.MZK
I> [31/07/2008 08:59:15] Programmes dans les fichiers demandés: Programme 113 (0361550), Programme 114 (0361550)
I> [31/07/2008 08:59:21] Emission de programme: Programme 113 (0361550)
I> [31/07/2008 08:59:39] Emission de programme: Programme 114 (0361550)
