I> [31/01/2011 05:52:09] Port activé avec succès.
I> [31/01/2011 06:31:48] Réception: programme 21 (121900401H)
I> [31/01/2011 06:31:55] Réception: programme 22 (121900401H)
I> [31/01/2011 06:32:00] Réception: programme 23 (121900401H)
I> [31/01/2011 06:32:11] Réception: programme 24 (121900401H)
I> [31/01/2011 06:32:25] Réception: programme 1025 (121900401H)
I> [31/01/2011 06:32:37] Réception: programme 1027 (121900401H)
I> [31/01/2011 06:32:51] Fichier reçu: C:\machines\T32 Bis\Programmes\121900401H.MZK
I> [31/01/2011 06:32:51] Programmes dans les fichiers demandés: Programme 21 (121900401H), Programme 22 (121900401H), Programme 23 (121900401H), Programme 24 (121900401H), Programme 1025 (121900401H), Programme 1027 (121900401H)
I> [31/01/2011 06:53:38] Appel depuis la CN de: 8824510 A
I> [31/01/2011 06:53:43] Le programme appelé depuis la CN est trouvé: C:\machines\T32 Bis\Programmes\ULTRATECH\8824510 A.MZK
I> [31/01/2011 06:53:43] Programmes dans les fichiers demandés: Programme 1021 (8824510 A), Programme 1022 (8824510 A)
I> [31/01/2011 06:53:51] Emission de programme: Programme 1021 (8824510 A)
I> [31/01/2011 06:53:56] Emission de programme: Programme 1022 (8824510 A)
I> [31/01/2011 09:18:01] Réception: programme 1023 (60500101N)
I> [31/01/2011 09:18:13] Réception: programme 1024 (60500101N)
I> [31/01/2011 09:18:25] Réception: programme 1026 (60500101N)
I> [31/01/2011 09:18:35] Réception: programme 1028 (60500101N)
I> [31/01/2011 09:18:44] Fichier reçu: C:\machines\T32 Bis\Programmes\60500101N.MZK
I> [31/01/2011 09:18:45] Programmes dans les fichiers demandés: Programme 1023 (60500101N), Programme 1024 (60500101N), Programme 1026 (60500101N), Programme 1028 (60500101N)
I> [31/01/2011 14:49:40] Appel depuis la CN de: 10270090201
I> [31/01/2011 14:49:45] Le programme appelé depuis la CN est trouvé: C:\machines\T32 Bis\Programmes\LA CALHENE\10270090201.MZK
I> [31/01/2011 14:49:45] Programmes dans les fichiers demandés: Programme 302 (10270090201), Programme 303 (10270090201), Programme 304 (10270090201), Programme 336 (10270090201)
I> [31/01/2011 14:50:13] Emission de programme: Programme 302 (10270090201)
I> [31/01/2011 14:50:22] Emission de programme: Programme 303 (10270090201)
I> [31/01/2011 14:50:38] Emission de programme: Programme 304 (10270090201)
I> [31/01/2011 14:51:02] Emission de programme: Programme 336 (10270090201)
I> [31/01/2011 17:54:06] Réception: programme 1029 (61461974003)
I> [31/01/2011 17:54:31] Fichier reçu: C:\machines\T32 Bis\Programmes\61461974003.MZK
I> [31/01/2011 17:54:31] Programmes dans les fichiers demandés: Programme 1029 (61461974003)
I> [31/01/2011 19:15:36] Réception: programme 1030 (61372676003)
I> [31/01/2011 19:15:41] Réception: programme 1031 (61372676003)
I> [31/01/2011 19:15:54] Fichier reçu: C:\machines\T32 Bis\Programmes\61372676003.MZK
I> [31/01/2011 19:15:54] Programmes dans les fichiers demandés: Programme 1030 (61372676003), Programme 1031 (61372676003)
I> [31/01/2011 19:34:16] Appel depuis la CN de: 4340-02-09
I> [31/01/2011 19:34:21] Le programme appelé depuis la CN est trouvé: C:\machines\T32 Bis\Programmes\LA CALHENE\4340-02-09.MZK
I> [31/01/2011 19:34:21] Programmes dans les fichiers demandés: Programme 998 (4340-02-09), Programme 999 (4340-02-09)
I> [31/01/2011 19:34:37] Emission de programme: Programme 998 (4340-02-09)
I> [31/01/2011 19:35:42] Emission de programme: Programme 999 (4340-02-09)
