I> [31/10/2014 05:09:40] Port activé avec succès.
I> [31/10/2014 12:22:00] Appel depuis la CN de: POULI150BIS
I> [31/10/2014 12:22:12] Le programme appelé depuis la CN est trouvé: C:\machines\T32 Bis\Programmes\CRD\POULI150BIS.MZK
I> [31/10/2014 12:22:12] Programmes dans les fichiers demandés: Programme 677 (POULI150BIS), Programme 678 (POULI150BIS), Programme 679 (POULI150BIS)
I> [31/10/2014 12:22:23] Appel depuis la CN de: POULI150BIS
I> [31/10/2014 12:22:30] Le programme appelé depuis la CN est trouvé: C:\machines\T32 Bis\Programmes\CRD\POULI150BIS.MZK
I> [31/10/2014 12:22:30] Programmes dans les fichiers demandés: Programme 677 (POULI150BIS), Programme 678 (POULI150BIS), Programme 679 (POULI150BIS)
I> [31/10/2014 12:22:59] Emission de programme: Programme 677 (POULI150BIS)
I> [31/10/2014 12:23:06] Emission de programme: Programme 678 (POULI150BIS)
I> [31/10/2014 12:23:26] Emission de programme: Programme 679 (POULI150BIS)
I> [31/10/2014 12:26:39] Appel depuis la CN de: POULIE-280
I> [31/10/2014 12:26:46] Le programme appelé depuis la CN est trouvé: C:\machines\T32 Bis\Programmes\CRD\POULIE-280.MZK
I> [31/10/2014 12:26:46] Programmes dans les fichiers demandés: Programme 181 (POULIE-280), Programme 182 (POULIE-280)
I> [31/10/2014 12:27:25] Appel depuis la CN de: OULIE 280 1
I> [31/10/2014 12:27:37] Le programme appelé depuis la CN est trouvé: C:\machines\T32 Bis\Programmes\CRD\OULIE 280 1.MZK
I> [31/10/2014 12:27:37] Programmes dans les fichiers demandés: Programme 1425 (OULIE 280 1), Programme 1426 (OULIE 280 1)
I> [31/10/2014 12:27:43] Appel depuis la CN de: OULIE 280 1
I> [31/10/2014 12:27:50] Le programme appelé depuis la CN est trouvé: C:\machines\T32 Bis\Programmes\CRD\OULIE 280 1.MZK
I> [31/10/2014 12:27:50] Programmes dans les fichiers demandés: Programme 1425 (OULIE 280 1), Programme 1426 (OULIE 280 1)
I> [31/10/2014 12:27:52] Emission de programme: Programme 1425 (OULIE 280 1)
I> [31/10/2014 12:28:03] Emission de programme: Programme 1426 (OULIE 280 1)
I> [31/10/2014 14:51:58] Réception: programme 1529 (POULI250BIS)
I> [31/10/2014 14:52:08] Réception: programme 1530 (POULI250BIS)
I> [31/10/2014 14:52:35] Fichier reçu: C:\machines\T32 Bis\Programmes\POULI250BIS.MZK
I> [31/10/2014 14:52:35] Programmes dans les fichiers demandés: Programme 1529 (POULI250BIS), Programme 1530 (POULI250BIS)
