I> [31/10/2012 04:52:42] Port activé avec succès.
I> [31/10/2012 13:08:48] Appel depuis la CN de: 2976327D
I> [31/10/2012 13:08:53] Le programme appelé depuis la CN est trouvé: C:\machines\T32 Bis\Programmes\FLOWSERVE\2976327D.MZK
I> [31/10/2012 13:08:53] Programmes dans les fichiers demandés: Programme 127 (2976327D), Programme 130 (2976327D)
I> [31/10/2012 13:09:00] Emission de programme: Programme 127 (2976327D)
I> [31/10/2012 13:09:17] Emission de programme: Programme 130 (2976327D)
I> [31/10/2012 13:10:53] Appel depuis la CN de: 2976840C
E> [31/10/2012 13:10:58] N'a pu trouver le programme appelé depuis la CN: 2976840C.MZK [Premier répertoire recherché : C:\machines\T32 Bis\Programmes]
E> [31/10/2012 13:11:03] N'a pu émettre le fichier. [Previous remote request failed.]
E> [31/10/2012 13:11:04] N'a pu émettre le fichier. [Previous remote request failed.]
I> [31/10/2012 13:11:22] Appel depuis la CN de: 2976840C
E> [31/10/2012 13:11:27] N'a pu trouver le programme appelé depuis la CN: 2976840C.MZK [Premier répertoire recherché : C:\machines\T32 Bis\Programmes]
E> [31/10/2012 13:11:44] N'a pu émettre le fichier. [Previous remote request failed.]
E> [31/10/2012 13:11:45] N'a pu émettre le fichier. [Previous remote request failed.]
I> [31/10/2012 13:12:30] Appel depuis la CN de: 2976325D
E> [31/10/2012 13:12:35] N'a pu trouver le programme appelé depuis la CN: 2976325D.MZK [Premier répertoire recherché : C:\machines\T32 Bis\Programmes]
E> [31/10/2012 13:13:20] N'a pu émettre le fichier. [Previous remote request failed.]
E> [31/10/2012 13:13:22] N'a pu émettre le fichier. [Previous remote request failed.]
I> [31/10/2012 13:15:08] Appel depuis la CN de: 2976325C
E> [31/10/2012 13:15:12] N'a pu émettre le fichier. [Previous remote request failed.]
I> [31/10/2012 13:15:13] Le programme appelé depuis la CN est trouvé: C:\machines\T32 Bis\Programmes\FLOWSERVE\2976325C.MZK
I> [31/10/2012 13:15:13] Programmes dans les fichiers demandés: Programme 128 (2976325C), Programme 131 (2976325C)
I> [31/10/2012 13:15:17] Emission de programme: Programme 128 (2976325C)
I> [31/10/2012 13:15:33] Emission de programme: Programme 131 (2976325C)
I> [31/10/2012 13:16:06] Appel depuis la CN de: 2976840C 6
I> [31/10/2012 13:16:11] Le programme appelé depuis la CN est trouvé: C:\machines\T32 Bis\Programmes\FLOWSERVE\2976840C 6.MZK
I> [31/10/2012 13:16:11] Programmes dans les fichiers demandés: Programme 205 (2976840C 6), Programme 207 (2976840C 6)
I> [31/10/2012 13:16:19] Emission de programme: Programme 205 (2976840C 6)
I> [31/10/2012 13:16:37] Emission de programme: Programme 207 (2976840C 6)
