I> [31/10/2011 04:59:32] Port activé avec succès.
I> [31/10/2011 10:09:04] Port activé avec succès.
I> [31/10/2011 10:12:14] Appel depuis la CN de: 362734 20
I> [31/10/2011 10:12:19] Le programme appelé depuis la CN est trouvé: C:\machines\T32 Bis\Programmes\362734 20.MZK
I> [31/10/2011 10:12:19] Programmes dans les fichiers demandés: Programme 39, Données d'outil
I> [31/10/2011 10:12:51] Emission de programme: Programme 39
I> [31/10/2011 10:12:59] Emission de programme: Données d'outil
I> [31/10/2011 10:13:18] Appel depuis la CN de: 362733 20
I> [31/10/2011 10:13:23] Le programme appelé depuis la CN est trouvé: C:\machines\T32 Bis\Programmes\362733 20.MZK
I> [31/10/2011 10:13:23] Programmes dans les fichiers demandés: Programme 28, Données d'outil
I> [31/10/2011 10:13:29] Emission de programme: Programme 28
I> [31/10/2011 10:13:35] Emission de programme: Données d'outil
I> [31/10/2011 17:50:15] Appel depuis la CN de: 4997448A
I> [31/10/2011 17:50:20] Le programme appelé depuis la CN est trouvé: C:\machines\T32 Bis\Programmes\FLOWSERVE\4997448A.MZK
I> [31/10/2011 17:50:20] Programmes dans les fichiers demandés: Programme 824 (4997448A), Programme 825 (4997448A)
I> [31/10/2011 17:55:34] Emission de programme: Programme 824 (4997448A)
I> [31/10/2011 17:55:46] Emission de programme: Programme 825 (4997448A)
I> [31/10/2011 17:56:14] Appel depuis la CN de: 4997448B
I> [31/10/2011 17:56:19] Le programme appelé depuis la CN est trouvé: C:\machines\T32 Bis\Programmes\4997448B.MZK
I> [31/10/2011 17:56:19] Programmes dans les fichiers demandés: Programme 5105 (4997448A), Programme 5106 (4997448A), Programme 5120 (4997448A), Programme 5121 (4997448A)
I> [31/10/2011 17:57:47] Emission de programme: Programme 5105 (4997448A)
I> [31/10/2011 17:57:59] Emission de programme: Programme 5106 (4997448A)
I> [31/10/2011 17:58:08] Emission de programme: Programme 5120 (4997448A)
I> [31/10/2011 17:58:16] Emission de programme: Programme 5121 (4997448A)
I> [31/10/2011 19:30:43] Appel depuis la CN de: 4994115B
E> [31/10/2011 19:30:48] N'a pu émettre le fichier: C:\machines\T32 Bis\Programmes\4997448B.MZK [Le système ne peut pas lire le périphérique indiqué]
I> [31/10/2011 19:30:48] Le programme appelé depuis la CN est trouvé: C:\machines\T32 Bis\Programmes\4994115B.MZK
I> [31/10/2011 19:30:48] Programmes dans les fichiers demandés: Programme 5104 (4994115B), Programme 5107 (4994115B), Programme 5118 (4994115B), Programme 5119 (4994115B)
I> [31/10/2011 19:30:59] Appel depuis la CN de: 4994115B
I> [31/10/2011 19:31:05] Le programme appelé depuis la CN est trouvé: C:\machines\T32 Bis\Programmes\4994115B.MZK
I> [31/10/2011 19:31:05] Programmes dans les fichiers demandés: Programme 5104 (4994115B), Programme 5107 (4994115B), Programme 5118 (4994115B), Programme 5119 (4994115B)
I> [31/10/2011 19:31:10] Emission de programme: Programme 5104 (4994115B)
I> [31/10/2011 19:31:22] Emission de programme: Programme 5107 (4994115B)
I> [31/10/2011 19:31:31] Emission de programme: Programme 5118 (4994115B)
I> [31/10/2011 19:31:39] Emission de programme: Programme 5119 (4994115B)
