I> [27/07/2006 10:41:29] Port activé avec succès.
I> [27/07/2006 10:41:44] Port arrêté.
I> [27/07/2006 10:52:47] Port activé avec succès.
I> [27/07/2006 11:17:23] Port activé avec succès.
I> [27/07/2006 11:34:33] Port activé avec succès.
I> [27/07/2006 11:48:48] Appel depuis la CN de: 3T013293141
I> [27/07/2006 11:48:56] Le programme appelé depuis la CN est trouvé: C:\machines\T32\Programmes\TECHVAL\3T013293141.MZK
I> [27/07/2006 11:48:56] Programmes dans les fichiers demandés: Programme 4091 (3T013293141)
I> [27/07/2006 11:49:07] Emission de programme: Programme 4091 (3T013293141)
I> [27/07/2006 16:13:01] Port activé avec succès.
I> [27/07/2006 16:17:13] Port activé avec succès.
I> [27/07/2006 16:35:54] Réception: programme 4180 (STR459298E)
I> [27/07/2006 16:36:13] Réception: programme 4181 (STR459298E)
E> [27/07/2006 16:43:46] Transmission avortée. [Délai de réponse dépassé, interruption de la transmission]
I> [27/07/2006 16:43:55] Port arrêté.
I> [27/07/2006 16:43:59] Port activé avec succès.
I> [27/07/2006 16:52:59] Port arrêté.
I> [27/07/2006 16:53:04] Port activé avec succès.
I> [27/07/2006 16:55:27] Port arrêté.
I> [27/07/2006 16:55:27] Port activé avec succès.
I> [27/07/2006 17:03:01] Port arrêté.
I> [27/07/2006 17:03:06] Port activé avec succès.
I> [27/07/2006 17:03:42] Port arrêté.
I> [27/07/2006 17:03:46] Port activé avec succès.
I> [27/07/2006 17:08:23] Port activé avec succès.
I> [27/07/2006 17:09:45] Réception: programme 4184 (1179900604)
I> [27/07/2006 17:09:59] Fichier reçu: C:\machines\T32\Programmes\1179900604.MZK
I> [27/07/2006 17:09:59] Programmes dans les fichiers demandés: Programme 4184 (1179900604)
I> [27/07/2006 17:11:59] Réception: programme 4184 (1179900604)
I> [27/07/2006 17:12:11] Réception: programme 4185 (1179900604)
I> [27/07/2006 17:12:21] Réception: programme 4186 (1179900604)
I> [27/07/2006 17:12:30] Fichier reçu: C:\machines\T32\Programmes\1179900604.MZK
I> [27/07/2006 17:12:30] Programmes dans les fichiers demandés: Programme 4184 (1179900604), Programme 4185 (1179900604), Programme 4186 (1179900604)
I> [27/07/2006 17:12:59] Réception: programme 4180 (STR459298E)
I> [27/07/2006 17:13:17] Réception: programme 4181 (STR459298E)
I> [27/07/2006 17:13:37] Réception: programme 4182 (STR459298E)
I> [27/07/2006 17:13:48] Réception: programme 4183 (STR459298E)
I> [27/07/2006 17:14:03] Fichier reçu: C:\machines\T32\Programmes\STR459298E.MZK
I> [27/07/2006 17:14:03] Programmes dans les fichiers demandés: Programme 4180 (STR459298E), Programme 4181 (STR459298E), Programme 4182 (STR459298E), Programme 4183 (STR459298E)
