I> [27/07/2010 05:36:53] Port activé avec succès.
I> [27/07/2010 09:20:58] Appel depuis la CN de: 2976442D
I> [27/07/2010 09:21:04] Le programme appelé depuis la CN est trouvé: C:\machines\T32\Programmes\FLOWSERVE\2976442D.MZK
I> [27/07/2010 09:21:04] Programmes dans les fichiers demandés: Programme 3668 (2976442D), Programme 1114 (2976442D)
I> [27/07/2010 09:21:26] Emission de programme: Programme 3668 (2976442D)
I> [27/07/2010 09:22:04] Emission de programme: Programme 1114 (2976442D)
I> [27/07/2010 09:26:07] Appel depuis la CN de: 2976442D
I> [27/07/2010 09:26:16] Le programme appelé depuis la CN est trouvé: C:\machines\T32\Programmes\2976442D.MZK
I> [27/07/2010 09:26:16] Programmes dans les fichiers demandés: Programme 526 (2976442D), Programme 530 (2976442D)
I> [27/07/2010 09:26:33] Emission de programme: Programme 526 (2976442D)
I> [27/07/2010 09:27:11] Emission de programme: Programme 530 (2976442D)
I> [27/07/2010 15:03:10] Réception: programme 5307 (5801619A)
I> [27/07/2010 15:03:28] Fichier reçu: C:\machines\T32\Programmes\5801619A.MZK
I> [27/07/2010 15:03:28] Programmes dans les fichiers demandés: Programme 5307 (5801619A)
I> [27/07/2010 15:26:52] Appel depuis la CN de: A074800DA
I> [27/07/2010 15:26:58] Le programme appelé depuis la CN est trouvé: C:\machines\T32\Programmes\FLOWSERVE\A074800DA.MZK
I> [27/07/2010 15:26:58] Programmes dans les fichiers demandés: Programme 5265 (A074800DA), Programme 5266 (A074800DA), Programme 5273 (A074800DA)
I> [27/07/2010 15:27:09] Emission de programme: Programme 5273 (A074800DA)
I> [27/07/2010 18:27:15] Réception: programme 5308 (A0702501)
I> [27/07/2010 18:27:34] Fichier reçu: C:\machines\T32\Programmes\A0702501.MZK
I> [27/07/2010 18:27:34] Programmes dans les fichiers demandés: Programme 5308 (A0702501)
