I> [27/09/2010 05:11:18] Port activé avec succès.
I> [27/09/2010 05:11:39] Appel depuis la CN de: 3984608A 3
I> [27/09/2010 05:11:44] Le programme appelé depuis la CN est trouvé: C:\machines\T32\Programmes\FLOWSERVE\3984608A 3.MZK
I> [27/09/2010 05:11:44] Programmes dans les fichiers demandés: Programme 4266 (3984608A 3), Programme 4267 (3984608A 3)
I> [27/09/2010 05:11:58] Emission de programme: Programme 4266 (3984608A 3)
I> [27/09/2010 05:12:18] Emission de programme: Programme 4267 (3984608A 3)
I> [27/09/2010 08:13:13] Port arrêté.
I> [27/09/2010 08:13:17] Port activé avec succès.
I> [27/09/2010 12:31:23] Appel depuis la CN de: 3971874G-3
I> [27/09/2010 12:31:30] Le programme appelé depuis la CN est trouvé: C:\machines\T32\Programmes\3971874G-3.MZK
I> [27/09/2010 12:31:30] Programmes dans les fichiers demandés: Programme 245 (3971874G-3), Programme 246 (3971874G-3)
I> [27/09/2010 12:31:35] Appel depuis la CN de: 3971874G-3
I> [27/09/2010 12:32:04] Le programme appelé depuis la CN est trouvé: C:\machines\T32\Programmes\3971874G-3.MZK
I> [27/09/2010 12:32:04] Programmes dans les fichiers demandés: Programme 245 (3971874G-3), Programme 246 (3971874G-3)
I> [27/09/2010 12:32:06] Emission de programme: Programme 245 (3971874G-3)
I> [27/09/2010 12:32:24] Emission de programme: Programme 246 (3971874G-3)
I> [27/09/2010 19:32:23] Appel depuis la CN de: 2980473A
I> [27/09/2010 19:32:28] Le programme appelé depuis la CN est trouvé: C:\machines\T32\Programmes\FLOWSERVE\2980473A.MZK
I> [27/09/2010 19:32:28] Programmes dans les fichiers demandés: Programme 4552 (2980473A), Programme 4553 (2980473A)
I> [27/09/2010 19:32:43] Emission de programme: Programme 4552 (2980473A)
I> [27/09/2010 19:33:05] Emission de programme: Programme 4553 (2980473A)
