I> [27/03/2012 06:11:51] Port activé avec succès.
I> [27/03/2012 09:59:56] Appel depuis la CN de: 1179900616
I> [27/03/2012 10:00:03] Le programme appelé depuis la CN est trouvé: C:\machines\T32\Programmes\MEUNIER\1179900616.MZK
I> [27/03/2012 10:00:03] Programmes dans les fichiers demandés: Programme 4178 (1179900616), Programme 4179 (1179900616)
I> [27/03/2012 10:00:08] Emission de programme: Programme 4178 (1179900616)
I> [27/03/2012 10:00:34] Emission de programme: Programme 4179 (1179900616)
I> [27/03/2012 19:31:23] Appel depuis la CN de: 3988354A
I> [27/03/2012 19:31:56] Appel depuis la CN de: 3988354A
I> [27/03/2012 19:32:02] Le programme appelé depuis la CN est trouvé: C:\machines\T32\Programmes\3988354A.MZK
I> [27/03/2012 19:32:02] Programmes dans les fichiers demandés: Programme 302 (3988354A), Programme 318 (3988354A)
I> [27/03/2012 19:33:03] Appel depuis la CN de: 3988354A
I> [27/03/2012 19:33:10] Le programme appelé depuis la CN est trouvé: C:\machines\T32\Programmes\3988354A.MZK
I> [27/03/2012 19:33:10] Programmes dans les fichiers demandés: Programme 302 (3988354A), Programme 318 (3988354A)
I> [27/03/2012 19:33:21] Emission de programme: Programme 302 (3988354A)
I> [27/03/2012 19:33:25] Emission de programme: Programme 318 (3988354A)
I> [27/03/2012 19:36:00] Appel depuis la CN de: 3988354A
I> [27/03/2012 19:36:07] Le programme appelé depuis la CN est trouvé: C:\machines\T32\Programmes\FLOWSERVE\3988354A.MZK
I> [27/03/2012 19:36:07] Programmes dans les fichiers demandés: Programme 5790 (3988354A), Programme 5792 (3988354A), Programme 5802 (3988354A), Programme 5803 (3988354A), Programme 5811 (3988354A), Programme 5812 (3988354A), Programme 5813 (3988354A)
I> [27/03/2012 19:36:18] Emission de programme: Programme 5790 (3988354A)
I> [27/03/2012 19:36:31] Emission de programme: Programme 5792 (3988354A)
I> [27/03/2012 19:36:43] Emission de programme: Programme 5802 (3988354A)
I> [27/03/2012 19:36:52] Emission de programme: Programme 5803 (3988354A)
I> [27/03/2012 19:37:22] Emission de programme: Programme 5811 (3988354A)
I> [27/03/2012 19:37:28] Emission de programme: Programme 5812 (3988354A)
I> [27/03/2012 19:37:32] Emission de programme: Programme 5813 (3988354A)
