I> [27/01/2014 07:06:33] Port activé avec succès.
I> [27/01/2014 07:19:13] Appel depuis la CN de: 74442402M
I> [27/01/2014 07:19:20] Le programme appelé depuis la CN est trouvé: C:\machines\T32\Programmes\LA CALHENE\74442402M.MZK
I> [27/01/2014 07:19:20] Programmes dans les fichiers demandés: Programme 6098 (74442402M), Programme 6099 (74442402M)
I> [27/01/2014 07:19:30] Appel depuis la CN de: 74442402M
I> [27/01/2014 07:19:35] Le programme appelé depuis la CN est trouvé: C:\machines\T32\Programmes\LA CALHENE\74442402M.MZK
I> [27/01/2014 07:19:35] Programmes dans les fichiers demandés: Programme 6098 (74442402M), Programme 6099 (74442402M)
I> [27/01/2014 07:19:46] Emission de programme: Programme 6098 (74442402M)
I> [27/01/2014 07:19:52] Emission de programme: Programme 6099 (74442402M)
I> [27/01/2014 10:22:02] Port activé avec succès.
I> [27/01/2014 11:51:27] Port activé avec succès.
I> [27/01/2014 16:46:03] Réception: programme 6265 (74443502C)
I> [27/01/2014 16:46:09] Réception: programme 6266 (74443502C)
I> [27/01/2014 16:46:30] Fichier reçu: C:\machines\T32\Programmes\74443502C.MZK
I> [27/01/2014 16:46:30] Programmes dans les fichiers demandés: Programme 6265 (74443502C), Programme 6266 (74443502C)
I> [27/01/2014 16:47:59] Appel depuis la CN de: 74443502C
I> [27/01/2014 16:48:04] Le programme appelé depuis la CN est trouvé: C:\machines\T32\Programmes\LA CALHENE\74443502C.MZK
I> [27/01/2014 16:48:04] Programmes dans les fichiers demandés: Programme 6265 (74443502C), Programme 6266 (74443502C)
I> [27/01/2014 16:49:36] Appel depuis la CN de: 81E2042
I> [27/01/2014 16:49:41] Le programme appelé depuis la CN est trouvé: C:\machines\T32\Programmes\FLOWSERVE\81E2042.MZK
I> [27/01/2014 16:49:41] Programmes dans les fichiers demandés: Programme 5971 (81E2042)
I> [27/01/2014 16:50:32] Emission de programme: Programme 5971 (81E2042)
