I> [27/09/2016 04:54:42] Port activé avec succès.
I> [27/09/2016 07:42:43] Réception: programme 6723 (212702001A)
I> [27/09/2016 07:43:00] Réception: programme 6724 (212702001A)
I> [27/09/2016 07:43:17] Réception: programme 6725 (212702001A)
I> [27/09/2016 07:43:30] Réception: programme 6726 (212702001A)
I> [27/09/2016 07:43:54] Fichier reçu: C:\machines\T32\Programmes\212702001A.MZK
I> [27/09/2016 07:43:54] Programmes dans les fichiers demandés: Programme 6723 (212702001A), Programme 6724 (212702001A), Programme 6725 (212702001A), Programme 6726 (212702001A)
I> [27/09/2016 07:46:30] Appel depuis la CN de: 212702001A
I> [27/09/2016 07:46:35] Le programme appelé depuis la CN est trouvé: C:\machines\T32\Programmes\LA CALHENE\212702001A.MZK
I> [27/09/2016 07:46:35] Programmes dans les fichiers demandés: Programme 6723 (212702001A), Programme 6724 (212702001A), Programme 6725 (212702001A), Programme 6726 (212702001A)
I> [27/09/2016 07:49:24] Appel depuis la CN de: 21270080201
I> [27/09/2016 07:49:29] Le programme appelé depuis la CN est trouvé: C:\machines\T32\Programmes\LA CALHENE\21270080201.MZK
I> [27/09/2016 07:49:29] Programmes dans les fichiers demandés: Programme 4476 (21270080201), Programme 4477 (21270080201), Programme 4478 (21270080201), Programme 4479 (21270080201), Programme 4480 (21270080201), Programme 4490 (21270080201), Programme 4491 (21270080201), Programme 5138 (21270080201), Programme 5139 (21270080201)
I> [27/09/2016 07:49:39] Emission de programme: Programme 4476 (21270080201)
I> [27/09/2016 07:49:48] Emission de programme: Programme 4477 (21270080201)
I> [27/09/2016 07:50:10] Emission de programme: Programme 4478 (21270080201)
I> [27/09/2016 07:50:24] Emission de programme: Programme 4479 (21270080201)
I> [27/09/2016 07:50:46] Emission de programme: Programme 4480 (21270080201)
I> [27/09/2016 07:51:41] Emission de programme: Programme 4490 (21270080201)
I> [27/09/2016 07:51:47] Emission de programme: Programme 4491 (21270080201)
I> [27/09/2016 07:51:51] Emission de programme: Programme 5138 (21270080201)
I> [27/09/2016 07:51:59] Emission de programme: Programme 5139 (21270080201)
I> [27/09/2016 09:47:01] Appel depuis la CN de: 21270080201
I> [27/09/2016 09:47:06] Le programme appelé depuis la CN est trouvé: C:\machines\T32\Programmes\21270080201.MZK
I> [27/09/2016 09:47:06] Programmes dans les fichiers demandés: Programme 321 (21270080201), Programme 322 (21270080201), Programme 1152 (21270080201), Programme 1153 (21270080201), Programme 1328 (21270080201), Programme 1329 (21270080201)
I> [27/09/2016 09:47:19] Emission de programme: Programme 321 (21270080201)
I> [27/09/2016 09:47:25] Emission de programme: Programme 322 (21270080201)
I> [27/09/2016 11:47:38] Appel depuis la CN de: 83531
I> [27/09/2016 11:47:42] Le programme appelé depuis la CN est trouvé: C:\machines\T32\Programmes\83531.MZK
I> [27/09/2016 11:47:42] Programmes dans les fichiers demandés: Programme 93 (83531), Programme 94 (83531), Programme 95 (83531)
I> [27/09/2016 11:48:17] Emission de programme: Programme 93 (83531)
I> [27/09/2016 11:48:37] Emission de programme: Programme 94 (83531)
I> [27/09/2016 11:49:00] Emission de programme: Programme 95 (83531)
I> [27/09/2016 16:18:13] Port activé avec succès.
