I> [27/05/2015 04:52:49] Port activé avec succès.
I> [27/05/2015 07:27:04] Port activé avec succès.
I> [27/05/2015 09:43:44] Appel depuis la CN de: 212700501
I> [27/05/2015 09:43:49] Le programme appelé depuis la CN est trouvé: C:\machines\T32\Programmes\212700501.MZK
I> [27/05/2015 09:43:49] Programmes dans les fichiers demandés: Programme 1463 (212700501), Programme 1464 (212700501), Programme 1465 (212700501), Programme 1466 (212700501), Programme 1467 (212700501)
I> [27/05/2015 09:44:07] Emission de programme: Programme 1463 (212700501)
I> [27/05/2015 11:55:25] Appel depuis la CN de: 30190300101
I> [27/05/2015 11:55:30] Le programme appelé depuis la CN est trouvé: C:\machines\T32\Programmes\LA CALHENE\30190300101.MZK
I> [27/05/2015 11:55:30] Programmes dans les fichiers demandés: Programme 4083 (30190300101), Programme 4090 (30190300101), Programme 4103 (30190300101), Programme 4104 (30190300101), Programme 5080 (30190300101), Programme 5081 (30190300101)
I> [27/05/2015 11:57:15] Emission de programme: Programme 4090 (30190300101)
I> [27/05/2015 11:58:11] Emission de programme: Programme 4104 (30190300101)
E> [27/05/2015 12:02:01] Transmission avortée. [Délai de réponse dépassé, interruption de la transmission]
I> [27/05/2015 12:05:30] Emission de programme: Programme 4104 (30190300101)
I> [27/05/2015 15:58:03] Appel depuis la CN de: 30190HASTEL
I> [27/05/2015 15:58:08] Le programme appelé depuis la CN est trouvé: C:\machines\T32\Programmes\LA CALHENE\30190HASTEL.MZK
I> [27/05/2015 15:58:08] Programmes dans les fichiers demandés: Programme 6482 (30190HASTEL), Programme 6483 (30190HASTEL), Programme 6484 (30190HASTEL), Programme 6485 (30190HASTEL)
I> [27/05/2015 15:58:39] Emission de programme: Programme 6484 (30190HASTEL)
I> [27/05/2015 15:59:01] Emission de programme: Programme 6485 (30190HASTEL)
I> [27/05/2015 15:59:51] Emission de programme: Programme 6485 (30190HASTEL)
I> [27/05/2015 18:25:35] Appel depuis la CN de: 30270HASTEL
I> [27/05/2015 18:25:39] Le programme appelé depuis la CN est trouvé: C:\machines\T32\Programmes\LA CALHENE\30270HASTEL.MZK
I> [27/05/2015 18:25:40] Programmes dans les fichiers demandés: Programme 4721 (30270HASTEL), Programme 4722 (30270HASTEL), Programme 4723 (30270HASTEL), Programme 4724 (30270HASTEL)
I> [27/05/2015 18:26:01] Emission de programme: Programme 4723 (30270HASTEL)
I> [27/05/2015 18:26:23] Emission de programme: Programme 4724 (30270HASTEL)
I> [27/05/2015 18:27:50] Emission de programme: Programme 4724 (30270HASTEL)
I> [27/05/2015 18:32:02] Appel depuis la CN de: 30270300101
I> [27/05/2015 18:32:06] Le programme appelé depuis la CN est trouvé: C:\machines\T32\Programmes\LA CALHENE\30270300101.MZK
I> [27/05/2015 18:32:07] Programmes dans les fichiers demandés: Programme 3561 (30270300101), Programme 4084 (30270300101), Programme 4087 (30270300101), Programme 4088 (30270300101)
I> [27/05/2015 18:32:26] Emission de programme: Programme 4087 (30270300101)
E> [27/05/2015 18:36:16] Transmission avortée. [Délai de réponse dépassé, interruption de la transmission]
