I> [27/09/2013 07:14:52] Port activé avec succès.
I> [27/09/2013 07:19:35] Réception: programme 6211 (221662)
I> [27/09/2013 07:19:41] Réception: programme 6212 (221662)
I> [27/09/2013 07:19:51] Réception: programme 6213 (221662)
I> [27/09/2013 07:20:01] Fichier reçu: C:\machines\T32\Programmes\221662.MZK
I> [27/09/2013 07:20:01] Programmes dans les fichiers demandés: Programme 6211 (221662), Programme 6212 (221662), Programme 6213 (221662)
I> [27/09/2013 07:41:24] Appel depuis la CN de: 78918
I> [27/09/2013 07:41:29] Le programme appelé depuis la CN est trouvé: C:\machines\T32\Programmes\FLOWSERVE\78918.MZK
I> [27/09/2013 07:41:29] Programmes dans les fichiers demandés: Programme 5507 (78918), Programme 5510 (78918)
I> [27/09/2013 07:41:51] Emission de programme: Programme 5507 (78918)
I> [27/09/2013 07:42:04] Emission de programme: Programme 5510 (78918)
I> [27/09/2013 07:42:57] Appel depuis la CN de: 78917
I> [27/09/2013 07:43:02] Le programme appelé depuis la CN est trouvé: C:\machines\T32\Programmes\FLOWSERVE\78917.MZK
I> [27/09/2013 07:43:02] Programmes dans les fichiers demandés: Programme 5508 (78917), Programme 5509 (78917)
I> [27/09/2013 07:43:10] Emission de programme: Programme 5508 (78917)
I> [27/09/2013 07:43:23] Emission de programme: Programme 5509 (78917)
I> [27/09/2013 12:44:44] Appel depuis la CN de: 151312-08
I> [27/09/2013 12:44:49] Le programme appelé depuis la CN est trouvé: C:\machines\T32\Programmes\ARO\151312-08.MZK
I> [27/09/2013 12:44:49] Programmes dans les fichiers demandés: Programme 5667 (151312-08), Programme 5668 (151312-08)
I> [27/09/2013 12:48:50] Appel depuis la CN de: 151312 08
I> [27/09/2013 12:48:55] Le programme appelé depuis la CN est trouvé: C:\machines\T32\Programmes\151312 08.MZK
I> [27/09/2013 12:48:55] Programmes dans les fichiers demandés: Programme 119 (151312 08), Programme 120 (151312 08), Programme 121 (151312 08), Programme 122 (151312 08)
I> [27/09/2013 12:49:00] Emission de programme: Programme 119 (151312 08)
I> [27/09/2013 12:49:09] Emission de programme: Programme 120 (151312 08)
I> [27/09/2013 12:49:14] Emission de programme: Programme 121 (151312 08)
I> [27/09/2013 12:49:28] Emission de programme: Programme 122 (151312 08)
