I> [27/01/2011 07:27:12] Port activé avec succès.
I> [27/01/2011 07:52:33] Réception: programme 5477 (5998307A)
I> [27/01/2011 07:52:39] Réception: programme 5478 (5998307A)
I> [27/01/2011 07:52:47] Réception: programme 5483 (5998307A)
I> [27/01/2011 07:52:54] Fichier reçu: C:\machines\T32\Programmes\5998307A.MZK
I> [27/01/2011 07:52:54] Programmes dans les fichiers demandés: Programme 5477 (5998307A), Programme 5478 (5998307A), Programme 5483 (5998307A)
I> [27/01/2011 07:53:53] Appel depuis la CN de: 5998307A
I> [27/01/2011 07:54:00] Le programme appelé depuis la CN est trouvé: C:\machines\T32\Programmes\FLOWSERVE\5998307A.MZK
I> [27/01/2011 07:54:00] Programmes dans les fichiers demandés: Programme 5477 (5998307A), Programme 5478 (5998307A), Programme 5483 (5998307A)
I> [27/01/2011 10:32:43] Réception: programme 5481 (5998155A)
I> [27/01/2011 10:32:50] Réception: programme 5482 (5998155A)
I> [27/01/2011 10:32:58] Réception: programme 5484 (5998155A)
I> [27/01/2011 10:33:03] Réception: programme 5258 (5998155A)
I> [27/01/2011 10:33:17] Fichier reçu: C:\machines\T32\Programmes\5998155A.MZK
I> [27/01/2011 10:33:17] Programmes dans les fichiers demandés: Programme 5481 (5998155A), Programme 5482 (5998155A), Programme 5484 (5998155A), Programme 5258 (5998155A)
I> [27/01/2011 10:35:52] Appel depuis la CN de: 5998155A
I> [27/01/2011 10:35:58] Le programme appelé depuis la CN est trouvé: C:\machines\T32\Programmes\FLOWSERVE\5998155A.MZK
I> [27/01/2011 10:35:58] Programmes dans les fichiers demandés: Programme 5481 (5998155A), Programme 5482 (5998155A), Programme 5484 (5998155A), Programme 5258 (5998155A)
I> [27/01/2011 12:05:22] Réception: programme 5479 (5998308A)
I> [27/01/2011 12:05:28] Réception: programme 5480 (5998308A)
I> [27/01/2011 12:05:36] Réception: programme 5485 (5998308A)
I> [27/01/2011 12:05:41] Réception: programme 5274 (5998308A)
I> [27/01/2011 12:05:58] Fichier reçu: C:\machines\T32\Programmes\5998308A.MZK
I> [27/01/2011 12:05:58] Programmes dans les fichiers demandés: Programme 5479 (5998308A), Programme 5480 (5998308A), Programme 5485 (5998308A), Programme 5274 (5998308A)
I> [27/01/2011 12:07:46] Appel depuis la CN de: 5998308A
I> [27/01/2011 12:07:53] Le programme appelé depuis la CN est trouvé: C:\machines\T32\Programmes\FLOWSERVE\5998308A.MZK
I> [27/01/2011 12:07:53] Programmes dans les fichiers demandés: Programme 5479 (5998308A), Programme 5480 (5998308A), Programme 5485 (5998308A), Programme 5274 (5998308A)
I> [27/01/2011 12:08:47] Appel depuis la CN de: 81B0001E
I> [27/01/2011 12:08:54] Le programme appelé depuis la CN est trouvé: C:\machines\T32\Programmes\81B0001E.MZK
I> [27/01/2011 12:08:54] Programmes dans les fichiers demandés: Programme 93, Données d'outil, Programme 325, Données d'outil, Programme 272, Données d'outil
I> [27/01/2011 12:09:14] Emission de programme: Programme 325
I> [27/01/2011 12:09:27] Emission de programme: Données d'outil
I> [27/01/2011 12:09:28] Emission de programme: Programme 272
I> [27/01/2011 12:09:32] Emission de programme: Données d'outil
I> [27/01/2011 17:49:20] Appel depuis la CN de: 81B0003E
E> [27/01/2011 17:49:26] N'a pu émettre le fichier: C:\machines\T32\Programmes\81B0001E.MZK [Le système ne peut pas lire le périphérique indiqué]
I> [27/01/2011 17:49:27] Le programme appelé depuis la CN est trouvé: C:\machines\T32\Programmes\81B0003E.MZK
I> [27/01/2011 17:49:27] Programmes dans les fichiers demandés: Programme 93, Données d'outil, Programme 62, Données d'outil, Programme 12, Données d'outil
I> [27/01/2011 17:49:41] Emission de programme: Programme 62
I> [27/01/2011 17:49:53] Emission de programme: Données d'outil
I> [27/01/2011 17:49:55] Emission de programme: Programme 12
I> [27/01/2011 17:49:58] Emission de programme: Données d'outil
I> [27/01/2011 17:56:05] Appel depuis la CN de: 81B0003E
I> [27/01/2011 17:56:11] Le programme appelé depuis la CN est trouvé: C:\machines\T32\Programmes\FLOWSERVE\81B0003E.MZK
I> [27/01/2011 17:56:11] Programmes dans les fichiers demandés: Programme 4095 (81B0003E), Programme 4096 (81B0003E)
I> [27/01/2011 17:59:31] Emission de programme: Programme 4095 (81B0003E)
I> [27/01/2011 18:00:04] Emission de programme: Programme 4096 (81B0003E)
