I> [27/09/2007 17:10:02] Réception: programme 21 (121900401G)
I> [27/09/2007 17:10:11] Réception: programme 22 (121900401G)
I> [27/09/2007 17:10:19] Réception: programme 23 (121900401G)
I> [27/09/2007 17:10:31] Réception: programme 24 (121900401G)
I> [27/09/2007 17:10:44] Réception: programme 4426 (121900401G)
I> [27/09/2007 17:11:13] Réception: programme 4427 (121900401G)
I> [27/09/2007 17:11:37] Réception: programme 4430 (121900401G)
I> [27/09/2007 17:11:51] Réception: programme 4442 (121900401G)
I> [27/09/2007 17:11:57] Réception: programme 4452 (121900401G)
I> [27/09/2007 17:12:04] Fichier reçu: C:\machines\T32\Programmes\121900401G.MZK
I> [27/09/2007 17:12:04] Programmes dans les fichiers demandés: Programme 21 (121900401G), Programme 22 (121900401G), Programme 23 (121900401G), Programme 24 (121900401G), Programme 4426 (121900401G), Programme 4427 (121900401G), Programme 4430 (121900401G), Programme 4442 (121900401G), Programme 4452 (121900401G)
I> [27/09/2007 17:20:06] Appel depuis la CN de: 122700301E
E> [27/09/2007 17:20:11] N'a pu émettre le fichier: C:\machines\T32\Programmes\121900401G.MZK [Le système ne peut pas lire le périphérique indiqué]
I> [27/09/2007 17:20:12] Le programme appelé depuis la CN est trouvé: C:\machines\T32\Programmes\LA CALHENE\122700301E.MZK
I> [27/09/2007 17:20:12] Programmes dans les fichiers demandés: Programme 4410 (122700301E), Programme 4411 (122700301E), Programme 4412 (122700301E), Programme 4413 (122700301E), Programme 4441 (122700301E), Programme 4443 (122700301E)
I> [27/09/2007 17:20:21] Appel depuis la CN de: 122700301E
I> [27/09/2007 17:20:29] Le programme appelé depuis la CN est trouvé: C:\machines\T32\Programmes\LA CALHENE\122700301E.MZK
I> [27/09/2007 17:20:29] Programmes dans les fichiers demandés: Programme 4410 (122700301E), Programme 4411 (122700301E), Programme 4412 (122700301E), Programme 4413 (122700301E), Programme 4441 (122700301E), Programme 4443 (122700301E)
I> [27/09/2007 17:21:25] Emission de programme: Programme 4410 (122700301E)
I> [27/09/2007 17:21:37] Emission de programme: Programme 4411 (122700301E)
I> [27/09/2007 17:21:49] Emission de programme: Programme 4412 (122700301E)
I> [27/09/2007 17:22:31] Emission de programme: Programme 4413 (122700301E)
I> [27/09/2007 17:22:54] Emission de programme: Programme 4441 (122700301E)
I> [27/09/2007 17:23:00] Emission de programme: Programme 4443 (122700301E)
