I> [27/07/2011 06:56:18] Port activé avec succès.
I> [27/07/2011 08:32:34] Réception: programme 5689 (81E8851)
I> [27/07/2011 08:32:42] Réception: programme 5690 (81E8851)
I> [27/07/2011 08:33:05] Réception: programme 5692 (81E8851)
I> [27/07/2011 08:33:21] Fichier reçu: C:\machines\T32\Programmes\81E8851.MZK
I> [27/07/2011 08:33:21] Programmes dans les fichiers demandés: Programme 5689 (81E8851), Programme 5690 (81E8851), Programme 5692 (81E8851)
I> [27/07/2011 14:48:43] Réception: programme 5246 (111504)
I> [27/07/2011 14:48:50] Réception: programme 5247 (111504)
I> [27/07/2011 14:48:58] Réception: programme 5248 (111504)
I> [27/07/2011 14:49:06] Réception: programme 5249 (111504)
I> [27/07/2011 14:49:25] Réception: programme 5250 (111504)
I> [27/07/2011 14:49:35] Réception: programme 5685 (111504)
I> [27/07/2011 14:49:43] Réception: programme 5686 (111504)
I> [27/07/2011 14:50:04] Réception: programme 5693 (111504)
I> [27/07/2011 14:50:26] Fichier reçu: C:\machines\T32\Programmes\111504.MZK
I> [27/07/2011 14:50:26] Programmes dans les fichiers demandés: Programme 5246 (111504), Programme 5247 (111504), Programme 5248 (111504), Programme 5249 (111504), Programme 5250 (111504), Programme 5685 (111504), Programme 5686 (111504), Programme 5693 (111504)
I> [27/07/2011 19:53:04] Appel depuis la CN de: 150293-11
I> [27/07/2011 19:53:11] Le programme appelé depuis la CN est trouvé: C:\machines\T32\Programmes\ARO\150293-11.MZK
I> [27/07/2011 19:53:11] Programmes dans les fichiers demandés: Programme 3990 (150293-11), Programme 3991 (150293-11)
I> [27/07/2011 19:53:22] Emission de programme: Programme 3990 (150293-11)
I> [27/07/2011 19:53:33] Emission de programme: Programme 3991 (150293-11)
