I> [27/05/2010 07:37:09] Port activé avec succès.
I> [27/05/2010 08:59:02] Réception: programme 5160 (4997897-1B)
I> [27/05/2010 08:59:13] Réception: programme 5161 (4997897-1B)
I> [27/05/2010 08:59:22] Réception: programme 5193 (4997897-1B)
I> [27/05/2010 08:59:50] Réception: programme 5194 (4997897-1B)
I> [27/05/2010 09:00:04] Fichier reçu: C:\machines\T32\Programmes\4997897-1B.MZK
I> [27/05/2010 09:00:04] Programmes dans les fichiers demandés: Programme 5160 (4997897-1B), Programme 5161 (4997897-1B), Programme 5193 (4997897-1B), Programme 5194 (4997897-1B)
I> [27/05/2010 09:00:39] Appel depuis la CN de: 4991665A
I> [27/05/2010 09:00:47] Le programme appelé depuis la CN est trouvé: C:\machines\T32\Programmes\FLOWSERVE\4991665A.MZK
I> [27/05/2010 09:00:47] Programmes dans les fichiers demandés: Programme 5159 (4991665A), Programme 5162 (4991665A), Programme 5185 (4991665A), Programme 5186 (4991665A)
I> [27/05/2010 09:00:52] Appel depuis la CN de: 4991665A
I> [27/05/2010 09:00:57] Le programme appelé depuis la CN est trouvé: C:\machines\T32\Programmes\FLOWSERVE\4991665A.MZK
I> [27/05/2010 09:00:57] Programmes dans les fichiers demandés: Programme 5159 (4991665A), Programme 5162 (4991665A), Programme 5185 (4991665A), Programme 5186 (4991665A)
I> [27/05/2010 09:01:04] Emission de programme: Programme 5159 (4991665A)
I> [27/05/2010 09:01:14] Emission de programme: Programme 5162 (4991665A)
I> [27/05/2010 09:01:22] Emission de programme: Programme 5185 (4991665A)
I> [27/05/2010 09:01:34] Emission de programme: Programme 5186 (4991665A)
I> [27/05/2010 11:46:35] Appel depuis la CN de: 4996921A
I> [27/05/2010 11:46:42] Le programme appelé depuis la CN est trouvé: C:\machines\T32\Programmes\FLOWSERVE\4996921A.MZK
I> [27/05/2010 11:46:42] Programmes dans les fichiers demandés: Programme 4678 (4996921A), Programme 4679 (4996921A)
I> [27/05/2010 11:46:47] Appel depuis la CN de: 4996921A
I> [27/05/2010 11:46:54] Le programme appelé depuis la CN est trouvé: C:\machines\T32\Programmes\FLOWSERVE\4996921A.MZK
I> [27/05/2010 11:46:54] Programmes dans les fichiers demandés: Programme 4678 (4996921A), Programme 4679 (4996921A)
I> [27/05/2010 11:46:55] Emission de programme: Programme 4678 (4996921A)
I> [27/05/2010 11:47:11] Emission de programme: Programme 4679 (4996921A)
I> [27/05/2010 11:54:22] Réception: programme 5159 (4991665A)
I> [27/05/2010 11:54:32] Réception: programme 5162 (4991665A)
I> [27/05/2010 11:54:40] Réception: programme 5185 (4991665A)
I> [27/05/2010 11:54:52] Réception: programme 5186 (4991665A)
I> [27/05/2010 11:54:59] Réception: programme 5195 (4991665A)
I> [27/05/2010 11:55:11] Fichier reçu: C:\machines\T32\Programmes\4991665A.MZK
I> [27/05/2010 11:55:11] Programmes dans les fichiers demandés: Programme 5159 (4991665A), Programme 5162 (4991665A), Programme 5185 (4991665A), Programme 5186 (4991665A), Programme 5195 (4991665A)
I> [27/05/2010 11:59:37] Appel depuis la CN de: 4991663B
I> [27/05/2010 11:59:42] Le programme appelé depuis la CN est trouvé: C:\machines\T32\Programmes\FLOWSERVE\4991663B.MZK
I> [27/05/2010 11:59:43] Programmes dans les fichiers demandés: Programme 5153 (4991663B), Programme 5154 (4991663B), Programme 5155 (4991663B), Programme 5158 (4991663B), Programme 5188 (4991663B), Programme 5189 (4991663B)
I> [27/05/2010 12:00:04] Emission de programme: Programme 5153 (4991663B)
I> [27/05/2010 12:00:09] Emission de programme: Programme 5154 (4991663B)
I> [27/05/2010 12:00:14] Emission de programme: Programme 5155 (4991663B)
I> [27/05/2010 12:00:21] Emission de programme: Programme 5158 (4991663B)
I> [27/05/2010 12:00:29] Emission de programme: Programme 5188 (4991663B)
I> [27/05/2010 12:00:38] Emission de programme: Programme 5189 (4991663B)
I> [27/05/2010 12:41:30] Appel depuis la CN de: 4991665A
I> [27/05/2010 12:41:37] Le programme appelé depuis la CN est trouvé: C:\machines\T32\Programmes\FLOWSERVE\4991665A.MZK
I> [27/05/2010 12:41:37] Programmes dans les fichiers demandés: Programme 5159 (4991665A), Programme 5162 (4991665A), Programme 5185 (4991665A), Programme 5186 (4991665A), Programme 5195 (4991665A)
I> [27/05/2010 12:41:46] Appel depuis la CN de: 4991665A
I> [27/05/2010 12:41:53] Le programme appelé depuis la CN est trouvé: C:\machines\T32\Programmes\FLOWSERVE\4991665A.MZK
I> [27/05/2010 12:41:53] Programmes dans les fichiers demandés: Programme 5159 (4991665A), Programme 5162 (4991665A), Programme 5185 (4991665A), Programme 5186 (4991665A), Programme 5195 (4991665A)
I> [27/05/2010 12:41:57] Emission de programme: Programme 5195 (4991665A)
I> [27/05/2010 15:40:20] Réception: programme 5153 (4991663B)
I> [27/05/2010 15:40:24] Réception: programme 5154 (4991663B)
I> [27/05/2010 15:40:29] Réception: programme 5155 (4991663B)
I> [27/05/2010 15:40:36] Réception: programme 5158 (4991663B)
I> [27/05/2010 15:40:44] Réception: programme 5188 (4991663B)
I> [27/05/2010 15:40:53] Réception: programme 5189 (4991663B)
I> [27/05/2010 15:40:59] Réception: programme 5196 (4991663B)
I> [27/05/2010 15:41:10] Fichier reçu: C:\machines\T32\Programmes\4991663B.MZK
I> [27/05/2010 15:41:10] Programmes dans les fichiers demandés: Programme 5153 (4991663B), Programme 5154 (4991663B), Programme 5155 (4991663B), Programme 5158 (4991663B), Programme 5188 (4991663B), Programme 5189 (4991663B), Programme 5196 (4991663B)
I> [27/05/2010 15:42:49] Appel depuis la CN de: 4991663B
I> [27/05/2010 15:42:54] Le programme appelé depuis la CN est trouvé: C:\machines\T32\Programmes\FLOWSERVE\4991663B.MZK
I> [27/05/2010 15:42:54] Programmes dans les fichiers demandés: Programme 5153 (4991663B), Programme 5154 (4991663B), Programme 5155 (4991663B), Programme 5158 (4991663B), Programme 5188 (4991663B), Programme 5189 (4991663B), Programme 5196 (4991663B)
I> [27/05/2010 15:48:41] Appel depuis la CN de: 4991664A
I> [27/05/2010 15:48:46] Le programme appelé depuis la CN est trouvé: C:\machines\T32\Programmes\FLOWSERVE\4991664A.MZK
I> [27/05/2010 15:48:46] Programmes dans les fichiers demandés: Programme 5151 (4991664A), Programme 5152 (4991664A), Programme 5156 (4991664A), Programme 5157 (4991664A), Programme 5187 (4991664A), Programme 5190 (4991664A)
I> [27/05/2010 15:49:06] Emission de programme: Programme 5151 (4991664A)
I> [27/05/2010 15:49:11] Emission de programme: Programme 5152 (4991664A)
I> [27/05/2010 15:49:16] Emission de programme: Programme 5156 (4991664A)
I> [27/05/2010 15:49:22] Emission de programme: Programme 5157 (4991664A)
I> [27/05/2010 15:49:30] Emission de programme: Programme 5187 (4991664A)
I> [27/05/2010 15:49:40] Emission de programme: Programme 5190 (4991664A)
I> [27/05/2010 18:23:16] Réception: programme 5151 (4991664A)
I> [27/05/2010 18:23:21] Réception: programme 5152 (4991664A)
I> [27/05/2010 18:23:25] Réception: programme 5156 (4991664A)
I> [27/05/2010 18:23:32] Réception: programme 5157 (4991664A)
I> [27/05/2010 18:23:40] Réception: programme 5187 (4991664A)
I> [27/05/2010 18:23:49] Réception: programme 5190 (4991664A)
I> [27/05/2010 18:23:56] Réception: programme 5197 (4991664A)
I> [27/05/2010 18:24:06] Fichier reçu: C:\machines\T32\Programmes\4991664A.MZK
I> [27/05/2010 18:24:06] Programmes dans les fichiers demandés: Programme 5151 (4991664A), Programme 5152 (4991664A), Programme 5156 (4991664A), Programme 5157 (4991664A), Programme 5187 (4991664A), Programme 5190 (4991664A), Programme 5197 (4991664A)
I> [27/05/2010 18:25:03] Appel depuis la CN de: 4991664A
I> [27/05/2010 18:25:08] Le programme appelé depuis la CN est trouvé: C:\machines\T32\Programmes\FLOWSERVE\4991664A.MZK
I> [27/05/2010 18:25:08] Programmes dans les fichiers demandés: Programme 5151 (4991664A), Programme 5152 (4991664A), Programme 5156 (4991664A), Programme 5157 (4991664A), Programme 5187 (4991664A), Programme 5190 (4991664A), Programme 5197 (4991664A)
I> [27/05/2010 18:27:11] Appel depuis la CN de: 4991663B
I> [27/05/2010 18:27:16] Le programme appelé depuis la CN est trouvé: C:\machines\T32\Programmes\FLOWSERVE\4991663B.MZK
I> [27/05/2010 18:27:16] Programmes dans les fichiers demandés: Programme 5153 (4991663B), Programme 5154 (4991663B), Programme 5155 (4991663B), Programme 5158 (4991663B), Programme 5188 (4991663B), Programme 5189 (4991663B), Programme 5196 (4991663B)
I> [27/05/2010 18:57:34] Appel depuis la CN de: C15356B
I> [27/05/2010 18:57:39] Le programme appelé depuis la CN est trouvé: C:\machines\T32\Programmes\C15356B.MZK
I> [27/05/2010 18:57:39] Programmes dans les fichiers demandés: Programme 846 (C15356B), Programme 847 (C15356B)
I> [27/05/2010 19:00:29] Appel depuis la CN de: C15356A
I> [27/05/2010 19:00:34] Le programme appelé depuis la CN est trouvé: C:\machines\T32\Programmes\C15356A.MZK
I> [27/05/2010 19:00:34] Programmes dans les fichiers demandés: Programme 15, Données d'outil, Programme 15, Données d'outil, Programme 10, Données d'outil
I> [27/05/2010 19:02:38] Emission de programme: Programme 15
I> [27/05/2010 19:02:41] Emission de programme: Données d'outil
I> [27/05/2010 19:02:43] Emission de programme: Programme 15
I> [27/05/2010 19:02:46] Emission de programme: Données d'outil
I> [27/05/2010 19:02:47] Emission de programme: Programme 10
I> [27/05/2010 19:02:50] Emission de programme: Données d'outil
