I> [27/09/2012 06:40:27] Port activé avec succès.
I> [27/09/2012 06:41:55] Réception: programme 5982 (AE6627962A)
I> [27/09/2012 06:42:03] Réception: programme 5983 (AE6627932A)
I> [27/09/2012 06:42:14] Fichier reçu: C:\machines\T32\Programmes\AE6627962A.MZK
I> [27/09/2012 06:42:14] Programmes dans les fichiers demandés: Programme 5982 (AE6627962A), Programme 5983 (AE6627932A)
I> [27/09/2012 10:00:44] Réception: programme 5984 (AE62304B)
I> [27/09/2012 10:00:52] Réception: programme 5985 (AE62304B)
I> [27/09/2012 10:01:01] Réception: programme 5986 (AE62304B)
I> [27/09/2012 10:01:11] Fichier reçu: C:\machines\T32\Programmes\AE62304B.MZK
I> [27/09/2012 10:01:11] Programmes dans les fichiers demandés: Programme 5984 (AE62304B), Programme 5985 (AE62304B), Programme 5986 (AE62304B)
I> [27/09/2012 16:03:19] Réception: programme 2 (AE6627962A)
I> [27/09/2012 16:03:25] Fichier reçu: C:\machines\T32\Programmes\AE6627962A.MZK
I> [27/09/2012 16:03:25] Programmes dans les fichiers demandés: Programme 2 (AE6627962A)
I> [27/09/2012 16:04:49] Appel depuis la CN de: AE6627962A
I> [27/09/2012 16:04:55] Le programme appelé depuis la CN est trouvé: C:\machines\T32\Programmes\AE6627962A.MZK
I> [27/09/2012 16:04:55] Programmes dans les fichiers demandés: Programme 2 (AE6627962A)
I> [27/09/2012 16:05:22] Appel depuis la CN de: AE6627962A
I> [27/09/2012 16:05:29] Le programme appelé depuis la CN est trouvé: C:\machines\T32\Programmes\AE6627962A.MZK
I> [27/09/2012 16:05:29] Programmes dans les fichiers demandés: Programme 2 (AE6627962A)
I> [27/09/2012 16:06:04] Appel depuis la CN de: AE6627962A
I> [27/09/2012 16:06:10] Le programme appelé depuis la CN est trouvé: C:\machines\T32\Programmes\AE6627962A.MZK
I> [27/09/2012 16:06:10] Programmes dans les fichiers demandés: Programme 2 (AE6627962A)
I> [27/09/2012 16:08:13] Appel depuis la CN de: AE6627962A
I> [27/09/2012 16:08:19] Le programme appelé depuis la CN est trouvé: C:\machines\T32\Programmes\AE6627962A.MZK
I> [27/09/2012 16:08:19] Programmes dans les fichiers demandés: Programme 2 (AE6627962A)
I> [27/09/2012 16:08:54] Appel depuis la CN de: 5802379-1A
I> [27/09/2012 16:09:00] Le programme appelé depuis la CN est trouvé: C:\machines\T32\Programmes\FLOWSERVE\5802379-1A.MZK
I> [27/09/2012 16:09:00] Programmes dans les fichiers demandés: Programme 5775 (5802379-1A), Programme 5776 (5802379-1A), Programme 5777 (5802379-1A), Programme 5981 (5802379-1A)
I> [27/09/2012 16:10:39] Appel depuis la CN de: AE6627962A
I> [27/09/2012 16:10:45] Le programme appelé depuis la CN est trouvé: C:\machines\T32\Programmes\AMADA\AE6627962A.MZK
I> [27/09/2012 16:10:45] Programmes dans les fichiers demandés: Programme 5982 (AE6627962A), Programme 5983 (AE6627932A)
I> [27/09/2012 16:10:52] Emission de programme: Programme 5982 (AE6627962A)
I> [27/09/2012 16:11:00] Emission de programme: Programme 5983 (AE6627932A)
I> [27/09/2012 19:35:23] Réception: programme 5987 (81C4068B)
I> [27/09/2012 19:35:36] Réception: programme 5988 (81C4068B)
I> [27/09/2012 19:35:42] Réception: programme 5989 (81C4068B)
I> [27/09/2012 19:35:50] Fichier reçu: C:\machines\T32\Programmes\81C4068B.MZK
I> [27/09/2012 19:35:50] Programmes dans les fichiers demandés: Programme 5987 (81C4068B), Programme 5988 (81C4068B), Programme 5989 (81C4068B)
