I> [27/09/2018 04:52:34] Port activé avec succès.
I> [27/09/2018 12:19:29] Appel depuis la CN de: 1161934302C
I> [27/09/2018 12:19:33] Le programme appelé depuis la CN est trouvé: C:\machines\T32\Programmes\1161934302C.MZK
I> [27/09/2018 12:19:33] Programmes dans les fichiers demandés: Programme 23, Données d'outil, Programme 36, Données d'outil, Programme 20, Données d'outil, Programme 14, Données d'outil
I> [27/09/2018 12:22:16] Appel depuis la CN de: 1161934302A
E> [27/09/2018 12:22:21] N'a pu trouver le programme appelé depuis la CN: 1161934302A.MZK [Premier répertoire recherché : C:\machines\T32\Programmes]
E> [27/09/2018 12:22:23] N'a pu émettre le fichier. [Previous remote request failed.]
I> [27/09/2018 12:24:25] Appel depuis la CN de: 1161934302A
I> [27/09/2018 12:24:30] Le programme appelé depuis la CN est trouvé: C:\machines\T32\Programmes\1161934302A.MZK
I> [27/09/2018 12:24:30] Programmes dans les fichiers demandés: Programme 15, Données d'outil, Programme 15, Données d'outil, Programme 16, Données d'outil, Programme 5, Données d'outil, Programme 18, Données d'outil
I> [27/09/2018 12:27:09] Emission de programme: Programme 15
I> [27/09/2018 12:27:13] Emission de programme: Données d'outil
I> [27/09/2018 12:27:14] Emission de programme: Programme 15
I> [27/09/2018 12:27:17] Emission de programme: Données d'outil
I> [27/09/2018 12:27:18] Emission de programme: Programme 16
I> [27/09/2018 12:27:22] Emission de programme: Données d'outil
I> [27/09/2018 12:27:23] Emission de programme: Programme 5
I> [27/09/2018 12:27:25] Emission de programme: Données d'outil
I> [27/09/2018 12:27:26] Emission de programme: Programme 18
I> [27/09/2018 12:27:30] Emission de programme: Données d'outil
I> [27/09/2018 12:27:56] Appel depuis la CN de: 1161934302C
I> [27/09/2018 12:28:01] Le programme appelé depuis la CN est trouvé: C:\machines\T32\Programmes\1161934302C.MZK
I> [27/09/2018 12:28:01] Programmes dans les fichiers demandés: Programme 23, Données d'outil, Programme 36, Données d'outil, Programme 20, Données d'outil, Programme 14, Données d'outil
I> [27/09/2018 12:28:07] Emission de programme: Programme 23
I> [27/09/2018 12:28:12] Emission de programme: Données d'outil
I> [27/09/2018 12:28:13] Emission de programme: Programme 36
I> [27/09/2018 12:28:21] Emission de programme: Données d'outil
I> [27/09/2018 12:28:22] Emission de programme: Programme 20
I> [27/09/2018 12:28:27] Emission de programme: Données d'outil
I> [27/09/2018 12:28:28] Emission de programme: Programme 14
I> [27/09/2018 12:28:31] Emission de programme: Données d'outil
