I> [27/03/2009 06:39:19] Port activé avec succès.
I> [27/03/2009 06:39:47] Réception: programme 4839 (5986988A)
I> [27/03/2009 06:39:58] Réception: programme 4844 (5986988A)
I> [27/03/2009 06:40:09] Réception: programme 4845 (5986988A)
I> [27/03/2009 06:40:25] Réception: programme 4846 (5986988A)
I> [27/03/2009 06:40:44] Réception: programme 4847 (5986988A)
I> [27/03/2009 06:40:55] Fichier reçu: C:\machines\T32\Programmes\5986988A.MZK
I> [27/03/2009 06:40:55] Programmes dans les fichiers demandés: Programme 4839 (5986988A), Programme 4844 (5986988A), Programme 4845 (5986988A), Programme 4846 (5986988A), Programme 4847 (5986988A)
I> [27/03/2009 06:42:01] Appel depuis la CN de: 5986988A
I> [27/03/2009 06:42:06] Le programme appelé depuis la CN est trouvé: C:\machines\T32\Programmes\FLOWSERVE\5986988A.MZK
I> [27/03/2009 06:42:06] Programmes dans les fichiers demandés: Programme 4839 (5986988A), Programme 4844 (5986988A), Programme 4845 (5986988A), Programme 4846 (5986988A), Programme 4847 (5986988A)
I> [27/03/2009 09:15:46] Réception: programme 4837 (4982848A)
I> [27/03/2009 09:15:56] Réception: programme 4843 (4982848A)
I> [27/03/2009 09:16:06] Réception: programme 4848 (4982848A)
I> [27/03/2009 09:16:20] Réception: programme 4849 (4982848A)
I> [27/03/2009 09:16:34] Réception: programme 4850 (4982848A)
I> [27/03/2009 09:16:46] Fichier reçu: C:\machines\T32\Programmes\4982848A.MZK
I> [27/03/2009 09:16:46] Programmes dans les fichiers demandés: Programme 4837 (4982848A), Programme 4843 (4982848A), Programme 4848 (4982848A), Programme 4849 (4982848A), Programme 4850 (4982848A)
I> [27/03/2009 09:17:55] Appel depuis la CN de: 4982848A
E> [27/03/2009 09:18:01] N'a pu émettre le fichier: C:\machines\T32\Programmes\4982848A.MZK [Le système ne peut pas lire le périphérique indiqué]
I> [27/03/2009 09:18:01] Le programme appelé depuis la CN est trouvé: C:\machines\T32\Programmes\FLOWSERVE\4982848A.MZK
I> [27/03/2009 09:18:01] Programmes dans les fichiers demandés: Programme 4837 (4982848A), Programme 4843 (4982848A), Programme 4848 (4982848A), Programme 4849 (4982848A), Programme 4850 (4982848A)
I> [27/03/2009 09:18:07] Appel depuis la CN de: 4982848A
I> [27/03/2009 09:18:12] Le programme appelé depuis la CN est trouvé: C:\machines\T32\Programmes\FLOWSERVE\4982848A.MZK
I> [27/03/2009 09:18:12] Programmes dans les fichiers demandés: Programme 4837 (4982848A), Programme 4843 (4982848A), Programme 4848 (4982848A), Programme 4849 (4982848A), Programme 4850 (4982848A)
I> [27/03/2009 11:05:17] Réception: programme 4838 (4984281A)
I> [27/03/2009 11:05:27] Réception: programme 4842 (4984281A)
I> [27/03/2009 11:05:37] Réception: programme 4851 (4984281A)
I> [27/03/2009 11:05:50] Réception: programme 4852 (4984281A)
I> [27/03/2009 11:06:05] Réception: programme 4853 (4984281A)
I> [27/03/2009 11:06:17] Fichier reçu: C:\machines\T32\Programmes\4984281A.MZK
I> [27/03/2009 11:06:17] Programmes dans les fichiers demandés: Programme 4838 (4984281A), Programme 4842 (4984281A), Programme 4851 (4984281A), Programme 4852 (4984281A), Programme 4853 (4984281A)
I> [27/03/2009 11:09:00] Appel depuis la CN de: 205009118
I> [27/03/2009 11:09:05] Le programme appelé depuis la CN est trouvé: C:\machines\T32\Programmes\205009118.MZK
I> [27/03/2009 11:09:05] Programmes dans les fichiers demandés: Programme 500 (205009118), Programme 509 (205009118)
I> [27/03/2009 11:09:14] Emission de programme: Programme 500 (205009118)
I> [27/03/2009 11:09:26] Emission de programme: Programme 509 (205009118)
