I> [27/06/2012 05:10:37] Port activé avec succès.
I> [27/06/2012 05:12:05] Appel depuis la CN de: 8492201
E> [27/06/2012 05:12:12] N'a pu trouver le programme appelé depuis la CN: 8492201.MZK [Premier répertoire recherché : C:\machines\T32\Programmes]
E> [27/06/2012 05:12:13] N'a pu émettre le fichier. [Previous remote request failed.]
E> [27/06/2012 05:12:16] N'a pu émettre le fichier. [Previous remote request failed.]
I> [27/06/2012 05:14:10] Appel depuis la CN de: 84922
E> [27/06/2012 05:14:16] N'a pu trouver le programme appelé depuis la CN: 84922.MZK [Premier répertoire recherché : C:\machines\T32\Programmes]
E> [27/06/2012 05:14:18] N'a pu émettre le fichier. [Previous remote request failed.]
E> [27/06/2012 05:14:23] N'a pu émettre le fichier. [Previous remote request failed.]
I> [27/06/2012 05:17:51] Appel depuis la CN de: 84922-01
I> [27/06/2012 05:17:57] Le programme appelé depuis la CN est trouvé: C:\machines\T32\Programmes\ARO\84922-01.MZK
I> [27/06/2012 05:17:57] Programmes dans les fichiers demandés: Programme 2530 (84922-01), Programme 2531 (84922-01)
I> [27/06/2012 05:18:06] Emission de programme: Programme 2530 (84922-01)
I> [27/06/2012 05:18:15] Emission de programme: Programme 2531 (84922-01)
I> [27/06/2012 12:48:05] Réception: programme 5953 (81D3018-1C)
I> [27/06/2012 12:48:11] Réception: programme 5954 (81D3018-1C)
I> [27/06/2012 12:48:17] Réception: programme 5955 (81D3018-1C)
I> [27/06/2012 12:48:23] Réception: programme 5956 (81D3018-1C)
I> [27/06/2012 12:48:34] Réception: programme 5957 (81D3018-1C)
I> [27/06/2012 12:48:48] Fichier reçu: C:\machines\T32\Programmes\81D3018-1C.MZK
I> [27/06/2012 12:48:48] Programmes dans les fichiers demandés: Programme 5953 (81D3018-1C), Programme 5954 (81D3018-1C), Programme 5955 (81D3018-1C), Programme 5956 (81D3018-1C), Programme 5957 (81D3018-1C)
I> [27/06/2012 20:27:26] Appel depuis la CN de: 4802907A
E> [27/06/2012 20:27:32] N'a pu émettre le fichier: C:\machines\T32\Programmes\81D3018-1C.MZK [Le système ne peut pas lire le périphérique indiqué]
I> [27/06/2012 20:27:33] Le programme appelé depuis la CN est trouvé: C:\machines\T32\Programmes\FLOWSERVE\4802907A.MZK
I> [27/06/2012 20:27:33] Programmes dans les fichiers demandés: Programme 4630 (4802907A), Programme 4632 (4802907A)
I> [27/06/2012 20:27:51] Appel depuis la CN de: 4802907A
I> [27/06/2012 20:27:58] Le programme appelé depuis la CN est trouvé: C:\machines\T32\Programmes\FLOWSERVE\4802907A.MZK
I> [27/06/2012 20:27:58] Programmes dans les fichiers demandés: Programme 4630 (4802907A), Programme 4632 (4802907A)
I> [27/06/2012 20:35:07] Appel depuis la CN de: 4802907A
I> [27/06/2012 20:35:14] Le programme appelé depuis la CN est trouvé: C:\machines\T32\Programmes\4802907A.MZK
I> [27/06/2012 20:35:14] Programmes dans les fichiers demandés: Programme 84 (4802907A), Programme 85 (4802907A), Programme 829 (4802907A), Programme 830 (4802907A), Programme 835 (4802907A)
I> [27/06/2012 20:38:43] Emission de programme: Programme 829 (4802907A)
I> [27/06/2012 20:38:51] Emission de programme: Programme 830 (4802907A)
I> [27/06/2012 20:38:57] Emission de programme: Programme 835 (4802907A)
