I> [27/11/2012 05:18:53] Port activé avec succès.
I> [27/11/2012 05:31:47] Appel depuis la CN de: 5999929A
I> [27/11/2012 05:31:53] Le programme appelé depuis la CN est trouvé: C:\machines\T32\Programmes\FLOWSERVE\5999929A.MZK
I> [27/11/2012 05:31:54] Programmes dans les fichiers demandés: Programme 5339 (5999929A), Programme 5341 (5999929A), Programme 5344 (5999929A), Programme 5345 (5999929A)
I> [27/11/2012 05:32:05] Emission de programme: Programme 5339 (5999929A)
I> [27/11/2012 05:32:12] Emission de programme: Programme 5341 (5999929A)
I> [27/11/2012 05:32:23] Emission de programme: Programme 5344 (5999929A)
I> [27/11/2012 05:32:29] Emission de programme: Programme 5345 (5999929A)
I> [27/11/2012 15:54:56] Port activé avec succès.
I> [27/11/2012 16:14:35] Appel depuis la CN de: 123500301D
I> [27/11/2012 16:14:41] Le programme appelé depuis la CN est trouvé: C:\machines\T32\Programmes\LA CALHENE\123500301D.MZK
I> [27/11/2012 16:14:41] Programmes dans les fichiers demandés: Programme 4475 (123500301D), Programme 4492 (123500301D), Programme 4493 (123500301D), Programme 4494 (123500301D), Programme 4516 (123500301D), Programme 4517 (123500301D), Programme 4524 (123500301D), Programme 5587 (123500301D), Programme 5588 (123500301D)
I> [27/11/2012 16:25:31] Emission de programme: Programme 4475 (123500301D)
I> [27/11/2012 16:25:42] Emission de programme: Programme 4492 (123500301D)
I> [27/11/2012 16:26:02] Emission de programme: Programme 4493 (123500301D)
I> [27/11/2012 16:26:26] Emission de programme: Programme 4494 (123500301D)
I> [27/11/2012 16:26:45] Emission de programme: Programme 4516 (123500301D)
I> [27/11/2012 16:27:33] Emission de programme: Programme 4517 (123500301D)
I> [27/11/2012 16:27:39] Emission de programme: Programme 4524 (123500301D)
I> [27/11/2012 16:27:44] Emission de programme: Programme 5587 (123500301D)
I> [27/11/2012 16:27:53] Emission de programme: Programme 5588 (123500301D)
