I> [27/11/2008 05:06:42] Port activé avec succès.
I> [27/11/2008 13:05:58] Réception: programme 4545 (103500102C)
I> [27/11/2008 13:06:03] Réception: programme 4546 (103500102C)
I> [27/11/2008 13:06:31] Réception: programme 4547 (103500102C)
I> [27/11/2008 13:06:43] Réception: programme 4548 (103500102C)
I> [27/11/2008 13:06:48] Réception: programme 4549 (103500102C)
I> [27/11/2008 13:07:02] Fichier reçu: C:\machines\T32\Programmes\103500102C.MZK
I> [27/11/2008 13:07:02] Programmes dans les fichiers demandés: Programme 4545 (103500102C), Programme 4546 (103500102C), Programme 4547 (103500102C), Programme 4548 (103500102C), Programme 4549 (103500102C)
I> [27/11/2008 13:09:16] Appel depuis la CN de: 103500102C
E> [27/11/2008 13:09:20] N'a pu émettre le fichier: C:\machines\T32\Programmes\103500102C.MZK [Le système ne peut pas lire le périphérique indiqué]
I> [27/11/2008 13:09:21] Le programme appelé depuis la CN est trouvé: C:\machines\T32\Programmes\LA CALHENE\103500102C.MZK
I> [27/11/2008 13:09:21] Programmes dans les fichiers demandés: Programme 4545 (103500102C), Programme 4546 (103500102C), Programme 4547 (103500102C), Programme 4548 (103500102C), Programme 4549 (103500102C)
I> [27/11/2008 13:09:26] Appel depuis la CN de: 103500102C
I> [27/11/2008 13:09:31] Le programme appelé depuis la CN est trouvé: C:\machines\T32\Programmes\LA CALHENE\103500102C.MZK
I> [27/11/2008 13:09:31] Programmes dans les fichiers demandés: Programme 4545 (103500102C), Programme 4546 (103500102C), Programme 4547 (103500102C), Programme 4548 (103500102C), Programme 4549 (103500102C)
I> [27/11/2008 16:31:44] Appel depuis la CN de: 480410B
E> [27/11/2008 16:31:49] N'a pu trouver le programme appelé depuis la CN: 480410B.MZK [Premier répertoire recherché : C:\machines\T32\Programmes]
E> [27/11/2008 16:31:51] N'a pu émettre le fichier. [Previous remote request failed.]
I> [27/11/2008 16:32:09] Appel depuis la CN de: 4804103B
E> [27/11/2008 16:32:13] N'a pu émettre le fichier. [Previous remote request failed.]
I> [27/11/2008 16:32:14] Le programme appelé depuis la CN est trouvé: C:\machines\T32\Programmes\FLOWSERVE\4804103B.MZK
I> [27/11/2008 16:32:14] Programmes dans les fichiers demandés: Programme 4703 (4804103B), Programme 4704 (4804103B), Programme 4709 (4804103B)
I> [27/11/2008 16:32:24] Appel depuis la CN de: 4804103B
I> [27/11/2008 16:32:30] Le programme appelé depuis la CN est trouvé: C:\machines\T32\Programmes\FLOWSERVE\4804103B.MZK
I> [27/11/2008 16:32:30] Programmes dans les fichiers demandés: Programme 4703 (4804103B), Programme 4704 (4804103B), Programme 4709 (4804103B)
I> [27/11/2008 16:32:34] Emission de programme: Programme 4703 (4804103B)
I> [27/11/2008 16:32:41] Emission de programme: Programme 4704 (4804103B)
I> [27/11/2008 16:32:57] Emission de programme: Programme 4709 (4804103B)
I> [27/11/2008 19:26:47] Appel depuis la CN de: 4804106A
I> [27/11/2008 19:26:52] Le programme appelé depuis la CN est trouvé: C:\machines\T32\Programmes\FLOWSERVE\4804106A.MZK
I> [27/11/2008 19:26:52] Programmes dans les fichiers demandés: Programme 4710 (4804106A), Programme 4711 (4804106A), Programme 4712 (4804106A)
I> [27/11/2008 19:27:03] Emission de programme: Programme 4710 (4804106A)
I> [27/11/2008 19:27:10] Emission de programme: Programme 4711 (4804106A)
I> [27/11/2008 19:27:19] Emission de programme: Programme 4712 (4804106A)
