I> [27/10/2010 05:09:01] Port activé avec succès.
I> [27/10/2010 09:00:27] Réception: programme 5401 (D2623A)
I> [27/10/2010 09:00:34] Réception: programme 5402 (D2623A)
I> [27/10/2010 09:00:50] Réception: programme 5403 (D2623A)
I> [27/10/2010 09:01:10] Fichier reçu: C:\machines\T32\Programmes\D2623A.MZK
I> [27/10/2010 09:01:11] Programmes dans les fichiers demandés: Programme 5401 (D2623A), Programme 5402 (D2623A), Programme 5403 (D2623A)
I> [27/10/2010 09:07:05] Appel depuis la CN de: 2976443D 1
I> [27/10/2010 09:07:10] Le programme appelé depuis la CN est trouvé: C:\machines\T32\Programmes\FLOWSERVE\2976443D 1.MZK
I> [27/10/2010 09:07:10] Programmes dans les fichiers demandés: Programme 3313 (2976443D 1), Programme 3314 (2976443D 1), Programme 3315 (2976443D 1)
I> [27/10/2010 09:07:14] Emission de programme: Programme 3313 (2976443D 1)
I> [27/10/2010 09:07:25] Emission de programme: Programme 3314 (2976443D 1)
I> [27/10/2010 09:07:59] Emission de programme: Programme 3315 (2976443D 1)
I> [27/10/2010 09:10:18] Appel depuis la CN de: 2976442D
I> [27/10/2010 09:10:26] Le programme appelé depuis la CN est trouvé: C:\machines\T32\Programmes\FLOWSERVE\2976442D.MZK
I> [27/10/2010 09:10:26] Programmes dans les fichiers demandés: Programme 3668 (2976442D), Programme 1114 (2976442D)
I> [27/10/2010 09:10:29] Appel depuis la CN de: 2976442D
I> [27/10/2010 09:10:37] Le programme appelé depuis la CN est trouvé: C:\machines\T32\Programmes\FLOWSERVE\2976442D.MZK
I> [27/10/2010 09:10:37] Programmes dans les fichiers demandés: Programme 3668 (2976442D), Programme 1114 (2976442D)
I> [27/10/2010 09:10:38] Emission de programme: Programme 3668 (2976442D)
I> [27/10/2010 09:11:16] Emission de programme: Programme 1114 (2976442D)
I> [27/10/2010 17:10:27] Appel depuis la CN de: 355309
I> [27/10/2010 17:10:32] Le programme appelé depuis la CN est trouvé: C:\machines\T32\Programmes\TOKHEIM\355309.MZK
I> [27/10/2010 17:10:32] Programmes dans les fichiers demandés: Programme 4725 (355309), Programme 4726 (355309), Programme 4804 (355309)
I> [27/10/2010 17:13:02] Emission de programme: Programme 4725 (355309)
I> [27/10/2010 17:13:22] Emission de programme: Programme 4726 (355309)
I> [27/10/2010 17:13:40] Emission de programme: Programme 4804 (355309)
