I> [27/10/2015 04:53:33] Port activé avec succès.
I> [27/10/2015 11:43:25] Appel depuis la CN de: M2010442A
I> [27/10/2015 11:43:32] Le programme appelé depuis la CN est trouvé: C:\machines\T32\Programmes\AMADA\M2010442A.MZK
I> [27/10/2015 11:43:32] Programmes dans les fichiers demandés: Programme 5442 (M2010442A), Programme 5444 (M2010442A)
I> [27/10/2015 11:43:46] Emission de programme: Programme 5442 (M2010442A)
I> [27/10/2015 11:43:59] Emission de programme: Programme 5444 (M2010442A)
I> [27/10/2015 11:47:27] Appel depuis la CN de: M2010366A
I> [27/10/2015 11:47:33] Le programme appelé depuis la CN est trouvé: C:\machines\T32\Programmes\AMADA\M2010366A.MZK
I> [27/10/2015 11:47:34] Programmes dans les fichiers demandés: Programme 5144 (M2010366A), Programme 5145 (M2010366A)
I> [27/10/2015 11:47:39] Emission de programme: Programme 5144 (M2010366A)
I> [27/10/2015 11:47:52] Emission de programme: Programme 5145 (M2010366A)
I> [27/10/2015 14:09:36] Appel depuis la CN de: 598448A
E> [27/10/2015 14:09:42] N'a pu trouver le programme appelé depuis la CN: 598448A.MZK [Premier répertoire recherché : C:\machines\T32\Programmes]
E> [27/10/2015 14:09:44] N'a pu émettre le fichier. [Previous remote request failed.]
I> [27/10/2015 14:10:12] Appel depuis la CN de: 5984438A
I> [27/10/2015 14:10:19] Le programme appelé depuis la CN est trouvé: C:\machines\T32\Programmes\5984438A.MZK
I> [27/10/2015 14:10:19] Programmes dans les fichiers demandés: Programme 218 (5984438A), Programme 219 (5984438A), Programme 226 (5984438A), Programme 227 (5984438A)
I> [27/10/2015 14:10:43] Emission de programme: Programme 226 (5984438A)
I> [27/10/2015 14:10:47] Emission de programme: Programme 227 (5984438A)
I> [27/10/2015 14:54:26] Appel depuis la CN de: 5977861
I> [27/10/2015 14:54:42] Appel depuis la CN de: 5977861
I> [27/10/2015 14:54:52] Le programme appelé depuis la CN est trouvé: C:\machines\T32\Programmes\5977861.MZK
I> [27/10/2015 14:54:52] Programmes dans les fichiers demandés: Programme 220 (5977861), Programme 221 (5977861), Programme 225 (5977861), Programme 228 (5977861)
I> [27/10/2015 14:55:12] Appel depuis la CN de: 5977861
I> [27/10/2015 14:55:19] Le programme appelé depuis la CN est trouvé: C:\machines\T32\Programmes\5977861.MZK
I> [27/10/2015 14:55:19] Programmes dans les fichiers demandés: Programme 220 (5977861), Programme 221 (5977861), Programme 225 (5977861), Programme 228 (5977861)
I> [27/10/2015 14:55:28] Emission de programme: Programme 225 (5977861)
I> [27/10/2015 14:55:32] Emission de programme: Programme 228 (5977861)
I> [27/10/2015 19:52:21] Réception: programme 6579 (M2015061A)
I> [27/10/2015 19:52:35] Réception: programme 6580 (M2015061A)
I> [27/10/2015 19:52:58] Fichier reçu: C:\machines\T32\Programmes\M2015061A.MZK
I> [27/10/2015 19:52:58] Programmes dans les fichiers demandés: Programme 6579 (M2015061A), Programme 6580 (M2015061A)
I> [27/10/2015 20:02:24] Appel depuis la CN de: 41123401C
I> [27/10/2015 20:02:31] Le programme appelé depuis la CN est trouvé: C:\machines\T32\Programmes\LA CALHENE\41123401C.MZK
I> [27/10/2015 20:02:31] Programmes dans les fichiers demandés: Programme 5841 (41123401C), Programme 5842 (41123401C)
I> [27/10/2015 20:02:45] Emission de programme: Programme 5841 (41123401C)
I> [27/10/2015 20:03:06] Emission de programme: Programme 5842 (41123401C)
