I> [28/09/2011 05:56:49] Port activé avec succès.
I> [28/09/2011 05:57:09] Appel depuis la CN de: 4806006A
I> [28/09/2011 05:57:16] Le programme appelé depuis la CN est trouvé: C:\machines\T32\Programmes\FLOWSERVE\4806006A.MZK
I> [28/09/2011 05:57:16] Programmes dans les fichiers demandés: Programme 5369 (4806006A), Programme 5370 (4806006A), Programme 5371 (4806006A), Programme 5372 (4806006A), Programme 5373 (4806006A), Programme 5374 (4806006A)
I> [28/09/2011 05:57:26] Emission de programme: Programme 5369 (4806006A)
I> [28/09/2011 05:57:35] Emission de programme: Programme 5370 (4806006A)
I> [28/09/2011 05:57:44] Emission de programme: Programme 5371 (4806006A)
I> [28/09/2011 05:57:52] Emission de programme: Programme 5372 (4806006A)
I> [28/09/2011 05:58:00] Emission de programme: Programme 5373 (4806006A)
I> [28/09/2011 05:58:10] Emission de programme: Programme 5374 (4806006A)
I> [28/09/2011 14:08:52] Appel depuis la CN de: 30350300101
I> [28/09/2011 14:08:59] Le programme appelé depuis la CN est trouvé: C:\machines\T32\Programmes\LA CALHENE\30350300101.MZK
I> [28/09/2011 14:08:59] Programmes dans les fichiers demandés: Programme 3539 (30350300101), Programme 4085 (30350300101), Programme 4086 (30350300101), Programme 4089 (30350300101)
I> [28/09/2011 14:11:17] Appel depuis la CN de: 30350300101
I> [28/09/2011 14:11:24] Le programme appelé depuis la CN est trouvé: C:\machines\T32\Programmes\30350300101.MZK
I> [28/09/2011 14:11:24] Programmes dans les fichiers demandés: Programme 3539 (30350300101), Programme 4085 (30350300101), Programme 4086 (30350300101), Programme 4089 (30350300101)
I> [28/09/2011 14:12:00] Appel depuis la CN de: 30350300101
I> [28/09/2011 14:12:06] Le programme appelé depuis la CN est trouvé: C:\machines\T32\Programmes\30350300101.MZK
I> [28/09/2011 14:12:07] Programmes dans les fichiers demandés: Programme 3539 (30350300101), Programme 4085 (30350300101), Programme 4086 (30350300101), Programme 4089 (30350300101)
I> [28/09/2011 18:26:29] Appel depuis la CN de: 122700101K
I> [28/09/2011 18:26:36] Le programme appelé depuis la CN est trouvé: C:\machines\T32\Programmes\LA CALHENE\122700101K.MZK
I> [28/09/2011 18:26:36] Programmes dans les fichiers demandés: Programme 5616 (122700101K), Programme 5617 (122700101K), Programme 5618 (122700101K), Programme 5619 (122700101K), Programme 5624 (122700101K), Programme 5625 (122700101K), Programme 5626 (122700101K), Programme 5627 (122700101K), Programme 5665 (122700101K), Programme 5666 (122700101K)
I> [28/09/2011 18:27:39] Emission de programme: Programme 5616 (122700101K)
I> [28/09/2011 18:27:46] Emission de programme: Programme 5617 (122700101K)
I> [28/09/2011 18:27:52] Emission de programme: Programme 5618 (122700101K)
I> [28/09/2011 18:27:59] Emission de programme: Programme 5619 (122700101K)
I> [28/09/2011 18:29:05] Appel depuis la CN de: 121900101Q
I> [28/09/2011 18:29:12] Le programme appelé depuis la CN est trouvé: C:\machines\T32\Programmes\LA CALHENE\121900101Q.MZK
I> [28/09/2011 18:29:12] Programmes dans les fichiers demandés: Programme 5199 (121900101Q), Programme 5217 (121900101Q), Programme 5227 (121900101Q), Programme 5228 (121900101Q), Programme 5229 (121900101Q), Programme 5230 (121900101Q), Programme 5231 (121900101Q), Programme 5232 (121900101Q), Programme 5440 (121900101Q), Programme 5441 (121900101Q)
I> [28/09/2011 18:33:44] Emission de programme: Programme 5227 (121900101Q)
I> [28/09/2011 18:33:52] Emission de programme: Programme 5228 (121900101Q)
I> [28/09/2011 18:33:59] Emission de programme: Programme 5440 (121900101Q)
I> [28/09/2011 18:34:08] Emission de programme: Programme 5441 (121900101Q)
