I> [28/04/2008 07:30:10] Port activé avec succès.
I> [28/04/2008 17:12:30] Appel depuis la CN de: 122700301E
E> [28/04/2008 17:12:35] N'a pu émettre le fichier: C:\machines\T32\Programmes\11270-55-01.MZK [Le système ne peut pas lire le périphérique indiqué]
I> [28/04/2008 17:12:36] Le programme appelé depuis la CN est trouvé: C:\machines\T32\Programmes\LA CALHENE\122700301E.MZK
I> [28/04/2008 17:12:36] Programmes dans les fichiers demandés: Programme 4410 (122700301E), Programme 4411 (122700301E), Programme 4412 (122700301E), Programme 4413 (122700301E), Programme 4441 (122700301E), Programme 4443 (122700301E)
I> [28/04/2008 17:13:06] Appel depuis la CN de: 122700301 E
E> [28/04/2008 17:13:13] N'a pu trouver le programme appelé depuis la CN: 122700301 E.MZK [Premier répertoire recherché : C:\machines\T32\Programmes]
E> [28/04/2008 17:15:12] N'a pu émettre le fichier. [Previous remote request failed.]
I> [28/04/2008 17:15:34] Appel depuis la CN de: 122700301 E
E> [28/04/2008 17:15:39] N'a pu émettre le fichier. [Previous remote request failed.]
E> [28/04/2008 17:15:39] N'a pu trouver le programme appelé depuis la CN: 122700301 E.MZK [Premier répertoire recherché : C:\machines\T32\Programmes]
I> [28/04/2008 17:15:48] Appel depuis la CN de: 122700301 E
E> [28/04/2008 17:15:52] N'a pu émettre le fichier. [Previous remote request failed.]
E> [28/04/2008 17:15:53] N'a pu trouver le programme appelé depuis la CN: 122700301 E.MZK [Premier répertoire recherché : C:\machines\T32\Programmes]
I> [28/04/2008 17:16:07] Appel depuis la CN de: 122700301 E
E> [28/04/2008 17:16:12] N'a pu émettre le fichier. [Previous remote request failed.]
E> [28/04/2008 17:16:12] N'a pu trouver le programme appelé depuis la CN: 122700301 E.MZK [Premier répertoire recherché : C:\machines\T32\Programmes]
I> [28/04/2008 17:16:34] Appel depuis la CN de: 122700301E
E> [28/04/2008 17:16:38] N'a pu émettre le fichier. [Previous remote request failed.]
I> [28/04/2008 17:16:39] Le programme appelé depuis la CN est trouvé: C:\machines\T32\Programmes\LA CALHENE\122700301E.MZK
I> [28/04/2008 17:16:39] Programmes dans les fichiers demandés: Programme 4410 (122700301E), Programme 4411 (122700301E), Programme 4412 (122700301E), Programme 4413 (122700301E), Programme 4441 (122700301E), Programme 4443 (122700301E)
I> [28/04/2008 17:18:21] Appel depuis la CN de: 122700301E
I> [28/04/2008 17:18:29] Le programme appelé depuis la CN est trouvé: C:\machines\T32\Programmes\LA CALHENE\122700301E.MZK
I> [28/04/2008 17:18:29] Programmes dans les fichiers demandés: Programme 4410 (122700301E), Programme 4411 (122700301E), Programme 4412 (122700301E), Programme 4413 (122700301E), Programme 4441 (122700301E), Programme 4443 (122700301E)
I> [28/04/2008 17:18:32] Emission de programme: Programme 4410 (122700301E)
I> [28/04/2008 17:18:43] Emission de programme: Programme 4411 (122700301E)
I> [28/04/2008 17:18:56] Emission de programme: Programme 4412 (122700301E)
I> [28/04/2008 17:19:44] Emission de programme: Programme 4413 (122700301E)
I> [28/04/2008 17:20:08] Emission de programme: Programme 4441 (122700301E)
I> [28/04/2008 17:20:14] Emission de programme: Programme 4443 (122700301E)
