I> [28/06/2010 05:25:15] Port activé avec succès.
I> [28/06/2010 05:27:22] Appel depuis la CN de: 2973080B
I> [28/06/2010 05:27:28] Le programme appelé depuis la CN est trouvé: C:\machines\T32\Programmes\2973080B.MZK
I> [28/06/2010 05:27:28] Programmes dans les fichiers demandés: Programme 867 (2973080B), Programme 869 (2973080B), Programme 870 (2973080B)
I> [28/06/2010 05:27:36] Emission de programme: Programme 867 (2973080B)
I> [28/06/2010 05:27:46] Emission de programme: Programme 869 (2973080B)
I> [28/06/2010 05:28:00] Emission de programme: Programme 870 (2973080B)
I> [28/06/2010 09:27:17] Appel depuis la CN de: 3984610A
E> [28/06/2010 09:27:22] N'a pu émettre le fichier: C:\machines\T32\Programmes\2973080B.MZK [Le système ne peut pas lire le périphérique indiqué]
I> [28/06/2010 09:27:23] Le programme appelé depuis la CN est trouvé: C:\machines\T32\Programmes\FLOWSERVE\3984610A.MZK
I> [28/06/2010 09:27:23] Programmes dans les fichiers demandés: Programme 3932 (3984610A), Programme 3935 (3984610A)
I> [28/06/2010 09:27:35] Emission de programme: Programme 3932 (3984610A)
I> [28/06/2010 09:27:55] Emission de programme: Programme 3935 (3984610A)
I> [28/06/2010 15:49:45] Appel depuis la CN de: 1179900616
I> [28/06/2010 15:49:50] Le programme appelé depuis la CN est trouvé: C:\machines\T32\Programmes\MEUNIER\1179900616.MZK
I> [28/06/2010 15:49:50] Programmes dans les fichiers demandés: Programme 4178 (1179900616), Programme 4179 (1179900616)
I> [28/06/2010 15:50:11] Emission de programme: Programme 4178 (1179900616)
I> [28/06/2010 15:50:37] Emission de programme: Programme 4179 (1179900616)
I> [28/06/2010 15:51:21] Appel depuis la CN de: 1179900616G
I> [28/06/2010 15:51:26] Le programme appelé depuis la CN est trouvé: C:\machines\T32\Programmes\MEUNIER\1179900616G.MZK
I> [28/06/2010 15:51:26] Programmes dans les fichiers demandés: Programme 4661 (1179900616G), Programme 4662 (1179900616G)
I> [28/06/2010 15:51:47] Emission de programme: Programme 4661 (1179900616G)
I> [28/06/2010 15:52:01] Emission de programme: Programme 4662 (1179900616G)
