I> [28/07/2009 05:17:36] Port activé avec succès.
I> [28/07/2009 05:29:57] Réception: programme 4903 (3983044A)
I> [28/07/2009 05:30:26] Réception: programme 4904 (3983044A)
I> [28/07/2009 05:30:50] Fichier reçu: C:\machines\T32\Programmes\3983044A.MZK
I> [28/07/2009 05:30:50] Programmes dans les fichiers demandés: Programme 4903 (3983044A), Programme 4904 (3983044A)
I> [28/07/2009 05:32:40] Appel depuis la CN de: 983044A
E> [28/07/2009 05:32:45] N'a pu émettre le fichier: C:\machines\T32\Programmes\3983044A.MZK [Le système ne peut pas lire le périphérique indiqué]
E> [28/07/2009 05:32:45] N'a pu trouver le programme appelé depuis la CN: 983044A.MZK [Premier répertoire recherché : C:\machines\T32\Programmes]
I> [28/07/2009 05:32:51] Appel depuis la CN de: 983044A
E> [28/07/2009 05:32:55] N'a pu émettre le fichier. [Previous remote request failed.]
E> [28/07/2009 05:32:56] N'a pu trouver le programme appelé depuis la CN: 983044A.MZK [Premier répertoire recherché : C:\machines\T32\Programmes]
I> [28/07/2009 05:33:14] Appel depuis la CN de: 3983044A
I> [28/07/2009 05:33:19] Le programme appelé depuis la CN est trouvé: C:\machines\T32\Programmes\FLOWSERVE\3983044A.MZK
I> [28/07/2009 05:33:19] Programmes dans les fichiers demandés: Programme 4903 (3983044A), Programme 4904 (3983044A)
I> [28/07/2009 05:41:01] Appel depuis la CN de: 2973979C 2
I> [28/07/2009 05:41:09] Le programme appelé depuis la CN est trouvé: C:\machines\T32\Programmes\FLOWSERVE\2973979C 2.MZK
I> [28/07/2009 05:41:09] Programmes dans les fichiers demandés: Programme 4033 (2973979C 2), Programme 4034 (2973979C 2)
I> [28/07/2009 05:41:15] Appel depuis la CN de: 2973979C 2
I> [28/07/2009 05:41:26] Appel depuis la CN de: 2973979C 2
I> [28/07/2009 05:41:33] Le programme appelé depuis la CN est trouvé: C:\machines\T32\Programmes\FLOWSERVE\2973979C 2.MZK
I> [28/07/2009 05:41:34] Programmes dans les fichiers demandés: Programme 4033 (2973979C 2), Programme 4034 (2973979C 2)
I> [28/07/2009 05:42:12] Emission de programme: Programme 4033 (2973979C 2)
I> [28/07/2009 05:42:32] Emission de programme: Programme 4034 (2973979C 2)
I> [28/07/2009 05:43:46] Appel depuis la CN de: 2974373E 2
I> [28/07/2009 05:43:54] Le programme appelé depuis la CN est trouvé: C:\machines\T32\Programmes\FLOWSERVE\2974373E 2.MZK
I> [28/07/2009 05:43:54] Programmes dans les fichiers demandés: Programme 4226 (2974373E 2), Programme 4229 (2974373E 2)
I> [28/07/2009 05:43:58] Appel depuis la CN de: 2974373E 2
I> [28/07/2009 05:44:03] Le programme appelé depuis la CN est trouvé: C:\machines\T32\Programmes\FLOWSERVE\2974373E 2.MZK
I> [28/07/2009 05:44:03] Programmes dans les fichiers demandés: Programme 4226 (2974373E 2), Programme 4229 (2974373E 2)
I> [28/07/2009 05:45:07] Emission de programme: Programme 4226 (2974373E 2)
I> [28/07/2009 05:45:30] Emission de programme: Programme 4229 (2974373E 2)
