I> [28/04/2011 05:11:01] Port activé avec succès.
I> [28/04/2011 08:51:54] Réception: programme 5589 (121902401C)
I> [28/04/2011 08:52:49] Réception: programme 5590 (121900401G)
I> [28/04/2011 08:52:57] Fichier reçu: C:\machines\T32\Programmes\121902401C.MZK
I> [28/04/2011 08:52:57] Programmes dans les fichiers demandés: Programme 5589 (121902401C), Programme 5590 (121900401G)
I> [28/04/2011 09:05:54] Appel depuis la CN de: 12
E> [28/04/2011 09:06:01] N'a pu émettre le fichier: C:\machines\T32\Programmes\121902401C.MZK [Le système ne peut pas lire le périphérique indiqué]
I> [28/04/2011 09:06:01] Le programme appelé depuis la CN est trouvé: C:\machines\T32\Programmes\12.MZK
I> [28/04/2011 09:06:01] Programmes dans les fichiers demandés: Programme 2 (12190 24 01), Programme 3 (12190 24 01), Programme 4 (12190 24 01)
I> [28/04/2011 09:06:27] Appel depuis la CN de: 12
I> [28/04/2011 09:06:34] Le programme appelé depuis la CN est trouvé: C:\machines\T32\Programmes\12.MZK
I> [28/04/2011 09:06:34] Programmes dans les fichiers demandés: Programme 2 (12190 24 01), Programme 3 (12190 24 01), Programme 4 (12190 24 01)
I> [28/04/2011 09:06:47] Emission de programme: Programme 4 (12190 24 01)
I> [28/04/2011 17:12:39] Appel depuis la CN de: 12190.45.01
I> [28/04/2011 17:12:46] Le programme appelé depuis la CN est trouvé: C:\machines\T32\Programmes\LA CALHENE\12190.45.01.MZK
I> [28/04/2011 17:12:46] Programmes dans les fichiers demandés: Programme 5058 (12190.45.01), Programme 5059 (12190.45.01), Programme 5060 (12190.45.01), Programme 5061 (12190.45.01), Programme 5072 (12190.45.01), Programme 5073 (12190.45.01)
I> [28/04/2011 17:19:15] Appel depuis la CN de: 121900101Q
I> [28/04/2011 17:19:21] Le programme appelé depuis la CN est trouvé: C:\machines\T32\Programmes\LA CALHENE\121900101Q.MZK
I> [28/04/2011 17:19:22] Programmes dans les fichiers demandés: Programme 5199 (121900101Q), Programme 5217 (121900101Q), Programme 5227 (121900101Q), Programme 5228 (121900101Q), Programme 5229 (121900101Q), Programme 5230 (121900101Q), Programme 5231 (121900101Q), Programme 5232 (121900101Q), Programme 5440 (121900101Q), Programme 5441 (121900101Q)
E> [28/04/2011 17:23:20] Transmission avortée. [Délai de réponse dépassé, interruption de la transmission]
