I> [28/04/2015 04:54:00] Port activé avec succès.
I> [28/04/2015 06:05:36] Appel depuis la CN de: 21270080201
I> [28/04/2015 06:05:41] Le programme appelé depuis la CN est trouvé: C:\machines\T32\Programmes\LA CALHENE\21270080201.MZK
I> [28/04/2015 06:05:41] Programmes dans les fichiers demandés: Programme 4476 (21270080201), Programme 4477 (21270080201), Programme 4478 (21270080201), Programme 4479 (21270080201), Programme 4480 (21270080201), Programme 4490 (21270080201), Programme 4491 (21270080201), Programme 5138 (21270080201), Programme 5139 (21270080201)
I> [28/04/2015 06:05:52] Emission de programme: Programme 4476 (21270080201)
I> [28/04/2015 06:06:02] Emission de programme: Programme 4477 (21270080201)
I> [28/04/2015 06:06:24] Emission de programme: Programme 4478 (21270080201)
I> [28/04/2015 06:06:38] Emission de programme: Programme 4479 (21270080201)
I> [28/04/2015 06:07:00] Emission de programme: Programme 4480 (21270080201)
I> [28/04/2015 06:07:55] Emission de programme: Programme 4490 (21270080201)
I> [28/04/2015 06:08:01] Emission de programme: Programme 4491 (21270080201)
I> [28/04/2015 06:08:06] Emission de programme: Programme 5138 (21270080201)
I> [28/04/2015 06:08:14] Emission de programme: Programme 5139 (21270080201)
I> [28/04/2015 08:20:22] Appel depuis la CN de: NOIX CHAINE
I> [28/04/2015 08:20:27] Le programme appelé depuis la CN est trouvé: C:\machines\T32\Programmes\CRD\NOIX CHAINE.MZK
I> [28/04/2015 08:20:27] Programmes dans les fichiers demandés: Programme 5938 (NOIX CHAINE), Programme 5939 (NOIX CHAINE)
I> [28/04/2015 08:22:50] Appel depuis la CN de: NOIX CHAINE
I> [28/04/2015 08:22:54] Le programme appelé depuis la CN est trouvé: C:\machines\T32\Programmes\NOIX CHAINE.MZK
I> [28/04/2015 08:22:55] Programmes dans les fichiers demandés: Programme 1289 (NOIX CHAINE), Programme 1290 (NOIX CHAINE), Programme 1291 (NOIX CHAINE), Programme 1292 (NOIX CHAINE), Programme 1293 (NOIX CHAINE), Programme 1294 (NOIX CHAINE)
I> [28/04/2015 15:56:07] Port activé avec succès.
