I> [28/04/06 05:30:33] Réception: programme 2301 (2974373E 2)
I> [28/04/06 05:30:47] Réception: programme 2302 (2974373E 2)
I> [28/04/06 05:31:06] Fichier reçu: C:\machines\T32\Programmes\2974373E 2.MZK
I> [28/04/06 05:31:06] Programmes dans les fichiers demandés: Programme 2301 (2974373E 2), Programme 2302 (2974373E 2)
I> [28/04/06 11:29:34] Appel depuis la CN de: 88127-01
I> [28/04/06 11:29:42] Le programme appelé depuis la CN est trouvé: C:\machines\T32\Programmes\ARO\88127-01.MZK
I> [28/04/06 11:29:42] Programmes dans les fichiers demandés: Programme 4123 (88127-01), Programme 4124 (88127-01)
I> [28/04/06 11:29:50] Emission de programme: Programme 4123 (88127-01)
I> [28/04/06 11:29:58] Emission de programme: Programme 4124 (88127-01)
I> [28/04/06 11:44:03] Appel depuis la CN de: 87293
I> [28/04/06 11:44:11] Le programme appelé depuis la CN est trouvé: C:\machines\T32\Programmes\ARO\87293.MZK
I> [28/04/06 11:44:12] Programmes dans les fichiers demandés: Programme 3878 (87293), Programme 3879 (87293)
I> [28/04/06 11:44:18] Emission de programme: Programme 3878 (87293)
I> [28/04/06 11:44:27] Emission de programme: Programme 3879 (87293)
I> [28/04/06 14:02:17] Réception: programme 4123 (88127-01)
I> [28/04/06 14:02:25] Réception: programme 4124 (88127-01)
I> [28/04/06 14:02:35] Fichier reçu: C:\machines\T32\Programmes\88127-01.MZK
I> [28/04/06 14:02:35] Programmes dans les fichiers demandés: Programme 4123 (88127-01), Programme 4124 (88127-01)
I> [28/04/06 16:32:44] Réception: programme 2301 (2974373E 2)
I> [28/04/06 16:32:58] Réception: programme 2302 (2974373E 2)
I> [28/04/06 16:33:16] Fichier reçu: C:\machines\T32\Programmes\2974373E 2.MZK
I> [28/04/06 16:33:17] Programmes dans les fichiers demandés: Programme 2301 (2974373E 2), Programme 2302 (2974373E 2)
