I> [28/05/2014 05:10:06] Port activé avec succès.
I> [28/05/2014 07:48:30] Appel depuis la CN de: 4810310A
I> [28/05/2014 07:48:35] Le programme appelé depuis la CN est trouvé: C:\machines\T32\Programmes\FLOWSERVE\4810310A.MZK
I> [28/05/2014 07:48:35] Programmes dans les fichiers demandés: Programme 6337 (4810310A), Programme 6338 (4810310A), Programme 6339 (4810310A), Programme 6340 (4810310A)
I> [28/05/2014 07:48:42] Emission de programme: Programme 6337 (4810310A)
I> [28/05/2014 07:48:47] Emission de programme: Programme 6338 (4810310A)
I> [28/05/2014 07:48:54] Emission de programme: Programme 6339 (4810310A)
I> [28/05/2014 07:49:19] Emission de programme: Programme 6340 (4810310A)
I> [28/05/2014 09:14:39] Réception: programme 6337 (4810310A)
I> [28/05/2014 09:14:45] Réception: programme 6338 (4810310A)
I> [28/05/2014 09:14:51] Réception: programme 6339 (4810310A)
I> [28/05/2014 09:15:16] Réception: programme 6340 (4810310A)
I> [28/05/2014 09:15:25] Réception: programme 6382 (4810310A)
I> [28/05/2014 09:15:35] Réception: programme 6383 (4810310A)
I> [28/05/2014 09:15:56] Fichier reçu: C:\machines\T32\Programmes\4810310A.MZK
I> [28/05/2014 09:15:57] Programmes dans les fichiers demandés: Programme 6337 (4810310A), Programme 6338 (4810310A), Programme 6339 (4810310A), Programme 6340 (4810310A), Programme 6382 (4810310A), Programme 6383 (4810310A)
I> [28/05/2014 09:17:32] Appel depuis la CN de: 4810310A
I> [28/05/2014 09:17:37] Le programme appelé depuis la CN est trouvé: C:\machines\T32\Programmes\FLOWSERVE\4810310A.MZK
I> [28/05/2014 09:17:37] Programmes dans les fichiers demandés: Programme 6337 (4810310A), Programme 6338 (4810310A), Programme 6339 (4810310A), Programme 6340 (4810310A), Programme 6382 (4810310A), Programme 6383 (4810310A)
I> [28/05/2014 09:30:34] Appel depuis la CN de: 2979992A
I> [28/05/2014 09:30:39] Le programme appelé depuis la CN est trouvé: C:\machines\T32\Programmes\FLOWSERVE\2979992A.MZK
I> [28/05/2014 09:30:39] Programmes dans les fichiers demandés: Programme 5067 (2979992A), Programme 5068 (2979992A)
I> [28/05/2014 09:34:06] Emission de programme: Programme 5068 (2979992A)
I> [28/05/2014 10:51:49] Appel depuis la CN de: 2979992A
I> [28/05/2014 10:51:54] Le programme appelé depuis la CN est trouvé: C:\machines\T32\Programmes\2979992A.MZK
I> [28/05/2014 10:51:54] Programmes dans les fichiers demandés: Programme 5067 (2979992A), Programme 5068 (2979992A)
I> [28/05/2014 18:54:54] Appel depuis la CN de: 102700901K1
I> [28/05/2014 18:55:00] Le programme appelé depuis la CN est trouvé: C:\machines\T32\Programmes\LA CALHENE\102700901K1.MZK
I> [28/05/2014 18:55:00] Programmes dans les fichiers demandés: Programme 5543 (102700901K1), Programme 5544 (102700901K1), Programme 5548 (102700901K1), Programme 5549 (102700901K1), Programme 5694 (102700901K1), Programme 5695 (102700901K1), Programme 5696 (102700901K1), Programme 5697 (102700901K1), Programme 5706 (102700901K1), Programme 5707 (102700901K1)
I> [28/05/2014 18:56:26] Emission de programme: Programme 5706 (102700901K1)
I> [28/05/2014 18:56:41] Emission de programme: Programme 5707 (102700901K1)
