I> [28/06/2016 04:47:47] Port activé avec succès.
I> [28/06/2016 09:58:30] Appel depuis la CN de: 121900101Q
I> [28/06/2016 09:58:35] Le programme appelé depuis la CN est trouvé: C:\machines\T32\Programmes\LA CALHENE\121900101Q.MZK
I> [28/06/2016 09:58:36] Programmes dans les fichiers demandés: Programme 5199 (121900101Q), Programme 5217 (121900101Q), Programme 5227 (121900101Q), Programme 5228 (121900101Q), Programme 5229 (121900101Q), Programme 5230 (121900101Q), Programme 5231 (121900101Q), Programme 5232 (121900101Q), Programme 5440 (121900101Q), Programme 5441 (121900101Q)
I> [28/06/2016 09:59:05] Emission de programme: Programme 5230 (121900101Q)
I> [28/06/2016 11:28:07] Réception: programme 6667 (D21361A44)
I> [28/06/2016 11:28:30] Réception: programme 6673 (D21361A44)
I> [28/06/2016 11:28:53] Réception: programme 6674 (D21361A44)
I> [28/06/2016 11:29:02] Fichier reçu: C:\machines\T32\Programmes\D21361A44.MZK
I> [28/06/2016 11:29:02] Programmes dans les fichiers demandés: Programme 6667 (D21361A44), Programme 6673 (D21361A44), Programme 6674 (D21361A44)
I> [28/06/2016 15:22:36] Réception: programme 6666 (M734122D)
I> [28/06/2016 15:22:57] Réception: programme 6675 (M734122D)
I> [28/06/2016 15:23:20] Réception: programme 6676 (M734122D)
I> [28/06/2016 15:23:36] Fichier reçu: C:\machines\T32\Programmes\M734122D.MZK
I> [28/06/2016 15:23:36] Programmes dans les fichiers demandés: Programme 6666 (M734122D), Programme 6675 (M734122D), Programme 6676 (M734122D)
I> [28/06/2016 15:25:09] Appel depuis la CN de: M734122D
I> [28/06/2016 15:25:14] Le programme appelé depuis la CN est trouvé: C:\machines\T32\Programmes\FLOWSERVE\M734122D.MZK
I> [28/06/2016 15:25:14] Programmes dans les fichiers demandés: Programme 6666 (M734122D), Programme 6675 (M734122D), Programme 6676 (M734122D)
I> [28/06/2016 17:42:47] Réception: programme 6668 (YF00116AA)
I> [28/06/2016 17:43:08] Réception: programme 6672 (YF00116AA)
I> [28/06/2016 17:43:31] Réception: programme 6677 (YF00116AA)
I> [28/06/2016 17:43:46] Fichier reçu: C:\machines\T32\Programmes\YF00116AA.MZK
I> [28/06/2016 17:43:46] Programmes dans les fichiers demandés: Programme 6668 (YF00116AA), Programme 6672 (YF00116AA), Programme 6677 (YF00116AA)
I> [28/06/2016 17:47:26] Appel depuis la CN de: YF00116AA
I> [28/06/2016 17:47:30] Le programme appelé depuis la CN est trouvé: C:\machines\T32\Programmes\FLOWSERVE\YF00116AA.MZK
I> [28/06/2016 17:47:31] Programmes dans les fichiers demandés: Programme 6668 (YF00116AA), Programme 6672 (YF00116AA), Programme 6677 (YF00116AA)
I> [28/06/2016 17:57:08] Appel depuis la CN de: 121900101Q
I> [28/06/2016 17:57:12] Le programme appelé depuis la CN est trouvé: C:\machines\T32\Programmes\LA CALHENE\121900101Q.MZK
I> [28/06/2016 17:57:12] Programmes dans les fichiers demandés: Programme 5199 (121900101Q), Programme 5217 (121900101Q), Programme 5227 (121900101Q), Programme 5228 (121900101Q), Programme 5229 (121900101Q), Programme 5230 (121900101Q), Programme 5231 (121900101Q), Programme 5232 (121900101Q), Programme 5440 (121900101Q), Programme 5441 (121900101Q)
I> [28/06/2016 17:58:53] Emission de programme: Programme 5231 (121900101Q)
I> [28/06/2016 17:59:21] Emission de programme: Programme 5232 (121900101Q)
