I> [28/02/2012 07:17:43] Port activé avec succès.
I> [28/02/2012 07:25:22] Port activé avec succès.
I> [28/02/2012 08:35:04] Réception: programme 5837 (PF2079)
I> [28/02/2012 08:35:25] Fichier reçu: C:\machines\T32\Programmes\PF2079.MZK
I> [28/02/2012 08:35:25] Programmes dans les fichiers demandés: Programme 5837 (PF2079)
I> [28/02/2012 08:41:57] Port activé avec succès.
I> [28/02/2012 08:58:47] Appel depuis la CN de: 8691303
E> [28/02/2012 08:58:53] N'a pu trouver le programme appelé depuis la CN: 8691303.MZK [Premier répertoire recherché : C:\machines\T32\Programmes]
E> [28/02/2012 09:00:58] N'a pu émettre le fichier. [Previous remote request failed.]
E> [28/02/2012 09:01:01] N'a pu émettre le fichier. [Previous remote request failed.]
I> [28/02/2012 09:01:10] Appel depuis la CN de: 8691303
E> [28/02/2012 09:01:17] N'a pu trouver le programme appelé depuis la CN: 8691303.MZK [Premier répertoire recherché : C:\machines\T32\Programmes]
I> [28/02/2012 09:01:34] Appel depuis la CN de: 8690303
I> [28/02/2012 09:01:41] Le programme appelé depuis la CN est trouvé: C:\machines\T32\Programmes\8690303.MZK
I> [28/02/2012 09:01:41] Programmes dans les fichiers demandés: Programme 193 (8690303), Programme 194 (8690303)
I> [28/02/2012 09:02:12] Emission de programme: Programme 193 (8690303)
I> [28/02/2012 09:02:17] Emission de programme: Programme 194 (8690303)
I> [28/02/2012 14:56:02] Réception: programme 5837 (PF2079)
I> [28/02/2012 14:56:23] Fichier reçu: C:\machines\T32\Programmes\PF2079.MZK
I> [28/02/2012 14:56:23] Programmes dans les fichiers demandés: Programme 5837 (PF2079)
I> [28/02/2012 20:24:55] Réception: programme 5838 (C16970)
I> [28/02/2012 20:25:03] Fichier reçu: C:\machines\T32\Programmes\C16970.MZK
I> [28/02/2012 20:25:03] Programmes dans les fichiers demandés: Programme 5838 (C16970)
I> [28/02/2012 20:28:17] Appel depuis la CN de: 4990704A
I> [28/02/2012 20:28:23] Le programme appelé depuis la CN est trouvé: C:\machines\T32\Programmes\FLOWSERVE\4990704A.MZK
I> [28/02/2012 20:28:23] Programmes dans les fichiers demandés: Programme 4282 (4990704A), Programme 4283 (4990704A), Programme 4284 (4990704A), Programme 4293 (4990704A), Programme 4294 (4990704A)
I> [28/02/2012 20:30:41] Emission de programme: Programme 4282 (4990704A)
I> [28/02/2012 20:30:47] Emission de programme: Programme 4283 (4990704A)
I> [28/02/2012 20:31:00] Emission de programme: Programme 4284 (4990704A)
I> [28/02/2012 20:31:10] Emission de programme: Programme 4293 (4990704A)
I> [28/02/2012 20:31:24] Emission de programme: Programme 4294 (4990704A)
