I> [28/01/2011 05:16:10] Port activé avec succès.
I> [28/01/2011 07:19:26] Réception: programme 5486 (81B0001E)
I> [28/01/2011 07:19:55] Réception: programme 5487 (81B0001E)
I> [28/01/2011 07:20:05] Fichier reçu: C:\machines\T32\Programmes\81B0001E.MZK
I> [28/01/2011 07:20:05] Programmes dans les fichiers demandés: Programme 5486 (81B0001E), Programme 5487 (81B0001E)
I> [28/01/2011 07:21:24] Appel depuis la CN de: 81B0001E
I> [28/01/2011 07:21:30] Le programme appelé depuis la CN est trouvé: C:\machines\T32\Programmes\FLOWSERVE\81B0001E.MZK
I> [28/01/2011 07:21:31] Programmes dans les fichiers demandés: Programme 5486 (81B0001E), Programme 5487 (81B0001E)
I> [28/01/2011 08:57:50] Réception: programme 4095 (81B0003E)
I> [28/01/2011 08:58:23] Réception: programme 4096 (81B0003E)
I> [28/01/2011 08:58:47] Réception: programme 5488 (81B0003E)
I> [28/01/2011 08:58:58] Fichier reçu: C:\machines\T32\Programmes\81B0003E.MZK
I> [28/01/2011 08:58:58] Programmes dans les fichiers demandés: Programme 4095 (81B0003E), Programme 4096 (81B0003E), Programme 5488 (81B0003E)
I> [28/01/2011 09:04:15] Appel depuis la CN de: 81B0003E
I> [28/01/2011 09:04:22] Le programme appelé depuis la CN est trouvé: C:\machines\T32\Programmes\FLOWSERVE\81B0003E.MZK
I> [28/01/2011 09:04:22] Programmes dans les fichiers demandés: Programme 4095 (81B0003E), Programme 4096 (81B0003E), Programme 5488 (81B0003E)
I> [28/01/2011 09:27:52] Appel depuis la CN de: 2975322C
I> [28/01/2011 09:27:59] Le programme appelé depuis la CN est trouvé: C:\machines\T32\Programmes\2975322C.MZK
I> [28/01/2011 09:27:59] Programmes dans les fichiers demandés: Programme 334, Données d'outil, Programme 296, Données d'outil, Programme 319, Données d'outil
I> [28/01/2011 09:28:33] Appel depuis la CN de: 2975322C
I> [28/01/2011 09:28:40] Le programme appelé depuis la CN est trouvé: C:\machines\T32\Programmes\2975322C.MZK
I> [28/01/2011 09:28:40] Programmes dans les fichiers demandés: Programme 334, Données d'outil, Programme 296, Données d'outil, Programme 319, Données d'outil
I> [28/01/2011 09:32:22] Appel depuis la CN de: 2975322C
I> [28/01/2011 09:32:29] Le programme appelé depuis la CN est trouvé: C:\machines\T32\Programmes\2975322C.MZK
I> [28/01/2011 09:32:29] Programmes dans les fichiers demandés: Programme 334, Données d'outil, Programme 296, Données d'outil, Programme 319, Données d'outil
I> [28/01/2011 09:33:09] Emission de programme: Programme 296
I> [28/01/2011 09:33:18] Emission de programme: Données d'outil
I> [28/01/2011 09:33:19] Emission de programme: Programme 319
I> [28/01/2011 09:33:31] Emission de programme: Données d'outil
I> [28/01/2011 13:39:38] Appel depuis la CN de: 2981728A
I> [28/01/2011 13:39:44] Le programme appelé depuis la CN est trouvé: C:\machines\T32\Programmes\2981728A.MZK
I> [28/01/2011 13:39:44] Programmes dans les fichiers demandés: Programme 94, Données d'outil, Programme 52, Données d'outil, Programme 13, Données d'outil
I> [28/01/2011 13:40:05] Emission de programme: Programme 94
I> [28/01/2011 13:40:23] Emission de programme: Données d'outil
I> [28/01/2011 13:40:24] Emission de programme: Programme 52
I> [28/01/2011 13:40:34] Emission de programme: Données d'outil
I> [28/01/2011 13:40:35] Emission de programme: Programme 13
I> [28/01/2011 13:40:39] Emission de programme: Données d'outil
