I> [28/09/2012 06:00:22] Port activé avec succès.
I> [28/09/2012 10:46:18] Réception: programme 5990 (5801358-0B)
I> [28/09/2012 10:46:27] Réception: programme 5991 (5801358-0B)
I> [28/09/2012 10:46:33] Réception: programme 5992 (5801358-0B)
I> [28/09/2012 10:46:37] Réception: programme 5993 (5801358-0B)
I> [28/09/2012 10:46:53] Réception: programme 5994 (5801358-0B)
I> [28/09/2012 10:47:03] Fichier reçu: C:\machines\T32\Programmes\5801358-0B.MZK
I> [28/09/2012 10:47:03] Programmes dans les fichiers demandés: Programme 5990 (5801358-0B), Programme 5991 (5801358-0B), Programme 5992 (5801358-0B), Programme 5993 (5801358-0B), Programme 5994 (5801358-0B)
I> [28/09/2012 11:20:44] Appel depuis la CN de: 121900101Q
I> [28/09/2012 11:20:50] Le programme appelé depuis la CN est trouvé: C:\machines\T32\Programmes\LA CALHENE\121900101Q.MZK
I> [28/09/2012 11:20:51] Programmes dans les fichiers demandés: Programme 5199 (121900101Q), Programme 5217 (121900101Q), Programme 5227 (121900101Q), Programme 5228 (121900101Q), Programme 5229 (121900101Q), Programme 5230 (121900101Q), Programme 5231 (121900101Q), Programme 5232 (121900101Q), Programme 5440 (121900101Q), Programme 5441 (121900101Q)
I> [28/09/2012 11:21:04] Emission de programme: Programme 5199 (121900101Q)
I> [28/09/2012 11:21:10] Emission de programme: Programme 5217 (121900101Q)
I> [28/09/2012 11:21:14] Emission de programme: Programme 5227 (121900101Q)
I> [28/09/2012 11:21:23] Emission de programme: Programme 5228 (121900101Q)
I> [28/09/2012 11:21:29] Emission de programme: Programme 5229 (121900101Q)
I> [28/09/2012 11:21:47] Emission de programme: Programme 5230 (121900101Q)
I> [28/09/2012 11:22:00] Emission de programme: Programme 5231 (121900101Q)
I> [28/09/2012 11:22:29] Emission de programme: Programme 5232 (121900101Q)
I> [28/09/2012 11:23:11] Emission de programme: Programme 5440 (121900101Q)
I> [28/09/2012 11:23:21] Emission de programme: Programme 5441 (121900101Q)
