I> [28/03/2013 05:39:28] Port activé avec succès.
I> [28/03/2013 05:40:45] Appel depuis la CN de: 122700101K
I> [28/03/2013 05:40:51] Le programme appelé depuis la CN est trouvé: C:\machines\T32\Programmes\LA CALHENE\122700101K.MZK
I> [28/03/2013 05:40:52] Programmes dans les fichiers demandés: Programme 5616 (122700101K), Programme 5617 (122700101K), Programme 5618 (122700101K), Programme 5619 (122700101K), Programme 5624 (122700101K), Programme 5625 (122700101K), Programme 5626 (122700101K), Programme 5627 (122700101K), Programme 5665 (122700101K), Programme 5666 (122700101K)
I> [28/03/2013 05:41:06] Emission de programme: Programme 5616 (122700101K)
I> [28/03/2013 05:41:13] Emission de programme: Programme 5617 (122700101K)
I> [28/03/2013 09:46:41] Appel depuis la CN de: 21270080201
I> [28/03/2013 09:46:47] Le programme appelé depuis la CN est trouvé: C:\machines\T32\Programmes\LA CALHENE\21270080201.MZK
I> [28/03/2013 09:46:47] Programmes dans les fichiers demandés: Programme 4476 (21270080201), Programme 4477 (21270080201), Programme 4478 (21270080201), Programme 4479 (21270080201), Programme 4480 (21270080201), Programme 4490 (21270080201), Programme 4491 (21270080201), Programme 5138 (21270080201), Programme 5139 (21270080201)
I> [28/03/2013 09:47:54] Emission de programme: Programme 4477 (21270080201)
I> [28/03/2013 09:48:16] Emission de programme: Programme 4480 (21270080201)
I> [28/03/2013 11:54:28] Réception: programme 6147 (30190500101)
I> [28/03/2013 11:54:35] Réception: programme 6148 (30190500101)
I> [28/03/2013 11:54:41] Réception: programme 6149 (30190500101)
I> [28/03/2013 11:54:51] Réception: programme 6150 (30190500101)
I> [28/03/2013 11:55:00] Réception: programme 6151 (30190050101)
I> [28/03/2013 11:55:08] Réception: programme 4477 (21270080201)
I> [28/03/2013 11:55:29] Réception: programme 4480 (21270080201)
I> [28/03/2013 11:56:25] Fichier reçu: C:\machines\T32\Programmes\30190500101.MZK
I> [28/03/2013 11:56:25] Programmes dans les fichiers demandés: Programme 6147 (30190500101), Programme 6148 (30190500101), Programme 6149 (30190500101), Programme 6150 (30190500101), Programme 6151 (30190050101), Programme 4477 (21270080201), Programme 4480 (21270080201)
I> [28/03/2013 12:16:47] Appel depuis la CN de: 114600102L
I> [28/03/2013 12:16:53] Le programme appelé depuis la CN est trouvé: C:\machines\T32\Programmes\LA CALHENE\114600102L.MZK
I> [28/03/2013 12:16:53] Programmes dans les fichiers demandés: Programme 5701 (114600102L), Programme 5702 (114600102L), Programme 5703 (114600102L), Programme 5704 (114600102L)
I> [28/03/2013 12:17:01] Emission de programme: Programme 5701 (114600102L)
I> [28/03/2013 12:17:07] Emission de programme: Programme 5702 (114600102L)
I> [28/03/2013 12:19:45] Emission de programme: Programme 5702 (114600102L)
I> [28/03/2013 12:21:28] Emission de programme: Programme 5703 (114600102L)
I> [28/03/2013 12:21:43] Emission de programme: Programme 5704 (114600102L)
