I> [28/07/2015 04:53:03] Port activé avec succès.
I> [28/07/2015 15:50:26] Appel depuis la CN de: 81C3005J
I> [28/07/2015 15:50:31] Le programme appelé depuis la CN est trouvé: C:\machines\T32\Programmes\FLOWSERVE\81C3005J.MZK
I> [28/07/2015 15:50:31] Programmes dans les fichiers demandés: Programme 714 (81C3005J), Programme 715 (81C3005J), Programme 716 (81C3005J), Programme 720 (81C3005J), Programme 721 (81C3005J), Programme 722 (81C3005J), Programme 723 (81C3005J)
I> [28/07/2015 15:50:39] Emission de programme: Programme 714 (81C3005J)
I> [28/07/2015 15:50:44] Emission de programme: Programme 715 (81C3005J)
I> [28/07/2015 15:50:51] Emission de programme: Programme 716 (81C3005J)
I> [28/07/2015 15:50:59] Emission de programme: Programme 720 (81C3005J)
I> [28/07/2015 15:51:03] Emission de programme: Programme 721 (81C3005J)
I> [28/07/2015 15:51:24] Emission de programme: Programme 722 (81C3005J)
I> [28/07/2015 15:51:35] Emission de programme: Programme 723 (81C3005J)
I> [28/07/2015 16:24:48] Appel depuis la CN de: 81C005J 1
E> [28/07/2015 16:24:53] N'a pu trouver le programme appelé depuis la CN: 81C005J 1.MZK [Premier répertoire recherché : C:\machines\T32\Programmes]
E> [28/07/2015 16:24:55] N'a pu émettre le fichier. [Previous remote request failed.]
E> [28/07/2015 16:25:00] N'a pu émettre le fichier. [Previous remote request failed.]
I> [28/07/2015 16:25:30] Appel depuis la CN de: 81C3005J 1
I> [28/07/2015 16:25:34] Le programme appelé depuis la CN est trouvé: C:\machines\T32\Programmes\FLOWSERVE\81C3005J 1.MZK
I> [28/07/2015 16:25:34] Programmes dans les fichiers demandés: Programme 229 (81C3005J 1), Programme 235 (81C3005J 1), Programme 236 (81C3005J 1), Programme 237 (81C3005J 1), Programme 238 (81C3005J 1)
I> [28/07/2015 16:31:33] Emission de programme: Programme 229 (81C3005J 1)
I> [28/07/2015 16:31:40] Emission de programme: Programme 235 (81C3005J 1)
I> [28/07/2015 16:31:48] Emission de programme: Programme 236 (81C3005J 1)
I> [28/07/2015 16:32:10] Emission de programme: Programme 237 (81C3005J 1)
I> [28/07/2015 16:32:19] Emission de programme: Programme 238 (81C3005J 1)
