I> [28/09/2007 05:48:52] Appel depuis la CN de: 121900401G
I> [28/09/2007 05:48:58] Le programme appelé depuis la CN est trouvé: C:\machines\T32\Programmes\LA CALHENE\121900401G.MZK
I> [28/09/2007 05:48:58] Programmes dans les fichiers demandés: Programme 4424 (121900401G), Programme 4425 (121900401G), Programme 4426 (121900401G), Programme 4427 (121900401G), Programme 4430 (121900401G), Programme 4442 (121900401G), Programme 4452 (121900401G)
I> [28/09/2007 06:23:35] Appel depuis la CN de: MA7105 3
E> [28/09/2007 06:23:40] N'a pu trouver le programme appelé depuis la CN: MA7105 3.MZK [Premier répertoire recherché : C:\machines\T32\Programmes]
E> [28/09/2007 06:23:40] N'a pu émettre le fichier. [Previous remote request failed.]
I> [28/09/2007 06:24:22] Appel depuis la CN de: MA7105 3
E> [28/09/2007 06:24:27] N'a pu trouver le programme appelé depuis la CN: MA7105 3.MZK [Premier répertoire recherché : C:\machines\T32\Programmes]
E> [28/09/2007 06:24:29] N'a pu émettre le fichier. [Previous remote request failed.]
I> [28/09/2007 06:24:41] Appel depuis la CN de: MA7105 3
E> [28/09/2007 06:24:47] N'a pu trouver le programme appelé depuis la CN: MA7105 3.MZK [Premier répertoire recherché : C:\machines\T32\Programmes]
E> [28/09/2007 06:24:47] N'a pu émettre le fichier. [Previous remote request failed.]
I> [28/09/2007 06:27:00] Appel depuis la CN de: 2978653A 3
I> [28/09/2007 06:27:05] Le programme appelé depuis la CN est trouvé: C:\machines\T32\Programmes\DRESSER\2978653A 3.MZK
I> [28/09/2007 06:27:05] Programmes dans les fichiers demandés: Programme 1876 (2978653A 3), Programme 1877 (2978653A 3)
I> [28/09/2007 06:28:05] Appel depuis la CN de: P362733H
E> [28/09/2007 06:28:11] N'a pu trouver le programme appelé depuis la CN: P362733H.MZK [Premier répertoire recherché : C:\machines\T32\Programmes]
E> [28/09/2007 06:28:11] N'a pu émettre le fichier. [Previous remote request failed.]
I> [28/09/2007 06:28:21] Appel depuis la CN de: P362733H
E> [28/09/2007 06:28:26] N'a pu émettre le fichier. [Previous remote request failed.]
E> [28/09/2007 06:28:26] N'a pu trouver le programme appelé depuis la CN: P362733H.MZK [Premier répertoire recherché : C:\machines\T32\Programmes]
I> [28/09/2007 07:32:29] Appel depuis la CN de: 134992 3
E> [28/09/2007 07:32:34] N'a pu trouver le programme appelé depuis la CN: 134992 3.MZK [Premier répertoire recherché : C:\machines\T32\Programmes]
E> [28/09/2007 07:32:35] N'a pu émettre le fichier. [Previous remote request failed.]
I> [28/09/2007 07:33:27] Appel depuis la CN de: 134992 3
E> [28/09/2007 07:33:33] N'a pu trouver le programme appelé depuis la CN: 134992 3.MZK [Premier répertoire recherché : C:\machines\T32\Programmes]
E> [28/09/2007 07:33:34] N'a pu émettre le fichier. [Previous remote request failed.]
I> [28/09/2007 07:33:51] Appel depuis la CN de: 134992 3
E> [28/09/2007 07:33:56] N'a pu trouver le programme appelé depuis la CN: 134992 3.MZK [Premier répertoire recherché : C:\machines\T32\Programmes]
E> [28/09/2007 07:34:00] N'a pu émettre le fichier. [Previous remote request failed.]
I> [28/09/2007 07:34:29] Appel depuis la CN de: 1349923
E> [28/09/2007 07:34:35] N'a pu trouver le programme appelé depuis la CN: 1349923.MZK [Premier répertoire recherché : C:\machines\T32\Programmes]
E> [28/09/2007 07:34:35] N'a pu émettre le fichier. [Previous remote request failed.]
I> [28/09/2007 07:39:51] Appel depuis la CN de: 134992 3
I> [28/09/2007 07:39:56] Le programme appelé depuis la CN est trouvé: C:\machines\T32\Programmes\DRESSER\134992 3.MZK
I> [28/09/2007 07:39:56] Programmes dans les fichiers demandés: Programme 17 (134992 3)
I> [28/09/2007 08:54:42] Port arrêté.
I> [28/09/2007 08:54:42] Port activé avec succès.
I> [28/09/2007 08:54:58] Port arrêté.
I> [28/09/2007 08:54:58] Port activé avec succès.
I> [28/09/2007 11:01:06] Appel depuis la CN de: 121900401G
I> [28/09/2007 11:01:12] Le programme appelé depuis la CN est trouvé: C:\machines\T32\Programmes\121900401G.MZK
I> [28/09/2007 11:01:12] Programmes dans les fichiers demandés: Programme 21 (121900401G), Programme 22 (121900401G), Programme 23 (121900401G), Programme 24 (121900401G), Programme 4426 (121900401G), Programme 4427 (121900401G), Programme 4430 (121900401G), Programme 4442 (121900401G), Programme 4452 (121900401G)
I> [28/09/2007 11:42:48] Port arrêté.
I> [28/09/2007 11:42:53] Port activé avec succès.
I> [28/09/2007 13:57:38] Réception: programme 25 (122700301E)
I> [28/09/2007 13:57:49] Réception: programme 26 (122700301E)
I> [28/09/2007 13:58:01] Réception: programme 4412 (122700301E)
I> [28/09/2007 13:58:44] Réception: programme 4413 (122700301E)
I> [28/09/2007 13:59:07] Réception: programme 4441 (122700301E)
I> [28/09/2007 13:59:13] Réception: programme 4443 (122700301E)
I> [28/09/2007 13:59:20] Fichier reçu: C:\machines\T32\Programmes\122700301E.MZK
I> [28/09/2007 13:59:20] Programmes dans les fichiers demandés: Programme 25 (122700301E)
I> [28/09/2007 13:59:20] Fichier existant sauvegardé: C:\MACHINES\T32\SAUVEGARDES\122700301E_01.MZK
I> [28/09/2007 13:59:20] Fichier reçu: C:\machines\T32\Programmes\122700301E.MZK
I> [28/09/2007 13:59:20] Programmes dans les fichiers demandés: Programme 26 (122700301E)
I> [28/09/2007 13:59:20] Fichier existant sauvegardé: C:\MACHINES\T32\SAUVEGARDES\122700301E_02.MZK
I> [28/09/2007 13:59:20] Fichier reçu: C:\machines\T32\Programmes\122700301E.MZK
I> [28/09/2007 13:59:20] Programmes dans les fichiers demandés: Programme 4412 (122700301E)
I> [28/09/2007 13:59:20] Fichier existant sauvegardé: C:\MACHINES\T32\SAUVEGARDES\122700301E_03.MZK
I> [28/09/2007 13:59:20] Fichier reçu: C:\machines\T32\Programmes\122700301E.MZK
I> [28/09/2007 13:59:20] Programmes dans les fichiers demandés: Programme 4413 (122700301E)
I> [28/09/2007 13:59:20] Fichier existant sauvegardé: C:\MACHINES\T32\SAUVEGARDES\122700301E_04.MZK
I> [28/09/2007 13:59:20] Fichier reçu: C:\machines\T32\Programmes\122700301E.MZK
I> [28/09/2007 13:59:20] Programmes dans les fichiers demandés: Programme 4441 (122700301E)
I> [28/09/2007 13:59:20] Fichier existant sauvegardé: C:\MACHINES\T32\SAUVEGARDES\122700301E_05.MZK
I> [28/09/2007 13:59:20] Fichier reçu: C:\machines\T32\Programmes\122700301E.MZK
I> [28/09/2007 13:59:20] Programmes dans les fichiers demandés: Programme 4443 (122700301E)
I> [28/09/2007 14:02:02] Réception: programme 25 (122700301E)
I> [28/09/2007 14:02:14] Réception: programme 26 (122700301E)
I> [28/09/2007 14:02:26] Réception: programme 4412 (122700301E)
I> [28/09/2007 14:03:08] Réception: programme 4413 (122700301E)
I> [28/09/2007 14:03:32] Réception: programme 4441 (122700301E)
I> [28/09/2007 14:03:38] Réception: programme 4443 (122700301E)
I> [28/09/2007 14:03:44] Fichier reçu: C:\machines\T32\Programmes\122700301E.MZK
I> [28/09/2007 14:03:44] Programmes dans les fichiers demandés: Programme 25 (122700301E)
I> [28/09/2007 14:03:44] Fichier existant sauvegardé: C:\MACHINES\T32\SAUVEGARDES\122700301E_06.MZK
I> [28/09/2007 14:03:44] Fichier reçu: C:\machines\T32\Programmes\122700301E.MZK
I> [28/09/2007 14:03:44] Programmes dans les fichiers demandés: Programme 26 (122700301E)
I> [28/09/2007 14:03:44] Fichier existant sauvegardé: C:\MACHINES\T32\SAUVEGARDES\122700301E_07.MZK
I> [28/09/2007 14:03:44] Fichier reçu: C:\machines\T32\Programmes\122700301E.MZK
I> [28/09/2007 14:03:44] Programmes dans les fichiers demandés: Programme 4412 (122700301E)
I> [28/09/2007 14:03:44] Fichier existant sauvegardé: C:\MACHINES\T32\SAUVEGARDES\122700301E_08.MZK
I> [28/09/2007 14:03:44] Fichier reçu: C:\machines\T32\Programmes\122700301E.MZK
I> [28/09/2007 14:03:44] Programmes dans les fichiers demandés: Programme 4413 (122700301E)
I> [28/09/2007 14:03:44] Fichier existant sauvegardé: C:\MACHINES\T32\SAUVEGARDES\122700301E_09.MZK
I> [28/09/2007 14:03:44] Fichier reçu: C:\machines\T32\Programmes\122700301E.MZK
I> [28/09/2007 14:03:44] Programmes dans les fichiers demandés: Programme 4441 (122700301E)
I> [28/09/2007 14:03:44] Fichier existant sauvegardé: C:\MACHINES\T32\SAUVEGARDES\122700301E_10.MZK
I> [28/09/2007 14:03:44] Fichier reçu: C:\machines\T32\Programmes\122700301E.MZK
I> [28/09/2007 14:03:44] Programmes dans les fichiers demandés: Programme 4443 (122700301E)
I> [28/09/2007 14:05:39] Réception: programme 25 (122700301E)
I> [28/09/2007 14:05:50] Réception: programme 26 (122700301E)
I> [28/09/2007 14:06:03] Réception: programme 4412 (122700301E)
I> [28/09/2007 14:06:45] Réception: programme 4413 (122700301E)
I> [28/09/2007 14:07:08] Réception: programme 4441 (122700301E)
I> [28/09/2007 14:07:15] Réception: programme 4443 (122700301E)
I> [28/09/2007 14:07:21] Fichier reçu: C:\machines\T32\Programmes\122700301E.MZK
I> [28/09/2007 14:07:21] Programmes dans les fichiers demandés: Programme 25 (122700301E)
I> [28/09/2007 14:07:21] Fichier existant sauvegardé: C:\MACHINES\T32\SAUVEGARDES\122700301E_11.MZK
I> [28/09/2007 14:07:21] Fichier reçu: C:\machines\T32\Programmes\122700301E.MZK
I> [28/09/2007 14:07:21] Programmes dans les fichiers demandés: Programme 26 (122700301E)
I> [28/09/2007 14:07:21] Fichier existant sauvegardé: C:\MACHINES\T32\SAUVEGARDES\122700301E_12.MZK
I> [28/09/2007 14:07:21] Fichier reçu: C:\machines\T32\Programmes\122700301E.MZK
I> [28/09/2007 14:07:21] Programmes dans les fichiers demandés: Programme 4412 (122700301E)
I> [28/09/2007 14:07:21] Fichier existant sauvegardé: C:\MACHINES\T32\SAUVEGARDES\122700301E_13.MZK
I> [28/09/2007 14:07:21] Fichier reçu: C:\machines\T32\Programmes\122700301E.MZK
I> [28/09/2007 14:07:21] Programmes dans les fichiers demandés: Programme 4413 (122700301E)
I> [28/09/2007 14:07:21] Fichier existant sauvegardé: C:\MACHINES\T32\SAUVEGARDES\122700301E_14.MZK
I> [28/09/2007 14:07:21] Fichier reçu: C:\machines\T32\Programmes\122700301E.MZK
I> [28/09/2007 14:07:21] Programmes dans les fichiers demandés: Programme 4441 (122700301E)
I> [28/09/2007 14:07:21] Fichier existant sauvegardé: C:\MACHINES\T32\SAUVEGARDES\122700301E_15.MZK
I> [28/09/2007 14:07:21] Fichier reçu: C:\machines\T32\Programmes\122700301E.MZK
I> [28/09/2007 14:07:21] Programmes dans les fichiers demandés: Programme 4443 (122700301E)
I> [28/09/2007 14:08:47] Réception: programme 25 (122700301E)
I> [28/09/2007 14:08:58] Réception: programme 26 (122700301E)
I> [28/09/2007 14:09:10] Réception: programme 4412 (122700301E)
I> [28/09/2007 14:09:53] Réception: programme 4413 (122700301E)
I> [28/09/2007 14:10:16] Réception: programme 4441 (122700301E)
I> [28/09/2007 14:10:24] Fichier reçu: C:\machines\T32\Programmes\122700301E.MZK
I> [28/09/2007 14:10:24] Programmes dans les fichiers demandés: Programme 25 (122700301E)
I> [28/09/2007 14:10:24] Fichier existant sauvegardé: C:\MACHINES\T32\SAUVEGARDES\122700301E_16.MZK
I> [28/09/2007 14:10:24] Fichier reçu: C:\machines\T32\Programmes\122700301E.MZK
I> [28/09/2007 14:10:24] Programmes dans les fichiers demandés: Programme 26 (122700301E)
I> [28/09/2007 14:10:24] Fichier existant sauvegardé: C:\MACHINES\T32\SAUVEGARDES\122700301E_17.MZK
I> [28/09/2007 14:10:24] Fichier reçu: C:\machines\T32\Programmes\122700301E.MZK
I> [28/09/2007 14:10:24] Programmes dans les fichiers demandés: Programme 4412 (122700301E)
I> [28/09/2007 14:10:24] Fichier existant sauvegardé: C:\MACHINES\T32\SAUVEGARDES\122700301E_18.MZK
I> [28/09/2007 14:10:24] Fichier reçu: C:\machines\T32\Programmes\122700301E.MZK
I> [28/09/2007 14:10:24] Programmes dans les fichiers demandés: Programme 4413 (122700301E)
I> [28/09/2007 14:10:24] Fichier existant sauvegardé: C:\MACHINES\T32\SAUVEGARDES\122700301E_19.MZK
I> [28/09/2007 14:10:24] Fichier reçu: C:\machines\T32\Programmes\122700301E.MZK
I> [28/09/2007 14:10:24] Programmes dans les fichiers demandés: Programme 4441 (122700301E)
I> [28/09/2007 14:12:13] Port activé avec succès.
I> [28/09/2007 14:16:44] Réception: programme 25 (122700301E)
I> [28/09/2007 14:16:55] Réception: programme 26 (122700301E)
I> [28/09/2007 14:17:07] Réception: programme 4412 (122700301E)
I> [28/09/2007 14:17:50] Réception: programme 4413 (122700301E)
I> [28/09/2007 14:18:13] Réception: programme 4441 (122700301E)
I> [28/09/2007 14:18:19] Réception: programme 4443 (122700301E)
I> [28/09/2007 14:18:26] Fichier reçu: C:\machines\T32\Programmes\122700301E.MZK
I> [28/09/2007 14:18:26] Programmes dans les fichiers demandés: Programme 25 (122700301E)
I> [28/09/2007 14:18:26] Fichier existant sauvegardé: C:\MACHINES\T32\SAUVEGARDES\122700301E_20.MZK
I> [28/09/2007 14:18:26] Fichier reçu: C:\machines\T32\Programmes\122700301E.MZK
I> [28/09/2007 14:18:26] Programmes dans les fichiers demandés: Programme 26 (122700301E)
I> [28/09/2007 14:18:26] Fichier existant sauvegardé: C:\MACHINES\T32\SAUVEGARDES\122700301E_21.MZK
I> [28/09/2007 14:18:26] Fichier reçu: C:\machines\T32\Programmes\122700301E.MZK
I> [28/09/2007 14:18:26] Programmes dans les fichiers demandés: Programme 4412 (122700301E)
I> [28/09/2007 14:18:26] Fichier existant sauvegardé: C:\MACHINES\T32\SAUVEGARDES\122700301E_22.MZK
I> [28/09/2007 14:18:26] Fichier reçu: C:\machines\T32\Programmes\122700301E.MZK
I> [28/09/2007 14:18:26] Programmes dans les fichiers demandés: Programme 4413 (122700301E)
I> [28/09/2007 14:18:26] Fichier existant sauvegardé: C:\MACHINES\T32\SAUVEGARDES\122700301E_23.MZK
I> [28/09/2007 14:18:26] Fichier reçu: C:\machines\T32\Programmes\122700301E.MZK
I> [28/09/2007 14:18:26] Programmes dans les fichiers demandés: Programme 4441 (122700301E)
I> [28/09/2007 14:18:26] Fichier existant sauvegardé: C:\MACHINES\T32\SAUVEGARDES\122700301E_24.MZK
I> [28/09/2007 14:18:26] Fichier reçu: C:\machines\T32\Programmes\122700301E.MZK
I> [28/09/2007 14:18:26] Programmes dans les fichiers demandés: Programme 4443 (122700301E)
I> [28/09/2007 14:26:08] Port arrêté.
I> [28/09/2007 14:26:12] Port activé avec succès.
I> [28/09/2007 14:26:15] Réception: programme 25 (122700301E)
I> [28/09/2007 14:26:26] Réception: programme 26 (122700301E)
I> [28/09/2007 14:26:38] Réception: programme 4412 (122700301E)
I> [28/09/2007 14:27:21] Réception: programme 4413 (122700301E)
I> [28/09/2007 14:27:45] Réception: programme 4441 (122700301E)
I> [28/09/2007 14:27:51] Réception: programme 4443 (122700301E)
I> [28/09/2007 14:27:57] Fichier reçu: C:\machines\T32\Programmes\122700301E.MZK
I> [28/09/2007 14:27:57] Programmes dans les fichiers demandés: Programme 25 (122700301E)
I> [28/09/2007 14:27:57] Fichier existant sauvegardé: C:\MACHINES\T32\SAUVEGARDES\122700301E_25.MZK
I> [28/09/2007 14:27:57] Fichier reçu: C:\machines\T32\Programmes\122700301E.MZK
I> [28/09/2007 14:27:57] Programmes dans les fichiers demandés: Programme 26 (122700301E)
I> [28/09/2007 14:27:57] Fichier existant sauvegardé: C:\MACHINES\T32\SAUVEGARDES\122700301E_26.MZK
I> [28/09/2007 14:27:57] Fichier reçu: C:\machines\T32\Programmes\122700301E.MZK
I> [28/09/2007 14:27:57] Programmes dans les fichiers demandés: Programme 4412 (122700301E)
I> [28/09/2007 14:27:57] Fichier existant sauvegardé: C:\MACHINES\T32\SAUVEGARDES\122700301E_27.MZK
I> [28/09/2007 14:27:57] Fichier reçu: C:\machines\T32\Programmes\122700301E.MZK
I> [28/09/2007 14:27:57] Programmes dans les fichiers demandés: Programme 4413 (122700301E)
I> [28/09/2007 14:27:57] Fichier existant sauvegardé: C:\MACHINES\T32\SAUVEGARDES\122700301E_28.MZK
I> [28/09/2007 14:27:57] Fichier reçu: C:\machines\T32\Programmes\122700301E.MZK
I> [28/09/2007 14:27:57] Programmes dans les fichiers demandés: Programme 4441 (122700301E)
I> [28/09/2007 14:27:57] Fichier existant sauvegardé: C:\MACHINES\T32\SAUVEGARDES\122700301E_29.MZK
I> [28/09/2007 14:27:57] Fichier reçu: C:\machines\T32\Programmes\122700301E.MZK
I> [28/09/2007 14:27:57] Programmes dans les fichiers demandés: Programme 4443 (122700301E)
I> [28/09/2007 14:45:28] Réception: programme 25 (122700301E)
I> [28/09/2007 14:45:40] Réception: programme 26 (122700301E)
I> [28/09/2007 14:45:52] Réception: programme 4412 (122700301E)
I> [28/09/2007 14:46:35] Réception: programme 4413 (122700301E)
I> [28/09/2007 14:46:59] Réception: programme 4441 (122700301E)
I> [28/09/2007 14:47:05] Réception: programme 4443 (122700301E)
I> [28/09/2007 14:47:11] Fichier reçu: C:\machines\T32\Programmes\122700301E.MZK
I> [28/09/2007 14:47:11] Programmes dans les fichiers demandés: Programme 25 (122700301E)
I> [28/09/2007 14:47:11] Fichier existant sauvegardé: C:\MACHINES\T32\SAUVEGARDES\122700301E_30.MZK
I> [28/09/2007 14:47:11] Fichier reçu: C:\machines\T32\Programmes\122700301E.MZK
I> [28/09/2007 14:47:11] Programmes dans les fichiers demandés: Programme 26 (122700301E)
I> [28/09/2007 14:47:11] Fichier existant sauvegardé: C:\MACHINES\T32\SAUVEGARDES\122700301E_31.MZK
I> [28/09/2007 14:47:11] Fichier reçu: C:\machines\T32\Programmes\122700301E.MZK
I> [28/09/2007 14:47:11] Programmes dans les fichiers demandés: Programme 4412 (122700301E)
I> [28/09/2007 14:47:11] Fichier existant sauvegardé: C:\MACHINES\T32\SAUVEGARDES\122700301E_32.MZK
I> [28/09/2007 14:47:11] Fichier reçu: C:\machines\T32\Programmes\122700301E.MZK
I> [28/09/2007 14:47:11] Programmes dans les fichiers demandés: Programme 4413 (122700301E)
I> [28/09/2007 14:47:11] Fichier existant sauvegardé: C:\MACHINES\T32\SAUVEGARDES\122700301E_33.MZK
I> [28/09/2007 14:47:11] Fichier reçu: C:\machines\T32\Programmes\122700301E.MZK
I> [28/09/2007 14:47:11] Programmes dans les fichiers demandés: Programme 4441 (122700301E)
I> [28/09/2007 14:47:11] Fichier existant sauvegardé: C:\MACHINES\T32\SAUVEGARDES\122700301E_34.MZK
I> [28/09/2007 14:47:11] Fichier reçu: C:\machines\T32\Programmes\122700301E.MZK
I> [28/09/2007 14:47:11] Programmes dans les fichiers demandés: Programme 4443 (122700301E)
I> [28/09/2007 14:49:07] Réception: programme 25 (122700301E)
I> [28/09/2007 14:49:18] Réception: programme 26 (122700301E)
I> [28/09/2007 14:49:32] Fichier reçu: C:\machines\T32\Programmes\122700301E.MZK
I> [28/09/2007 14:49:32] Programmes dans les fichiers demandés: Programme 25 (122700301E)
I> [28/09/2007 14:49:32] Fichier existant sauvegardé: C:\MACHINES\T32\SAUVEGARDES\122700301E_35.MZK
I> [28/09/2007 14:49:32] Fichier reçu: C:\machines\T32\Programmes\122700301E.MZK
I> [28/09/2007 14:49:32] Programmes dans les fichiers demandés: Programme 26 (122700301E)
I> [28/09/2007 14:55:11] Appel depuis la CN de: 122700301E
I> [28/09/2007 14:55:17] Le programme appelé depuis la CN est trouvé: C:\machines\T32\Programmes\LA CALHENE\122700301E.MZK
I> [28/09/2007 14:55:17] Programmes dans les fichiers demandés: Programme 4410 (122700301E), Programme 4411 (122700301E), Programme 4412 (122700301E), Programme 4413 (122700301E), Programme 4441 (122700301E), Programme 4443 (122700301E)
I> [28/09/2007 14:59:15] Appel depuis la CN de: 134992 3
I> [28/09/2007 14:59:21] Le programme appelé depuis la CN est trouvé: C:\machines\T32\Programmes\DRESSER\134992 3.MZK
I> [28/09/2007 14:59:21] Programmes dans les fichiers demandés: Programme 17 (134992 3)
I> [28/09/2007 15:04:30] Réception: programme 25 (122700301E)
I> [28/09/2007 15:04:42] Réception: programme 26 (122700301E)
I> [28/09/2007 15:04:54] Réception: programme 27 (122700301E)
I> [28/09/2007 15:05:36] Réception: programme 28 (122700301E)
I> [28/09/2007 15:05:59] Réception: programme 29 (122700301E)
I> [28/09/2007 15:06:05] Réception: programme 30 (122700301E)
I> [28/09/2007 15:06:12] Fichier reçu: C:\machines\T32\Programmes\122700301E.MZK
I> [28/09/2007 15:06:12] Programmes dans les fichiers demandés: Programme 25 (122700301E)
I> [28/09/2007 15:06:12] Fichier existant sauvegardé: C:\MACHINES\T32\SAUVEGARDES\122700301E_36.MZK
I> [28/09/2007 15:06:12] Fichier reçu: C:\machines\T32\Programmes\122700301E.MZK
I> [28/09/2007 15:06:12] Programmes dans les fichiers demandés: Programme 26 (122700301E)
I> [28/09/2007 15:06:12] Fichier existant sauvegardé: C:\MACHINES\T32\SAUVEGARDES\122700301E_37.MZK
I> [28/09/2007 15:06:12] Fichier reçu: C:\machines\T32\Programmes\122700301E.MZK
I> [28/09/2007 15:06:12] Programmes dans les fichiers demandés: Programme 27 (122700301E)
I> [28/09/2007 15:06:12] Fichier existant sauvegardé: C:\MACHINES\T32\SAUVEGARDES\122700301E_38.MZK
I> [28/09/2007 15:06:12] Fichier reçu: C:\machines\T32\Programmes\122700301E.MZK
I> [28/09/2007 15:06:12] Programmes dans les fichiers demandés: Programme 28 (122700301E)
I> [28/09/2007 15:06:12] Fichier existant sauvegardé: C:\MACHINES\T32\SAUVEGARDES\122700301E_39.MZK
I> [28/09/2007 15:06:12] Fichier reçu: C:\machines\T32\Programmes\122700301E.MZK
I> [28/09/2007 15:06:12] Programmes dans les fichiers demandés: Programme 29 (122700301E)
I> [28/09/2007 15:06:12] Fichier existant sauvegardé: C:\MACHINES\T32\SAUVEGARDES\122700301E_40.MZK
I> [28/09/2007 15:06:12] Fichier reçu: C:\machines\T32\Programmes\122700301E.MZK
I> [28/09/2007 15:06:12] Programmes dans les fichiers demandés: Programme 30 (122700301E)
I> [28/09/2007 15:07:29] Appel depuis la CN de: 122700301
E> [28/09/2007 15:07:35] N'a pu émettre le fichier: C:\machines\T32\Programmes\122700301E.MZK [Le système ne peut pas lire le périphérique indiqué]
I> [28/09/2007 15:07:35] Le programme appelé depuis la CN est trouvé: C:\machines\T32\Programmes\LA CALHENE\122700301.MZK
I> [28/09/2007 15:07:35] Programmes dans les fichiers demandés: Programme 30 (122700301E)
I> [28/09/2007 15:07:43] Appel depuis la CN de: 122700301
I> [28/09/2007 15:07:50] Le programme appelé depuis la CN est trouvé: C:\machines\T32\Programmes\LA CALHENE\122700301.MZK
I> [28/09/2007 15:07:50] Programmes dans les fichiers demandés: Programme 30 (122700301E)
I> [28/09/2007 15:09:24] Appel depuis la CN de: 122700301E
I> [28/09/2007 15:09:30] Le programme appelé depuis la CN est trouvé: C:\machines\T32\Programmes\LA CALHENE\122700301E.MZK
I> [28/09/2007 15:09:30] Programmes dans les fichiers demandés: Programme 4410 (122700301E), Programme 4411 (122700301E), Programme 4412 (122700301E), Programme 4413 (122700301E), Programme 4441 (122700301E), Programme 4443 (122700301E)
I> [28/09/2007 15:09:54] Emission de programme: Programme 4410 (122700301E)
I> [28/09/2007 15:10:05] Emission de programme: Programme 4411 (122700301E)
I> [28/09/2007 15:10:18] Emission de programme: Programme 4412 (122700301E)
I> [28/09/2007 15:11:00] Emission de programme: Programme 4413 (122700301E)
I> [28/09/2007 15:11:23] Emission de programme: Programme 4441 (122700301E)
I> [28/09/2007 15:11:29] Emission de programme: Programme 4443 (122700301E)
I> [28/09/2007 15:14:25] Réception: programme 25 (122700301E)
I> [28/09/2007 15:14:37] Réception: programme 26 (122700301E)
I> [28/09/2007 15:14:49] Réception: programme 4412 (122700301E)
I> [28/09/2007 15:15:32] Réception: programme 4413 (122700301E)
I> [28/09/2007 15:15:55] Réception: programme 4441 (122700301E)
I> [28/09/2007 15:16:01] Réception: programme 4443 (122700301E)
I> [28/09/2007 15:16:08] Fichier reçu: C:\machines\T32\Programmes\122700301E.MZK
I> [28/09/2007 15:16:08] Programmes dans les fichiers demandés: Programme 25 (122700301E)
I> [28/09/2007 15:16:08] Fichier existant sauvegardé: C:\MACHINES\T32\SAUVEGARDES\122700301E_41.MZK
I> [28/09/2007 15:16:08] Fichier reçu: C:\machines\T32\Programmes\122700301E.MZK
I> [28/09/2007 15:16:08] Programmes dans les fichiers demandés: Programme 26 (122700301E)
I> [28/09/2007 15:16:08] Fichier existant sauvegardé: C:\MACHINES\T32\SAUVEGARDES\122700301E_42.MZK
I> [28/09/2007 15:16:08] Fichier reçu: C:\machines\T32\Programmes\122700301E.MZK
I> [28/09/2007 15:16:08] Programmes dans les fichiers demandés: Programme 4412 (122700301E)
I> [28/09/2007 15:16:08] Fichier existant sauvegardé: C:\MACHINES\T32\SAUVEGARDES\122700301E_43.MZK
I> [28/09/2007 15:16:08] Fichier reçu: C:\machines\T32\Programmes\122700301E.MZK
I> [28/09/2007 15:16:08] Programmes dans les fichiers demandés: Programme 4413 (122700301E)
I> [28/09/2007 15:16:08] Fichier existant sauvegardé: C:\MACHINES\T32\SAUVEGARDES\122700301E_44.MZK
I> [28/09/2007 15:16:08] Fichier reçu: C:\machines\T32\Programmes\122700301E.MZK
I> [28/09/2007 15:16:08] Programmes dans les fichiers demandés: Programme 4441 (122700301E)
I> [28/09/2007 15:16:08] Fichier existant sauvegardé: C:\MACHINES\T32\SAUVEGARDES\122700301E_45.MZK
I> [28/09/2007 15:16:08] Fichier reçu: C:\machines\T32\Programmes\122700301E.MZK
I> [28/09/2007 15:16:08] Programmes dans les fichiers demandés: Programme 4443 (122700301E)
