I> [28/08/2006 15:57:05] Réception: programme 4189 (309099A)
I> [28/08/2006 15:57:17] Fichier reçu: C:\machines\T32\Programmes\309099A.MZK
I> [28/08/2006 15:57:17] Programmes dans les fichiers demandés: Programme 4189 (309099A)
I> [28/08/2006 16:07:57] Appel depuis la CN de: 15752-527
E> [28/08/2006 16:08:05] N'a pu trouver le programme appelé depuis la CN: 15752-527.MZK [Premier répertoire recherché : C:\machines\T32\Programmes]
E> [28/08/2006 16:08:08] N'a pu émettre le fichier. [Previous remote request failed.]
I> [28/08/2006 16:10:38] Appel depuis la CN de: 17152-530C
I> [28/08/2006 16:10:46] Le programme appelé depuis la CN est trouvé: C:\machines\T32\Programmes\Moteurs jm\17152-530C.MZK
I> [28/08/2006 16:10:46] Programmes dans les fichiers demandés: Programme 3793 (17152-530C), Programme 3794 (17152-530C)
I> [28/08/2006 16:10:55] Emission de programme: Programme 3793 (17152-530C)
I> [28/08/2006 16:11:02] Emission de programme: Programme 3794 (17152-530C)
I> [28/08/2006 16:16:41] Réception: programme 2732
I> [28/08/2006 16:16:48] Réception: programme 2733
I> [28/08/2006 16:17:01] Fichier reçu: C:\machines\T32\Programmes\2732.MZK
I> [28/08/2006 16:17:01] Programmes dans les fichiers demandés: Programme 2732, Programme 2733
I> [28/08/2006 16:20:17] Réception: programme 2732 (15752-527)
I> [28/08/2006 16:20:23] Réception: programme 2733 (15752-527)
I> [28/08/2006 16:20:36] Fichier reçu: C:\machines\T32\Programmes\15752-527.MZK
I> [28/08/2006 16:20:36] Programmes dans les fichiers demandés: Programme 2732 (15752-527), Programme 2733 (15752-527)
I> [28/08/2006 20:55:09] Appel depuis la CN de: 11270-55-01
I> [28/08/2006 20:55:17] Le programme appelé depuis la CN est trouvé: C:\machines\T32\Programmes\La calhene\11270-55-01.MZK
I> [28/08/2006 20:55:17] Programmes dans les fichiers demandés: Programme 4064 (11270-55-01), Programme 4066 (11270-55-01), Programme 4099 (11270-55-01), Programme 4101 (11270-55-01)
I> [28/08/2006 20:59:54] Emission de programme: Programme 4064 (11270-55-01)
I> [28/08/2006 21:00:26] Emission de programme: Programme 4066 (11270-55-01)
I> [28/08/2006 21:00:39] Emission de programme: Programme 4099 (11270-55-01)
I> [28/08/2006 21:01:03] Emission de programme: Programme 4101 (11270-55-01)
