I> [28/11/2013 04:56:06] Port activé avec succès.
I> [28/11/2013 12:03:15] Réception: programme 6239 (4809240A)
I> [28/11/2013 12:03:21] Réception: programme 6240 (4809240A)
I> [28/11/2013 12:03:29] Réception: programme 6241 (4809240A)
I> [28/11/2013 12:03:41] Réception: programme 6242 (4809240A)
I> [28/11/2013 12:03:54] Réception: programme 6243 (4809240A)
I> [28/11/2013 12:04:16] Fichier reçu: C:\machines\T32\Programmes\4809240A.MZK
I> [28/11/2013 12:04:16] Programmes dans les fichiers demandés: Programme 6239 (4809240A), Programme 6240 (4809240A), Programme 6241 (4809240A), Programme 6242 (4809240A), Programme 6243 (4809240A)
I> [28/11/2013 12:05:31] Appel depuis la CN de: 4809240A
I> [28/11/2013 12:05:36] Le programme appelé depuis la CN est trouvé: C:\machines\T32\Programmes\FLOWSERVE\4809240A.MZK
I> [28/11/2013 12:05:36] Programmes dans les fichiers demandés: Programme 6239 (4809240A), Programme 6240 (4809240A), Programme 6241 (4809240A), Programme 6242 (4809240A), Programme 6243 (4809240A)
I> [28/11/2013 12:13:07] Appel depuis la CN de: 790402K3K
I> [28/11/2013 12:13:12] Le programme appelé depuis la CN est trouvé: C:\machines\T32\Programmes\LA CALHENE\790402K3K.MZK
I> [28/11/2013 12:13:12] Programmes dans les fichiers demandés: Programme 6064 (790402K3K), Programme 6065 (790402K3K), Programme 6066 (790402K3K), Programme 6067 (790402K3K), Programme 6068 (790402K3K)
I> [28/11/2013 12:13:22] Emission de programme: Programme 6064 (790402K3K)
I> [28/11/2013 12:13:30] Emission de programme: Programme 6065 (790402K3K)
I> [28/11/2013 12:13:42] Emission de programme: Programme 6066 (790402K3K)
I> [28/11/2013 12:14:00] Emission de programme: Programme 6067 (790402K3K)
I> [28/11/2013 12:14:23] Emission de programme: Programme 6068 (790402K3K)
I> [28/11/2013 12:16:57] Appel depuis la CN de: DN18913551E
I> [28/11/2013 12:17:02] Le programme appelé depuis la CN est trouvé: C:\machines\T32\Programmes\DN18913551E.MZK
I> [28/11/2013 12:17:02] Programmes dans les fichiers demandés: Programme 1313 (DN18913551E), Programme 1314 (DN18913551E), Programme 1315 (DN18913551E)
I> [28/11/2013 12:19:19] Emission de programme: Programme 1313 (DN18913551E)
I> [28/11/2013 12:19:36] Emission de programme: Programme 1314 (DN18913551E)
I> [28/11/2013 12:19:46] Emission de programme: Programme 1315 (DN18913551E)
