I> [28/10/2009 07:31:05] Port activé avec succès.
I> [28/10/2009 08:57:58] Réception: programme 4983 (4990249 BA)
I> [28/10/2009 08:58:09] Réception: programme 4984 (4990249 BA)
I> [28/10/2009 08:58:22] Réception: programme 4985 (4990249 BA)
I> [28/10/2009 08:58:30] Réception: programme 4986 (4990249 BA)
I> [28/10/2009 08:58:49] Réception: programme 4987 (4990249 BA)
I> [28/10/2009 08:59:14] Fichier reçu: C:\machines\T32\Programmes\4990249 BA.MZK
I> [28/10/2009 08:59:14] Programmes dans les fichiers demandés: Programme 4983 (4990249 BA), Programme 4984 (4990249 BA), Programme 4985 (4990249 BA), Programme 4986 (4990249 BA), Programme 4987 (4990249 BA)
I> [28/10/2009 18:07:59] Réception: programme 4988 (MC8567DB)
I> [28/10/2009 18:08:13] Réception: programme 4989 (MC8567DB)
I> [28/10/2009 18:08:48] Fichier reçu: C:\machines\T32\Programmes\MC8567DB.MZK
I> [28/10/2009 18:08:48] Programmes dans les fichiers demandés: Programme 4988 (MC8567DB), Programme 4989 (MC8567DB)
I> [28/10/2009 18:10:05] Appel depuis la CN de: MC8567DB
E> [28/10/2009 18:10:10] N'a pu émettre le fichier: C:\machines\T32\Programmes\MC8567DB.MZK [Le système ne peut pas lire le périphérique indiqué]
I> [28/10/2009 18:10:10] Le programme appelé depuis la CN est trouvé: C:\machines\T32\Programmes\FLOWSERVE\MC8567DB.MZK
I> [28/10/2009 18:10:10] Programmes dans les fichiers demandés: Programme 4988 (MC8567DB), Programme 4989 (MC8567DB)
I> [28/10/2009 18:10:16] Appel depuis la CN de: MC8567DB
I> [28/10/2009 18:10:23] Le programme appelé depuis la CN est trouvé: C:\machines\T32\Programmes\FLOWSERVE\MC8567DB.MZK
I> [28/10/2009 18:10:23] Programmes dans les fichiers demandés: Programme 4988 (MC8567DB), Programme 4989 (MC8567DB)
I> [28/10/2009 18:16:19] Appel depuis la CN de: 102700302C
I> [28/10/2009 18:16:26] Le programme appelé depuis la CN est trouvé: C:\machines\T32\Programmes\LA CALHENE\102700302C.MZK
I> [28/10/2009 18:16:26] Programmes dans les fichiers demandés: Programme 4742 (102700302C), Programme 4743 (102700302C), Programme 4744 (102700302C)
I> [28/10/2009 18:16:31] Appel depuis la CN de: 102700302C
I> [28/10/2009 18:16:37] Le programme appelé depuis la CN est trouvé: C:\machines\T32\Programmes\LA CALHENE\102700302C.MZK
I> [28/10/2009 18:16:37] Programmes dans les fichiers demandés: Programme 4742 (102700302C), Programme 4743 (102700302C), Programme 4744 (102700302C)
I> [28/10/2009 18:17:22] Emission de programme: Programme 4742 (102700302C)
I> [28/10/2009 18:17:27] Emission de programme: Programme 4743 (102700302C)
I> [28/10/2009 18:17:52] Emission de programme: Programme 4744 (102700302C)
I> [28/10/2009 20:16:57] Appel depuis la CN de: MC8567DB
I> [28/10/2009 20:17:02] Le programme appelé depuis la CN est trouvé: C:\machines\T32\Programmes\FLOWSERVE\MC8567DB.MZK
I> [28/10/2009 20:17:02] Programmes dans les fichiers demandés: Programme 4988 (MC8567DB), Programme 4989 (MC8567DB)
I> [28/10/2009 20:17:07] Emission de programme: Programme 4988 (MC8567DB)
I> [28/10/2009 20:17:21] Emission de programme: Programme 4989 (MC8567DB)
