I> [29/05/2008 11:00:39] Réception: programme 2339 (2976330D 1)
I> [29/05/2008 11:01:02] Réception: programme 2340 (2976330D 1)
I> [29/05/2008 11:01:26] Fichier reçu: C:\machines\T32\Programmes\2976330D 1.MZK
I> [29/05/2008 11:01:26] Programmes dans les fichiers demandés: Programme 2339 (2976330D 1), Programme 2340 (2976330D 1)
I> [29/05/2008 11:07:45] Appel depuis la CN de: 2973964B
I> [29/05/2008 11:07:50] Le programme appelé depuis la CN est trouvé: C:\machines\T32\Programmes\DRESSER\2973964B.MZK
I> [29/05/2008 11:07:50] Programmes dans les fichiers demandés: Programme 4554 (2973964B), Programme 4555 (2973964B)
I> [29/05/2008 11:08:03] Emission de programme: Programme 4554 (2973964B)
I> [29/05/2008 11:09:28] Emission de programme: Programme 4554 (2973964B)
I> [29/05/2008 11:09:50] Emission de programme: Programme 4555 (2973964B)
I> [29/05/2008 16:37:07] Appel depuis la CN de: 43400209A
E> [29/05/2008 16:37:12] N'a pu trouver le programme appelé depuis la CN: 43400209A.MZK [Premier répertoire recherché : C:\machines\T32\Programmes]
E> [29/05/2008 16:37:12] N'a pu émettre le fichier. [Previous remote request failed.]
I> [29/05/2008 16:37:23] Appel depuis la CN de: 43400209A
E> [29/05/2008 16:37:28] N'a pu émettre le fichier. [Previous remote request failed.]
E> [29/05/2008 16:37:28] N'a pu trouver le programme appelé depuis la CN: 43400209A.MZK [Premier répertoire recherché : C:\machines\T32\Programmes]
I> [29/05/2008 16:38:31] Appel depuis la CN de: 4340-02-09A
E> [29/05/2008 16:38:36] N'a pu émettre le fichier. [Previous remote request failed.]
I> [29/05/2008 16:38:36] Le programme appelé depuis la CN est trouvé: C:\machines\T32\Programmes\LA CALHENE\4340-02-09A.MZK
I> [29/05/2008 16:38:37] Programmes dans les fichiers demandés: Programme 3762 (4340-02-09A), Programme 3763 (4340-02-09A)
I> [29/05/2008 16:38:45] Appel depuis la CN de: 4340-02-09A
I> [29/05/2008 16:38:50] Le programme appelé depuis la CN est trouvé: C:\machines\T32\Programmes\LA CALHENE\4340-02-09A.MZK
I> [29/05/2008 16:38:50] Programmes dans les fichiers demandés: Programme 3762 (4340-02-09A), Programme 3763 (4340-02-09A)
I> [29/05/2008 16:40:53] Emission de programme: Programme 3762 (4340-02-09A)
I> [29/05/2008 16:41:24] Emission de programme: Programme 3763 (4340-02-09A)
