I> [29/09/2016 04:54:44] Port activé avec succès.
I> [29/09/2016 09:51:41] Réception: programme 6727 (FZ55248011)
I> [29/09/2016 09:52:19] Réception: programme 6728 (FZ55248011)
I> [29/09/2016 09:52:38] Fichier reçu: C:\machines\T32\Programmes\FZ55248011.MZK
I> [29/09/2016 09:52:38] Programmes dans les fichiers demandés: Programme 6727 (FZ55248011), Programme 6728 (FZ55248011)
I> [29/09/2016 09:56:05] Appel depuis la CN de: FZ55248011
I> [29/09/2016 09:56:10] Le programme appelé depuis la CN est trouvé: C:\machines\T32\Programmes\FLOWSERVE\FZ55248011.MZK
I> [29/09/2016 09:56:10] Programmes dans les fichiers demandés: Programme 6727 (FZ55248011), Programme 6728 (FZ55248011)
I> [29/09/2016 10:02:03] Appel depuis la CN de: 30190300101
I> [29/09/2016 10:02:08] Le programme appelé depuis la CN est trouvé: C:\machines\T32\Programmes\LA CALHENE\30190300101.MZK
I> [29/09/2016 10:02:08] Programmes dans les fichiers demandés: Programme 4083 (30190300101), Programme 4090 (30190300101), Programme 4103 (30190300101), Programme 4104 (30190300101), Programme 5080 (30190300101), Programme 5081 (30190300101)
I> [29/09/2016 10:04:59] Emission de programme: Programme 4083 (30190300101)
I> [29/09/2016 10:05:11] Emission de programme: Programme 4090 (30190300101)
I> [29/09/2016 10:06:06] Emission de programme: Programme 4103 (30190300101)
I> [29/09/2016 10:06:21] Emission de programme: Programme 4104 (30190300101)
I> [29/09/2016 15:09:38] Appel depuis la CN de: 681501D
I> [29/09/2016 15:09:42] Le programme appelé depuis la CN est trouvé: C:\machines\T32\Programmes\LA CALHENE\681501D.MZK
I> [29/09/2016 15:09:42] Programmes dans les fichiers demandés: Programme 6073 (681501D), Programme 6074 (681501D), Programme 6078 (681501D), Programme 6079 (681501D), Programme 6082 (681501D), Programme 6083 (681501D)
I> [29/09/2016 15:09:50] Emission de programme: Programme 6073 (681501D)
I> [29/09/2016 15:10:02] Emission de programme: Programme 6074 (681501D)
I> [29/09/2016 15:10:13] Emission de programme: Programme 6078 (681501D)
I> [29/09/2016 15:10:30] Emission de programme: Programme 6079 (681501D)
I> [29/09/2016 15:10:41] Emission de programme: Programme 6082 (681501D)
I> [29/09/2016 15:11:07] Emission de programme: Programme 6083 (681501D)
