I> [29/09/2008 05:21:55] Port activé avec succès.
I> [29/09/2008 12:09:42] Réception: programme 4673 (355311)
I> [29/09/2008 12:09:51] Réception: programme 4674 (355311)
I> [29/09/2008 12:10:13] Réception: programme 4675 (355311)
I> [29/09/2008 12:10:42] Fichier reçu: C:\machines\T32\Programmes\355311.MZK
I> [29/09/2008 12:10:42] Programmes dans les fichiers demandés: Programme 4673 (355311), Programme 4674 (355311), Programme 4675 (355311)
I> [29/09/2008 13:16:19] Appel depuis la CN de: DCM041A
I> [29/09/2008 13:16:24] Le programme appelé depuis la CN est trouvé: C:\machines\T32\Programmes\DCM041A.MZK
I> [29/09/2008 13:16:24] Programmes dans les fichiers demandés: Programme 369 (DCM041A), Programme 370 (DCM041A)
I> [29/09/2008 13:16:29] Emission de programme: Programme 369 (DCM041A)
I> [29/09/2008 13:16:41] Emission de programme: Programme 370 (DCM041A)
I> [29/09/2008 20:00:17] Réception: programme 4676 (DCM041A)
I> [29/09/2008 20:00:39] Réception: programme 4677 (DCM041A)
I> [29/09/2008 20:01:03] Fichier existant sauvegardé: C:\MACHINES\T32\SAUVEGARDES\DCM041A_01.MZK
I> [29/09/2008 20:01:03] Fichier reçu: C:\machines\T32\Programmes\DCM041A.MZK
I> [29/09/2008 20:01:03] Programmes dans les fichiers demandés: Programme 4676 (DCM041A), Programme 4677 (DCM041A)
I> [29/09/2008 20:02:44] Réception: programme 4676 (DCM041A)
I> [29/09/2008 20:03:06] Réception: programme 4677 (DCM041A)
I> [29/09/2008 20:03:30] Fichier reçu: C:\machines\T32\Programmes\DCM041A.MZK
I> [29/09/2008 20:03:30] Programmes dans les fichiers demandés: Programme 4676 (DCM041A), Programme 4677 (DCM041A)
I> [29/09/2008 20:04:49] Appel depuis la CN de: DCM041A
I> [29/09/2008 20:04:54] Le programme appelé depuis la CN est trouvé: C:\machines\T32\Programmes\MECAMARC\DCM041A.MZK
I> [29/09/2008 20:04:54] Programmes dans les fichiers demandés: Programme 4676 (DCM041A), Programme 4677 (DCM041A)
I> [29/09/2008 20:07:12] Appel depuis la CN de: BA 303
I> [29/09/2008 20:07:17] Le programme appelé depuis la CN est trouvé: C:\machines\T32\Programmes\BA 303.MZK
I> [29/09/2008 20:07:17] Programmes dans les fichiers demandés: Programme 222 (BA 303), Programme 223 (BA 303), Programme 224 (BA 303), Programme 225 (BA 303), Programme 226 (BA 303), Programme 371 (BA 303), Programme 372 (BA 303), Programme 373 (BA 303)
I> [29/09/2008 20:07:24] Emission de programme: Programme 222 (BA 303)
I> [29/09/2008 20:07:32] Emission de programme: Programme 223 (BA 303)
I> [29/09/2008 20:07:39] Emission de programme: Programme 224 (BA 303)
I> [29/09/2008 20:07:47] Emission de programme: Programme 225 (BA 303)
I> [29/09/2008 20:07:57] Emission de programme: Programme 226 (BA 303)
I> [29/09/2008 20:08:09] Emission de programme: Programme 371 (BA 303)
I> [29/09/2008 20:08:29] Emission de programme: Programme 372 (BA 303)
I> [29/09/2008 20:08:54] Emission de programme: Programme 373 (BA 303)
