I> [29/09/2012 05:10:56] Port activé avec succès.
I> [29/09/2012 07:25:54] Appel depuis la CN de: 6160-01
I> [29/09/2012 07:26:00] Le programme appelé depuis la CN est trouvé: C:\machines\T32\Programmes\6160-01.MZK
I> [29/09/2012 07:26:00] Programmes dans les fichiers demandés: Programme 498 (6160-01)
I> [29/09/2012 07:26:34] Emission de programme: Programme 498 (6160-01)
I> [29/09/2012 07:27:01] Appel depuis la CN de: 6160-04
I> [29/09/2012 07:27:07] Le programme appelé depuis la CN est trouvé: C:\machines\T32\Programmes\6160-04.MZK
I> [29/09/2012 07:27:07] Programmes dans les fichiers demandés: Programme 491 (6160-04), Programme 492 (6160-04), Programme 493 (6160-04)
I> [29/09/2012 07:27:21] Emission de programme: Programme 491 (6160-04)
I> [29/09/2012 07:27:34] Emission de programme: Programme 492 (6160-04)
I> [29/09/2012 07:27:49] Emission de programme: Programme 493 (6160-04)
I> [29/09/2012 07:29:17] Appel depuis la CN de: 6160-05
I> [29/09/2012 07:29:24] Le programme appelé depuis la CN est trouvé: C:\machines\T32\Programmes\6160-05.MZK
I> [29/09/2012 07:29:24] Programmes dans les fichiers demandés: Programme 494 (6160-05), Programme 495 (6160-05), Programme 496 (6160-05)
I> [29/09/2012 07:29:32] Emission de programme: Programme 494 (6160-05)
I> [29/09/2012 07:29:42] Emission de programme: Programme 495 (6160-05)
I> [29/09/2012 07:29:59] Emission de programme: Programme 496 (6160-05)
I> [29/09/2012 07:36:33] Appel depuis la CN de: 6160-07
I> [29/09/2012 07:36:39] Le programme appelé depuis la CN est trouvé: C:\machines\T32\Programmes\6160-07.MZK
I> [29/09/2012 07:36:39] Programmes dans les fichiers demandés: Programme 497 (6160-07)
I> [29/09/2012 07:36:47] Emission de programme: Programme 497 (6160-07)
