I> [29/04/2013 04:56:21] Port activé avec succès.
I> [29/04/2013 09:34:04] Appel depuis la CN de: 1149764201A
I> [29/04/2013 09:34:09] Le programme appelé depuis la CN est trouvé: C:\machines\T32\Programmes\1149764201A.MZK
I> [29/04/2013 09:34:09] Programmes dans les fichiers demandés: Programme 1295 (1149764201A), Programme 1299 (1149764201A)
I> [29/04/2013 09:34:15] Emission de programme: Programme 1299 (1149764201A)
I> [29/04/2013 11:48:55] Appel depuis la CN de: 1149764201A
I> [29/04/2013 11:49:00] Le programme appelé depuis la CN est trouvé: C:\machines\T32\Programmes\1149764201A.MZK
I> [29/04/2013 11:49:00] Programmes dans les fichiers demandés: Programme 1295 (1149764201A), Programme 1299 (1149764201A)
I> [29/04/2013 11:49:17] Emission de programme: Programme 1295 (1149764201A)
I> [29/04/2013 17:51:29] Appel depuis la CN de: 21350050201
E> [29/04/2013 17:51:34] N'a pu émettre le fichier: C:\machines\T32\Programmes\1149764201A.MZK [Le système ne peut pas lire le périphérique indiqué]
I> [29/04/2013 17:51:35] Le programme appelé depuis la CN est trouvé: C:\machines\T32\Programmes\21350050201.MZK
I> [29/04/2013 17:51:35] Programmes dans les fichiers demandés: Programme 416 (21350050201), Programme 417 (21350050201), Programme 418 (21350050201), Programme 428 (21350050201), Programme 429 (21350050201), Programme 430 (21350050201), Programme 433 (21350050201), Programme 509 (21350050201)
I> [29/04/2013 17:51:46] Appel depuis la CN de: 21350050201
I> [29/04/2013 17:51:51] Le programme appelé depuis la CN est trouvé: C:\machines\T32\Programmes\21350050201.MZK
I> [29/04/2013 17:51:51] Programmes dans les fichiers demandés: Programme 416 (21350050201), Programme 417 (21350050201), Programme 418 (21350050201), Programme 428 (21350050201), Programme 429 (21350050201), Programme 430 (21350050201), Programme 433 (21350050201), Programme 509 (21350050201)
I> [29/04/2013 17:51:56] Emission de programme: Programme 416 (21350050201)
I> [29/04/2013 17:52:09] Emission de programme: Programme 417 (21350050201)
I> [29/04/2013 17:52:13] Emission de programme: Programme 418 (21350050201)
I> [29/04/2013 17:52:18] Emission de programme: Programme 428 (21350050201)
I> [29/04/2013 17:52:40] Emission de programme: Programme 429 (21350050201)
I> [29/04/2013 17:52:56] Emission de programme: Programme 430 (21350050201)
I> [29/04/2013 17:53:12] Emission de programme: Programme 433 (21350050201)
E> [29/04/2013 17:57:31] Transmission avortée. [Délai de réponse dépassé, interruption de la transmission]
I> [29/04/2013 20:25:49] Emission de programme: Programme 433 (21350050201)
I> [29/04/2013 20:26:46] Emission de programme: Programme 509 (21350050201)
