I> [29/08/2011 10:27:16] Port activé avec succès.
I> [29/08/2011 15:01:42] Appel depuis la CN de: 10270090101
I> [29/08/2011 15:01:48] Le programme appelé depuis la CN est trouvé: C:\machines\T32\Programmes\LA CALHENE\10270090101.MZK
I> [29/08/2011 15:01:48] Programmes dans les fichiers demandés: Programme 4332 (10270090101), Programme 4336 (10270090101)
I> [29/08/2011 15:05:14] Appel depuis la CN de: 102700901K1
I> [29/08/2011 15:05:20] Le programme appelé depuis la CN est trouvé: C:\machines\T32\Programmes\LA CALHENE\102700901K1.MZK
I> [29/08/2011 15:05:20] Programmes dans les fichiers demandés: Programme 5543 (102700901K1), Programme 5544 (102700901K1), Programme 5548 (102700901K1), Programme 5549 (102700901K1)
I> [29/08/2011 15:28:39] Appel depuis la CN de: 102700901K1
I> [29/08/2011 15:28:46] Le programme appelé depuis la CN est trouvé: C:\machines\T32\Programmes\LA CALHENE\102700901K1.MZK
I> [29/08/2011 15:28:46] Programmes dans les fichiers demandés: Programme 5543 (102700901K1), Programme 5544 (102700901K1), Programme 5548 (102700901K1), Programme 5549 (102700901K1)
I> [29/08/2011 15:29:11] Emission de programme: Programme 5543 (102700901K1)
I> [29/08/2011 15:36:14] Port arrêté.
I> [29/08/2011 15:37:11] Port activé avec succès.
I> [29/08/2011 15:37:31] Port arrêté.
I> [29/08/2011 15:40:15] Port activé avec succès.
I> [29/08/2011 16:16:22] Appel depuis la CN de: 102700901K1
I> [29/08/2011 16:16:29] Le programme appelé depuis la CN est trouvé: C:\machines\T32\Programmes\LA CALHENE\102700901K1.MZK
I> [29/08/2011 16:16:29] Programmes dans les fichiers demandés: Programme 5543 (102700901K1), Programme 5544 (102700901K1), Programme 5548 (102700901K1), Programme 5549 (102700901K1)
I> [29/08/2011 16:16:52] Appel depuis la CN de: 102700901K1
I> [29/08/2011 16:16:58] Le programme appelé depuis la CN est trouvé: C:\machines\T32\Programmes\LA CALHENE\102700901K1.MZK
I> [29/08/2011 16:16:58] Programmes dans les fichiers demandés: Programme 5543 (102700901K1), Programme 5544 (102700901K1), Programme 5548 (102700901K1), Programme 5549 (102700901K1)
I> [29/08/2011 16:17:10] Emission de programme: Programme 5543 (102700901K1)
I> [29/08/2011 16:17:19] Emission de programme: Programme 5544 (102700901K1)
I> [29/08/2011 16:17:37] Emission de programme: Programme 5548 (102700901K1)
I> [29/08/2011 16:17:52] Emission de programme: Programme 5549 (102700901K1)
I> [29/08/2011 16:55:01] Réception: programme 5543 (102700901K1)
I> [29/08/2011 16:55:10] Réception: programme 5544 (102700901K1)
I> [29/08/2011 16:55:27] Réception: programme 5548 (102700901K1)
I> [29/08/2011 16:55:42] Réception: programme 5549 (102700901K1)
I> [29/08/2011 16:56:34] Réception: programme 5694 (102700901K1)
I> [29/08/2011 16:56:44] Réception: programme 5695 (102700901K1)
I> [29/08/2011 16:56:58] Fichier reçu: C:\machines\T32\Programmes\102700901K1.MZK
I> [29/08/2011 16:56:58] Programmes dans les fichiers demandés: Programme 5543 (102700901K1), Programme 5544 (102700901K1), Programme 5548 (102700901K1), Programme 5549 (102700901K1), Programme 5694 (102700901K1), Programme 5695 (102700901K1)
