I> [29/07/2013 07:08:12] Port activé avec succès.
I> [29/07/2013 07:58:09] Appel depuis la CN de: 2973964B
I> [29/07/2013 07:58:15] Le programme appelé depuis la CN est trouvé: C:\machines\T32\Programmes\FLOWSERVE\2973964B.MZK
I> [29/07/2013 07:58:15] Programmes dans les fichiers demandés: Programme 4554 (2973964B), Programme 4555 (2973964B)
I> [29/07/2013 08:00:22] Emission de programme: Programme 4554 (2973964B)
I> [29/07/2013 08:00:44] Emission de programme: Programme 4555 (2973964B)
I> [29/07/2013 12:44:02] Appel depuis la CN de: 2973978C 2
I> [29/07/2013 12:44:07] Le programme appelé depuis la CN est trouvé: C:\machines\T32\Programmes\FLOWSERVE\2973978C 2.MZK
I> [29/07/2013 12:44:07] Programmes dans les fichiers demandés: Programme 4360 (2973978C 2), Programme 4361 (2973978C 2)
I> [29/07/2013 12:44:13] Emission de programme: Programme 4360 (2973978C 2)
I> [29/07/2013 12:44:38] Emission de programme: Programme 4361 (2973978C 2)
I> [29/07/2013 16:33:01] Appel depuis la CN de: 2978653A 3
I> [29/07/2013 16:33:06] Le programme appelé depuis la CN est trouvé: C:\machines\T32\Programmes\FLOWSERVE\2978653A 3.MZK
I> [29/07/2013 16:33:06] Programmes dans les fichiers demandés: Programme 1876 (2978653A 3), Programme 1877 (2978653A 3)
I> [29/07/2013 16:34:10] Emission de programme: Programme 1876 (2978653A 3)
I> [29/07/2013 16:34:24] Emission de programme: Programme 1877 (2978653A 3)
I> [29/07/2013 16:47:20] Appel depuis la CN de: 355309
I> [29/07/2013 16:47:26] Le programme appelé depuis la CN est trouvé: C:\machines\T32\Programmes\TOKHEIM (satam)\355309.MZK
I> [29/07/2013 16:47:26] Programmes dans les fichiers demandés: Programme 4725 (355309), Programme 4726 (355309), Programme 4804 (355309)
I> [29/07/2013 16:47:32] Emission de programme: Programme 4725 (355309)
I> [29/07/2013 16:47:52] Emission de programme: Programme 4726 (355309)
I> [29/07/2013 16:48:11] Emission de programme: Programme 4804 (355309)
