I> [29/01/2014 07:33:03] Port activé avec succès.
I> [29/01/2014 11:00:24] Appel depuis la CN de: 74442402M
I> [29/01/2014 11:00:29] Le programme appelé depuis la CN est trouvé: C:\machines\T32\Programmes\LA CALHENE\74442402M.MZK
I> [29/01/2014 11:00:29] Programmes dans les fichiers demandés: Programme 6098 (74442402M), Programme 6099 (74442402M)
I> [29/01/2014 11:01:27] Emission de programme: Programme 6098 (74442402M)
I> [29/01/2014 11:01:51] Réception: programme 6098 (74442402M)
I> [29/01/2014 11:01:57] Réception: programme 6099 (74442402M)
I> [29/01/2014 11:03:12] Fichier reçu: C:\machines\T32\Programmes\74442402M.MZK
I> [29/01/2014 11:03:12] Programmes dans les fichiers demandés: Programme 6098 (74442402M), Programme 6099 (74442402M)
I> [29/01/2014 12:00:55] Appel depuis la CN de: 2974882H 2
I> [29/01/2014 12:01:00] Le programme appelé depuis la CN est trouvé: C:\machines\T32\Programmes\FLOWSERVE\2974882H 2.MZK
I> [29/01/2014 12:01:00] Programmes dans les fichiers demandés: Programme 2262 (2974882H 2), Programme 2263 (2974882H 2), Programme 2272 (2974882H 2)
I> [29/01/2014 12:01:56] Emission de programme: Programme 2263 (2974882H 2)
I> [29/01/2014 12:02:17] Emission de programme: Programme 2272 (2974882H 2)
I> [29/01/2014 16:33:08] Emission de programme: Programme 2272 (2974882H 2)
I> [29/01/2014 17:19:35] Appel depuis la CN de: 3160241440D
I> [29/01/2014 17:19:40] Le programme appelé depuis la CN est trouvé: C:\machines\T32\Programmes\LA CALHENE\3160241440D.MZK
I> [29/01/2014 17:19:40] Programmes dans les fichiers demandés: Programme 4422 (3160241440D), Programme 4423 (3160241440D)
I> [29/01/2014 17:31:51] Appel depuis la CN de: 3160241440E
I> [29/01/2014 17:31:56] Le programme appelé depuis la CN est trouvé: C:\machines\T32\Programmes\3160241440E.MZK
I> [29/01/2014 17:31:56] Programmes dans les fichiers demandés: Programme 1001 (3160241440E), Programme 1002 (3160241440E)
I> [29/01/2014 17:32:02] Emission de programme: Programme 1001 (3160241440E)
I> [29/01/2014 17:32:12] Emission de programme: Programme 1002 (3160241440E)
