I> [29/03/2011 08:09:31] Port activé avec succès.
I> [29/03/2011 08:28:51] Appel depuis la CN de: 3T01329314A
I> [29/03/2011 08:28:58] Le programme appelé depuis la CN est trouvé: C:\machines\T32\Programmes\TECHVAL\3T01329314A.MZK
I> [29/03/2011 08:28:58] Programmes dans les fichiers demandés: Programme 3546 (3T01329314A)
I> [29/03/2011 08:29:55] Appel depuis la CN de: 3T01329314A
I> [29/03/2011 08:30:02] Le programme appelé depuis la CN est trouvé: C:\machines\T32\Programmes\TECHVAL\3T01329314A.MZK
I> [29/03/2011 08:30:02] Programmes dans les fichiers demandés: Programme 3546 (3T01329314A)
I> [29/03/2011 08:30:08] Emission de programme: Programme 3546 (3T01329314A)
I> [29/03/2011 08:31:34] Appel depuis la CN de: 3T013293141
I> [29/03/2011 08:31:41] Le programme appelé depuis la CN est trouvé: C:\machines\T32\Programmes\TECHVAL\3T013293141.MZK
I> [29/03/2011 08:31:41] Programmes dans les fichiers demandés: Programme 4091 (3T013293141)
I> [29/03/2011 08:33:06] Emission de programme: Programme 4091 (3T013293141)
I> [29/03/2011 15:54:10] Appel depuis la CN de: 4987696A 4
I> [29/03/2011 15:54:17] Le programme appelé depuis la CN est trouvé: C:\machines\T32\Programmes\FLOWSERVE\4987696A 4.MZK
I> [29/03/2011 15:54:17] Programmes dans les fichiers demandés: Programme 3166 (4987696A 4), Programme 3167 (4987696A 4), Programme 3168 (4987696A 4)
I> [29/03/2011 15:56:20] Emission de programme: Programme 3166 (4987696A 4)
I> [29/03/2011 15:56:27] Emission de programme: Programme 3167 (4987696A 4)
I> [29/03/2011 15:56:40] Emission de programme: Programme 3168 (4987696A 4)
I> [29/03/2011 19:22:37] Appel depuis la CN de: DOR007
I> [29/03/2011 19:22:44] Le programme appelé depuis la CN est trouvé: C:\machines\T32\Programmes\DOR007.MZK
I> [29/03/2011 19:22:44] Programmes dans les fichiers demandés: Programme 784 (DOR007), Programme 785 (DOR007)
I> [29/03/2011 19:24:31] Emission de programme: Programme 784 (DOR007)
I> [29/03/2011 19:24:47] Emission de programme: Programme 785 (DOR007)
