I> [29/08/2016 07:19:52] Port activé avec succès.
I> [29/08/2016 07:52:40] Appel depuis la CN de: 113500101M
I> [29/08/2016 07:53:54] Appel depuis la CN de: 113500101M
I> [29/08/2016 07:54:33] Appel depuis la CN de: 113500101M
I> [29/08/2016 07:55:14] Le programme appelé depuis la CN est trouvé: C:\machines\T32\Programmes\LA CALHENE\113500101M.MZK
I> [29/08/2016 07:55:14] Programmes dans les fichiers demandés: Programme 4357 (113500101M), Programme 4359 (113500101M)
I> [29/08/2016 07:58:36] Appel depuis la CN de: 113500101M
I> [29/08/2016 07:58:40] Le programme appelé depuis la CN est trouvé: C:\machines\T32\Programmes\LA CALHENE\113500101M.MZK
I> [29/08/2016 07:58:41] Programmes dans les fichiers demandés: Programme 4357 (113500101M), Programme 4359 (113500101M)
I> [29/08/2016 07:59:31] Emission de programme: Programme 4359 (113500101M)
I> [29/08/2016 11:07:45] Appel depuis la CN de: 30190300101
I> [29/08/2016 11:07:50] Le programme appelé depuis la CN est trouvé: C:\machines\T32\Programmes\LA CALHENE\30190300101.MZK
I> [29/08/2016 11:07:50] Programmes dans les fichiers demandés: Programme 4083 (30190300101), Programme 4090 (30190300101), Programme 4103 (30190300101), Programme 4104 (30190300101), Programme 5080 (30190300101), Programme 5081 (30190300101)
I> [29/08/2016 11:08:45] Emission de programme: Programme 4090 (30190300101)
I> [29/08/2016 11:09:00] Appel depuis la CN de: 30190300101
I> [29/08/2016 11:09:05] Le programme appelé depuis la CN est trouvé: C:\machines\T32\Programmes\LA CALHENE\30190300101.MZK
I> [29/08/2016 11:09:05] Programmes dans les fichiers demandés: Programme 4083 (30190300101), Programme 4090 (30190300101), Programme 4103 (30190300101), Programme 4104 (30190300101), Programme 5080 (30190300101), Programme 5081 (30190300101)
I> [29/08/2016 11:09:58] Emission de programme: Programme 4104 (30190300101)
I> [29/08/2016 15:59:31] Réception: programme 5698 (114600101L)
I> [29/08/2016 16:00:19] Réception: programme 5699 (114600101L)
I> [29/08/2016 16:00:33] Réception: programme 5700 (114600101L)
I> [29/08/2016 16:00:54] Réception: programme 5705 (114600101L)
I> [29/08/2016 16:01:33] Fichier reçu: C:\machines\T32\Programmes\114600101L.MZK
I> [29/08/2016 16:01:33] Programmes dans les fichiers demandés: Programme 5698 (114600101L), Programme 5699 (114600101L), Programme 5700 (114600101L), Programme 5705 (114600101L)
I> [29/08/2016 16:02:46] Réception: programme 5698 (114600101L)
I> [29/08/2016 16:03:34] Réception: programme 5699 (114600101L)
I> [29/08/2016 16:03:47] Réception: programme 5700 (114600101L)
I> [29/08/2016 16:04:08] Réception: programme 5705 (114600101L)
I> [29/08/2016 16:04:47] Fichier reçu: C:\machines\T32\Programmes\114600101L.MZK
I> [29/08/2016 16:04:47] Programmes dans les fichiers demandés: Programme 5698 (114600101L), Programme 5699 (114600101L), Programme 5700 (114600101L), Programme 5705 (114600101L)
I> [29/08/2016 16:06:12] Appel depuis la CN de: 30190300101
I> [29/08/2016 16:06:17] Le programme appelé depuis la CN est trouvé: C:\machines\T32\Programmes\LA CALHENE\30190300101.MZK
I> [29/08/2016 16:06:17] Programmes dans les fichiers demandés: Programme 4083 (30190300101), Programme 4090 (30190300101), Programme 4103 (30190300101), Programme 4104 (30190300101), Programme 5080 (30190300101), Programme 5081 (30190300101)
I> [29/08/2016 16:06:27] Emission de programme: Programme 4090 (30190300101)
I> [29/08/2016 16:07:46] Appel depuis la CN de: 114600101L
I> [29/08/2016 16:07:51] Le programme appelé depuis la CN est trouvé: C:\machines\T32\Programmes\LA CALHENE\114600101L.MZK
I> [29/08/2016 16:07:51] Programmes dans les fichiers demandés: Programme 5698 (114600101L), Programme 5699 (114600101L), Programme 5700 (114600101L), Programme 5705 (114600101L)
