I> [29/01/2010 04:56:28] Port activé avec succès.
I> [29/01/2010 07:57:12] Réception: programme 4045 (3973286A)
I> [29/01/2010 07:57:24] Réception: programme 4046 (3973286A)
I> [29/01/2010 07:57:45] Réception: programme 5056 (3973286A)
I> [29/01/2010 07:58:08] Fichier reçu: C:\machines\T32\Programmes\3973286A.MZK
I> [29/01/2010 07:58:08] Programmes dans les fichiers demandés: Programme 4045 (3973286A), Programme 4046 (3973286A), Programme 5056 (3973286A)
I> [29/01/2010 07:58:54] Appel depuis la CN de: 3973286A
E> [29/01/2010 07:59:00] N'a pu émettre le fichier: C:\machines\T32\Programmes\3973286A.MZK [Le système ne peut pas lire le périphérique indiqué]
I> [29/01/2010 07:59:01] Le programme appelé depuis la CN est trouvé: C:\machines\T32\Programmes\FLOWSERVE\3973286A.MZK
I> [29/01/2010 07:59:01] Programmes dans les fichiers demandés: Programme 4045 (3973286A), Programme 4046 (3973286A), Programme 5056 (3973286A)
I> [29/01/2010 07:59:06] Appel depuis la CN de: 3973286A
I> [29/01/2010 07:59:15] Le programme appelé depuis la CN est trouvé: C:\machines\T32\Programmes\FLOWSERVE\3973286A.MZK
I> [29/01/2010 07:59:15] Programmes dans les fichiers demandés: Programme 4045 (3973286A), Programme 4046 (3973286A), Programme 5056 (3973286A)
I> [29/01/2010 08:05:34] Appel depuis la CN de: 3982409A 4
I> [29/01/2010 08:05:41] Le programme appelé depuis la CN est trouvé: C:\machines\T32\Programmes\FLOWSERVE\3982409A 4.MZK
I> [29/01/2010 08:05:41] Programmes dans les fichiers demandés: Programme 2493 (3982409A 4), Programme 2494 (3982409A 4), Programme 2495 (3982409A 4)
I> [29/01/2010 08:05:47] Emission de programme: Programme 2493 (3982409A 4)
I> [29/01/2010 08:05:54] Emission de programme: Programme 2494 (3982409A 4)
I> [29/01/2010 08:06:06] Emission de programme: Programme 2495 (3982409A 4)
I> [29/01/2010 15:03:10] Appel depuis la CN de: 151312-06
I> [29/01/2010 15:03:19] Le programme appelé depuis la CN est trouvé: C:\machines\T32\Programmes\ARO\151312-06.MZK
I> [29/01/2010 15:03:19] Programmes dans les fichiers demandés: Programme 4653 (151312-06)
I> [29/01/2010 15:03:24] Appel depuis la CN de: 151312-06
I> [29/01/2010 15:03:35] Emission de programme: Programme 4653 (151312-06)
I> [29/01/2010 15:03:48] Le programme appelé depuis la CN est trouvé: C:\machines\T32\Programmes\ARO\151312-06.MZK
I> [29/01/2010 15:03:48] Programmes dans les fichiers demandés: Programme 4653 (151312-06)
I> [29/01/2010 15:41:48] Emission de programme: Programme 4653 (151312-06)
