I> [29/08/2017 04:57:35] Port activé avec succès.
I> [29/08/2017 08:17:42] Appel depuis la CN de: 114601201A
I> [29/08/2017 08:17:48] Le programme appelé depuis la CN est trouvé: C:\machines\T32\Programmes\LA CALHENE\114601201A.MZK
I> [29/08/2017 08:17:48] Programmes dans les fichiers demandés: Programme 6167 (114601201A), Programme 6168 (114601201A), Programme 6169 (114601201A), Programme 6170 (114601201A)
I> [29/08/2017 08:17:54] Emission de programme: Programme 6167 (114601201A)
I> [29/08/2017 08:18:18] Emission de programme: Programme 6168 (114601201A)
I> [29/08/2017 08:18:40] Emission de programme: Programme 6169 (114601201A)
I> [29/08/2017 08:19:17] Emission de programme: Programme 6170 (114601201A)
I> [29/08/2017 10:49:45] Appel depuis la CN de: 30190500101
I> [29/08/2017 10:49:49] Le programme appelé depuis la CN est trouvé: C:\machines\T32\Programmes\LA CALHENE\30190500101.MZK
I> [29/08/2017 10:49:50] Programmes dans les fichiers demandés: Programme 6147 (30190500101), Programme 6148 (30190500101), Programme 6149 (30190500101), Programme 6150 (30190500101), Programme 6151 (30190500101), Programme 6152 (30190500101), Programme 6153 (30190500101), Programme 6154 (30190500101)
I> [29/08/2017 10:50:57] Emission de programme: Programme 6147 (30190500101)
I> [29/08/2017 10:51:03] Emission de programme: Programme 6148 (30190500101)
I> [29/08/2017 10:51:09] Emission de programme: Programme 6149 (30190500101)
I> [29/08/2017 10:51:20] Emission de programme: Programme 6150 (30190500101)
I> [29/08/2017 10:51:33] Emission de programme: Programme 6151 (30190500101)
I> [29/08/2017 10:51:49] Emission de programme: Programme 6152 (30190500101)
I> [29/08/2017 10:52:01] Emission de programme: Programme 6153 (30190500101)
I> [29/08/2017 10:52:14] Emission de programme: Programme 6154 (30190500101)
I> [29/08/2017 10:54:30] Emission de programme: Programme 6154 (30190500101)
I> [29/08/2017 16:36:31] Appel depuis la CN de: DF122700307
I> [29/08/2017 16:36:36] Le programme appelé depuis la CN est trouvé: C:\machines\T32\Programmes\LA CALHENE\DF122700307.MZK
I> [29/08/2017 16:36:36] Programmes dans les fichiers demandés: Programme 6601 (DF122700307), Programme 6581 (DF122700307), Programme 6582 (DF122700307), Programme 6583 (DF122700307), Programme 6584 (DF122700307)
I> [29/08/2017 16:37:44] Emission de programme: Programme 6583 (DF122700307)
I> [29/08/2017 16:38:39] Emission de programme: Programme 6584 (DF122700307)
