I> [29/04/2010 05:06:14] Port activé avec succès.
I> [29/04/2010 05:10:39] Appel depuis la CN de: 21270080201
I> [29/04/2010 05:10:45] Le programme appelé depuis la CN est trouvé: C:\machines\T32\Programmes\FLOWSERVE\21270080201.MZK
I> [29/04/2010 05:10:45] Programmes dans les fichiers demandés: Programme 4476 (21270080201), Programme 4477 (21270080201), Programme 4478 (21270080201), Programme 4479 (21270080201), Programme 4480 (21270080201)
I> [29/04/2010 05:11:06] Emission de programme: Programme 4476 (21270080201)
I> [29/04/2010 05:11:16] Emission de programme: Programme 4477 (21270080201)
I> [29/04/2010 05:11:38] Emission de programme: Programme 4478 (21270080201)
I> [29/04/2010 05:11:53] Emission de programme: Programme 4479 (21270080201)
I> [29/04/2010 05:12:14] Emission de programme: Programme 4480 (21270080201)
I> [29/04/2010 05:13:27] Appel depuis la CN de: 30350300101
I> [29/04/2010 05:13:33] Le programme appelé depuis la CN est trouvé: C:\machines\T32\Programmes\LA CALHENE\30350300101.MZK
I> [29/04/2010 05:13:34] Programmes dans les fichiers demandés: Programme 3539 (30350300101), Programme 4085 (30350300101), Programme 4086 (30350300101), Programme 4089 (30350300101), Programme 5136 (30350300101), Programme 5137 (30350300101)
I> [29/04/2010 05:13:52] Emission de programme: Programme 5136 (30350300101)
I> [29/04/2010 05:13:58] Emission de programme: Programme 5137 (30350300101)
I> [29/04/2010 08:10:43] Réception: programme 4476 (21270080201)
I> [29/04/2010 08:10:52] Réception: programme 4477 (21270080201)
I> [29/04/2010 08:11:14] Réception: programme 4478 (21270080201)
I> [29/04/2010 08:11:28] Réception: programme 4479 (21270080201)
I> [29/04/2010 08:11:50] Réception: programme 4480 (21270080201)
I> [29/04/2010 08:12:38] Réception: programme 5138 (21270080201)
I> [29/04/2010 08:12:46] Réception: programme 5139 (21270080201)
I> [29/04/2010 08:12:54] Fichier reçu: C:\machines\T32\Programmes\21270080201.MZK
I> [29/04/2010 08:12:55] Programmes dans les fichiers demandés: Programme 4476 (21270080201), Programme 4477 (21270080201), Programme 4478 (21270080201), Programme 4479 (21270080201), Programme 4480 (21270080201), Programme 5138 (21270080201), Programme 5139 (21270080201)
I> [29/04/2010 10:59:20] Appel depuis la CN de: 122700301E
E> [29/04/2010 10:59:26] N'a pu émettre le fichier: C:\machines\T32\Programmes\21270080201.MZK [Le système ne peut pas lire le périphérique indiqué]
I> [29/04/2010 10:59:26] Le programme appelé depuis la CN est trouvé: C:\machines\T32\Programmes\LA CALHENE\122700301E.MZK
I> [29/04/2010 10:59:26] Programmes dans les fichiers demandés: Programme 4821 (122700301E), Programme 4822 (122700301E), Programme 4410 (122700301E), Programme 4411 (122700301E), Programme 4412 (122700301E), Programme 4413 (122700301E), Programme 4441 (122700301E), Programme 4443 (122700301E)
I> [29/04/2010 10:59:48] Emission de programme: Programme 4410 (122700301E)
I> [29/04/2010 10:59:59] Emission de programme: Programme 4411 (122700301E)
I> [29/04/2010 11:00:12] Emission de programme: Programme 4412 (122700301E)
I> [29/04/2010 11:01:01] Emission de programme: Programme 4413 (122700301E)
I> [29/04/2010 11:01:55] Emission de programme: Programme 4413 (122700301E)
