I> [29/05/06 05:23:43] Port activé avec succès.
I> [29/05/06 05:25:22] Appel depuis la CN de: P362733
I> [29/05/06 05:25:30] Le programme appelé depuis la CN est trouvé: C:\machines\T32\Programmes\Tokheim\P362733.MZK
I> [29/05/06 05:25:30] Programmes dans les fichiers demandés: Programme 45, Données d'outil
I> [29/05/06 05:37:00] Réception: programme 4132 (P362733)
I> [29/05/06 05:37:21] Fichier reçu: C:\machines\T32\Programmes\P362733.MZK
I> [29/05/06 05:37:21] Programmes dans les fichiers demandés: Programme 4132 (P362733)
I> [29/05/06 05:50:35] Appel depuis la CN de: 2976443D
E> [29/05/06 05:50:44] N'a pu trouver le programme appelé depuis la CN: 2976443D.MZK [Premier répertoire recherché : C:\machines\T32\Programmes]
E> [29/05/06 05:50:46] N'a pu émettre le fichier. [Previous remote request failed.]
I> [29/05/06 05:52:31] Appel depuis la CN de: 2976 443 D
I> [29/05/06 05:52:39] Le programme appelé depuis la CN est trouvé: C:\machines\T32\Programmes\DRESSER\2976 443 D.MZK
I> [29/05/06 05:52:39] Programmes dans les fichiers demandés: Programme 3313 (2976 443 D), Programme 3314 (2976 443 D), Programme 3315 (2976 443 D)
I> [29/05/06 05:52:50] Emission de programme: Programme 3313 (2976 443 D)
I> [29/05/06 05:53:00] Emission de programme: Programme 3314 (2976 443 D)
I> [29/05/06 05:53:35] Emission de programme: Programme 3315 (2976 443 D)
I> [29/05/06 07:42:03] Port activé avec succès.
I> [29/05/06 20:35:01] Réception: programme 4133 (POULIE 280)
I> [29/05/06 20:35:12] Réception: programme 4134 (POULIE 280)
I> [29/05/06 20:35:21] Réception: programme 4135 (POULIE 280)
I> [29/05/06 20:35:38] Fichier reçu: C:\machines\T32\Programmes\POULIE 280.MZK
I> [29/05/06 20:35:38] Programmes dans les fichiers demandés: Programme 4133 (POULIE 280), Programme 4134 (POULIE 280), Programme 4135 (POULIE 280)
I> [29/05/06 20:50:22] Appel depuis la CN de: 2980473A 2
I> [29/05/06 20:50:30] Le programme appelé depuis la CN est trouvé: C:\machines\T32\Programmes\DRESSER\2980473A 2.MZK
I> [29/05/06 20:50:31] Programmes dans les fichiers demandés: Programme 55, Données d'outil, Programme 37, Données d'outil
I> [29/05/06 20:50:41] Emission de programme: Programme 55
I> [29/05/06 20:50:52] Emission de programme: Données d'outil
I> [29/05/06 20:50:54] Emission de programme: Programme 37
I> [29/05/06 20:51:01] Emission de programme: Données d'outil
