I> [29/04/2011 06:39:10] Port activé avec succès.
I> [29/04/2011 09:13:10] Appel depuis la CN de: 121902401C
I> [29/04/2011 09:13:17] Le programme appelé depuis la CN est trouvé: C:\machines\T32\Programmes\LA CALHENE\121902401C.MZK
I> [29/04/2011 09:13:17] Programmes dans les fichiers demandés: Programme 5589 (121902401C), Programme 5590 (121900401G)
I> [29/04/2011 09:14:35] Appel depuis la CN de: 121902401C
I> [29/04/2011 09:14:42] Le programme appelé depuis la CN est trouvé: C:\machines\T32\Programmes\LA CALHENE\121902401C.MZK
I> [29/04/2011 09:14:42] Programmes dans les fichiers demandés: Programme 5589 (121902401C), Programme 5590 (121900401G)
I> [29/04/2011 09:14:48] Emission de programme: Programme 5589 (121902401C)
I> [29/04/2011 09:15:42] Emission de programme: Programme 5590 (121900401G)
I> [29/04/2011 09:17:03] Réception: programme 5589 (121902401C)
I> [29/04/2011 09:17:57] Réception: programme 5590 (121902401C)
I> [29/04/2011 09:18:04] Réception: programme 5591 (121902401C)
I> [29/04/2011 09:18:10] Fichier reçu: C:\machines\T32\Programmes\121902401C.MZK
I> [29/04/2011 09:18:10] Programmes dans les fichiers demandés: Programme 5589 (121902401C), Programme 5590 (121902401C), Programme 5591 (121902401C)
I> [29/04/2011 09:23:11] Appel depuis la CN de: 355309
I> [29/04/2011 09:23:18] Le programme appelé depuis la CN est trouvé: C:\machines\T32\Programmes\TOKHEIM\355309.MZK
I> [29/04/2011 09:23:18] Programmes dans les fichiers demandés: Programme 4725 (355309), Programme 4726 (355309), Programme 4804 (355309)
I> [29/04/2011 09:23:24] Emission de programme: Programme 4725 (355309)
I> [29/04/2011 09:23:44] Emission de programme: Programme 4726 (355309)
I> [29/04/2011 09:24:02] Emission de programme: Programme 4804 (355309)
I> [29/04/2011 09:25:51] Appel depuis la CN de: 355309
I> [29/04/2011 09:25:58] Le programme appelé depuis la CN est trouvé: C:\machines\T32\Programmes\355309.MZK
I> [29/04/2011 09:25:58] Programmes dans les fichiers demandés: Programme 684 (355309), Programme 685 (355309), Programme 686 (355309)
I> [29/04/2011 09:26:09] Emission de programme: Programme 684 (355309)
I> [29/04/2011 09:26:19] Emission de programme: Programme 685 (355309)
I> [29/04/2011 09:26:39] Emission de programme: Programme 686 (355309)
