I> [29/06/2012 06:06:01] Port activé avec succès.
I> [29/06/2012 08:07:13] Appel depuis la CN de: 116741A
I> [29/06/2012 08:07:20] Le programme appelé depuis la CN est trouvé: C:\machines\T32\Programmes\116741A.MZK
I> [29/06/2012 08:07:20] Programmes dans les fichiers demandés: Programme 37 (116741A)
I> [29/06/2012 08:07:39] Emission de programme: Programme 37 (116741A)
I> [29/06/2012 08:10:50] Appel depuis la CN de: 116741A
I> [29/06/2012 08:10:56] Le programme appelé depuis la CN est trouvé: C:\machines\T32\Programmes\FLOWSERVE\116741A.MZK
I> [29/06/2012 08:10:56] Programmes dans les fichiers demandés: Programme 5940 (116741A), Programme 5941 (116741A), Programme 5942 (116741A)
I> [29/06/2012 08:11:11] Emission de programme: Programme 5940 (116741A)
I> [29/06/2012 08:11:20] Emission de programme: Programme 5941 (116741A)
I> [29/06/2012 08:11:26] Emission de programme: Programme 5942 (116741A)
I> [29/06/2012 11:54:14] Réception: programme 5940 (116741A)
I> [29/06/2012 11:54:23] Réception: programme 5941 (116741A)
I> [29/06/2012 11:54:29] Réception: programme 5942 (116741A)
I> [29/06/2012 11:54:38] Réception: programme 5958 (116741A)
I> [29/06/2012 11:54:56] Réception: programme 5959 (116741A)
I> [29/06/2012 11:55:06] Fichier reçu: C:\machines\T32\Programmes\116741A.MZK
I> [29/06/2012 11:55:06] Programmes dans les fichiers demandés: Programme 5940 (116741A), Programme 5941 (116741A), Programme 5942 (116741A), Programme 5958 (116741A), Programme 5959 (116741A)
I> [29/06/2012 12:08:31] Appel depuis la CN de: 103044249
I> [29/06/2012 12:08:38] Le programme appelé depuis la CN est trouvé: C:\machines\T32\Programmes\ARO\103044249.MZK
I> [29/06/2012 12:08:38] Programmes dans les fichiers demandés: Programme 5708 (103044249)
I> [29/06/2012 12:13:40] Emission de programme: Programme 5708 (103044249)
I> [29/06/2012 12:14:35] Appel depuis la CN de: 10304424901
I> [29/06/2012 12:14:41] Le programme appelé depuis la CN est trouvé: C:\machines\T32\Programmes\10304424901.MZK
I> [29/06/2012 12:14:41] Programmes dans les fichiers demandés: Programme 332 (10304424901), Programme 404 (10304424901)
I> [29/06/2012 12:14:50] Emission de programme: Programme 332 (10304424901)
I> [29/06/2012 12:15:06] Emission de programme: Programme 404 (10304424901)
