I> [29/04/2014 04:51:33] Port activé avec succès.
I> [29/04/2014 10:58:50] Réception: programme 6344 (4809478A)
I> [29/04/2014 10:59:02] Réception: programme 6345 (4809478A)
I> [29/04/2014 10:59:14] Fichier reçu: C:\machines\T32\Programmes\4809478A.MZK
I> [29/04/2014 10:59:14] Programmes dans les fichiers demandés: Programme 6344 (4809478A), Programme 6345 (4809478A)
I> [29/04/2014 11:00:39] Appel depuis la CN de: 4809478A
I> [29/04/2014 11:00:54] Le programme appelé depuis la CN est trouvé: C:\machines\T32\Programmes\FLOWSERVE\4809478A.MZK
I> [29/04/2014 11:00:54] Programmes dans les fichiers demandés: Programme 6344 (4809478A), Programme 6345 (4809478A)
I> [29/04/2014 11:01:00] Appel depuis la CN de: 4809478A
I> [29/04/2014 11:01:05] Le programme appelé depuis la CN est trouvé: C:\machines\T32\Programmes\FLOWSERVE\4809478A.MZK
I> [29/04/2014 11:01:05] Programmes dans les fichiers demandés: Programme 6344 (4809478A), Programme 6345 (4809478A)
I> [29/04/2014 11:03:04] Appel depuis la CN de: 4806084A
I> [29/04/2014 11:03:09] Le programme appelé depuis la CN est trouvé: C:\machines\T32\Programmes\FLOWSERVE\4806084A.MZK
I> [29/04/2014 11:03:09] Programmes dans les fichiers demandés: Programme 6342 (4806084A)
I> [29/04/2014 11:44:11] Réception: programme 6343 (4806086A)
I> [29/04/2014 11:44:34] Réception: programme 6346 (4806086A)
I> [29/04/2014 11:44:45] Fichier reçu: C:\machines\T32\Programmes\4806086A.MZK
I> [29/04/2014 11:44:45] Programmes dans les fichiers demandés: Programme 6343 (4806086A), Programme 6346 (4806086A)
I> [29/04/2014 11:46:14] Appel depuis la CN de: 4806086A
I> [29/04/2014 11:46:19] Le programme appelé depuis la CN est trouvé: C:\machines\T32\Programmes\FLOWSERVE\4806086A.MZK
I> [29/04/2014 11:46:19] Programmes dans les fichiers demandés: Programme 6343 (4806086A), Programme 6346 (4806086A)
I> [29/04/2014 11:49:10] Appel depuis la CN de: 5801814A
E> [29/04/2014 11:49:15] N'a pu trouver le programme appelé depuis la CN: 5801814A.MZK [Premier répertoire recherché : C:\machines\T32\Programmes]
E> [29/04/2014 11:49:18] N'a pu émettre le fichier. [Previous remote request failed.]
I> [29/04/2014 11:49:35] Appel depuis la CN de: 5801814A
E> [29/04/2014 11:49:40] N'a pu trouver le programme appelé depuis la CN: 5801814A.MZK [Premier répertoire recherché : C:\machines\T32\Programmes]
E> [29/04/2014 11:49:45] N'a pu émettre le fichier. [Previous remote request failed.]
I> [29/04/2014 11:50:31] Appel depuis la CN de: 4806083A
I> [29/04/2014 11:50:36] Le programme appelé depuis la CN est trouvé: C:\machines\T32\Programmes\FLOWSERVE\4806083A.MZK
I> [29/04/2014 11:50:36] Programmes dans les fichiers demandés: Programme 6341 (4806083A)
I> [29/04/2014 11:50:41] Emission de programme: Programme 6341 (4806083A)
I> [29/04/2014 12:09:54] Appel depuis la CN de: 5998155A
I> [29/04/2014 12:09:59] Le programme appelé depuis la CN est trouvé: C:\machines\T32\Programmes\FLOWSERVE\5998155A.MZK
I> [29/04/2014 12:09:59] Programmes dans les fichiers demandés: Programme 5481 (5998155A), Programme 5482 (5998155A), Programme 5484 (5998155A), Programme 5258 (5998155A)
I> [29/04/2014 12:12:48] Emission de programme: Programme 5258 (5998155A)
I> [29/04/2014 13:27:35] Réception: programme 6347 (5801814A)
I> [29/04/2014 13:27:52] Fichier reçu: C:\machines\T32\Programmes\5801814A.MZK
I> [29/04/2014 13:27:52] Programmes dans les fichiers demandés: Programme 6347 (5801814A)
I> [29/04/2014 16:11:27] Réception: programme 6348 (5810818A)
I> [29/04/2014 16:11:44] Fichier reçu: C:\machines\T32\Programmes\5810818A.MZK
I> [29/04/2014 16:11:44] Programmes dans les fichiers demandés: Programme 6348 (5810818A)
I> [29/04/2014 19:38:45] Réception: programme 6849 (5803559A)
I> [29/04/2014 19:39:02] Fichier reçu: C:\machines\T32\Programmes\5803559A.MZK
I> [29/04/2014 19:39:02] Programmes dans les fichiers demandés: Programme 6849 (5803559A)
I> [29/04/2014 19:43:29] Appel depuis la CN de: 5801814A
I> [29/04/2014 19:43:34] Le programme appelé depuis la CN est trouvé: C:\machines\T32\Programmes\5801814A.MZK
I> [29/04/2014 19:43:34] Programmes dans les fichiers demandés: Programme 1115 (5801814A), Programme 1116 (5801814A)
I> [29/04/2014 19:43:45] Emission de programme: Programme 1115 (5801814A)
I> [29/04/2014 19:43:53] Emission de programme: Programme 1116 (5801814A)
I> [29/04/2014 20:32:37] Réception: programme 6349 (5803559A)
I> [29/04/2014 20:32:54] Fichier reçu: C:\machines\T32\Programmes\5803559A.MZK
I> [29/04/2014 20:32:54] Programmes dans les fichiers demandés: Programme 6349 (5803559A)
