I> [29/09/2014 04:58:35] Port activé avec succès.
I> [29/09/2014 10:17:42] Appel depuis la CN de: POULIE 280
I> [29/09/2014 10:17:47] Le programme appelé depuis la CN est trouvé: C:\machines\T32\Programmes\POULIE 280.MZK
I> [29/09/2014 10:17:47] Programmes dans les fichiers demandés: Programme 108 (POULIE 280), Programme 109 (POULIE 280)
I> [29/09/2014 10:17:51] Emission de programme: Programme 108 (POULIE 280)
I> [29/09/2014 10:18:02] Emission de programme: Programme 109 (POULIE 280)
I> [29/09/2014 12:57:27] Appel depuis la CN de: POULIE 280
I> [29/09/2014 12:57:32] Le programme appelé depuis la CN est trouvé: C:\machines\T32\Programmes\CRD\POULIE 280.MZK
I> [29/09/2014 12:57:32] Programmes dans les fichiers demandés: Programme 4133 (POULIE 280), Programme 4134 (POULIE 280), Programme 4135 (POULIE 280)
I> [29/09/2014 12:58:43] Emission de programme: Programme 4135 (POULIE 280)
I> [29/09/2014 16:38:13] Appel depuis la CN de: 4807874B
I> [29/09/2014 16:38:18] Le programme appelé depuis la CN est trouvé: C:\machines\T32\Programmes\FLOWSERVE\4807874B.MZK
I> [29/09/2014 16:38:18] Programmes dans les fichiers demandés: Programme 6012 (4807874B), Programme 6032 (4807874B), Programme 6033 (4807874B)
I> [29/09/2014 16:39:24] Emission de programme: Programme 6012 (4807874B)
I> [29/09/2014 18:14:00] Appel depuis la CN de: 4807874B
I> [29/09/2014 18:14:07] Le programme appelé depuis la CN est trouvé: C:\machines\T32\Programmes\FLOWSERVE\4807874B.MZK
I> [29/09/2014 18:14:07] Programmes dans les fichiers demandés: Programme 6012 (4807874B), Programme 6032 (4807874B), Programme 6033 (4807874B)
I> [29/09/2014 18:14:11] Emission de programme: Programme 6032 (4807874B)
I> [29/09/2014 18:14:27] Emission de programme: Programme 6033 (4807874B)
I> [29/09/2014 20:45:02] Port activé avec succès.
