I> [29/06/2010 05:08:52] Port activé avec succès.
I> [29/06/2010 08:16:23] Appel depuis la CN de: 1128700603B
I> [29/06/2010 08:16:28] Le programme appelé depuis la CN est trouvé: C:\machines\T32\Programmes\1128700603B.MZK
I> [29/06/2010 08:16:28] Programmes dans les fichiers demandés: Programme 875 (1128700603B)
I> [29/06/2010 08:16:33] Emission de programme: Programme 875 (1128700603B)
I> [29/06/2010 12:49:56] Réception: programme 5233 (4986023A)
I> [29/06/2010 12:50:06] Réception: programme 5234 (4986023A)
I> [29/06/2010 12:50:30] Fichier reçu: C:\machines\T32\Programmes\4986023A.MZK
I> [29/06/2010 12:50:30] Programmes dans les fichiers demandés: Programme 5233 (4986023A), Programme 5234 (4986023A)
E> [29/06/2010 13:38:56] N'a pu émettre le fichier: C:\machines\T32\Programmes\4986023A.MZK [Le système ne peut pas lire le périphérique indiqué]
E> [29/06/2010 13:39:12] N'a pu émettre le fichier: C:\machines\T32\Programmes\4986023A.MZK [Le système ne peut pas lire le périphérique indiqué]
I> [29/06/2010 13:39:31] Appel depuis la CN de: 4986023A
E> [29/06/2010 13:39:35] N'a pu émettre le fichier: C:\machines\T32\Programmes\4986023A.MZK [Le système ne peut pas lire le périphérique indiqué]
I> [29/06/2010 13:39:36] Le programme appelé depuis la CN est trouvé: C:\machines\T32\Programmes\FLOWSERVE\4986023A.MZK
I> [29/06/2010 13:39:36] Programmes dans les fichiers demandés: Programme 5233 (4986023A), Programme 5234 (4986023A)
I> [29/06/2010 13:41:17] Appel depuis la CN de: 4986023A
I> [29/06/2010 13:41:25] Le programme appelé depuis la CN est trouvé: C:\machines\T32\Programmes\FLOWSERVE\4986023A.MZK
I> [29/06/2010 13:41:25] Programmes dans les fichiers demandés: Programme 5233 (4986023A), Programme 5234 (4986023A)
I> [29/06/2010 13:41:26] Emission de programme: Programme 5233 (4986023A)
I> [29/06/2010 13:41:36] Emission de programme: Programme 5234 (4986023A)
I> [29/06/2010 17:51:58] Réception: programme 5235 (217165)
I> [29/06/2010 17:52:11] Réception: programme 5236 (217165)
I> [29/06/2010 17:52:21] Fichier reçu: C:\machines\T32\Programmes\217165.MZK
I> [29/06/2010 17:52:22] Programmes dans les fichiers demandés: Programme 5235 (217165), Programme 5236 (217165)
