I> [29/10/2007 09:08:23] Port activé avec succès.
I> [29/10/2007 14:29:32] Réception: programme 67 (30270300101)
I> [29/10/2007 14:29:46] Réception: programme 68 (30270300101)
I> [29/10/2007 14:30:04] Réception: programme 4087 (30270300101)
I> [29/10/2007 14:30:26] Réception: programme 4088 (30270300101)
I> [29/10/2007 14:31:23] Fichier reçu: C:\machines\T32\Programmes\30270300101.MZK
I> [29/10/2007 14:31:23] Programmes dans les fichiers demandés: Programme 67 (30270300101), Programme 68 (30270300101), Programme 4087 (30270300101), Programme 4088 (30270300101)
I> [29/10/2007 14:34:46] Appel depuis la CN de: 30270300101
I> [29/10/2007 14:34:52] Le programme appelé depuis la CN est trouvé: C:\machines\T32\Programmes\30270300101.MZK
I> [29/10/2007 14:34:52] Programmes dans les fichiers demandés: Programme 67 (30270300101), Programme 68 (30270300101), Programme 4087 (30270300101), Programme 4088 (30270300101)
I> [29/10/2007 14:38:06] Appel depuis la CN de: 30190300101
E> [29/10/2007 14:38:11] N'a pu émettre le fichier: C:\machines\T32\Programmes\30270300101.MZK [Le système ne peut pas lire le périphérique indiqué]
I> [29/10/2007 14:38:12] Le programme appelé depuis la CN est trouvé: C:\machines\T32\Programmes\LA CALHENE\30190300101.MZK
I> [29/10/2007 14:38:12] Programmes dans les fichiers demandés: Programme 4083 (30190300101), Programme 4090 (30190300101), Programme 4103 (30190300101), Programme 4104 (30190300101)
I> [29/10/2007 14:38:23] Appel depuis la CN de: 30190300101
I> [29/10/2007 14:38:28] Le programme appelé depuis la CN est trouvé: C:\machines\T32\Programmes\LA CALHENE\30190300101.MZK
I> [29/10/2007 14:38:28] Programmes dans les fichiers demandés: Programme 4083 (30190300101), Programme 4090 (30190300101), Programme 4103 (30190300101), Programme 4104 (30190300101)
I> [29/10/2007 14:44:40] Appel depuis la CN de: 30190300101
I> [29/10/2007 14:44:46] Le programme appelé depuis la CN est trouvé: C:\machines\T32\Programmes\30190300101.MZK
I> [29/10/2007 14:44:46] Programmes dans les fichiers demandés: Programme 65 (30190300101), Programme 66 (30190300101), Programme 4090 (30190300101), Programme 4104 (30190300101)
E> [29/10/2007 14:48:57] N'a pu émettre le fichier: C:\machines\T32\Programmes\30190300101.MZK [Le système ne peut pas lire le périphérique indiqué]
E> [29/10/2007 14:49:09] N'a pu émettre le fichier: C:\machines\T32\Programmes\30190300101.MZK [Le système ne peut pas lire le périphérique indiqué]
I> [29/10/2007 14:51:44] Appel depuis la CN de: 30190300101
I> [29/10/2007 14:51:52] Le programme appelé depuis la CN est trouvé: C:\machines\T32\Programmes\30190300101.MZK
I> [29/10/2007 14:51:52] Programmes dans les fichiers demandés: Programme 65 (30190300101), Programme 66 (30190300101), Programme 4090 (30190300101), Programme 4104 (30190300101)
I> [29/10/2007 14:51:53] Emission de programme: Programme 65 (30190300101)
I> [29/10/2007 14:52:05] Emission de programme: Programme 66 (30190300101)
E> [29/10/2007 14:53:35] N'a pu émettre le fichier: C:\machines\T32\Programmes\30190300101.MZK [Le système ne peut pas lire le périphérique indiqué]
I> [29/10/2007 14:54:06] Appel depuis la CN de: 30190300101
I> [29/10/2007 14:54:11] Le programme appelé depuis la CN est trouvé: C:\machines\T32\Programmes\LA CALHENE\30190300101.MZK
I> [29/10/2007 14:54:11] Programmes dans les fichiers demandés: Programme 4083 (30190300101), Programme 4090 (30190300101), Programme 4103 (30190300101), Programme 4104 (30190300101)
I> [29/10/2007 14:54:29] Appel depuis la CN de: 30190300101
I> [29/10/2007 14:54:36] Le programme appelé depuis la CN est trouvé: C:\machines\T32\Programmes\LA CALHENE\30190300101.MZK
I> [29/10/2007 14:54:37] Programmes dans les fichiers demandés: Programme 4083 (30190300101), Programme 4090 (30190300101), Programme 4103 (30190300101), Programme 4104 (30190300101)
I> [29/10/2007 14:55:07] Appel depuis la CN de: 30190300101
I> [29/10/2007 14:55:13] Le programme appelé depuis la CN est trouvé: C:\machines\T32\Programmes\LA CALHENE\30190300101.MZK
I> [29/10/2007 14:55:13] Programmes dans les fichiers demandés: Programme 4083 (30190300101), Programme 4090 (30190300101), Programme 4103 (30190300101), Programme 4104 (30190300101)
I> [29/10/2007 14:56:02] Appel depuis la CN de: 30190300101
I> [29/10/2007 14:56:07] Le programme appelé depuis la CN est trouvé: C:\machines\T32\Programmes\LA CALHENE\30190300101.MZK
I> [29/10/2007 14:56:07] Programmes dans les fichiers demandés: Programme 4083 (30190300101), Programme 4090 (30190300101), Programme 4103 (30190300101), Programme 4104 (30190300101)
I> [29/10/2007 14:57:38] Appel depuis la CN de: 30190300101
I> [29/10/2007 14:57:44] Port arrêté.
I> [29/10/2007 14:57:48] Port activé avec succès.
I> [29/10/2007 14:58:06] Appel depuis la CN de: 30190300101
I> [29/10/2007 14:58:14] Le programme appelé depuis la CN est trouvé: C:\machines\T32\Programmes\LA CALHENE\30190300101.MZK
I> [29/10/2007 14:58:15] Programmes dans les fichiers demandés: Programme 4083 (30190300101), Programme 4090 (30190300101), Programme 4103 (30190300101), Programme 4104 (30190300101)
I> [29/10/2007 14:59:25] Appel depuis la CN de: 30190300101
I> [29/10/2007 14:59:33] Le programme appelé depuis la CN est trouvé: C:\machines\T32\Programmes\LA CALHENE\30190300101.MZK
I> [29/10/2007 14:59:33] Programmes dans les fichiers demandés: Programme 4083 (30190300101), Programme 4090 (30190300101), Programme 4103 (30190300101), Programme 4104 (30190300101)
I> [29/10/2007 15:02:58] Port activé avec succès.
I> [29/10/2007 15:05:38] Appel depuis la CN de: 30190300101
I> [29/10/2007 15:05:44] Le programme appelé depuis la CN est trouvé: C:\machines\T32\Programmes\30190300101.MZK
I> [29/10/2007 15:05:44] Programmes dans les fichiers demandés: Programme 65 (30190300101), Programme 66 (30190300101), Programme 4090 (30190300101), Programme 4104 (30190300101)
I> [29/10/2007 15:05:47] Appel depuis la CN de: 30190300101
I> [29/10/2007 15:05:55] Le programme appelé depuis la CN est trouvé: C:\machines\T32\Programmes\30190300101.MZK
I> [29/10/2007 15:05:55] Programmes dans les fichiers demandés: Programme 65 (30190300101), Programme 66 (30190300101), Programme 4090 (30190300101), Programme 4104 (30190300101)
I> [29/10/2007 15:05:58] Emission de programme: Programme 65 (30190300101)
I> [29/10/2007 15:06:10] Emission de programme: Programme 66 (30190300101)
I> [29/10/2007 15:06:25] Emission de programme: Programme 4090 (30190300101)
I> [29/10/2007 15:07:21] Emission de programme: Programme 4104 (30190300101)
I> [29/10/2007 15:18:21] Port activé avec succès.
I> [29/10/2007 15:29:09] Port arrêté.
I> [29/10/2007 15:29:13] Port activé avec succès.
