I> [29/10/2015 04:55:43] Port activé avec succès.
I> [29/10/2015 06:45:19] Appel depuis la CN de: 122702201D
I> [29/10/2015 06:45:26] Le programme appelé depuis la CN est trouvé: C:\machines\T32\Programmes\LA CALHENE\122702201D.MZK
I> [29/10/2015 06:45:27] Programmes dans les fichiers demandés: Programme 4999 (122702201D), Programme 5000 (122702201D), Programme 5001 (122702201D), Programme 5002 (122702201D), Programme 5028 (122702201D), Programme 5029 (122702201D)
I> [29/10/2015 06:45:43] Emission de programme: Programme 5001 (122702201D)
I> [29/10/2015 06:46:22] Emission de programme: Programme 5002 (122702201D)
I> [29/10/2015 06:47:26] Appel depuis la CN de: 112700101K
E> [29/10/2015 06:47:33] N'a pu trouver le programme appelé depuis la CN: 112700101K.MZK [Premier répertoire recherché : C:\machines\T32\Programmes]
E> [29/10/2015 06:47:37] N'a pu émettre le fichier. [Previous remote request failed.]
I> [29/10/2015 06:48:21] Appel depuis la CN de: 122700101K
I> [29/10/2015 06:48:28] Le programme appelé depuis la CN est trouvé: C:\machines\T32\Programmes\LA CALHENE\122700101K.MZK
I> [29/10/2015 06:48:28] Programmes dans les fichiers demandés: Programme 5616 (122700101K), Programme 5617 (122700101K), Programme 5618 (122700101K), Programme 5619 (122700101K), Programme 5624 (122700101K), Programme 5625 (122700101K), Programme 5626 (122700101K), Programme 5627 (122700101K), Programme 5665 (122700101K), Programme 5666 (122700101K)
I> [29/10/2015 06:49:19] Emission de programme: Programme 5626 (122700101K)
I> [29/10/2015 06:50:22] Emission de programme: Programme 5626 (122700101K)
I> [29/10/2015 06:51:15] Emission de programme: Programme 5627 (122700101K)
I> [29/10/2015 07:30:04] Port activé avec succès.
I> [29/10/2015 07:44:22] Appel depuis la CN de: 4112-35-01C
I> [29/10/2015 07:44:29] Le programme appelé depuis la CN est trouvé: C:\machines\T32\Programmes\LA CALHENE\4112-35-01C.MZK
I> [29/10/2015 07:44:29] Programmes dans les fichiers demandés: Programme 4864 (4112-35-01C), Programme 4865 (4112-35-01C), Programme 4870 (4112-35-01C), Programme 4871 (4112-35-01C)
I> [29/10/2015 07:44:39] Emission de programme: Programme 4870 (4112-35-01C)
I> [29/10/2015 07:44:52] Emission de programme: Programme 4871 (4112-35-01C)
