I> [29/11/2011 05:01:59] Port activé avec succès.
I> [29/11/2011 11:23:05] Appel depuis la CN de: 121900101Q
I> [29/11/2011 11:23:12] Le programme appelé depuis la CN est trouvé: C:\machines\T32\Programmes\LA CALHENE\121900101Q.MZK
I> [29/11/2011 11:23:12] Programmes dans les fichiers demandés: Programme 5199 (121900101Q), Programme 5217 (121900101Q), Programme 5227 (121900101Q), Programme 5228 (121900101Q), Programme 5229 (121900101Q), Programme 5230 (121900101Q), Programme 5231 (121900101Q), Programme 5232 (121900101Q), Programme 5440 (121900101Q), Programme 5441 (121900101Q)
I> [29/11/2011 11:26:39] Emission de programme: Programme 5199 (121900101Q)
I> [29/11/2011 11:26:45] Emission de programme: Programme 5217 (121900101Q)
I> [29/11/2011 11:26:49] Emission de programme: Programme 5227 (121900101Q)
I> [29/11/2011 11:26:57] Emission de programme: Programme 5228 (121900101Q)
I> [29/11/2011 11:27:04] Emission de programme: Programme 5440 (121900101Q)
I> [29/11/2011 11:27:13] Emission de programme: Programme 5441 (121900101Q)
I> [29/11/2011 11:45:57] Réception: programme 5199 (121900101Q)
I> [29/11/2011 11:46:03] Réception: programme 5217 (121900101Q)
I> [29/11/2011 11:46:07] Réception: programme 5227 (121900101Q)
I> [29/11/2011 11:46:16] Réception: programme 5228 (121900101Q)
I> [29/11/2011 11:46:22] Réception: programme 5229 (121900101Q)
I> [29/11/2011 11:46:40] Réception: programme 5230 (121900101Q)
I> [29/11/2011 11:46:54] Réception: programme 5231 (121900101Q)
I> [29/11/2011 11:47:22] Réception: programme 5232 (121900101Q)
I> [29/11/2011 11:48:05] Réception: programme 5440 (121900101Q)
I> [29/11/2011 11:48:14] Réception: programme 5441 (121900101Q)
I> [29/11/2011 11:48:26] Fichier reçu: C:\machines\T32\Programmes\121900101Q.MZK
I> [29/11/2011 11:48:26] Programmes dans les fichiers demandés: Programme 5199 (121900101Q), Programme 5217 (121900101Q), Programme 5227 (121900101Q), Programme 5228 (121900101Q), Programme 5229 (121900101Q), Programme 5230 (121900101Q), Programme 5231 (121900101Q), Programme 5232 (121900101Q), Programme 5440 (121900101Q), Programme 5441 (121900101Q)
I> [29/11/2011 14:26:29] Appel depuis la CN de: 241003132B
I> [29/11/2011 14:26:35] Le programme appelé depuis la CN est trouvé: C:\machines\T32\Programmes\241003132B.MZK
I> [29/11/2011 14:26:35] Programmes dans les fichiers demandés: Programme 925 (241003132B), Programme 926 (241003132B)
I> [29/11/2011 14:26:48] Emission de programme: Programme 925 (241003132B)
I> [29/11/2011 14:27:02] Emission de programme: Programme 926 (241003132B)
I> [29/11/2011 14:28:13] Emission de programme: Programme 925 (241003132B)
I> [29/11/2011 14:28:27] Emission de programme: Programme 926 (241003132B)
I> [29/11/2011 19:16:49] Appel depuis la CN de: 241000272
E> [29/11/2011 19:16:55] N'a pu émettre le fichier: C:\machines\T32\Programmes\241003132B.MZK [Le système ne peut pas lire le périphérique indiqué]
I> [29/11/2011 19:16:55] Le programme appelé depuis la CN est trouvé: C:\machines\T32\Programmes\241000272.MZK
I> [29/11/2011 19:16:55] Programmes dans les fichiers demandés: Programme 1067 (241000272)
I> [29/11/2011 19:17:04] Appel depuis la CN de: 241000272
I> [29/11/2011 19:17:12] Le programme appelé depuis la CN est trouvé: C:\machines\T32\Programmes\241000272.MZK
I> [29/11/2011 19:17:12] Programmes dans les fichiers demandés: Programme 1067 (241000272)
I> [29/11/2011 19:17:16] Emission de programme: Programme 1067 (241000272)
I> [29/11/2011 20:53:26] Port activé avec succès.
