I> [29/11/2010 04:55:00] Port activé avec succès.
I> [29/11/2010 05:05:09] Appel depuis la CN de: 4805892C
I> [29/11/2010 05:05:14] Le programme appelé depuis la CN est trouvé: C:\machines\T32\Programmes\FLOWSERVE\4805892C.MZK
I> [29/11/2010 05:05:14] Programmes dans les fichiers demandés: Programme 5415 (4805892C), Programme 5416 (4805892C)
I> [29/11/2010 05:06:35] Appel depuis la CN de: 132084A
I> [29/11/2010 05:06:40] Le programme appelé depuis la CN est trouvé: C:\machines\T32\Programmes\FLOWSERVE\132084A.MZK
I> [29/11/2010 05:06:40] Programmes dans les fichiers demandés: Programme 5128 (132084A), Programme 5129 (132084A), Programme 5132 (132084A), Programme 5133 (132084A)
I> [29/11/2010 05:06:59] Emission de programme: Programme 5128 (132084A)
I> [29/11/2010 05:07:10] Emission de programme: Programme 5129 (132084A)
I> [29/11/2010 05:07:21] Emission de programme: Programme 5132 (132084A)
I> [29/11/2010 05:07:33] Emission de programme: Programme 5133 (132084A)
I> [29/11/2010 09:31:27] Appel depuis la CN de: 4805892C
I> [29/11/2010 09:31:32] Le programme appelé depuis la CN est trouvé: C:\machines\T32\Programmes\FLOWSERVE\4805892C.MZK
I> [29/11/2010 09:31:32] Programmes dans les fichiers demandés: Programme 5415 (4805892C), Programme 5416 (4805892C)
I> [29/11/2010 09:31:38] Emission de programme: Programme 5415 (4805892C)
I> [29/11/2010 09:31:55] Emission de programme: Programme 5416 (4805892C)
I> [29/11/2010 18:48:12] Réception: programme 5417 (3984749A)
I> [29/11/2010 18:48:26] Réception: programme 5418 (3984749A)
I> [29/11/2010 18:48:42] Réception: programme 5419 (3984749A)
I> [29/11/2010 18:49:10] Fichier reçu: C:\machines\T32\Programmes\3984749A.MZK
I> [29/11/2010 18:49:10] Programmes dans les fichiers demandés: Programme 5417 (3984749A), Programme 5418 (3984749A), Programme 5419 (3984749A)
I> [29/11/2010 18:54:00] Appel depuis la CN de: 10350090101
I> [29/11/2010 18:54:05] Le programme appelé depuis la CN est trouvé: C:\machines\T32\Programmes\LA CALHENE\10350090101.MZK
I> [29/11/2010 18:54:05] Programmes dans les fichiers demandés: Programme 4878 (10350090101), Programme 4879 (10350090101), Programme 1450 (10350090101), Programme 1451 (10350090101), Programme 1531 (10350090101), Programme 4531 (10350090101)
I> [29/11/2010 18:54:22] Emission de programme: Programme 4878 (10350090101)
I> [29/11/2010 18:54:32] Emission de programme: Programme 4879 (10350090101)
I> [29/11/2010 18:54:43] Emission de programme: Programme 1450 (10350090101)
I> [29/11/2010 18:54:54] Emission de programme: Programme 1451 (10350090101)
I> [29/11/2010 18:55:12] Emission de programme: Programme 1531 (10350090101)
I> [29/11/2010 18:55:27] Emission de programme: Programme 4531 (10350090101)
