I> [30/07/2013 05:09:14] Port activé avec succès.
I> [30/07/2013 05:20:55] Appel depuis la CN de: 2978653A 3
I> [30/07/2013 05:21:01] Le programme appelé depuis la CN est trouvé: C:\machines\T32\Programmes\FLOWSERVE\2978653A 3.MZK
I> [30/07/2013 05:21:01] Programmes dans les fichiers demandés: Programme 1876 (2978653A 3), Programme 1877 (2978653A 3)
E> [30/07/2013 05:24:49] Transmission avortée. [Délai de réponse dépassé, interruption de la transmission]
I> [30/07/2013 14:14:42] Appel depuis la CN de: 2979147A
I> [30/07/2013 14:14:48] Le programme appelé depuis la CN est trouvé: C:\machines\T32\Programmes\FLOWSERVE\2979147A.MZK
I> [30/07/2013 14:14:48] Programmes dans les fichiers demandés: Programme 285, Données d'outil, Programme 297, Données d'outil
I> [30/07/2013 14:16:32] Appel depuis la CN de: 2979147A 3
I> [30/07/2013 14:16:37] Le programme appelé depuis la CN est trouvé: C:\machines\T32\Programmes\FLOWSERVE\2979147A 3.MZK
I> [30/07/2013 14:16:37] Programmes dans les fichiers demandés: Programme 52 (2979147A 3), Programme 55 (2979147A 3)
I> [30/07/2013 14:20:00] Appel depuis la CN de: 2979147A
I> [30/07/2013 14:20:06] Le programme appelé depuis la CN est trouvé: C:\machines\T32\Programmes\FLOWSERVE\2979147A.MZK
I> [30/07/2013 14:20:06] Programmes dans les fichiers demandés: Programme 285, Données d'outil, Programme 297, Données d'outil
I> [30/07/2013 14:20:12] Emission de programme: Programme 297
I> [30/07/2013 14:20:20] Emission de programme: Données d'outil
I> [30/07/2013 16:48:31] Réception: programme 6192 (2979147C 7)
I> [30/07/2013 16:48:50] Réception: programme 6193 (2979147C 7)
I> [30/07/2013 16:49:11] Fichier reçu: C:\machines\T32\Programmes\2979147C 7.MZK
I> [30/07/2013 16:49:11] Programmes dans les fichiers demandés: Programme 6192 (2979147C 7), Programme 6193 (2979147C 7)
I> [30/07/2013 16:51:03] Appel depuis la CN de: 2979147C 7
I> [30/07/2013 16:51:09] Le programme appelé depuis la CN est trouvé: C:\machines\T32\Programmes\FLOWSERVE\2979147C 7.MZK
I> [30/07/2013 16:51:09] Programmes dans les fichiers demandés: Programme 6192 (2979147C 7), Programme 6193 (2979147C 7)
I> [30/07/2013 18:56:17] Réception: programme 6191 (2978653C 7)
I> [30/07/2013 18:56:35] Réception: programme 6194 (2978653C 7)
I> [30/07/2013 18:56:59] Fichier reçu: C:\machines\T32\Programmes\2978653C 7.MZK
I> [30/07/2013 18:56:59] Programmes dans les fichiers demandés: Programme 6191 (2978653C 7), Programme 6194 (2978653C 7)
I> [30/07/2013 18:58:10] Appel depuis la CN de: 2978653C 7
I> [30/07/2013 18:58:16] Le programme appelé depuis la CN est trouvé: C:\machines\T32\Programmes\FLOWSERVE\2978653C 7.MZK
I> [30/07/2013 18:58:16] Programmes dans les fichiers demandés: Programme 6191 (2978653C 7), Programme 6194 (2978653C 7)
