I> [30/09/2009 05:12:15] Port activé avec succès.
I> [30/09/2009 09:05:37] Réception: programme 4934 (4990704 A14)
I> [30/09/2009 09:05:47] Réception: programme 4935 (4990704 A14)
I> [30/09/2009 09:05:58] Réception: programme 4938 (4990704 A14)
I> [30/09/2009 09:06:15] Réception: programme 4939 (4990704 A14)
I> [30/09/2009 09:06:35] Fichier reçu: C:\machines\T32\Programmes\4990704 A14.MZK
I> [30/09/2009 09:06:35] Programmes dans les fichiers demandés: Programme 4934 (4990704 A14), Programme 4935 (4990704 A14), Programme 4938 (4990704 A14), Programme 4939 (4990704 A14)
I> [30/09/2009 13:01:39] Appel depuis la CN de: 5992598B
I> [30/09/2009 13:01:44] Le programme appelé depuis la CN est trouvé: C:\machines\T32\Programmes\FLOWSERVE\5992598B.MZK
I> [30/09/2009 13:01:44] Programmes dans les fichiers demandés: Programme 4936 (5992598B), Programme 4937 (5992598B)
I> [30/09/2009 13:02:03] Emission de programme: Programme 4936 (5992598B)
I> [30/09/2009 13:02:12] Emission de programme: Programme 4937 (5992598B)
I> [30/09/2009 13:04:13] Réception: programme 4936 (5992598B14)
I> [30/09/2009 13:04:22] Réception: programme 4937 (5992598B14)
I> [30/09/2009 13:04:37] Fichier reçu: C:\machines\T32\Programmes\5992598B14.MZK
I> [30/09/2009 13:04:37] Programmes dans les fichiers demandés: Programme 4936 (5992598B14), Programme 4937 (5992598B14)
I> [30/09/2009 16:50:30] Réception: programme 4942 (5992598B15)
I> [30/09/2009 16:50:39] Réception: programme 4943 (5992598B15)
I> [30/09/2009 16:50:54] Fichier reçu: C:\machines\T32\Programmes\5992598B15.MZK
I> [30/09/2009 16:50:54] Programmes dans les fichiers demandés: Programme 4942 (5992598B15), Programme 4943 (5992598B15)
