I> [30/03/2012 06:43:20] Port activé avec succès.
I> [30/03/2012 13:29:29] Réception: programme 5866 (205007047)
I> [30/03/2012 13:29:41] Réception: programme 5868 (205007047)
I> [30/03/2012 13:29:51] Réception: programme 5869 (205007047)
I> [30/03/2012 13:30:08] Fichier reçu: C:\machines\T32\Programmes\205007047.MZK
I> [30/03/2012 13:30:08] Programmes dans les fichiers demandés: Programme 5866 (205007047), Programme 5868 (205007047), Programme 5869 (205007047)
I> [30/03/2012 13:30:29] Réception: programme 5865 (205007045)
I> [30/03/2012 13:30:41] Réception: programme 5867 (205007045)
I> [30/03/2012 13:30:52] Réception: programme 5870 (205007045)
I> [30/03/2012 13:31:09] Fichier reçu: C:\machines\T32\Programmes\205007045.MZK
I> [30/03/2012 13:31:09] Programmes dans les fichiers demandés: Programme 5865 (205007045), Programme 5867 (205007045), Programme 5870 (205007045)
I> [30/03/2012 13:34:46] Port activé avec succès.
I> [30/03/2012 13:36:31] Appel depuis la CN de: 205007045
I> [30/03/2012 13:36:38] Le programme appelé depuis la CN est trouvé: C:\machines\T32\Programmes\ERCA-FORMSEAL\205007045.MZK
I> [30/03/2012 13:36:38] Programmes dans les fichiers demandés: Programme 5865 (205007045), Programme 5867 (205007045), Programme 5870 (205007045)
I> [30/03/2012 13:37:00] Appel depuis la CN de: 205007047
I> [30/03/2012 13:37:07] Le programme appelé depuis la CN est trouvé: C:\machines\T32\Programmes\ERCA-FORMSEAL\205007047.MZK
I> [30/03/2012 13:37:07] Programmes dans les fichiers demandés: Programme 5866 (205007047), Programme 5868 (205007047), Programme 5869 (205007047)
I> [30/03/2012 13:48:55] Appel depuis la CN de: 80070I AS
I> [30/03/2012 13:49:02] Le programme appelé depuis la CN est trouvé: C:\machines\T32\Programmes\SMTA\80070I AS.MZK
I> [30/03/2012 13:49:02] Programmes dans les fichiers demandés: Programme 4311 (80070I AS), Programme 4312 (80070I AS), Programme 4508 (80070I AS), Programme 4509 (80070I AS)
I> [30/03/2012 13:49:24] Emission de programme: Programme 4311 (80070I AS)
I> [30/03/2012 13:49:32] Emission de programme: Programme 4312 (80070I AS)
I> [30/03/2012 13:49:38] Emission de programme: Programme 4508 (80070I AS)
I> [30/03/2012 13:49:45] Emission de programme: Programme 4509 (80070I AS)
