I> [30/03/2009 08:30:12] Port activé avec succès.
I> [30/03/2009 08:32:31] Réception: programme 4840 (4984288B)
I> [30/03/2009 08:32:41] Réception: programme 4841 (4984288B)
I> [30/03/2009 08:32:52] Réception: programme 4854 (4984288B)
I> [30/03/2009 08:32:58] Réception: programme 4855 (4984288B)
I> [30/03/2009 08:33:08] Réception: programme 4856 (4984288B)
I> [30/03/2009 08:33:26] Fichier reçu: C:\machines\T32\Programmes\4984288B.MZK
I> [30/03/2009 08:33:27] Programmes dans les fichiers demandés: Programme 4840 (4984288B), Programme 4841 (4984288B), Programme 4854 (4984288B), Programme 4855 (4984288B), Programme 4856 (4984288B)
I> [30/03/2009 08:42:48] Appel depuis la CN de: 2973968B 3
I> [30/03/2009 08:42:53] Le programme appelé depuis la CN est trouvé: C:\machines\T32\Programmes\FLOWSERVE\2973968B 3.MZK
I> [30/03/2009 08:42:54] Programmes dans les fichiers demandés: Programme 4072 (2973968B 3), Programme 4073 (2973968B 3)
I> [30/03/2009 08:42:58] Emission de programme: Programme 4072 (2973968B 3)
I> [30/03/2009 08:43:24] Emission de programme: Programme 4073 (2973968B 3)
I> [30/03/2009 12:12:07] Appel depuis la CN de: 4990473A
I> [30/03/2009 12:12:13] Le programme appelé depuis la CN est trouvé: C:\machines\T32\Programmes\FLOWSERVE\4990473A.MZK
I> [30/03/2009 12:12:13] Programmes dans les fichiers demandés: Programme 2908 (4990473A), Programme 2909 (4990473A), Programme 2910 (4990473A), Programme 2911 (4990473A)
I> [30/03/2009 12:12:22] Emission de programme: Programme 2908 (4990473A)
I> [30/03/2009 12:12:30] Emission de programme: Programme 2909 (4990473A)
I> [30/03/2009 12:12:42] Emission de programme: Programme 2910 (4990473A)
I> [30/03/2009 12:12:52] Emission de programme: Programme 2911 (4990473A)
I> [30/03/2009 17:28:45] Appel depuis la CN de: 30270300101
E> [30/03/2009 17:29:14] Erreur de réception. [Format de fichier illégal]
I> [30/03/2009 17:29:18] Appel depuis la CN de: 30270300101
I> [30/03/2009 17:29:26] Le programme appelé depuis la CN est trouvé: C:\machines\T32\Programmes\LA CALHENE\30270300101.MZK
I> [30/03/2009 17:29:26] Programmes dans les fichiers demandés: Programme 3561 (30270300101), Programme 4084 (30270300101), Programme 4087 (30270300101), Programme 4088 (30270300101)
I> [30/03/2009 17:29:39] Emission de programme: Programme 3561 (30270300101)
I> [30/03/2009 17:29:54] Emission de programme: Programme 4084 (30270300101)
I> [30/03/2009 17:30:12] Emission de programme: Programme 4087 (30270300101)
I> [30/03/2009 17:30:35] Emission de programme: Programme 4088 (30270300101)
