I> [30/03/2010 08:21:46] Port activé avec succès.
I> [30/03/2010 11:00:55] Réception: programme 5112 (2985124B)
I> [30/03/2010 11:01:10] Réception: programme 5113 (2985124B)
I> [30/03/2010 11:01:27] Réception: programme 5114 (2985124B)
I> [30/03/2010 11:01:58] Réception: programme 5115 (2985124B)
I> [30/03/2010 11:02:26] Fichier reçu: C:\machines\T32\Programmes\2985124B.MZK
I> [30/03/2010 11:02:26] Programmes dans les fichiers demandés: Programme 5112 (2985124B), Programme 5113 (2985124B), Programme 5114 (2985124B), Programme 5115 (2985124B)
I> [30/03/2010 11:28:22] Appel depuis la CN de: DCM693
E> [30/03/2010 11:28:28] N'a pu émettre le fichier: C:\machines\T32\Programmes\2985124B.MZK [Le système ne peut pas lire le périphérique indiqué]
I> [30/03/2010 11:28:28] Le programme appelé depuis la CN est trouvé: C:\machines\T32\Programmes\DCM693.MZK
I> [30/03/2010 11:28:28] Programmes dans les fichiers demandés: Programme 215 (DCM693), Programme 216 (DCM693)
I> [30/03/2010 11:28:34] Emission de programme: Programme 215 (DCM693)
I> [30/03/2010 11:29:18] Emission de programme: Programme 215 (DCM693)
I> [30/03/2010 11:29:35] Emission de programme: Programme 216 (DCM693)
I> [30/03/2010 13:31:04] Réception: programme 5116 (DCM693A)
I> [30/03/2010 13:31:19] Réception: programme 5117 (DCM693A)
I> [30/03/2010 13:31:36] Fichier reçu: C:\machines\T32\Programmes\DCM693A.MZK
I> [30/03/2010 13:31:36] Programmes dans les fichiers demandés: Programme 5116 (DCM693A), Programme 5117 (DCM693A)
I> [30/03/2010 13:32:57] Réception: programme 5116 (DCM693A)
I> [30/03/2010 13:33:12] Réception: programme 5117 (DCM693A)
I> [30/03/2010 13:33:29] Fichier reçu: C:\machines\T32\Programmes\DCM693A.MZK
I> [30/03/2010 13:33:29] Programmes dans les fichiers demandés: Programme 5116 (DCM693A), Programme 5117 (DCM693A)
I> [30/03/2010 15:21:03] Appel depuis la CN de: 4994115B
E> [30/03/2010 15:21:09] N'a pu émettre le fichier: C:\machines\T32\Programmes\DCM693A.MZK [Le système ne peut pas lire le périphérique indiqué]
I> [30/03/2010 15:21:10] Le programme appelé depuis la CN est trouvé: C:\machines\T32\Programmes\FLOWSERVE\4994115B.MZK
I> [30/03/2010 15:21:10] Programmes dans les fichiers demandés: Programme 5104 (4994115B), Programme 5107 (4994115B)
I> [30/03/2010 15:21:15] Appel depuis la CN de: 4994115B
I> [30/03/2010 15:21:24] Emission de programme: Programme 5104 (4994115B)
I> [30/03/2010 15:21:37] Emission de programme: Programme 5107 (4994115B)
I> [30/03/2010 15:21:47] Le programme appelé depuis la CN est trouvé: C:\machines\T32\Programmes\FLOWSERVE\4994115B.MZK
I> [30/03/2010 15:21:47] Programmes dans les fichiers demandés: Programme 5104 (4994115B), Programme 5107 (4994115B)
I> [30/03/2010 15:28:22] Réception: programme 5104 (4994115B)
I> [30/03/2010 15:28:34] Réception: programme 5107 (4994115B)
I> [30/03/2010 15:28:43] Réception: programme 5118 (4994115B)
I> [30/03/2010 15:28:51] Réception: programme 5119 (4994115B)
I> [30/03/2010 15:29:01] Fichier reçu: C:\machines\T32\Programmes\4994115B.MZK
I> [30/03/2010 15:29:01] Programmes dans les fichiers demandés: Programme 5104 (4994115B), Programme 5107 (4994115B), Programme 5118 (4994115B), Programme 5119 (4994115B)
I> [30/03/2010 15:38:54] Réception: programme 5104 (4994115B)
I> [30/03/2010 15:39:07] Réception: programme 5107 (4994115B)
I> [30/03/2010 15:39:15] Réception: programme 5118 (4994115B)
I> [30/03/2010 15:39:23] Réception: programme 5119 (4994115B)
I> [30/03/2010 15:39:32] Fichier reçu: C:\machines\T32\Programmes\4994115B.MZK
I> [30/03/2010 15:39:32] Programmes dans les fichiers demandés: Programme 5104 (4994115B), Programme 5107 (4994115B), Programme 5118 (4994115B), Programme 5119 (4994115B)
I> [30/03/2010 15:42:01] Appel depuis la CN de: 4997448A
I> [30/03/2010 15:42:08] Le programme appelé depuis la CN est trouvé: C:\machines\T32\Programmes\FLOWSERVE\4997448A.MZK
I> [30/03/2010 15:42:08] Programmes dans les fichiers demandés: Programme 5105 (4997448A), Programme 5106 (4997448A)
I> [30/03/2010 15:42:12] Emission de programme: Programme 5105 (4997448A)
I> [30/03/2010 15:42:25] Emission de programme: Programme 5106 (4997448A)
I> [30/03/2010 15:45:18] Réception: programme 5105 (4997448A)
I> [30/03/2010 15:45:30] Réception: programme 5106 (4997448A)
I> [30/03/2010 15:45:39] Réception: programme 5120 (4997448A)
I> [30/03/2010 15:45:47] Réception: programme 5121 (4997448A)
I> [30/03/2010 15:45:57] Fichier reçu: C:\machines\T32\Programmes\4997448A.MZK
I> [30/03/2010 15:45:57] Programmes dans les fichiers demandés: Programme 5105 (4997448A), Programme 5106 (4997448A), Programme 5120 (4997448A), Programme 5121 (4997448A)
I> [30/03/2010 15:49:19] Appel depuis la CN de: 4997448A
E> [30/03/2010 15:49:25] N'a pu émettre le fichier: C:\machines\T32\Programmes\4997448A.MZK [Le système ne peut pas lire le périphérique indiqué]
I> [30/03/2010 15:49:26] Le programme appelé depuis la CN est trouvé: C:\machines\T32\Programmes\FLOWSERVE\4997448A.MZK
I> [30/03/2010 15:49:26] Programmes dans les fichiers demandés: Programme 5105 (4997448A), Programme 5106 (4997448A), Programme 5120 (4997448A), Programme 5121 (4997448A)
I> [30/03/2010 15:49:31] Appel depuis la CN de: 4997448A
I> [30/03/2010 15:49:39] Le programme appelé depuis la CN est trouvé: C:\machines\T32\Programmes\FLOWSERVE\4997448A.MZK
I> [30/03/2010 15:49:39] Programmes dans les fichiers demandés: Programme 5105 (4997448A), Programme 5106 (4997448A), Programme 5120 (4997448A), Programme 5121 (4997448A)
I> [30/03/2010 15:50:38] Appel depuis la CN de: 4994115B
I> [30/03/2010 15:50:46] Le programme appelé depuis la CN est trouvé: C:\machines\T32\Programmes\FLOWSERVE\4994115B.MZK
I> [30/03/2010 15:50:47] Programmes dans les fichiers demandés: Programme 5104 (4994115B), Programme 5107 (4994115B), Programme 5118 (4994115B), Programme 5119 (4994115B)
I> [30/03/2010 15:50:55] Appel depuis la CN de: 4994115B
I> [30/03/2010 15:51:03] Le programme appelé depuis la CN est trouvé: C:\machines\T32\Programmes\FLOWSERVE\4994115B.MZK
I> [30/03/2010 15:51:03] Programmes dans les fichiers demandés: Programme 5104 (4994115B), Programme 5107 (4994115B), Programme 5118 (4994115B), Programme 5119 (4994115B)
I> [30/03/2010 15:57:35] Appel depuis la CN de: 310931-1-F
I> [30/03/2010 15:57:42] Le programme appelé depuis la CN est trouvé: C:\machines\T32\Programmes\FLOWSERVE\310931-1-F.MZK
I> [30/03/2010 15:57:42] Programmes dans les fichiers demandés: Programme 2986 (310931-1-F), Programme 2987 (310931-1-F), Programme 2988 (310931-1-F), Programme 3465 (310931-1-F)
I> [30/03/2010 15:58:37] Emission de programme: Programme 2986 (310931-1-F)
I> [30/03/2010 15:58:47] Emission de programme: Programme 2987 (310931-1-F)
I> [30/03/2010 15:59:00] Emission de programme: Programme 2988 (310931-1-F)
I> [30/03/2010 15:59:15] Emission de programme: Programme 3465 (310931-1-F)
