I> [30/04/2014 04:55:04] Port activé avec succès.
I> [30/04/2014 04:58:12] Appel depuis la CN de: 5803559A
I> [30/04/2014 04:58:18] Le programme appelé depuis la CN est trouvé: C:\machines\T32\Programmes\FLOWSERVE\5803559A.MZK
I> [30/04/2014 04:58:18] Programmes dans les fichiers demandés: Programme 6349 (5803559A)
I> [30/04/2014 04:58:53] Appel depuis la CN de: 5801814A
I> [30/04/2014 04:58:58] Le programme appelé depuis la CN est trouvé: C:\machines\T32\Programmes\FLOWSERVE\5801814A.MZK
I> [30/04/2014 04:58:58] Programmes dans les fichiers demandés: Programme 6347 (5801814A)
I> [30/04/2014 04:59:10] Emission de programme: Programme 6347 (5801814A)
I> [30/04/2014 05:59:57] Réception: programme 6350 (5801815A)
I> [30/04/2014 06:00:05] Réception: programme 6351 (5801815A)
I> [30/04/2014 06:00:12] Réception: programme 6352 (5801815A)
I> [30/04/2014 06:00:29] Fichier reçu: C:\machines\T32\Programmes\5801815A.MZK
I> [30/04/2014 06:00:29] Programmes dans les fichiers demandés: Programme 6350 (5801815A), Programme 6351 (5801815A), Programme 6352 (5801815A)
I> [30/04/2014 06:01:43] Appel depuis la CN de: 5801815A
I> [30/04/2014 06:01:48] Le programme appelé depuis la CN est trouvé: C:\machines\T32\Programmes\FLOWSERVE\5801815A.MZK
I> [30/04/2014 06:01:48] Programmes dans les fichiers demandés: Programme 6350 (5801815A), Programme 6351 (5801815A), Programme 6352 (5801815A)
I> [30/04/2014 09:04:18] Appel depuis la CN de: 4809506A
I> [30/04/2014 09:04:23] Le programme appelé depuis la CN est trouvé: C:\machines\T32\Programmes\4809506A.MZK
I> [30/04/2014 09:04:23] Programmes dans les fichiers demandés: Programme 1124 (4809506A), Programme 1125 (4809506A)
I> [30/04/2014 09:04:36] Emission de programme: Programme 1125 (4809506A)
I> [30/04/2014 09:06:03] Appel depuis la CN de: 4809504B
I> [30/04/2014 09:06:08] Le programme appelé depuis la CN est trouvé: C:\machines\T32\Programmes\4809504B.MZK
I> [30/04/2014 09:06:08] Programmes dans les fichiers demandés: Programme 1119 (4809504B), Programme 1120 (4809504B)
I> [30/04/2014 09:06:16] Emission de programme: Programme 1120 (4809504B)
I> [30/04/2014 09:07:13] Appel depuis la CN de: 4809504B
I> [30/04/2014 09:07:18] Le programme appelé depuis la CN est trouvé: C:\machines\T32\Programmes\4809504B.MZK
I> [30/04/2014 09:07:18] Programmes dans les fichiers demandés: Programme 1119 (4809504B), Programme 1120 (4809504B)
I> [30/04/2014 09:07:25] Emission de programme: Programme 1119 (4809504B)
I> [30/04/2014 09:07:58] Appel depuis la CN de: 4809506A
I> [30/04/2014 09:08:03] Le programme appelé depuis la CN est trouvé: C:\machines\T32\Programmes\4809506A.MZK
I> [30/04/2014 09:08:03] Programmes dans les fichiers demandés: Programme 1124 (4809506A), Programme 1125 (4809506A)
I> [30/04/2014 09:08:10] Emission de programme: Programme 1124 (4809506A)
I> [30/04/2014 11:30:15] Réception: programme 6353 (4809503B)
I> [30/04/2014 11:30:30] Réception: programme 6357 (4809503B)
I> [30/04/2014 11:30:45] Fichier reçu: C:\machines\T32\Programmes\4809503B.MZK
I> [30/04/2014 11:30:45] Programmes dans les fichiers demandés: Programme 6353 (4809503B), Programme 6357 (4809503B)
I> [30/04/2014 11:31:52] Appel depuis la CN de: 4809503B
I> [30/04/2014 11:31:57] Le programme appelé depuis la CN est trouvé: C:\machines\T32\Programmes\FLOWSERVE\4809503B.MZK
I> [30/04/2014 11:31:57] Programmes dans les fichiers demandés: Programme 6353 (4809503B), Programme 6357 (4809503B)
I> [30/04/2014 12:05:34] Réception: programme 6354 (4806082A)
I> [30/04/2014 12:05:49] Réception: programme 6358 (4806082A)
I> [30/04/2014 12:06:04] Fichier reçu: C:\machines\T32\Programmes\4806082A.MZK
I> [30/04/2014 12:06:04] Programmes dans les fichiers demandés: Programme 6354 (4806082A), Programme 6358 (4806082A)
I> [30/04/2014 12:07:25] Appel depuis la CN de: 4806082A
I> [30/04/2014 12:07:30] Le programme appelé depuis la CN est trouvé: C:\machines\T32\Programmes\FLOWSERVE\4806082A.MZK
I> [30/04/2014 12:07:30] Programmes dans les fichiers demandés: Programme 6354 (4806082A), Programme 6358 (4806082A)
I> [30/04/2014 14:31:33] Réception: programme 6356 (4809506A)
I> [30/04/2014 14:31:43] Réception: programme 6359 (4809506A)
I> [30/04/2014 14:32:00] Fichier reçu: C:\machines\T32\Programmes\4809506A.MZK
I> [30/04/2014 14:32:00] Programmes dans les fichiers demandés: Programme 6356 (4809506A), Programme 6359 (4809506A)
I> [30/04/2014 16:11:34] Réception: programme 6355 (4809504B)
I> [30/04/2014 16:11:44] Réception: programme 6360 (4809504B)
I> [30/04/2014 16:12:03] Fichier reçu: C:\machines\T32\Programmes\4809504B.MZK
I> [30/04/2014 16:12:03] Programmes dans les fichiers demandés: Programme 6355 (4809504B), Programme 6360 (4809504B)
I> [30/04/2014 16:20:28] Appel depuis la CN de: 4809478A
I> [30/04/2014 16:20:33] Le programme appelé depuis la CN est trouvé: C:\machines\T32\Programmes\FLOWSERVE\4809478A.MZK
I> [30/04/2014 16:20:33] Programmes dans les fichiers demandés: Programme 6344 (4809478A), Programme 6345 (4809478A)
I> [30/04/2014 16:20:59] Appel depuis la CN de: 4809478A
I> [30/04/2014 16:21:04] Le programme appelé depuis la CN est trouvé: C:\machines\T32\Programmes\FLOWSERVE\4809478A.MZK
I> [30/04/2014 16:21:04] Programmes dans les fichiers demandés: Programme 6344 (4809478A), Programme 6345 (4809478A)
I> [30/04/2014 16:21:12] Emission de programme: Programme 6344 (4809478A)
I> [30/04/2014 16:21:24] Emission de programme: Programme 6345 (4809478A)
I> [30/04/2014 19:31:34] Réception: programme 6344 (4809478A)
I> [30/04/2014 19:31:46] Réception: programme 6345 (4809478A)
I> [30/04/2014 19:31:55] Réception: programme 6361 (4809478A)
I> [30/04/2014 19:32:10] Réception: programme 6362 (4809478A)
I> [30/04/2014 19:32:23] Fichier reçu: C:\machines\T32\Programmes\4809478A.MZK
I> [30/04/2014 19:32:23] Programmes dans les fichiers demandés: Programme 6344 (4809478A), Programme 6345 (4809478A), Programme 6361 (4809478A), Programme 6362 (4809478A)
