I> [30/06/2010 06:23:03] Port activé avec succès.
I> [30/06/2010 11:17:31] Réception: programme 5237 (111464)
I> [30/06/2010 11:17:41] Réception: programme 5238 (111464)
I> [30/06/2010 11:17:53] Réception: programme 5239 (111464)
I> [30/06/2010 11:18:04] Fichier reçu: C:\machines\T32\Programmes\111464.MZK
I> [30/06/2010 11:18:04] Programmes dans les fichiers demandés: Programme 5237 (111464), Programme 5238 (111464), Programme 5239 (111464)
I> [30/06/2010 11:26:20] Appel depuis la CN de: 111464
E> [30/06/2010 11:26:25] N'a pu émettre le fichier: C:\machines\T32\Programmes\111464.MZK [Le système ne peut pas lire le périphérique indiqué]
I> [30/06/2010 11:26:26] Le programme appelé depuis la CN est trouvé: C:\machines\T32\Programmes\FLOWSERVE\111464.MZK
I> [30/06/2010 11:26:26] Programmes dans les fichiers demandés: Programme 5237 (111464), Programme 5238 (111464), Programme 5239 (111464)
I> [30/06/2010 18:52:25] Réception: programme 5240 (305728)
I> [30/06/2010 18:52:35] Réception: programme 5241 (305728)
I> [30/06/2010 18:52:42] Réception: programme 5242 (305728)
I> [30/06/2010 18:52:51] Réception: programme 5243 (305728)
I> [30/06/2010 18:53:01] Réception: programme 5244 (305728)
I> [30/06/2010 18:53:13] Réception: programme 5245 (305728)
I> [30/06/2010 18:53:28] Fichier reçu: C:\machines\T32\Programmes\305728.MZK
I> [30/06/2010 18:53:28] Programmes dans les fichiers demandés: Programme 5240 (305728), Programme 5241 (305728), Programme 5242 (305728), Programme 5243 (305728), Programme 5244 (305728), Programme 5245 (305728)
I> [30/06/2010 19:31:57] Appel depuis la CN de: 121900101Q
I> [30/06/2010 19:32:02] Le programme appelé depuis la CN est trouvé: C:\machines\T32\Programmes\LA CALHENE\121900101Q.MZK
I> [30/06/2010 19:32:02] Programmes dans les fichiers demandés: Programme 5199 (121900101Q), Programme 5217 (121900101Q), Programme 5227 (121900101Q), Programme 5228 (121900101Q), Programme 5229 (121900101Q), Programme 5230 (121900101Q), Programme 5231 (121900101Q), Programme 5232 (121900101Q)
I> [30/06/2010 19:41:24] Emission de programme: Programme 5227 (121900101Q)
I> [30/06/2010 19:41:32] Emission de programme: Programme 5228 (121900101Q)
I> [30/06/2010 20:12:11] Emission de programme: Programme 5227 (121900101Q)
