I> [30/06/2014 05:02:09] Port activé avec succès.
I> [30/06/2014 08:36:35] Réception: programme 6399 (4800562A)
I> [30/06/2014 08:36:47] Réception: programme 6400 (4800562A)
I> [30/06/2014 08:37:01] Réception: programme 6401 (4800562A)
I> [30/06/2014 08:37:19] Fichier reçu: C:\machines\T32\Programmes\4800562A.MZK
I> [30/06/2014 08:37:19] Programmes dans les fichiers demandés: Programme 6399 (4800562A), Programme 6400 (4800562A), Programme 6401 (4800562A)
E> [30/06/2014 08:53:17] N'a pu émettre le fichier: C:\machines\T32\Programmes\4800562A.MZK [Le système ne peut pas lire le périphérique indiqué]
E> [30/06/2014 08:53:19] N'a pu émettre le fichier: C:\machines\T32\Programmes\4800562A.MZK [Le système ne peut pas lire le périphérique indiqué]
E> [30/06/2014 08:53:21] N'a pu émettre le fichier: C:\machines\T32\Programmes\4800562A.MZK [Le système ne peut pas lire le périphérique indiqué]
E> [30/06/2014 08:53:24] N'a pu émettre le fichier: C:\machines\T32\Programmes\4800562A.MZK [Le système ne peut pas lire le périphérique indiqué]
E> [30/06/2014 08:53:25] N'a pu émettre le fichier: C:\machines\T32\Programmes\4800562A.MZK [Le système ne peut pas lire le périphérique indiqué]
E> [30/06/2014 08:53:25] N'a pu émettre le fichier: C:\machines\T32\Programmes\4800562A.MZK [Le système ne peut pas lire le périphérique indiqué]
E> [30/06/2014 08:53:26] N'a pu émettre le fichier: C:\machines\T32\Programmes\4800562A.MZK [Le système ne peut pas lire le périphérique indiqué]
E> [30/06/2014 08:53:26] N'a pu émettre le fichier: C:\machines\T32\Programmes\4800562A.MZK [Le système ne peut pas lire le périphérique indiqué]
E> [30/06/2014 08:53:27] N'a pu émettre le fichier: C:\machines\T32\Programmes\4800562A.MZK [Le système ne peut pas lire le périphérique indiqué]
I> [30/06/2014 08:53:34] Appel depuis la CN de: 7940MANCHON
I> [30/06/2014 08:53:39] Le programme appelé depuis la CN est trouvé: C:\machines\T32\Programmes\7940MANCHON.MZK
I> [30/06/2014 08:53:40] Programmes dans les fichiers demandés: Programme 983 (7940MANCHON), Programme 984 (7940MANCHON)
I> [30/06/2014 08:53:45] Emission de programme: Programme 983 (7940MANCHON)
I> [30/06/2014 08:53:56] Emission de programme: Programme 984 (7940MANCHON)
