I> [30/08/2011 05:04:44] Port activé avec succès.
I> [30/08/2011 08:43:16] Appel depuis la CN de: 102700901K1
I> [30/08/2011 08:43:25] Le programme appelé depuis la CN est trouvé: C:\machines\T32\Programmes\LA CALHENE\102700901K1.MZK
I> [30/08/2011 08:43:25] Programmes dans les fichiers demandés: Programme 5543 (102700901K1), Programme 5544 (102700901K1), Programme 5548 (102700901K1), Programme 5549 (102700901K1), Programme 5694 (102700901K1), Programme 5695 (102700901K1)
I> [30/08/2011 08:43:33] Emission de programme: Programme 5543 (102700901K1)
I> [30/08/2011 08:43:42] Emission de programme: Programme 5544 (102700901K1)
I> [30/08/2011 08:44:18] Appel depuis la CN de: 10350090101
I> [30/08/2011 08:44:24] Le programme appelé depuis la CN est trouvé: C:\machines\T32\Programmes\LA CALHENE\10350090101.MZK
I> [30/08/2011 08:44:24] Programmes dans les fichiers demandés: Programme 1450 (10350090101), Programme 1451 (10350090101), Programme 1531 (10350090101), Programme 4531 (10350090101), Programme 4878 (10350090101), Programme 4879 (10350090101), Programme 5420 (10350090101), Programme 5421 (10350090101)
I> [30/08/2011 08:44:54] Emission de programme: Programme 5420 (10350090101)
I> [30/08/2011 08:45:05] Emission de programme: Programme 5421 (10350090101)
I> [30/08/2011 11:43:39] Réception: programme 5543 (102700901K1)
I> [30/08/2011 11:43:48] Réception: programme 5544 (102700901K1)
I> [30/08/2011 11:44:05] Réception: programme 5548 (102700901K1)
I> [30/08/2011 11:44:20] Réception: programme 5549 (102700901K1)
I> [30/08/2011 11:45:12] Réception: programme 5694 (102700901K1)
I> [30/08/2011 11:45:23] Réception: programme 5695 (102700901K1)
I> [30/08/2011 11:45:34] Réception: programme 5696 (102700901K1)
I> [30/08/2011 11:45:43] Réception: programme 5697 (102700901K1)
I> [30/08/2011 11:46:03] Fichier reçu: C:\machines\T32\Programmes\102700901K1.MZK
I> [30/08/2011 11:46:03] Programmes dans les fichiers demandés: Programme 5543 (102700901K1), Programme 5544 (102700901K1), Programme 5548 (102700901K1), Programme 5549 (102700901K1), Programme 5694 (102700901K1), Programme 5695 (102700901K1), Programme 5696 (102700901K1), Programme 5697 (102700901K1)
I> [30/08/2011 15:32:37] Réception: programme 9999 (A VOIR)
I> [30/08/2011 15:33:01] Fichier reçu: C:\machines\T32\Programmes\A VOIR.MZK
I> [30/08/2011 15:33:01] Programmes dans les fichiers demandés: Programme 9999 (A VOIR)
