I> [30/07/2015 04:54:01] Port activé avec succès.
I> [30/07/2015 06:53:27] Appel depuis la CN de: 5997624 OA
E> [30/07/2015 06:53:34] N'a pu trouver le programme appelé depuis la CN: 5997624 OA.MZK [Premier répertoire recherché : C:\machines\T32\Programmes]
E> [30/07/2015 06:53:35] N'a pu émettre le fichier. [Previous remote request failed.]
I> [30/07/2015 06:53:46] Appel depuis la CN de: 5997624 OA
E> [30/07/2015 06:53:53] N'a pu trouver le programme appelé depuis la CN: 5997624 OA.MZK [Premier répertoire recherché : C:\machines\T32\Programmes]
E> [30/07/2015 06:54:02] N'a pu émettre le fichier. [Previous remote request failed.]
I> [30/07/2015 07:13:56] Appel depuis la CN de: 5997624-OA
E> [30/07/2015 07:14:03] N'a pu trouver le programme appelé depuis la CN: 5997624-OA.MZK [Premier répertoire recherché : C:\machines\T32\Programmes]
E> [30/07/2015 07:14:27] N'a pu émettre le fichier. [Previous remote request failed.]
E> [30/07/2015 07:14:31] N'a pu émettre le fichier. [Previous remote request failed.]
I> [30/07/2015 07:14:55] Appel depuis la CN de: 5997624-0A
E> [30/07/2015 07:15:02] N'a pu émettre le fichier. [Previous remote request failed.]
I> [30/07/2015 07:15:02] Le programme appelé depuis la CN est trouvé: C:\machines\T32\Programmes\FLOWSERVE\5997624-0A.MZK
I> [30/07/2015 07:15:02] Programmes dans les fichiers demandés: Programme 5919 (5997624-0A), Programme 5921 (5997624-0A), Programme 5923 (5997624-0A), Programme 5925 (5997624-0A)
I> [30/07/2015 07:15:38] Appel depuis la CN de: 5997624-OA
E> [30/07/2015 07:15:44] N'a pu trouver le programme appelé depuis la CN: 5997624-OA.MZK [Premier répertoire recherché : C:\machines\T32\Programmes]
E> [30/07/2015 07:15:46] N'a pu émettre le fichier. [Previous remote request failed.]
I> [30/07/2015 07:17:11] Appel depuis la CN de: 5992823AA
I> [30/07/2015 07:17:17] Le programme appelé depuis la CN est trouvé: C:\machines\T32\Programmes\FLOWSERVE\5992823AA.MZK
I> [30/07/2015 07:17:18] Programmes dans les fichiers demandés: Programme 6476 (5992823AA), Programme 6477 (5992823AA), Programme 6478 (5992823AA), Programme 6479 (5992823AA)
I> [30/07/2015 07:17:24] Emission de programme: Programme 6476 (5992823AA)
I> [30/07/2015 07:17:31] Emission de programme: Programme 6477 (5992823AA)
I> [30/07/2015 07:17:40] Emission de programme: Programme 6478 (5992823AA)
I> [30/07/2015 07:17:59] Emission de programme: Programme 6479 (5992823AA)
I> [30/07/2015 07:18:59] Appel depuis la CN de: 5997624-0A
I> [30/07/2015 07:19:06] Le programme appelé depuis la CN est trouvé: C:\machines\T32\Programmes\FLOWSERVE\5997624-0A.MZK
I> [30/07/2015 07:19:06] Programmes dans les fichiers demandés: Programme 5919 (5997624-0A), Programme 5921 (5997624-0A), Programme 5923 (5997624-0A), Programme 5925 (5997624-0A)
I> [30/07/2015 07:19:30] Emission de programme: Programme 5919 (5997624-0A)
I> [30/07/2015 07:19:36] Emission de programme: Programme 5921 (5997624-0A)
I> [30/07/2015 07:19:44] Emission de programme: Programme 5923 (5997624-0A)
I> [30/07/2015 07:19:56] Emission de programme: Programme 5925 (5997624-0A)
I> [30/07/2015 07:25:01] Réception: programme 5919 (5997624-0A)
I> [30/07/2015 07:25:07] Réception: programme 5921 (5997624-0A)
I> [30/07/2015 07:25:15] Réception: programme 5923 (5997624-0A)
I> [30/07/2015 07:25:27] Réception: programme 5925 (5997624-0A)
I> [30/07/2015 07:25:37] Fichier reçu: C:\machines\T32\Programmes\5997624-0A.MZK
I> [30/07/2015 07:25:37] Programmes dans les fichiers demandés: Programme 5919 (5997624-0A), Programme 5921 (5997624-0A), Programme 5923 (5997624-0A), Programme 5925 (5997624-0A)
I> [30/07/2015 07:32:49] Appel depuis la CN de: 5992823 AA
I> [30/07/2015 07:32:56] Le programme appelé depuis la CN est trouvé: C:\machines\T32\Programmes\FLOWSERVE\5992823 AA.MZK
I> [30/07/2015 07:32:56] Programmes dans les fichiers demandés: Programme 6545 (5992823 AA), Programme 6546 (5992823 AA)
I> [30/07/2015 07:33:11] Emission de programme: Programme 6545 (5992823 AA)
I> [30/07/2015 07:33:22] Emission de programme: Programme 6546 (5992823 AA)
I> [30/07/2015 15:09:51] Réception: programme 6547 (5994097A)
I> [30/07/2015 15:09:58] Réception: programme 6548 (5994097A)
I> [30/07/2015 15:10:18] Fichier reçu: C:\machines\T32\Programmes\5994097A.MZK
I> [30/07/2015 15:10:18] Programmes dans les fichiers demandés: Programme 6547 (5994097A), Programme 6548 (5994097A)
I> [30/07/2015 15:11:47] Appel depuis la CN de: 5994097A
I> [30/07/2015 15:11:54] Le programme appelé depuis la CN est trouvé: C:\machines\T32\Programmes\FLOWSERVE\5994097A.MZK
I> [30/07/2015 15:11:54] Programmes dans les fichiers demandés: Programme 6547 (5994097A), Programme 6548 (5994097A)
I> [30/07/2015 15:17:14] Appel depuis la CN de: 2976858B 1
I> [30/07/2015 15:17:21] Le programme appelé depuis la CN est trouvé: C:\machines\T32\Programmes\FLOWSERVE\2976858B 1.MZK
I> [30/07/2015 15:17:21] Programmes dans les fichiers demandés: Programme 2009 (2976858B 1), Programme 2010 (2976858B 1)
I> [30/07/2015 15:19:01] Emission de programme: Programme 2009 (2976858B 1)
I> [30/07/2015 15:19:32] Emission de programme: Programme 2010 (2976858B 1)
