I> [30/03/2017 04:59:23] Port activé avec succès.
I> [30/03/2017 06:26:11] Appel depuis la CN de: 212700101K1
I> [30/03/2017 06:26:16] Le programme appelé depuis la CN est trouvé: C:\machines\T32\Programmes\LA CALHENE\212700101K1.MZK
I> [30/03/2017 06:26:16] Programmes dans les fichiers demandés: Programme 5457 (212700101K1), Programme 5458 (212700101K1), Programme 5459 (212700101K1), Programme 5460 (212700101K1), Programme 5461 (212700101K1), Programme 5462 (212700101K1)
I> [30/03/2017 06:27:09] Emission de programme: Programme 5457 (212700101K1)
I> [30/03/2017 06:27:21] Emission de programme: Programme 5458 (212700101K1)
I> [30/03/2017 06:27:34] Emission de programme: Programme 5459 (212700101K1)
I> [30/03/2017 06:27:46] Emission de programme: Programme 5460 (212700101K1)
I> [30/03/2017 06:28:02] Emission de programme: Programme 5461 (212700101K1)
I> [30/03/2017 06:28:22] Emission de programme: Programme 5462 (212700101K1)
I> [30/03/2017 10:13:55] Appel depuis la CN de: 30350300101
I> [30/03/2017 10:14:00] Le programme appelé depuis la CN est trouvé: C:\machines\T32\Programmes\LA CALHENE\30350300101.MZK
I> [30/03/2017 10:14:00] Programmes dans les fichiers demandés: Programme 3539 (30350300101), Programme 4085 (30350300101), Programme 4086 (30350300101), Programme 4089 (30350300101)
I> [30/03/2017 10:14:07] Emission de programme: Programme 4089 (30350300101)
I> [30/03/2017 10:14:29] Appel depuis la CN de: 30350300101
I> [30/03/2017 10:14:34] Le programme appelé depuis la CN est trouvé: C:\machines\T32\Programmes\LA CALHENE\30350300101.MZK
I> [30/03/2017 10:14:34] Programmes dans les fichiers demandés: Programme 3539 (30350300101), Programme 4085 (30350300101), Programme 4086 (30350300101), Programme 4089 (30350300101)
I> [30/03/2017 10:14:41] Emission de programme: Programme 4085 (30350300101)
I> [30/03/2017 11:09:54] Appel depuis la CN de: 210900101F
E> [30/03/2017 11:09:58] N'a pu trouver le programme appelé depuis la CN: 210900101F.MZK [Premier répertoire recherché : C:\machines\T32\Programmes]
E> [30/03/2017 11:10:03] N'a pu émettre le fichier. [Previous remote request failed.]
I> [30/03/2017 11:10:21] Appel depuis la CN de: 211900101F
I> [30/03/2017 11:10:26] Le programme appelé depuis la CN est trouvé: C:\machines\T32\Programmes\LA CALHENE\211900101F.MZK
I> [30/03/2017 11:10:26] Programmes dans les fichiers demandés: Programme 4688 (211900101F), Programme 4689 (211900101F), Programme 4690 (211900101F), Programme 4691 (211900101F)
I> [30/03/2017 11:11:11] Emission de programme: Programme 4688 (211900101F)
I> [30/03/2017 11:11:22] Emission de programme: Programme 4689 (211900101F)
I> [30/03/2017 11:11:36] Emission de programme: Programme 4690 (211900101F)
I> [30/03/2017 11:11:51] Emission de programme: Programme 4691 (211900101F)
I> [30/03/2017 11:13:08] Appel depuis la CN de: 212700101K1
I> [30/03/2017 11:13:13] Le programme appelé depuis la CN est trouvé: C:\machines\T32\Programmes\LA CALHENE\212700101K1.MZK
I> [30/03/2017 11:13:13] Programmes dans les fichiers demandés: Programme 5457 (212700101K1), Programme 5458 (212700101K1), Programme 5459 (212700101K1), Programme 5460 (212700101K1), Programme 5461 (212700101K1), Programme 5462 (212700101K1)
I> [30/03/2017 11:13:30] Emission de programme: Programme 5457 (212700101K1)
I> [30/03/2017 11:13:42] Emission de programme: Programme 5458 (212700101K1)
