I> [30/09/2014 04:59:27] Port activé avec succès.
I> [30/09/2014 07:27:11] Réception: programme 6456 (5T0530017D)
I> [30/09/2014 07:27:21] Réception: programme 6457 (5T0530017D)
I> [30/09/2014 07:27:32] Fichier reçu: C:\machines\T32\Programmes\5T0530017D.MZK
I> [30/09/2014 07:27:32] Programmes dans les fichiers demandés: Programme 6456 (5T0530017D), Programme 6457 (5T0530017D)
I> [30/09/2014 07:29:28] Appel depuis la CN de: 5T0530017D
I> [30/09/2014 07:29:33] Le programme appelé depuis la CN est trouvé: C:\machines\T32\Programmes\TECHVAL\5T0530017D.MZK
I> [30/09/2014 07:29:33] Programmes dans les fichiers demandés: Programme 6456 (5T0530017D), Programme 6457 (5T0530017D)
I> [30/09/2014 07:46:43] Appel depuis la CN de: 0361550
E> [30/09/2014 07:46:48] N'a pu trouver le programme appelé depuis la CN: 361550.MZK [Premier répertoire recherché : C:\machines\T32\Programmes]
E> [30/09/2014 07:46:49] N'a pu émettre le fichier. [Previous remote request failed.]
I> [30/09/2014 07:47:04] Appel depuis la CN de: 0361550
E> [30/09/2014 07:47:09] N'a pu trouver le programme appelé depuis la CN: 361550.MZK [Premier répertoire recherché : C:\machines\T32\Programmes]
E> [30/09/2014 07:47:11] N'a pu émettre le fichier. [Previous remote request failed.]
I> [30/09/2014 07:48:21] Appel depuis la CN de: 361550
I> [30/09/2014 07:48:26] Le programme appelé depuis la CN est trouvé: C:\machines\T32\Programmes\361550.MZK
I> [30/09/2014 07:48:26] Programmes dans les fichiers demandés: Programme 1066 (0361550), Programme 1067 (0361550)
I> [30/09/2014 07:49:56] Appel depuis la CN de: 361550
I> [30/09/2014 07:50:01] Le programme appelé depuis la CN est trouvé: C:\machines\T32\Programmes\361550.MZK
I> [30/09/2014 07:50:01] Programmes dans les fichiers demandés: Programme 1066 (0361550), Programme 1067 (0361550)
I> [30/09/2014 07:50:09] Emission de programme: Programme 1066 (0361550)
I> [30/09/2014 07:50:32] Emission de programme: Programme 1067 (0361550)
