I> [30/03/2011 07:32:46] Port activé avec succès.
I> [30/03/2011 08:18:09] Appel depuis la CN de: 151396-08
I> [30/03/2011 08:18:16] Le programme appelé depuis la CN est trouvé: C:\machines\T32\Programmes\ARO\151396-08.MZK
I> [30/03/2011 08:18:16] Programmes dans les fichiers demandés: Programme 5467 (151396-08), Programme 5468 (151396-08), Programme 5501 (151396-08), Programme 5511 (151396-08)
I> [30/03/2011 08:18:21] Emission de programme: Programme 5467 (151396-08)
I> [30/03/2011 08:18:33] Emission de programme: Programme 5468 (151396-08)
I> [30/03/2011 08:18:48] Emission de programme: Programme 5501 (151396-08)
I> [30/03/2011 08:18:58] Emission de programme: Programme 5511 (151396-08)
I> [30/03/2011 08:21:09] Appel depuis la CN de: 151475-02
I> [30/03/2011 08:21:15] Le programme appelé depuis la CN est trouvé: C:\machines\T32\Programmes\ARO\151475-02.MZK
I> [30/03/2011 08:21:15] Programmes dans les fichiers demandés: Programme 4020 (151475-02), Programme 4021 (151475-02), Programme 1535 (151475-02), Programme 1543 (151475-02)
I> [30/03/2011 08:21:26] Emission de programme: Programme 4020 (151475-02)
I> [30/03/2011 08:21:37] Emission de programme: Programme 4021 (151475-02)
I> [30/03/2011 08:21:49] Emission de programme: Programme 1535 (151475-02)
I> [30/03/2011 08:21:59] Emission de programme: Programme 1543 (151475-02)
I> [30/03/2011 12:40:45] Réception: programme 5563 (151475-04)
I> [30/03/2011 12:41:00] Fichier reçu: C:\machines\T32\Programmes\151475-04.MZK
I> [30/03/2011 12:41:01] Programmes dans les fichiers demandés: Programme 5563 (151475-04)
I> [30/03/2011 14:20:54] Appel depuis la CN de: 310931-1-F
I> [30/03/2011 14:21:01] Le programme appelé depuis la CN est trouvé: C:\machines\T32\Programmes\FLOWSERVE\310931-1-F.MZK
I> [30/03/2011 14:21:01] Programmes dans les fichiers demandés: Programme 2986 (310931-1-F), Programme 2987 (310931-1-F), Programme 2988 (310931-1-F), Programme 3465 (310931-1-F)
I> [30/03/2011 14:23:03] Emission de programme: Programme 2986 (310931-1-F)
I> [30/03/2011 14:23:13] Emission de programme: Programme 2987 (310931-1-F)
I> [30/03/2011 14:23:26] Emission de programme: Programme 2988 (310931-1-F)
I> [30/03/2011 14:23:41] Emission de programme: Programme 3465 (310931-1-F)
