I> [30/10/2018 07:07:56] Port activé avec succès.
I> [30/10/2018 10:08:11] Appel depuis la CN de: 212701303E
I> [30/10/2018 10:08:16] Le programme appelé depuis la CN est trouvé: C:\machines\T32\Programmes\LA CALHENE\212701303E.MZK
I> [30/10/2018 10:08:16] Programmes dans les fichiers demandés: Programme 5426 (212701303E), Programme 5427 (212701303E), Programme 5430 (212701303E), Programme 5433 (212701303E), Programme 5435 (212701303E), Programme 5436 (212701303E), Programme 5439 (212701303E)
I> [30/10/2018 10:08:30] Emission de programme: Programme 5426 (212701303E)
I> [30/10/2018 10:08:36] Emission de programme: Programme 5427 (212701303E)
I> [30/10/2018 10:08:43] Emission de programme: Programme 5430 (212701303E)
I> [30/10/2018 10:08:52] Emission de programme: Programme 5433 (212701303E)
I> [30/10/2018 10:09:02] Emission de programme: Programme 5435 (212701303E)
I> [30/10/2018 10:09:12] Emission de programme: Programme 5436 (212701303E)
I> [30/10/2018 10:09:23] Emission de programme: Programme 5439 (212701303E)
I> [30/10/2018 10:10:07] Appel depuis la CN de: 212701302N
I> [30/10/2018 10:10:11] Le programme appelé depuis la CN est trouvé: C:\machines\T32\Programmes\LA CALHENE\212701302N.MZK
I> [30/10/2018 10:10:12] Programmes dans les fichiers demandés: Programme 5428 (212701302N), Programme 5429 (212701302N), Programme 5431 (212701302N), Programme 5432 (212701302N), Programme 5434 (212701302N), Programme 5437 (212701302N), Programme 5438 (212701302N)
I> [30/10/2018 10:10:18] Emission de programme: Programme 5428 (212701302N)
I> [30/10/2018 10:10:25] Emission de programme: Programme 5429 (212701302N)
I> [30/10/2018 10:10:31] Emission de programme: Programme 5431 (212701302N)
I> [30/10/2018 10:10:41] Emission de programme: Programme 5432 (212701302N)
I> [30/10/2018 10:10:51] Emission de programme: Programme 5434 (212701302N)
I> [30/10/2018 10:10:58] Emission de programme: Programme 5437 (212701302N)
I> [30/10/2018 10:11:08] Emission de programme: Programme 5438 (212701302N)
