I> [30/11/2011 07:40:41] Port activé avec succès.
I> [30/11/2011 08:33:33] Appel depuis la CN de: 241003130
I> [30/11/2011 08:33:40] Le programme appelé depuis la CN est trouvé: C:\machines\T32\Programmes\241003130.MZK
I> [30/11/2011 08:33:40] Programmes dans les fichiers demandés: Programme 1038 (241003130), Programme 1039 (241003130)
I> [30/11/2011 08:33:47] Emission de programme: Programme 1038 (241003130)
I> [30/11/2011 08:34:00] Emission de programme: Programme 1039 (241003130)
I> [30/11/2011 20:32:23] Appel depuis la CN de: 21270080201
E> [30/11/2011 20:32:29] N'a pu émettre le fichier: C:\machines\T32\Programmes\241003130.MZK [Le système ne peut pas lire le périphérique indiqué]
I> [30/11/2011 20:32:29] Le programme appelé depuis la CN est trouvé: C:\machines\T32\Programmes\FLOWSERVE\21270080201.MZK
I> [30/11/2011 20:32:29] Programmes dans les fichiers demandés: Programme 4476 (21270080201), Programme 4477 (21270080201), Programme 4478 (21270080201), Programme 4479 (21270080201), Programme 4480 (21270080201)
I> [30/11/2011 20:32:55] Emission de programme: Programme 4476 (21270080201)
I> [30/11/2011 20:33:04] Emission de programme: Programme 4477 (21270080201)
I> [30/11/2011 20:33:26] Emission de programme: Programme 4478 (21270080201)
I> [30/11/2011 20:33:41] Emission de programme: Programme 4479 (21270080201)
I> [30/11/2011 20:38:39] Appel depuis la CN de: 21270080201
I> [30/11/2011 20:38:47] Le programme appelé depuis la CN est trouvé: C:\machines\T32\Programmes\21270080201.MZK
I> [30/11/2011 20:38:47] Programmes dans les fichiers demandés: Programme 4476 (21270080201), Programme 4477 (21270080201), Programme 4478 (21270080201), Programme 4479 (21270080201), Programme 4480 (21270080201), Programme 4490 (21270080201), Programme 4491 (21270080201), Programme 5138 (21270080201), Programme 5139 (21270080201)
I> [30/11/2011 20:38:54] Appel depuis la CN de: 21270080201
I> [30/11/2011 20:39:00] Le programme appelé depuis la CN est trouvé: C:\machines\T32\Programmes\21270080201.MZK
I> [30/11/2011 20:39:00] Programmes dans les fichiers demandés: Programme 4476 (21270080201), Programme 4477 (21270080201), Programme 4478 (21270080201), Programme 4479 (21270080201), Programme 4480 (21270080201), Programme 4490 (21270080201), Programme 4491 (21270080201), Programme 5138 (21270080201), Programme 5139 (21270080201)
I> [30/11/2011 20:39:13] Emission de programme: Programme 4490 (21270080201)
I> [30/11/2011 20:39:19] Emission de programme: Programme 4491 (21270080201)
I> [30/11/2011 20:39:23] Emission de programme: Programme 5138 (21270080201)
I> [30/11/2011 20:39:32] Emission de programme: Programme 5139 (21270080201)
I> [30/11/2011 20:41:31] Réception: programme 4476 (21270080201)
I> [30/11/2011 20:41:41] Réception: programme 4477 (21270080201)
I> [30/11/2011 20:42:03] Réception: programme 4478 (21270080201)
I> [30/11/2011 20:42:17] Réception: programme 4479 (21270080201)
I> [30/11/2011 20:42:39] Réception: programme 4480 (21270080201)
I> [30/11/2011 20:43:37] Réception: programme 4490 (21270080201)
I> [30/11/2011 20:43:43] Réception: programme 4491 (21270080201)
I> [30/11/2011 20:43:48] Réception: programme 5138 (21270080201)
I> [30/11/2011 20:43:56] Réception: programme 5139 (21270080201)
I> [30/11/2011 20:44:04] Fichier reçu: C:\machines\T32\Programmes\21270080201.MZK
I> [30/11/2011 20:44:04] Programmes dans les fichiers demandés: Programme 4476 (21270080201), Programme 4477 (21270080201), Programme 4478 (21270080201), Programme 4479 (21270080201), Programme 4480 (21270080201), Programme 4490 (21270080201), Programme 4491 (21270080201), Programme 5138 (21270080201), Programme 5139 (21270080201)
I> [30/11/2011 20:45:13] Programmes dans les fichiers demandés: Programme 4476 (21270080201), Programme 4477 (21270080201), Programme 4478 (21270080201), Programme 4479 (21270080201), Programme 4480 (21270080201), Programme 4490 (21270080201), Programme 4491 (21270080201), Programme 5138 (21270080201), Programme 5139 (21270080201)
