I> [30/10/2007 13:09:27] Réception: programme 4357 (113500101M)
I> [30/10/2007 13:09:49] Réception: programme 4359 (113500101M)
I> [30/10/2007 13:10:24] Fichier reçu: C:\machines\T32\Programmes\113500101M.MZK
I> [30/10/2007 13:10:24] Programmes dans les fichiers demandés: Programme 4357 (113500101M), Programme 4359 (113500101M)
I> [30/10/2007 13:12:44] Réception: programme 4358 (113504901D)
I> [30/10/2007 13:13:02] Réception: programme 4359 (113504901D)
I> [30/10/2007 13:13:37] Fichier reçu: C:\machines\T32\Programmes\113504901D.MZK
I> [30/10/2007 13:13:37] Programmes dans les fichiers demandés: Programme 4358 (113504901D), Programme 4359 (113504901D)
I> [30/10/2007 13:18:55] Appel depuis la CN de: 11270-01-01
I> [30/10/2007 13:19:00] Le programme appelé depuis la CN est trouvé: C:\machines\T32\Programmes\LA CALHENE\11270-01-01.MZK
I> [30/10/2007 13:19:00] Programmes dans les fichiers demandés: Programme 4063 (11270-01-01), Programme 4065 (11270-01-01), Programme 4100 (11270-01-01), Programme 4101 (11270-01-01)
I> [30/10/2007 13:20:18] Emission de programme: Programme 4063 (11270-01-01)
I> [30/10/2007 13:20:51] Emission de programme: Programme 4065 (11270-01-01)
I> [30/10/2007 13:21:03] Emission de programme: Programme 4100 (11270-01-01)
I> [30/10/2007 13:21:33] Emission de programme: Programme 4101 (11270-01-01)
I> [30/10/2007 19:00:58] Réception: programme 4063 (11270-01-01)
I> [30/10/2007 19:01:30] Réception: programme 4065 (11270-01-01)
I> [30/10/2007 19:01:43] Réception: programme 4100 (11270-01-01)
I> [30/10/2007 19:02:09] Réception: programme 4101 (11270-01-01)
I> [30/10/2007 19:02:36] Fichier reçu: C:\machines\T32\Programmes\11270-01-01.MZK
I> [30/10/2007 19:02:36] Programmes dans les fichiers demandés: Programme 4063 (11270-01-01), Programme 4065 (11270-01-01), Programme 4100 (11270-01-01), Programme 4101 (11270-01-01)
I> [30/10/2007 19:04:37] Appel depuis la CN de: 11270-55-01
I> [30/10/2007 19:04:42] Le programme appelé depuis la CN est trouvé: C:\machines\T32\Programmes\LA CALHENE\11270-55-01.MZK
I> [30/10/2007 19:04:42] Programmes dans les fichiers demandés: Programme 4064 (11270-55-01), Programme 4066 (11270-55-01), Programme 4099 (11270-55-01), Programme 4101 (11270-55-01)
I> [30/10/2007 19:05:15] Emission de programme: Programme 4064 (11270-55-01)
I> [30/10/2007 19:05:48] Emission de programme: Programme 4066 (11270-55-01)
I> [30/10/2007 19:06:00] Emission de programme: Programme 4099 (11270-55-01)
I> [30/10/2007 19:22:08] Réception: programme 65 (30190300101)
I> [30/10/2007 19:22:19] Réception: programme 66 (30190300101)
I> [30/10/2007 19:22:35] Réception: programme 69 (30190300101)
I> [30/10/2007 19:22:57] Réception: programme 4090 (30190300101)
I> [30/10/2007 19:23:54] Fichier reçu: C:\machines\T32\Programmes\30190300101.MZK
I> [30/10/2007 19:23:54] Programmes dans les fichiers demandés: Programme 65 (30190300101), Programme 66 (30190300101), Programme 69 (30190300101), Programme 4090 (30190300101)
I> [30/10/2007 19:29:52] Appel depuis la CN de: 30270300101
I> [30/10/2007 19:30:00] Le programme appelé depuis la CN est trouvé: C:\machines\T32\Programmes\30270300101.MZK
I> [30/10/2007 19:30:00] Programmes dans les fichiers demandés: Programme 67 (30270300101), Programme 68 (30270300101), Programme 4087 (30270300101), Programme 4088 (30270300101)
I> [30/10/2007 19:30:20] Appel depuis la CN de: 30270300101
I> [30/10/2007 19:30:28] Le programme appelé depuis la CN est trouvé: C:\machines\T32\Programmes\30270300101.MZK
I> [30/10/2007 19:30:28] Programmes dans les fichiers demandés: Programme 67 (30270300101), Programme 68 (30270300101), Programme 4087 (30270300101), Programme 4088 (30270300101)
I> [30/10/2007 19:31:09] Emission de programme: Programme 67 (30270300101)
I> [30/10/2007 19:31:23] Emission de programme: Programme 68 (30270300101)
I> [30/10/2007 19:31:41] Emission de programme: Programme 4087 (30270300101)
I> [30/10/2007 19:32:04] Emission de programme: Programme 4088 (30270300101)
I> [30/10/2007 20:57:25] Appel depuis la CN de: 30190030101
E> [30/10/2007 20:57:30] N'a pu trouver le programme appelé depuis la CN: 30190030101.MZK [Premier répertoire recherché : C:\machines\T32\Programmes]
E> [30/10/2007 20:57:33] N'a pu émettre le fichier. [Previous remote request failed.]
I> [30/10/2007 20:58:09] Appel depuis la CN de: 30190030101
E> [30/10/2007 20:58:14] N'a pu émettre le fichier. [Previous remote request failed.]
E> [30/10/2007 20:58:15] N'a pu trouver le programme appelé depuis la CN: 30190030101.MZK [Premier répertoire recherché : C:\machines\T32\Programmes]
