I> [30/10/2012 04:59:54] Port activé avec succès.
I> [30/10/2012 05:59:19] Réception: programme 6053 (138012A)
I> [30/10/2012 05:59:24] Réception: programme 6054 (138012A)
I> [30/10/2012 05:59:30] Réception: programme 6055 (138012A)
I> [30/10/2012 05:59:43] Réception: programme 6058 (138012A)
I> [30/10/2012 05:59:52] Fichier reçu: C:\machines\T32\Programmes\138012A.MZK
I> [30/10/2012 05:59:52] Programmes dans les fichiers demandés: Programme 6053 (138012A), Programme 6054 (138012A), Programme 6055 (138012A), Programme 6058 (138012A)
I> [30/10/2012 06:01:02] Réception: programme 6049 (5995743A)
I> [30/10/2012 06:01:07] Réception: programme 6050 (5995743A)
I> [30/10/2012 06:01:13] Réception: programme 6057 (5995743A)
I> [30/10/2012 06:01:31] Fichier reçu: C:\machines\T32\Programmes\5995743A.MZK
I> [30/10/2012 06:01:31] Programmes dans les fichiers demandés: Programme 6049 (5995743A), Programme 6050 (5995743A), Programme 6057 (5995743A)
I> [30/10/2012 06:03:12] Appel depuis la CN de: 5995743A
I> [30/10/2012 06:03:18] Le programme appelé depuis la CN est trouvé: C:\machines\T32\Programmes\FLOWSERVE\5995743A.MZK
I> [30/10/2012 06:03:18] Programmes dans les fichiers demandés: Programme 6049 (5995743A), Programme 6050 (5995743A), Programme 6057 (5995743A)
I> [30/10/2012 06:03:53] Appel depuis la CN de: 138012A
I> [30/10/2012 06:03:59] Le programme appelé depuis la CN est trouvé: C:\machines\T32\Programmes\FLOWSERVE\138012A.MZK
I> [30/10/2012 06:04:00] Programmes dans les fichiers demandés: Programme 6053 (138012A), Programme 6054 (138012A), Programme 6055 (138012A), Programme 6058 (138012A)
I> [30/10/2012 07:23:49] Réception: programme 6051 (138274A)
I> [30/10/2012 07:23:54] Réception: programme 6052 (138274A)
I> [30/10/2012 07:24:00] Réception: programme 6056 (138274A)
I> [30/10/2012 07:24:13] Réception: programme 6059 (138274A)
I> [30/10/2012 07:24:22] Fichier reçu: C:\machines\T32\Programmes\138274A.MZK
I> [30/10/2012 07:24:22] Programmes dans les fichiers demandés: Programme 6051 (138274A), Programme 6052 (138274A), Programme 6056 (138274A), Programme 6059 (138274A)
I> [30/10/2012 07:26:03] Appel depuis la CN de: 138274A
I> [30/10/2012 07:26:09] Le programme appelé depuis la CN est trouvé: C:\machines\T32\Programmes\FLOWSERVE\138274A.MZK
I> [30/10/2012 07:26:09] Programmes dans les fichiers demandés: Programme 6051 (138274A), Programme 6052 (138274A), Programme 6056 (138274A), Programme 6059 (138274A)
I> [30/10/2012 07:33:58] Appel depuis la CN de: 40361000201
I> [30/10/2012 07:34:04] Le programme appelé depuis la CN est trouvé: C:\machines\T32\Programmes\40361000201.MZK
I> [30/10/2012 07:34:04] Programmes dans les fichiers demandés: Programme 909 (40361000201), Programme 910 (40361000201), Programme 911 (40361000201), Programme 918 (40361000201), Programme 919 (40631000201)
I> [30/10/2012 07:41:03] Emission de programme: Programme 909 (40361000201)
I> [30/10/2012 07:41:09] Emission de programme: Programme 910 (40361000201)
I> [30/10/2012 07:41:18] Emission de programme: Programme 911 (40361000201)
I> [30/10/2012 07:41:41] Emission de programme: Programme 918 (40361000201)
I> [30/10/2012 07:41:53] Emission de programme: Programme 919 (40631000201)
I> [30/10/2012 18:23:37] Réception: programme 6060 (40360204D)
I> [30/10/2012 18:23:43] Réception: programme 6061 (40360204D)
I> [30/10/2012 18:24:03] Réception: programme 6062 (40360204D)
I> [30/10/2012 18:24:39] Réception: programme 6063 (40360204D)
I> [30/10/2012 18:24:51] Fichier reçu: C:\machines\T32\Programmes\40360204D.MZK
I> [30/10/2012 18:24:52] Programmes dans les fichiers demandés: Programme 6060 (40360204D), Programme 6061 (40360204D), Programme 6062 (40360204D), Programme 6063 (40360204D)
