I> [31/01/2011 05:52:09] Port activé avec succès.
I> [31/01/2011 09:57:20] Réception: programme 5489 (2975322C)
I> [31/01/2011 09:57:40] Réception: programme 5492 (2975322C)
I> [31/01/2011 09:57:57] Fichier existant sauvegardé: C:\MACHINES\T32\SAUVEGARDES\2975322C_01.MZK
I> [31/01/2011 09:57:57] Fichier reçu: C:\machines\T32\Programmes\2975322C.MZK
I> [31/01/2011 09:57:57] Programmes dans les fichiers demandés: Programme 5489 (2975322C), Programme 5492 (2975322C)
I> [31/01/2011 14:36:51] Appel depuis la CN de: 2700101K1
E> [31/01/2011 14:36:57] N'a pu trouver le programme appelé depuis la CN: 2700101K1.MZK [Premier répertoire recherché : C:\machines\T32\Programmes]
E> [31/01/2011 14:37:27] N'a pu émettre le fichier. [Previous remote request failed.]
I> [31/01/2011 14:37:59] Appel depuis la CN de: 212700101K1
I> [31/01/2011 14:38:05] Le programme appelé depuis la CN est trouvé: C:\machines\T32\Programmes\LA CALHENE\212700101K1.MZK
I> [31/01/2011 14:38:06] Programmes dans les fichiers demandés: Programme 5457 (212700101K1), Programme 5458 (212700101K1), Programme 5459 (212700101K1), Programme 5460 (212700101K1), Programme 5461 (212700101K1), Programme 5462 (212700101K1)
I> [31/01/2011 14:38:35] Emission de programme: Programme 5459 (212700101K1)
I> [31/01/2011 14:38:47] Emission de programme: Programme 5460 (212700101K1)
I> [31/01/2011 18:49:18] Appel depuis la CN de: 212700101K1
I> [31/01/2011 18:49:25] Le programme appelé depuis la CN est trouvé: C:\machines\T32\Programmes\LA CALHENE\212700101K1.MZK
I> [31/01/2011 18:49:25] Programmes dans les fichiers demandés: Programme 5457 (212700101K1), Programme 5458 (212700101K1), Programme 5459 (212700101K1), Programme 5460 (212700101K1), Programme 5461 (212700101K1), Programme 5462 (212700101K1)
I> [31/01/2011 18:49:36] Emission de programme: Programme 5462 (212700101K1)
I> [31/01/2011 19:06:34] Appel depuis la CN de: 3035030010M
I> [31/01/2011 19:06:41] Le programme appelé depuis la CN est trouvé: C:\machines\T32\Programmes\LA CALHENE\3035030010M.MZK
I> [31/01/2011 19:06:41] Programmes dans les fichiers demandés: Programme 5136 (3035030010M), Programme 5137 (3035030010M), Programme 5337 (3035030010M), Programme 5338 (3035030010M), Programme 5404 (3035030010M), Programme 5405 (3035030010M)
I> [31/01/2011 19:07:04] Emission de programme: Programme 5405 (3035030010M)
I> [31/01/2011 19:52:21] Appel depuis la CN de: 212700101K1
I> [31/01/2011 19:52:28] Le programme appelé depuis la CN est trouvé: C:\machines\T32\Programmes\LA CALHENE\212700101K1.MZK
I> [31/01/2011 19:52:28] Programmes dans les fichiers demandés: Programme 5457 (212700101K1), Programme 5458 (212700101K1), Programme 5459 (212700101K1), Programme 5460 (212700101K1), Programme 5461 (212700101K1), Programme 5462 (212700101K1)
I> [31/01/2011 19:52:39] Emission de programme: Programme 5462 (212700101K1)
