I> [31/01/06 07:39:27] Appel depuis la CN de: 2974093B 3
I> [31/01/06 07:39:32] Le programme appelé depuis la CN est trouvé: C:\machines\T32\Programmes\DRESSER\2974093B 3.MZK
I> [31/01/06 07:39:33] Programmes dans les fichiers demandés: Programme 3982 (2974093B 3), Programme 3983 (2974093B 3)
I> [31/01/06 07:39:39] Emission de programme: Programme 3982 (2974093B 3)
I> [31/01/06 07:39:59] Emission de programme: Programme 3983 (2974093B 3)
I> [31/01/06 08:14:49] Réception: programme 4092 (RACLEUR)
I> [31/01/06 08:15:12] Fichier reçu: C:\machines\T32\Programmes\RACLEUR.MZK
I> [31/01/06 08:15:12] Programmes dans les fichiers demandés: Programme 4092 (RACLEUR)
I> [31/01/06 08:15:51] Réception: programme 4093 (POULIE 250)
I> [31/01/06 08:16:13] Fichier reçu: C:\machines\T32\Programmes\POULIE 250.MZK
I> [31/01/06 08:16:13] Programmes dans les fichiers demandés: Programme 4093 (POULIE 250)
I> [31/01/06 11:48:09] Appel depuis la CN de: 310931-1-F
I> [31/01/06 11:48:15] Le programme appelé depuis la CN est trouvé: C:\machines\T32\Programmes\DRESSER\310931-1-F.MZK
I> [31/01/06 11:48:15] Programmes dans les fichiers demandés: Programme 2986 (310931-1-F), Programme 2987 (310931-1-F), Programme 2988 (310931-1-F), Programme 3465 (310931-1-F)
I> [31/01/06 11:48:37] Emission de programme: Programme 2986 (310931-1-F)
I> [31/01/06 11:48:47] Emission de programme: Programme 2987 (310931-1-F)
I> [31/01/06 11:49:00] Emission de programme: Programme 2988 (310931-1-F)
I> [31/01/06 11:49:16] Emission de programme: Programme 3465 (310931-1-F)
I> [31/01/06 14:51:49] Appel depuis la CN de: 2974093
E> [31/01/06 14:51:54] N'a pu trouver le programme appelé depuis la CN: 2974093.MZK [Premier répertoire recherché : C:\machines\T32\Programmes]
I> [31/01/06 14:52:28] Appel depuis la CN de: 2974093B 3
I> [31/01/06 14:52:34] Le programme appelé depuis la CN est trouvé: C:\machines\T32\Programmes\DRESSER\2974093B 3.MZK
I> [31/01/06 14:52:34] Programmes dans les fichiers demandés: Programme 3982 (2974093B 3), Programme 3983 (2974093B 3)
I> [31/01/06 14:52:44] Emission de programme: Programme 3982 (2974093B 3)
I> [31/01/06 14:53:05] Emission de programme: Programme 3983 (2974093B 3)
