I> [31/03/2016 04:50:51] Port activé avec succès.
I> [31/03/2016 10:01:03] Réception: programme 6617 (47251804A)
I> [31/03/2016 10:01:10] Réception: programme 6618 (47251804A)
I> [31/03/2016 10:01:16] Réception: programme 6619 (47251804A)
I> [31/03/2016 10:01:26] Réception: programme 6620 (47251804A)
I> [31/03/2016 10:01:40] Réception: programme 6621 (47251804A)
I> [31/03/2016 10:01:48] Réception: programme 6622 (47251804A)
I> [31/03/2016 10:02:23] Fichier reçu: C:\machines\T32\Programmes\47251804A.MZK
I> [31/03/2016 10:02:23] Programmes dans les fichiers demandés: Programme 6617 (47251804A), Programme 6618 (47251804A), Programme 6619 (47251804A), Programme 6620 (47251804A), Programme 6621 (47251804A), Programme 6622 (47251804A)
I> [31/03/2016 10:07:23] Appel depuis la CN de: 47251804A
I> [31/03/2016 10:07:30] Le programme appelé depuis la CN est trouvé: C:\machines\T32\Programmes\LA CALHENE\47251804A.MZK
I> [31/03/2016 10:07:30] Programmes dans les fichiers demandés: Programme 6617 (47251804A), Programme 6618 (47251804A), Programme 6619 (47251804A), Programme 6620 (47251804A), Programme 6621 (47251804A), Programme 6622 (47251804A)
I> [31/03/2016 10:33:53] Appel depuis la CN de: 30190500101
I> [31/03/2016 10:34:00] Le programme appelé depuis la CN est trouvé: C:\machines\T32\Programmes\LA CALHENE\30190500101.MZK
I> [31/03/2016 10:34:00] Programmes dans les fichiers demandés: Programme 6147 (30190500101), Programme 6148 (30190500101), Programme 6149 (30190500101), Programme 6150 (30190500101), Programme 6151 (30190500101), Programme 6152 (30190500101), Programme 6153 (30190500101), Programme 6154 (30190500101)
I> [31/03/2016 10:35:54] Appel depuis la CN de: 30190500101
I> [31/03/2016 10:36:01] Le programme appelé depuis la CN est trouvé: C:\machines\T32\Programmes\LA CALHENE\30190500101.MZK
I> [31/03/2016 10:36:01] Programmes dans les fichiers demandés: Programme 6147 (30190500101), Programme 6148 (30190500101), Programme 6149 (30190500101), Programme 6150 (30190500101), Programme 6151 (30190500101), Programme 6152 (30190500101), Programme 6153 (30190500101), Programme 6154 (30190500101)
I> [31/03/2016 10:36:12] Emission de programme: Programme 6151 (30190500101)
I> [31/03/2016 10:36:26] Emission de programme: Programme 6152 (30190500101)
I> [31/03/2016 10:36:36] Emission de programme: Programme 6153 (30190500101)
I> [31/03/2016 10:36:49] Emission de programme: Programme 6154 (30190500101)
I> [31/03/2016 17:50:06] Appel depuis la CN de: 291121602D
I> [31/03/2016 17:50:13] Le programme appelé depuis la CN est trouvé: C:\machines\T32\Programmes\LA CALHENE\291121602D.MZK
I> [31/03/2016 17:50:13] Programmes dans les fichiers demandés: Programme 6555 (291121602D), Programme 6556 (291121602D), Programme 6557 (291121602D), Programme 6558 (291121602D)
I> [31/03/2016 17:50:25] Emission de programme: Programme 6557 (291121602D)
