I> [31/03/2008 08:06:35] Port activé avec succès.
I> [31/03/2008 15:29:58] Réception: programme 4557 (4802258A)
I> [31/03/2008 15:30:10] Réception: programme 4558 (4802258A)
I> [31/03/2008 15:30:22] Réception: programme 4559 (4802258A)
I> [31/03/2008 15:30:30] Fichier existant sauvegardé: C:\MACHINES\T32\SAUVEGARDES\4802258A_01.MZK
I> [31/03/2008 15:30:30] Fichier reçu: C:\machines\T32\Programmes\4802258A.MZK
I> [31/03/2008 15:30:30] Programmes dans les fichiers demandés: Programme 4557 (4802258A), Programme 4558 (4802258A), Programme 4559 (4802258A)
I> [31/03/2008 15:32:14] Réception: programme 4557 (4802258A)
I> [31/03/2008 15:32:26] Réception: programme 4558 (4802258A)
I> [31/03/2008 15:32:38] Réception: programme 4559 (4802258A)
I> [31/03/2008 15:32:47] Fichier reçu: C:\machines\T32\Programmes\4802258A.MZK
I> [31/03/2008 15:32:47] Programmes dans les fichiers demandés: Programme 4557 (4802258A), Programme 4558 (4802258A), Programme 4559 (4802258A)
I> [31/03/2008 15:38:06] Réception: programme 4556 (4802259A)
I> [31/03/2008 15:38:18] Réception: programme 4560 (4802259A)
I> [31/03/2008 15:38:33] Réception: programme 4561 (4802259A)
I> [31/03/2008 15:38:40] Fichier reçu: C:\machines\T32\Programmes\4802259A.MZK
I> [31/03/2008 15:38:40] Programmes dans les fichiers demandés: Programme 4556 (4802259A), Programme 4560 (4802259A), Programme 4561 (4802259A)
I> [31/03/2008 15:41:47] Réception: programme 4556 (4802259A)
I> [31/03/2008 15:41:59] Réception: programme 4560 (4802259A)
I> [31/03/2008 15:42:14] Réception: programme 4561 (4802259A)
I> [31/03/2008 15:42:21] Fichier reçu: C:\machines\T32\Programmes\4802259A.MZK
I> [31/03/2008 15:42:21] Programmes dans les fichiers demandés: Programme 4556 (4802259A), Programme 4560 (4802259A), Programme 4561 (4802259A)
I> [31/03/2008 15:43:34] Réception: programme 4556 (4802259A)
I> [31/03/2008 15:43:47] Réception: programme 4560 (4802259A)
I> [31/03/2008 15:44:02] Réception: programme 4561 (4802259A)
I> [31/03/2008 15:44:08] Fichier reçu: C:\machines\T32\Programmes\4802259A.MZK
I> [31/03/2008 15:44:09] Programmes dans les fichiers demandés: Programme 4556 (4802259A), Programme 4560 (4802259A), Programme 4561 (4802259A)
I> [31/03/2008 16:08:56] Appel depuis la CN de: 359801
I> [31/03/2008 16:09:01] Le programme appelé depuis la CN est trouvé: C:\machines\T32\Programmes\TOKHEIM\359801.MZK
I> [31/03/2008 16:09:01] Programmes dans les fichiers demandés: Programme 4138 (359801)
I> [31/03/2008 16:09:55] Emission de programme: Programme 4138 (359801)
