I> [31/07/2012 06:47:08] Port activé avec succès.
I> [31/07/2012 09:17:15] Réception: programme 5967 (81E2040)
I> [31/07/2012 09:17:25] Réception: programme 5968 (81E2040)
I> [31/07/2012 09:17:35] Réception: programme 5969 (81E2040)
I> [31/07/2012 09:17:41] Réception: programme 5970 (81E2040)
I> [31/07/2012 09:18:00] Fichier reçu: C:\machines\T32\Programmes\81E2040.MZK
I> [31/07/2012 09:18:00] Programmes dans les fichiers demandés: Programme 5967 (81E2040), Programme 5968 (81E2040), Programme 5969 (81E2040), Programme 5970 (81E2040)
I> [31/07/2012 09:18:19] Réception: programme 5971 (81E2042)
I> [31/07/2012 09:18:39] Fichier reçu: C:\machines\T32\Programmes\81E2042.MZK
I> [31/07/2012 09:18:39] Programmes dans les fichiers demandés: Programme 5971 (81E2042)
I> [31/07/2012 09:30:21] Appel depuis la CN de: 8690303
I> [31/07/2012 09:30:27] Le programme appelé depuis la CN est trouvé: C:\machines\T32\Programmes\8690303.MZK
I> [31/07/2012 09:30:27] Programmes dans les fichiers demandés: Programme 193 (8690303), Programme 194 (8690303)
I> [31/07/2012 09:32:21] Emission de programme: Programme 193 (8690303)
I> [31/07/2012 09:32:25] Emission de programme: Programme 194 (8690303)
I> [31/07/2012 15:42:21] Appel depuis la CN de: 227076
I> [31/07/2012 15:42:27] Le programme appelé depuis la CN est trouvé: C:\machines\T32\Programmes\FLOWSERVE\227076.MZK
I> [31/07/2012 15:42:28] Programmes dans les fichiers demandés: Programme 5451 (227076), Programme 5452 (227076)
I> [31/07/2012 15:44:52] Emission de programme: Programme 5451 (227076)
I> [31/07/2012 15:45:12] Emission de programme: Programme 5452 (227076)
I> [31/07/2012 18:38:43] Appel depuis la CN de: 81B3018B 2
I> [31/07/2012 18:38:50] Le programme appelé depuis la CN est trouvé: C:\machines\T32\Programmes\FLOWSERVE\81B3018B 2.MZK
I> [31/07/2012 18:38:50] Programmes dans les fichiers demandés: Programme 4446 (81B3018B 2), Programme 4449 (81B3018B 2)
I> [31/07/2012 18:39:55] Emission de programme: Programme 4446 (81B3018B 2)
I> [31/07/2012 18:40:17] Emission de programme: Programme 4449 (81B3018B 2)
