I> [31/07/2013 07:25:31] Port activé avec succès.
I> [31/07/2013 07:27:06] Réception: programme 6189 (2973964C 7)
I> [31/07/2013 07:27:31] Réception: programme 6195 (2973964C 7)
I> [31/07/2013 07:27:59] Fichier reçu: C:\machines\T32\Programmes\2973964C 7.MZK
I> [31/07/2013 07:27:59] Programmes dans les fichiers demandés: Programme 6189 (2973964C 7), Programme 6195 (2973964C 7)
I> [31/07/2013 11:08:43] Réception: programme 6188 (2973968C 7)
I> [31/07/2013 11:09:04] Réception: programme 6196 (2973968C 7)
I> [31/07/2013 11:09:27] Fichier reçu: C:\machines\T32\Programmes\2973968C 7.MZK
I> [31/07/2013 11:09:27] Programmes dans les fichiers demandés: Programme 6188 (2973968C 7), Programme 6196 (2973968C 7)
I> [31/07/2013 12:35:33] Réception: programme 6190 (2973978E 7)
I> [31/07/2013 12:35:58] Réception: programme 6197 (2973978C 7)
I> [31/07/2013 12:36:23] Fichier reçu: C:\machines\T32\Programmes\2973978E 7.MZK
I> [31/07/2013 12:36:23] Programmes dans les fichiers demandés: Programme 6190 (2973978E 7), Programme 6197 (2973978C 7)
I> [31/07/2013 13:46:59] Appel depuis la CN de: 2973978C 7
E> [31/07/2013 13:47:04] N'a pu trouver le programme appelé depuis la CN: 2973978C 7.MZK [Premier répertoire recherché : C:\machines\T32\Programmes]
E> [31/07/2013 13:47:07] N'a pu émettre le fichier. [Previous remote request failed.]
I> [31/07/2013 13:47:44] Appel depuis la CN de: 2973978C 7
E> [31/07/2013 13:47:50] N'a pu trouver le programme appelé depuis la CN: 2973978C 7.MZK [Premier répertoire recherché : C:\machines\T32\Programmes]
E> [31/07/2013 13:47:54] N'a pu émettre le fichier. [Previous remote request failed.]
I> [31/07/2013 13:48:43] Appel depuis la CN de: 2973978E 7
I> [31/07/2013 13:48:48] Le programme appelé depuis la CN est trouvé: C:\machines\T32\Programmes\FLOWSERVE\2973978E 7.MZK
I> [31/07/2013 13:48:48] Programmes dans les fichiers demandés: Programme 6190 (2973978E 7), Programme 6197 (2973978C 7)
I> [31/07/2013 13:51:18] Appel depuis la CN de: 2974888E 2
I> [31/07/2013 13:51:23] Le programme appelé depuis la CN est trouvé: C:\machines\T32\Programmes\FLOWSERVE\2974888E 2.MZK
I> [31/07/2013 13:51:24] Programmes dans les fichiers demandés: Programme 4238 (2974888E 2), Programme 4239 (2974888E 2)
I> [31/07/2013 13:51:29] Emission de programme: Programme 4238 (2974888E 2)
I> [31/07/2013 13:51:51] Emission de programme: Programme 4239 (2974888E 2)
I> [31/07/2013 17:16:32] Appel depuis la CN de: 3982409A 4
I> [31/07/2013 17:16:37] Le programme appelé depuis la CN est trouvé: C:\machines\T32\Programmes\FLOWSERVE\3982409A 4.MZK
I> [31/07/2013 17:16:37] Programmes dans les fichiers demandés: Programme 2493 (3982409A 4), Programme 2494 (3982409A 4), Programme 2495 (3982409A 4)
I> [31/07/2013 17:18:09] Emission de programme: Programme 2493 (3982409A 4)
I> [31/07/2013 17:18:17] Emission de programme: Programme 2494 (3982409A 4)
I> [31/07/2013 17:18:28] Emission de programme: Programme 2495 (3982409A 4)
