I> [31/07/2009 05:58:35] Port activé avec succès.
I> [31/07/2009 07:52:36] Appel depuis la CN de: 3986722A
I> [31/07/2009 07:52:44] Le programme appelé depuis la CN est trouvé: C:\machines\T32\Programmes\3986722A.MZK
I> [31/07/2009 07:52:44] Programmes dans les fichiers demandés: Programme 25, Données d'outil, Programme 28, Données d'outil
I> [31/07/2009 07:53:00] Appel depuis la CN de: 3986722A
I> [31/07/2009 07:53:05] Le programme appelé depuis la CN est trouvé: C:\machines\T32\Programmes\3986722A.MZK
I> [31/07/2009 07:53:05] Programmes dans les fichiers demandés: Programme 25, Données d'outil, Programme 28, Données d'outil
I> [31/07/2009 07:53:07] Emission de programme: Programme 25
I> [31/07/2009 07:53:13] Emission de programme: Données d'outil
I> [31/07/2009 07:53:14] Emission de programme: Programme 28
I> [31/07/2009 07:53:20] Emission de programme: Données d'outil
I> [31/07/2009 10:18:08] Appel depuis la CN de: 3986722A
I> [31/07/2009 10:18:13] Le programme appelé depuis la CN est trouvé: C:\machines\T32\Programmes\3986722A.MZK
I> [31/07/2009 10:18:13] Programmes dans les fichiers demandés: Programme 25, Données d'outil, Programme 28, Données d'outil
I> [31/07/2009 10:18:18] Emission de programme: Programme 28
I> [31/07/2009 10:18:24] Emission de programme: Données d'outil
I> [31/07/2009 13:55:40] Appel depuis la CN de: 2981109A
I> [31/07/2009 13:55:45] Le programme appelé depuis la CN est trouvé: C:\machines\T32\Programmes\FLOWSERVE\2981109A.MZK
I> [31/07/2009 13:55:45] Programmes dans les fichiers demandés: Programme 4905 (2981109A), Programme 4906 (2981109A), Programme 4907 (2981109A)
E> [31/07/2009 13:59:28] Transmission avortée. [Délai de réponse dépassé, interruption de la transmission]
I> [31/07/2009 13:59:45] Réception: programme 4905 (2981109A)
I> [31/07/2009 13:59:58] Réception: programme 4906 (2981109A)
I> [31/07/2009 14:00:15] Réception: programme 4907 (2981109A)
I> [31/07/2009 14:00:39] Réception: programme 4908 (2981109A)
I> [31/07/2009 14:00:46] Fichier reçu: C:\machines\T32\Programmes\2981109A.MZK
I> [31/07/2009 14:00:46] Programmes dans les fichiers demandés: Programme 4905 (2981109A), Programme 4906 (2981109A), Programme 4907 (2981109A), Programme 4908 (2981109A)
I> [31/07/2009 15:14:10] Appel depuis la CN de: 122700301E
I> [31/07/2009 15:14:15] Le programme appelé depuis la CN est trouvé: C:\machines\T32\Programmes\LA CALHENE\122700301E.MZK
I> [31/07/2009 15:14:15] Programmes dans les fichiers demandés: Programme 4821 (122700301E), Programme 4822 (122700301E), Programme 4410 (122700301E), Programme 4411 (122700301E), Programme 4412 (122700301E), Programme 4413 (122700301E), Programme 4441 (122700301E), Programme 4443 (122700301E)
I> [31/07/2009 15:14:42] Emission de programme: Programme 4821 (122700301E)
