I> [31/05/2011 05:09:14] Port activé avec succès.
I> [31/05/2011 06:25:17] Réception: programme 5614 (5801739A)
I> [31/05/2011 06:25:26] Réception: programme 5615 (5801739A)
I> [31/05/2011 06:25:45] Fichier reçu: C:\machines\T32\Programmes\5801739A.MZK
I> [31/05/2011 06:25:45] Programmes dans les fichiers demandés: Programme 5614 (5801739A), Programme 5615 (5801739A)
I> [31/05/2011 06:30:24] Appel depuis la CN de: 5801739A
I> [31/05/2011 06:30:30] Le programme appelé depuis la CN est trouvé: C:\machines\T32\Programmes\FLOWSERVE\5801739A.MZK
I> [31/05/2011 06:30:30] Programmes dans les fichiers demandés: Programme 5614 (5801739A), Programme 5615 (5801739A)
I> [31/05/2011 06:31:00] Appel depuis la CN de: 050008468C
I> [31/05/2011 06:31:07] Le programme appelé depuis la CN est trouvé: C:\machines\T32\Programmes\ERCA-FORMSEAL\050008468C.MZK
I> [31/05/2011 06:31:07] Programmes dans les fichiers demandés: Programme 4859 (050008468C)
I> [31/05/2011 06:31:12] Emission de programme: Programme 4859 (050008468C)
E> [31/05/2011 06:35:40] Transmission avortée. [Délai de réponse dépassé, interruption de la transmission]
I> [31/05/2011 10:27:53] Appel depuis la CN de: 30350300101
I> [31/05/2011 10:28:00] Le programme appelé depuis la CN est trouvé: C:\machines\T32\Programmes\LA CALHENE\30350300101.MZK
I> [31/05/2011 10:28:00] Programmes dans les fichiers demandés: Programme 3539 (30350300101), Programme 4085 (30350300101), Programme 4086 (30350300101), Programme 4089 (30350300101)
I> [31/05/2011 10:29:25] Emission de programme: Programme 4086 (30350300101)
I> [31/05/2011 10:29:52] Emission de programme: Programme 4089 (30350300101)
I> [31/05/2011 10:31:15] Appel depuis la CN de: 30270300101
I> [31/05/2011 10:31:22] Le programme appelé depuis la CN est trouvé: C:\machines\T32\Programmes\LA CALHENE\30270300101.MZK
I> [31/05/2011 10:31:22] Programmes dans les fichiers demandés: Programme 3561 (30270300101), Programme 4084 (30270300101), Programme 4087 (30270300101), Programme 4088 (30270300101)
I> [31/05/2011 10:31:29] Emission de programme: Programme 4087 (30270300101)
I> [31/05/2011 10:31:52] Emission de programme: Programme 4088 (30270300101)
