I> [31/07/2014 05:29:03] Port activé avec succès.
I> [31/07/2014 09:04:16] Appel depuis la CN de: 1019002F
I> [31/07/2014 09:04:21] Le programme appelé depuis la CN est trouvé: C:\machines\T32\Programmes\LA CALHENE\1019002F.MZK
I> [31/07/2014 09:04:21] Programmes dans les fichiers demandés: Programme 6370 (1019002F), Programme 6371 (1019002F), Programme 6372 (1019002F), Programme 6409 (1019002F), Programme 6410 (1019002F)
I> [31/07/2014 09:06:29] Appel depuis la CN de: 2973080B
I> [31/07/2014 09:06:37] Le programme appelé depuis la CN est trouvé: C:\machines\T32\Programmes\FLOWSERVE\2973080B.MZK
I> [31/07/2014 09:06:37] Programmes dans les fichiers demandés: Programme 2808 (2973080B), Programme 2809 (2973080B), Programme 2810 (2973080B)
I> [31/07/2014 09:06:52] Appel depuis la CN de: 2973080B
I> [31/07/2014 09:06:57] Le programme appelé depuis la CN est trouvé: C:\machines\T32\Programmes\FLOWSERVE\2973080B.MZK
I> [31/07/2014 09:06:57] Programmes dans les fichiers demandés: Programme 2808 (2973080B), Programme 2809 (2973080B), Programme 2810 (2973080B)
I> [31/07/2014 09:07:12] Emission de programme: Programme 2808 (2973080B)
I> [31/07/2014 09:07:29] Emission de programme: Programme 2809 (2973080B)
I> [31/07/2014 09:07:46] Emission de programme: Programme 2810 (2973080B)
I> [31/07/2014 09:11:05] Appel depuis la CN de: 2973080B
I> [31/07/2014 09:11:10] Le programme appelé depuis la CN est trouvé: C:\machines\T32\Programmes\2973080B.MZK
I> [31/07/2014 09:11:10] Programmes dans les fichiers demandés: Programme 867 (2973080B), Programme 869 (2973080B), Programme 870 (2973080B)
I> [31/07/2014 09:13:43] Emission de programme: Programme 867 (2973080B)
I> [31/07/2014 09:13:53] Emission de programme: Programme 869 (2973080B)
I> [31/07/2014 09:14:07] Emission de programme: Programme 870 (2973080B)
I> [31/07/2014 09:24:07] Appel depuis la CN de: 3988354A 2
I> [31/07/2014 09:24:12] Le programme appelé depuis la CN est trouvé: C:\machines\T32\Programmes\FLOWSERVE\3988354A 2.MZK
I> [31/07/2014 09:24:12] Programmes dans les fichiers demandés: Programme 6303 (3988354A 2), Programme 6305 (3988354A 2), Programme 6306 (3988354A 2), Programme 6313 (3988354A 2), Programme 6315 (3988354A 2), Programme 6316 (3988354A 2), Programme 6320 (3988354A 2)
I> [31/07/2014 09:24:23] Emission de programme: Programme 6313 (3988354A 2)
I> [31/07/2014 09:24:33] Emission de programme: Programme 6315 (3988354A 2)
I> [31/07/2014 09:24:50] Emission de programme: Programme 6316 (3988354A 2)
I> [31/07/2014 09:25:00] Emission de programme: Programme 6320 (3988354A 2)
I> [31/07/2014 17:54:30] Appel depuis la CN de: 2973080B
I> [31/07/2014 17:54:35] Le programme appelé depuis la CN est trouvé: C:\machines\T32\Programmes\2973080B.MZK
I> [31/07/2014 17:54:35] Programmes dans les fichiers demandés: Programme 867 (2973080B), Programme 869 (2973080B), Programme 870 (2973080B)
