I> [31/03/2011 07:32:22] Port activé avec succès.
I> [31/03/2011 16:11:17] Réception: programme 5564 (5801705A)
I> [31/03/2011 16:11:23] Réception: programme 5565 (5801705A)
I> [31/03/2011 16:11:29] Réception: programme 5566 (5801705A)
I> [31/03/2011 16:11:36] Réception: programme 5567 (5801705A)
I> [31/03/2011 16:11:45] Réception: programme 5568 (5801705A)
I> [31/03/2011 16:12:00] Fichier reçu: C:\machines\T32\Programmes\5801705A.MZK
I> [31/03/2011 16:12:00] Programmes dans les fichiers demandés: Programme 5564 (5801705A), Programme 5565 (5801705A), Programme 5566 (5801705A), Programme 5567 (5801705A), Programme 5568 (5801705A)
I> [31/03/2011 16:14:45] Appel depuis la CN de: 5801705A
I> [31/03/2011 16:14:52] Le programme appelé depuis la CN est trouvé: C:\machines\T32\Programmes\FLOWSERVE\5801705A.MZK
I> [31/03/2011 16:14:52] Programmes dans les fichiers demandés: Programme 5564 (5801705A), Programme 5565 (5801705A), Programme 5566 (5801705A), Programme 5567 (5801705A), Programme 5568 (5801705A)
I> [31/03/2011 20:06:41] Réception: programme 5569 (MA17546L01)
I> [31/03/2011 20:06:50] Réception: programme 5570 (MA17546L01)
I> [31/03/2011 20:07:04] Réception: programme 5571 (MA17546L01)
I> [31/03/2011 20:07:19] Réception: programme 5572 (MA17546L01)
I> [31/03/2011 20:07:29] Fichier reçu: C:\machines\T32\Programmes\MA17546L01.MZK
I> [31/03/2011 20:07:29] Programmes dans les fichiers demandés: Programme 5569 (MA17546L01), Programme 5570 (MA17546L01), Programme 5571 (MA17546L01), Programme 5572 (MA17546L01)
I> [31/03/2011 20:09:55] Appel depuis la CN de: 5801705A
I> [31/03/2011 20:10:02] Le programme appelé depuis la CN est trouvé: C:\machines\T32\Programmes\FLOWSERVE\5801705A.MZK
I> [31/03/2011 20:10:02] Programmes dans les fichiers demandés: Programme 5564 (5801705A), Programme 5565 (5801705A), Programme 5566 (5801705A), Programme 5567 (5801705A), Programme 5568 (5801705A)
I> [31/03/2011 20:10:49] Appel depuis la CN de: MA17546L01
I> [31/03/2011 20:10:56] Le programme appelé depuis la CN est trouvé: C:\machines\T32\Programmes\FLOWSERVE\MA17546L01.MZK
I> [31/03/2011 20:10:56] Programmes dans les fichiers demandés: Programme 5569 (MA17546L01), Programme 5570 (MA17546L01), Programme 5571 (MA17546L01), Programme 5572 (MA17546L01)
I> [31/03/2011 20:16:23] Appel depuis la CN de: 102700302C
I> [31/03/2011 20:16:29] Le programme appelé depuis la CN est trouvé: C:\machines\T32\Programmes\LA CALHENE\102700302C.MZK
I> [31/03/2011 20:16:29] Programmes dans les fichiers demandés: Programme 4742 (102700302C), Programme 4743 (102700302C), Programme 4744 (102700302C)
I> [31/03/2011 20:18:43] Emission de programme: Programme 4742 (102700302C)
I> [31/03/2011 20:18:49] Emission de programme: Programme 4743 (102700302C)
I> [31/03/2011 20:19:14] Emission de programme: Programme 4744 (102700302C)
