I> [31/10/2017 05:19:40] Port activé avec succès.
I> [31/10/2017 08:33:55] Réception: programme 6880 (3893 04 05F)
I> [31/10/2017 08:34:39] Réception: programme 6881 (3893 04 05F)
I> [31/10/2017 08:34:56] Fichier reçu: C:\machines\T32\Programmes\3893 04 05F.MZK
I> [31/10/2017 08:34:56] Programmes dans les fichiers demandés: Programme 6880 (3893 04 05F), Programme 6881 (3893 04 05F)
I> [31/10/2017 09:13:41] Appel depuis la CN de: 30123001A
I> [31/10/2017 09:13:46] Le programme appelé depuis la CN est trouvé: C:\machines\T32\Programmes\30123001A.MZK
I> [31/10/2017 09:13:46] Programmes dans les fichiers demandés: Programme 26, Données d'outil, Programme 36, Données d'outil
I> [31/10/2017 09:15:02] Emission de programme: Programme 26
I> [31/10/2017 09:15:07] Emission de programme: Données d'outil
I> [31/10/2017 09:15:08] Emission de programme: Programme 36
I> [31/10/2017 09:15:16] Emission de programme: Données d'outil
I> [31/10/2017 09:15:50] Appel depuis la CN de: 30121201C
E> [31/10/2017 09:15:55] N'a pu trouver le programme appelé depuis la CN: 30121201C.MZK [Premier répertoire recherché : C:\machines\T32\Programmes]
E> [31/10/2017 09:15:55] N'a pu émettre le fichier. [Previous remote request failed.]
I> [31/10/2017 09:16:16] Appel depuis la CN de: 30121201A
I> [31/10/2017 09:16:21] Le programme appelé depuis la CN est trouvé: C:\machines\T32\Programmes\LA CALHENE\30121201A.MZK
I> [31/10/2017 09:16:21] Programmes dans les fichiers demandés: Programme 5551 (30121201A)
I> [31/10/2017 09:16:59] Appel depuis la CN de: 30121201B
I> [31/10/2017 09:17:06] Le programme appelé depuis la CN est trouvé: C:\machines\T32\Programmes\30121201B.MZK
I> [31/10/2017 09:17:06] Programmes dans les fichiers demandés: Programme 1339 (30121201B), Programme 1340 (30121201B)
I> [31/10/2017 09:17:10] Emission de programme: Programme 1339 (30121201B)
I> [31/10/2017 09:17:40] Emission de programme: Programme 1340 (30121201B)
I> [31/10/2017 14:48:22] Appel depuis la CN de: 30270300101
I> [31/10/2017 14:48:26] Le programme appelé depuis la CN est trouvé: C:\machines\T32\Programmes\LA CALHENE\30270300101.MZK
I> [31/10/2017 14:48:26] Programmes dans les fichiers demandés: Programme 3561 (30270300101), Programme 4084 (30270300101), Programme 4087 (30270300101), Programme 4088 (30270300101)
I> [31/10/2017 14:49:44] Emission de programme: Programme 4087 (30270300101)
I> [31/10/2017 14:50:07] Emission de programme: Programme 4088 (30270300101)
