----------------------------------------
Timestamp: 20/05/2020 15:03:34
Message: La référence d'objet n'est pas définie à une instance d'un objet.
Category: Exception
Priority: 1
EventId: 1
Severity: Information
Title:
Machine: W10-BENJAMIN
Application Domain: 668ca2d9-42bb-4e33-84be-91f0b111c64c
Process Id: 6372
Process Name: C:\Program Files\Mastercam 2020\Mastercam\Mastercam.exe
Win32 Thread Id: 10688
Thread Name: 
Extended Properties: 
----------------------------------------
----------------------------------------
Timestamp: 20/05/2020 15:04:24
Message: La référence d'objet n'est pas définie à une instance d'un objet.
Category: Exception
Priority: 1
EventId: 1
Severity: Information
Title:
Machine: W10-BENJAMIN
Application Domain: 69d46631-c6fb-4f56-9110-8b724c30b5b5
Process Id: 15920
Process Name: C:\Program Files\Mastercam 2020\Mastercam\Mastercam.exe
Win32 Thread Id: 15396
Thread Name: 
Extended Properties: 
----------------------------------------
----------------------------------------
Timestamp: 25/05/2020 11:53:59
Message: La référence d'objet n'est pas définie à une instance d'un objet.
Category: Exception
Priority: 1
EventId: 1
Severity: Information
Title:
Machine: W10-BENJAMIN
Application Domain: 9f45a5a1-6671-44fe-9376-d0be8facea88
Process Id: 10160
Process Name: C:\Program Files\Mastercam 2020\Mastercam\Mastercam.exe
Win32 Thread Id: 7468
Thread Name: 
Extended Properties: 
----------------------------------------
----------------------------------------
Timestamp: 25/05/2020 15:27:32
Message: La référence d'objet n'est pas définie à une instance d'un objet.
Category: Exception
Priority: 1
EventId: 1
Severity: Information
Title:
Machine: W10-BENJAMIN
Application Domain: dbe6608f-a052-4f8e-9a24-1ed60746eb71
Process Id: 10964
Process Name: C:\Program Files\Mastercam 2020\Mastercam\Mastercam.exe
Win32 Thread Id: 8176
Thread Name: 
Extended Properties: 
----------------------------------------
----------------------------------------
Timestamp: 26/05/2020 06:46:07
Message: La référence d'objet n'est pas définie à une instance d'un objet.
Category: Exception
Priority: 1
EventId: 1
Severity: Information
Title:
Machine: W10-BENJAMIN
Application Domain: 9d8af8e3-e73c-40fa-927c-2b0880f63986
Process Id: 9888
Process Name: C:\Program Files\Mastercam 2020\Mastercam\Mastercam.exe
Win32 Thread Id: 4472
Thread Name: 
Extended Properties: 
----------------------------------------
----------------------------------------
Timestamp: 26/05/2020 13:57:05
Message: La référence d'objet n'est pas définie à une instance d'un objet.
Category: Exception
Priority: 1
EventId: 1
Severity: Information
Title:
Machine: W10-BENJAMIN
Application Domain: b7a6857c-0dbc-4aa8-b6a6-6b371fe707b4
Process Id: 3556
Process Name: C:\Program Files\Mastercam 2020\Mastercam\Mastercam.exe
Win32 Thread Id: 6328
Thread Name: 
Extended Properties: 
----------------------------------------
----------------------------------------
Timestamp: 27/05/2020 15:03:55
Message: La référence d'objet n'est pas définie à une instance d'un objet.
Category: Exception
Priority: 1
EventId: 1
Severity: Information
Title:
Machine: W10-BENJAMIN
Application Domain: c86751be-9832-4757-a0ef-c7488f2efc12
Process Id: 10348
Process Name: C:\Program Files\Mastercam 2020\Mastercam\Mastercam.exe
Win32 Thread Id: 1628
Thread Name: 
Extended Properties: 
----------------------------------------
----------------------------------------
Timestamp: 28/05/2020 15:21:15
Message: La référence d'objet n'est pas définie à une instance d'un objet.
Category: Exception
Priority: 1
EventId: 1
Severity: Information
Title:
Machine: W10-BENJAMIN
Application Domain: 720158b0-df8c-4d1e-9a87-33e510cc8ba6
Process Id: 8908
Process Name: C:\Program Files\Mastercam 2020\Mastercam\Mastercam.exe
Win32 Thread Id: 6708
Thread Name: 
Extended Properties: 
----------------------------------------
----------------------------------------
Timestamp: 29/05/2020 15:06:56
Message: La référence d'objet n'est pas définie à une instance d'un objet.
Category: Exception
Priority: 1
EventId: 1
Severity: Information
Title:
Machine: W10-BENJAMIN
Application Domain: f4fb76e7-c0eb-41fc-b8ca-ba15252938c1
Process Id: 8144
Process Name: C:\Program Files\Mastercam 2020\Mastercam\Mastercam.exe
Win32 Thread Id: 3588
Thread Name: 
Extended Properties: 
----------------------------------------
----------------------------------------
Timestamp: 02/06/2020 07:25:09
Message: La référence d'objet n'est pas définie à une instance d'un objet.
Category: Exception
Priority: 1
EventId: 1
Severity: Information
Title:
Machine: W10-BENJAMIN
Application Domain: 3c7451f9-3e13-4dd5-a364-e7d5794d0139
Process Id: 14432
Process Name: C:\Program Files\Mastercam 2020\Mastercam\Mastercam.exe
Win32 Thread Id: 17168
Thread Name: 
Extended Properties: 
----------------------------------------
----------------------------------------
Timestamp: 02/06/2020 11:56:14
Message: La référence d'objet n'est pas définie à une instance d'un objet.
Category: Exception
Priority: 1
EventId: 1
Severity: Information
Title:
Machine: W10-BENJAMIN
Application Domain: 78734f48-18b2-47d7-ae1c-9aa66bf6e2ff
Process Id: 1448
Process Name: C:\Program Files\Mastercam 2020\Mastercam\Mastercam.exe
Win32 Thread Id: 17272
Thread Name: 
Extended Properties: 
----------------------------------------
----------------------------------------
Timestamp: 02/06/2020 15:04:43
Message: La référence d'objet n'est pas définie à une instance d'un objet.
Category: Exception
Priority: 1
EventId: 1
Severity: Information
Title:
Machine: W10-BENJAMIN
Application Domain: e6c0ea40-8530-4ab8-8c07-cdcd9a1d8f02
Process Id: 12392
Process Name: C:\Program Files\Mastercam 2020\Mastercam\Mastercam.exe
Win32 Thread Id: 16920
Thread Name: 
Extended Properties: 
----------------------------------------
----------------------------------------
Timestamp: 03/06/2020 06:35:56
Message: La référence d'objet n'est pas définie à une instance d'un objet.
Category: Exception
Priority: 1
EventId: 1
Severity: Information
Title:
Machine: W10-BENJAMIN
Application Domain: d1f628c6-0f38-4657-830f-d920c3f702a8
Process Id: 2068
Process Name: C:\Program Files\Mastercam 2020\Mastercam\Mastercam.exe
Win32 Thread Id: 1960
Thread Name: 
Extended Properties: 
----------------------------------------
----------------------------------------
Timestamp: 03/06/2020 15:09:31
Message: La référence d'objet n'est pas définie à une instance d'un objet.
Category: Exception
Priority: 1
EventId: 1
Severity: Information
Title:
Machine: W10-BENJAMIN
Application Domain: 1eb1b668-0688-48dd-93b0-0ab70e945ddb
Process Id: 452
Process Name: C:\Program Files\Mastercam 2020\Mastercam\Mastercam.exe
Win32 Thread Id: 6104
Thread Name: 
Extended Properties: 
----------------------------------------
----------------------------------------
Timestamp: 03/06/2020 15:09:40
Message: La référence d'objet n'est pas définie à une instance d'un objet.
Category: Exception
Priority: 1
EventId: 1
Severity: Information
Title:
Machine: W10-BENJAMIN
Application Domain: 9ae9e709-f6f1-4803-ba6b-8cc29aeac046
Process Id: 5928
Process Name: C:\Program Files\Mastercam 2020\Mastercam\Mastercam.exe
Win32 Thread Id: 14960
Thread Name: 
Extended Properties: 
----------------------------------------
----------------------------------------
Timestamp: 04/06/2020 15:40:54
Message: La référence d'objet n'est pas définie à une instance d'un objet.
Category: Exception
Priority: 1
EventId: 1
Severity: Information
Title:
Machine: W10-BENJAMIN
Application Domain: 1f9f220b-5d26-422b-870a-04335c5c3b03
Process Id: 6716
Process Name: C:\Program Files\Mastercam 2020\Mastercam\Mastercam.exe
Win32 Thread Id: 15860
Thread Name: 
Extended Properties: 
----------------------------------------
----------------------------------------
Timestamp: 04/06/2020 15:40:57
Message: La référence d'objet n'est pas définie à une instance d'un objet.
Category: Exception
Priority: 1
EventId: 1
Severity: Information
Title:
Machine: W10-BENJAMIN
Application Domain: fe0bd99e-b482-4f70-b08f-c0ffdfb96ae4
Process Id: 6060
Process Name: C:\Program Files\Mastercam 2020\Mastercam\Mastercam.exe
Win32 Thread Id: 10672
Thread Name: 
Extended Properties: 
----------------------------------------
----------------------------------------
Timestamp: 04/06/2020 15:41:00
Message: La référence d'objet n'est pas définie à une instance d'un objet.
Category: Exception
Priority: 1
EventId: 1
Severity: Information
Title:
Machine: W10-BENJAMIN
Application Domain: f96d074e-673f-411d-8b23-aff3f1ea12e7
Process Id: 1672
Process Name: C:\Program Files\Mastercam 2020\Mastercam\Mastercam.exe
Win32 Thread Id: 3468
Thread Name: 
Extended Properties: 
----------------------------------------
----------------------------------------
Timestamp: 08/06/2020 07:31:25
Message: La référence d'objet n'est pas définie à une instance d'un objet.
Category: Exception
Priority: 1
EventId: 1
Severity: Information
Title:
Machine: W10-BENJAMIN
Application Domain: 83f3a5db-6238-419b-9162-a0b45dfd074a
Process Id: 4608
Process Name: C:\Program Files\Mastercam 2020\Mastercam\Mastercam.exe
Win32 Thread Id: 9316
Thread Name: 
Extended Properties: 
----------------------------------------
----------------------------------------
Timestamp: 10/06/2020 15:25:31
Message: La référence d'objet n'est pas définie à une instance d'un objet.
Category: Exception
Priority: 1
EventId: 1
Severity: Information
Title:
Machine: W10-BENJAMIN
Application Domain: 966140de-0296-4918-99a1-5df8d425b087
Process Id: 4824
Process Name: C:\Program Files\Mastercam 2020\Mastercam\Mastercam.exe
Win32 Thread Id: 14772
Thread Name: 
Extended Properties: 
----------------------------------------
----------------------------------------
Timestamp: 11/06/2020 15:24:07
Message: La référence d'objet n'est pas définie à une instance d'un objet.
Category: Exception
Priority: 1
EventId: 1
Severity: Information
Title:
Machine: W10-BENJAMIN
Application Domain: 80eb72cd-cdcd-46c5-ad55-e0d497db0fb6
Process Id: 11648
Process Name: C:\Program Files\Mastercam 2020\Mastercam\Mastercam.exe
Win32 Thread Id: 4780
Thread Name: 
Extended Properties: 
----------------------------------------
----------------------------------------
Timestamp: 12/06/2020 14:53:43
Message: La référence d'objet n'est pas définie à une instance d'un objet.
Category: Exception
Priority: 1
EventId: 1
Severity: Information
Title:
Machine: W10-BENJAMIN
Application Domain: 4f664901-6d20-4239-a7ab-6298e8daaa41
Process Id: 13220
Process Name: C:\Program Files\Mastercam 2020\Mastercam\Mastercam.exe
Win32 Thread Id: 5532
Thread Name: 
Extended Properties: 
----------------------------------------
----------------------------------------
Timestamp: 15/06/2020 13:00:02
Message: La référence d'objet n'est pas définie à une instance d'un objet.
Category: Exception
Priority: 1
EventId: 1
Severity: Information
Title:
Machine: W10-BENJAMIN
Application Domain: c73258de-961b-4245-b77c-d484bf36f4d9
Process Id: 10856
Process Name: C:\Program Files\Mastercam 2020\Mastercam\Mastercam.exe
Win32 Thread Id: 6872
Thread Name: 
Extended Properties: 
----------------------------------------
----------------------------------------
Timestamp: 16/06/2020 15:20:51
Message: La référence d'objet n'est pas définie à une instance d'un objet.
Category: Exception
Priority: 1
EventId: 1
Severity: Information
Title:
Machine: W10-BENJAMIN
Application Domain: 01c41aec-ae19-429d-8bd0-0a6a45e70b81
Process Id: 1732
Process Name: C:\Program Files\Mastercam 2020\Mastercam\Mastercam.exe
Win32 Thread Id: 7024
Thread Name: 
Extended Properties: 
----------------------------------------
----------------------------------------
Timestamp: 17/06/2020 10:02:36
Message: La référence d'objet n'est pas définie à une instance d'un objet.
Category: Exception
Priority: 1
EventId: 1
Severity: Information
Title:
Machine: W10-BENJAMIN
Application Domain: 0a36c6e7-1eeb-459d-8a88-f13eea8f5b69
Process Id: 16144
Process Name: C:\Program Files\Mastercam 2020\Mastercam\Mastercam.exe
Win32 Thread Id: 8372
Thread Name: 
Extended Properties: 
----------------------------------------
----------------------------------------
Timestamp: 17/06/2020 15:06:07
Message: La référence d'objet n'est pas définie à une instance d'un objet.
Category: Exception
Priority: 1
EventId: 1
Severity: Information
Title:
Machine: W10-BENJAMIN
Application Domain: 2b57bb50-3b26-4d22-83de-17e037957b3b
Process Id: 16628
Process Name: C:\Program Files\Mastercam 2020\Mastercam\Mastercam.exe
Win32 Thread Id: 5572
Thread Name: 
Extended Properties: 
----------------------------------------
----------------------------------------
Timestamp: 18/06/2020 12:55:29
Message: La référence d'objet n'est pas définie à une instance d'un objet.
Category: Exception
Priority: 1
EventId: 1
Severity: Information
Title:
Machine: W10-BENJAMIN
Application Domain: fe4003fd-e46a-4f76-a4f9-82eddbe7bc11
Process Id: 6560
Process Name: C:\Program Files\Mastercam 2020\Mastercam\Mastercam.exe
Win32 Thread Id: 12456
Thread Name: 
Extended Properties: 
----------------------------------------
----------------------------------------
Timestamp: 19/06/2020 14:53:40
Message: La référence d'objet n'est pas définie à une instance d'un objet.
Category: Exception
Priority: 1
EventId: 1
Severity: Information
Title:
Machine: W10-BENJAMIN
Application Domain: c31fed06-ae32-4ad1-a88a-725799663f3f
Process Id: 12880
Process Name: C:\Program Files\Mastercam 2020\Mastercam\Mastercam.exe
Win32 Thread Id: 7908
Thread Name: 
Extended Properties: 
----------------------------------------
----------------------------------------
Timestamp: 22/06/2020 14:43:04
Message: La référence d'objet n'est pas définie à une instance d'un objet.
Category: Exception
Priority: 1
EventId: 1
Severity: Information
Title:
Machine: W10-BENJAMIN
Application Domain: a2beed30-6458-45e6-ad72-3efe93959a6a
Process Id: 8932
Process Name: C:\Program Files\Mastercam 2020\Mastercam\Mastercam.exe
Win32 Thread Id: 16116
Thread Name: 
Extended Properties: 
----------------------------------------
----------------------------------------
Timestamp: 22/06/2020 15:21:21
Message: La référence d'objet n'est pas définie à une instance d'un objet.
Category: Exception
Priority: 1
EventId: 1
Severity: Information
Title:
Machine: W10-BENJAMIN
Application Domain: 4f97baa0-4fbd-400d-a400-308d933f4186
Process Id: 9536
Process Name: C:\Program Files\Mastercam 2020\Mastercam\Mastercam.exe
Win32 Thread Id: 13396
Thread Name: 
Extended Properties: 
----------------------------------------
----------------------------------------
Timestamp: 23/06/2020 15:08:17
Message: La référence d'objet n'est pas définie à une instance d'un objet.
Category: Exception
Priority: 1
EventId: 1
Severity: Information
Title:
Machine: W10-BENJAMIN
Application Domain: 1a123fc8-3c15-411e-b530-eaf2417e08e4
Process Id: 3712
Process Name: C:\Program Files\Mastercam 2020\Mastercam\Mastercam.exe
Win32 Thread Id: 11680
Thread Name: 
Extended Properties: 
----------------------------------------
----------------------------------------
Timestamp: 24/06/2020 15:28:04
Message: La référence d'objet n'est pas définie à une instance d'un objet.
Category: Exception
Priority: 1
EventId: 1
Severity: Information
Title:
Machine: W10-BENJAMIN
Application Domain: 4eed324f-3f03-434f-b195-60aeec64388a
Process Id: 15008
Process Name: C:\Program Files\Mastercam 2020\Mastercam\Mastercam.exe
Win32 Thread Id: 5032
Thread Name: 
Extended Properties: 
----------------------------------------
----------------------------------------
Timestamp: 26/06/2020 15:04:35
Message: La référence d'objet n'est pas définie à une instance d'un objet.
Category: Exception
Priority: 1
EventId: 1
Severity: Information
Title:
Machine: W10-BENJAMIN
Application Domain: f9bb3c52-44de-4e4c-801b-3dcbd8d1ca8e
Process Id: 3356
Process Name: C:\Program Files\Mastercam 2020\Mastercam\Mastercam.exe
Win32 Thread Id: 17136
Thread Name: 
Extended Properties: 
----------------------------------------
----------------------------------------
Timestamp: 29/06/2020 15:17:00
Message: La référence d'objet n'est pas définie à une instance d'un objet.
Category: Exception
Priority: 1
EventId: 1
Severity: Information
Title:
Machine: W10-BENJAMIN
Application Domain: d8e52e6d-f260-4167-8e33-80b4d9ced4b8
Process Id: 2080
Process Name: C:\Program Files\Mastercam 2020\Mastercam\Mastercam.exe
Win32 Thread Id: 12304
Thread Name: 
Extended Properties: 
----------------------------------------
----------------------------------------
Timestamp: 30/06/2020 15:37:26
Message: La référence d'objet n'est pas définie à une instance d'un objet.
Category: Exception
Priority: 1
EventId: 1
Severity: Information
Title:
Machine: W10-BENJAMIN
Application Domain: f7c88e41-a450-4f5d-a793-8a8010346249
Process Id: 10472
Process Name: C:\Program Files\Mastercam 2020\Mastercam\Mastercam.exe
Win32 Thread Id: 2816
Thread Name: 
Extended Properties: 
----------------------------------------
----------------------------------------
Timestamp: 02/07/2020 16:20:15
Message: La référence d'objet n'est pas définie à une instance d'un objet.
Category: Exception
Priority: 1
EventId: 1
Severity: Information
Title:
Machine: W10-BENJAMIN
Application Domain: 5da3f764-0955-4909-b466-9e2589e5cee1
Process Id: 2004
Process Name: C:\Program Files\Mastercam 2020\Mastercam\Mastercam.exe
Win32 Thread Id: 3688
Thread Name: 
Extended Properties: 
----------------------------------------
----------------------------------------
Timestamp: 03/07/2020 07:43:23
Message: La référence d'objet n'est pas définie à une instance d'un objet.
Category: Exception
Priority: 1
EventId: 1
Severity: Information
Title:
Machine: W10-BENJAMIN
Application Domain: 09afbe74-1e6c-49a6-ae88-889bc06868ea
Process Id: 3864
Process Name: C:\Program Files\Mastercam 2020\Mastercam\Mastercam.exe
Win32 Thread Id: 2736
Thread Name: 
Extended Properties: 
----------------------------------------
