Initialisation de l'exécution de l'utilitaire UpdatePost
Fin de l'exécution de l'utilitaire UpdatePost
Fichier d'entrée non crypté :
C:\Users\Public\Documents\Shared Mastercam 2022\mill\Posts\Mill2.SET
Chargement réussi des fichiers d'entrée.
Entrée d'information de version PP :
Post version is 2021 (23.).
Le type de post-processeur est Fraisage
Le fichier a été modifié par ce produit sur : 18 Sep 2020 10:49:35
Échec d'initialisation des variables PP prédéfinies, chaines et blocs.
Recherche des variables PP prédéfinies, chaines et blocs PP réussie.
Génération OK du PP depuis l'analyse.
Fichier de sortie non crypté :
C:\Users\Public\Documents\Shared Mastercam 2022\mill\Posts\Mill2.SET
Génération réussie des fichiers de sortie.
Sortie d'information de version PP :
Version PP 2022 (24.).
Le fichier a été modifié par ce produit sur : 25 Mar 2022 17:21:45
***** Passage au fichier suivant *****
Fichier d'entrée non crypté :
C:\Users\Public\Documents\Shared Mastercam 2022\mill\Posts\MILL.SET
Chargement réussi des fichiers d'entrée.
Entrée d'information de version PP :
Post version is 2021 (23.).
Le type de post-processeur est Fraisage
Le fichier a été modifié par ce produit sur : 18 Sep 2020 10:49:35
Échec d'initialisation des variables PP prédéfinies, chaines et blocs.
Recherche des variables PP prédéfinies, chaines et blocs PP réussie.
Génération OK du PP depuis l'analyse.
Fichier de sortie non crypté :
C:\Users\Public\Documents\Shared Mastercam 2022\mill\Posts\MILL.SET
Génération réussie des fichiers de sortie.
Sortie d'information de version PP :
Version PP 2022 (24.).
Le fichier a été modifié par ce produit sur : 25 Mar 2022 17:21:45
***** Passage au fichier suivant *****
Fichier d'entrée non crypté :
C:\Users\Public\Documents\Shared Mastercam 2022\mill\Posts\ROSILIO.PST
Chargement réussi des fichiers d'entrée.
Entrée d'information de version PP :
Post version is 2021 (23.).
Le type de post-processeur est Fraisage
Le fichier a été modifié par ce produit sur : 18 Sep 2020 10:49:35
Échec d'initialisation des variables PP prédéfinies, chaines et blocs.
Recherche des variables PP prédéfinies, chaines et blocs PP réussie.
Génération OK du PP depuis l'analyse.
Fichier de sortie non crypté :
C:\Users\Public\Documents\Shared Mastercam 2022\mill\Posts\ROSILIO.PST
Génération réussie des fichiers de sortie.
Sortie d'information de version PP :
Version PP 2022 (24.).
Le fichier a été modifié par ce produit sur : 25 Mar 2022 17:21:45
***** Passage au fichier suivant *****
Fichier d'entrée non crypté :
C:\Users\Public\Documents\Shared Mastercam 2022\mill\Posts\ROSILIO-1060.PST
Chargement réussi des fichiers d'entrée.
Entrée d'information de version PP :
Post version is 2021 (23.).
Le type de post-processeur est Fraisage
Le fichier a été modifié par ce produit sur : 18 Sep 2020 10:49:35
Échec d'initialisation des variables PP prédéfinies, chaines et blocs.
Recherche des variables PP prédéfinies, chaines et blocs PP réussie.
Génération OK du PP depuis l'analyse.
Fichier de sortie non crypté :
C:\Users\Public\Documents\Shared Mastercam 2022\mill\Posts\ROSILIO-1060.PST
Génération réussie des fichiers de sortie.
Sortie d'information de version PP :
Version PP 2022 (24.).
Le fichier a été modifié par ce produit sur : 25 Mar 2022 17:21:46
***** Passage au fichier suivant *****
Fichier d'entrée non crypté :
C:\Users\Public\Documents\Shared Mastercam 2022\mill\Posts\ROBOT DRILL T14.PST
Chargement réussi des fichiers d'entrée.
Entrée d'information de version PP :
Post version is 2021 (23.).
Le type de post-processeur est Fraisage
Le fichier a été modifié par ce produit sur : 18 Sep 2020 10:49:35
Échec d'initialisation des variables PP prédéfinies, chaines et blocs.
Recherche des variables PP prédéfinies, chaines et blocs PP réussie.
Génération OK du PP depuis l'analyse.
Fichier de sortie non crypté :
C:\Users\Public\Documents\Shared Mastercam 2022\mill\Posts\ROBOT DRILL T14.PST
Génération réussie des fichiers de sortie.
Sortie d'information de version PP :
Version PP 2022 (24.).
Le fichier a été modifié par ce produit sur : 25 Mar 2022 17:21:46
***** Passage au fichier suivant *****
Fichier d'entrée non crypté :
C:\Users\Public\Documents\Shared Mastercam 2022\mill\Posts\MPFAN.pst
Chargement réussi des fichiers d'entrée.
Entrée d'information de version PP :
Post version is 2021 (23.).
Le type de post-processeur est Fraisage
Le fichier a été modifié par ce produit sur : 18 Sep 2020 10:49:36
Échec d'initialisation des variables PP prédéfinies, chaines et blocs.
Recherche des variables PP prédéfinies, chaines et blocs PP réussie.
Génération OK du PP depuis l'analyse.
Fichier de sortie non crypté :
C:\Users\Public\Documents\Shared Mastercam 2022\mill\Posts\MPFAN.pst
Génération réussie des fichiers de sortie.
Sortie d'information de version PP :
Version PP 2022 (24.).
Le fichier a été modifié par ce produit sur : 25 Mar 2022 17:21:46
***** Passage au fichier suivant *****
Fichier d'entrée non crypté :
C:\Users\Public\Documents\Shared Mastercam 2022\mill\Posts\MPFAN-3.pst
Chargement réussi des fichiers d'entrée.
Entrée d'information de version PP :
Post version is 2021 (23.).
Le type de post-processeur est Fraisage
Le fichier a été modifié par ce produit sur : 18 Sep 2020 10:49:36
Échec d'initialisation des variables PP prédéfinies, chaines et blocs.
Recherche des variables PP prédéfinies, chaines et blocs PP réussie.
Génération OK du PP depuis l'analyse.
Fichier de sortie non crypté :
C:\Users\Public\Documents\Shared Mastercam 2022\mill\Posts\MPFAN-3.pst
Génération réussie des fichiers de sortie.
Sortie d'information de version PP :
Version PP 2022 (24.).
Le fichier a été modifié par ce produit sur : 25 Mar 2022 17:21:47
***** Passage au fichier suivant *****
Fichier d'entrée non crypté :
C:\Users\Public\Documents\Shared Mastercam 2022\mill\Posts\MPFAN-2.pst
Chargement réussi des fichiers d'entrée.
Entrée d'information de version PP :
Post version is 2021 (23.).
Le type de post-processeur est Fraisage
Le fichier a été modifié par ce produit sur : 18 Sep 2020 10:49:36
Échec d'initialisation des variables PP prédéfinies, chaines et blocs.
Recherche des variables PP prédéfinies, chaines et blocs PP réussie.
Génération OK du PP depuis l'analyse.
Fichier de sortie non crypté :
C:\Users\Public\Documents\Shared Mastercam 2022\mill\Posts\MPFAN-2.pst
Génération réussie des fichiers de sortie.
Sortie d'information de version PP :
Version PP 2022 (24.).
Le fichier a été modifié par ce produit sur : 25 Mar 2022 17:21:47
***** Passage au fichier suivant *****
Fichier d'entrée non crypté :
C:\Users\Public\Documents\Shared Mastercam 2022\mill\Posts\Mori seiki.PST
Chargement réussi des fichiers d'entrée.
Entrée d'information de version PP :
Post version is 2021 (23.).
Le type de post-processeur est Fraisage
Le fichier a été modifié par ce produit sur : 18 Sep 2020 10:49:36
Échec d'initialisation des variables PP prédéfinies, chaines et blocs.
Recherche des variables PP prédéfinies, chaines et blocs PP réussie.
Génération OK du PP depuis l'analyse.
Fichier de sortie non crypté :
C:\Users\Public\Documents\Shared Mastercam 2022\mill\Posts\Mori seiki.PST
Génération réussie des fichiers de sortie.
Sortie d'information de version PP :
Version PP 2022 (24.).
Le fichier a été modifié par ce produit sur : 25 Mar 2022 17:21:47
***** Passage au fichier suivant *****
Fichier d'entrée non crypté :
C:\Users\Public\Documents\Shared Mastercam 2022\mill\Posts\maho.pst
Chargement réussi des fichiers d'entrée.
Entrée d'information de version PP :
Post version is 2021 (23.).
Le type de post-processeur est Fraisage
Le fichier a été modifié par ce produit sur : 18 Sep 2020 10:49:36
Échec d'initialisation des variables PP prédéfinies, chaines et blocs.
Recherche des variables PP prédéfinies, chaines et blocs PP réussie.
Génération OK du PP depuis l'analyse.
Fichier de sortie non crypté :
C:\Users\Public\Documents\Shared Mastercam 2022\mill\Posts\maho.pst
Génération réussie des fichiers de sortie.
Sortie d'information de version PP :
Version PP 2022 (24.).
Le fichier a été modifié par ce produit sur : 25 Mar 2022 17:21:47
***** Passage au fichier suivant *****
Fichier d'entrée non crypté :
C:\Users\Public\Documents\Shared Mastercam 2022\mill\Posts\Generic Haas VF-TR_Series 5X Mill.pst
Fichier d'entrée crypté :
C:\Users\Public\Documents\Shared Mastercam 2022\mill\Posts\Generic Haas VF-TR_Series 5X Mill.psb
Chargement réussi des fichiers d'entrée.
Entrée d'information de version PP :
Post version is 2021 (23.).
Encrypted post version is 2021 (23.).
Le type de post-processeur est Fraisage
Le fichier a été modifié par ce produit sur : 18 Sep 2020 10:49:36
Échec d'initialisation des variables PP prédéfinies, chaines et blocs.
Recherche des variables PP prédéfinies, chaines et blocs PP réussie.
Génération OK du PP depuis l'analyse.
Fichier de sortie non crypté :
C:\Users\Public\Documents\Shared Mastercam 2022\mill\Posts\Generic Haas VF-TR_Series 5X Mill.pst
Fichier de sortie crypté :
C:\Users\Public\Documents\Shared Mastercam 2022\mill\Posts\Generic Haas VF-TR_Series 5X Mill.psb
Génération réussie des fichiers de sortie.
Sortie d'information de version PP :
Version PP 2022 (24.).
Le fichier a été modifié par ce produit sur : 25 Mar 2022 17:21:47
***** Passage au fichier suivant *****
Fichier d'entrée non crypté :
C:\Users\Public\Documents\Shared Mastercam 2022\mill\Posts\Generic Haas 4X Mill.pst
Chargement réussi des fichiers d'entrée.
Entrée d'information de version PP :
Post version is 2021 (23.).
Le type de post-processeur est Fraisage
Le fichier a été modifié par ce produit sur : 18 Sep 2020 10:49:37
Échec d'initialisation des variables PP prédéfinies, chaines et blocs.
Recherche des variables PP prédéfinies, chaines et blocs PP réussie.
Génération OK du PP depuis l'analyse.
Fichier de sortie non crypté :
C:\Users\Public\Documents\Shared Mastercam 2022\mill\Posts\Generic Haas 4X Mill.pst
Génération réussie des fichiers de sortie.
Sortie d'information de version PP :
Version PP 2022 (24.).
Le fichier a été modifié par ce produit sur : 25 Mar 2022 17:21:48
***** Passage au fichier suivant *****
Fichier d'entrée non crypté :
C:\Users\Public\Documents\Shared Mastercam 2022\mill\Posts\Generic Haas 3X Mill.pst
Chargement réussi des fichiers d'entrée.
Entrée d'information de version PP :
Post version is 2021 (23.).
Le type de post-processeur est Fraisage
Le fichier a été modifié par ce produit sur : 18 Sep 2020 10:49:37
Échec d'initialisation des variables PP prédéfinies, chaines et blocs.
Recherche des variables PP prédéfinies, chaines et blocs PP réussie.
Génération OK du PP depuis l'analyse.
Fichier de sortie non crypté :
C:\Users\Public\Documents\Shared Mastercam 2022\mill\Posts\Generic Haas 3X Mill.pst
Génération réussie des fichiers de sortie.
Sortie d'information de version PP :
Version PP 2022 (24.).
Le fichier a été modifié par ce produit sur : 25 Mar 2022 17:21:48
***** Passage au fichier suivant *****
Fichier d'entrée non crypté :
C:\Users\Public\Documents\Shared Mastercam 2022\mill\Posts\Generic Fanuc 5X Mill.pst
Fichier d'entrée crypté :
C:\Users\Public\Documents\Shared Mastercam 2022\mill\Posts\Generic Fanuc 5X Mill.psb
Chargement réussi des fichiers d'entrée.
Entrée d'information de version PP :
Post version is 2021 (23.).
Encrypted post version is 2021 (23.).
Le type de post-processeur est Fraisage
Le fichier a été modifié par ce produit sur : 18 Sep 2020 10:49:37
Échec d'initialisation des variables PP prédéfinies, chaines et blocs.
Recherche des variables PP prédéfinies, chaines et blocs PP réussie.
Génération OK du PP depuis l'analyse.
Fichier de sortie non crypté :
C:\Users\Public\Documents\Shared Mastercam 2022\mill\Posts\Generic Fanuc 5X Mill.pst
Fichier de sortie crypté :
C:\Users\Public\Documents\Shared Mastercam 2022\mill\Posts\Generic Fanuc 5X Mill.psb
Génération réussie des fichiers de sortie.
Sortie d'information de version PP :
Version PP 2022 (24.).
Le fichier a été modifié par ce produit sur : 25 Mar 2022 17:21:48
***** Passage au fichier suivant *****
Fichier d'entrée non crypté :
C:\Users\Public\Documents\Shared Mastercam 2022\mill\Posts\Generic Fanuc 4X Mill.pst
Chargement réussi des fichiers d'entrée.
Entrée d'information de version PP :
Post version is 2021 (23.).
Le type de post-processeur est Fraisage
Le fichier a été modifié par ce produit sur : 18 Sep 2020 10:49:37
Échec d'initialisation des variables PP prédéfinies, chaines et blocs.
Recherche des variables PP prédéfinies, chaines et blocs PP réussie.
Génération OK du PP depuis l'analyse.
Fichier de sortie non crypté :
C:\Users\Public\Documents\Shared Mastercam 2022\mill\Posts\Generic Fanuc 4X Mill.pst
Génération réussie des fichiers de sortie.
Sortie d'information de version PP :
Version PP 2022 (24.).
Le fichier a été modifié par ce produit sur : 25 Mar 2022 17:21:49
***** Passage au fichier suivant *****
Fichier d'entrée non crypté :
C:\Users\Public\Documents\Shared Mastercam 2022\mill\Posts\Generic Fanuc 3X Mill.pst
Chargement réussi des fichiers d'entrée.
Entrée d'information de version PP :
Post version is 2021 (23.).
Le type de post-processeur est Fraisage
Le fichier a été modifié par ce produit sur : 18 Sep 2020 10:49:37
Échec d'initialisation des variables PP prédéfinies, chaines et blocs.
Recherche des variables PP prédéfinies, chaines et blocs PP réussie.
Génération OK du PP depuis l'analyse.
Fichier de sortie non crypté :
C:\Users\Public\Documents\Shared Mastercam 2022\mill\Posts\Generic Fanuc 3X Mill.pst
Génération réussie des fichiers de sortie.
Sortie d'information de version PP :
Version PP 2022 (24.).
Le fichier a été modifié par ce produit sur : 25 Mar 2022 17:21:49
***** Passage au fichier suivant *****
Fichier d'entrée non crypté :
C:\Users\Public\Documents\Shared Mastercam 2022\mill\Posts\Generic Fadal Format_2 4X Mill.pst
Chargement réussi des fichiers d'entrée.
Entrée d'information de version PP :
Post version is 2021 (23.).
Le type de post-processeur est Fraisage
Le fichier a été modifié par ce produit sur : 18 Sep 2020 10:49:38
Échec d'initialisation des variables PP prédéfinies, chaines et blocs.
Recherche des variables PP prédéfinies, chaines et blocs PP réussie.
Génération OK du PP depuis l'analyse.
Fichier de sortie non crypté :
C:\Users\Public\Documents\Shared Mastercam 2022\mill\Posts\Generic Fadal Format_2 4X Mill.pst
Génération réussie des fichiers de sortie.
Sortie d'information de version PP :
Version PP 2022 (24.).
Le fichier a été modifié par ce produit sur : 25 Mar 2022 17:21:49
***** Passage au fichier suivant *****
Fichier d'entrée non crypté :
C:\Users\Public\Documents\Shared Mastercam 2022\mill\Posts\Generic Fadal Format_1 4X Mill.pst
Chargement réussi des fichiers d'entrée.
Entrée d'information de version PP :
Post version is 2021 (23.).
Le type de post-processeur est Fraisage
Le fichier a été modifié par ce produit sur : 18 Sep 2020 10:49:38
Échec d'initialisation des variables PP prédéfinies, chaines et blocs.
Recherche des variables PP prédéfinies, chaines et blocs PP réussie.
Génération OK du PP depuis l'analyse.
Fichier de sortie non crypté :
C:\Users\Public\Documents\Shared Mastercam 2022\mill\Posts\Generic Fadal Format_1 4X Mill.pst
Génération réussie des fichiers de sortie.
Sortie d'information de version PP :
Version PP 2022 (24.).
Le fichier a été modifié par ce produit sur : 25 Mar 2022 17:21:49
***** Passage au fichier suivant *****
Fichier d'entrée non crypté :
C:\Users\Public\Documents\Shared Mastercam 2022\mill\Posts\Dynapath System_10_20_Conversational 4X Mill.pst
Chargement réussi des fichiers d'entrée.
Entrée d'information de version PP :
Post version is 2021 (23.).
Le type de post-processeur est Fraisage
Le fichier a été modifié par ce produit sur : 18 Sep 2020 10:49:38
Échec d'initialisation des variables PP prédéfinies, chaines et blocs.
Recherche des variables PP prédéfinies, chaines et blocs PP réussie.
Génération OK du PP depuis l'analyse.
Fichier de sortie non crypté :
C:\Users\Public\Documents\Shared Mastercam 2022\mill\Posts\Dynapath System_10_20_Conversational 4X Mill.pst
Génération réussie des fichiers de sortie.
Sortie d'information de version PP :
Version PP 2022 (24.).
Le fichier a été modifié par ce produit sur : 25 Mar 2022 17:21:49
***** Passage au fichier suivant *****
Fichier d'entrée non crypté :
C:\Users\Public\Documents\Shared Mastercam 2022\mill\Posts\DMU50EVO.PST
Chargement réussi des fichiers d'entrée.
Entrée d'information de version PP :
Post version is 2021 (23.).
Le type de post-processeur est Fraisage
Le fichier a été modifié par ce produit sur : 18 Sep 2020 10:49:38
Échec d'initialisation des variables PP prédéfinies, chaines et blocs.
Recherche des variables PP prédéfinies, chaines et blocs PP réussie.
Génération OK du PP depuis l'analyse.
Fichier de sortie non crypté :
C:\Users\Public\Documents\Shared Mastercam 2022\mill\Posts\DMU50EVO.PST
Génération réussie des fichiers de sortie.
Sortie d'information de version PP :
Version PP 2022 (24.).
Le fichier a été modifié par ce produit sur : 25 Mar 2022 17:21:49
***** Passage au fichier suivant *****
Fichier d'entrée non crypté :
C:\Users\Public\Documents\Shared Mastercam 2022\lathe\Posts\DMU50EVO.PST
Chargement réussi des fichiers d'entrée.
Entrée d'information de version PP :
Post version is 2021 (23.).
Le type de post-processeur est Fraisage
Le fichier a été modifié par ce produit sur : 18 Sep 2020 10:49:38
Échec d'initialisation des variables PP prédéfinies, chaines et blocs.
Recherche des variables PP prédéfinies, chaines et blocs PP réussie.
Génération OK du PP depuis l'analyse.
Fichier de sortie non crypté :
C:\Users\Public\Documents\Shared Mastercam 2022\lathe\Posts\DMU50EVO.PST
Génération réussie des fichiers de sortie.
Sortie d'information de version PP :
Version PP 2022 (24.).
Le fichier a été modifié par ce produit sur : 25 Mar 2022 17:21:50
***** Passage au fichier suivant *****
Fichier d'entrée non crypté :
C:\Users\Public\Documents\Shared Mastercam 2022\router\POSTS\ROUTER2.SET
Chargement réussi des fichiers d'entrée.
Entrée d'information de version PP :
Post version is 2021 (23.).
Le type de post-processeur est Router
Le fichier a été modifié par ce produit sur : 18 Sep 2020 10:49:38
Échec d'initialisation des variables PP prédéfinies, chaines et blocs.
Recherche des variables PP prédéfinies, chaines et blocs PP réussie.
Génération OK du PP depuis l'analyse.
Fichier de sortie non crypté :
C:\Users\Public\Documents\Shared Mastercam 2022\router\POSTS\ROUTER2.SET
Génération réussie des fichiers de sortie.
Sortie d'information de version PP :
Version PP 2022 (24.).
Le fichier a été modifié par ce produit sur : 25 Mar 2022 17:21:50
***** Passage au fichier suivant *****
Fichier d'entrée non crypté :
C:\Users\Public\Documents\Shared Mastercam 2022\router\POSTS\Router.SET
Chargement réussi des fichiers d'entrée.
Entrée d'information de version PP :
Post version is 2021 (23.).
Le type de post-processeur est Router
Le fichier a été modifié par ce produit sur : 18 Sep 2020 10:49:39
Échec d'initialisation des variables PP prédéfinies, chaines et blocs.
Recherche des variables PP prédéfinies, chaines et blocs PP réussie.
Génération OK du PP depuis l'analyse.
Fichier de sortie non crypté :
C:\Users\Public\Documents\Shared Mastercam 2022\router\POSTS\Router.SET
Génération réussie des fichiers de sortie.
Sortie d'information de version PP :
Version PP 2022 (24.).
Le fichier a été modifié par ce produit sur : 25 Mar 2022 17:21:50
***** Passage au fichier suivant *****
Fichier d'entrée non crypté :
C:\Users\Public\Documents\Shared Mastercam 2022\router\POSTS\MPROUTER.pst
Chargement réussi des fichiers d'entrée.
Entrée d'information de version PP :
Post version is 2021 (23.).
Le type de post-processeur est Router
Le fichier a été modifié par ce produit sur : 18 Sep 2020 10:49:39
Échec d'initialisation des variables PP prédéfinies, chaines et blocs.
Recherche des variables PP prédéfinies, chaines et blocs PP réussie.
Génération OK du PP depuis l'analyse.
Fichier de sortie non crypté :
C:\Users\Public\Documents\Shared Mastercam 2022\router\POSTS\MPROUTER.pst
Génération réussie des fichiers de sortie.
Sortie d'information de version PP :
Version PP 2022 (24.).
Le fichier a été modifié par ce produit sur : 25 Mar 2022 17:21:50
***** Passage au fichier suivant *****
Fichier d'entrée non crypté :
C:\Users\Public\Documents\Shared Mastercam 2022\lathe\Posts\LATHE2.SET
Chargement réussi des fichiers d'entrée.
Entrée d'information de version PP :
Post version is 2021 (23.).
Le type de post-processeur est Tournage
Le fichier a été modifié par ce produit sur : 18 Sep 2020 10:49:39
Échec d'initialisation des variables PP prédéfinies, chaines et blocs.
Recherche des variables PP prédéfinies, chaines et blocs PP réussie.
Génération OK du PP depuis l'analyse.
Fichier de sortie non crypté :
C:\Users\Public\Documents\Shared Mastercam 2022\lathe\Posts\LATHE2.SET
Génération réussie des fichiers de sortie.
Sortie d'information de version PP :
Version PP 2022 (24.).
Le fichier a été modifié par ce produit sur : 25 Mar 2022 17:21:50
***** Passage au fichier suivant *****
Fichier d'entrée non crypté :
C:\Users\Public\Documents\Shared Mastercam 2022\lathe\Posts\Generic Haas TL 2X Lathe.pst
Chargement réussi des fichiers d'entrée.
Entrée d'information de version PP :
Post version is 2021 (23.).
Le type de post-processeur est Tournage
Le fichier a été modifié par ce produit sur : 18 Sep 2020 10:49:39
Échec d'initialisation des variables PP prédéfinies, chaines et blocs.
Recherche des variables PP prédéfinies, chaines et blocs PP réussie.
Génération OK du PP depuis l'analyse.
Fichier de sortie non crypté :
C:\Users\Public\Documents\Shared Mastercam 2022\lathe\Posts\Generic Haas TL 2X Lathe.pst
Génération réussie des fichiers de sortie.
Sortie d'information de version PP :
Version PP 2022 (24.).
Le fichier a été modifié par ce produit sur : 25 Mar 2022 17:21:50
***** Passage au fichier suivant *****
Fichier d'entrée non crypté :
C:\Users\Public\Documents\Shared Mastercam 2022\lathe\Posts\Generic Fanuc 2X Lathe.pst
Chargement réussi des fichiers d'entrée.
Entrée d'information de version PP :
Post version is 2021 (23.).
Le type de post-processeur est Tournage
Le fichier a été modifié par ce produit sur : 18 Sep 2020 10:49:39
Échec d'initialisation des variables PP prédéfinies, chaines et blocs.
Recherche des variables PP prédéfinies, chaines et blocs PP réussie.
Génération OK du PP depuis l'analyse.
Fichier de sortie non crypté :
C:\Users\Public\Documents\Shared Mastercam 2022\lathe\Posts\Generic Fanuc 2X Lathe.pst
Génération réussie des fichiers de sortie.
Sortie d'information de version PP :
Version PP 2022 (24.).
Le fichier a été modifié par ce produit sur : 25 Mar 2022 17:21:51
***** Passage au fichier suivant *****
Fichier d'entrée non crypté :
C:\Users\Public\Documents\Shared Mastercam 2022\wire\Posts\WIRE.SET
Chargement réussi des fichiers d'entrée.
Entrée d'information de version PP :
Post version is 2021 (23.).
Le type de post-processeur est FIL
Le fichier a été modifié par ce produit sur : 18 Sep 2020 10:49:39
Échec d'initialisation des variables PP prédéfinies, chaines et blocs.
Recherche des variables PP prédéfinies, chaines et blocs PP réussie.
Génération OK du PP depuis l'analyse.
Fichier de sortie non crypté :
C:\Users\Public\Documents\Shared Mastercam 2022\wire\Posts\WIRE.SET
Génération réussie des fichiers de sortie.
Sortie d'information de version PP :
Version PP 2022 (24.).
Le fichier a été modifié par ce produit sur : 25 Mar 2022 17:21:51
***** Passage au fichier suivant *****
Fichier d'entrée non crypté :
C:\Users\Public\Documents\Shared Mastercam 2022\wire\Posts\MPWFANUC.pst
Chargement réussi des fichiers d'entrée.
Entrée d'information de version PP :
Post version is 2021 (23.).
Le type de post-processeur est FIL
Le fichier a été modifié par ce produit sur : 18 Sep 2020 10:49:39
Échec d'initialisation des variables PP prédéfinies, chaines et blocs.
Recherche des variables PP prédéfinies, chaines et blocs PP réussie.
Génération OK du PP depuis l'analyse.
Fichier de sortie non crypté :
C:\Users\Public\Documents\Shared Mastercam 2022\wire\Posts\MPWFANUC.pst
Génération réussie des fichiers de sortie.
Sortie d'information de version PP :
Version PP 2022 (24.).
Le fichier a été modifié par ce produit sur : 25 Mar 2022 17:21:51
***** Passage au fichier suivant *****
Fichier d'entrée non crypté :
C:\Users\Public\Documents\Shared Mastercam 2022\lathe\Posts\LATHE.SET
Chargement réussi des fichiers d'entrée.
Entrée d'information de version PP :
Post version is 2021 (23.).
Le type de post-processeur est Fraisage-Tournage
Le fichier a été modifié par ce produit sur : 18 Sep 2020 10:49:39
Échec d'initialisation des variables PP prédéfinies, chaines et blocs.
Recherche des variables PP prédéfinies, chaines et blocs PP réussie.
Génération OK du PP depuis l'analyse.
Fichier de sortie non crypté :
C:\Users\Public\Documents\Shared Mastercam 2022\lathe\Posts\LATHE.SET
Génération réussie des fichiers de sortie.
Sortie d'information de version PP :
Version PP 2022 (24.).
Le fichier a été modifié par ce produit sur : 25 Mar 2022 17:21:51
***** Passage au fichier suivant *****
Fichier d'entrée non crypté :
C:\Users\Public\Documents\Shared Mastercam 2022\lathe\Posts\SL25.PST
Chargement réussi des fichiers d'entrée.
Entrée d'information de version PP :
Post version is 2021 (23.).
Le type de post-processeur est Fraisage-Tournage
Le fichier a été modifié par ce produit sur : 18 Sep 2020 10:49:39
Échec d'initialisation des variables PP prédéfinies, chaines et blocs.
Recherche des variables PP prédéfinies, chaines et blocs PP réussie.
Génération OK du PP depuis l'analyse.
Fichier de sortie non crypté :
C:\Users\Public\Documents\Shared Mastercam 2022\lathe\Posts\SL25.PST
Génération réussie des fichiers de sortie.
Sortie d'information de version PP :
Version PP 2022 (24.).
Le fichier a été modifié par ce produit sur : 25 Mar 2022 17:21:51
***** Passage au fichier suivant *****
Fichier d'entrée non crypté :
C:\Users\Public\Documents\Shared Mastercam 2022\lathe\Posts\MPLFAN.pst
Chargement réussi des fichiers d'entrée.
Entrée d'information de version PP :
Post version is 2021 (23.).
Le type de post-processeur est Fraisage-Tournage
Le fichier a été modifié par ce produit sur : 18 Sep 2020 10:49:39
Échec d'initialisation des variables PP prédéfinies, chaines et blocs.
Recherche des variables PP prédéfinies, chaines et blocs PP réussie.
Génération OK du PP depuis l'analyse.
Fichier de sortie non crypté :
C:\Users\Public\Documents\Shared Mastercam 2022\lathe\Posts\MPLFAN.pst
Génération réussie des fichiers de sortie.
Sortie d'information de version PP :
Version PP 2022 (24.).
Le fichier a été modifié par ce produit sur : 25 Mar 2022 17:21:51
***** Passage au fichier suivant *****
Fichier d'entrée non crypté :
C:\Users\Public\Documents\Shared Mastercam 2022\lathe\Posts\MORI_SEIKI NT_SERIES 5X MT_LATHE.pst
Fichier d'entrée crypté :
C:\Users\Public\Documents\Shared Mastercam 2022\lathe\Posts\MORI_SEIKI NT_SERIES 5X MT_LATHE.psb
Chargement réussi des fichiers d'entrée.
Entrée d'information de version PP :
Post version is 2021 (23.).
Encrypted post version is 2021 (23.).
Le type de post-processeur est Fraisage-Tournage
Le fichier a été modifié par ce produit sur : 18 Sep 2020 10:49:40
Échec d'initialisation des variables PP prédéfinies, chaines et blocs.
Recherche des variables PP prédéfinies, chaines et blocs PP réussie.
Génération OK du PP depuis l'analyse.
Fichier de sortie non crypté :
C:\Users\Public\Documents\Shared Mastercam 2022\lathe\Posts\MORI_SEIKI NT_SERIES 5X MT_LATHE.pst
Fichier de sortie crypté :
C:\Users\Public\Documents\Shared Mastercam 2022\lathe\Posts\MORI_SEIKI NT_SERIES 5X MT_LATHE.psb
Génération réussie des fichiers de sortie.
Sortie d'information de version PP :
Version PP 2022 (24.).
Le fichier a été modifié par ce produit sur : 25 Mar 2022 17:21:52
***** Passage au fichier suivant *****
Fichier d'entrée non crypté :
C:\Users\Public\Documents\Shared Mastercam 2022\lathe\Posts\LB200M.pst
Chargement réussi des fichiers d'entrée.
Entrée d'information de version PP :
Post version is 2021 (23.).
Le type de post-processeur est Fraisage-Tournage
Le fichier a été modifié par ce produit sur : 18 Sep 2020 10:49:40
Échec d'initialisation des variables PP prédéfinies, chaines et blocs.
Recherche des variables PP prédéfinies, chaines et blocs PP réussie.
Génération OK du PP depuis l'analyse.
Fichier de sortie non crypté :
C:\Users\Public\Documents\Shared Mastercam 2022\lathe\Posts\LB200M.pst
Génération réussie des fichiers de sortie.
Sortie d'information de version PP :
Version PP 2022 (24.).
Le fichier a été modifié par ce produit sur : 25 Mar 2022 17:21:52
***** Passage au fichier suivant *****
Fichier d'entrée non crypté :
C:\Users\Public\Documents\Shared Mastercam 2022\lathe\Posts\Generic Haas SL 4X MT_Lathe.pst
Chargement réussi des fichiers d'entrée.
Entrée d'information de version PP :
Post version is 2021 (23.).
Le type de post-processeur est Fraisage-Tournage
Le fichier a été modifié par ce produit sur : 18 Sep 2020 10:49:40
Échec d'initialisation des variables PP prédéfinies, chaines et blocs.
Recherche des variables PP prédéfinies, chaines et blocs PP réussie.
Génération OK du PP depuis l'analyse.
Fichier de sortie non crypté :
C:\Users\Public\Documents\Shared Mastercam 2022\lathe\Posts\Generic Haas SL 4X MT_Lathe.pst
Génération réussie des fichiers de sortie.
Sortie d'information de version PP :
Version PP 2022 (24.).
Le fichier a été modifié par ce produit sur : 25 Mar 2022 17:21:52
***** Passage au fichier suivant *****
Fichier d'entrée non crypté :
C:\Users\Public\Documents\Shared Mastercam 2022\lathe\Posts\Generic Fanuc 4X MT_Lathe.pst
Chargement réussi des fichiers d'entrée.
Entrée d'information de version PP :
Post version is 2021 (23.).
Le type de post-processeur est Fraisage-Tournage
Le fichier a été modifié par ce produit sur : 18 Sep 2020 10:49:40
Échec d'initialisation des variables PP prédéfinies, chaines et blocs.
Recherche des variables PP prédéfinies, chaines et blocs PP réussie.
Génération OK du PP depuis l'analyse.
Fichier de sortie non crypté :
C:\Users\Public\Documents\Shared Mastercam 2022\lathe\Posts\Generic Fanuc 4X MT_Lathe.pst
Génération réussie des fichiers de sortie.
Sortie d'information de version PP :
Version PP 2022 (24.).
Le fichier a été modifié par ce produit sur : 25 Mar 2022 17:21:52
***** Passage au fichier suivant *****
Fichier d'entrée non crypté :
C:\Users\Public\Documents\Shared Mastercam 2022\lathe\Posts\CTX.PST
Chargement réussi des fichiers d'entrée.
Entrée d'information de version PP :
Post version is 2021 (23.).
Le type de post-processeur est Fraisage-Tournage
Le fichier a été modifié par ce produit sur : 18 Sep 2020 10:49:41
Échec d'initialisation des variables PP prédéfinies, chaines et blocs.
Recherche des variables PP prédéfinies, chaines et blocs PP réussie.
Génération OK du PP depuis l'analyse.
Fichier de sortie non crypté :
C:\Users\Public\Documents\Shared Mastercam 2022\lathe\Posts\CTX.PST
Génération réussie des fichiers de sortie.
Sortie d'information de version PP :
Version PP 2022 (24.).
Le fichier a été modifié par ce produit sur : 25 Mar 2022 17:21:53
***** Passage au fichier suivant *****
Fichier d'entrée non crypté :
C:\Users\Public\Documents\Shared Mastercam 2022\lathe\Posts\CMZ -Y.PST
Chargement réussi des fichiers d'entrée.
Entrée d'information de version PP :
Post version is 2021 (23.).
Le type de post-processeur est Fraisage-Tournage
Le fichier a été modifié par ce produit sur : 18 Sep 2020 10:49:41
Échec d'initialisation des variables PP prédéfinies, chaines et blocs.
Recherche des variables PP prédéfinies, chaines et blocs PP réussie.
Génération OK du PP depuis l'analyse.
Fichier de sortie non crypté :
C:\Users\Public\Documents\Shared Mastercam 2022\lathe\Posts\CMZ -Y.PST
Génération réussie des fichiers de sortie.
Sortie d'information de version PP :
Version PP 2022 (24.).
Le fichier a été modifié par ce produit sur : 25 Mar 2022 17:21:53

